[2025-10-20T23:29:15.346+0000] {processor.py:161} INFO - Started process (PID=39) to work on /opt/airflow/dags/dag_traer_csv.py
[2025-10-20T23:29:15.346+0000] {processor.py:830} INFO - Processing file /opt/airflow/dags/dag_traer_csv.py for tasks to queue
[2025-10-20T23:29:15.347+0000] {logging_mixin.py:188} INFO - [2025-10-20T23:29:15.347+0000] {dagbag.py:540} INFO - Filling up the DagBag from /opt/airflow/dags/dag_traer_csv.py
[2025-10-20T23:29:15.350+0000] {logging_mixin.py:188} INFO - [2025-10-20T23:29:15.349+0000] {dagbag.py:350} ERROR - Failed to import: /opt/airflow/dags/dag_traer_csv.py
Traceback (most recent call last):
  File "/home/airflow/.local/lib/python3.10/site-packages/airflow/models/dagbag.py", line 346, in parse
    loader.exec_module(new_module)
  File "<frozen importlib._bootstrap_external>", line 883, in exec_module
  File "<frozen importlib._bootstrap>", line 241, in _call_with_frames_removed
  File "/opt/airflow/dags/dag_traer_csv.py", line 2, in <module>
    from playwright.sync_api import sync_playwright, expect
ModuleNotFoundError: No module named 'playwright'
[2025-10-20T23:29:15.350+0000] {processor.py:842} WARNING - No viable dags retrieved from /opt/airflow/dags/dag_traer_csv.py
[2025-10-20T23:29:15.362+0000] {processor.py:183} INFO - Processing /opt/airflow/dags/dag_traer_csv.py took 0.018 seconds
[2025-10-20T23:29:45.467+0000] {processor.py:161} INFO - Started process (PID=71) to work on /opt/airflow/dags/dag_traer_csv.py
[2025-10-20T23:29:45.468+0000] {processor.py:830} INFO - Processing file /opt/airflow/dags/dag_traer_csv.py for tasks to queue
[2025-10-20T23:29:45.469+0000] {logging_mixin.py:188} INFO - [2025-10-20T23:29:45.469+0000] {dagbag.py:540} INFO - Filling up the DagBag from /opt/airflow/dags/dag_traer_csv.py
[2025-10-20T23:29:45.471+0000] {logging_mixin.py:188} INFO - [2025-10-20T23:29:45.471+0000] {dagbag.py:350} ERROR - Failed to import: /opt/airflow/dags/dag_traer_csv.py
Traceback (most recent call last):
  File "/home/airflow/.local/lib/python3.10/site-packages/airflow/models/dagbag.py", line 346, in parse
    loader.exec_module(new_module)
  File "<frozen importlib._bootstrap_external>", line 883, in exec_module
  File "<frozen importlib._bootstrap>", line 241, in _call_with_frames_removed
  File "/opt/airflow/dags/dag_traer_csv.py", line 2, in <module>
    from playwright.sync_api import sync_playwright, expect
ModuleNotFoundError: No module named 'playwright'
[2025-10-20T23:29:45.471+0000] {processor.py:842} WARNING - No viable dags retrieved from /opt/airflow/dags/dag_traer_csv.py
[2025-10-20T23:29:45.482+0000] {processor.py:183} INFO - Processing /opt/airflow/dags/dag_traer_csv.py took 0.017 seconds
[2025-10-20T23:30:15.603+0000] {processor.py:161} INFO - Started process (PID=79) to work on /opt/airflow/dags/dag_traer_csv.py
[2025-10-20T23:30:15.604+0000] {processor.py:830} INFO - Processing file /opt/airflow/dags/dag_traer_csv.py for tasks to queue
[2025-10-20T23:30:15.605+0000] {logging_mixin.py:188} INFO - [2025-10-20T23:30:15.605+0000] {dagbag.py:540} INFO - Filling up the DagBag from /opt/airflow/dags/dag_traer_csv.py
[2025-10-20T23:30:15.607+0000] {logging_mixin.py:188} INFO - [2025-10-20T23:30:15.606+0000] {dagbag.py:350} ERROR - Failed to import: /opt/airflow/dags/dag_traer_csv.py
Traceback (most recent call last):
  File "/home/airflow/.local/lib/python3.10/site-packages/airflow/models/dagbag.py", line 346, in parse
    loader.exec_module(new_module)
  File "<frozen importlib._bootstrap_external>", line 883, in exec_module
  File "<frozen importlib._bootstrap>", line 241, in _call_with_frames_removed
  File "/opt/airflow/dags/dag_traer_csv.py", line 2, in <module>
    from playwright.sync_api import sync_playwright, expect
ModuleNotFoundError: No module named 'playwright'
[2025-10-20T23:30:15.607+0000] {processor.py:842} WARNING - No viable dags retrieved from /opt/airflow/dags/dag_traer_csv.py
[2025-10-20T23:30:15.618+0000] {processor.py:183} INFO - Processing /opt/airflow/dags/dag_traer_csv.py took 0.017 seconds
[2025-10-20T23:30:45.738+0000] {processor.py:161} INFO - Started process (PID=87) to work on /opt/airflow/dags/dag_traer_csv.py
[2025-10-20T23:30:45.739+0000] {processor.py:830} INFO - Processing file /opt/airflow/dags/dag_traer_csv.py for tasks to queue
[2025-10-20T23:30:45.740+0000] {logging_mixin.py:188} INFO - [2025-10-20T23:30:45.740+0000] {dagbag.py:540} INFO - Filling up the DagBag from /opt/airflow/dags/dag_traer_csv.py
[2025-10-20T23:30:45.742+0000] {logging_mixin.py:188} INFO - [2025-10-20T23:30:45.742+0000] {dagbag.py:350} ERROR - Failed to import: /opt/airflow/dags/dag_traer_csv.py
Traceback (most recent call last):
  File "/home/airflow/.local/lib/python3.10/site-packages/airflow/models/dagbag.py", line 346, in parse
    loader.exec_module(new_module)
  File "<frozen importlib._bootstrap_external>", line 883, in exec_module
  File "<frozen importlib._bootstrap>", line 241, in _call_with_frames_removed
  File "/opt/airflow/dags/dag_traer_csv.py", line 2, in <module>
    from playwright.sync_api import sync_playwright, expect
ModuleNotFoundError: No module named 'playwright'
[2025-10-20T23:30:45.742+0000] {processor.py:842} WARNING - No viable dags retrieved from /opt/airflow/dags/dag_traer_csv.py
[2025-10-20T23:30:45.753+0000] {processor.py:183} INFO - Processing /opt/airflow/dags/dag_traer_csv.py took 0.017 seconds
[2025-10-20T23:31:15.872+0000] {processor.py:161} INFO - Started process (PID=95) to work on /opt/airflow/dags/dag_traer_csv.py
[2025-10-20T23:31:15.873+0000] {processor.py:830} INFO - Processing file /opt/airflow/dags/dag_traer_csv.py for tasks to queue
[2025-10-20T23:31:15.874+0000] {logging_mixin.py:188} INFO - [2025-10-20T23:31:15.873+0000] {dagbag.py:540} INFO - Filling up the DagBag from /opt/airflow/dags/dag_traer_csv.py
[2025-10-20T23:31:15.876+0000] {logging_mixin.py:188} INFO - [2025-10-20T23:31:15.875+0000] {dagbag.py:350} ERROR - Failed to import: /opt/airflow/dags/dag_traer_csv.py
Traceback (most recent call last):
  File "/home/airflow/.local/lib/python3.10/site-packages/airflow/models/dagbag.py", line 346, in parse
    loader.exec_module(new_module)
  File "<frozen importlib._bootstrap_external>", line 883, in exec_module
  File "<frozen importlib._bootstrap>", line 241, in _call_with_frames_removed
  File "/opt/airflow/dags/dag_traer_csv.py", line 2, in <module>
    from playwright.sync_api import sync_playwright, expect
ModuleNotFoundError: No module named 'playwright'
[2025-10-20T23:31:15.876+0000] {processor.py:842} WARNING - No viable dags retrieved from /opt/airflow/dags/dag_traer_csv.py
[2025-10-20T23:31:15.887+0000] {processor.py:183} INFO - Processing /opt/airflow/dags/dag_traer_csv.py took 0.017 seconds
[2025-10-20T23:31:46.005+0000] {processor.py:161} INFO - Started process (PID=103) to work on /opt/airflow/dags/dag_traer_csv.py
[2025-10-20T23:31:46.006+0000] {processor.py:830} INFO - Processing file /opt/airflow/dags/dag_traer_csv.py for tasks to queue
[2025-10-20T23:31:46.007+0000] {logging_mixin.py:188} INFO - [2025-10-20T23:31:46.007+0000] {dagbag.py:540} INFO - Filling up the DagBag from /opt/airflow/dags/dag_traer_csv.py
[2025-10-20T23:31:46.009+0000] {logging_mixin.py:188} INFO - [2025-10-20T23:31:46.009+0000] {dagbag.py:350} ERROR - Failed to import: /opt/airflow/dags/dag_traer_csv.py
Traceback (most recent call last):
  File "/home/airflow/.local/lib/python3.10/site-packages/airflow/models/dagbag.py", line 346, in parse
    loader.exec_module(new_module)
  File "<frozen importlib._bootstrap_external>", line 883, in exec_module
  File "<frozen importlib._bootstrap>", line 241, in _call_with_frames_removed
  File "/opt/airflow/dags/dag_traer_csv.py", line 2, in <module>
    from playwright.sync_api import sync_playwright, expect
ModuleNotFoundError: No module named 'playwright'
[2025-10-20T23:31:46.009+0000] {processor.py:842} WARNING - No viable dags retrieved from /opt/airflow/dags/dag_traer_csv.py
[2025-10-20T23:31:46.021+0000] {processor.py:183} INFO - Processing /opt/airflow/dags/dag_traer_csv.py took 0.017 seconds
[2025-10-20T23:32:16.141+0000] {processor.py:161} INFO - Started process (PID=111) to work on /opt/airflow/dags/dag_traer_csv.py
[2025-10-20T23:32:16.141+0000] {processor.py:830} INFO - Processing file /opt/airflow/dags/dag_traer_csv.py for tasks to queue
[2025-10-20T23:32:16.142+0000] {logging_mixin.py:188} INFO - [2025-10-20T23:32:16.142+0000] {dagbag.py:540} INFO - Filling up the DagBag from /opt/airflow/dags/dag_traer_csv.py
[2025-10-20T23:32:16.144+0000] {logging_mixin.py:188} INFO - [2025-10-20T23:32:16.144+0000] {dagbag.py:350} ERROR - Failed to import: /opt/airflow/dags/dag_traer_csv.py
Traceback (most recent call last):
  File "/home/airflow/.local/lib/python3.10/site-packages/airflow/models/dagbag.py", line 346, in parse
    loader.exec_module(new_module)
  File "<frozen importlib._bootstrap_external>", line 883, in exec_module
  File "<frozen importlib._bootstrap>", line 241, in _call_with_frames_removed
  File "/opt/airflow/dags/dag_traer_csv.py", line 2, in <module>
    from playwright.sync_api import sync_playwright, expect
ModuleNotFoundError: No module named 'playwright'
[2025-10-20T23:32:16.144+0000] {processor.py:842} WARNING - No viable dags retrieved from /opt/airflow/dags/dag_traer_csv.py
[2025-10-20T23:32:16.156+0000] {processor.py:183} INFO - Processing /opt/airflow/dags/dag_traer_csv.py took 0.017 seconds
[2025-10-20T23:32:46.272+0000] {processor.py:161} INFO - Started process (PID=119) to work on /opt/airflow/dags/dag_traer_csv.py
[2025-10-20T23:32:46.273+0000] {processor.py:830} INFO - Processing file /opt/airflow/dags/dag_traer_csv.py for tasks to queue
[2025-10-20T23:32:46.274+0000] {logging_mixin.py:188} INFO - [2025-10-20T23:32:46.274+0000] {dagbag.py:540} INFO - Filling up the DagBag from /opt/airflow/dags/dag_traer_csv.py
[2025-10-20T23:32:46.276+0000] {logging_mixin.py:188} INFO - [2025-10-20T23:32:46.276+0000] {dagbag.py:350} ERROR - Failed to import: /opt/airflow/dags/dag_traer_csv.py
Traceback (most recent call last):
  File "/home/airflow/.local/lib/python3.10/site-packages/airflow/models/dagbag.py", line 346, in parse
    loader.exec_module(new_module)
  File "<frozen importlib._bootstrap_external>", line 883, in exec_module
  File "<frozen importlib._bootstrap>", line 241, in _call_with_frames_removed
  File "/opt/airflow/dags/dag_traer_csv.py", line 2, in <module>
    from playwright.sync_api import sync_playwright, expect
ModuleNotFoundError: No module named 'playwright'
[2025-10-20T23:32:46.277+0000] {processor.py:842} WARNING - No viable dags retrieved from /opt/airflow/dags/dag_traer_csv.py
[2025-10-20T23:32:46.287+0000] {processor.py:183} INFO - Processing /opt/airflow/dags/dag_traer_csv.py took 0.017 seconds
[2025-10-20T23:33:16.407+0000] {processor.py:161} INFO - Started process (PID=127) to work on /opt/airflow/dags/dag_traer_csv.py
[2025-10-20T23:33:16.408+0000] {processor.py:830} INFO - Processing file /opt/airflow/dags/dag_traer_csv.py for tasks to queue
[2025-10-20T23:33:16.409+0000] {logging_mixin.py:188} INFO - [2025-10-20T23:33:16.409+0000] {dagbag.py:540} INFO - Filling up the DagBag from /opt/airflow/dags/dag_traer_csv.py
[2025-10-20T23:33:16.411+0000] {logging_mixin.py:188} INFO - [2025-10-20T23:33:16.410+0000] {dagbag.py:350} ERROR - Failed to import: /opt/airflow/dags/dag_traer_csv.py
Traceback (most recent call last):
  File "/home/airflow/.local/lib/python3.10/site-packages/airflow/models/dagbag.py", line 346, in parse
    loader.exec_module(new_module)
  File "<frozen importlib._bootstrap_external>", line 883, in exec_module
  File "<frozen importlib._bootstrap>", line 241, in _call_with_frames_removed
  File "/opt/airflow/dags/dag_traer_csv.py", line 2, in <module>
    from playwright.sync_api import sync_playwright, expect
ModuleNotFoundError: No module named 'playwright'
[2025-10-20T23:33:16.411+0000] {processor.py:842} WARNING - No viable dags retrieved from /opt/airflow/dags/dag_traer_csv.py
[2025-10-20T23:33:16.422+0000] {processor.py:183} INFO - Processing /opt/airflow/dags/dag_traer_csv.py took 0.017 seconds
[2025-10-20T23:33:46.540+0000] {processor.py:161} INFO - Started process (PID=135) to work on /opt/airflow/dags/dag_traer_csv.py
[2025-10-20T23:33:46.541+0000] {processor.py:830} INFO - Processing file /opt/airflow/dags/dag_traer_csv.py for tasks to queue
[2025-10-20T23:33:46.542+0000] {logging_mixin.py:188} INFO - [2025-10-20T23:33:46.542+0000] {dagbag.py:540} INFO - Filling up the DagBag from /opt/airflow/dags/dag_traer_csv.py
[2025-10-20T23:33:46.544+0000] {logging_mixin.py:188} INFO - [2025-10-20T23:33:46.543+0000] {dagbag.py:350} ERROR - Failed to import: /opt/airflow/dags/dag_traer_csv.py
Traceback (most recent call last):
  File "/home/airflow/.local/lib/python3.10/site-packages/airflow/models/dagbag.py", line 346, in parse
    loader.exec_module(new_module)
  File "<frozen importlib._bootstrap_external>", line 883, in exec_module
  File "<frozen importlib._bootstrap>", line 241, in _call_with_frames_removed
  File "/opt/airflow/dags/dag_traer_csv.py", line 2, in <module>
    from playwright.sync_api import sync_playwright, expect
ModuleNotFoundError: No module named 'playwright'
[2025-10-20T23:33:46.544+0000] {processor.py:842} WARNING - No viable dags retrieved from /opt/airflow/dags/dag_traer_csv.py
[2025-10-20T23:33:46.555+0000] {processor.py:183} INFO - Processing /opt/airflow/dags/dag_traer_csv.py took 0.017 seconds
[2025-10-20T23:34:16.680+0000] {processor.py:161} INFO - Started process (PID=143) to work on /opt/airflow/dags/dag_traer_csv.py
[2025-10-20T23:34:16.681+0000] {processor.py:830} INFO - Processing file /opt/airflow/dags/dag_traer_csv.py for tasks to queue
[2025-10-20T23:34:16.682+0000] {logging_mixin.py:188} INFO - [2025-10-20T23:34:16.682+0000] {dagbag.py:540} INFO - Filling up the DagBag from /opt/airflow/dags/dag_traer_csv.py
[2025-10-20T23:34:16.684+0000] {logging_mixin.py:188} INFO - [2025-10-20T23:34:16.683+0000] {dagbag.py:350} ERROR - Failed to import: /opt/airflow/dags/dag_traer_csv.py
Traceback (most recent call last):
  File "/home/airflow/.local/lib/python3.10/site-packages/airflow/models/dagbag.py", line 346, in parse
    loader.exec_module(new_module)
  File "<frozen importlib._bootstrap_external>", line 883, in exec_module
  File "<frozen importlib._bootstrap>", line 241, in _call_with_frames_removed
  File "/opt/airflow/dags/dag_traer_csv.py", line 2, in <module>
    from playwright.sync_api import sync_playwright, expect
ModuleNotFoundError: No module named 'playwright'
[2025-10-20T23:34:16.684+0000] {processor.py:842} WARNING - No viable dags retrieved from /opt/airflow/dags/dag_traer_csv.py
[2025-10-20T23:34:16.695+0000] {processor.py:183} INFO - Processing /opt/airflow/dags/dag_traer_csv.py took 0.017 seconds
[2025-10-20T23:34:46.790+0000] {processor.py:161} INFO - Started process (PID=151) to work on /opt/airflow/dags/dag_traer_csv.py
[2025-10-20T23:34:46.791+0000] {processor.py:830} INFO - Processing file /opt/airflow/dags/dag_traer_csv.py for tasks to queue
[2025-10-20T23:34:46.792+0000] {logging_mixin.py:188} INFO - [2025-10-20T23:34:46.792+0000] {dagbag.py:540} INFO - Filling up the DagBag from /opt/airflow/dags/dag_traer_csv.py
[2025-10-20T23:34:46.794+0000] {logging_mixin.py:188} INFO - [2025-10-20T23:34:46.794+0000] {dagbag.py:350} ERROR - Failed to import: /opt/airflow/dags/dag_traer_csv.py
Traceback (most recent call last):
  File "/home/airflow/.local/lib/python3.10/site-packages/airflow/models/dagbag.py", line 346, in parse
    loader.exec_module(new_module)
  File "<frozen importlib._bootstrap_external>", line 883, in exec_module
  File "<frozen importlib._bootstrap>", line 241, in _call_with_frames_removed
  File "/opt/airflow/dags/dag_traer_csv.py", line 2, in <module>
    from playwright.sync_api import sync_playwright, expect
ModuleNotFoundError: No module named 'playwright'
[2025-10-20T23:34:46.795+0000] {processor.py:842} WARNING - No viable dags retrieved from /opt/airflow/dags/dag_traer_csv.py
[2025-10-20T23:34:46.806+0000] {processor.py:183} INFO - Processing /opt/airflow/dags/dag_traer_csv.py took 0.018 seconds
[2025-10-20T23:35:16.898+0000] {processor.py:161} INFO - Started process (PID=159) to work on /opt/airflow/dags/dag_traer_csv.py
[2025-10-20T23:35:16.898+0000] {processor.py:830} INFO - Processing file /opt/airflow/dags/dag_traer_csv.py for tasks to queue
[2025-10-20T23:35:16.899+0000] {logging_mixin.py:188} INFO - [2025-10-20T23:35:16.899+0000] {dagbag.py:540} INFO - Filling up the DagBag from /opt/airflow/dags/dag_traer_csv.py
[2025-10-20T23:35:16.901+0000] {logging_mixin.py:188} INFO - [2025-10-20T23:35:16.901+0000] {dagbag.py:350} ERROR - Failed to import: /opt/airflow/dags/dag_traer_csv.py
Traceback (most recent call last):
  File "/home/airflow/.local/lib/python3.10/site-packages/airflow/models/dagbag.py", line 346, in parse
    loader.exec_module(new_module)
  File "<frozen importlib._bootstrap_external>", line 883, in exec_module
  File "<frozen importlib._bootstrap>", line 241, in _call_with_frames_removed
  File "/opt/airflow/dags/dag_traer_csv.py", line 2, in <module>
    from playwright.sync_api import sync_playwright, expect
ModuleNotFoundError: No module named 'playwright'
[2025-10-20T23:35:16.901+0000] {processor.py:842} WARNING - No viable dags retrieved from /opt/airflow/dags/dag_traer_csv.py
[2025-10-20T23:35:16.912+0000] {processor.py:183} INFO - Processing /opt/airflow/dags/dag_traer_csv.py took 0.016 seconds
[2025-10-20T23:35:47.034+0000] {processor.py:161} INFO - Started process (PID=167) to work on /opt/airflow/dags/dag_traer_csv.py
[2025-10-20T23:35:47.035+0000] {processor.py:830} INFO - Processing file /opt/airflow/dags/dag_traer_csv.py for tasks to queue
[2025-10-20T23:35:47.036+0000] {logging_mixin.py:188} INFO - [2025-10-20T23:35:47.036+0000] {dagbag.py:540} INFO - Filling up the DagBag from /opt/airflow/dags/dag_traer_csv.py
[2025-10-20T23:35:47.039+0000] {logging_mixin.py:188} INFO - [2025-10-20T23:35:47.038+0000] {dagbag.py:350} ERROR - Failed to import: /opt/airflow/dags/dag_traer_csv.py
Traceback (most recent call last):
  File "/home/airflow/.local/lib/python3.10/site-packages/airflow/models/dagbag.py", line 346, in parse
    loader.exec_module(new_module)
  File "<frozen importlib._bootstrap_external>", line 883, in exec_module
  File "<frozen importlib._bootstrap>", line 241, in _call_with_frames_removed
  File "/opt/airflow/dags/dag_traer_csv.py", line 2, in <module>
    from playwright.sync_api import sync_playwright, expect
ModuleNotFoundError: No module named 'playwright'
[2025-10-20T23:35:47.039+0000] {processor.py:842} WARNING - No viable dags retrieved from /opt/airflow/dags/dag_traer_csv.py
[2025-10-20T23:35:47.050+0000] {processor.py:183} INFO - Processing /opt/airflow/dags/dag_traer_csv.py took 0.017 seconds
[2025-10-20T23:36:17.166+0000] {processor.py:161} INFO - Started process (PID=175) to work on /opt/airflow/dags/dag_traer_csv.py
[2025-10-20T23:36:17.166+0000] {processor.py:830} INFO - Processing file /opt/airflow/dags/dag_traer_csv.py for tasks to queue
[2025-10-20T23:36:17.167+0000] {logging_mixin.py:188} INFO - [2025-10-20T23:36:17.167+0000] {dagbag.py:540} INFO - Filling up the DagBag from /opt/airflow/dags/dag_traer_csv.py
[2025-10-20T23:36:17.169+0000] {logging_mixin.py:188} INFO - [2025-10-20T23:36:17.169+0000] {dagbag.py:350} ERROR - Failed to import: /opt/airflow/dags/dag_traer_csv.py
Traceback (most recent call last):
  File "/home/airflow/.local/lib/python3.10/site-packages/airflow/models/dagbag.py", line 346, in parse
    loader.exec_module(new_module)
  File "<frozen importlib._bootstrap_external>", line 883, in exec_module
  File "<frozen importlib._bootstrap>", line 241, in _call_with_frames_removed
  File "/opt/airflow/dags/dag_traer_csv.py", line 2, in <module>
    from playwright.sync_api import sync_playwright, expect
ModuleNotFoundError: No module named 'playwright'
[2025-10-20T23:36:17.170+0000] {processor.py:842} WARNING - No viable dags retrieved from /opt/airflow/dags/dag_traer_csv.py
[2025-10-20T23:36:17.181+0000] {processor.py:183} INFO - Processing /opt/airflow/dags/dag_traer_csv.py took 0.017 seconds
[2025-10-20T23:36:47.299+0000] {processor.py:161} INFO - Started process (PID=183) to work on /opt/airflow/dags/dag_traer_csv.py
[2025-10-20T23:36:47.300+0000] {processor.py:830} INFO - Processing file /opt/airflow/dags/dag_traer_csv.py for tasks to queue
[2025-10-20T23:36:47.301+0000] {logging_mixin.py:188} INFO - [2025-10-20T23:36:47.301+0000] {dagbag.py:540} INFO - Filling up the DagBag from /opt/airflow/dags/dag_traer_csv.py
[2025-10-20T23:36:47.303+0000] {logging_mixin.py:188} INFO - [2025-10-20T23:36:47.302+0000] {dagbag.py:350} ERROR - Failed to import: /opt/airflow/dags/dag_traer_csv.py
Traceback (most recent call last):
  File "/home/airflow/.local/lib/python3.10/site-packages/airflow/models/dagbag.py", line 346, in parse
    loader.exec_module(new_module)
  File "<frozen importlib._bootstrap_external>", line 883, in exec_module
  File "<frozen importlib._bootstrap>", line 241, in _call_with_frames_removed
  File "/opt/airflow/dags/dag_traer_csv.py", line 2, in <module>
    from playwright.sync_api import sync_playwright, expect
ModuleNotFoundError: No module named 'playwright'
[2025-10-20T23:36:47.303+0000] {processor.py:842} WARNING - No viable dags retrieved from /opt/airflow/dags/dag_traer_csv.py
[2025-10-20T23:36:47.313+0000] {processor.py:183} INFO - Processing /opt/airflow/dags/dag_traer_csv.py took 0.017 seconds
[2025-10-20T23:37:17.431+0000] {processor.py:161} INFO - Started process (PID=191) to work on /opt/airflow/dags/dag_traer_csv.py
[2025-10-20T23:37:17.431+0000] {processor.py:830} INFO - Processing file /opt/airflow/dags/dag_traer_csv.py for tasks to queue
[2025-10-20T23:37:17.432+0000] {logging_mixin.py:188} INFO - [2025-10-20T23:37:17.432+0000] {dagbag.py:540} INFO - Filling up the DagBag from /opt/airflow/dags/dag_traer_csv.py
[2025-10-20T23:37:17.434+0000] {logging_mixin.py:188} INFO - [2025-10-20T23:37:17.434+0000] {dagbag.py:350} ERROR - Failed to import: /opt/airflow/dags/dag_traer_csv.py
Traceback (most recent call last):
  File "/home/airflow/.local/lib/python3.10/site-packages/airflow/models/dagbag.py", line 346, in parse
    loader.exec_module(new_module)
  File "<frozen importlib._bootstrap_external>", line 883, in exec_module
  File "<frozen importlib._bootstrap>", line 241, in _call_with_frames_removed
  File "/opt/airflow/dags/dag_traer_csv.py", line 2, in <module>
    from playwright.sync_api import sync_playwright, expect
ModuleNotFoundError: No module named 'playwright'
[2025-10-20T23:37:17.434+0000] {processor.py:842} WARNING - No viable dags retrieved from /opt/airflow/dags/dag_traer_csv.py
[2025-10-20T23:37:17.445+0000] {processor.py:183} INFO - Processing /opt/airflow/dags/dag_traer_csv.py took 0.016 seconds
[2025-10-20T23:37:47.554+0000] {processor.py:161} INFO - Started process (PID=199) to work on /opt/airflow/dags/dag_traer_csv.py
[2025-10-20T23:37:47.555+0000] {processor.py:830} INFO - Processing file /opt/airflow/dags/dag_traer_csv.py for tasks to queue
[2025-10-20T23:37:47.556+0000] {logging_mixin.py:188} INFO - [2025-10-20T23:37:47.556+0000] {dagbag.py:540} INFO - Filling up the DagBag from /opt/airflow/dags/dag_traer_csv.py
[2025-10-20T23:37:47.558+0000] {logging_mixin.py:188} INFO - [2025-10-20T23:37:47.557+0000] {dagbag.py:350} ERROR - Failed to import: /opt/airflow/dags/dag_traer_csv.py
Traceback (most recent call last):
  File "/home/airflow/.local/lib/python3.10/site-packages/airflow/models/dagbag.py", line 346, in parse
    loader.exec_module(new_module)
  File "<frozen importlib._bootstrap_external>", line 883, in exec_module
  File "<frozen importlib._bootstrap>", line 241, in _call_with_frames_removed
  File "/opt/airflow/dags/dag_traer_csv.py", line 2, in <module>
    from playwright.sync_api import sync_playwright, expect
ModuleNotFoundError: No module named 'playwright'
[2025-10-20T23:37:47.558+0000] {processor.py:842} WARNING - No viable dags retrieved from /opt/airflow/dags/dag_traer_csv.py
[2025-10-20T23:37:47.568+0000] {processor.py:183} INFO - Processing /opt/airflow/dags/dag_traer_csv.py took 0.016 seconds
[2025-10-20T23:38:17.681+0000] {processor.py:161} INFO - Started process (PID=207) to work on /opt/airflow/dags/dag_traer_csv.py
[2025-10-20T23:38:17.682+0000] {processor.py:830} INFO - Processing file /opt/airflow/dags/dag_traer_csv.py for tasks to queue
[2025-10-20T23:38:17.683+0000] {logging_mixin.py:188} INFO - [2025-10-20T23:38:17.683+0000] {dagbag.py:540} INFO - Filling up the DagBag from /opt/airflow/dags/dag_traer_csv.py
[2025-10-20T23:38:17.685+0000] {logging_mixin.py:188} INFO - [2025-10-20T23:38:17.685+0000] {dagbag.py:350} ERROR - Failed to import: /opt/airflow/dags/dag_traer_csv.py
Traceback (most recent call last):
  File "/home/airflow/.local/lib/python3.10/site-packages/airflow/models/dagbag.py", line 346, in parse
    loader.exec_module(new_module)
  File "<frozen importlib._bootstrap_external>", line 883, in exec_module
  File "<frozen importlib._bootstrap>", line 241, in _call_with_frames_removed
  File "/opt/airflow/dags/dag_traer_csv.py", line 2, in <module>
    from playwright.sync_api import sync_playwright, expect
ModuleNotFoundError: No module named 'playwright'
[2025-10-20T23:38:17.685+0000] {processor.py:842} WARNING - No viable dags retrieved from /opt/airflow/dags/dag_traer_csv.py
[2025-10-20T23:38:17.696+0000] {processor.py:183} INFO - Processing /opt/airflow/dags/dag_traer_csv.py took 0.018 seconds
[2025-10-20T23:38:47.806+0000] {processor.py:161} INFO - Started process (PID=215) to work on /opt/airflow/dags/dag_traer_csv.py
[2025-10-20T23:38:47.807+0000] {processor.py:830} INFO - Processing file /opt/airflow/dags/dag_traer_csv.py for tasks to queue
[2025-10-20T23:38:47.808+0000] {logging_mixin.py:188} INFO - [2025-10-20T23:38:47.808+0000] {dagbag.py:540} INFO - Filling up the DagBag from /opt/airflow/dags/dag_traer_csv.py
[2025-10-20T23:38:47.810+0000] {logging_mixin.py:188} INFO - [2025-10-20T23:38:47.810+0000] {dagbag.py:350} ERROR - Failed to import: /opt/airflow/dags/dag_traer_csv.py
Traceback (most recent call last):
  File "/home/airflow/.local/lib/python3.10/site-packages/airflow/models/dagbag.py", line 346, in parse
    loader.exec_module(new_module)
  File "<frozen importlib._bootstrap_external>", line 883, in exec_module
  File "<frozen importlib._bootstrap>", line 241, in _call_with_frames_removed
  File "/opt/airflow/dags/dag_traer_csv.py", line 2, in <module>
    from playwright.sync_api import sync_playwright, expect
ModuleNotFoundError: No module named 'playwright'
[2025-10-20T23:38:47.811+0000] {processor.py:842} WARNING - No viable dags retrieved from /opt/airflow/dags/dag_traer_csv.py
[2025-10-20T23:38:47.822+0000] {processor.py:183} INFO - Processing /opt/airflow/dags/dag_traer_csv.py took 0.018 seconds
[2025-10-20T23:39:17.944+0000] {processor.py:161} INFO - Started process (PID=223) to work on /opt/airflow/dags/dag_traer_csv.py
[2025-10-20T23:39:17.944+0000] {processor.py:830} INFO - Processing file /opt/airflow/dags/dag_traer_csv.py for tasks to queue
[2025-10-20T23:39:17.945+0000] {logging_mixin.py:188} INFO - [2025-10-20T23:39:17.945+0000] {dagbag.py:540} INFO - Filling up the DagBag from /opt/airflow/dags/dag_traer_csv.py
[2025-10-20T23:39:17.947+0000] {logging_mixin.py:188} INFO - [2025-10-20T23:39:17.947+0000] {dagbag.py:350} ERROR - Failed to import: /opt/airflow/dags/dag_traer_csv.py
Traceback (most recent call last):
  File "/home/airflow/.local/lib/python3.10/site-packages/airflow/models/dagbag.py", line 346, in parse
    loader.exec_module(new_module)
  File "<frozen importlib._bootstrap_external>", line 883, in exec_module
  File "<frozen importlib._bootstrap>", line 241, in _call_with_frames_removed
  File "/opt/airflow/dags/dag_traer_csv.py", line 2, in <module>
    from playwright.sync_api import sync_playwright, expect
ModuleNotFoundError: No module named 'playwright'
[2025-10-20T23:39:17.948+0000] {processor.py:842} WARNING - No viable dags retrieved from /opt/airflow/dags/dag_traer_csv.py
[2025-10-20T23:39:17.958+0000] {processor.py:183} INFO - Processing /opt/airflow/dags/dag_traer_csv.py took 0.016 seconds
[2025-10-20T23:39:48.073+0000] {processor.py:161} INFO - Started process (PID=231) to work on /opt/airflow/dags/dag_traer_csv.py
[2025-10-20T23:39:48.074+0000] {processor.py:830} INFO - Processing file /opt/airflow/dags/dag_traer_csv.py for tasks to queue
[2025-10-20T23:39:48.075+0000] {logging_mixin.py:188} INFO - [2025-10-20T23:39:48.075+0000] {dagbag.py:540} INFO - Filling up the DagBag from /opt/airflow/dags/dag_traer_csv.py
[2025-10-20T23:39:48.078+0000] {logging_mixin.py:188} INFO - [2025-10-20T23:39:48.077+0000] {dagbag.py:350} ERROR - Failed to import: /opt/airflow/dags/dag_traer_csv.py
Traceback (most recent call last):
  File "/home/airflow/.local/lib/python3.10/site-packages/airflow/models/dagbag.py", line 346, in parse
    loader.exec_module(new_module)
  File "<frozen importlib._bootstrap_external>", line 883, in exec_module
  File "<frozen importlib._bootstrap>", line 241, in _call_with_frames_removed
  File "/opt/airflow/dags/dag_traer_csv.py", line 2, in <module>
    from playwright.sync_api import sync_playwright, expect
ModuleNotFoundError: No module named 'playwright'
[2025-10-20T23:39:48.078+0000] {processor.py:842} WARNING - No viable dags retrieved from /opt/airflow/dags/dag_traer_csv.py
[2025-10-20T23:39:48.089+0000] {processor.py:183} INFO - Processing /opt/airflow/dags/dag_traer_csv.py took 0.017 seconds
[2025-10-20T23:40:18.212+0000] {processor.py:161} INFO - Started process (PID=239) to work on /opt/airflow/dags/dag_traer_csv.py
[2025-10-20T23:40:18.212+0000] {processor.py:830} INFO - Processing file /opt/airflow/dags/dag_traer_csv.py for tasks to queue
[2025-10-20T23:40:18.213+0000] {logging_mixin.py:188} INFO - [2025-10-20T23:40:18.213+0000] {dagbag.py:540} INFO - Filling up the DagBag from /opt/airflow/dags/dag_traer_csv.py
[2025-10-20T23:40:18.216+0000] {logging_mixin.py:188} INFO - [2025-10-20T23:40:18.215+0000] {dagbag.py:350} ERROR - Failed to import: /opt/airflow/dags/dag_traer_csv.py
Traceback (most recent call last):
  File "/home/airflow/.local/lib/python3.10/site-packages/airflow/models/dagbag.py", line 346, in parse
    loader.exec_module(new_module)
  File "<frozen importlib._bootstrap_external>", line 883, in exec_module
  File "<frozen importlib._bootstrap>", line 241, in _call_with_frames_removed
  File "/opt/airflow/dags/dag_traer_csv.py", line 2, in <module>
    from playwright.sync_api import sync_playwright, expect
ModuleNotFoundError: No module named 'playwright'
[2025-10-20T23:40:18.216+0000] {processor.py:842} WARNING - No viable dags retrieved from /opt/airflow/dags/dag_traer_csv.py
[2025-10-20T23:40:18.227+0000] {processor.py:183} INFO - Processing /opt/airflow/dags/dag_traer_csv.py took 0.017 seconds
[2025-10-20T23:40:48.341+0000] {processor.py:161} INFO - Started process (PID=247) to work on /opt/airflow/dags/dag_traer_csv.py
[2025-10-20T23:40:48.342+0000] {processor.py:830} INFO - Processing file /opt/airflow/dags/dag_traer_csv.py for tasks to queue
[2025-10-20T23:40:48.343+0000] {logging_mixin.py:188} INFO - [2025-10-20T23:40:48.343+0000] {dagbag.py:540} INFO - Filling up the DagBag from /opt/airflow/dags/dag_traer_csv.py
[2025-10-20T23:40:48.345+0000] {logging_mixin.py:188} INFO - [2025-10-20T23:40:48.345+0000] {dagbag.py:350} ERROR - Failed to import: /opt/airflow/dags/dag_traer_csv.py
Traceback (most recent call last):
  File "/home/airflow/.local/lib/python3.10/site-packages/airflow/models/dagbag.py", line 346, in parse
    loader.exec_module(new_module)
  File "<frozen importlib._bootstrap_external>", line 883, in exec_module
  File "<frozen importlib._bootstrap>", line 241, in _call_with_frames_removed
  File "/opt/airflow/dags/dag_traer_csv.py", line 2, in <module>
    from playwright.sync_api import sync_playwright, expect
ModuleNotFoundError: No module named 'playwright'
[2025-10-20T23:40:48.345+0000] {processor.py:842} WARNING - No viable dags retrieved from /opt/airflow/dags/dag_traer_csv.py
[2025-10-20T23:40:48.356+0000] {processor.py:183} INFO - Processing /opt/airflow/dags/dag_traer_csv.py took 0.017 seconds
[2025-10-20T23:41:18.481+0000] {processor.py:161} INFO - Started process (PID=255) to work on /opt/airflow/dags/dag_traer_csv.py
[2025-10-20T23:41:18.481+0000] {processor.py:830} INFO - Processing file /opt/airflow/dags/dag_traer_csv.py for tasks to queue
[2025-10-20T23:41:18.482+0000] {logging_mixin.py:188} INFO - [2025-10-20T23:41:18.482+0000] {dagbag.py:540} INFO - Filling up the DagBag from /opt/airflow/dags/dag_traer_csv.py
[2025-10-20T23:41:18.485+0000] {logging_mixin.py:188} INFO - [2025-10-20T23:41:18.484+0000] {dagbag.py:350} ERROR - Failed to import: /opt/airflow/dags/dag_traer_csv.py
Traceback (most recent call last):
  File "/home/airflow/.local/lib/python3.10/site-packages/airflow/models/dagbag.py", line 346, in parse
    loader.exec_module(new_module)
  File "<frozen importlib._bootstrap_external>", line 883, in exec_module
  File "<frozen importlib._bootstrap>", line 241, in _call_with_frames_removed
  File "/opt/airflow/dags/dag_traer_csv.py", line 2, in <module>
    from playwright.sync_api import sync_playwright, expect
ModuleNotFoundError: No module named 'playwright'
[2025-10-20T23:41:18.485+0000] {processor.py:842} WARNING - No viable dags retrieved from /opt/airflow/dags/dag_traer_csv.py
[2025-10-20T23:41:18.496+0000] {processor.py:183} INFO - Processing /opt/airflow/dags/dag_traer_csv.py took 0.017 seconds
[2025-10-20T23:41:48.614+0000] {processor.py:161} INFO - Started process (PID=263) to work on /opt/airflow/dags/dag_traer_csv.py
[2025-10-20T23:41:48.615+0000] {processor.py:830} INFO - Processing file /opt/airflow/dags/dag_traer_csv.py for tasks to queue
[2025-10-20T23:41:48.616+0000] {logging_mixin.py:188} INFO - [2025-10-20T23:41:48.615+0000] {dagbag.py:540} INFO - Filling up the DagBag from /opt/airflow/dags/dag_traer_csv.py
[2025-10-20T23:41:48.618+0000] {logging_mixin.py:188} INFO - [2025-10-20T23:41:48.617+0000] {dagbag.py:350} ERROR - Failed to import: /opt/airflow/dags/dag_traer_csv.py
Traceback (most recent call last):
  File "/home/airflow/.local/lib/python3.10/site-packages/airflow/models/dagbag.py", line 346, in parse
    loader.exec_module(new_module)
  File "<frozen importlib._bootstrap_external>", line 883, in exec_module
  File "<frozen importlib._bootstrap>", line 241, in _call_with_frames_removed
  File "/opt/airflow/dags/dag_traer_csv.py", line 2, in <module>
    from playwright.sync_api import sync_playwright, expect
ModuleNotFoundError: No module named 'playwright'
[2025-10-20T23:41:48.618+0000] {processor.py:842} WARNING - No viable dags retrieved from /opt/airflow/dags/dag_traer_csv.py
[2025-10-20T23:41:48.629+0000] {processor.py:183} INFO - Processing /opt/airflow/dags/dag_traer_csv.py took 0.017 seconds
[2025-10-20T23:42:18.753+0000] {processor.py:161} INFO - Started process (PID=271) to work on /opt/airflow/dags/dag_traer_csv.py
[2025-10-20T23:42:18.753+0000] {processor.py:830} INFO - Processing file /opt/airflow/dags/dag_traer_csv.py for tasks to queue
[2025-10-20T23:42:18.754+0000] {logging_mixin.py:188} INFO - [2025-10-20T23:42:18.754+0000] {dagbag.py:540} INFO - Filling up the DagBag from /opt/airflow/dags/dag_traer_csv.py
[2025-10-20T23:42:18.757+0000] {logging_mixin.py:188} INFO - [2025-10-20T23:42:18.756+0000] {dagbag.py:350} ERROR - Failed to import: /opt/airflow/dags/dag_traer_csv.py
Traceback (most recent call last):
  File "/home/airflow/.local/lib/python3.10/site-packages/airflow/models/dagbag.py", line 346, in parse
    loader.exec_module(new_module)
  File "<frozen importlib._bootstrap_external>", line 883, in exec_module
  File "<frozen importlib._bootstrap>", line 241, in _call_with_frames_removed
  File "/opt/airflow/dags/dag_traer_csv.py", line 2, in <module>
    from playwright.sync_api import sync_playwright, expect
ModuleNotFoundError: No module named 'playwright'
[2025-10-20T23:42:18.757+0000] {processor.py:842} WARNING - No viable dags retrieved from /opt/airflow/dags/dag_traer_csv.py
[2025-10-20T23:42:18.768+0000] {processor.py:183} INFO - Processing /opt/airflow/dags/dag_traer_csv.py took 0.017 seconds
[2025-10-20T23:42:48.885+0000] {processor.py:161} INFO - Started process (PID=279) to work on /opt/airflow/dags/dag_traer_csv.py
[2025-10-20T23:42:48.886+0000] {processor.py:830} INFO - Processing file /opt/airflow/dags/dag_traer_csv.py for tasks to queue
[2025-10-20T23:42:48.887+0000] {logging_mixin.py:188} INFO - [2025-10-20T23:42:48.886+0000] {dagbag.py:540} INFO - Filling up the DagBag from /opt/airflow/dags/dag_traer_csv.py
[2025-10-20T23:42:48.889+0000] {logging_mixin.py:188} INFO - [2025-10-20T23:42:48.888+0000] {dagbag.py:350} ERROR - Failed to import: /opt/airflow/dags/dag_traer_csv.py
Traceback (most recent call last):
  File "/home/airflow/.local/lib/python3.10/site-packages/airflow/models/dagbag.py", line 346, in parse
    loader.exec_module(new_module)
  File "<frozen importlib._bootstrap_external>", line 883, in exec_module
  File "<frozen importlib._bootstrap>", line 241, in _call_with_frames_removed
  File "/opt/airflow/dags/dag_traer_csv.py", line 2, in <module>
    from playwright.sync_api import sync_playwright, expect
ModuleNotFoundError: No module named 'playwright'
[2025-10-20T23:42:48.889+0000] {processor.py:842} WARNING - No viable dags retrieved from /opt/airflow/dags/dag_traer_csv.py
[2025-10-20T23:42:48.900+0000] {processor.py:183} INFO - Processing /opt/airflow/dags/dag_traer_csv.py took 0.017 seconds
[2025-10-20T23:43:19.019+0000] {processor.py:161} INFO - Started process (PID=287) to work on /opt/airflow/dags/dag_traer_csv.py
[2025-10-20T23:43:19.019+0000] {processor.py:830} INFO - Processing file /opt/airflow/dags/dag_traer_csv.py for tasks to queue
[2025-10-20T23:43:19.020+0000] {logging_mixin.py:188} INFO - [2025-10-20T23:43:19.020+0000] {dagbag.py:540} INFO - Filling up the DagBag from /opt/airflow/dags/dag_traer_csv.py
[2025-10-20T23:43:19.023+0000] {logging_mixin.py:188} INFO - [2025-10-20T23:43:19.022+0000] {dagbag.py:350} ERROR - Failed to import: /opt/airflow/dags/dag_traer_csv.py
Traceback (most recent call last):
  File "/home/airflow/.local/lib/python3.10/site-packages/airflow/models/dagbag.py", line 346, in parse
    loader.exec_module(new_module)
  File "<frozen importlib._bootstrap_external>", line 883, in exec_module
  File "<frozen importlib._bootstrap>", line 241, in _call_with_frames_removed
  File "/opt/airflow/dags/dag_traer_csv.py", line 2, in <module>
    from playwright.sync_api import sync_playwright, expect
ModuleNotFoundError: No module named 'playwright'
[2025-10-20T23:43:19.023+0000] {processor.py:842} WARNING - No viable dags retrieved from /opt/airflow/dags/dag_traer_csv.py
[2025-10-20T23:43:19.035+0000] {processor.py:183} INFO - Processing /opt/airflow/dags/dag_traer_csv.py took 0.018 seconds
[2025-10-20T23:43:49.148+0000] {processor.py:161} INFO - Started process (PID=295) to work on /opt/airflow/dags/dag_traer_csv.py
[2025-10-20T23:43:49.149+0000] {processor.py:830} INFO - Processing file /opt/airflow/dags/dag_traer_csv.py for tasks to queue
[2025-10-20T23:43:49.150+0000] {logging_mixin.py:188} INFO - [2025-10-20T23:43:49.150+0000] {dagbag.py:540} INFO - Filling up the DagBag from /opt/airflow/dags/dag_traer_csv.py
[2025-10-20T23:43:49.152+0000] {logging_mixin.py:188} INFO - [2025-10-20T23:43:49.152+0000] {dagbag.py:350} ERROR - Failed to import: /opt/airflow/dags/dag_traer_csv.py
Traceback (most recent call last):
  File "/home/airflow/.local/lib/python3.10/site-packages/airflow/models/dagbag.py", line 346, in parse
    loader.exec_module(new_module)
  File "<frozen importlib._bootstrap_external>", line 883, in exec_module
  File "<frozen importlib._bootstrap>", line 241, in _call_with_frames_removed
  File "/opt/airflow/dags/dag_traer_csv.py", line 2, in <module>
    from playwright.sync_api import sync_playwright, expect
ModuleNotFoundError: No module named 'playwright'
[2025-10-20T23:43:49.152+0000] {processor.py:842} WARNING - No viable dags retrieved from /opt/airflow/dags/dag_traer_csv.py
[2025-10-20T23:43:49.163+0000] {processor.py:183} INFO - Processing /opt/airflow/dags/dag_traer_csv.py took 0.017 seconds
[2025-10-20T23:44:19.291+0000] {processor.py:161} INFO - Started process (PID=303) to work on /opt/airflow/dags/dag_traer_csv.py
[2025-10-20T23:44:19.292+0000] {processor.py:830} INFO - Processing file /opt/airflow/dags/dag_traer_csv.py for tasks to queue
[2025-10-20T23:44:19.293+0000] {logging_mixin.py:188} INFO - [2025-10-20T23:44:19.293+0000] {dagbag.py:540} INFO - Filling up the DagBag from /opt/airflow/dags/dag_traer_csv.py
[2025-10-20T23:44:19.295+0000] {logging_mixin.py:188} INFO - [2025-10-20T23:44:19.295+0000] {dagbag.py:350} ERROR - Failed to import: /opt/airflow/dags/dag_traer_csv.py
Traceback (most recent call last):
  File "/home/airflow/.local/lib/python3.10/site-packages/airflow/models/dagbag.py", line 346, in parse
    loader.exec_module(new_module)
  File "<frozen importlib._bootstrap_external>", line 883, in exec_module
  File "<frozen importlib._bootstrap>", line 241, in _call_with_frames_removed
  File "/opt/airflow/dags/dag_traer_csv.py", line 2, in <module>
    from playwright.sync_api import sync_playwright, expect
ModuleNotFoundError: No module named 'playwright'
[2025-10-20T23:44:19.295+0000] {processor.py:842} WARNING - No viable dags retrieved from /opt/airflow/dags/dag_traer_csv.py
[2025-10-20T23:44:19.306+0000] {processor.py:183} INFO - Processing /opt/airflow/dags/dag_traer_csv.py took 0.016 seconds
[2025-10-20T23:44:49.418+0000] {processor.py:161} INFO - Started process (PID=311) to work on /opt/airflow/dags/dag_traer_csv.py
[2025-10-20T23:44:49.419+0000] {processor.py:830} INFO - Processing file /opt/airflow/dags/dag_traer_csv.py for tasks to queue
[2025-10-20T23:44:49.420+0000] {logging_mixin.py:188} INFO - [2025-10-20T23:44:49.420+0000] {dagbag.py:540} INFO - Filling up the DagBag from /opt/airflow/dags/dag_traer_csv.py
[2025-10-20T23:44:49.422+0000] {logging_mixin.py:188} INFO - [2025-10-20T23:44:49.422+0000] {dagbag.py:350} ERROR - Failed to import: /opt/airflow/dags/dag_traer_csv.py
Traceback (most recent call last):
  File "/home/airflow/.local/lib/python3.10/site-packages/airflow/models/dagbag.py", line 346, in parse
    loader.exec_module(new_module)
  File "<frozen importlib._bootstrap_external>", line 883, in exec_module
  File "<frozen importlib._bootstrap>", line 241, in _call_with_frames_removed
  File "/opt/airflow/dags/dag_traer_csv.py", line 2, in <module>
    from playwright.sync_api import sync_playwright, expect
ModuleNotFoundError: No module named 'playwright'
[2025-10-20T23:44:49.422+0000] {processor.py:842} WARNING - No viable dags retrieved from /opt/airflow/dags/dag_traer_csv.py
[2025-10-20T23:44:49.433+0000] {processor.py:183} INFO - Processing /opt/airflow/dags/dag_traer_csv.py took 0.017 seconds
[2025-10-20T23:45:19.552+0000] {processor.py:161} INFO - Started process (PID=319) to work on /opt/airflow/dags/dag_traer_csv.py
[2025-10-20T23:45:19.552+0000] {processor.py:830} INFO - Processing file /opt/airflow/dags/dag_traer_csv.py for tasks to queue
[2025-10-20T23:45:19.553+0000] {logging_mixin.py:188} INFO - [2025-10-20T23:45:19.553+0000] {dagbag.py:540} INFO - Filling up the DagBag from /opt/airflow/dags/dag_traer_csv.py
[2025-10-20T23:45:19.555+0000] {logging_mixin.py:188} INFO - [2025-10-20T23:45:19.555+0000] {dagbag.py:350} ERROR - Failed to import: /opt/airflow/dags/dag_traer_csv.py
Traceback (most recent call last):
  File "/home/airflow/.local/lib/python3.10/site-packages/airflow/models/dagbag.py", line 346, in parse
    loader.exec_module(new_module)
  File "<frozen importlib._bootstrap_external>", line 883, in exec_module
  File "<frozen importlib._bootstrap>", line 241, in _call_with_frames_removed
  File "/opt/airflow/dags/dag_traer_csv.py", line 2, in <module>
    from playwright.sync_api import sync_playwright, expect
ModuleNotFoundError: No module named 'playwright'
[2025-10-20T23:45:19.555+0000] {processor.py:842} WARNING - No viable dags retrieved from /opt/airflow/dags/dag_traer_csv.py
[2025-10-20T23:45:19.566+0000] {processor.py:183} INFO - Processing /opt/airflow/dags/dag_traer_csv.py took 0.017 seconds
[2025-10-20T23:45:49.681+0000] {processor.py:161} INFO - Started process (PID=327) to work on /opt/airflow/dags/dag_traer_csv.py
[2025-10-20T23:45:49.682+0000] {processor.py:830} INFO - Processing file /opt/airflow/dags/dag_traer_csv.py for tasks to queue
[2025-10-20T23:45:49.683+0000] {logging_mixin.py:188} INFO - [2025-10-20T23:45:49.683+0000] {dagbag.py:540} INFO - Filling up the DagBag from /opt/airflow/dags/dag_traer_csv.py
[2025-10-20T23:45:49.685+0000] {logging_mixin.py:188} INFO - [2025-10-20T23:45:49.685+0000] {dagbag.py:350} ERROR - Failed to import: /opt/airflow/dags/dag_traer_csv.py
Traceback (most recent call last):
  File "/home/airflow/.local/lib/python3.10/site-packages/airflow/models/dagbag.py", line 346, in parse
    loader.exec_module(new_module)
  File "<frozen importlib._bootstrap_external>", line 883, in exec_module
  File "<frozen importlib._bootstrap>", line 241, in _call_with_frames_removed
  File "/opt/airflow/dags/dag_traer_csv.py", line 2, in <module>
    from playwright.sync_api import sync_playwright, expect
ModuleNotFoundError: No module named 'playwright'
[2025-10-20T23:45:49.685+0000] {processor.py:842} WARNING - No viable dags retrieved from /opt/airflow/dags/dag_traer_csv.py
[2025-10-20T23:45:49.696+0000] {processor.py:183} INFO - Processing /opt/airflow/dags/dag_traer_csv.py took 0.017 seconds
[2025-10-20T23:46:19.812+0000] {processor.py:161} INFO - Started process (PID=335) to work on /opt/airflow/dags/dag_traer_csv.py
[2025-10-20T23:46:19.813+0000] {processor.py:830} INFO - Processing file /opt/airflow/dags/dag_traer_csv.py for tasks to queue
[2025-10-20T23:46:19.814+0000] {logging_mixin.py:188} INFO - [2025-10-20T23:46:19.814+0000] {dagbag.py:540} INFO - Filling up the DagBag from /opt/airflow/dags/dag_traer_csv.py
[2025-10-20T23:46:19.816+0000] {logging_mixin.py:188} INFO - [2025-10-20T23:46:19.816+0000] {dagbag.py:350} ERROR - Failed to import: /opt/airflow/dags/dag_traer_csv.py
Traceback (most recent call last):
  File "/home/airflow/.local/lib/python3.10/site-packages/airflow/models/dagbag.py", line 346, in parse
    loader.exec_module(new_module)
  File "<frozen importlib._bootstrap_external>", line 883, in exec_module
  File "<frozen importlib._bootstrap>", line 241, in _call_with_frames_removed
  File "/opt/airflow/dags/dag_traer_csv.py", line 2, in <module>
    from playwright.sync_api import sync_playwright, expect
ModuleNotFoundError: No module named 'playwright'
[2025-10-20T23:46:19.816+0000] {processor.py:842} WARNING - No viable dags retrieved from /opt/airflow/dags/dag_traer_csv.py
[2025-10-20T23:46:19.827+0000] {processor.py:183} INFO - Processing /opt/airflow/dags/dag_traer_csv.py took 0.017 seconds
[2025-10-20T23:46:49.932+0000] {processor.py:161} INFO - Started process (PID=343) to work on /opt/airflow/dags/dag_traer_csv.py
[2025-10-20T23:46:49.933+0000] {processor.py:830} INFO - Processing file /opt/airflow/dags/dag_traer_csv.py for tasks to queue
[2025-10-20T23:46:49.934+0000] {logging_mixin.py:188} INFO - [2025-10-20T23:46:49.934+0000] {dagbag.py:540} INFO - Filling up the DagBag from /opt/airflow/dags/dag_traer_csv.py
[2025-10-20T23:46:49.936+0000] {logging_mixin.py:188} INFO - [2025-10-20T23:46:49.936+0000] {dagbag.py:350} ERROR - Failed to import: /opt/airflow/dags/dag_traer_csv.py
Traceback (most recent call last):
  File "/home/airflow/.local/lib/python3.10/site-packages/airflow/models/dagbag.py", line 346, in parse
    loader.exec_module(new_module)
  File "<frozen importlib._bootstrap_external>", line 883, in exec_module
  File "<frozen importlib._bootstrap>", line 241, in _call_with_frames_removed
  File "/opt/airflow/dags/dag_traer_csv.py", line 2, in <module>
    from playwright.sync_api import sync_playwright, expect
ModuleNotFoundError: No module named 'playwright'
[2025-10-20T23:46:49.936+0000] {processor.py:842} WARNING - No viable dags retrieved from /opt/airflow/dags/dag_traer_csv.py
[2025-10-20T23:46:49.947+0000] {processor.py:183} INFO - Processing /opt/airflow/dags/dag_traer_csv.py took 0.016 seconds
[2025-10-20T23:47:20.057+0000] {processor.py:161} INFO - Started process (PID=351) to work on /opt/airflow/dags/dag_traer_csv.py
[2025-10-20T23:47:20.058+0000] {processor.py:830} INFO - Processing file /opt/airflow/dags/dag_traer_csv.py for tasks to queue
[2025-10-20T23:47:20.059+0000] {logging_mixin.py:188} INFO - [2025-10-20T23:47:20.059+0000] {dagbag.py:540} INFO - Filling up the DagBag from /opt/airflow/dags/dag_traer_csv.py
[2025-10-20T23:47:20.061+0000] {logging_mixin.py:188} INFO - [2025-10-20T23:47:20.060+0000] {dagbag.py:350} ERROR - Failed to import: /opt/airflow/dags/dag_traer_csv.py
Traceback (most recent call last):
  File "/home/airflow/.local/lib/python3.10/site-packages/airflow/models/dagbag.py", line 346, in parse
    loader.exec_module(new_module)
  File "<frozen importlib._bootstrap_external>", line 883, in exec_module
  File "<frozen importlib._bootstrap>", line 241, in _call_with_frames_removed
  File "/opt/airflow/dags/dag_traer_csv.py", line 2, in <module>
    from playwright.sync_api import sync_playwright, expect
ModuleNotFoundError: No module named 'playwright'
[2025-10-20T23:47:20.061+0000] {processor.py:842} WARNING - No viable dags retrieved from /opt/airflow/dags/dag_traer_csv.py
[2025-10-20T23:47:20.072+0000] {processor.py:183} INFO - Processing /opt/airflow/dags/dag_traer_csv.py took 0.017 seconds
[2025-10-20T23:47:50.189+0000] {processor.py:161} INFO - Started process (PID=359) to work on /opt/airflow/dags/dag_traer_csv.py
[2025-10-20T23:47:50.189+0000] {processor.py:830} INFO - Processing file /opt/airflow/dags/dag_traer_csv.py for tasks to queue
[2025-10-20T23:47:50.190+0000] {logging_mixin.py:188} INFO - [2025-10-20T23:47:50.190+0000] {dagbag.py:540} INFO - Filling up the DagBag from /opt/airflow/dags/dag_traer_csv.py
[2025-10-20T23:47:50.192+0000] {logging_mixin.py:188} INFO - [2025-10-20T23:47:50.192+0000] {dagbag.py:350} ERROR - Failed to import: /opt/airflow/dags/dag_traer_csv.py
Traceback (most recent call last):
  File "/home/airflow/.local/lib/python3.10/site-packages/airflow/models/dagbag.py", line 346, in parse
    loader.exec_module(new_module)
  File "<frozen importlib._bootstrap_external>", line 883, in exec_module
  File "<frozen importlib._bootstrap>", line 241, in _call_with_frames_removed
  File "/opt/airflow/dags/dag_traer_csv.py", line 2, in <module>
    from playwright.sync_api import sync_playwright, expect
ModuleNotFoundError: No module named 'playwright'
[2025-10-20T23:47:50.192+0000] {processor.py:842} WARNING - No viable dags retrieved from /opt/airflow/dags/dag_traer_csv.py
[2025-10-20T23:47:50.205+0000] {processor.py:183} INFO - Processing /opt/airflow/dags/dag_traer_csv.py took 0.019 seconds
[2025-10-20T23:48:20.318+0000] {processor.py:161} INFO - Started process (PID=367) to work on /opt/airflow/dags/dag_traer_csv.py
[2025-10-20T23:48:20.319+0000] {processor.py:830} INFO - Processing file /opt/airflow/dags/dag_traer_csv.py for tasks to queue
[2025-10-20T23:48:20.320+0000] {logging_mixin.py:188} INFO - [2025-10-20T23:48:20.319+0000] {dagbag.py:540} INFO - Filling up the DagBag from /opt/airflow/dags/dag_traer_csv.py
[2025-10-20T23:48:20.322+0000] {logging_mixin.py:188} INFO - [2025-10-20T23:48:20.321+0000] {dagbag.py:350} ERROR - Failed to import: /opt/airflow/dags/dag_traer_csv.py
Traceback (most recent call last):
  File "/home/airflow/.local/lib/python3.10/site-packages/airflow/models/dagbag.py", line 346, in parse
    loader.exec_module(new_module)
  File "<frozen importlib._bootstrap_external>", line 883, in exec_module
  File "<frozen importlib._bootstrap>", line 241, in _call_with_frames_removed
  File "/opt/airflow/dags/dag_traer_csv.py", line 2, in <module>
    from playwright.sync_api import sync_playwright, expect
ModuleNotFoundError: No module named 'playwright'
[2025-10-20T23:48:20.322+0000] {processor.py:842} WARNING - No viable dags retrieved from /opt/airflow/dags/dag_traer_csv.py
[2025-10-20T23:48:20.333+0000] {processor.py:183} INFO - Processing /opt/airflow/dags/dag_traer_csv.py took 0.017 seconds
[2025-10-20T23:48:50.444+0000] {processor.py:161} INFO - Started process (PID=375) to work on /opt/airflow/dags/dag_traer_csv.py
[2025-10-20T23:48:50.445+0000] {processor.py:830} INFO - Processing file /opt/airflow/dags/dag_traer_csv.py for tasks to queue
[2025-10-20T23:48:50.446+0000] {logging_mixin.py:188} INFO - [2025-10-20T23:48:50.446+0000] {dagbag.py:540} INFO - Filling up the DagBag from /opt/airflow/dags/dag_traer_csv.py
[2025-10-20T23:48:50.448+0000] {logging_mixin.py:188} INFO - [2025-10-20T23:48:50.448+0000] {dagbag.py:350} ERROR - Failed to import: /opt/airflow/dags/dag_traer_csv.py
Traceback (most recent call last):
  File "/home/airflow/.local/lib/python3.10/site-packages/airflow/models/dagbag.py", line 346, in parse
    loader.exec_module(new_module)
  File "<frozen importlib._bootstrap_external>", line 883, in exec_module
  File "<frozen importlib._bootstrap>", line 241, in _call_with_frames_removed
  File "/opt/airflow/dags/dag_traer_csv.py", line 2, in <module>
    from playwright.sync_api import sync_playwright, expect
ModuleNotFoundError: No module named 'playwright'
[2025-10-20T23:48:50.448+0000] {processor.py:842} WARNING - No viable dags retrieved from /opt/airflow/dags/dag_traer_csv.py
[2025-10-20T23:48:50.459+0000] {processor.py:183} INFO - Processing /opt/airflow/dags/dag_traer_csv.py took 0.017 seconds
[2025-10-20T23:49:20.579+0000] {processor.py:161} INFO - Started process (PID=383) to work on /opt/airflow/dags/dag_traer_csv.py
[2025-10-20T23:49:20.580+0000] {processor.py:830} INFO - Processing file /opt/airflow/dags/dag_traer_csv.py for tasks to queue
[2025-10-20T23:49:20.581+0000] {logging_mixin.py:188} INFO - [2025-10-20T23:49:20.581+0000] {dagbag.py:540} INFO - Filling up the DagBag from /opt/airflow/dags/dag_traer_csv.py
[2025-10-20T23:49:20.583+0000] {logging_mixin.py:188} INFO - [2025-10-20T23:49:20.583+0000] {dagbag.py:350} ERROR - Failed to import: /opt/airflow/dags/dag_traer_csv.py
Traceback (most recent call last):
  File "/home/airflow/.local/lib/python3.10/site-packages/airflow/models/dagbag.py", line 346, in parse
    loader.exec_module(new_module)
  File "<frozen importlib._bootstrap_external>", line 883, in exec_module
  File "<frozen importlib._bootstrap>", line 241, in _call_with_frames_removed
  File "/opt/airflow/dags/dag_traer_csv.py", line 2, in <module>
    from playwright.sync_api import sync_playwright, expect
ModuleNotFoundError: No module named 'playwright'
[2025-10-20T23:49:20.583+0000] {processor.py:842} WARNING - No viable dags retrieved from /opt/airflow/dags/dag_traer_csv.py
[2025-10-20T23:49:20.594+0000] {processor.py:183} INFO - Processing /opt/airflow/dags/dag_traer_csv.py took 0.018 seconds
[2025-10-20T23:49:50.708+0000] {processor.py:161} INFO - Started process (PID=391) to work on /opt/airflow/dags/dag_traer_csv.py
[2025-10-20T23:49:50.708+0000] {processor.py:830} INFO - Processing file /opt/airflow/dags/dag_traer_csv.py for tasks to queue
[2025-10-20T23:49:50.710+0000] {logging_mixin.py:188} INFO - [2025-10-20T23:49:50.709+0000] {dagbag.py:540} INFO - Filling up the DagBag from /opt/airflow/dags/dag_traer_csv.py
[2025-10-20T23:49:50.712+0000] {logging_mixin.py:188} INFO - [2025-10-20T23:49:50.711+0000] {dagbag.py:350} ERROR - Failed to import: /opt/airflow/dags/dag_traer_csv.py
Traceback (most recent call last):
  File "/home/airflow/.local/lib/python3.10/site-packages/airflow/models/dagbag.py", line 346, in parse
    loader.exec_module(new_module)
  File "<frozen importlib._bootstrap_external>", line 883, in exec_module
  File "<frozen importlib._bootstrap>", line 241, in _call_with_frames_removed
  File "/opt/airflow/dags/dag_traer_csv.py", line 2, in <module>
    from playwright.sync_api import sync_playwright, expect
ModuleNotFoundError: No module named 'playwright'
[2025-10-20T23:49:50.712+0000] {processor.py:842} WARNING - No viable dags retrieved from /opt/airflow/dags/dag_traer_csv.py
[2025-10-20T23:49:50.724+0000] {processor.py:183} INFO - Processing /opt/airflow/dags/dag_traer_csv.py took 0.018 seconds
[2025-10-20T23:50:20.834+0000] {processor.py:161} INFO - Started process (PID=399) to work on /opt/airflow/dags/dag_traer_csv.py
[2025-10-20T23:50:20.834+0000] {processor.py:830} INFO - Processing file /opt/airflow/dags/dag_traer_csv.py for tasks to queue
[2025-10-20T23:50:20.836+0000] {logging_mixin.py:188} INFO - [2025-10-20T23:50:20.835+0000] {dagbag.py:540} INFO - Filling up the DagBag from /opt/airflow/dags/dag_traer_csv.py
[2025-10-20T23:50:20.838+0000] {logging_mixin.py:188} INFO - [2025-10-20T23:50:20.837+0000] {dagbag.py:350} ERROR - Failed to import: /opt/airflow/dags/dag_traer_csv.py
Traceback (most recent call last):
  File "/home/airflow/.local/lib/python3.10/site-packages/airflow/models/dagbag.py", line 346, in parse
    loader.exec_module(new_module)
  File "<frozen importlib._bootstrap_external>", line 883, in exec_module
  File "<frozen importlib._bootstrap>", line 241, in _call_with_frames_removed
  File "/opt/airflow/dags/dag_traer_csv.py", line 2, in <module>
    from playwright.sync_api import sync_playwright, expect
ModuleNotFoundError: No module named 'playwright'
[2025-10-20T23:50:20.838+0000] {processor.py:842} WARNING - No viable dags retrieved from /opt/airflow/dags/dag_traer_csv.py
[2025-10-20T23:50:20.849+0000] {processor.py:183} INFO - Processing /opt/airflow/dags/dag_traer_csv.py took 0.017 seconds
[2025-10-20T23:50:50.963+0000] {processor.py:161} INFO - Started process (PID=407) to work on /opt/airflow/dags/dag_traer_csv.py
[2025-10-20T23:50:50.963+0000] {processor.py:830} INFO - Processing file /opt/airflow/dags/dag_traer_csv.py for tasks to queue
[2025-10-20T23:50:50.964+0000] {logging_mixin.py:188} INFO - [2025-10-20T23:50:50.964+0000] {dagbag.py:540} INFO - Filling up the DagBag from /opt/airflow/dags/dag_traer_csv.py
[2025-10-20T23:50:50.966+0000] {logging_mixin.py:188} INFO - [2025-10-20T23:50:50.966+0000] {dagbag.py:350} ERROR - Failed to import: /opt/airflow/dags/dag_traer_csv.py
Traceback (most recent call last):
  File "/home/airflow/.local/lib/python3.10/site-packages/airflow/models/dagbag.py", line 346, in parse
    loader.exec_module(new_module)
  File "<frozen importlib._bootstrap_external>", line 883, in exec_module
  File "<frozen importlib._bootstrap>", line 241, in _call_with_frames_removed
  File "/opt/airflow/dags/dag_traer_csv.py", line 2, in <module>
    from playwright.sync_api import sync_playwright, expect
ModuleNotFoundError: No module named 'playwright'
[2025-10-20T23:50:50.966+0000] {processor.py:842} WARNING - No viable dags retrieved from /opt/airflow/dags/dag_traer_csv.py
[2025-10-20T23:50:50.978+0000] {processor.py:183} INFO - Processing /opt/airflow/dags/dag_traer_csv.py took 0.017 seconds
[2025-10-20T23:51:21.089+0000] {processor.py:161} INFO - Started process (PID=415) to work on /opt/airflow/dags/dag_traer_csv.py
[2025-10-20T23:51:21.090+0000] {processor.py:830} INFO - Processing file /opt/airflow/dags/dag_traer_csv.py for tasks to queue
[2025-10-20T23:51:21.091+0000] {logging_mixin.py:188} INFO - [2025-10-20T23:51:21.091+0000] {dagbag.py:540} INFO - Filling up the DagBag from /opt/airflow/dags/dag_traer_csv.py
[2025-10-20T23:51:21.093+0000] {logging_mixin.py:188} INFO - [2025-10-20T23:51:21.093+0000] {dagbag.py:350} ERROR - Failed to import: /opt/airflow/dags/dag_traer_csv.py
Traceback (most recent call last):
  File "/home/airflow/.local/lib/python3.10/site-packages/airflow/models/dagbag.py", line 346, in parse
    loader.exec_module(new_module)
  File "<frozen importlib._bootstrap_external>", line 883, in exec_module
  File "<frozen importlib._bootstrap>", line 241, in _call_with_frames_removed
  File "/opt/airflow/dags/dag_traer_csv.py", line 2, in <module>
    from playwright.sync_api import sync_playwright, expect
ModuleNotFoundError: No module named 'playwright'
[2025-10-20T23:51:21.093+0000] {processor.py:842} WARNING - No viable dags retrieved from /opt/airflow/dags/dag_traer_csv.py
[2025-10-20T23:51:21.105+0000] {processor.py:183} INFO - Processing /opt/airflow/dags/dag_traer_csv.py took 0.018 seconds
[2025-10-20T23:51:51.216+0000] {processor.py:161} INFO - Started process (PID=423) to work on /opt/airflow/dags/dag_traer_csv.py
[2025-10-20T23:51:51.217+0000] {processor.py:830} INFO - Processing file /opt/airflow/dags/dag_traer_csv.py for tasks to queue
[2025-10-20T23:51:51.218+0000] {logging_mixin.py:188} INFO - [2025-10-20T23:51:51.218+0000] {dagbag.py:540} INFO - Filling up the DagBag from /opt/airflow/dags/dag_traer_csv.py
[2025-10-20T23:51:51.220+0000] {logging_mixin.py:188} INFO - [2025-10-20T23:51:51.220+0000] {dagbag.py:350} ERROR - Failed to import: /opt/airflow/dags/dag_traer_csv.py
Traceback (most recent call last):
  File "/home/airflow/.local/lib/python3.10/site-packages/airflow/models/dagbag.py", line 346, in parse
    loader.exec_module(new_module)
  File "<frozen importlib._bootstrap_external>", line 883, in exec_module
  File "<frozen importlib._bootstrap>", line 241, in _call_with_frames_removed
  File "/opt/airflow/dags/dag_traer_csv.py", line 2, in <module>
    from playwright.sync_api import sync_playwright, expect
ModuleNotFoundError: No module named 'playwright'
[2025-10-20T23:51:51.220+0000] {processor.py:842} WARNING - No viable dags retrieved from /opt/airflow/dags/dag_traer_csv.py
[2025-10-20T23:51:51.231+0000] {processor.py:183} INFO - Processing /opt/airflow/dags/dag_traer_csv.py took 0.017 seconds
[2025-10-20T23:52:21.346+0000] {processor.py:161} INFO - Started process (PID=431) to work on /opt/airflow/dags/dag_traer_csv.py
[2025-10-20T23:52:21.347+0000] {processor.py:830} INFO - Processing file /opt/airflow/dags/dag_traer_csv.py for tasks to queue
[2025-10-20T23:52:21.348+0000] {logging_mixin.py:188} INFO - [2025-10-20T23:52:21.348+0000] {dagbag.py:540} INFO - Filling up the DagBag from /opt/airflow/dags/dag_traer_csv.py
[2025-10-20T23:52:21.350+0000] {logging_mixin.py:188} INFO - [2025-10-20T23:52:21.350+0000] {dagbag.py:350} ERROR - Failed to import: /opt/airflow/dags/dag_traer_csv.py
Traceback (most recent call last):
  File "/home/airflow/.local/lib/python3.10/site-packages/airflow/models/dagbag.py", line 346, in parse
    loader.exec_module(new_module)
  File "<frozen importlib._bootstrap_external>", line 883, in exec_module
  File "<frozen importlib._bootstrap>", line 241, in _call_with_frames_removed
  File "/opt/airflow/dags/dag_traer_csv.py", line 2, in <module>
    from playwright.sync_api import sync_playwright, expect
ModuleNotFoundError: No module named 'playwright'
[2025-10-20T23:52:21.351+0000] {processor.py:842} WARNING - No viable dags retrieved from /opt/airflow/dags/dag_traer_csv.py
[2025-10-20T23:52:21.362+0000] {processor.py:183} INFO - Processing /opt/airflow/dags/dag_traer_csv.py took 0.017 seconds
[2025-10-20T23:52:51.475+0000] {processor.py:161} INFO - Started process (PID=439) to work on /opt/airflow/dags/dag_traer_csv.py
[2025-10-20T23:52:51.475+0000] {processor.py:830} INFO - Processing file /opt/airflow/dags/dag_traer_csv.py for tasks to queue
[2025-10-20T23:52:51.477+0000] {logging_mixin.py:188} INFO - [2025-10-20T23:52:51.476+0000] {dagbag.py:540} INFO - Filling up the DagBag from /opt/airflow/dags/dag_traer_csv.py
[2025-10-20T23:52:51.479+0000] {logging_mixin.py:188} INFO - [2025-10-20T23:52:51.478+0000] {dagbag.py:350} ERROR - Failed to import: /opt/airflow/dags/dag_traer_csv.py
Traceback (most recent call last):
  File "/home/airflow/.local/lib/python3.10/site-packages/airflow/models/dagbag.py", line 346, in parse
    loader.exec_module(new_module)
  File "<frozen importlib._bootstrap_external>", line 883, in exec_module
  File "<frozen importlib._bootstrap>", line 241, in _call_with_frames_removed
  File "/opt/airflow/dags/dag_traer_csv.py", line 2, in <module>
    from playwright.sync_api import sync_playwright, expect
ModuleNotFoundError: No module named 'playwright'
[2025-10-20T23:52:51.479+0000] {processor.py:842} WARNING - No viable dags retrieved from /opt/airflow/dags/dag_traer_csv.py
[2025-10-20T23:52:51.490+0000] {processor.py:183} INFO - Processing /opt/airflow/dags/dag_traer_csv.py took 0.017 seconds
[2025-10-20T23:53:21.594+0000] {processor.py:161} INFO - Started process (PID=447) to work on /opt/airflow/dags/dag_traer_csv.py
[2025-10-20T23:53:21.595+0000] {processor.py:830} INFO - Processing file /opt/airflow/dags/dag_traer_csv.py for tasks to queue
[2025-10-20T23:53:21.596+0000] {logging_mixin.py:188} INFO - [2025-10-20T23:53:21.596+0000] {dagbag.py:540} INFO - Filling up the DagBag from /opt/airflow/dags/dag_traer_csv.py
[2025-10-20T23:53:21.598+0000] {logging_mixin.py:188} INFO - [2025-10-20T23:53:21.597+0000] {dagbag.py:350} ERROR - Failed to import: /opt/airflow/dags/dag_traer_csv.py
Traceback (most recent call last):
  File "/home/airflow/.local/lib/python3.10/site-packages/airflow/models/dagbag.py", line 346, in parse
    loader.exec_module(new_module)
  File "<frozen importlib._bootstrap_external>", line 883, in exec_module
  File "<frozen importlib._bootstrap>", line 241, in _call_with_frames_removed
  File "/opt/airflow/dags/dag_traer_csv.py", line 2, in <module>
    from playwright.sync_api import sync_playwright, expect
ModuleNotFoundError: No module named 'playwright'
[2025-10-20T23:53:21.598+0000] {processor.py:842} WARNING - No viable dags retrieved from /opt/airflow/dags/dag_traer_csv.py
[2025-10-20T23:53:21.609+0000] {processor.py:183} INFO - Processing /opt/airflow/dags/dag_traer_csv.py took 0.017 seconds
[2025-10-20T23:53:51.715+0000] {processor.py:161} INFO - Started process (PID=455) to work on /opt/airflow/dags/dag_traer_csv.py
[2025-10-20T23:53:51.715+0000] {processor.py:830} INFO - Processing file /opt/airflow/dags/dag_traer_csv.py for tasks to queue
[2025-10-20T23:53:51.716+0000] {logging_mixin.py:188} INFO - [2025-10-20T23:53:51.716+0000] {dagbag.py:540} INFO - Filling up the DagBag from /opt/airflow/dags/dag_traer_csv.py
[2025-10-20T23:53:51.718+0000] {logging_mixin.py:188} INFO - [2025-10-20T23:53:51.718+0000] {dagbag.py:350} ERROR - Failed to import: /opt/airflow/dags/dag_traer_csv.py
Traceback (most recent call last):
  File "/home/airflow/.local/lib/python3.10/site-packages/airflow/models/dagbag.py", line 346, in parse
    loader.exec_module(new_module)
  File "<frozen importlib._bootstrap_external>", line 883, in exec_module
  File "<frozen importlib._bootstrap>", line 241, in _call_with_frames_removed
  File "/opt/airflow/dags/dag_traer_csv.py", line 2, in <module>
    from playwright.sync_api import sync_playwright, expect
ModuleNotFoundError: No module named 'playwright'
[2025-10-20T23:53:51.718+0000] {processor.py:842} WARNING - No viable dags retrieved from /opt/airflow/dags/dag_traer_csv.py
[2025-10-20T23:53:51.729+0000] {processor.py:183} INFO - Processing /opt/airflow/dags/dag_traer_csv.py took 0.017 seconds
[2025-10-20T23:54:21.851+0000] {processor.py:161} INFO - Started process (PID=463) to work on /opt/airflow/dags/dag_traer_csv.py
[2025-10-20T23:54:21.851+0000] {processor.py:830} INFO - Processing file /opt/airflow/dags/dag_traer_csv.py for tasks to queue
[2025-10-20T23:54:21.853+0000] {logging_mixin.py:188} INFO - [2025-10-20T23:54:21.852+0000] {dagbag.py:540} INFO - Filling up the DagBag from /opt/airflow/dags/dag_traer_csv.py
[2025-10-20T23:54:21.855+0000] {logging_mixin.py:188} INFO - [2025-10-20T23:54:21.854+0000] {dagbag.py:350} ERROR - Failed to import: /opt/airflow/dags/dag_traer_csv.py
Traceback (most recent call last):
  File "/home/airflow/.local/lib/python3.10/site-packages/airflow/models/dagbag.py", line 346, in parse
    loader.exec_module(new_module)
  File "<frozen importlib._bootstrap_external>", line 883, in exec_module
  File "<frozen importlib._bootstrap>", line 241, in _call_with_frames_removed
  File "/opt/airflow/dags/dag_traer_csv.py", line 2, in <module>
    from playwright.sync_api import sync_playwright, expect
ModuleNotFoundError: No module named 'playwright'
[2025-10-20T23:54:21.855+0000] {processor.py:842} WARNING - No viable dags retrieved from /opt/airflow/dags/dag_traer_csv.py
[2025-10-20T23:54:21.866+0000] {processor.py:183} INFO - Processing /opt/airflow/dags/dag_traer_csv.py took 0.017 seconds
[2025-10-20T23:54:51.982+0000] {processor.py:161} INFO - Started process (PID=471) to work on /opt/airflow/dags/dag_traer_csv.py
[2025-10-20T23:54:51.982+0000] {processor.py:830} INFO - Processing file /opt/airflow/dags/dag_traer_csv.py for tasks to queue
[2025-10-20T23:54:51.983+0000] {logging_mixin.py:188} INFO - [2025-10-20T23:54:51.983+0000] {dagbag.py:540} INFO - Filling up the DagBag from /opt/airflow/dags/dag_traer_csv.py
[2025-10-20T23:54:51.986+0000] {logging_mixin.py:188} INFO - [2025-10-20T23:54:51.985+0000] {dagbag.py:350} ERROR - Failed to import: /opt/airflow/dags/dag_traer_csv.py
Traceback (most recent call last):
  File "/home/airflow/.local/lib/python3.10/site-packages/airflow/models/dagbag.py", line 346, in parse
    loader.exec_module(new_module)
  File "<frozen importlib._bootstrap_external>", line 883, in exec_module
  File "<frozen importlib._bootstrap>", line 241, in _call_with_frames_removed
  File "/opt/airflow/dags/dag_traer_csv.py", line 2, in <module>
    from playwright.sync_api import sync_playwright, expect
ModuleNotFoundError: No module named 'playwright'
[2025-10-20T23:54:51.986+0000] {processor.py:842} WARNING - No viable dags retrieved from /opt/airflow/dags/dag_traer_csv.py
[2025-10-20T23:54:51.997+0000] {processor.py:183} INFO - Processing /opt/airflow/dags/dag_traer_csv.py took 0.017 seconds
[2025-10-20T23:55:22.112+0000] {processor.py:161} INFO - Started process (PID=479) to work on /opt/airflow/dags/dag_traer_csv.py
[2025-10-20T23:55:22.113+0000] {processor.py:830} INFO - Processing file /opt/airflow/dags/dag_traer_csv.py for tasks to queue
[2025-10-20T23:55:22.114+0000] {logging_mixin.py:188} INFO - [2025-10-20T23:55:22.114+0000] {dagbag.py:540} INFO - Filling up the DagBag from /opt/airflow/dags/dag_traer_csv.py
[2025-10-20T23:55:22.116+0000] {logging_mixin.py:188} INFO - [2025-10-20T23:55:22.115+0000] {dagbag.py:350} ERROR - Failed to import: /opt/airflow/dags/dag_traer_csv.py
Traceback (most recent call last):
  File "/home/airflow/.local/lib/python3.10/site-packages/airflow/models/dagbag.py", line 346, in parse
    loader.exec_module(new_module)
  File "<frozen importlib._bootstrap_external>", line 883, in exec_module
  File "<frozen importlib._bootstrap>", line 241, in _call_with_frames_removed
  File "/opt/airflow/dags/dag_traer_csv.py", line 2, in <module>
    from playwright.sync_api import sync_playwright, expect
ModuleNotFoundError: No module named 'playwright'
[2025-10-20T23:55:22.116+0000] {processor.py:842} WARNING - No viable dags retrieved from /opt/airflow/dags/dag_traer_csv.py
[2025-10-20T23:55:22.127+0000] {processor.py:183} INFO - Processing /opt/airflow/dags/dag_traer_csv.py took 0.017 seconds
[2025-10-20T23:55:52.246+0000] {processor.py:161} INFO - Started process (PID=487) to work on /opt/airflow/dags/dag_traer_csv.py
[2025-10-20T23:55:52.247+0000] {processor.py:830} INFO - Processing file /opt/airflow/dags/dag_traer_csv.py for tasks to queue
[2025-10-20T23:55:52.248+0000] {logging_mixin.py:188} INFO - [2025-10-20T23:55:52.248+0000] {dagbag.py:540} INFO - Filling up the DagBag from /opt/airflow/dags/dag_traer_csv.py
[2025-10-20T23:55:52.250+0000] {logging_mixin.py:188} INFO - [2025-10-20T23:55:52.249+0000] {dagbag.py:350} ERROR - Failed to import: /opt/airflow/dags/dag_traer_csv.py
Traceback (most recent call last):
  File "/home/airflow/.local/lib/python3.10/site-packages/airflow/models/dagbag.py", line 346, in parse
    loader.exec_module(new_module)
  File "<frozen importlib._bootstrap_external>", line 883, in exec_module
  File "<frozen importlib._bootstrap>", line 241, in _call_with_frames_removed
  File "/opt/airflow/dags/dag_traer_csv.py", line 2, in <module>
    from playwright.sync_api import sync_playwright, expect
ModuleNotFoundError: No module named 'playwright'
[2025-10-20T23:55:52.250+0000] {processor.py:842} WARNING - No viable dags retrieved from /opt/airflow/dags/dag_traer_csv.py
[2025-10-20T23:55:52.261+0000] {processor.py:183} INFO - Processing /opt/airflow/dags/dag_traer_csv.py took 0.017 seconds
[2025-10-20T23:56:22.376+0000] {processor.py:161} INFO - Started process (PID=495) to work on /opt/airflow/dags/dag_traer_csv.py
[2025-10-20T23:56:22.377+0000] {processor.py:830} INFO - Processing file /opt/airflow/dags/dag_traer_csv.py for tasks to queue
[2025-10-20T23:56:22.378+0000] {logging_mixin.py:188} INFO - [2025-10-20T23:56:22.378+0000] {dagbag.py:540} INFO - Filling up the DagBag from /opt/airflow/dags/dag_traer_csv.py
[2025-10-20T23:56:22.380+0000] {logging_mixin.py:188} INFO - [2025-10-20T23:56:22.379+0000] {dagbag.py:350} ERROR - Failed to import: /opt/airflow/dags/dag_traer_csv.py
Traceback (most recent call last):
  File "/home/airflow/.local/lib/python3.10/site-packages/airflow/models/dagbag.py", line 346, in parse
    loader.exec_module(new_module)
  File "<frozen importlib._bootstrap_external>", line 883, in exec_module
  File "<frozen importlib._bootstrap>", line 241, in _call_with_frames_removed
  File "/opt/airflow/dags/dag_traer_csv.py", line 2, in <module>
    from playwright.sync_api import sync_playwright, expect
ModuleNotFoundError: No module named 'playwright'
[2025-10-20T23:56:22.380+0000] {processor.py:842} WARNING - No viable dags retrieved from /opt/airflow/dags/dag_traer_csv.py
[2025-10-20T23:56:22.391+0000] {processor.py:183} INFO - Processing /opt/airflow/dags/dag_traer_csv.py took 0.017 seconds
[2025-10-20T23:56:52.509+0000] {processor.py:161} INFO - Started process (PID=503) to work on /opt/airflow/dags/dag_traer_csv.py
[2025-10-20T23:56:52.510+0000] {processor.py:830} INFO - Processing file /opt/airflow/dags/dag_traer_csv.py for tasks to queue
[2025-10-20T23:56:52.511+0000] {logging_mixin.py:188} INFO - [2025-10-20T23:56:52.511+0000] {dagbag.py:540} INFO - Filling up the DagBag from /opt/airflow/dags/dag_traer_csv.py
[2025-10-20T23:56:52.513+0000] {logging_mixin.py:188} INFO - [2025-10-20T23:56:52.512+0000] {dagbag.py:350} ERROR - Failed to import: /opt/airflow/dags/dag_traer_csv.py
Traceback (most recent call last):
  File "/home/airflow/.local/lib/python3.10/site-packages/airflow/models/dagbag.py", line 346, in parse
    loader.exec_module(new_module)
  File "<frozen importlib._bootstrap_external>", line 883, in exec_module
  File "<frozen importlib._bootstrap>", line 241, in _call_with_frames_removed
  File "/opt/airflow/dags/dag_traer_csv.py", line 2, in <module>
    from playwright.sync_api import sync_playwright, expect
ModuleNotFoundError: No module named 'playwright'
[2025-10-20T23:56:52.513+0000] {processor.py:842} WARNING - No viable dags retrieved from /opt/airflow/dags/dag_traer_csv.py
[2025-10-20T23:56:52.524+0000] {processor.py:183} INFO - Processing /opt/airflow/dags/dag_traer_csv.py took 0.016 seconds
[2025-10-20T23:57:22.637+0000] {processor.py:161} INFO - Started process (PID=511) to work on /opt/airflow/dags/dag_traer_csv.py
[2025-10-20T23:57:22.638+0000] {processor.py:830} INFO - Processing file /opt/airflow/dags/dag_traer_csv.py for tasks to queue
[2025-10-20T23:57:22.639+0000] {logging_mixin.py:188} INFO - [2025-10-20T23:57:22.638+0000] {dagbag.py:540} INFO - Filling up the DagBag from /opt/airflow/dags/dag_traer_csv.py
[2025-10-20T23:57:22.641+0000] {logging_mixin.py:188} INFO - [2025-10-20T23:57:22.640+0000] {dagbag.py:350} ERROR - Failed to import: /opt/airflow/dags/dag_traer_csv.py
Traceback (most recent call last):
  File "/home/airflow/.local/lib/python3.10/site-packages/airflow/models/dagbag.py", line 346, in parse
    loader.exec_module(new_module)
  File "<frozen importlib._bootstrap_external>", line 883, in exec_module
  File "<frozen importlib._bootstrap>", line 241, in _call_with_frames_removed
  File "/opt/airflow/dags/dag_traer_csv.py", line 2, in <module>
    from playwright.sync_api import sync_playwright, expect
ModuleNotFoundError: No module named 'playwright'
[2025-10-20T23:57:22.641+0000] {processor.py:842} WARNING - No viable dags retrieved from /opt/airflow/dags/dag_traer_csv.py
[2025-10-20T23:57:22.652+0000] {processor.py:183} INFO - Processing /opt/airflow/dags/dag_traer_csv.py took 0.017 seconds
[2025-10-20T23:57:52.762+0000] {processor.py:161} INFO - Started process (PID=519) to work on /opt/airflow/dags/dag_traer_csv.py
[2025-10-20T23:57:52.763+0000] {processor.py:830} INFO - Processing file /opt/airflow/dags/dag_traer_csv.py for tasks to queue
[2025-10-20T23:57:52.764+0000] {logging_mixin.py:188} INFO - [2025-10-20T23:57:52.764+0000] {dagbag.py:540} INFO - Filling up the DagBag from /opt/airflow/dags/dag_traer_csv.py
[2025-10-20T23:57:52.766+0000] {logging_mixin.py:188} INFO - [2025-10-20T23:57:52.766+0000] {dagbag.py:350} ERROR - Failed to import: /opt/airflow/dags/dag_traer_csv.py
Traceback (most recent call last):
  File "/home/airflow/.local/lib/python3.10/site-packages/airflow/models/dagbag.py", line 346, in parse
    loader.exec_module(new_module)
  File "<frozen importlib._bootstrap_external>", line 883, in exec_module
  File "<frozen importlib._bootstrap>", line 241, in _call_with_frames_removed
  File "/opt/airflow/dags/dag_traer_csv.py", line 2, in <module>
    from playwright.sync_api import sync_playwright, expect
ModuleNotFoundError: No module named 'playwright'
[2025-10-20T23:57:52.766+0000] {processor.py:842} WARNING - No viable dags retrieved from /opt/airflow/dags/dag_traer_csv.py
[2025-10-20T23:57:52.777+0000] {processor.py:183} INFO - Processing /opt/airflow/dags/dag_traer_csv.py took 0.017 seconds
[2025-10-20T23:58:22.894+0000] {processor.py:161} INFO - Started process (PID=527) to work on /opt/airflow/dags/dag_traer_csv.py
[2025-10-20T23:58:22.895+0000] {processor.py:830} INFO - Processing file /opt/airflow/dags/dag_traer_csv.py for tasks to queue
[2025-10-20T23:58:22.896+0000] {logging_mixin.py:188} INFO - [2025-10-20T23:58:22.896+0000] {dagbag.py:540} INFO - Filling up the DagBag from /opt/airflow/dags/dag_traer_csv.py
[2025-10-20T23:58:22.898+0000] {logging_mixin.py:188} INFO - [2025-10-20T23:58:22.897+0000] {dagbag.py:350} ERROR - Failed to import: /opt/airflow/dags/dag_traer_csv.py
Traceback (most recent call last):
  File "/home/airflow/.local/lib/python3.10/site-packages/airflow/models/dagbag.py", line 346, in parse
    loader.exec_module(new_module)
  File "<frozen importlib._bootstrap_external>", line 883, in exec_module
  File "<frozen importlib._bootstrap>", line 241, in _call_with_frames_removed
  File "/opt/airflow/dags/dag_traer_csv.py", line 2, in <module>
    from playwright.sync_api import sync_playwright, expect
ModuleNotFoundError: No module named 'playwright'
[2025-10-20T23:58:22.898+0000] {processor.py:842} WARNING - No viable dags retrieved from /opt/airflow/dags/dag_traer_csv.py
[2025-10-20T23:58:22.909+0000] {processor.py:183} INFO - Processing /opt/airflow/dags/dag_traer_csv.py took 0.017 seconds
[2025-10-20T23:58:53.029+0000] {processor.py:161} INFO - Started process (PID=535) to work on /opt/airflow/dags/dag_traer_csv.py
[2025-10-20T23:58:53.029+0000] {processor.py:830} INFO - Processing file /opt/airflow/dags/dag_traer_csv.py for tasks to queue
[2025-10-20T23:58:53.030+0000] {logging_mixin.py:188} INFO - [2025-10-20T23:58:53.030+0000] {dagbag.py:540} INFO - Filling up the DagBag from /opt/airflow/dags/dag_traer_csv.py
[2025-10-20T23:58:53.032+0000] {logging_mixin.py:188} INFO - [2025-10-20T23:58:53.032+0000] {dagbag.py:350} ERROR - Failed to import: /opt/airflow/dags/dag_traer_csv.py
Traceback (most recent call last):
  File "/home/airflow/.local/lib/python3.10/site-packages/airflow/models/dagbag.py", line 346, in parse
    loader.exec_module(new_module)
  File "<frozen importlib._bootstrap_external>", line 883, in exec_module
  File "<frozen importlib._bootstrap>", line 241, in _call_with_frames_removed
  File "/opt/airflow/dags/dag_traer_csv.py", line 2, in <module>
    from playwright.sync_api import sync_playwright, expect
ModuleNotFoundError: No module named 'playwright'
[2025-10-20T23:58:53.032+0000] {processor.py:842} WARNING - No viable dags retrieved from /opt/airflow/dags/dag_traer_csv.py
[2025-10-20T23:58:53.043+0000] {processor.py:183} INFO - Processing /opt/airflow/dags/dag_traer_csv.py took 0.017 seconds
[2025-10-20T23:59:23.173+0000] {processor.py:161} INFO - Started process (PID=543) to work on /opt/airflow/dags/dag_traer_csv.py
[2025-10-20T23:59:23.174+0000] {processor.py:830} INFO - Processing file /opt/airflow/dags/dag_traer_csv.py for tasks to queue
[2025-10-20T23:59:23.175+0000] {logging_mixin.py:188} INFO - [2025-10-20T23:59:23.175+0000] {dagbag.py:540} INFO - Filling up the DagBag from /opt/airflow/dags/dag_traer_csv.py
[2025-10-20T23:59:23.177+0000] {logging_mixin.py:188} INFO - [2025-10-20T23:59:23.177+0000] {dagbag.py:350} ERROR - Failed to import: /opt/airflow/dags/dag_traer_csv.py
Traceback (most recent call last):
  File "/home/airflow/.local/lib/python3.10/site-packages/airflow/models/dagbag.py", line 346, in parse
    loader.exec_module(new_module)
  File "<frozen importlib._bootstrap_external>", line 883, in exec_module
  File "<frozen importlib._bootstrap>", line 241, in _call_with_frames_removed
  File "/opt/airflow/dags/dag_traer_csv.py", line 2, in <module>
    from playwright.sync_api import sync_playwright, expect
ModuleNotFoundError: No module named 'playwright'
[2025-10-20T23:59:23.177+0000] {processor.py:842} WARNING - No viable dags retrieved from /opt/airflow/dags/dag_traer_csv.py
[2025-10-20T23:59:23.188+0000] {processor.py:183} INFO - Processing /opt/airflow/dags/dag_traer_csv.py took 0.018 seconds
[2025-10-20T23:59:53.309+0000] {processor.py:161} INFO - Started process (PID=551) to work on /opt/airflow/dags/dag_traer_csv.py
[2025-10-20T23:59:53.310+0000] {processor.py:830} INFO - Processing file /opt/airflow/dags/dag_traer_csv.py for tasks to queue
[2025-10-20T23:59:53.311+0000] {logging_mixin.py:188} INFO - [2025-10-20T23:59:53.311+0000] {dagbag.py:540} INFO - Filling up the DagBag from /opt/airflow/dags/dag_traer_csv.py
[2025-10-20T23:59:53.313+0000] {logging_mixin.py:188} INFO - [2025-10-20T23:59:53.313+0000] {dagbag.py:350} ERROR - Failed to import: /opt/airflow/dags/dag_traer_csv.py
Traceback (most recent call last):
  File "/home/airflow/.local/lib/python3.10/site-packages/airflow/models/dagbag.py", line 346, in parse
    loader.exec_module(new_module)
  File "<frozen importlib._bootstrap_external>", line 883, in exec_module
  File "<frozen importlib._bootstrap>", line 241, in _call_with_frames_removed
  File "/opt/airflow/dags/dag_traer_csv.py", line 2, in <module>
    from playwright.sync_api import sync_playwright, expect
ModuleNotFoundError: No module named 'playwright'
[2025-10-20T23:59:53.313+0000] {processor.py:842} WARNING - No viable dags retrieved from /opt/airflow/dags/dag_traer_csv.py
[2025-10-20T23:59:53.324+0000] {processor.py:183} INFO - Processing /opt/airflow/dags/dag_traer_csv.py took 0.017 seconds
