[2025-07-14T13:39:40.477+0000] {processor.py:161} INFO - Started process (PID=64) to work on /home/airflow/.local/lib/python3.12/site-packages/airflow/example_dags/example_params_ui_tutorial.py
[2025-07-14T13:39:40.477+0000] {processor.py:830} INFO - Processing file /home/airflow/.local/lib/python3.12/site-packages/airflow/example_dags/example_params_ui_tutorial.py for tasks to queue
[2025-07-14T13:39:40.478+0000] {logging_mixin.py:188} INFO - [2025-07-14T13:39:40.478+0000] {dagbag.py:545} INFO - Filling up the DagBag from /home/airflow/.local/lib/python3.12/site-packages/airflow/example_dags/example_params_ui_tutorial.py
[2025-07-14T13:39:40.488+0000] {processor.py:840} INFO - DAG(s) 'example_params_ui_tutorial' retrieved from /home/airflow/.local/lib/python3.12/site-packages/airflow/example_dags/example_params_ui_tutorial.py
[2025-07-14T13:39:40.496+0000] {logging_mixin.py:188} INFO - [2025-07-14T13:39:40.495+0000] {dag.py:3096} INFO - Sync 1 DAGs
[2025-07-14T13:39:40.504+0000] {logging_mixin.py:188} INFO - [2025-07-14T13:39:40.504+0000] {dag.py:3954} INFO - Setting next_dagrun for example_params_ui_tutorial to None, run_after=None
[2025-07-14T13:39:40.536+0000] {processor.py:183} INFO - Processing /home/airflow/.local/lib/python3.12/site-packages/airflow/example_dags/example_params_ui_tutorial.py took 0.062 seconds
[2025-07-14T13:40:11.589+0000] {processor.py:161} INFO - Started process (PID=122) to work on /home/airflow/.local/lib/python3.12/site-packages/airflow/example_dags/example_params_ui_tutorial.py
[2025-07-14T13:40:11.590+0000] {processor.py:830} INFO - Processing file /home/airflow/.local/lib/python3.12/site-packages/airflow/example_dags/example_params_ui_tutorial.py for tasks to queue
[2025-07-14T13:40:11.591+0000] {logging_mixin.py:188} INFO - [2025-07-14T13:40:11.590+0000] {dagbag.py:545} INFO - Filling up the DagBag from /home/airflow/.local/lib/python3.12/site-packages/airflow/example_dags/example_params_ui_tutorial.py
[2025-07-14T13:40:11.597+0000] {processor.py:840} INFO - DAG(s) 'example_params_ui_tutorial' retrieved from /home/airflow/.local/lib/python3.12/site-packages/airflow/example_dags/example_params_ui_tutorial.py
[2025-07-14T13:40:11.665+0000] {logging_mixin.py:188} INFO - [2025-07-14T13:40:11.664+0000] {dag.py:3096} INFO - Sync 1 DAGs
[2025-07-14T13:40:11.670+0000] {logging_mixin.py:188} INFO - [2025-07-14T13:40:11.670+0000] {dag.py:3954} INFO - Setting next_dagrun for example_params_ui_tutorial to None, run_after=None
[2025-07-14T13:40:11.680+0000] {processor.py:183} INFO - Processing /home/airflow/.local/lib/python3.12/site-packages/airflow/example_dags/example_params_ui_tutorial.py took 0.094 seconds
[2025-07-14T13:40:42.056+0000] {processor.py:161} INFO - Started process (PID=180) to work on /home/airflow/.local/lib/python3.12/site-packages/airflow/example_dags/example_params_ui_tutorial.py
[2025-07-14T13:40:42.056+0000] {processor.py:830} INFO - Processing file /home/airflow/.local/lib/python3.12/site-packages/airflow/example_dags/example_params_ui_tutorial.py for tasks to queue
[2025-07-14T13:40:42.057+0000] {logging_mixin.py:188} INFO - [2025-07-14T13:40:42.057+0000] {dagbag.py:545} INFO - Filling up the DagBag from /home/airflow/.local/lib/python3.12/site-packages/airflow/example_dags/example_params_ui_tutorial.py
[2025-07-14T13:40:42.064+0000] {processor.py:840} INFO - DAG(s) 'example_params_ui_tutorial' retrieved from /home/airflow/.local/lib/python3.12/site-packages/airflow/example_dags/example_params_ui_tutorial.py
[2025-07-14T13:40:42.092+0000] {logging_mixin.py:188} INFO - [2025-07-14T13:40:42.092+0000] {dag.py:3096} INFO - Sync 1 DAGs
[2025-07-14T13:40:42.100+0000] {logging_mixin.py:188} INFO - [2025-07-14T13:40:42.100+0000] {dag.py:3954} INFO - Setting next_dagrun for example_params_ui_tutorial to None, run_after=None
[2025-07-14T13:40:42.109+0000] {processor.py:183} INFO - Processing /home/airflow/.local/lib/python3.12/site-packages/airflow/example_dags/example_params_ui_tutorial.py took 0.057 seconds
[2025-07-14T13:41:12.806+0000] {processor.py:161} INFO - Started process (PID=238) to work on /home/airflow/.local/lib/python3.12/site-packages/airflow/example_dags/example_params_ui_tutorial.py
[2025-07-14T13:41:12.806+0000] {processor.py:830} INFO - Processing file /home/airflow/.local/lib/python3.12/site-packages/airflow/example_dags/example_params_ui_tutorial.py for tasks to queue
[2025-07-14T13:41:12.807+0000] {logging_mixin.py:188} INFO - [2025-07-14T13:41:12.807+0000] {dagbag.py:545} INFO - Filling up the DagBag from /home/airflow/.local/lib/python3.12/site-packages/airflow/example_dags/example_params_ui_tutorial.py
[2025-07-14T13:41:12.814+0000] {processor.py:840} INFO - DAG(s) 'example_params_ui_tutorial' retrieved from /home/airflow/.local/lib/python3.12/site-packages/airflow/example_dags/example_params_ui_tutorial.py
[2025-07-14T13:41:12.843+0000] {logging_mixin.py:188} INFO - [2025-07-14T13:41:12.843+0000] {dag.py:3096} INFO - Sync 1 DAGs
[2025-07-14T13:41:12.850+0000] {logging_mixin.py:188} INFO - [2025-07-14T13:41:12.850+0000] {dag.py:3954} INFO - Setting next_dagrun for example_params_ui_tutorial to None, run_after=None
[2025-07-14T13:41:12.859+0000] {processor.py:183} INFO - Processing /home/airflow/.local/lib/python3.12/site-packages/airflow/example_dags/example_params_ui_tutorial.py took 0.057 seconds
