[2025-07-14T13:39:41.135+0000] {processor.py:161} INFO - Started process (PID=80) to work on /home/airflow/.local/lib/python3.12/site-packages/airflow/example_dags/example_bash_decorator.py
[2025-07-14T13:39:41.135+0000] {processor.py:830} INFO - Processing file /home/airflow/.local/lib/python3.12/site-packages/airflow/example_dags/example_bash_decorator.py for tasks to queue
[2025-07-14T13:39:41.136+0000] {logging_mixin.py:188} INFO - [2025-07-14T13:39:41.136+0000] {dagbag.py:545} INFO - Filling up the DagBag from /home/airflow/.local/lib/python3.12/site-packages/airflow/example_dags/example_bash_decorator.py
[2025-07-14T13:39:41.145+0000] {processor.py:840} INFO - DAG(s) 'example_bash_decorator' retrieved from /home/airflow/.local/lib/python3.12/site-packages/airflow/example_dags/example_bash_decorator.py
[2025-07-14T13:39:41.152+0000] {logging_mixin.py:188} INFO - [2025-07-14T13:39:41.152+0000] {dag.py:3096} INFO - Sync 1 DAGs
[2025-07-14T13:39:41.160+0000] {logging_mixin.py:188} INFO - [2025-07-14T13:39:41.160+0000] {dag.py:3954} INFO - Setting next_dagrun for example_bash_decorator to None, run_after=None
[2025-07-14T13:39:41.170+0000] {processor.py:183} INFO - Processing /home/airflow/.local/lib/python3.12/site-packages/airflow/example_dags/example_bash_decorator.py took 0.039 seconds
[2025-07-14T13:40:12.546+0000] {processor.py:161} INFO - Started process (PID=138) to work on /home/airflow/.local/lib/python3.12/site-packages/airflow/example_dags/example_bash_decorator.py
[2025-07-14T13:40:12.546+0000] {processor.py:830} INFO - Processing file /home/airflow/.local/lib/python3.12/site-packages/airflow/example_dags/example_bash_decorator.py for tasks to queue
[2025-07-14T13:40:12.547+0000] {logging_mixin.py:188} INFO - [2025-07-14T13:40:12.547+0000] {dagbag.py:545} INFO - Filling up the DagBag from /home/airflow/.local/lib/python3.12/site-packages/airflow/example_dags/example_bash_decorator.py
[2025-07-14T13:40:12.554+0000] {processor.py:840} INFO - DAG(s) 'example_bash_decorator' retrieved from /home/airflow/.local/lib/python3.12/site-packages/airflow/example_dags/example_bash_decorator.py
[2025-07-14T13:40:12.607+0000] {logging_mixin.py:188} INFO - [2025-07-14T13:40:12.607+0000] {dag.py:3096} INFO - Sync 1 DAGs
[2025-07-14T13:40:12.614+0000] {logging_mixin.py:188} INFO - [2025-07-14T13:40:12.613+0000] {dag.py:3954} INFO - Setting next_dagrun for example_bash_decorator to None, run_after=None
[2025-07-14T13:40:12.623+0000] {processor.py:183} INFO - Processing /home/airflow/.local/lib/python3.12/site-packages/airflow/example_dags/example_bash_decorator.py took 0.081 seconds
[2025-07-14T13:40:43.572+0000] {processor.py:161} INFO - Started process (PID=196) to work on /home/airflow/.local/lib/python3.12/site-packages/airflow/example_dags/example_bash_decorator.py
[2025-07-14T13:40:43.573+0000] {processor.py:830} INFO - Processing file /home/airflow/.local/lib/python3.12/site-packages/airflow/example_dags/example_bash_decorator.py for tasks to queue
[2025-07-14T13:40:43.574+0000] {logging_mixin.py:188} INFO - [2025-07-14T13:40:43.574+0000] {dagbag.py:545} INFO - Filling up the DagBag from /home/airflow/.local/lib/python3.12/site-packages/airflow/example_dags/example_bash_decorator.py
[2025-07-14T13:40:43.582+0000] {processor.py:840} INFO - DAG(s) 'example_bash_decorator' retrieved from /home/airflow/.local/lib/python3.12/site-packages/airflow/example_dags/example_bash_decorator.py
[2025-07-14T13:40:43.595+0000] {logging_mixin.py:188} INFO - [2025-07-14T13:40:43.595+0000] {dag.py:3096} INFO - Sync 1 DAGs
[2025-07-14T13:40:43.601+0000] {logging_mixin.py:188} INFO - [2025-07-14T13:40:43.601+0000] {dag.py:3954} INFO - Setting next_dagrun for example_bash_decorator to None, run_after=None
[2025-07-14T13:40:43.611+0000] {processor.py:183} INFO - Processing /home/airflow/.local/lib/python3.12/site-packages/airflow/example_dags/example_bash_decorator.py took 0.042 seconds
[2025-07-14T13:41:14.293+0000] {processor.py:161} INFO - Started process (PID=254) to work on /home/airflow/.local/lib/python3.12/site-packages/airflow/example_dags/example_bash_decorator.py
[2025-07-14T13:41:14.294+0000] {processor.py:830} INFO - Processing file /home/airflow/.local/lib/python3.12/site-packages/airflow/example_dags/example_bash_decorator.py for tasks to queue
[2025-07-14T13:41:14.295+0000] {logging_mixin.py:188} INFO - [2025-07-14T13:41:14.295+0000] {dagbag.py:545} INFO - Filling up the DagBag from /home/airflow/.local/lib/python3.12/site-packages/airflow/example_dags/example_bash_decorator.py
[2025-07-14T13:41:14.304+0000] {processor.py:840} INFO - DAG(s) 'example_bash_decorator' retrieved from /home/airflow/.local/lib/python3.12/site-packages/airflow/example_dags/example_bash_decorator.py
[2025-07-14T13:41:14.320+0000] {logging_mixin.py:188} INFO - [2025-07-14T13:41:14.320+0000] {dag.py:3096} INFO - Sync 1 DAGs
[2025-07-14T13:41:14.328+0000] {logging_mixin.py:188} INFO - [2025-07-14T13:41:14.328+0000] {dag.py:3954} INFO - Setting next_dagrun for example_bash_decorator to None, run_after=None
