[2025-07-14T13:39:41.435+0000] {processor.py:161} INFO - Started process (PID=87) to work on /home/airflow/.local/lib/python3.12/site-packages/airflow/example_dags/example_short_circuit_operator.py
[2025-07-14T13:39:41.435+0000] {processor.py:830} INFO - Processing file /home/airflow/.local/lib/python3.12/site-packages/airflow/example_dags/example_short_circuit_operator.py for tasks to queue
[2025-07-14T13:39:41.436+0000] {logging_mixin.py:188} INFO - [2025-07-14T13:39:41.436+0000] {dagbag.py:545} INFO - Filling up the DagBag from /home/airflow/.local/lib/python3.12/site-packages/airflow/example_dags/example_short_circuit_operator.py
[2025-07-14T13:39:41.441+0000] {processor.py:840} INFO - DAG(s) 'example_short_circuit_operator' retrieved from /home/airflow/.local/lib/python3.12/site-packages/airflow/example_dags/example_short_circuit_operator.py
[2025-07-14T13:39:41.447+0000] {logging_mixin.py:188} INFO - [2025-07-14T13:39:41.447+0000] {dag.py:3096} INFO - Sync 1 DAGs
[2025-07-14T13:39:41.458+0000] {logging_mixin.py:188} INFO - [2025-07-14T13:39:41.458+0000] {dag.py:3954} INFO - Setting next_dagrun for example_short_circuit_operator to 2025-07-13 00:00:00+00:00, run_after=2025-07-14 00:00:00+00:00
[2025-07-14T13:39:41.467+0000] {processor.py:183} INFO - Processing /home/airflow/.local/lib/python3.12/site-packages/airflow/example_dags/example_short_circuit_operator.py took 0.035 seconds
[2025-07-14T13:40:12.972+0000] {processor.py:161} INFO - Started process (PID=145) to work on /home/airflow/.local/lib/python3.12/site-packages/airflow/example_dags/example_short_circuit_operator.py
[2025-07-14T13:40:12.973+0000] {processor.py:830} INFO - Processing file /home/airflow/.local/lib/python3.12/site-packages/airflow/example_dags/example_short_circuit_operator.py for tasks to queue
[2025-07-14T13:40:12.974+0000] {logging_mixin.py:188} INFO - [2025-07-14T13:40:12.974+0000] {dagbag.py:545} INFO - Filling up the DagBag from /home/airflow/.local/lib/python3.12/site-packages/airflow/example_dags/example_short_circuit_operator.py
[2025-07-14T13:40:12.978+0000] {processor.py:840} INFO - DAG(s) 'example_short_circuit_operator' retrieved from /home/airflow/.local/lib/python3.12/site-packages/airflow/example_dags/example_short_circuit_operator.py
[2025-07-14T13:40:13.035+0000] {logging_mixin.py:188} INFO - [2025-07-14T13:40:13.035+0000] {dag.py:3096} INFO - Sync 1 DAGs
[2025-07-14T13:40:13.044+0000] {logging_mixin.py:188} INFO - [2025-07-14T13:40:13.044+0000] {dag.py:3954} INFO - Setting next_dagrun for example_short_circuit_operator to 2025-07-13 00:00:00+00:00, run_after=2025-07-14 00:00:00+00:00
[2025-07-14T13:40:13.053+0000] {processor.py:183} INFO - Processing /home/airflow/.local/lib/python3.12/site-packages/airflow/example_dags/example_short_circuit_operator.py took 0.084 seconds
[2025-07-14T13:40:43.913+0000] {processor.py:161} INFO - Started process (PID=203) to work on /home/airflow/.local/lib/python3.12/site-packages/airflow/example_dags/example_short_circuit_operator.py
[2025-07-14T13:40:43.913+0000] {processor.py:830} INFO - Processing file /home/airflow/.local/lib/python3.12/site-packages/airflow/example_dags/example_short_circuit_operator.py for tasks to queue
[2025-07-14T13:40:43.914+0000] {logging_mixin.py:188} INFO - [2025-07-14T13:40:43.914+0000] {dagbag.py:545} INFO - Filling up the DagBag from /home/airflow/.local/lib/python3.12/site-packages/airflow/example_dags/example_short_circuit_operator.py
[2025-07-14T13:40:43.919+0000] {processor.py:840} INFO - DAG(s) 'example_short_circuit_operator' retrieved from /home/airflow/.local/lib/python3.12/site-packages/airflow/example_dags/example_short_circuit_operator.py
[2025-07-14T13:40:43.934+0000] {logging_mixin.py:188} INFO - [2025-07-14T13:40:43.934+0000] {dag.py:3096} INFO - Sync 1 DAGs
[2025-07-14T13:40:43.946+0000] {logging_mixin.py:188} INFO - [2025-07-14T13:40:43.946+0000] {dag.py:3954} INFO - Setting next_dagrun for example_short_circuit_operator to 2025-07-13 00:00:00+00:00, run_after=2025-07-14 00:00:00+00:00
[2025-07-14T13:40:43.956+0000] {processor.py:183} INFO - Processing /home/airflow/.local/lib/python3.12/site-packages/airflow/example_dags/example_short_circuit_operator.py took 0.047 seconds
