[2025-07-14T13:39:39.850+0000] {processor.py:161} INFO - Started process (PID=48) to work on /home/airflow/.local/lib/python3.12/site-packages/airflow/example_dags/example_latest_only.py
[2025-07-14T13:39:39.850+0000] {processor.py:830} INFO - Processing file /home/airflow/.local/lib/python3.12/site-packages/airflow/example_dags/example_latest_only.py for tasks to queue
[2025-07-14T13:39:39.851+0000] {logging_mixin.py:188} INFO - [2025-07-14T13:39:39.851+0000] {dagbag.py:545} INFO - Filling up the DagBag from /home/airflow/.local/lib/python3.12/site-packages/airflow/example_dags/example_latest_only.py
[2025-07-14T13:39:39.866+0000] {processor.py:840} INFO - DAG(s) 'latest_only' retrieved from /home/airflow/.local/lib/python3.12/site-packages/airflow/example_dags/example_latest_only.py
[2025-07-14T13:39:39.879+0000] {logging_mixin.py:188} INFO - [2025-07-14T13:39:39.879+0000] {dag.py:3096} INFO - Sync 1 DAGs
[2025-07-14T13:39:39.890+0000] {logging_mixin.py:188} INFO - [2025-07-14T13:39:39.889+0000] {dag.py:3954} INFO - Setting next_dagrun for latest_only to 2025-07-14 08:00:00+00:00, run_after=2025-07-14 12:00:00+00:00
[2025-07-14T13:39:39.899+0000] {processor.py:183} INFO - Processing /home/airflow/.local/lib/python3.12/site-packages/airflow/example_dags/example_latest_only.py took 0.052 seconds
[2025-07-14T13:40:10.589+0000] {processor.py:161} INFO - Started process (PID=106) to work on /home/airflow/.local/lib/python3.12/site-packages/airflow/example_dags/example_latest_only.py
[2025-07-14T13:40:10.590+0000] {processor.py:830} INFO - Processing file /home/airflow/.local/lib/python3.12/site-packages/airflow/example_dags/example_latest_only.py for tasks to queue
[2025-07-14T13:40:10.591+0000] {logging_mixin.py:188} INFO - [2025-07-14T13:40:10.590+0000] {dagbag.py:545} INFO - Filling up the DagBag from /home/airflow/.local/lib/python3.12/site-packages/airflow/example_dags/example_latest_only.py
[2025-07-14T13:40:10.593+0000] {processor.py:840} INFO - DAG(s) 'latest_only' retrieved from /home/airflow/.local/lib/python3.12/site-packages/airflow/example_dags/example_latest_only.py
[2025-07-14T13:40:10.746+0000] {logging_mixin.py:188} INFO - [2025-07-14T13:40:10.745+0000] {dag.py:3096} INFO - Sync 1 DAGs
[2025-07-14T13:40:10.756+0000] {logging_mixin.py:188} INFO - [2025-07-14T13:40:10.756+0000] {dag.py:3954} INFO - Setting next_dagrun for latest_only to 2025-07-14 08:00:00+00:00, run_after=2025-07-14 12:00:00+00:00
[2025-07-14T13:40:10.766+0000] {processor.py:183} INFO - Processing /home/airflow/.local/lib/python3.12/site-packages/airflow/example_dags/example_latest_only.py took 0.180 seconds
[2025-07-14T13:40:41.546+0000] {processor.py:161} INFO - Started process (PID=164) to work on /home/airflow/.local/lib/python3.12/site-packages/airflow/example_dags/example_latest_only.py
[2025-07-14T13:40:41.547+0000] {processor.py:830} INFO - Processing file /home/airflow/.local/lib/python3.12/site-packages/airflow/example_dags/example_latest_only.py for tasks to queue
[2025-07-14T13:40:41.548+0000] {logging_mixin.py:188} INFO - [2025-07-14T13:40:41.548+0000] {dagbag.py:545} INFO - Filling up the DagBag from /home/airflow/.local/lib/python3.12/site-packages/airflow/example_dags/example_latest_only.py
[2025-07-14T13:40:41.551+0000] {processor.py:840} INFO - DAG(s) 'latest_only' retrieved from /home/airflow/.local/lib/python3.12/site-packages/airflow/example_dags/example_latest_only.py
[2025-07-14T13:40:41.561+0000] {logging_mixin.py:188} INFO - [2025-07-14T13:40:41.561+0000] {dag.py:3096} INFO - Sync 1 DAGs
[2025-07-14T13:40:41.572+0000] {logging_mixin.py:188} INFO - [2025-07-14T13:40:41.572+0000] {dag.py:3954} INFO - Setting next_dagrun for latest_only to 2025-07-14 08:00:00+00:00, run_after=2025-07-14 12:00:00+00:00
[2025-07-14T13:40:41.582+0000] {processor.py:183} INFO - Processing /home/airflow/.local/lib/python3.12/site-packages/airflow/example_dags/example_latest_only.py took 0.039 seconds
[2025-07-14T13:41:12.287+0000] {processor.py:161} INFO - Started process (PID=222) to work on /home/airflow/.local/lib/python3.12/site-packages/airflow/example_dags/example_latest_only.py
[2025-07-14T13:41:12.287+0000] {processor.py:830} INFO - Processing file /home/airflow/.local/lib/python3.12/site-packages/airflow/example_dags/example_latest_only.py for tasks to queue
[2025-07-14T13:41:12.288+0000] {logging_mixin.py:188} INFO - [2025-07-14T13:41:12.288+0000] {dagbag.py:545} INFO - Filling up the DagBag from /home/airflow/.local/lib/python3.12/site-packages/airflow/example_dags/example_latest_only.py
[2025-07-14T13:41:12.291+0000] {processor.py:840} INFO - DAG(s) 'latest_only' retrieved from /home/airflow/.local/lib/python3.12/site-packages/airflow/example_dags/example_latest_only.py
[2025-07-14T13:41:12.302+0000] {logging_mixin.py:188} INFO - [2025-07-14T13:41:12.302+0000] {dag.py:3096} INFO - Sync 1 DAGs
[2025-07-14T13:41:12.313+0000] {logging_mixin.py:188} INFO - [2025-07-14T13:41:12.313+0000] {dag.py:3954} INFO - Setting next_dagrun for latest_only to 2025-07-14 08:00:00+00:00, run_after=2025-07-14 12:00:00+00:00
[2025-07-14T13:41:12.323+0000] {processor.py:183} INFO - Processing /home/airflow/.local/lib/python3.12/site-packages/airflow/example_dags/example_latest_only.py took 0.039 seconds
