[2025-07-14T13:39:40.699+0000] {processor.py:161} INFO - Started process (PID=70) to work on /home/airflow/.local/lib/python3.12/site-packages/airflow/example_dags/example_datasets.py
[2025-07-14T13:39:40.699+0000] {processor.py:830} INFO - Processing file /home/airflow/.local/lib/python3.12/site-packages/airflow/example_dags/example_datasets.py for tasks to queue
[2025-07-14T13:39:40.700+0000] {logging_mixin.py:188} INFO - [2025-07-14T13:39:40.700+0000] {dagbag.py:545} INFO - Filling up the DagBag from /home/airflow/.local/lib/python3.12/site-packages/airflow/example_dags/example_datasets.py
[2025-07-14T13:39:40.763+0000] {processor.py:840} INFO - DAG(s) 'dataset_consumes_unknown_never_scheduled', 'dataset_produces_2', 'consume_1_and_2_with_dataset_expressions', 'dataset_produces_1', 'consume_1_or_2_with_dataset_expressions', 'conditional_dataset_and_time_based_timetable', 'dataset_consumes_1_never_scheduled', 'consume_1_or_both_2_and_3_with_dataset_expressions', 'dataset_consumes_1_and_2', 'dataset_consumes_1' retrieved from /home/airflow/.local/lib/python3.12/site-packages/airflow/example_dags/example_datasets.py
[2025-07-14T13:39:40.773+0000] {logging_mixin.py:188} INFO - [2025-07-14T13:39:40.773+0000] {dag.py:3096} INFO - Sync 10 DAGs
[2025-07-14T13:39:40.785+0000] {logging_mixin.py:188} INFO - [2025-07-14T13:39:40.785+0000] {dag.py:3954} INFO - Setting next_dagrun for conditional_dataset_and_time_based_timetable to 2025-07-09 01:00:00+00:00, run_after=2025-07-09 01:00:00+00:00
[2025-07-14T13:39:40.787+0000] {logging_mixin.py:188} INFO - [2025-07-14T13:39:40.787+0000] {dag.py:3954} INFO - Setting next_dagrun for consume_1_and_2_with_dataset_expressions to None, run_after=None
[2025-07-14T13:39:40.788+0000] {logging_mixin.py:188} INFO - [2025-07-14T13:39:40.788+0000] {dag.py:3954} INFO - Setting next_dagrun for consume_1_or_2_with_dataset_expressions to None, run_after=None
[2025-07-14T13:39:40.788+0000] {logging_mixin.py:188} INFO - [2025-07-14T13:39:40.788+0000] {dag.py:3954} INFO - Setting next_dagrun for consume_1_or_both_2_and_3_with_dataset_expressions to None, run_after=None
[2025-07-14T13:39:40.789+0000] {logging_mixin.py:188} INFO - [2025-07-14T13:39:40.789+0000] {dag.py:3954} INFO - Setting next_dagrun for dataset_consumes_1 to None, run_after=None
[2025-07-14T13:39:40.789+0000] {logging_mixin.py:188} INFO - [2025-07-14T13:39:40.789+0000] {dag.py:3954} INFO - Setting next_dagrun for dataset_consumes_1_and_2 to None, run_after=None
[2025-07-14T13:39:40.790+0000] {logging_mixin.py:188} INFO - [2025-07-14T13:39:40.790+0000] {dag.py:3954} INFO - Setting next_dagrun for dataset_consumes_1_never_scheduled to None, run_after=None
[2025-07-14T13:39:40.790+0000] {logging_mixin.py:188} INFO - [2025-07-14T13:39:40.790+0000] {dag.py:3954} INFO - Setting next_dagrun for dataset_consumes_unknown_never_scheduled to None, run_after=None
[2025-07-14T13:39:40.791+0000] {logging_mixin.py:188} INFO - [2025-07-14T13:39:40.791+0000] {dag.py:3954} INFO - Setting next_dagrun for dataset_produces_1 to 2025-07-13 00:00:00+00:00, run_after=2025-07-14 00:00:00+00:00
[2025-07-14T13:39:40.791+0000] {logging_mixin.py:188} INFO - [2025-07-14T13:39:40.791+0000] {dag.py:3954} INFO - Setting next_dagrun for dataset_produces_2 to None, run_after=None
[2025-07-14T13:39:40.813+0000] {processor.py:183} INFO - Processing /home/airflow/.local/lib/python3.12/site-packages/airflow/example_dags/example_datasets.py took 0.119 seconds
[2025-07-14T13:40:11.902+0000] {processor.py:161} INFO - Started process (PID=128) to work on /home/airflow/.local/lib/python3.12/site-packages/airflow/example_dags/example_datasets.py
[2025-07-14T13:40:11.903+0000] {processor.py:830} INFO - Processing file /home/airflow/.local/lib/python3.12/site-packages/airflow/example_dags/example_datasets.py for tasks to queue
[2025-07-14T13:40:11.904+0000] {logging_mixin.py:188} INFO - [2025-07-14T13:40:11.904+0000] {dagbag.py:545} INFO - Filling up the DagBag from /home/airflow/.local/lib/python3.12/site-packages/airflow/example_dags/example_datasets.py
[2025-07-14T13:40:11.911+0000] {processor.py:840} INFO - DAG(s) 'dataset_consumes_unknown_never_scheduled', 'dataset_produces_1', 'conditional_dataset_and_time_based_timetable', 'dataset_produces_2', 'consume_1_or_both_2_and_3_with_dataset_expressions', 'dataset_consumes_1_and_2', 'consume_1_and_2_with_dataset_expressions', 'dataset_consumes_1', 'consume_1_or_2_with_dataset_expressions', 'dataset_consumes_1_never_scheduled' retrieved from /home/airflow/.local/lib/python3.12/site-packages/airflow/example_dags/example_datasets.py
[2025-07-14T13:40:12.007+0000] {logging_mixin.py:188} INFO - [2025-07-14T13:40:12.007+0000] {dag.py:3096} INFO - Sync 10 DAGs
[2025-07-14T13:40:12.018+0000] {logging_mixin.py:188} INFO - [2025-07-14T13:40:12.018+0000] {dag.py:3954} INFO - Setting next_dagrun for conditional_dataset_and_time_based_timetable to 2025-07-09 01:00:00+00:00, run_after=2025-07-09 01:00:00+00:00
[2025-07-14T13:40:12.020+0000] {logging_mixin.py:188} INFO - [2025-07-14T13:40:12.020+0000] {dag.py:3954} INFO - Setting next_dagrun for consume_1_and_2_with_dataset_expressions to None, run_after=None
[2025-07-14T13:40:12.020+0000] {logging_mixin.py:188} INFO - [2025-07-14T13:40:12.020+0000] {dag.py:3954} INFO - Setting next_dagrun for consume_1_or_2_with_dataset_expressions to None, run_after=None
[2025-07-14T13:40:12.021+0000] {logging_mixin.py:188} INFO - [2025-07-14T13:40:12.021+0000] {dag.py:3954} INFO - Setting next_dagrun for consume_1_or_both_2_and_3_with_dataset_expressions to None, run_after=None
[2025-07-14T13:40:12.021+0000] {logging_mixin.py:188} INFO - [2025-07-14T13:40:12.021+0000] {dag.py:3954} INFO - Setting next_dagrun for dataset_consumes_1 to None, run_after=None
[2025-07-14T13:40:12.022+0000] {logging_mixin.py:188} INFO - [2025-07-14T13:40:12.022+0000] {dag.py:3954} INFO - Setting next_dagrun for dataset_consumes_1_and_2 to None, run_after=None
[2025-07-14T13:40:12.022+0000] {logging_mixin.py:188} INFO - [2025-07-14T13:40:12.022+0000] {dag.py:3954} INFO - Setting next_dagrun for dataset_consumes_1_never_scheduled to None, run_after=None
[2025-07-14T13:40:12.023+0000] {logging_mixin.py:188} INFO - [2025-07-14T13:40:12.023+0000] {dag.py:3954} INFO - Setting next_dagrun for dataset_consumes_unknown_never_scheduled to None, run_after=None
[2025-07-14T13:40:12.024+0000] {logging_mixin.py:188} INFO - [2025-07-14T13:40:12.024+0000] {dag.py:3954} INFO - Setting next_dagrun for dataset_produces_1 to 2025-07-13 00:00:00+00:00, run_after=2025-07-14 00:00:00+00:00
[2025-07-14T13:40:12.024+0000] {logging_mixin.py:188} INFO - [2025-07-14T13:40:12.024+0000] {dag.py:3954} INFO - Setting next_dagrun for dataset_produces_2 to None, run_after=None
[2025-07-14T13:40:12.040+0000] {processor.py:183} INFO - Processing /home/airflow/.local/lib/python3.12/site-packages/airflow/example_dags/example_datasets.py took 0.141 seconds
[2025-07-14T13:40:42.306+0000] {processor.py:161} INFO - Started process (PID=186) to work on /home/airflow/.local/lib/python3.12/site-packages/airflow/example_dags/example_datasets.py
[2025-07-14T13:40:42.307+0000] {processor.py:830} INFO - Processing file /home/airflow/.local/lib/python3.12/site-packages/airflow/example_dags/example_datasets.py for tasks to queue
[2025-07-14T13:40:42.308+0000] {logging_mixin.py:188} INFO - [2025-07-14T13:40:42.308+0000] {dagbag.py:545} INFO - Filling up the DagBag from /home/airflow/.local/lib/python3.12/site-packages/airflow/example_dags/example_datasets.py
[2025-07-14T13:40:42.315+0000] {processor.py:840} INFO - DAG(s) 'consume_1_and_2_with_dataset_expressions', 'dataset_produces_2', 'consume_1_or_2_with_dataset_expressions', 'consume_1_or_both_2_and_3_with_dataset_expressions', 'conditional_dataset_and_time_based_timetable', 'dataset_consumes_1', 'dataset_consumes_unknown_never_scheduled', 'dataset_consumes_1_never_scheduled', 'dataset_produces_1', 'dataset_consumes_1_and_2' retrieved from /home/airflow/.local/lib/python3.12/site-packages/airflow/example_dags/example_datasets.py
[2025-07-14T13:40:42.335+0000] {logging_mixin.py:188} INFO - [2025-07-14T13:40:42.335+0000] {dag.py:3096} INFO - Sync 10 DAGs
[2025-07-14T13:40:42.347+0000] {logging_mixin.py:188} INFO - [2025-07-14T13:40:42.347+0000] {dag.py:3954} INFO - Setting next_dagrun for conditional_dataset_and_time_based_timetable to 2025-07-09 01:00:00+00:00, run_after=2025-07-09 01:00:00+00:00
[2025-07-14T13:40:42.349+0000] {logging_mixin.py:188} INFO - [2025-07-14T13:40:42.349+0000] {dag.py:3954} INFO - Setting next_dagrun for consume_1_and_2_with_dataset_expressions to None, run_after=None
[2025-07-14T13:40:42.349+0000] {logging_mixin.py:188} INFO - [2025-07-14T13:40:42.349+0000] {dag.py:3954} INFO - Setting next_dagrun for consume_1_or_2_with_dataset_expressions to None, run_after=None
[2025-07-14T13:40:42.350+0000] {logging_mixin.py:188} INFO - [2025-07-14T13:40:42.350+0000] {dag.py:3954} INFO - Setting next_dagrun for consume_1_or_both_2_and_3_with_dataset_expressions to None, run_after=None
[2025-07-14T13:40:42.351+0000] {logging_mixin.py:188} INFO - [2025-07-14T13:40:42.350+0000] {dag.py:3954} INFO - Setting next_dagrun for dataset_consumes_1 to None, run_after=None
[2025-07-14T13:40:42.351+0000] {logging_mixin.py:188} INFO - [2025-07-14T13:40:42.351+0000] {dag.py:3954} INFO - Setting next_dagrun for dataset_consumes_1_and_2 to None, run_after=None
[2025-07-14T13:40:42.351+0000] {logging_mixin.py:188} INFO - [2025-07-14T13:40:42.351+0000] {dag.py:3954} INFO - Setting next_dagrun for dataset_consumes_1_never_scheduled to None, run_after=None
[2025-07-14T13:40:42.352+0000] {logging_mixin.py:188} INFO - [2025-07-14T13:40:42.352+0000] {dag.py:3954} INFO - Setting next_dagrun for dataset_consumes_unknown_never_scheduled to None, run_after=None
[2025-07-14T13:40:42.353+0000] {logging_mixin.py:188} INFO - [2025-07-14T13:40:42.353+0000] {dag.py:3954} INFO - Setting next_dagrun for dataset_produces_1 to 2025-07-13 00:00:00+00:00, run_after=2025-07-14 00:00:00+00:00
[2025-07-14T13:40:42.353+0000] {logging_mixin.py:188} INFO - [2025-07-14T13:40:42.353+0000] {dag.py:3954} INFO - Setting next_dagrun for dataset_produces_2 to None, run_after=None
[2025-07-14T13:40:42.367+0000] {processor.py:183} INFO - Processing /home/airflow/.local/lib/python3.12/site-packages/airflow/example_dags/example_datasets.py took 0.064 seconds
[2025-07-14T13:41:12.989+0000] {processor.py:161} INFO - Started process (PID=244) to work on /home/airflow/.local/lib/python3.12/site-packages/airflow/example_dags/example_datasets.py
[2025-07-14T13:41:12.989+0000] {processor.py:830} INFO - Processing file /home/airflow/.local/lib/python3.12/site-packages/airflow/example_dags/example_datasets.py for tasks to queue
[2025-07-14T13:41:12.990+0000] {logging_mixin.py:188} INFO - [2025-07-14T13:41:12.990+0000] {dagbag.py:545} INFO - Filling up the DagBag from /home/airflow/.local/lib/python3.12/site-packages/airflow/example_dags/example_datasets.py
[2025-07-14T13:41:12.997+0000] {processor.py:840} INFO - DAG(s) 'dataset_consumes_unknown_never_scheduled', 'dataset_consumes_1_and_2', 'consume_1_or_2_with_dataset_expressions', 'dataset_consumes_1', 'dataset_produces_1', 'dataset_produces_2', 'consume_1_and_2_with_dataset_expressions', 'conditional_dataset_and_time_based_timetable', 'consume_1_or_both_2_and_3_with_dataset_expressions', 'dataset_consumes_1_never_scheduled' retrieved from /home/airflow/.local/lib/python3.12/site-packages/airflow/example_dags/example_datasets.py
[2025-07-14T13:41:13.018+0000] {logging_mixin.py:188} INFO - [2025-07-14T13:41:13.018+0000] {dag.py:3096} INFO - Sync 10 DAGs
[2025-07-14T13:41:13.030+0000] {logging_mixin.py:188} INFO - [2025-07-14T13:41:13.030+0000] {dag.py:3954} INFO - Setting next_dagrun for conditional_dataset_and_time_based_timetable to 2025-07-09 01:00:00+00:00, run_after=2025-07-09 01:00:00+00:00
[2025-07-14T13:41:13.032+0000] {logging_mixin.py:188} INFO - [2025-07-14T13:41:13.032+0000] {dag.py:3954} INFO - Setting next_dagrun for consume_1_and_2_with_dataset_expressions to None, run_after=None
[2025-07-14T13:41:13.032+0000] {logging_mixin.py:188} INFO - [2025-07-14T13:41:13.032+0000] {dag.py:3954} INFO - Setting next_dagrun for consume_1_or_2_with_dataset_expressions to None, run_after=None
[2025-07-14T13:41:13.033+0000] {logging_mixin.py:188} INFO - [2025-07-14T13:41:13.033+0000] {dag.py:3954} INFO - Setting next_dagrun for consume_1_or_both_2_and_3_with_dataset_expressions to None, run_after=None
[2025-07-14T13:41:13.033+0000] {logging_mixin.py:188} INFO - [2025-07-14T13:41:13.033+0000] {dag.py:3954} INFO - Setting next_dagrun for dataset_consumes_1 to None, run_after=None
[2025-07-14T13:41:13.034+0000] {logging_mixin.py:188} INFO - [2025-07-14T13:41:13.034+0000] {dag.py:3954} INFO - Setting next_dagrun for dataset_consumes_1_and_2 to None, run_after=None
[2025-07-14T13:41:13.034+0000] {logging_mixin.py:188} INFO - [2025-07-14T13:41:13.034+0000] {dag.py:3954} INFO - Setting next_dagrun for dataset_consumes_1_never_scheduled to None, run_after=None
[2025-07-14T13:41:13.035+0000] {logging_mixin.py:188} INFO - [2025-07-14T13:41:13.034+0000] {dag.py:3954} INFO - Setting next_dagrun for dataset_consumes_unknown_never_scheduled to None, run_after=None
[2025-07-14T13:41:13.036+0000] {logging_mixin.py:188} INFO - [2025-07-14T13:41:13.036+0000] {dag.py:3954} INFO - Setting next_dagrun for dataset_produces_1 to 2025-07-13 00:00:00+00:00, run_after=2025-07-14 00:00:00+00:00
[2025-07-14T13:41:13.036+0000] {logging_mixin.py:188} INFO - [2025-07-14T13:41:13.036+0000] {dag.py:3954} INFO - Setting next_dagrun for dataset_produces_2 to None, run_after=None
[2025-07-14T13:41:13.050+0000] {processor.py:183} INFO - Processing /home/airflow/.local/lib/python3.12/site-packages/airflow/example_dags/example_datasets.py took 0.064 seconds
