[2025-07-14T13:39:41.251+0000] {processor.py:161} INFO - Started process (PID=83) to work on /home/airflow/.local/lib/python3.12/site-packages/airflow/example_dags/example_branch_datetime_operator.py
[2025-07-14T13:39:41.251+0000] {processor.py:830} INFO - Processing file /home/airflow/.local/lib/python3.12/site-packages/airflow/example_dags/example_branch_datetime_operator.py for tasks to queue
[2025-07-14T13:39:41.252+0000] {logging_mixin.py:188} INFO - [2025-07-14T13:39:41.252+0000] {dagbag.py:545} INFO - Filling up the DagBag from /home/airflow/.local/lib/python3.12/site-packages/airflow/example_dags/example_branch_datetime_operator.py
[2025-07-14T13:39:41.258+0000] {processor.py:840} INFO - DAG(s) 'example_branch_datetime_operator_2', 'example_branch_datetime_operator_3', 'example_branch_datetime_operator' retrieved from /home/airflow/.local/lib/python3.12/site-packages/airflow/example_dags/example_branch_datetime_operator.py
[2025-07-14T13:39:41.265+0000] {logging_mixin.py:188} INFO - [2025-07-14T13:39:41.265+0000] {dag.py:3096} INFO - Sync 3 DAGs
[2025-07-14T13:39:41.278+0000] {logging_mixin.py:188} INFO - [2025-07-14T13:39:41.278+0000] {dag.py:3954} INFO - Setting next_dagrun for example_branch_datetime_operator to 2025-07-13 00:00:00+00:00, run_after=2025-07-14 00:00:00+00:00
[2025-07-14T13:39:41.280+0000] {logging_mixin.py:188} INFO - [2025-07-14T13:39:41.280+0000] {dag.py:3954} INFO - Setting next_dagrun for example_branch_datetime_operator_2 to 2025-07-13 00:00:00+00:00, run_after=2025-07-14 00:00:00+00:00
[2025-07-14T13:39:41.281+0000] {logging_mixin.py:188} INFO - [2025-07-14T13:39:41.281+0000] {dag.py:3954} INFO - Setting next_dagrun for example_branch_datetime_operator_3 to 2025-07-13 00:00:00+00:00, run_after=2025-07-14 00:00:00+00:00
[2025-07-14T13:39:41.290+0000] {processor.py:183} INFO - Processing /home/airflow/.local/lib/python3.12/site-packages/airflow/example_dags/example_branch_datetime_operator.py took 0.042 seconds
[2025-07-14T13:40:12.772+0000] {processor.py:161} INFO - Started process (PID=141) to work on /home/airflow/.local/lib/python3.12/site-packages/airflow/example_dags/example_branch_datetime_operator.py
[2025-07-14T13:40:12.772+0000] {processor.py:830} INFO - Processing file /home/airflow/.local/lib/python3.12/site-packages/airflow/example_dags/example_branch_datetime_operator.py for tasks to queue
[2025-07-14T13:40:12.773+0000] {logging_mixin.py:188} INFO - [2025-07-14T13:40:12.773+0000] {dagbag.py:545} INFO - Filling up the DagBag from /home/airflow/.local/lib/python3.12/site-packages/airflow/example_dags/example_branch_datetime_operator.py
[2025-07-14T13:40:12.779+0000] {processor.py:840} INFO - DAG(s) 'example_branch_datetime_operator', 'example_branch_datetime_operator_3', 'example_branch_datetime_operator_2' retrieved from /home/airflow/.local/lib/python3.12/site-packages/airflow/example_dags/example_branch_datetime_operator.py
[2025-07-14T13:40:12.840+0000] {logging_mixin.py:188} INFO - [2025-07-14T13:40:12.840+0000] {dag.py:3096} INFO - Sync 3 DAGs
[2025-07-14T13:40:12.850+0000] {logging_mixin.py:188} INFO - [2025-07-14T13:40:12.850+0000] {dag.py:3954} INFO - Setting next_dagrun for example_branch_datetime_operator to 2025-07-13 00:00:00+00:00, run_after=2025-07-14 00:00:00+00:00
[2025-07-14T13:40:12.852+0000] {logging_mixin.py:188} INFO - [2025-07-14T13:40:12.852+0000] {dag.py:3954} INFO - Setting next_dagrun for example_branch_datetime_operator_2 to 2025-07-13 00:00:00+00:00, run_after=2025-07-14 00:00:00+00:00
[2025-07-14T13:40:12.853+0000] {logging_mixin.py:188} INFO - [2025-07-14T13:40:12.853+0000] {dag.py:3954} INFO - Setting next_dagrun for example_branch_datetime_operator_3 to 2025-07-13 00:00:00+00:00, run_after=2025-07-14 00:00:00+00:00
[2025-07-14T13:40:12.862+0000] {processor.py:183} INFO - Processing /home/airflow/.local/lib/python3.12/site-packages/airflow/example_dags/example_branch_datetime_operator.py took 0.093 seconds
[2025-07-14T13:40:43.778+0000] {processor.py:161} INFO - Started process (PID=199) to work on /home/airflow/.local/lib/python3.12/site-packages/airflow/example_dags/example_branch_datetime_operator.py
[2025-07-14T13:40:43.778+0000] {processor.py:830} INFO - Processing file /home/airflow/.local/lib/python3.12/site-packages/airflow/example_dags/example_branch_datetime_operator.py for tasks to queue
[2025-07-14T13:40:43.779+0000] {logging_mixin.py:188} INFO - [2025-07-14T13:40:43.779+0000] {dagbag.py:545} INFO - Filling up the DagBag from /home/airflow/.local/lib/python3.12/site-packages/airflow/example_dags/example_branch_datetime_operator.py
[2025-07-14T13:40:43.785+0000] {processor.py:840} INFO - DAG(s) 'example_branch_datetime_operator_3', 'example_branch_datetime_operator_2', 'example_branch_datetime_operator' retrieved from /home/airflow/.local/lib/python3.12/site-packages/airflow/example_dags/example_branch_datetime_operator.py
[2025-07-14T13:40:43.801+0000] {logging_mixin.py:188} INFO - [2025-07-14T13:40:43.801+0000] {dag.py:3096} INFO - Sync 3 DAGs
[2025-07-14T13:40:43.814+0000] {logging_mixin.py:188} INFO - [2025-07-14T13:40:43.813+0000] {dag.py:3954} INFO - Setting next_dagrun for example_branch_datetime_operator to 2025-07-13 00:00:00+00:00, run_after=2025-07-14 00:00:00+00:00
[2025-07-14T13:40:43.816+0000] {logging_mixin.py:188} INFO - [2025-07-14T13:40:43.816+0000] {dag.py:3954} INFO - Setting next_dagrun for example_branch_datetime_operator_2 to 2025-07-13 00:00:00+00:00, run_after=2025-07-14 00:00:00+00:00
[2025-07-14T13:40:43.818+0000] {logging_mixin.py:188} INFO - [2025-07-14T13:40:43.817+0000] {dag.py:3954} INFO - Setting next_dagrun for example_branch_datetime_operator_3 to 2025-07-13 00:00:00+00:00, run_after=2025-07-14 00:00:00+00:00
[2025-07-14T13:40:43.826+0000] {processor.py:183} INFO - Processing /home/airflow/.local/lib/python3.12/site-packages/airflow/example_dags/example_branch_datetime_operator.py took 0.052 seconds
