[2025-07-14T13:39:40.589+0000] {processor.py:161} INFO - Started process (PID=67) to work on /home/airflow/.local/lib/python3.12/site-packages/airflow/example_dags/example_task_group.py
[2025-07-14T13:39:40.590+0000] {processor.py:830} INFO - Processing file /home/airflow/.local/lib/python3.12/site-packages/airflow/example_dags/example_task_group.py for tasks to queue
[2025-07-14T13:39:40.591+0000] {logging_mixin.py:188} INFO - [2025-07-14T13:39:40.591+0000] {dagbag.py:545} INFO - Filling up the DagBag from /home/airflow/.local/lib/python3.12/site-packages/airflow/example_dags/example_task_group.py
[2025-07-14T13:39:40.595+0000] {processor.py:840} INFO - DAG(s) 'example_task_group' retrieved from /home/airflow/.local/lib/python3.12/site-packages/airflow/example_dags/example_task_group.py
[2025-07-14T13:39:40.603+0000] {logging_mixin.py:188} INFO - [2025-07-14T13:39:40.603+0000] {dag.py:3096} INFO - Sync 1 DAGs
[2025-07-14T13:39:40.616+0000] {logging_mixin.py:188} INFO - [2025-07-14T13:39:40.616+0000] {dag.py:3954} INFO - Setting next_dagrun for example_task_group to 2025-07-13 00:00:00+00:00, run_after=2025-07-14 00:00:00+00:00
[2025-07-14T13:39:40.642+0000] {processor.py:183} INFO - Processing /home/airflow/.local/lib/python3.12/site-packages/airflow/example_dags/example_task_group.py took 0.057 seconds
[2025-07-14T13:40:11.768+0000] {processor.py:161} INFO - Started process (PID=125) to work on /home/airflow/.local/lib/python3.12/site-packages/airflow/example_dags/example_task_group.py
[2025-07-14T13:40:11.768+0000] {processor.py:830} INFO - Processing file /home/airflow/.local/lib/python3.12/site-packages/airflow/example_dags/example_task_group.py for tasks to queue
[2025-07-14T13:40:11.769+0000] {logging_mixin.py:188} INFO - [2025-07-14T13:40:11.769+0000] {dagbag.py:545} INFO - Filling up the DagBag from /home/airflow/.local/lib/python3.12/site-packages/airflow/example_dags/example_task_group.py
[2025-07-14T13:40:11.773+0000] {processor.py:840} INFO - DAG(s) 'example_task_group' retrieved from /home/airflow/.local/lib/python3.12/site-packages/airflow/example_dags/example_task_group.py
[2025-07-14T13:40:11.829+0000] {logging_mixin.py:188} INFO - [2025-07-14T13:40:11.828+0000] {dag.py:3096} INFO - Sync 1 DAGs
[2025-07-14T13:40:11.838+0000] {logging_mixin.py:188} INFO - [2025-07-14T13:40:11.838+0000] {dag.py:3954} INFO - Setting next_dagrun for example_task_group to 2025-07-13 00:00:00+00:00, run_after=2025-07-14 00:00:00+00:00
[2025-07-14T13:40:11.848+0000] {processor.py:183} INFO - Processing /home/airflow/.local/lib/python3.12/site-packages/airflow/example_dags/example_task_group.py took 0.083 seconds
[2025-07-14T13:40:42.145+0000] {processor.py:161} INFO - Started process (PID=183) to work on /home/airflow/.local/lib/python3.12/site-packages/airflow/example_dags/example_task_group.py
[2025-07-14T13:40:42.146+0000] {processor.py:830} INFO - Processing file /home/airflow/.local/lib/python3.12/site-packages/airflow/example_dags/example_task_group.py for tasks to queue
[2025-07-14T13:40:42.147+0000] {logging_mixin.py:188} INFO - [2025-07-14T13:40:42.147+0000] {dagbag.py:545} INFO - Filling up the DagBag from /home/airflow/.local/lib/python3.12/site-packages/airflow/example_dags/example_task_group.py
[2025-07-14T13:40:42.151+0000] {processor.py:840} INFO - DAG(s) 'example_task_group' retrieved from /home/airflow/.local/lib/python3.12/site-packages/airflow/example_dags/example_task_group.py
[2025-07-14T13:40:42.162+0000] {logging_mixin.py:188} INFO - [2025-07-14T13:40:42.162+0000] {dag.py:3096} INFO - Sync 1 DAGs
[2025-07-14T13:40:42.174+0000] {logging_mixin.py:188} INFO - [2025-07-14T13:40:42.174+0000] {dag.py:3954} INFO - Setting next_dagrun for example_task_group to 2025-07-13 00:00:00+00:00, run_after=2025-07-14 00:00:00+00:00
[2025-07-14T13:40:42.183+0000] {processor.py:183} INFO - Processing /home/airflow/.local/lib/python3.12/site-packages/airflow/example_dags/example_task_group.py took 0.041 seconds
[2025-07-14T13:41:12.894+0000] {processor.py:161} INFO - Started process (PID=241) to work on /home/airflow/.local/lib/python3.12/site-packages/airflow/example_dags/example_task_group.py
[2025-07-14T13:41:12.894+0000] {processor.py:830} INFO - Processing file /home/airflow/.local/lib/python3.12/site-packages/airflow/example_dags/example_task_group.py for tasks to queue
[2025-07-14T13:41:12.895+0000] {logging_mixin.py:188} INFO - [2025-07-14T13:41:12.895+0000] {dagbag.py:545} INFO - Filling up the DagBag from /home/airflow/.local/lib/python3.12/site-packages/airflow/example_dags/example_task_group.py
[2025-07-14T13:41:12.899+0000] {processor.py:840} INFO - DAG(s) 'example_task_group' retrieved from /home/airflow/.local/lib/python3.12/site-packages/airflow/example_dags/example_task_group.py
[2025-07-14T13:41:12.910+0000] {logging_mixin.py:188} INFO - [2025-07-14T13:41:12.910+0000] {dag.py:3096} INFO - Sync 1 DAGs
[2025-07-14T13:41:12.921+0000] {logging_mixin.py:188} INFO - [2025-07-14T13:41:12.921+0000] {dag.py:3954} INFO - Setting next_dagrun for example_task_group to 2025-07-13 00:00:00+00:00, run_after=2025-07-14 00:00:00+00:00
[2025-07-14T13:41:12.930+0000] {processor.py:183} INFO - Processing /home/airflow/.local/lib/python3.12/site-packages/airflow/example_dags/example_task_group.py took 0.039 seconds
