[2025-07-14T13:39:40.001+0000] {processor.py:161} INFO - Started process (PID=51) to work on /home/airflow/.local/lib/python3.12/site-packages/airflow/example_dags/example_branch_python_dop_operator_3.py
[2025-07-14T13:39:40.002+0000] {processor.py:830} INFO - Processing file /home/airflow/.local/lib/python3.12/site-packages/airflow/example_dags/example_branch_python_dop_operator_3.py for tasks to queue
[2025-07-14T13:39:40.003+0000] {logging_mixin.py:188} INFO - [2025-07-14T13:39:40.002+0000] {dagbag.py:545} INFO - Filling up the DagBag from /home/airflow/.local/lib/python3.12/site-packages/airflow/example_dags/example_branch_python_dop_operator_3.py
[2025-07-14T13:39:40.010+0000] {processor.py:840} INFO - DAG(s) 'example_branch_dop_operator_v3' retrieved from /home/airflow/.local/lib/python3.12/site-packages/airflow/example_dags/example_branch_python_dop_operator_3.py
[2025-07-14T13:39:40.017+0000] {logging_mixin.py:188} INFO - [2025-07-14T13:39:40.017+0000] {dag.py:3096} INFO - Sync 1 DAGs
[2025-07-14T13:39:40.034+0000] {logging_mixin.py:188} INFO - [2025-07-14T13:39:40.033+0000] {dag.py:3954} INFO - Setting next_dagrun for example_branch_dop_operator_v3 to 2025-07-14 13:38:00+00:00, run_after=2025-07-14 13:39:00+00:00
[2025-07-14T13:39:40.043+0000] {processor.py:183} INFO - Processing /home/airflow/.local/lib/python3.12/site-packages/airflow/example_dags/example_branch_python_dop_operator_3.py took 0.045 seconds
[2025-07-14T13:40:10.890+0000] {processor.py:161} INFO - Started process (PID=109) to work on /home/airflow/.local/lib/python3.12/site-packages/airflow/example_dags/example_branch_python_dop_operator_3.py
[2025-07-14T13:40:10.890+0000] {processor.py:830} INFO - Processing file /home/airflow/.local/lib/python3.12/site-packages/airflow/example_dags/example_branch_python_dop_operator_3.py for tasks to queue
[2025-07-14T13:40:10.891+0000] {logging_mixin.py:188} INFO - [2025-07-14T13:40:10.891+0000] {dagbag.py:545} INFO - Filling up the DagBag from /home/airflow/.local/lib/python3.12/site-packages/airflow/example_dags/example_branch_python_dop_operator_3.py
[2025-07-14T13:40:10.896+0000] {processor.py:840} INFO - DAG(s) 'example_branch_dop_operator_v3' retrieved from /home/airflow/.local/lib/python3.12/site-packages/airflow/example_dags/example_branch_python_dop_operator_3.py
[2025-07-14T13:40:10.956+0000] {logging_mixin.py:188} INFO - [2025-07-14T13:40:10.956+0000] {dag.py:3096} INFO - Sync 1 DAGs
[2025-07-14T13:40:10.968+0000] {logging_mixin.py:188} INFO - [2025-07-14T13:40:10.968+0000] {dag.py:3954} INFO - Setting next_dagrun for example_branch_dop_operator_v3 to 2025-07-14 13:39:00+00:00, run_after=2025-07-14 13:40:00+00:00
[2025-07-14T13:40:10.978+0000] {processor.py:183} INFO - Processing /home/airflow/.local/lib/python3.12/site-packages/airflow/example_dags/example_branch_python_dop_operator_3.py took 0.092 seconds
[2025-07-14T13:40:41.660+0000] {processor.py:161} INFO - Started process (PID=167) to work on /home/airflow/.local/lib/python3.12/site-packages/airflow/example_dags/example_branch_python_dop_operator_3.py
[2025-07-14T13:40:41.660+0000] {processor.py:830} INFO - Processing file /home/airflow/.local/lib/python3.12/site-packages/airflow/example_dags/example_branch_python_dop_operator_3.py for tasks to queue
[2025-07-14T13:40:41.661+0000] {logging_mixin.py:188} INFO - [2025-07-14T13:40:41.661+0000] {dagbag.py:545} INFO - Filling up the DagBag from /home/airflow/.local/lib/python3.12/site-packages/airflow/example_dags/example_branch_python_dop_operator_3.py
[2025-07-14T13:40:41.666+0000] {processor.py:840} INFO - DAG(s) 'example_branch_dop_operator_v3' retrieved from /home/airflow/.local/lib/python3.12/site-packages/airflow/example_dags/example_branch_python_dop_operator_3.py
[2025-07-14T13:40:41.677+0000] {logging_mixin.py:188} INFO - [2025-07-14T13:40:41.677+0000] {dag.py:3096} INFO - Sync 1 DAGs
[2025-07-14T13:40:41.690+0000] {logging_mixin.py:188} INFO - [2025-07-14T13:40:41.690+0000] {dag.py:3954} INFO - Setting next_dagrun for example_branch_dop_operator_v3 to 2025-07-14 13:39:00+00:00, run_after=2025-07-14 13:40:00+00:00
[2025-07-14T13:40:41.699+0000] {processor.py:183} INFO - Processing /home/airflow/.local/lib/python3.12/site-packages/airflow/example_dags/example_branch_python_dop_operator_3.py took 0.043 seconds
[2025-07-14T13:41:12.403+0000] {processor.py:161} INFO - Started process (PID=225) to work on /home/airflow/.local/lib/python3.12/site-packages/airflow/example_dags/example_branch_python_dop_operator_3.py
[2025-07-14T13:41:12.404+0000] {processor.py:830} INFO - Processing file /home/airflow/.local/lib/python3.12/site-packages/airflow/example_dags/example_branch_python_dop_operator_3.py for tasks to queue
[2025-07-14T13:41:12.405+0000] {logging_mixin.py:188} INFO - [2025-07-14T13:41:12.405+0000] {dagbag.py:545} INFO - Filling up the DagBag from /home/airflow/.local/lib/python3.12/site-packages/airflow/example_dags/example_branch_python_dop_operator_3.py
[2025-07-14T13:41:12.411+0000] {processor.py:840} INFO - DAG(s) 'example_branch_dop_operator_v3' retrieved from /home/airflow/.local/lib/python3.12/site-packages/airflow/example_dags/example_branch_python_dop_operator_3.py
[2025-07-14T13:41:12.422+0000] {logging_mixin.py:188} INFO - [2025-07-14T13:41:12.422+0000] {dag.py:3096} INFO - Sync 1 DAGs
[2025-07-14T13:41:12.436+0000] {logging_mixin.py:188} INFO - [2025-07-14T13:41:12.436+0000] {dag.py:3954} INFO - Setting next_dagrun for example_branch_dop_operator_v3 to 2025-07-14 13:40:00+00:00, run_after=2025-07-14 13:41:00+00:00
[2025-07-14T13:41:12.446+0000] {processor.py:183} INFO - Processing /home/airflow/.local/lib/python3.12/site-packages/airflow/example_dags/example_branch_python_dop_operator_3.py took 0.047 seconds
