[2025-07-14T13:39:40.237+0000] {processor.py:161} INFO - Started process (PID=59) to work on /home/airflow/.local/lib/python3.12/site-packages/airflow/example_dags/example_trigger_target_dag.py
[2025-07-14T13:39:40.238+0000] {processor.py:830} INFO - Processing file /home/airflow/.local/lib/python3.12/site-packages/airflow/example_dags/example_trigger_target_dag.py for tasks to queue
[2025-07-14T13:39:40.239+0000] {logging_mixin.py:188} INFO - [2025-07-14T13:39:40.239+0000] {dagbag.py:545} INFO - Filling up the DagBag from /home/airflow/.local/lib/python3.12/site-packages/airflow/example_dags/example_trigger_target_dag.py
[2025-07-14T13:39:40.242+0000] {processor.py:840} INFO - DAG(s) 'example_trigger_target_dag' retrieved from /home/airflow/.local/lib/python3.12/site-packages/airflow/example_dags/example_trigger_target_dag.py
[2025-07-14T13:39:40.249+0000] {logging_mixin.py:188} INFO - [2025-07-14T13:39:40.249+0000] {dag.py:3096} INFO - Sync 1 DAGs
[2025-07-14T13:39:40.258+0000] {logging_mixin.py:188} INFO - [2025-07-14T13:39:40.258+0000] {dag.py:3954} INFO - Setting next_dagrun for example_trigger_target_dag to None, run_after=None
[2025-07-14T13:39:40.313+0000] {processor.py:183} INFO - Processing /home/airflow/.local/lib/python3.12/site-packages/airflow/example_dags/example_trigger_target_dag.py took 0.079 seconds
[2025-07-14T13:40:11.391+0000] {processor.py:161} INFO - Started process (PID=117) to work on /home/airflow/.local/lib/python3.12/site-packages/airflow/example_dags/example_trigger_target_dag.py
[2025-07-14T13:40:11.391+0000] {processor.py:830} INFO - Processing file /home/airflow/.local/lib/python3.12/site-packages/airflow/example_dags/example_trigger_target_dag.py for tasks to queue
[2025-07-14T13:40:11.392+0000] {logging_mixin.py:188} INFO - [2025-07-14T13:40:11.392+0000] {dagbag.py:545} INFO - Filling up the DagBag from /home/airflow/.local/lib/python3.12/site-packages/airflow/example_dags/example_trigger_target_dag.py
[2025-07-14T13:40:11.395+0000] {processor.py:840} INFO - DAG(s) 'example_trigger_target_dag' retrieved from /home/airflow/.local/lib/python3.12/site-packages/airflow/example_dags/example_trigger_target_dag.py
[2025-07-14T13:40:11.447+0000] {logging_mixin.py:188} INFO - [2025-07-14T13:40:11.447+0000] {dag.py:3096} INFO - Sync 1 DAGs
[2025-07-14T13:40:11.452+0000] {logging_mixin.py:188} INFO - [2025-07-14T13:40:11.452+0000] {dag.py:3954} INFO - Setting next_dagrun for example_trigger_target_dag to None, run_after=None
[2025-07-14T13:40:11.461+0000] {processor.py:183} INFO - Processing /home/airflow/.local/lib/python3.12/site-packages/airflow/example_dags/example_trigger_target_dag.py took 0.074 seconds
[2025-07-14T13:40:41.928+0000] {processor.py:161} INFO - Started process (PID=175) to work on /home/airflow/.local/lib/python3.12/site-packages/airflow/example_dags/example_trigger_target_dag.py
[2025-07-14T13:40:41.929+0000] {processor.py:830} INFO - Processing file /home/airflow/.local/lib/python3.12/site-packages/airflow/example_dags/example_trigger_target_dag.py for tasks to queue
[2025-07-14T13:40:41.929+0000] {logging_mixin.py:188} INFO - [2025-07-14T13:40:41.929+0000] {dagbag.py:545} INFO - Filling up the DagBag from /home/airflow/.local/lib/python3.12/site-packages/airflow/example_dags/example_trigger_target_dag.py
[2025-07-14T13:40:41.933+0000] {processor.py:840} INFO - DAG(s) 'example_trigger_target_dag' retrieved from /home/airflow/.local/lib/python3.12/site-packages/airflow/example_dags/example_trigger_target_dag.py
[2025-07-14T13:40:41.944+0000] {logging_mixin.py:188} INFO - [2025-07-14T13:40:41.944+0000] {dag.py:3096} INFO - Sync 1 DAGs
[2025-07-14T13:40:41.951+0000] {logging_mixin.py:188} INFO - [2025-07-14T13:40:41.951+0000] {dag.py:3954} INFO - Setting next_dagrun for example_trigger_target_dag to None, run_after=None
[2025-07-14T13:40:41.961+0000] {processor.py:183} INFO - Processing /home/airflow/.local/lib/python3.12/site-packages/airflow/example_dags/example_trigger_target_dag.py took 0.037 seconds
[2025-07-14T13:41:12.673+0000] {processor.py:161} INFO - Started process (PID=233) to work on /home/airflow/.local/lib/python3.12/site-packages/airflow/example_dags/example_trigger_target_dag.py
[2025-07-14T13:41:12.674+0000] {processor.py:830} INFO - Processing file /home/airflow/.local/lib/python3.12/site-packages/airflow/example_dags/example_trigger_target_dag.py for tasks to queue
[2025-07-14T13:41:12.675+0000] {logging_mixin.py:188} INFO - [2025-07-14T13:41:12.675+0000] {dagbag.py:545} INFO - Filling up the DagBag from /home/airflow/.local/lib/python3.12/site-packages/airflow/example_dags/example_trigger_target_dag.py
[2025-07-14T13:41:12.678+0000] {processor.py:840} INFO - DAG(s) 'example_trigger_target_dag' retrieved from /home/airflow/.local/lib/python3.12/site-packages/airflow/example_dags/example_trigger_target_dag.py
[2025-07-14T13:41:12.689+0000] {logging_mixin.py:188} INFO - [2025-07-14T13:41:12.689+0000] {dag.py:3096} INFO - Sync 1 DAGs
[2025-07-14T13:41:12.698+0000] {logging_mixin.py:188} INFO - [2025-07-14T13:41:12.698+0000] {dag.py:3954} INFO - Setting next_dagrun for example_trigger_target_dag to None, run_after=None
[2025-07-14T13:41:12.708+0000] {processor.py:183} INFO - Processing /home/airflow/.local/lib/python3.12/site-packages/airflow/example_dags/example_trigger_target_dag.py took 0.038 seconds
