[2025-07-14T13:39:41.191+0000] {processor.py:161} INFO - Started process (PID=81) to work on /home/airflow/.local/lib/python3.12/site-packages/airflow/example_dags/example_xcom.py
[2025-07-14T13:39:41.191+0000] {processor.py:830} INFO - Processing file /home/airflow/.local/lib/python3.12/site-packages/airflow/example_dags/example_xcom.py for tasks to queue
[2025-07-14T13:39:41.192+0000] {logging_mixin.py:188} INFO - [2025-07-14T13:39:41.192+0000] {dagbag.py:545} INFO - Filling up the DagBag from /home/airflow/.local/lib/python3.12/site-packages/airflow/example_dags/example_xcom.py
[2025-07-14T13:39:41.198+0000] {processor.py:840} INFO - DAG(s) 'example_xcom' retrieved from /home/airflow/.local/lib/python3.12/site-packages/airflow/example_dags/example_xcom.py
[2025-07-14T13:39:41.206+0000] {logging_mixin.py:188} INFO - [2025-07-14T13:39:41.206+0000] {dag.py:3096} INFO - Sync 1 DAGs
[2025-07-14T13:39:41.221+0000] {logging_mixin.py:188} INFO - [2025-07-14T13:39:41.221+0000] {dag.py:3954} INFO - Setting next_dagrun for example_xcom to 2021-01-01 00:00:00+00:00, run_after=2021-01-01 00:00:00+00:00
[2025-07-14T13:39:41.232+0000] {processor.py:183} INFO - Processing /home/airflow/.local/lib/python3.12/site-packages/airflow/example_dags/example_xcom.py took 0.045 seconds
[2025-07-14T13:40:12.550+0000] {processor.py:161} INFO - Started process (PID=139) to work on /home/airflow/.local/lib/python3.12/site-packages/airflow/example_dags/example_xcom.py
[2025-07-14T13:40:12.551+0000] {processor.py:830} INFO - Processing file /home/airflow/.local/lib/python3.12/site-packages/airflow/example_dags/example_xcom.py for tasks to queue
[2025-07-14T13:40:12.551+0000] {logging_mixin.py:188} INFO - [2025-07-14T13:40:12.551+0000] {dagbag.py:545} INFO - Filling up the DagBag from /home/airflow/.local/lib/python3.12/site-packages/airflow/example_dags/example_xcom.py
[2025-07-14T13:40:12.555+0000] {processor.py:840} INFO - DAG(s) 'example_xcom' retrieved from /home/airflow/.local/lib/python3.12/site-packages/airflow/example_dags/example_xcom.py
[2025-07-14T13:40:12.608+0000] {logging_mixin.py:188} INFO - [2025-07-14T13:40:12.607+0000] {dag.py:3096} INFO - Sync 1 DAGs
[2025-07-14T13:40:12.618+0000] {logging_mixin.py:188} INFO - [2025-07-14T13:40:12.618+0000] {dag.py:3954} INFO - Setting next_dagrun for example_xcom to 2021-01-01 00:00:00+00:00, run_after=2021-01-01 00:00:00+00:00
[2025-07-14T13:40:12.627+0000] {processor.py:183} INFO - Processing /home/airflow/.local/lib/python3.12/site-packages/airflow/example_dags/example_xcom.py took 0.080 seconds
[2025-07-14T13:40:43.576+0000] {processor.py:161} INFO - Started process (PID=197) to work on /home/airflow/.local/lib/python3.12/site-packages/airflow/example_dags/example_xcom.py
[2025-07-14T13:40:43.577+0000] {processor.py:830} INFO - Processing file /home/airflow/.local/lib/python3.12/site-packages/airflow/example_dags/example_xcom.py for tasks to queue
[2025-07-14T13:40:43.578+0000] {logging_mixin.py:188} INFO - [2025-07-14T13:40:43.578+0000] {dagbag.py:545} INFO - Filling up the DagBag from /home/airflow/.local/lib/python3.12/site-packages/airflow/example_dags/example_xcom.py
[2025-07-14T13:40:43.582+0000] {processor.py:840} INFO - DAG(s) 'example_xcom' retrieved from /home/airflow/.local/lib/python3.12/site-packages/airflow/example_dags/example_xcom.py
[2025-07-14T13:40:43.594+0000] {logging_mixin.py:188} INFO - [2025-07-14T13:40:43.594+0000] {dag.py:3096} INFO - Sync 1 DAGs
[2025-07-14T13:40:43.605+0000] {logging_mixin.py:188} INFO - [2025-07-14T13:40:43.605+0000] {dag.py:3954} INFO - Setting next_dagrun for example_xcom to 2021-01-01 00:00:00+00:00, run_after=2021-01-01 00:00:00+00:00
[2025-07-14T13:40:43.615+0000] {processor.py:183} INFO - Processing /home/airflow/.local/lib/python3.12/site-packages/airflow/example_dags/example_xcom.py took 0.042 seconds
[2025-07-14T13:41:14.299+0000] {processor.py:161} INFO - Started process (PID=255) to work on /home/airflow/.local/lib/python3.12/site-packages/airflow/example_dags/example_xcom.py
[2025-07-14T13:41:14.300+0000] {processor.py:830} INFO - Processing file /home/airflow/.local/lib/python3.12/site-packages/airflow/example_dags/example_xcom.py for tasks to queue
[2025-07-14T13:41:14.301+0000] {logging_mixin.py:188} INFO - [2025-07-14T13:41:14.301+0000] {dagbag.py:545} INFO - Filling up the DagBag from /home/airflow/.local/lib/python3.12/site-packages/airflow/example_dags/example_xcom.py
[2025-07-14T13:41:14.305+0000] {processor.py:840} INFO - DAG(s) 'example_xcom' retrieved from /home/airflow/.local/lib/python3.12/site-packages/airflow/example_dags/example_xcom.py
[2025-07-14T13:41:14.319+0000] {logging_mixin.py:188} INFO - [2025-07-14T13:41:14.319+0000] {dag.py:3096} INFO - Sync 1 DAGs
[2025-07-14T13:41:14.524+0000] {logging_mixin.py:188} INFO - [2025-07-14T13:41:14.523+0000] {process_utils.py:263} INFO - Waiting up to 5 seconds for processes to exit...
