[2025-07-14T13:39:40.663+0000] {processor.py:161} INFO - Started process (PID=69) to work on /home/airflow/.local/lib/python3.12/site-packages/airflow/example_dags/example_branch_operator.py
[2025-07-14T13:39:40.663+0000] {processor.py:830} INFO - Processing file /home/airflow/.local/lib/python3.12/site-packages/airflow/example_dags/example_branch_operator.py for tasks to queue
[2025-07-14T13:39:40.664+0000] {logging_mixin.py:188} INFO - [2025-07-14T13:39:40.664+0000] {dagbag.py:545} INFO - Filling up the DagBag from /home/airflow/.local/lib/python3.12/site-packages/airflow/example_dags/example_branch_operator.py
[2025-07-14T13:39:40.674+0000] {processor.py:840} INFO - DAG(s) 'example_branch_operator' retrieved from /home/airflow/.local/lib/python3.12/site-packages/airflow/example_dags/example_branch_operator.py
[2025-07-14T13:39:40.681+0000] {logging_mixin.py:188} INFO - [2025-07-14T13:39:40.680+0000] {dag.py:3096} INFO - Sync 1 DAGs
[2025-07-14T13:39:40.694+0000] {logging_mixin.py:188} INFO - [2025-07-14T13:39:40.694+0000] {dag.py:3954} INFO - Setting next_dagrun for example_branch_operator to 2025-07-13 00:00:00+00:00, run_after=2025-07-14 00:00:00+00:00
[2025-07-14T13:39:40.706+0000] {processor.py:183} INFO - Processing /home/airflow/.local/lib/python3.12/site-packages/airflow/example_dags/example_branch_operator.py took 0.047 seconds
[2025-07-14T13:40:11.867+0000] {processor.py:161} INFO - Started process (PID=127) to work on /home/airflow/.local/lib/python3.12/site-packages/airflow/example_dags/example_branch_operator.py
[2025-07-14T13:40:11.868+0000] {processor.py:830} INFO - Processing file /home/airflow/.local/lib/python3.12/site-packages/airflow/example_dags/example_branch_operator.py for tasks to queue
[2025-07-14T13:40:11.869+0000] {logging_mixin.py:188} INFO - [2025-07-14T13:40:11.868+0000] {dagbag.py:545} INFO - Filling up the DagBag from /home/airflow/.local/lib/python3.12/site-packages/airflow/example_dags/example_branch_operator.py
[2025-07-14T13:40:11.877+0000] {processor.py:840} INFO - DAG(s) 'example_branch_operator' retrieved from /home/airflow/.local/lib/python3.12/site-packages/airflow/example_dags/example_branch_operator.py
[2025-07-14T13:40:11.935+0000] {logging_mixin.py:188} INFO - [2025-07-14T13:40:11.935+0000] {dag.py:3096} INFO - Sync 1 DAGs
[2025-07-14T13:40:11.946+0000] {logging_mixin.py:188} INFO - [2025-07-14T13:40:11.946+0000] {dag.py:3954} INFO - Setting next_dagrun for example_branch_operator to 2025-07-13 00:00:00+00:00, run_after=2025-07-14 00:00:00+00:00
[2025-07-14T13:40:11.956+0000] {processor.py:183} INFO - Processing /home/airflow/.local/lib/python3.12/site-packages/airflow/example_dags/example_branch_operator.py took 0.092 seconds
[2025-07-14T13:40:42.241+0000] {processor.py:161} INFO - Started process (PID=185) to work on /home/airflow/.local/lib/python3.12/site-packages/airflow/example_dags/example_branch_operator.py
[2025-07-14T13:40:42.242+0000] {processor.py:830} INFO - Processing file /home/airflow/.local/lib/python3.12/site-packages/airflow/example_dags/example_branch_operator.py for tasks to queue
[2025-07-14T13:40:42.243+0000] {logging_mixin.py:188} INFO - [2025-07-14T13:40:42.243+0000] {dagbag.py:545} INFO - Filling up the DagBag from /home/airflow/.local/lib/python3.12/site-packages/airflow/example_dags/example_branch_operator.py
[2025-07-14T13:40:42.253+0000] {processor.py:840} INFO - DAG(s) 'example_branch_operator' retrieved from /home/airflow/.local/lib/python3.12/site-packages/airflow/example_dags/example_branch_operator.py
[2025-07-14T13:40:42.268+0000] {logging_mixin.py:188} INFO - [2025-07-14T13:40:42.268+0000] {dag.py:3096} INFO - Sync 1 DAGs
[2025-07-14T13:40:42.280+0000] {logging_mixin.py:188} INFO - [2025-07-14T13:40:42.280+0000] {dag.py:3954} INFO - Setting next_dagrun for example_branch_operator to 2025-07-13 00:00:00+00:00, run_after=2025-07-14 00:00:00+00:00
[2025-07-14T13:40:42.290+0000] {processor.py:183} INFO - Processing /home/airflow/.local/lib/python3.12/site-packages/airflow/example_dags/example_branch_operator.py took 0.052 seconds
[2025-07-14T13:41:12.984+0000] {processor.py:161} INFO - Started process (PID=243) to work on /home/airflow/.local/lib/python3.12/site-packages/airflow/example_dags/example_branch_operator.py
[2025-07-14T13:41:12.985+0000] {processor.py:830} INFO - Processing file /home/airflow/.local/lib/python3.12/site-packages/airflow/example_dags/example_branch_operator.py for tasks to queue
[2025-07-14T13:41:12.986+0000] {logging_mixin.py:188} INFO - [2025-07-14T13:41:12.985+0000] {dagbag.py:545} INFO - Filling up the DagBag from /home/airflow/.local/lib/python3.12/site-packages/airflow/example_dags/example_branch_operator.py
[2025-07-14T13:41:12.994+0000] {processor.py:840} INFO - DAG(s) 'example_branch_operator' retrieved from /home/airflow/.local/lib/python3.12/site-packages/airflow/example_dags/example_branch_operator.py
[2025-07-14T13:41:13.008+0000] {logging_mixin.py:188} INFO - [2025-07-14T13:41:13.008+0000] {dag.py:3096} INFO - Sync 1 DAGs
[2025-07-14T13:41:13.019+0000] {logging_mixin.py:188} INFO - [2025-07-14T13:41:13.019+0000] {dag.py:3954} INFO - Setting next_dagrun for example_branch_operator to 2025-07-13 00:00:00+00:00, run_after=2025-07-14 00:00:00+00:00
[2025-07-14T13:41:13.027+0000] {processor.py:183} INFO - Processing /home/airflow/.local/lib/python3.12/site-packages/airflow/example_dags/example_branch_operator.py took 0.046 seconds
