[2025-07-14T13:39:40.513+0000] {processor.py:161} INFO - Started process (PID=65) to work on /home/airflow/.local/lib/python3.12/site-packages/airflow/example_dags/example_sla_dag.py
[2025-07-14T13:39:40.514+0000] {processor.py:830} INFO - Processing file /home/airflow/.local/lib/python3.12/site-packages/airflow/example_dags/example_sla_dag.py for tasks to queue
[2025-07-14T13:39:40.515+0000] {logging_mixin.py:188} INFO - [2025-07-14T13:39:40.514+0000] {dagbag.py:545} INFO - Filling up the DagBag from /home/airflow/.local/lib/python3.12/site-packages/airflow/example_dags/example_sla_dag.py
[2025-07-14T13:39:40.521+0000] {processor.py:840} INFO - DAG(s) 'example_sla_dag' retrieved from /home/airflow/.local/lib/python3.12/site-packages/airflow/example_dags/example_sla_dag.py
[2025-07-14T13:39:40.528+0000] {logging_mixin.py:188} INFO - [2025-07-14T13:39:40.528+0000] {dag.py:3096} INFO - Sync 1 DAGs
[2025-07-14T13:39:40.543+0000] {logging_mixin.py:188} INFO - [2025-07-14T13:39:40.542+0000] {dag.py:3954} INFO - Setting next_dagrun for example_sla_dag to 2025-07-14 13:36:00+00:00, run_after=2025-07-14 13:38:00+00:00
[2025-07-14T13:39:40.570+0000] {processor.py:183} INFO - Processing /home/airflow/.local/lib/python3.12/site-packages/airflow/example_dags/example_sla_dag.py took 0.060 seconds
[2025-07-14T13:40:11.669+0000] {processor.py:161} INFO - Started process (PID=123) to work on /home/airflow/.local/lib/python3.12/site-packages/airflow/example_dags/example_sla_dag.py
[2025-07-14T13:40:11.670+0000] {processor.py:830} INFO - Processing file /home/airflow/.local/lib/python3.12/site-packages/airflow/example_dags/example_sla_dag.py for tasks to queue
[2025-07-14T13:40:11.671+0000] {logging_mixin.py:188} INFO - [2025-07-14T13:40:11.671+0000] {dagbag.py:545} INFO - Filling up the DagBag from /home/airflow/.local/lib/python3.12/site-packages/airflow/example_dags/example_sla_dag.py
[2025-07-14T13:40:11.676+0000] {processor.py:840} INFO - DAG(s) 'example_sla_dag' retrieved from /home/airflow/.local/lib/python3.12/site-packages/airflow/example_dags/example_sla_dag.py
[2025-07-14T13:40:11.729+0000] {logging_mixin.py:188} INFO - [2025-07-14T13:40:11.729+0000] {dag.py:3096} INFO - Sync 1 DAGs
[2025-07-14T13:40:11.739+0000] {logging_mixin.py:188} INFO - [2025-07-14T13:40:11.739+0000] {dag.py:3954} INFO - Setting next_dagrun for example_sla_dag to 2025-07-14 13:38:00+00:00, run_after=2025-07-14 13:40:00+00:00
[2025-07-14T13:40:11.749+0000] {processor.py:183} INFO - Processing /home/airflow/.local/lib/python3.12/site-packages/airflow/example_dags/example_sla_dag.py took 0.083 seconds
[2025-07-14T13:40:42.089+0000] {processor.py:161} INFO - Started process (PID=181) to work on /home/airflow/.local/lib/python3.12/site-packages/airflow/example_dags/example_sla_dag.py
[2025-07-14T13:40:42.090+0000] {processor.py:830} INFO - Processing file /home/airflow/.local/lib/python3.12/site-packages/airflow/example_dags/example_sla_dag.py for tasks to queue
[2025-07-14T13:40:42.091+0000] {logging_mixin.py:188} INFO - [2025-07-14T13:40:42.091+0000] {dagbag.py:545} INFO - Filling up the DagBag from /home/airflow/.local/lib/python3.12/site-packages/airflow/example_dags/example_sla_dag.py
[2025-07-14T13:40:42.096+0000] {processor.py:840} INFO - DAG(s) 'example_sla_dag' retrieved from /home/airflow/.local/lib/python3.12/site-packages/airflow/example_dags/example_sla_dag.py
[2025-07-14T13:40:42.107+0000] {logging_mixin.py:188} INFO - [2025-07-14T13:40:42.106+0000] {dag.py:3096} INFO - Sync 1 DAGs
[2025-07-14T13:40:42.120+0000] {logging_mixin.py:188} INFO - [2025-07-14T13:40:42.119+0000] {dag.py:3954} INFO - Setting next_dagrun for example_sla_dag to 2025-07-14 13:38:00+00:00, run_after=2025-07-14 13:40:00+00:00
[2025-07-14T13:40:42.128+0000] {processor.py:183} INFO - Processing /home/airflow/.local/lib/python3.12/site-packages/airflow/example_dags/example_sla_dag.py took 0.043 seconds
[2025-07-14T13:41:12.837+0000] {processor.py:161} INFO - Started process (PID=239) to work on /home/airflow/.local/lib/python3.12/site-packages/airflow/example_dags/example_sla_dag.py
[2025-07-14T13:41:12.838+0000] {processor.py:830} INFO - Processing file /home/airflow/.local/lib/python3.12/site-packages/airflow/example_dags/example_sla_dag.py for tasks to queue
[2025-07-14T13:41:12.839+0000] {logging_mixin.py:188} INFO - [2025-07-14T13:41:12.839+0000] {dagbag.py:545} INFO - Filling up the DagBag from /home/airflow/.local/lib/python3.12/site-packages/airflow/example_dags/example_sla_dag.py
[2025-07-14T13:41:12.844+0000] {processor.py:840} INFO - DAG(s) 'example_sla_dag' retrieved from /home/airflow/.local/lib/python3.12/site-packages/airflow/example_dags/example_sla_dag.py
[2025-07-14T13:41:12.854+0000] {logging_mixin.py:188} INFO - [2025-07-14T13:41:12.854+0000] {dag.py:3096} INFO - Sync 1 DAGs
[2025-07-14T13:41:12.868+0000] {logging_mixin.py:188} INFO - [2025-07-14T13:41:12.867+0000] {dag.py:3954} INFO - Setting next_dagrun for example_sla_dag to 2025-07-14 13:38:00+00:00, run_after=2025-07-14 13:40:00+00:00
[2025-07-14T13:41:12.877+0000] {processor.py:183} INFO - Processing /home/airflow/.local/lib/python3.12/site-packages/airflow/example_dags/example_sla_dag.py took 0.043 seconds
