[2025-07-14T13:39:39.843+0000] {processor.py:161} INFO - Started process (PID=47) to work on /home/airflow/.local/lib/python3.12/site-packages/airflow/example_dags/example_skip_dag.py
[2025-07-14T13:39:39.844+0000] {processor.py:830} INFO - Processing file /home/airflow/.local/lib/python3.12/site-packages/airflow/example_dags/example_skip_dag.py for tasks to queue
[2025-07-14T13:39:39.845+0000] {logging_mixin.py:188} INFO - [2025-07-14T13:39:39.845+0000] {dagbag.py:545} INFO - Filling up the DagBag from /home/airflow/.local/lib/python3.12/site-packages/airflow/example_dags/example_skip_dag.py
[2025-07-14T13:39:39.866+0000] {processor.py:840} INFO - DAG(s) 'example_skip_dag' retrieved from /home/airflow/.local/lib/python3.12/site-packages/airflow/example_dags/example_skip_dag.py
[2025-07-14T13:39:39.879+0000] {logging_mixin.py:188} INFO - [2025-07-14T13:39:39.879+0000] {dag.py:3096} INFO - Sync 1 DAGs
[2025-07-14T13:39:39.890+0000] {logging_mixin.py:188} INFO - [2025-07-14T13:39:39.889+0000] {dag.py:3954} INFO - Setting next_dagrun for example_skip_dag to 2025-07-13 00:00:00+00:00, run_after=2025-07-14 00:00:00+00:00
[2025-07-14T13:39:39.898+0000] {processor.py:183} INFO - Processing /home/airflow/.local/lib/python3.12/site-packages/airflow/example_dags/example_skip_dag.py took 0.058 seconds
[2025-07-14T13:40:10.585+0000] {processor.py:161} INFO - Started process (PID=105) to work on /home/airflow/.local/lib/python3.12/site-packages/airflow/example_dags/example_skip_dag.py
[2025-07-14T13:40:10.586+0000] {processor.py:830} INFO - Processing file /home/airflow/.local/lib/python3.12/site-packages/airflow/example_dags/example_skip_dag.py for tasks to queue
[2025-07-14T13:40:10.587+0000] {logging_mixin.py:188} INFO - [2025-07-14T13:40:10.587+0000] {dagbag.py:545} INFO - Filling up the DagBag from /home/airflow/.local/lib/python3.12/site-packages/airflow/example_dags/example_skip_dag.py
[2025-07-14T13:40:10.591+0000] {processor.py:840} INFO - DAG(s) 'example_skip_dag' retrieved from /home/airflow/.local/lib/python3.12/site-packages/airflow/example_dags/example_skip_dag.py
[2025-07-14T13:40:10.745+0000] {logging_mixin.py:188} INFO - [2025-07-14T13:40:10.745+0000] {dag.py:3096} INFO - Sync 1 DAGs
[2025-07-14T13:40:10.756+0000] {logging_mixin.py:188} INFO - [2025-07-14T13:40:10.756+0000] {dag.py:3954} INFO - Setting next_dagrun for example_skip_dag to 2025-07-13 00:00:00+00:00, run_after=2025-07-14 00:00:00+00:00
[2025-07-14T13:40:10.767+0000] {processor.py:183} INFO - Processing /home/airflow/.local/lib/python3.12/site-packages/airflow/example_dags/example_skip_dag.py took 0.185 seconds
[2025-07-14T13:40:41.542+0000] {processor.py:161} INFO - Started process (PID=163) to work on /home/airflow/.local/lib/python3.12/site-packages/airflow/example_dags/example_skip_dag.py
[2025-07-14T13:40:41.543+0000] {processor.py:830} INFO - Processing file /home/airflow/.local/lib/python3.12/site-packages/airflow/example_dags/example_skip_dag.py for tasks to queue
[2025-07-14T13:40:41.544+0000] {logging_mixin.py:188} INFO - [2025-07-14T13:40:41.544+0000] {dagbag.py:545} INFO - Filling up the DagBag from /home/airflow/.local/lib/python3.12/site-packages/airflow/example_dags/example_skip_dag.py
[2025-07-14T13:40:41.548+0000] {processor.py:840} INFO - DAG(s) 'example_skip_dag' retrieved from /home/airflow/.local/lib/python3.12/site-packages/airflow/example_dags/example_skip_dag.py
[2025-07-14T13:40:41.560+0000] {logging_mixin.py:188} INFO - [2025-07-14T13:40:41.560+0000] {dag.py:3096} INFO - Sync 1 DAGs
[2025-07-14T13:40:41.572+0000] {logging_mixin.py:188} INFO - [2025-07-14T13:40:41.572+0000] {dag.py:3954} INFO - Setting next_dagrun for example_skip_dag to 2025-07-13 00:00:00+00:00, run_after=2025-07-14 00:00:00+00:00
[2025-07-14T13:40:41.582+0000] {processor.py:183} INFO - Processing /home/airflow/.local/lib/python3.12/site-packages/airflow/example_dags/example_skip_dag.py took 0.043 seconds
[2025-07-14T13:41:12.282+0000] {processor.py:161} INFO - Started process (PID=221) to work on /home/airflow/.local/lib/python3.12/site-packages/airflow/example_dags/example_skip_dag.py
[2025-07-14T13:41:12.283+0000] {processor.py:830} INFO - Processing file /home/airflow/.local/lib/python3.12/site-packages/airflow/example_dags/example_skip_dag.py for tasks to queue
[2025-07-14T13:41:12.284+0000] {logging_mixin.py:188} INFO - [2025-07-14T13:41:12.284+0000] {dagbag.py:545} INFO - Filling up the DagBag from /home/airflow/.local/lib/python3.12/site-packages/airflow/example_dags/example_skip_dag.py
[2025-07-14T13:41:12.288+0000] {processor.py:840} INFO - DAG(s) 'example_skip_dag' retrieved from /home/airflow/.local/lib/python3.12/site-packages/airflow/example_dags/example_skip_dag.py
[2025-07-14T13:41:12.301+0000] {logging_mixin.py:188} INFO - [2025-07-14T13:41:12.300+0000] {dag.py:3096} INFO - Sync 1 DAGs
[2025-07-14T13:41:12.313+0000] {logging_mixin.py:188} INFO - [2025-07-14T13:41:12.313+0000] {dag.py:3954} INFO - Setting next_dagrun for example_skip_dag to 2025-07-13 00:00:00+00:00, run_after=2025-07-14 00:00:00+00:00
[2025-07-14T13:41:12.322+0000] {processor.py:183} INFO - Processing /home/airflow/.local/lib/python3.12/site-packages/airflow/example_dags/example_skip_dag.py took 0.043 seconds
