[2025-07-14T13:39:40.833+0000] {processor.py:161} INFO - Started process (PID=73) to work on /home/airflow/.local/lib/python3.12/site-packages/airflow/example_dags/example_complex.py
[2025-07-14T13:39:40.834+0000] {processor.py:830} INFO - Processing file /home/airflow/.local/lib/python3.12/site-packages/airflow/example_dags/example_complex.py for tasks to queue
[2025-07-14T13:39:40.835+0000] {logging_mixin.py:188} INFO - [2025-07-14T13:39:40.834+0000] {dagbag.py:545} INFO - Filling up the DagBag from /home/airflow/.local/lib/python3.12/site-packages/airflow/example_dags/example_complex.py
[2025-07-14T13:39:40.841+0000] {processor.py:840} INFO - DAG(s) 'example_complex' retrieved from /home/airflow/.local/lib/python3.12/site-packages/airflow/example_dags/example_complex.py
[2025-07-14T13:39:40.847+0000] {logging_mixin.py:188} INFO - [2025-07-14T13:39:40.847+0000] {dag.py:3096} INFO - Sync 1 DAGs
[2025-07-14T13:39:40.854+0000] {logging_mixin.py:188} INFO - [2025-07-14T13:39:40.854+0000] {dag.py:3954} INFO - Setting next_dagrun for example_complex to None, run_after=None
[2025-07-14T13:39:40.863+0000] {processor.py:183} INFO - Processing /home/airflow/.local/lib/python3.12/site-packages/airflow/example_dags/example_complex.py took 0.034 seconds
[2025-07-14T13:40:12.071+0000] {processor.py:161} INFO - Started process (PID=131) to work on /home/airflow/.local/lib/python3.12/site-packages/airflow/example_dags/example_complex.py
[2025-07-14T13:40:12.071+0000] {processor.py:830} INFO - Processing file /home/airflow/.local/lib/python3.12/site-packages/airflow/example_dags/example_complex.py for tasks to queue
[2025-07-14T13:40:12.072+0000] {logging_mixin.py:188} INFO - [2025-07-14T13:40:12.072+0000] {dagbag.py:545} INFO - Filling up the DagBag from /home/airflow/.local/lib/python3.12/site-packages/airflow/example_dags/example_complex.py
[2025-07-14T13:40:12.077+0000] {processor.py:840} INFO - DAG(s) 'example_complex' retrieved from /home/airflow/.local/lib/python3.12/site-packages/airflow/example_dags/example_complex.py
[2025-07-14T13:40:12.134+0000] {logging_mixin.py:188} INFO - [2025-07-14T13:40:12.134+0000] {dag.py:3096} INFO - Sync 1 DAGs
[2025-07-14T13:40:12.140+0000] {logging_mixin.py:188} INFO - [2025-07-14T13:40:12.140+0000] {dag.py:3954} INFO - Setting next_dagrun for example_complex to None, run_after=None
[2025-07-14T13:40:12.149+0000] {processor.py:183} INFO - Processing /home/airflow/.local/lib/python3.12/site-packages/airflow/example_dags/example_complex.py took 0.081 seconds
[2025-07-14T13:40:42.385+0000] {processor.py:161} INFO - Started process (PID=189) to work on /home/airflow/.local/lib/python3.12/site-packages/airflow/example_dags/example_complex.py
[2025-07-14T13:40:42.385+0000] {processor.py:830} INFO - Processing file /home/airflow/.local/lib/python3.12/site-packages/airflow/example_dags/example_complex.py for tasks to queue
[2025-07-14T13:40:42.386+0000] {logging_mixin.py:188} INFO - [2025-07-14T13:40:42.386+0000] {dagbag.py:545} INFO - Filling up the DagBag from /home/airflow/.local/lib/python3.12/site-packages/airflow/example_dags/example_complex.py
[2025-07-14T13:40:42.391+0000] {processor.py:840} INFO - DAG(s) 'example_complex' retrieved from /home/airflow/.local/lib/python3.12/site-packages/airflow/example_dags/example_complex.py
[2025-07-14T13:40:42.406+0000] {logging_mixin.py:188} INFO - [2025-07-14T13:40:42.406+0000] {dag.py:3096} INFO - Sync 1 DAGs
[2025-07-14T13:40:42.414+0000] {logging_mixin.py:188} INFO - [2025-07-14T13:40:42.413+0000] {dag.py:3954} INFO - Setting next_dagrun for example_complex to None, run_after=None
[2025-07-14T13:40:42.422+0000] {processor.py:183} INFO - Processing /home/airflow/.local/lib/python3.12/site-packages/airflow/example_dags/example_complex.py took 0.041 seconds
[2025-07-14T13:41:13.093+0000] {processor.py:161} INFO - Started process (PID=247) to work on /home/airflow/.local/lib/python3.12/site-packages/airflow/example_dags/example_complex.py
[2025-07-14T13:41:13.094+0000] {processor.py:830} INFO - Processing file /home/airflow/.local/lib/python3.12/site-packages/airflow/example_dags/example_complex.py for tasks to queue
[2025-07-14T13:41:13.095+0000] {logging_mixin.py:188} INFO - [2025-07-14T13:41:13.095+0000] {dagbag.py:545} INFO - Filling up the DagBag from /home/airflow/.local/lib/python3.12/site-packages/airflow/example_dags/example_complex.py
[2025-07-14T13:41:13.100+0000] {processor.py:840} INFO - DAG(s) 'example_complex' retrieved from /home/airflow/.local/lib/python3.12/site-packages/airflow/example_dags/example_complex.py
[2025-07-14T13:41:13.117+0000] {logging_mixin.py:188} INFO - [2025-07-14T13:41:13.116+0000] {dag.py:3096} INFO - Sync 1 DAGs
[2025-07-14T13:41:13.123+0000] {logging_mixin.py:188} INFO - [2025-07-14T13:41:13.123+0000] {dag.py:3954} INFO - Setting next_dagrun for example_complex to None, run_after=None
[2025-07-14T13:41:13.131+0000] {processor.py:183} INFO - Processing /home/airflow/.local/lib/python3.12/site-packages/airflow/example_dags/example_complex.py took 0.041 seconds
