[2025-07-14T13:39:40.441+0000] {processor.py:161} INFO - Started process (PID=63) to work on /home/airflow/.local/lib/python3.12/site-packages/airflow/example_dags/example_sensors.py
[2025-07-14T13:39:40.442+0000] {processor.py:830} INFO - Processing file /home/airflow/.local/lib/python3.12/site-packages/airflow/example_dags/example_sensors.py for tasks to queue
[2025-07-14T13:39:40.443+0000] {logging_mixin.py:188} INFO - [2025-07-14T13:39:40.442+0000] {dagbag.py:545} INFO - Filling up the DagBag from /home/airflow/.local/lib/python3.12/site-packages/airflow/example_dags/example_sensors.py
[2025-07-14T13:39:40.448+0000] {processor.py:840} INFO - DAG(s) 'example_sensors' retrieved from /home/airflow/.local/lib/python3.12/site-packages/airflow/example_dags/example_sensors.py
[2025-07-14T13:39:40.456+0000] {logging_mixin.py:188} INFO - [2025-07-14T13:39:40.456+0000] {dag.py:3096} INFO - Sync 1 DAGs
[2025-07-14T13:39:40.463+0000] {logging_mixin.py:188} INFO - [2025-07-14T13:39:40.463+0000] {dag.py:3954} INFO - Setting next_dagrun for example_sensors to None, run_after=None
[2025-07-14T13:39:40.490+0000] {processor.py:183} INFO - Processing /home/airflow/.local/lib/python3.12/site-packages/airflow/example_dags/example_sensors.py took 0.052 seconds
[2025-07-14T13:40:11.573+0000] {processor.py:161} INFO - Started process (PID=121) to work on /home/airflow/.local/lib/python3.12/site-packages/airflow/example_dags/example_sensors.py
[2025-07-14T13:40:11.574+0000] {processor.py:830} INFO - Processing file /home/airflow/.local/lib/python3.12/site-packages/airflow/example_dags/example_sensors.py for tasks to queue
[2025-07-14T13:40:11.575+0000] {logging_mixin.py:188} INFO - [2025-07-14T13:40:11.575+0000] {dagbag.py:545} INFO - Filling up the DagBag from /home/airflow/.local/lib/python3.12/site-packages/airflow/example_dags/example_sensors.py
[2025-07-14T13:40:11.581+0000] {processor.py:840} INFO - DAG(s) 'example_sensors' retrieved from /home/airflow/.local/lib/python3.12/site-packages/airflow/example_dags/example_sensors.py
[2025-07-14T13:40:11.636+0000] {logging_mixin.py:188} INFO - [2025-07-14T13:40:11.636+0000] {dag.py:3096} INFO - Sync 1 DAGs
[2025-07-14T13:40:11.641+0000] {logging_mixin.py:188} INFO - [2025-07-14T13:40:11.641+0000] {dag.py:3954} INFO - Setting next_dagrun for example_sensors to None, run_after=None
[2025-07-14T13:40:11.650+0000] {processor.py:183} INFO - Processing /home/airflow/.local/lib/python3.12/site-packages/airflow/example_dags/example_sensors.py took 0.080 seconds
[2025-07-14T13:40:42.035+0000] {processor.py:161} INFO - Started process (PID=179) to work on /home/airflow/.local/lib/python3.12/site-packages/airflow/example_dags/example_sensors.py
[2025-07-14T13:40:42.035+0000] {processor.py:830} INFO - Processing file /home/airflow/.local/lib/python3.12/site-packages/airflow/example_dags/example_sensors.py for tasks to queue
[2025-07-14T13:40:42.036+0000] {logging_mixin.py:188} INFO - [2025-07-14T13:40:42.036+0000] {dagbag.py:545} INFO - Filling up the DagBag from /home/airflow/.local/lib/python3.12/site-packages/airflow/example_dags/example_sensors.py
[2025-07-14T13:40:42.042+0000] {processor.py:840} INFO - DAG(s) 'example_sensors' retrieved from /home/airflow/.local/lib/python3.12/site-packages/airflow/example_dags/example_sensors.py
[2025-07-14T13:40:42.055+0000] {logging_mixin.py:188} INFO - [2025-07-14T13:40:42.055+0000] {dag.py:3096} INFO - Sync 1 DAGs
[2025-07-14T13:40:42.062+0000] {logging_mixin.py:188} INFO - [2025-07-14T13:40:42.062+0000] {dag.py:3954} INFO - Setting next_dagrun for example_sensors to None, run_after=None
[2025-07-14T13:40:42.072+0000] {processor.py:183} INFO - Processing /home/airflow/.local/lib/python3.12/site-packages/airflow/example_dags/example_sensors.py took 0.041 seconds
[2025-07-14T13:41:12.783+0000] {processor.py:161} INFO - Started process (PID=237) to work on /home/airflow/.local/lib/python3.12/site-packages/airflow/example_dags/example_sensors.py
[2025-07-14T13:41:12.784+0000] {processor.py:830} INFO - Processing file /home/airflow/.local/lib/python3.12/site-packages/airflow/example_dags/example_sensors.py for tasks to queue
[2025-07-14T13:41:12.785+0000] {logging_mixin.py:188} INFO - [2025-07-14T13:41:12.784+0000] {dagbag.py:545} INFO - Filling up the DagBag from /home/airflow/.local/lib/python3.12/site-packages/airflow/example_dags/example_sensors.py
[2025-07-14T13:41:12.790+0000] {processor.py:840} INFO - DAG(s) 'example_sensors' retrieved from /home/airflow/.local/lib/python3.12/site-packages/airflow/example_dags/example_sensors.py
[2025-07-14T13:41:12.804+0000] {logging_mixin.py:188} INFO - [2025-07-14T13:41:12.804+0000] {dag.py:3096} INFO - Sync 1 DAGs
[2025-07-14T13:41:12.811+0000] {logging_mixin.py:188} INFO - [2025-07-14T13:41:12.811+0000] {dag.py:3954} INFO - Setting next_dagrun for example_sensors to None, run_after=None
[2025-07-14T13:41:12.820+0000] {processor.py:183} INFO - Processing /home/airflow/.local/lib/python3.12/site-packages/airflow/example_dags/example_sensors.py took 0.041 seconds
