[2025-07-14T13:39:40.625+0000] {processor.py:161} INFO - Started process (PID=68) to work on /home/airflow/.local/lib/python3.12/site-packages/airflow/example_dags/example_display_name.py
[2025-07-14T13:39:40.626+0000] {processor.py:830} INFO - Processing file /home/airflow/.local/lib/python3.12/site-packages/airflow/example_dags/example_display_name.py for tasks to queue
[2025-07-14T13:39:40.627+0000] {logging_mixin.py:188} INFO - [2025-07-14T13:39:40.627+0000] {dagbag.py:545} INFO - Filling up the DagBag from /home/airflow/.local/lib/python3.12/site-packages/airflow/example_dags/example_display_name.py
[2025-07-14T13:39:40.630+0000] {processor.py:840} INFO - DAG(s) 'example_display_name' retrieved from /home/airflow/.local/lib/python3.12/site-packages/airflow/example_dags/example_display_name.py
[2025-07-14T13:39:40.637+0000] {logging_mixin.py:188} INFO - [2025-07-14T13:39:40.637+0000] {dag.py:3096} INFO - Sync 1 DAGs
[2025-07-14T13:39:40.645+0000] {logging_mixin.py:188} INFO - [2025-07-14T13:39:40.645+0000] {dag.py:3954} INFO - Setting next_dagrun for example_display_name to None, run_after=None
[2025-07-14T13:39:40.679+0000] {processor.py:183} INFO - Processing /home/airflow/.local/lib/python3.12/site-packages/airflow/example_dags/example_display_name.py took 0.057 seconds
[2025-07-14T13:40:11.809+0000] {processor.py:161} INFO - Started process (PID=126) to work on /home/airflow/.local/lib/python3.12/site-packages/airflow/example_dags/example_display_name.py
[2025-07-14T13:40:11.809+0000] {processor.py:830} INFO - Processing file /home/airflow/.local/lib/python3.12/site-packages/airflow/example_dags/example_display_name.py for tasks to queue
[2025-07-14T13:40:11.810+0000] {logging_mixin.py:188} INFO - [2025-07-14T13:40:11.810+0000] {dagbag.py:545} INFO - Filling up the DagBag from /home/airflow/.local/lib/python3.12/site-packages/airflow/example_dags/example_display_name.py
[2025-07-14T13:40:11.813+0000] {processor.py:840} INFO - DAG(s) 'example_display_name' retrieved from /home/airflow/.local/lib/python3.12/site-packages/airflow/example_dags/example_display_name.py
[2025-07-14T13:40:11.868+0000] {logging_mixin.py:188} INFO - [2025-07-14T13:40:11.868+0000] {dag.py:3096} INFO - Sync 1 DAGs
[2025-07-14T13:40:11.874+0000] {logging_mixin.py:188} INFO - [2025-07-14T13:40:11.874+0000] {dag.py:3954} INFO - Setting next_dagrun for example_display_name to None, run_after=None
[2025-07-14T13:40:11.883+0000] {processor.py:183} INFO - Processing /home/airflow/.local/lib/python3.12/site-packages/airflow/example_dags/example_display_name.py took 0.079 seconds
[2025-07-14T13:40:42.194+0000] {processor.py:161} INFO - Started process (PID=184) to work on /home/airflow/.local/lib/python3.12/site-packages/airflow/example_dags/example_display_name.py
[2025-07-14T13:40:42.195+0000] {processor.py:830} INFO - Processing file /home/airflow/.local/lib/python3.12/site-packages/airflow/example_dags/example_display_name.py for tasks to queue
[2025-07-14T13:40:42.196+0000] {logging_mixin.py:188} INFO - [2025-07-14T13:40:42.195+0000] {dagbag.py:545} INFO - Filling up the DagBag from /home/airflow/.local/lib/python3.12/site-packages/airflow/example_dags/example_display_name.py
[2025-07-14T13:40:42.199+0000] {processor.py:840} INFO - DAG(s) 'example_display_name' retrieved from /home/airflow/.local/lib/python3.12/site-packages/airflow/example_dags/example_display_name.py
[2025-07-14T13:40:42.209+0000] {logging_mixin.py:188} INFO - [2025-07-14T13:40:42.209+0000] {dag.py:3096} INFO - Sync 1 DAGs
[2025-07-14T13:40:42.216+0000] {logging_mixin.py:188} INFO - [2025-07-14T13:40:42.216+0000] {dag.py:3954} INFO - Setting next_dagrun for example_display_name to None, run_after=None
[2025-07-14T13:40:42.225+0000] {processor.py:183} INFO - Processing /home/airflow/.local/lib/python3.12/site-packages/airflow/example_dags/example_display_name.py took 0.035 seconds
[2025-07-14T13:41:12.942+0000] {processor.py:161} INFO - Started process (PID=242) to work on /home/airflow/.local/lib/python3.12/site-packages/airflow/example_dags/example_display_name.py
[2025-07-14T13:41:12.942+0000] {processor.py:830} INFO - Processing file /home/airflow/.local/lib/python3.12/site-packages/airflow/example_dags/example_display_name.py for tasks to queue
[2025-07-14T13:41:12.943+0000] {logging_mixin.py:188} INFO - [2025-07-14T13:41:12.943+0000] {dagbag.py:545} INFO - Filling up the DagBag from /home/airflow/.local/lib/python3.12/site-packages/airflow/example_dags/example_display_name.py
[2025-07-14T13:41:12.946+0000] {processor.py:840} INFO - DAG(s) 'example_display_name' retrieved from /home/airflow/.local/lib/python3.12/site-packages/airflow/example_dags/example_display_name.py
[2025-07-14T13:41:12.955+0000] {logging_mixin.py:188} INFO - [2025-07-14T13:41:12.955+0000] {dag.py:3096} INFO - Sync 1 DAGs
[2025-07-14T13:41:12.961+0000] {logging_mixin.py:188} INFO - [2025-07-14T13:41:12.961+0000] {dag.py:3954} INFO - Setting next_dagrun for example_display_name to None, run_after=None
[2025-07-14T13:41:12.969+0000] {processor.py:183} INFO - Processing /home/airflow/.local/lib/python3.12/site-packages/airflow/example_dags/example_display_name.py took 0.031 seconds
