[2025-07-14T13:39:41.081+0000] {processor.py:161} INFO - Started process (PID=79) to work on /home/airflow/.local/lib/python3.12/site-packages/airflow/example_dags/example_xcomargs.py
[2025-07-14T13:39:41.082+0000] {processor.py:830} INFO - Processing file /home/airflow/.local/lib/python3.12/site-packages/airflow/example_dags/example_xcomargs.py for tasks to queue
[2025-07-14T13:39:41.083+0000] {logging_mixin.py:188} INFO - [2025-07-14T13:39:41.083+0000] {dagbag.py:545} INFO - Filling up the DagBag from /home/airflow/.local/lib/python3.12/site-packages/airflow/example_dags/example_xcomargs.py
[2025-07-14T13:39:41.089+0000] {processor.py:840} INFO - DAG(s) 'example_xcom_args_with_operators', 'example_xcom_args' retrieved from /home/airflow/.local/lib/python3.12/site-packages/airflow/example_dags/example_xcomargs.py
[2025-07-14T13:39:41.098+0000] {logging_mixin.py:188} INFO - [2025-07-14T13:39:41.098+0000] {dag.py:3096} INFO - Sync 2 DAGs
[2025-07-14T13:39:41.108+0000] {logging_mixin.py:188} INFO - [2025-07-14T13:39:41.108+0000] {dag.py:3954} INFO - Setting next_dagrun for example_xcom_args to None, run_after=None
[2025-07-14T13:39:41.110+0000] {logging_mixin.py:188} INFO - [2025-07-14T13:39:41.110+0000] {dag.py:3954} INFO - Setting next_dagrun for example_xcom_args_with_operators to None, run_after=None
[2025-07-14T13:39:41.120+0000] {processor.py:183} INFO - Processing /home/airflow/.local/lib/python3.12/site-packages/airflow/example_dags/example_xcomargs.py took 0.042 seconds
[2025-07-14T13:40:12.450+0000] {processor.py:161} INFO - Started process (PID=137) to work on /home/airflow/.local/lib/python3.12/site-packages/airflow/example_dags/example_xcomargs.py
[2025-07-14T13:40:12.450+0000] {processor.py:830} INFO - Processing file /home/airflow/.local/lib/python3.12/site-packages/airflow/example_dags/example_xcomargs.py for tasks to queue
[2025-07-14T13:40:12.451+0000] {logging_mixin.py:188} INFO - [2025-07-14T13:40:12.451+0000] {dagbag.py:545} INFO - Filling up the DagBag from /home/airflow/.local/lib/python3.12/site-packages/airflow/example_dags/example_xcomargs.py
[2025-07-14T13:40:12.456+0000] {processor.py:840} INFO - DAG(s) 'example_xcom_args', 'example_xcom_args_with_operators' retrieved from /home/airflow/.local/lib/python3.12/site-packages/airflow/example_dags/example_xcomargs.py
[2025-07-14T13:40:12.513+0000] {logging_mixin.py:188} INFO - [2025-07-14T13:40:12.513+0000] {dag.py:3096} INFO - Sync 2 DAGs
[2025-07-14T13:40:12.519+0000] {logging_mixin.py:188} INFO - [2025-07-14T13:40:12.519+0000] {dag.py:3954} INFO - Setting next_dagrun for example_xcom_args to None, run_after=None
[2025-07-14T13:40:12.520+0000] {logging_mixin.py:188} INFO - [2025-07-14T13:40:12.520+0000] {dag.py:3954} INFO - Setting next_dagrun for example_xcom_args_with_operators to None, run_after=None
[2025-07-14T13:40:12.528+0000] {processor.py:183} INFO - Processing /home/airflow/.local/lib/python3.12/site-packages/airflow/example_dags/example_xcomargs.py took 0.081 seconds
[2025-07-14T13:40:42.563+0000] {processor.py:161} INFO - Started process (PID=195) to work on /home/airflow/.local/lib/python3.12/site-packages/airflow/example_dags/example_xcomargs.py
[2025-07-14T13:40:42.563+0000] {processor.py:830} INFO - Processing file /home/airflow/.local/lib/python3.12/site-packages/airflow/example_dags/example_xcomargs.py for tasks to queue
[2025-07-14T13:40:42.564+0000] {logging_mixin.py:188} INFO - [2025-07-14T13:40:42.564+0000] {dagbag.py:545} INFO - Filling up the DagBag from /home/airflow/.local/lib/python3.12/site-packages/airflow/example_dags/example_xcomargs.py
[2025-07-14T13:40:42.569+0000] {processor.py:840} INFO - DAG(s) 'example_xcom_args', 'example_xcom_args_with_operators' retrieved from /home/airflow/.local/lib/python3.12/site-packages/airflow/example_dags/example_xcomargs.py
[2025-07-14T13:40:42.580+0000] {logging_mixin.py:188} INFO - [2025-07-14T13:40:42.580+0000] {dag.py:3096} INFO - Sync 2 DAGs
[2025-07-14T13:40:42.586+0000] {logging_mixin.py:188} INFO - [2025-07-14T13:40:42.586+0000] {dag.py:3954} INFO - Setting next_dagrun for example_xcom_args to None, run_after=None
[2025-07-14T13:40:42.588+0000] {logging_mixin.py:188} INFO - [2025-07-14T13:40:42.588+0000] {dag.py:3954} INFO - Setting next_dagrun for example_xcom_args_with_operators to None, run_after=None
[2025-07-14T13:40:42.596+0000] {processor.py:183} INFO - Processing /home/airflow/.local/lib/python3.12/site-packages/airflow/example_dags/example_xcomargs.py took 0.036 seconds
[2025-07-14T13:41:13.255+0000] {processor.py:161} INFO - Started process (PID=253) to work on /home/airflow/.local/lib/python3.12/site-packages/airflow/example_dags/example_xcomargs.py
[2025-07-14T13:41:13.255+0000] {processor.py:830} INFO - Processing file /home/airflow/.local/lib/python3.12/site-packages/airflow/example_dags/example_xcomargs.py for tasks to queue
[2025-07-14T13:41:13.256+0000] {logging_mixin.py:188} INFO - [2025-07-14T13:41:13.256+0000] {dagbag.py:545} INFO - Filling up the DagBag from /home/airflow/.local/lib/python3.12/site-packages/airflow/example_dags/example_xcomargs.py
[2025-07-14T13:41:13.261+0000] {processor.py:840} INFO - DAG(s) 'example_xcom_args_with_operators', 'example_xcom_args' retrieved from /home/airflow/.local/lib/python3.12/site-packages/airflow/example_dags/example_xcomargs.py
[2025-07-14T13:41:13.275+0000] {logging_mixin.py:188} INFO - [2025-07-14T13:41:13.275+0000] {dag.py:3096} INFO - Sync 2 DAGs
[2025-07-14T13:41:13.281+0000] {logging_mixin.py:188} INFO - [2025-07-14T13:41:13.281+0000] {dag.py:3954} INFO - Setting next_dagrun for example_xcom_args to None, run_after=None
[2025-07-14T13:41:13.283+0000] {logging_mixin.py:188} INFO - [2025-07-14T13:41:13.283+0000] {dag.py:3954} INFO - Setting next_dagrun for example_xcom_args_with_operators to None, run_after=None
[2025-07-14T13:41:13.290+0000] {processor.py:183} INFO - Processing /home/airflow/.local/lib/python3.12/site-packages/airflow/example_dags/example_xcomargs.py took 0.039 seconds
