[2025-07-14T13:39:40.761+0000] {processor.py:161} INFO - Started process (PID=71) to work on /home/airflow/.local/lib/python3.12/site-packages/airflow/example_dags/example_trigger_controller_dag.py
[2025-07-14T13:39:40.762+0000] {processor.py:830} INFO - Processing file /home/airflow/.local/lib/python3.12/site-packages/airflow/example_dags/example_trigger_controller_dag.py for tasks to queue
[2025-07-14T13:39:40.763+0000] {logging_mixin.py:188} INFO - [2025-07-14T13:39:40.763+0000] {dagbag.py:545} INFO - Filling up the DagBag from /home/airflow/.local/lib/python3.12/site-packages/airflow/example_dags/example_trigger_controller_dag.py
[2025-07-14T13:39:40.766+0000] {processor.py:840} INFO - DAG(s) 'example_trigger_controller_dag' retrieved from /home/airflow/.local/lib/python3.12/site-packages/airflow/example_dags/example_trigger_controller_dag.py
[2025-07-14T13:39:40.772+0000] {logging_mixin.py:188} INFO - [2025-07-14T13:39:40.772+0000] {dag.py:3096} INFO - Sync 1 DAGs
[2025-07-14T13:39:40.783+0000] {logging_mixin.py:188} INFO - [2025-07-14T13:39:40.783+0000] {dag.py:3954} INFO - Setting next_dagrun for example_trigger_controller_dag to 2021-01-01 00:00:00+00:00, run_after=2021-01-01 00:00:00+00:00
[2025-07-14T13:39:40.792+0000] {processor.py:183} INFO - Processing /home/airflow/.local/lib/python3.12/site-packages/airflow/example_dags/example_trigger_controller_dag.py took 0.035 seconds
[2025-07-14T13:40:11.976+0000] {processor.py:161} INFO - Started process (PID=129) to work on /home/airflow/.local/lib/python3.12/site-packages/airflow/example_dags/example_trigger_controller_dag.py
[2025-07-14T13:40:11.977+0000] {processor.py:830} INFO - Processing file /home/airflow/.local/lib/python3.12/site-packages/airflow/example_dags/example_trigger_controller_dag.py for tasks to queue
[2025-07-14T13:40:11.978+0000] {logging_mixin.py:188} INFO - [2025-07-14T13:40:11.978+0000] {dagbag.py:545} INFO - Filling up the DagBag from /home/airflow/.local/lib/python3.12/site-packages/airflow/example_dags/example_trigger_controller_dag.py
[2025-07-14T13:40:11.981+0000] {processor.py:840} INFO - DAG(s) 'example_trigger_controller_dag' retrieved from /home/airflow/.local/lib/python3.12/site-packages/airflow/example_dags/example_trigger_controller_dag.py
[2025-07-14T13:40:12.034+0000] {logging_mixin.py:188} INFO - [2025-07-14T13:40:12.034+0000] {dag.py:3096} INFO - Sync 1 DAGs
[2025-07-14T13:40:12.044+0000] {logging_mixin.py:188} INFO - [2025-07-14T13:40:12.044+0000] {dag.py:3954} INFO - Setting next_dagrun for example_trigger_controller_dag to 2021-01-01 00:00:00+00:00, run_after=2021-01-01 00:00:00+00:00
[2025-07-14T13:40:12.053+0000] {processor.py:183} INFO - Processing /home/airflow/.local/lib/python3.12/site-packages/airflow/example_dags/example_trigger_controller_dag.py took 0.080 seconds
[2025-07-14T13:40:42.310+0000] {processor.py:161} INFO - Started process (PID=187) to work on /home/airflow/.local/lib/python3.12/site-packages/airflow/example_dags/example_trigger_controller_dag.py
[2025-07-14T13:40:42.311+0000] {processor.py:830} INFO - Processing file /home/airflow/.local/lib/python3.12/site-packages/airflow/example_dags/example_trigger_controller_dag.py for tasks to queue
[2025-07-14T13:40:42.312+0000] {logging_mixin.py:188} INFO - [2025-07-14T13:40:42.311+0000] {dagbag.py:545} INFO - Filling up the DagBag from /home/airflow/.local/lib/python3.12/site-packages/airflow/example_dags/example_trigger_controller_dag.py
[2025-07-14T13:40:42.314+0000] {processor.py:840} INFO - DAG(s) 'example_trigger_controller_dag' retrieved from /home/airflow/.local/lib/python3.12/site-packages/airflow/example_dags/example_trigger_controller_dag.py
[2025-07-14T13:40:42.324+0000] {logging_mixin.py:188} INFO - [2025-07-14T13:40:42.324+0000] {dag.py:3096} INFO - Sync 1 DAGs
[2025-07-14T13:40:42.335+0000] {logging_mixin.py:188} INFO - [2025-07-14T13:40:42.335+0000] {dag.py:3954} INFO - Setting next_dagrun for example_trigger_controller_dag to 2021-01-01 00:00:00+00:00, run_after=2021-01-01 00:00:00+00:00
[2025-07-14T13:40:42.343+0000] {processor.py:183} INFO - Processing /home/airflow/.local/lib/python3.12/site-packages/airflow/example_dags/example_trigger_controller_dag.py took 0.036 seconds
[2025-07-14T13:41:13.043+0000] {processor.py:161} INFO - Started process (PID=245) to work on /home/airflow/.local/lib/python3.12/site-packages/airflow/example_dags/example_trigger_controller_dag.py
[2025-07-14T13:41:13.044+0000] {processor.py:830} INFO - Processing file /home/airflow/.local/lib/python3.12/site-packages/airflow/example_dags/example_trigger_controller_dag.py for tasks to queue
[2025-07-14T13:41:13.045+0000] {logging_mixin.py:188} INFO - [2025-07-14T13:41:13.044+0000] {dagbag.py:545} INFO - Filling up the DagBag from /home/airflow/.local/lib/python3.12/site-packages/airflow/example_dags/example_trigger_controller_dag.py
[2025-07-14T13:41:13.047+0000] {processor.py:840} INFO - DAG(s) 'example_trigger_controller_dag' retrieved from /home/airflow/.local/lib/python3.12/site-packages/airflow/example_dags/example_trigger_controller_dag.py
[2025-07-14T13:41:13.057+0000] {logging_mixin.py:188} INFO - [2025-07-14T13:41:13.056+0000] {dag.py:3096} INFO - Sync 1 DAGs
[2025-07-14T13:41:13.067+0000] {logging_mixin.py:188} INFO - [2025-07-14T13:41:13.067+0000] {dag.py:3954} INFO - Setting next_dagrun for example_trigger_controller_dag to 2021-01-01 00:00:00+00:00, run_after=2021-01-01 00:00:00+00:00
[2025-07-14T13:41:13.076+0000] {processor.py:183} INFO - Processing /home/airflow/.local/lib/python3.12/site-packages/airflow/example_dags/example_trigger_controller_dag.py took 0.036 seconds
