[2025-07-14T13:39:40.213+0000] {processor.py:161} INFO - Started process (PID=58) to work on /home/airflow/.local/lib/python3.12/site-packages/airflow/example_dags/example_subdag_operator.py
[2025-07-14T13:39:40.218+0000] {processor.py:830} INFO - Processing file /home/airflow/.local/lib/python3.12/site-packages/airflow/example_dags/example_subdag_operator.py for tasks to queue
[2025-07-14T13:39:40.219+0000] {logging_mixin.py:188} INFO - [2025-07-14T13:39:40.219+0000] {dagbag.py:545} INFO - Filling up the DagBag from /home/airflow/.local/lib/python3.12/site-packages/airflow/example_dags/example_subdag_operator.py
[2025-07-14T13:39:40.232+0000] {processor.py:840} INFO - DAG(s) 'example_subdag_operator.section-1', 'example_subdag_operator.section-2', 'example_subdag_operator' retrieved from /home/airflow/.local/lib/python3.12/site-packages/airflow/example_dags/example_subdag_operator.py
[2025-07-14T13:39:40.233+0000] {logging_mixin.py:188} INFO - [2025-07-14T13:39:40.233+0000] {dag.py:3096} INFO - Sync 3 DAGs
[2025-07-14T13:39:40.247+0000] {logging_mixin.py:188} INFO - [2025-07-14T13:39:40.247+0000] {dag.py:3954} INFO - Setting next_dagrun for example_subdag_operator to 2022-01-01 00:00:00+00:00, run_after=2022-01-01 00:00:00+00:00
[2025-07-14T13:39:40.249+0000] {logging_mixin.py:188} INFO - [2025-07-14T13:39:40.248+0000] {dag.py:3954} INFO - Setting next_dagrun for example_subdag_operator.section-1 to None, run_after=None
[2025-07-14T13:39:40.249+0000] {logging_mixin.py:188} INFO - [2025-07-14T13:39:40.249+0000] {dag.py:3954} INFO - Setting next_dagrun for example_subdag_operator.section-2 to None, run_after=None
[2025-07-14T13:39:40.253+0000] {logging_mixin.py:188} INFO - [2025-07-14T13:39:40.253+0000] {dag.py:3096} INFO - Sync 2 DAGs
[2025-07-14T13:39:40.255+0000] {logging_mixin.py:188} INFO - [2025-07-14T13:39:40.255+0000] {dag.py:3954} INFO - Setting next_dagrun for example_subdag_operator.section-1 to None, run_after=None
[2025-07-14T13:39:40.256+0000] {logging_mixin.py:188} INFO - [2025-07-14T13:39:40.255+0000] {dag.py:3954} INFO - Setting next_dagrun for example_subdag_operator.section-2 to None, run_after=None
[2025-07-14T13:39:40.261+0000] {processor.py:183} INFO - Processing /home/airflow/.local/lib/python3.12/site-packages/airflow/example_dags/example_subdag_operator.py took 0.051 seconds
[2025-07-14T13:40:11.302+0000] {processor.py:161} INFO - Started process (PID=116) to work on /home/airflow/.local/lib/python3.12/site-packages/airflow/example_dags/example_subdag_operator.py
[2025-07-14T13:40:11.302+0000] {processor.py:830} INFO - Processing file /home/airflow/.local/lib/python3.12/site-packages/airflow/example_dags/example_subdag_operator.py for tasks to queue
[2025-07-14T13:40:11.303+0000] {logging_mixin.py:188} INFO - [2025-07-14T13:40:11.303+0000] {dagbag.py:545} INFO - Filling up the DagBag from /home/airflow/.local/lib/python3.12/site-packages/airflow/example_dags/example_subdag_operator.py
[2025-07-14T13:40:11.315+0000] {processor.py:840} INFO - DAG(s) 'example_subdag_operator.section-1', 'example_subdag_operator.section-2', 'example_subdag_operator' retrieved from /home/airflow/.local/lib/python3.12/site-packages/airflow/example_dags/example_subdag_operator.py
[2025-07-14T13:40:11.364+0000] {logging_mixin.py:188} INFO - [2025-07-14T13:40:11.364+0000] {dag.py:3096} INFO - Sync 3 DAGs
[2025-07-14T13:40:11.373+0000] {logging_mixin.py:188} INFO - [2025-07-14T13:40:11.373+0000] {dag.py:3954} INFO - Setting next_dagrun for example_subdag_operator to 2022-01-01 00:00:00+00:00, run_after=2022-01-01 00:00:00+00:00
[2025-07-14T13:40:11.374+0000] {logging_mixin.py:188} INFO - [2025-07-14T13:40:11.374+0000] {dag.py:3954} INFO - Setting next_dagrun for example_subdag_operator.section-1 to None, run_after=None
[2025-07-14T13:40:11.375+0000] {logging_mixin.py:188} INFO - [2025-07-14T13:40:11.375+0000] {dag.py:3954} INFO - Setting next_dagrun for example_subdag_operator.section-2 to None, run_after=None
[2025-07-14T13:40:11.379+0000] {logging_mixin.py:188} INFO - [2025-07-14T13:40:11.379+0000] {dag.py:3096} INFO - Sync 2 DAGs
[2025-07-14T13:40:11.381+0000] {logging_mixin.py:188} INFO - [2025-07-14T13:40:11.381+0000] {dag.py:3954} INFO - Setting next_dagrun for example_subdag_operator.section-1 to None, run_after=None
[2025-07-14T13:40:11.381+0000] {logging_mixin.py:188} INFO - [2025-07-14T13:40:11.381+0000] {dag.py:3954} INFO - Setting next_dagrun for example_subdag_operator.section-2 to None, run_after=None
[2025-07-14T13:40:11.386+0000] {processor.py:183} INFO - Processing /home/airflow/.local/lib/python3.12/site-packages/airflow/example_dags/example_subdag_operator.py took 0.088 seconds
[2025-07-14T13:40:41.879+0000] {processor.py:161} INFO - Started process (PID=174) to work on /home/airflow/.local/lib/python3.12/site-packages/airflow/example_dags/example_subdag_operator.py
[2025-07-14T13:40:41.879+0000] {processor.py:830} INFO - Processing file /home/airflow/.local/lib/python3.12/site-packages/airflow/example_dags/example_subdag_operator.py for tasks to queue
[2025-07-14T13:40:41.880+0000] {logging_mixin.py:188} INFO - [2025-07-14T13:40:41.880+0000] {dagbag.py:545} INFO - Filling up the DagBag from /home/airflow/.local/lib/python3.12/site-packages/airflow/example_dags/example_subdag_operator.py
[2025-07-14T13:40:41.893+0000] {processor.py:840} INFO - DAG(s) 'example_subdag_operator.section-1', 'example_subdag_operator.section-2', 'example_subdag_operator' retrieved from /home/airflow/.local/lib/python3.12/site-packages/airflow/example_dags/example_subdag_operator.py
[2025-07-14T13:40:41.901+0000] {logging_mixin.py:188} INFO - [2025-07-14T13:40:41.901+0000] {dag.py:3096} INFO - Sync 3 DAGs
[2025-07-14T13:40:41.912+0000] {logging_mixin.py:188} INFO - [2025-07-14T13:40:41.912+0000] {dag.py:3954} INFO - Setting next_dagrun for example_subdag_operator to 2022-01-01 00:00:00+00:00, run_after=2022-01-01 00:00:00+00:00
[2025-07-14T13:40:41.914+0000] {logging_mixin.py:188} INFO - [2025-07-14T13:40:41.914+0000] {dag.py:3954} INFO - Setting next_dagrun for example_subdag_operator.section-1 to None, run_after=None
[2025-07-14T13:40:41.915+0000] {logging_mixin.py:188} INFO - [2025-07-14T13:40:41.915+0000] {dag.py:3954} INFO - Setting next_dagrun for example_subdag_operator.section-2 to None, run_after=None
[2025-07-14T13:40:41.918+0000] {logging_mixin.py:188} INFO - [2025-07-14T13:40:41.918+0000] {dag.py:3096} INFO - Sync 2 DAGs
[2025-07-14T13:40:41.921+0000] {logging_mixin.py:188} INFO - [2025-07-14T13:40:41.921+0000] {dag.py:3954} INFO - Setting next_dagrun for example_subdag_operator.section-1 to None, run_after=None
[2025-07-14T13:40:41.921+0000] {logging_mixin.py:188} INFO - [2025-07-14T13:40:41.921+0000] {dag.py:3954} INFO - Setting next_dagrun for example_subdag_operator.section-2 to None, run_after=None
[2025-07-14T13:40:41.926+0000] {processor.py:183} INFO - Processing /home/airflow/.local/lib/python3.12/site-packages/airflow/example_dags/example_subdag_operator.py took 0.051 seconds
[2025-07-14T13:41:12.626+0000] {processor.py:161} INFO - Started process (PID=232) to work on /home/airflow/.local/lib/python3.12/site-packages/airflow/example_dags/example_subdag_operator.py
[2025-07-14T13:41:12.626+0000] {processor.py:830} INFO - Processing file /home/airflow/.local/lib/python3.12/site-packages/airflow/example_dags/example_subdag_operator.py for tasks to queue
[2025-07-14T13:41:12.627+0000] {logging_mixin.py:188} INFO - [2025-07-14T13:41:12.627+0000] {dagbag.py:545} INFO - Filling up the DagBag from /home/airflow/.local/lib/python3.12/site-packages/airflow/example_dags/example_subdag_operator.py
[2025-07-14T13:41:12.640+0000] {processor.py:840} INFO - DAG(s) 'example_subdag_operator.section-1', 'example_subdag_operator.section-2', 'example_subdag_operator' retrieved from /home/airflow/.local/lib/python3.12/site-packages/airflow/example_dags/example_subdag_operator.py
[2025-07-14T13:41:12.648+0000] {logging_mixin.py:188} INFO - [2025-07-14T13:41:12.648+0000] {dag.py:3096} INFO - Sync 3 DAGs
[2025-07-14T13:41:12.660+0000] {logging_mixin.py:188} INFO - [2025-07-14T13:41:12.660+0000] {dag.py:3954} INFO - Setting next_dagrun for example_subdag_operator to 2022-01-01 00:00:00+00:00, run_after=2022-01-01 00:00:00+00:00
[2025-07-14T13:41:12.662+0000] {logging_mixin.py:188} INFO - [2025-07-14T13:41:12.662+0000] {dag.py:3954} INFO - Setting next_dagrun for example_subdag_operator.section-1 to None, run_after=None
[2025-07-14T13:41:12.662+0000] {logging_mixin.py:188} INFO - [2025-07-14T13:41:12.662+0000] {dag.py:3954} INFO - Setting next_dagrun for example_subdag_operator.section-2 to None, run_after=None
[2025-07-14T13:41:12.666+0000] {logging_mixin.py:188} INFO - [2025-07-14T13:41:12.666+0000] {dag.py:3096} INFO - Sync 2 DAGs
[2025-07-14T13:41:12.668+0000] {logging_mixin.py:188} INFO - [2025-07-14T13:41:12.668+0000] {dag.py:3954} INFO - Setting next_dagrun for example_subdag_operator.section-1 to None, run_after=None
[2025-07-14T13:41:12.668+0000] {logging_mixin.py:188} INFO - [2025-07-14T13:41:12.668+0000] {dag.py:3954} INFO - Setting next_dagrun for example_subdag_operator.section-2 to None, run_after=None
[2025-07-14T13:41:12.674+0000] {processor.py:183} INFO - Processing /home/airflow/.local/lib/python3.12/site-packages/airflow/example_dags/example_subdag_operator.py took 0.052 seconds
