[2025-07-14T13:39:40.881+0000] {processor.py:161} INFO - Started process (PID=75) to work on /home/airflow/.local/lib/python3.12/site-packages/airflow/example_dags/example_latest_only_with_trigger.py
[2025-07-14T13:39:40.881+0000] {processor.py:830} INFO - Processing file /home/airflow/.local/lib/python3.12/site-packages/airflow/example_dags/example_latest_only_with_trigger.py for tasks to queue
[2025-07-14T13:39:40.882+0000] {logging_mixin.py:188} INFO - [2025-07-14T13:39:40.882+0000] {dagbag.py:545} INFO - Filling up the DagBag from /home/airflow/.local/lib/python3.12/site-packages/airflow/example_dags/example_latest_only_with_trigger.py
[2025-07-14T13:39:40.885+0000] {processor.py:840} INFO - DAG(s) 'latest_only_with_trigger' retrieved from /home/airflow/.local/lib/python3.12/site-packages/airflow/example_dags/example_latest_only_with_trigger.py
[2025-07-14T13:39:40.892+0000] {logging_mixin.py:188} INFO - [2025-07-14T13:39:40.892+0000] {dag.py:3096} INFO - Sync 1 DAGs
[2025-07-14T13:39:40.903+0000] {logging_mixin.py:188} INFO - [2025-07-14T13:39:40.903+0000] {dag.py:3954} INFO - Setting next_dagrun for latest_only_with_trigger to 2025-07-14 08:00:00+00:00, run_after=2025-07-14 12:00:00+00:00
[2025-07-14T13:39:40.912+0000] {processor.py:183} INFO - Processing /home/airflow/.local/lib/python3.12/site-packages/airflow/example_dags/example_latest_only_with_trigger.py took 0.035 seconds
[2025-07-14T13:40:12.166+0000] {processor.py:161} INFO - Started process (PID=133) to work on /home/airflow/.local/lib/python3.12/site-packages/airflow/example_dags/example_latest_only_with_trigger.py
[2025-07-14T13:40:12.166+0000] {processor.py:830} INFO - Processing file /home/airflow/.local/lib/python3.12/site-packages/airflow/example_dags/example_latest_only_with_trigger.py for tasks to queue
[2025-07-14T13:40:12.167+0000] {logging_mixin.py:188} INFO - [2025-07-14T13:40:12.167+0000] {dagbag.py:545} INFO - Filling up the DagBag from /home/airflow/.local/lib/python3.12/site-packages/airflow/example_dags/example_latest_only_with_trigger.py
[2025-07-14T13:40:12.170+0000] {processor.py:840} INFO - DAG(s) 'latest_only_with_trigger' retrieved from /home/airflow/.local/lib/python3.12/site-packages/airflow/example_dags/example_latest_only_with_trigger.py
[2025-07-14T13:40:12.222+0000] {logging_mixin.py:188} INFO - [2025-07-14T13:40:12.222+0000] {dag.py:3096} INFO - Sync 1 DAGs
[2025-07-14T13:40:12.231+0000] {logging_mixin.py:188} INFO - [2025-07-14T13:40:12.231+0000] {dag.py:3954} INFO - Setting next_dagrun for latest_only_with_trigger to 2025-07-14 08:00:00+00:00, run_after=2025-07-14 12:00:00+00:00
[2025-07-14T13:40:12.241+0000] {processor.py:183} INFO - Processing /home/airflow/.local/lib/python3.12/site-packages/airflow/example_dags/example_latest_only_with_trigger.py took 0.079 seconds
[2025-07-14T13:40:42.438+0000] {processor.py:161} INFO - Started process (PID=191) to work on /home/airflow/.local/lib/python3.12/site-packages/airflow/example_dags/example_latest_only_with_trigger.py
[2025-07-14T13:40:42.439+0000] {processor.py:830} INFO - Processing file /home/airflow/.local/lib/python3.12/site-packages/airflow/example_dags/example_latest_only_with_trigger.py for tasks to queue
[2025-07-14T13:40:42.439+0000] {logging_mixin.py:188} INFO - [2025-07-14T13:40:42.439+0000] {dagbag.py:545} INFO - Filling up the DagBag from /home/airflow/.local/lib/python3.12/site-packages/airflow/example_dags/example_latest_only_with_trigger.py
[2025-07-14T13:40:42.442+0000] {processor.py:840} INFO - DAG(s) 'latest_only_with_trigger' retrieved from /home/airflow/.local/lib/python3.12/site-packages/airflow/example_dags/example_latest_only_with_trigger.py
[2025-07-14T13:40:42.453+0000] {logging_mixin.py:188} INFO - [2025-07-14T13:40:42.453+0000] {dag.py:3096} INFO - Sync 1 DAGs
[2025-07-14T13:40:42.463+0000] {logging_mixin.py:188} INFO - [2025-07-14T13:40:42.463+0000] {dag.py:3954} INFO - Setting next_dagrun for latest_only_with_trigger to 2025-07-14 08:00:00+00:00, run_after=2025-07-14 12:00:00+00:00
[2025-07-14T13:40:42.472+0000] {processor.py:183} INFO - Processing /home/airflow/.local/lib/python3.12/site-packages/airflow/example_dags/example_latest_only_with_trigger.py took 0.037 seconds
[2025-07-14T13:41:13.148+0000] {processor.py:161} INFO - Started process (PID=249) to work on /home/airflow/.local/lib/python3.12/site-packages/airflow/example_dags/example_latest_only_with_trigger.py
[2025-07-14T13:41:13.149+0000] {processor.py:830} INFO - Processing file /home/airflow/.local/lib/python3.12/site-packages/airflow/example_dags/example_latest_only_with_trigger.py for tasks to queue
[2025-07-14T13:41:13.150+0000] {logging_mixin.py:188} INFO - [2025-07-14T13:41:13.150+0000] {dagbag.py:545} INFO - Filling up the DagBag from /home/airflow/.local/lib/python3.12/site-packages/airflow/example_dags/example_latest_only_with_trigger.py
[2025-07-14T13:41:13.153+0000] {processor.py:840} INFO - DAG(s) 'latest_only_with_trigger' retrieved from /home/airflow/.local/lib/python3.12/site-packages/airflow/example_dags/example_latest_only_with_trigger.py
[2025-07-14T13:41:13.164+0000] {logging_mixin.py:188} INFO - [2025-07-14T13:41:13.164+0000] {dag.py:3096} INFO - Sync 1 DAGs
[2025-07-14T13:41:13.174+0000] {logging_mixin.py:188} INFO - [2025-07-14T13:41:13.174+0000] {dag.py:3954} INFO - Setting next_dagrun for latest_only_with_trigger to 2025-07-14 08:00:00+00:00, run_after=2025-07-14 12:00:00+00:00
[2025-07-14T13:41:13.183+0000] {processor.py:183} INFO - Processing /home/airflow/.local/lib/python3.12/site-packages/airflow/example_dags/example_latest_only_with_trigger.py took 0.038 seconds
