[2025-07-14T13:39:41.198+0000] {processor.py:161} INFO - Started process (PID=82) to work on /home/airflow/.local/lib/python3.12/site-packages/airflow/example_dags/example_dag_decorator.py
[2025-07-14T13:39:41.198+0000] {processor.py:830} INFO - Processing file /home/airflow/.local/lib/python3.12/site-packages/airflow/example_dags/example_dag_decorator.py for tasks to queue
[2025-07-14T13:39:41.200+0000] {logging_mixin.py:188} INFO - [2025-07-14T13:39:41.199+0000] {dagbag.py:545} INFO - Filling up the DagBag from /home/airflow/.local/lib/python3.12/site-packages/airflow/example_dags/example_dag_decorator.py
[2025-07-14T13:39:41.353+0000] {processor.py:840} INFO - DAG(s) 'example_dag_decorator' retrieved from /home/airflow/.local/lib/python3.12/site-packages/airflow/example_dags/example_dag_decorator.py
[2025-07-14T13:39:41.359+0000] {logging_mixin.py:188} INFO - [2025-07-14T13:39:41.359+0000] {dag.py:3096} INFO - Sync 1 DAGs
[2025-07-14T13:39:41.368+0000] {logging_mixin.py:188} INFO - [2025-07-14T13:39:41.368+0000] {dag.py:3954} INFO - Setting next_dagrun for example_dag_decorator to None, run_after=None
[2025-07-14T13:39:41.378+0000] {processor.py:183} INFO - Processing /home/airflow/.local/lib/python3.12/site-packages/airflow/example_dags/example_dag_decorator.py took 0.184 seconds
[2025-07-14T13:40:12.641+0000] {processor.py:161} INFO - Started process (PID=140) to work on /home/airflow/.local/lib/python3.12/site-packages/airflow/example_dags/example_dag_decorator.py
[2025-07-14T13:40:12.642+0000] {processor.py:830} INFO - Processing file /home/airflow/.local/lib/python3.12/site-packages/airflow/example_dags/example_dag_decorator.py for tasks to queue
[2025-07-14T13:40:12.643+0000] {logging_mixin.py:188} INFO - [2025-07-14T13:40:12.642+0000] {dagbag.py:545} INFO - Filling up the DagBag from /home/airflow/.local/lib/python3.12/site-packages/airflow/example_dags/example_dag_decorator.py
[2025-07-14T13:40:12.689+0000] {processor.py:840} INFO - DAG(s) 'example_dag_decorator' retrieved from /home/airflow/.local/lib/python3.12/site-packages/airflow/example_dags/example_dag_decorator.py
[2025-07-14T13:40:12.741+0000] {logging_mixin.py:188} INFO - [2025-07-14T13:40:12.741+0000] {dag.py:3096} INFO - Sync 1 DAGs
[2025-07-14T13:40:12.747+0000] {logging_mixin.py:188} INFO - [2025-07-14T13:40:12.746+0000] {dag.py:3954} INFO - Setting next_dagrun for example_dag_decorator to None, run_after=None
[2025-07-14T13:40:12.755+0000] {processor.py:183} INFO - Processing /home/airflow/.local/lib/python3.12/site-packages/airflow/example_dags/example_dag_decorator.py took 0.117 seconds
[2025-07-14T13:40:43.628+0000] {processor.py:161} INFO - Started process (PID=198) to work on /home/airflow/.local/lib/python3.12/site-packages/airflow/example_dags/example_dag_decorator.py
[2025-07-14T13:40:43.628+0000] {processor.py:830} INFO - Processing file /home/airflow/.local/lib/python3.12/site-packages/airflow/example_dags/example_dag_decorator.py for tasks to queue
[2025-07-14T13:40:43.629+0000] {logging_mixin.py:188} INFO - [2025-07-14T13:40:43.629+0000] {dagbag.py:545} INFO - Filling up the DagBag from /home/airflow/.local/lib/python3.12/site-packages/airflow/example_dags/example_dag_decorator.py
[2025-07-14T13:40:43.683+0000] {processor.py:840} INFO - DAG(s) 'example_dag_decorator' retrieved from /home/airflow/.local/lib/python3.12/site-packages/airflow/example_dags/example_dag_decorator.py
[2025-07-14T13:40:43.743+0000] {logging_mixin.py:188} INFO - [2025-07-14T13:40:43.743+0000] {dag.py:3096} INFO - Sync 1 DAGs
[2025-07-14T13:40:43.748+0000] {logging_mixin.py:188} INFO - [2025-07-14T13:40:43.748+0000] {dag.py:3954} INFO - Setting next_dagrun for example_dag_decorator to None, run_after=None
[2025-07-14T13:40:43.759+0000] {processor.py:183} INFO - Processing /home/airflow/.local/lib/python3.12/site-packages/airflow/example_dags/example_dag_decorator.py took 0.135 seconds
