[2025-07-14T13:39:41.017+0000] {processor.py:161} INFO - Started process (PID=77) to work on /home/airflow/.local/lib/python3.12/site-packages/airflow/example_dags/tutorial_objectstorage.py
[2025-07-14T13:39:41.017+0000] {processor.py:830} INFO - Processing file /home/airflow/.local/lib/python3.12/site-packages/airflow/example_dags/tutorial_objectstorage.py for tasks to queue
[2025-07-14T13:39:41.018+0000] {logging_mixin.py:188} INFO - [2025-07-14T13:39:41.018+0000] {dagbag.py:545} INFO - Filling up the DagBag from /home/airflow/.local/lib/python3.12/site-packages/airflow/example_dags/tutorial_objectstorage.py
[2025-07-14T13:39:41.023+0000] {processor.py:840} INFO - DAG(s) 'tutorial_objectstorage' retrieved from /home/airflow/.local/lib/python3.12/site-packages/airflow/example_dags/tutorial_objectstorage.py
[2025-07-14T13:39:41.030+0000] {logging_mixin.py:188} INFO - [2025-07-14T13:39:41.030+0000] {dag.py:3096} INFO - Sync 1 DAGs
[2025-07-14T13:39:41.039+0000] {logging_mixin.py:188} INFO - [2025-07-14T13:39:41.039+0000] {dag.py:3954} INFO - Setting next_dagrun for tutorial_objectstorage to None, run_after=None
[2025-07-14T13:39:41.054+0000] {processor.py:183} INFO - Processing /home/airflow/.local/lib/python3.12/site-packages/airflow/example_dags/tutorial_objectstorage.py took 0.042 seconds
[2025-07-14T13:40:12.356+0000] {processor.py:161} INFO - Started process (PID=135) to work on /home/airflow/.local/lib/python3.12/site-packages/airflow/example_dags/tutorial_objectstorage.py
[2025-07-14T13:40:12.356+0000] {processor.py:830} INFO - Processing file /home/airflow/.local/lib/python3.12/site-packages/airflow/example_dags/tutorial_objectstorage.py for tasks to queue
[2025-07-14T13:40:12.358+0000] {logging_mixin.py:188} INFO - [2025-07-14T13:40:12.357+0000] {dagbag.py:545} INFO - Filling up the DagBag from /home/airflow/.local/lib/python3.12/site-packages/airflow/example_dags/tutorial_objectstorage.py
[2025-07-14T13:40:12.362+0000] {processor.py:840} INFO - DAG(s) 'tutorial_objectstorage' retrieved from /home/airflow/.local/lib/python3.12/site-packages/airflow/example_dags/tutorial_objectstorage.py
[2025-07-14T13:40:12.416+0000] {logging_mixin.py:188} INFO - [2025-07-14T13:40:12.416+0000] {dag.py:3096} INFO - Sync 1 DAGs
[2025-07-14T13:40:12.422+0000] {logging_mixin.py:188} INFO - [2025-07-14T13:40:12.422+0000] {dag.py:3954} INFO - Setting next_dagrun for tutorial_objectstorage to None, run_after=None
[2025-07-14T13:40:12.432+0000] {processor.py:183} INFO - Processing /home/airflow/.local/lib/python3.12/site-packages/airflow/example_dags/tutorial_objectstorage.py took 0.079 seconds
[2025-07-14T13:40:42.488+0000] {processor.py:161} INFO - Started process (PID=193) to work on /home/airflow/.local/lib/python3.12/site-packages/airflow/example_dags/tutorial_objectstorage.py
[2025-07-14T13:40:42.488+0000] {processor.py:830} INFO - Processing file /home/airflow/.local/lib/python3.12/site-packages/airflow/example_dags/tutorial_objectstorage.py for tasks to queue
[2025-07-14T13:40:42.489+0000] {logging_mixin.py:188} INFO - [2025-07-14T13:40:42.489+0000] {dagbag.py:545} INFO - Filling up the DagBag from /home/airflow/.local/lib/python3.12/site-packages/airflow/example_dags/tutorial_objectstorage.py
[2025-07-14T13:40:42.493+0000] {processor.py:840} INFO - DAG(s) 'tutorial_objectstorage' retrieved from /home/airflow/.local/lib/python3.12/site-packages/airflow/example_dags/tutorial_objectstorage.py
[2025-07-14T13:40:42.503+0000] {logging_mixin.py:188} INFO - [2025-07-14T13:40:42.503+0000] {dag.py:3096} INFO - Sync 1 DAGs
[2025-07-14T13:40:42.509+0000] {logging_mixin.py:188} INFO - [2025-07-14T13:40:42.509+0000] {dag.py:3954} INFO - Setting next_dagrun for tutorial_objectstorage to None, run_after=None
[2025-07-14T13:40:42.518+0000] {processor.py:183} INFO - Processing /home/airflow/.local/lib/python3.12/site-packages/airflow/example_dags/tutorial_objectstorage.py took 0.033 seconds
[2025-07-14T13:41:13.201+0000] {processor.py:161} INFO - Started process (PID=251) to work on /home/airflow/.local/lib/python3.12/site-packages/airflow/example_dags/tutorial_objectstorage.py
[2025-07-14T13:41:13.201+0000] {processor.py:830} INFO - Processing file /home/airflow/.local/lib/python3.12/site-packages/airflow/example_dags/tutorial_objectstorage.py for tasks to queue
[2025-07-14T13:41:13.202+0000] {logging_mixin.py:188} INFO - [2025-07-14T13:41:13.202+0000] {dagbag.py:545} INFO - Filling up the DagBag from /home/airflow/.local/lib/python3.12/site-packages/airflow/example_dags/tutorial_objectstorage.py
[2025-07-14T13:41:13.206+0000] {processor.py:840} INFO - DAG(s) 'tutorial_objectstorage' retrieved from /home/airflow/.local/lib/python3.12/site-packages/airflow/example_dags/tutorial_objectstorage.py
[2025-07-14T13:41:13.216+0000] {logging_mixin.py:188} INFO - [2025-07-14T13:41:13.216+0000] {dag.py:3096} INFO - Sync 1 DAGs
[2025-07-14T13:41:13.223+0000] {logging_mixin.py:188} INFO - [2025-07-14T13:41:13.223+0000] {dag.py:3954} INFO - Setting next_dagrun for tutorial_objectstorage to None, run_after=None
[2025-07-14T13:41:13.235+0000] {processor.py:183} INFO - Processing /home/airflow/.local/lib/python3.12/site-packages/airflow/example_dags/tutorial_objectstorage.py took 0.038 seconds
