[2025-07-14T13:39:41.564+0000] {processor.py:161} INFO - Started process (PID=92) to work on /home/airflow/.local/lib/python3.12/site-packages/airflow/example_dags/tutorial.py
[2025-07-14T13:39:41.564+0000] {processor.py:830} INFO - Processing file /home/airflow/.local/lib/python3.12/site-packages/airflow/example_dags/tutorial.py for tasks to queue
[2025-07-14T13:39:41.565+0000] {logging_mixin.py:188} INFO - [2025-07-14T13:39:41.565+0000] {dagbag.py:545} INFO - Filling up the DagBag from /home/airflow/.local/lib/python3.12/site-packages/airflow/example_dags/tutorial.py
[2025-07-14T13:39:41.571+0000] {processor.py:840} INFO - DAG(s) 'tutorial' retrieved from /home/airflow/.local/lib/python3.12/site-packages/airflow/example_dags/tutorial.py
[2025-07-14T13:39:41.578+0000] {logging_mixin.py:188} INFO - [2025-07-14T13:39:41.577+0000] {dag.py:3096} INFO - Sync 1 DAGs
[2025-07-14T13:39:41.590+0000] {logging_mixin.py:188} INFO - [2025-07-14T13:39:41.590+0000] {dag.py:3954} INFO - Setting next_dagrun for tutorial to 2025-07-13 00:00:00+00:00, run_after=2025-07-14 00:00:00+00:00
[2025-07-14T13:39:41.600+0000] {processor.py:183} INFO - Processing /home/airflow/.local/lib/python3.12/site-packages/airflow/example_dags/tutorial.py took 0.040 seconds
[2025-07-14T13:40:13.271+0000] {processor.py:161} INFO - Started process (PID=150) to work on /home/airflow/.local/lib/python3.12/site-packages/airflow/example_dags/tutorial.py
[2025-07-14T13:40:13.271+0000] {processor.py:830} INFO - Processing file /home/airflow/.local/lib/python3.12/site-packages/airflow/example_dags/tutorial.py for tasks to queue
[2025-07-14T13:40:13.272+0000] {logging_mixin.py:188} INFO - [2025-07-14T13:40:13.272+0000] {dagbag.py:545} INFO - Filling up the DagBag from /home/airflow/.local/lib/python3.12/site-packages/airflow/example_dags/tutorial.py
[2025-07-14T13:40:13.275+0000] {processor.py:840} INFO - DAG(s) 'tutorial' retrieved from /home/airflow/.local/lib/python3.12/site-packages/airflow/example_dags/tutorial.py
[2025-07-14T13:40:13.330+0000] {logging_mixin.py:188} INFO - [2025-07-14T13:40:13.330+0000] {dag.py:3096} INFO - Sync 1 DAGs
[2025-07-14T13:40:13.341+0000] {logging_mixin.py:188} INFO - [2025-07-14T13:40:13.341+0000] {dag.py:3954} INFO - Setting next_dagrun for tutorial to 2025-07-13 00:00:00+00:00, run_after=2025-07-14 00:00:00+00:00
[2025-07-14T13:40:13.350+0000] {processor.py:183} INFO - Processing /home/airflow/.local/lib/python3.12/site-packages/airflow/example_dags/tutorial.py took 0.082 seconds
[2025-07-14T13:40:44.094+0000] {processor.py:161} INFO - Started process (PID=208) to work on /home/airflow/.local/lib/python3.12/site-packages/airflow/example_dags/tutorial.py
[2025-07-14T13:40:44.095+0000] {processor.py:830} INFO - Processing file /home/airflow/.local/lib/python3.12/site-packages/airflow/example_dags/tutorial.py for tasks to queue
[2025-07-14T13:40:44.096+0000] {logging_mixin.py:188} INFO - [2025-07-14T13:40:44.096+0000] {dagbag.py:545} INFO - Filling up the DagBag from /home/airflow/.local/lib/python3.12/site-packages/airflow/example_dags/tutorial.py
[2025-07-14T13:40:44.099+0000] {processor.py:840} INFO - DAG(s) 'tutorial' retrieved from /home/airflow/.local/lib/python3.12/site-packages/airflow/example_dags/tutorial.py
[2025-07-14T13:40:44.109+0000] {logging_mixin.py:188} INFO - [2025-07-14T13:40:44.109+0000] {dag.py:3096} INFO - Sync 1 DAGs
[2025-07-14T13:40:44.121+0000] {logging_mixin.py:188} INFO - [2025-07-14T13:40:44.120+0000] {dag.py:3954} INFO - Setting next_dagrun for tutorial to 2025-07-13 00:00:00+00:00, run_after=2025-07-14 00:00:00+00:00
[2025-07-14T13:40:44.130+0000] {processor.py:183} INFO - Processing /home/airflow/.local/lib/python3.12/site-packages/airflow/example_dags/tutorial.py took 0.039 seconds
