[2025-09-15T23:27:21.131+0000] {processor.py:161} INFO - Started process (PID=39) to work on /opt/airflow/dags/dag_traer_csv.py
[2025-09-15T23:27:21.131+0000] {processor.py:830} INFO - Processing file /opt/airflow/dags/dag_traer_csv.py for tasks to queue
[2025-09-15T23:27:21.132+0000] {logging_mixin.py:188} INFO - [2025-09-15T23:27:21.132+0000] {dagbag.py:540} INFO - Filling up the DagBag from /opt/airflow/dags/dag_traer_csv.py
[2025-09-15T23:27:21.134+0000] {logging_mixin.py:188} INFO - [2025-09-15T23:27:21.134+0000] {dagbag.py:350} ERROR - Failed to import: /opt/airflow/dags/dag_traer_csv.py
Traceback (most recent call last):
  File "/home/airflow/.local/lib/python3.10/site-packages/airflow/models/dagbag.py", line 346, in parse
    loader.exec_module(new_module)
  File "<frozen importlib._bootstrap_external>", line 883, in exec_module
  File "<frozen importlib._bootstrap>", line 241, in _call_with_frames_removed
  File "/opt/airflow/dags/dag_traer_csv.py", line 2, in <module>
    from playwright.sync_api import sync_playwright, expect
ModuleNotFoundError: No module named 'playwright'
[2025-09-15T23:27:21.135+0000] {processor.py:842} WARNING - No viable dags retrieved from /opt/airflow/dags/dag_traer_csv.py
[2025-09-15T23:27:21.145+0000] {processor.py:183} INFO - Processing /opt/airflow/dags/dag_traer_csv.py took 0.017 seconds
[2025-09-15T23:27:51.776+0000] {processor.py:161} INFO - Started process (PID=71) to work on /opt/airflow/dags/dag_traer_csv.py
[2025-09-15T23:27:51.776+0000] {processor.py:830} INFO - Processing file /opt/airflow/dags/dag_traer_csv.py for tasks to queue
[2025-09-15T23:27:51.777+0000] {logging_mixin.py:188} INFO - [2025-09-15T23:27:51.777+0000] {dagbag.py:540} INFO - Filling up the DagBag from /opt/airflow/dags/dag_traer_csv.py
[2025-09-15T23:27:51.779+0000] {logging_mixin.py:188} INFO - [2025-09-15T23:27:51.779+0000] {dagbag.py:350} ERROR - Failed to import: /opt/airflow/dags/dag_traer_csv.py
Traceback (most recent call last):
  File "/home/airflow/.local/lib/python3.10/site-packages/airflow/models/dagbag.py", line 346, in parse
    loader.exec_module(new_module)
  File "<frozen importlib._bootstrap_external>", line 883, in exec_module
  File "<frozen importlib._bootstrap>", line 241, in _call_with_frames_removed
  File "/opt/airflow/dags/dag_traer_csv.py", line 2, in <module>
    from playwright.sync_api import sync_playwright, expect
ModuleNotFoundError: No module named 'playwright'
[2025-09-15T23:27:51.779+0000] {processor.py:842} WARNING - No viable dags retrieved from /opt/airflow/dags/dag_traer_csv.py
[2025-09-15T23:27:51.790+0000] {processor.py:183} INFO - Processing /opt/airflow/dags/dag_traer_csv.py took 0.016 seconds
[2025-09-15T23:28:21.902+0000] {processor.py:161} INFO - Started process (PID=79) to work on /opt/airflow/dags/dag_traer_csv.py
[2025-09-15T23:28:21.903+0000] {processor.py:830} INFO - Processing file /opt/airflow/dags/dag_traer_csv.py for tasks to queue
[2025-09-15T23:28:21.904+0000] {logging_mixin.py:188} INFO - [2025-09-15T23:28:21.904+0000] {dagbag.py:540} INFO - Filling up the DagBag from /opt/airflow/dags/dag_traer_csv.py
[2025-09-15T23:28:21.906+0000] {logging_mixin.py:188} INFO - [2025-09-15T23:28:21.906+0000] {dagbag.py:350} ERROR - Failed to import: /opt/airflow/dags/dag_traer_csv.py
Traceback (most recent call last):
  File "/home/airflow/.local/lib/python3.10/site-packages/airflow/models/dagbag.py", line 346, in parse
    loader.exec_module(new_module)
  File "<frozen importlib._bootstrap_external>", line 883, in exec_module
  File "<frozen importlib._bootstrap>", line 241, in _call_with_frames_removed
  File "/opt/airflow/dags/dag_traer_csv.py", line 2, in <module>
    from playwright.sync_api import sync_playwright, expect
ModuleNotFoundError: No module named 'playwright'
[2025-09-15T23:28:21.906+0000] {processor.py:842} WARNING - No viable dags retrieved from /opt/airflow/dags/dag_traer_csv.py
[2025-09-15T23:28:21.917+0000] {processor.py:183} INFO - Processing /opt/airflow/dags/dag_traer_csv.py took 0.016 seconds
[2025-09-15T23:28:52.021+0000] {processor.py:161} INFO - Started process (PID=87) to work on /opt/airflow/dags/dag_traer_csv.py
[2025-09-15T23:28:52.022+0000] {processor.py:830} INFO - Processing file /opt/airflow/dags/dag_traer_csv.py for tasks to queue
[2025-09-15T23:28:52.023+0000] {logging_mixin.py:188} INFO - [2025-09-15T23:28:52.023+0000] {dagbag.py:540} INFO - Filling up the DagBag from /opt/airflow/dags/dag_traer_csv.py
[2025-09-15T23:28:52.025+0000] {logging_mixin.py:188} INFO - [2025-09-15T23:28:52.025+0000] {dagbag.py:350} ERROR - Failed to import: /opt/airflow/dags/dag_traer_csv.py
Traceback (most recent call last):
  File "/home/airflow/.local/lib/python3.10/site-packages/airflow/models/dagbag.py", line 346, in parse
    loader.exec_module(new_module)
  File "<frozen importlib._bootstrap_external>", line 883, in exec_module
  File "<frozen importlib._bootstrap>", line 241, in _call_with_frames_removed
  File "/opt/airflow/dags/dag_traer_csv.py", line 2, in <module>
    from playwright.sync_api import sync_playwright, expect
ModuleNotFoundError: No module named 'playwright'
[2025-09-15T23:28:52.026+0000] {processor.py:842} WARNING - No viable dags retrieved from /opt/airflow/dags/dag_traer_csv.py
[2025-09-15T23:28:52.039+0000] {processor.py:183} INFO - Processing /opt/airflow/dags/dag_traer_csv.py took 0.020 seconds
[2025-09-15T23:29:22.136+0000] {processor.py:161} INFO - Started process (PID=95) to work on /opt/airflow/dags/dag_traer_csv.py
[2025-09-15T23:29:22.137+0000] {processor.py:830} INFO - Processing file /opt/airflow/dags/dag_traer_csv.py for tasks to queue
[2025-09-15T23:29:22.138+0000] {logging_mixin.py:188} INFO - [2025-09-15T23:29:22.138+0000] {dagbag.py:540} INFO - Filling up the DagBag from /opt/airflow/dags/dag_traer_csv.py
[2025-09-15T23:29:22.141+0000] {logging_mixin.py:188} INFO - [2025-09-15T23:29:22.140+0000] {dagbag.py:350} ERROR - Failed to import: /opt/airflow/dags/dag_traer_csv.py
Traceback (most recent call last):
  File "/home/airflow/.local/lib/python3.10/site-packages/airflow/models/dagbag.py", line 346, in parse
    loader.exec_module(new_module)
  File "<frozen importlib._bootstrap_external>", line 883, in exec_module
  File "<frozen importlib._bootstrap>", line 241, in _call_with_frames_removed
  File "/opt/airflow/dags/dag_traer_csv.py", line 2, in <module>
    from playwright.sync_api import sync_playwright, expect
ModuleNotFoundError: No module named 'playwright'
[2025-09-15T23:29:22.141+0000] {processor.py:842} WARNING - No viable dags retrieved from /opt/airflow/dags/dag_traer_csv.py
[2025-09-15T23:29:22.151+0000] {processor.py:183} INFO - Processing /opt/airflow/dags/dag_traer_csv.py took 0.017 seconds
[2025-09-15T23:29:52.259+0000] {processor.py:161} INFO - Started process (PID=103) to work on /opt/airflow/dags/dag_traer_csv.py
[2025-09-15T23:29:52.260+0000] {processor.py:830} INFO - Processing file /opt/airflow/dags/dag_traer_csv.py for tasks to queue
[2025-09-15T23:29:52.261+0000] {logging_mixin.py:188} INFO - [2025-09-15T23:29:52.261+0000] {dagbag.py:540} INFO - Filling up the DagBag from /opt/airflow/dags/dag_traer_csv.py
[2025-09-15T23:29:52.264+0000] {logging_mixin.py:188} INFO - [2025-09-15T23:29:52.264+0000] {dagbag.py:350} ERROR - Failed to import: /opt/airflow/dags/dag_traer_csv.py
Traceback (most recent call last):
  File "/home/airflow/.local/lib/python3.10/site-packages/airflow/models/dagbag.py", line 346, in parse
    loader.exec_module(new_module)
  File "<frozen importlib._bootstrap_external>", line 883, in exec_module
  File "<frozen importlib._bootstrap>", line 241, in _call_with_frames_removed
  File "/opt/airflow/dags/dag_traer_csv.py", line 2, in <module>
    from playwright.sync_api import sync_playwright, expect
ModuleNotFoundError: No module named 'playwright'
[2025-09-15T23:29:52.264+0000] {processor.py:842} WARNING - No viable dags retrieved from /opt/airflow/dags/dag_traer_csv.py
[2025-09-15T23:29:52.277+0000] {processor.py:183} INFO - Processing /opt/airflow/dags/dag_traer_csv.py took 0.021 seconds
[2025-09-15T23:30:22.393+0000] {processor.py:161} INFO - Started process (PID=111) to work on /opt/airflow/dags/dag_traer_csv.py
[2025-09-15T23:30:22.394+0000] {processor.py:830} INFO - Processing file /opt/airflow/dags/dag_traer_csv.py for tasks to queue
[2025-09-15T23:30:22.395+0000] {logging_mixin.py:188} INFO - [2025-09-15T23:30:22.394+0000] {dagbag.py:540} INFO - Filling up the DagBag from /opt/airflow/dags/dag_traer_csv.py
[2025-09-15T23:30:22.397+0000] {logging_mixin.py:188} INFO - [2025-09-15T23:30:22.396+0000] {dagbag.py:350} ERROR - Failed to import: /opt/airflow/dags/dag_traer_csv.py
Traceback (most recent call last):
  File "/home/airflow/.local/lib/python3.10/site-packages/airflow/models/dagbag.py", line 346, in parse
    loader.exec_module(new_module)
  File "<frozen importlib._bootstrap_external>", line 883, in exec_module
  File "<frozen importlib._bootstrap>", line 241, in _call_with_frames_removed
  File "/opt/airflow/dags/dag_traer_csv.py", line 2, in <module>
    from playwright.sync_api import sync_playwright, expect
ModuleNotFoundError: No module named 'playwright'
[2025-09-15T23:30:22.397+0000] {processor.py:842} WARNING - No viable dags retrieved from /opt/airflow/dags/dag_traer_csv.py
[2025-09-15T23:30:22.409+0000] {processor.py:183} INFO - Processing /opt/airflow/dags/dag_traer_csv.py took 0.019 seconds
[2025-09-15T23:30:52.521+0000] {processor.py:161} INFO - Started process (PID=119) to work on /opt/airflow/dags/dag_traer_csv.py
[2025-09-15T23:30:52.522+0000] {processor.py:830} INFO - Processing file /opt/airflow/dags/dag_traer_csv.py for tasks to queue
[2025-09-15T23:30:52.523+0000] {logging_mixin.py:188} INFO - [2025-09-15T23:30:52.523+0000] {dagbag.py:540} INFO - Filling up the DagBag from /opt/airflow/dags/dag_traer_csv.py
[2025-09-15T23:30:52.526+0000] {logging_mixin.py:188} INFO - [2025-09-15T23:30:52.525+0000] {dagbag.py:350} ERROR - Failed to import: /opt/airflow/dags/dag_traer_csv.py
Traceback (most recent call last):
  File "/home/airflow/.local/lib/python3.10/site-packages/airflow/models/dagbag.py", line 346, in parse
    loader.exec_module(new_module)
  File "<frozen importlib._bootstrap_external>", line 883, in exec_module
  File "<frozen importlib._bootstrap>", line 241, in _call_with_frames_removed
  File "/opt/airflow/dags/dag_traer_csv.py", line 2, in <module>
    from playwright.sync_api import sync_playwright, expect
ModuleNotFoundError: No module named 'playwright'
[2025-09-15T23:30:52.526+0000] {processor.py:842} WARNING - No viable dags retrieved from /opt/airflow/dags/dag_traer_csv.py
[2025-09-15T23:30:52.537+0000] {processor.py:183} INFO - Processing /opt/airflow/dags/dag_traer_csv.py took 0.017 seconds
[2025-09-15T23:31:22.648+0000] {processor.py:161} INFO - Started process (PID=127) to work on /opt/airflow/dags/dag_traer_csv.py
[2025-09-15T23:31:22.648+0000] {processor.py:830} INFO - Processing file /opt/airflow/dags/dag_traer_csv.py for tasks to queue
[2025-09-15T23:31:22.649+0000] {logging_mixin.py:188} INFO - [2025-09-15T23:31:22.649+0000] {dagbag.py:540} INFO - Filling up the DagBag from /opt/airflow/dags/dag_traer_csv.py
[2025-09-15T23:31:22.652+0000] {logging_mixin.py:188} INFO - [2025-09-15T23:31:22.651+0000] {dagbag.py:350} ERROR - Failed to import: /opt/airflow/dags/dag_traer_csv.py
Traceback (most recent call last):
  File "/home/airflow/.local/lib/python3.10/site-packages/airflow/models/dagbag.py", line 346, in parse
    loader.exec_module(new_module)
  File "<frozen importlib._bootstrap_external>", line 883, in exec_module
  File "<frozen importlib._bootstrap>", line 241, in _call_with_frames_removed
  File "/opt/airflow/dags/dag_traer_csv.py", line 2, in <module>
    from playwright.sync_api import sync_playwright, expect
ModuleNotFoundError: No module named 'playwright'
[2025-09-15T23:31:22.652+0000] {processor.py:842} WARNING - No viable dags retrieved from /opt/airflow/dags/dag_traer_csv.py
[2025-09-15T23:31:22.663+0000] {processor.py:183} INFO - Processing /opt/airflow/dags/dag_traer_csv.py took 0.017 seconds
[2025-09-15T23:31:52.769+0000] {processor.py:161} INFO - Started process (PID=135) to work on /opt/airflow/dags/dag_traer_csv.py
[2025-09-15T23:31:52.770+0000] {processor.py:830} INFO - Processing file /opt/airflow/dags/dag_traer_csv.py for tasks to queue
[2025-09-15T23:31:52.771+0000] {logging_mixin.py:188} INFO - [2025-09-15T23:31:52.771+0000] {dagbag.py:540} INFO - Filling up the DagBag from /opt/airflow/dags/dag_traer_csv.py
[2025-09-15T23:31:52.774+0000] {logging_mixin.py:188} INFO - [2025-09-15T23:31:52.773+0000] {dagbag.py:350} ERROR - Failed to import: /opt/airflow/dags/dag_traer_csv.py
Traceback (most recent call last):
  File "/home/airflow/.local/lib/python3.10/site-packages/airflow/models/dagbag.py", line 346, in parse
    loader.exec_module(new_module)
  File "<frozen importlib._bootstrap_external>", line 883, in exec_module
  File "<frozen importlib._bootstrap>", line 241, in _call_with_frames_removed
  File "/opt/airflow/dags/dag_traer_csv.py", line 2, in <module>
    from playwright.sync_api import sync_playwright, expect
ModuleNotFoundError: No module named 'playwright'
[2025-09-15T23:31:52.774+0000] {processor.py:842} WARNING - No viable dags retrieved from /opt/airflow/dags/dag_traer_csv.py
[2025-09-15T23:31:52.785+0000] {processor.py:183} INFO - Processing /opt/airflow/dags/dag_traer_csv.py took 0.018 seconds
[2025-09-15T23:32:22.890+0000] {processor.py:161} INFO - Started process (PID=143) to work on /opt/airflow/dags/dag_traer_csv.py
[2025-09-15T23:32:22.890+0000] {processor.py:830} INFO - Processing file /opt/airflow/dags/dag_traer_csv.py for tasks to queue
[2025-09-15T23:32:22.891+0000] {logging_mixin.py:188} INFO - [2025-09-15T23:32:22.891+0000] {dagbag.py:540} INFO - Filling up the DagBag from /opt/airflow/dags/dag_traer_csv.py
[2025-09-15T23:32:22.893+0000] {logging_mixin.py:188} INFO - [2025-09-15T23:32:22.893+0000] {dagbag.py:350} ERROR - Failed to import: /opt/airflow/dags/dag_traer_csv.py
Traceback (most recent call last):
  File "/home/airflow/.local/lib/python3.10/site-packages/airflow/models/dagbag.py", line 346, in parse
    loader.exec_module(new_module)
  File "<frozen importlib._bootstrap_external>", line 883, in exec_module
  File "<frozen importlib._bootstrap>", line 241, in _call_with_frames_removed
  File "/opt/airflow/dags/dag_traer_csv.py", line 2, in <module>
    from playwright.sync_api import sync_playwright, expect
ModuleNotFoundError: No module named 'playwright'
[2025-09-15T23:32:22.893+0000] {processor.py:842} WARNING - No viable dags retrieved from /opt/airflow/dags/dag_traer_csv.py
[2025-09-15T23:32:22.904+0000] {processor.py:183} INFO - Processing /opt/airflow/dags/dag_traer_csv.py took 0.016 seconds
[2025-09-15T23:32:53.016+0000] {processor.py:161} INFO - Started process (PID=151) to work on /opt/airflow/dags/dag_traer_csv.py
[2025-09-15T23:32:53.017+0000] {processor.py:830} INFO - Processing file /opt/airflow/dags/dag_traer_csv.py for tasks to queue
[2025-09-15T23:32:53.018+0000] {logging_mixin.py:188} INFO - [2025-09-15T23:32:53.018+0000] {dagbag.py:540} INFO - Filling up the DagBag from /opt/airflow/dags/dag_traer_csv.py
[2025-09-15T23:32:53.020+0000] {logging_mixin.py:188} INFO - [2025-09-15T23:32:53.020+0000] {dagbag.py:350} ERROR - Failed to import: /opt/airflow/dags/dag_traer_csv.py
Traceback (most recent call last):
  File "/home/airflow/.local/lib/python3.10/site-packages/airflow/models/dagbag.py", line 346, in parse
    loader.exec_module(new_module)
  File "<frozen importlib._bootstrap_external>", line 883, in exec_module
  File "<frozen importlib._bootstrap>", line 241, in _call_with_frames_removed
  File "/opt/airflow/dags/dag_traer_csv.py", line 2, in <module>
    from playwright.sync_api import sync_playwright, expect
ModuleNotFoundError: No module named 'playwright'
[2025-09-15T23:32:53.020+0000] {processor.py:842} WARNING - No viable dags retrieved from /opt/airflow/dags/dag_traer_csv.py
[2025-09-15T23:32:53.031+0000] {processor.py:183} INFO - Processing /opt/airflow/dags/dag_traer_csv.py took 0.017 seconds
[2025-09-15T23:33:23.150+0000] {processor.py:161} INFO - Started process (PID=159) to work on /opt/airflow/dags/dag_traer_csv.py
[2025-09-15T23:33:23.150+0000] {processor.py:830} INFO - Processing file /opt/airflow/dags/dag_traer_csv.py for tasks to queue
[2025-09-15T23:33:23.151+0000] {logging_mixin.py:188} INFO - [2025-09-15T23:33:23.151+0000] {dagbag.py:540} INFO - Filling up the DagBag from /opt/airflow/dags/dag_traer_csv.py
[2025-09-15T23:33:23.154+0000] {logging_mixin.py:188} INFO - [2025-09-15T23:33:23.153+0000] {dagbag.py:350} ERROR - Failed to import: /opt/airflow/dags/dag_traer_csv.py
Traceback (most recent call last):
  File "/home/airflow/.local/lib/python3.10/site-packages/airflow/models/dagbag.py", line 346, in parse
    loader.exec_module(new_module)
  File "<frozen importlib._bootstrap_external>", line 883, in exec_module
  File "<frozen importlib._bootstrap>", line 241, in _call_with_frames_removed
  File "/opt/airflow/dags/dag_traer_csv.py", line 2, in <module>
    from playwright.sync_api import sync_playwright, expect
ModuleNotFoundError: No module named 'playwright'
[2025-09-15T23:33:23.154+0000] {processor.py:842} WARNING - No viable dags retrieved from /opt/airflow/dags/dag_traer_csv.py
[2025-09-15T23:33:23.165+0000] {processor.py:183} INFO - Processing /opt/airflow/dags/dag_traer_csv.py took 0.017 seconds
[2025-09-15T23:33:53.284+0000] {processor.py:161} INFO - Started process (PID=167) to work on /opt/airflow/dags/dag_traer_csv.py
[2025-09-15T23:33:53.285+0000] {processor.py:830} INFO - Processing file /opt/airflow/dags/dag_traer_csv.py for tasks to queue
[2025-09-15T23:33:53.286+0000] {logging_mixin.py:188} INFO - [2025-09-15T23:33:53.286+0000] {dagbag.py:540} INFO - Filling up the DagBag from /opt/airflow/dags/dag_traer_csv.py
[2025-09-15T23:33:53.288+0000] {logging_mixin.py:188} INFO - [2025-09-15T23:33:53.288+0000] {dagbag.py:350} ERROR - Failed to import: /opt/airflow/dags/dag_traer_csv.py
Traceback (most recent call last):
  File "/home/airflow/.local/lib/python3.10/site-packages/airflow/models/dagbag.py", line 346, in parse
    loader.exec_module(new_module)
  File "<frozen importlib._bootstrap_external>", line 883, in exec_module
  File "<frozen importlib._bootstrap>", line 241, in _call_with_frames_removed
  File "/opt/airflow/dags/dag_traer_csv.py", line 2, in <module>
    from playwright.sync_api import sync_playwright, expect
ModuleNotFoundError: No module named 'playwright'
[2025-09-15T23:33:53.288+0000] {processor.py:842} WARNING - No viable dags retrieved from /opt/airflow/dags/dag_traer_csv.py
[2025-09-15T23:33:53.300+0000] {processor.py:183} INFO - Processing /opt/airflow/dags/dag_traer_csv.py took 0.018 seconds
[2025-09-15T23:34:23.418+0000] {processor.py:161} INFO - Started process (PID=175) to work on /opt/airflow/dags/dag_traer_csv.py
[2025-09-15T23:34:23.419+0000] {processor.py:830} INFO - Processing file /opt/airflow/dags/dag_traer_csv.py for tasks to queue
[2025-09-15T23:34:23.420+0000] {logging_mixin.py:188} INFO - [2025-09-15T23:34:23.420+0000] {dagbag.py:540} INFO - Filling up the DagBag from /opt/airflow/dags/dag_traer_csv.py
[2025-09-15T23:34:23.422+0000] {logging_mixin.py:188} INFO - [2025-09-15T23:34:23.422+0000] {dagbag.py:350} ERROR - Failed to import: /opt/airflow/dags/dag_traer_csv.py
Traceback (most recent call last):
  File "/home/airflow/.local/lib/python3.10/site-packages/airflow/models/dagbag.py", line 346, in parse
    loader.exec_module(new_module)
  File "<frozen importlib._bootstrap_external>", line 883, in exec_module
  File "<frozen importlib._bootstrap>", line 241, in _call_with_frames_removed
  File "/opt/airflow/dags/dag_traer_csv.py", line 2, in <module>
    from playwright.sync_api import sync_playwright, expect
ModuleNotFoundError: No module named 'playwright'
[2025-09-15T23:34:23.422+0000] {processor.py:842} WARNING - No viable dags retrieved from /opt/airflow/dags/dag_traer_csv.py
[2025-09-15T23:34:23.433+0000] {processor.py:183} INFO - Processing /opt/airflow/dags/dag_traer_csv.py took 0.017 seconds
[2025-09-15T23:34:53.546+0000] {processor.py:161} INFO - Started process (PID=183) to work on /opt/airflow/dags/dag_traer_csv.py
[2025-09-15T23:34:53.546+0000] {processor.py:830} INFO - Processing file /opt/airflow/dags/dag_traer_csv.py for tasks to queue
[2025-09-15T23:34:53.547+0000] {logging_mixin.py:188} INFO - [2025-09-15T23:34:53.547+0000] {dagbag.py:540} INFO - Filling up the DagBag from /opt/airflow/dags/dag_traer_csv.py
[2025-09-15T23:34:53.550+0000] {logging_mixin.py:188} INFO - [2025-09-15T23:34:53.549+0000] {dagbag.py:350} ERROR - Failed to import: /opt/airflow/dags/dag_traer_csv.py
Traceback (most recent call last):
  File "/home/airflow/.local/lib/python3.10/site-packages/airflow/models/dagbag.py", line 346, in parse
    loader.exec_module(new_module)
  File "<frozen importlib._bootstrap_external>", line 883, in exec_module
  File "<frozen importlib._bootstrap>", line 241, in _call_with_frames_removed
  File "/opt/airflow/dags/dag_traer_csv.py", line 2, in <module>
    from playwright.sync_api import sync_playwright, expect
ModuleNotFoundError: No module named 'playwright'
[2025-09-15T23:34:53.550+0000] {processor.py:842} WARNING - No viable dags retrieved from /opt/airflow/dags/dag_traer_csv.py
[2025-09-15T23:34:53.561+0000] {processor.py:183} INFO - Processing /opt/airflow/dags/dag_traer_csv.py took 0.017 seconds
[2025-09-15T23:35:23.677+0000] {processor.py:161} INFO - Started process (PID=191) to work on /opt/airflow/dags/dag_traer_csv.py
[2025-09-15T23:35:23.678+0000] {processor.py:830} INFO - Processing file /opt/airflow/dags/dag_traer_csv.py for tasks to queue
[2025-09-15T23:35:23.679+0000] {logging_mixin.py:188} INFO - [2025-09-15T23:35:23.679+0000] {dagbag.py:540} INFO - Filling up the DagBag from /opt/airflow/dags/dag_traer_csv.py
[2025-09-15T23:35:23.681+0000] {logging_mixin.py:188} INFO - [2025-09-15T23:35:23.681+0000] {dagbag.py:350} ERROR - Failed to import: /opt/airflow/dags/dag_traer_csv.py
Traceback (most recent call last):
  File "/home/airflow/.local/lib/python3.10/site-packages/airflow/models/dagbag.py", line 346, in parse
    loader.exec_module(new_module)
  File "<frozen importlib._bootstrap_external>", line 883, in exec_module
  File "<frozen importlib._bootstrap>", line 241, in _call_with_frames_removed
  File "/opt/airflow/dags/dag_traer_csv.py", line 2, in <module>
    from playwright.sync_api import sync_playwright, expect
ModuleNotFoundError: No module named 'playwright'
[2025-09-15T23:35:23.681+0000] {processor.py:842} WARNING - No viable dags retrieved from /opt/airflow/dags/dag_traer_csv.py
[2025-09-15T23:35:23.692+0000] {processor.py:183} INFO - Processing /opt/airflow/dags/dag_traer_csv.py took 0.017 seconds
[2025-09-15T23:35:53.806+0000] {processor.py:161} INFO - Started process (PID=199) to work on /opt/airflow/dags/dag_traer_csv.py
[2025-09-15T23:35:53.807+0000] {processor.py:830} INFO - Processing file /opt/airflow/dags/dag_traer_csv.py for tasks to queue
[2025-09-15T23:35:53.808+0000] {logging_mixin.py:188} INFO - [2025-09-15T23:35:53.808+0000] {dagbag.py:540} INFO - Filling up the DagBag from /opt/airflow/dags/dag_traer_csv.py
[2025-09-15T23:35:53.810+0000] {logging_mixin.py:188} INFO - [2025-09-15T23:35:53.810+0000] {dagbag.py:350} ERROR - Failed to import: /opt/airflow/dags/dag_traer_csv.py
Traceback (most recent call last):
  File "/home/airflow/.local/lib/python3.10/site-packages/airflow/models/dagbag.py", line 346, in parse
    loader.exec_module(new_module)
  File "<frozen importlib._bootstrap_external>", line 883, in exec_module
  File "<frozen importlib._bootstrap>", line 241, in _call_with_frames_removed
  File "/opt/airflow/dags/dag_traer_csv.py", line 2, in <module>
    from playwright.sync_api import sync_playwright, expect
ModuleNotFoundError: No module named 'playwright'
[2025-09-15T23:35:53.810+0000] {processor.py:842} WARNING - No viable dags retrieved from /opt/airflow/dags/dag_traer_csv.py
[2025-09-15T23:35:53.822+0000] {processor.py:183} INFO - Processing /opt/airflow/dags/dag_traer_csv.py took 0.018 seconds
[2025-09-15T23:36:23.940+0000] {processor.py:161} INFO - Started process (PID=207) to work on /opt/airflow/dags/dag_traer_csv.py
[2025-09-15T23:36:23.940+0000] {processor.py:830} INFO - Processing file /opt/airflow/dags/dag_traer_csv.py for tasks to queue
[2025-09-15T23:36:23.941+0000] {logging_mixin.py:188} INFO - [2025-09-15T23:36:23.941+0000] {dagbag.py:540} INFO - Filling up the DagBag from /opt/airflow/dags/dag_traer_csv.py
[2025-09-15T23:36:23.944+0000] {logging_mixin.py:188} INFO - [2025-09-15T23:36:23.943+0000] {dagbag.py:350} ERROR - Failed to import: /opt/airflow/dags/dag_traer_csv.py
Traceback (most recent call last):
  File "/home/airflow/.local/lib/python3.10/site-packages/airflow/models/dagbag.py", line 346, in parse
    loader.exec_module(new_module)
  File "<frozen importlib._bootstrap_external>", line 883, in exec_module
  File "<frozen importlib._bootstrap>", line 241, in _call_with_frames_removed
  File "/opt/airflow/dags/dag_traer_csv.py", line 2, in <module>
    from playwright.sync_api import sync_playwright, expect
ModuleNotFoundError: No module named 'playwright'
[2025-09-15T23:36:23.944+0000] {processor.py:842} WARNING - No viable dags retrieved from /opt/airflow/dags/dag_traer_csv.py
[2025-09-15T23:36:23.955+0000] {processor.py:183} INFO - Processing /opt/airflow/dags/dag_traer_csv.py took 0.017 seconds
[2025-09-15T23:36:54.068+0000] {processor.py:161} INFO - Started process (PID=215) to work on /opt/airflow/dags/dag_traer_csv.py
[2025-09-15T23:36:54.069+0000] {processor.py:830} INFO - Processing file /opt/airflow/dags/dag_traer_csv.py for tasks to queue
[2025-09-15T23:36:54.070+0000] {logging_mixin.py:188} INFO - [2025-09-15T23:36:54.070+0000] {dagbag.py:540} INFO - Filling up the DagBag from /opt/airflow/dags/dag_traer_csv.py
[2025-09-15T23:36:54.072+0000] {logging_mixin.py:188} INFO - [2025-09-15T23:36:54.072+0000] {dagbag.py:350} ERROR - Failed to import: /opt/airflow/dags/dag_traer_csv.py
Traceback (most recent call last):
  File "/home/airflow/.local/lib/python3.10/site-packages/airflow/models/dagbag.py", line 346, in parse
    loader.exec_module(new_module)
  File "<frozen importlib._bootstrap_external>", line 883, in exec_module
  File "<frozen importlib._bootstrap>", line 241, in _call_with_frames_removed
  File "/opt/airflow/dags/dag_traer_csv.py", line 2, in <module>
    from playwright.sync_api import sync_playwright, expect
ModuleNotFoundError: No module named 'playwright'
[2025-09-15T23:36:54.072+0000] {processor.py:842} WARNING - No viable dags retrieved from /opt/airflow/dags/dag_traer_csv.py
[2025-09-15T23:36:54.083+0000] {processor.py:183} INFO - Processing /opt/airflow/dags/dag_traer_csv.py took 0.017 seconds
[2025-09-15T23:37:24.209+0000] {processor.py:161} INFO - Started process (PID=223) to work on /opt/airflow/dags/dag_traer_csv.py
[2025-09-15T23:37:24.210+0000] {processor.py:830} INFO - Processing file /opt/airflow/dags/dag_traer_csv.py for tasks to queue
[2025-09-15T23:37:24.211+0000] {logging_mixin.py:188} INFO - [2025-09-15T23:37:24.211+0000] {dagbag.py:540} INFO - Filling up the DagBag from /opt/airflow/dags/dag_traer_csv.py
[2025-09-15T23:37:24.213+0000] {logging_mixin.py:188} INFO - [2025-09-15T23:37:24.213+0000] {dagbag.py:350} ERROR - Failed to import: /opt/airflow/dags/dag_traer_csv.py
Traceback (most recent call last):
  File "/home/airflow/.local/lib/python3.10/site-packages/airflow/models/dagbag.py", line 346, in parse
    loader.exec_module(new_module)
  File "<frozen importlib._bootstrap_external>", line 883, in exec_module
  File "<frozen importlib._bootstrap>", line 241, in _call_with_frames_removed
  File "/opt/airflow/dags/dag_traer_csv.py", line 2, in <module>
    from playwright.sync_api import sync_playwright, expect
ModuleNotFoundError: No module named 'playwright'
[2025-09-15T23:37:24.213+0000] {processor.py:842} WARNING - No viable dags retrieved from /opt/airflow/dags/dag_traer_csv.py
[2025-09-15T23:37:24.224+0000] {processor.py:183} INFO - Processing /opt/airflow/dags/dag_traer_csv.py took 0.017 seconds
[2025-09-15T23:37:54.340+0000] {processor.py:161} INFO - Started process (PID=231) to work on /opt/airflow/dags/dag_traer_csv.py
[2025-09-15T23:37:54.340+0000] {processor.py:830} INFO - Processing file /opt/airflow/dags/dag_traer_csv.py for tasks to queue
[2025-09-15T23:37:54.342+0000] {logging_mixin.py:188} INFO - [2025-09-15T23:37:54.341+0000] {dagbag.py:540} INFO - Filling up the DagBag from /opt/airflow/dags/dag_traer_csv.py
[2025-09-15T23:37:54.344+0000] {logging_mixin.py:188} INFO - [2025-09-15T23:37:54.343+0000] {dagbag.py:350} ERROR - Failed to import: /opt/airflow/dags/dag_traer_csv.py
Traceback (most recent call last):
  File "/home/airflow/.local/lib/python3.10/site-packages/airflow/models/dagbag.py", line 346, in parse
    loader.exec_module(new_module)
  File "<frozen importlib._bootstrap_external>", line 883, in exec_module
  File "<frozen importlib._bootstrap>", line 241, in _call_with_frames_removed
  File "/opt/airflow/dags/dag_traer_csv.py", line 2, in <module>
    from playwright.sync_api import sync_playwright, expect
ModuleNotFoundError: No module named 'playwright'
[2025-09-15T23:37:54.344+0000] {processor.py:842} WARNING - No viable dags retrieved from /opt/airflow/dags/dag_traer_csv.py
[2025-09-15T23:37:54.355+0000] {processor.py:183} INFO - Processing /opt/airflow/dags/dag_traer_csv.py took 0.017 seconds
[2025-09-15T23:38:24.464+0000] {processor.py:161} INFO - Started process (PID=239) to work on /opt/airflow/dags/dag_traer_csv.py
[2025-09-15T23:38:24.465+0000] {processor.py:830} INFO - Processing file /opt/airflow/dags/dag_traer_csv.py for tasks to queue
[2025-09-15T23:38:24.466+0000] {logging_mixin.py:188} INFO - [2025-09-15T23:38:24.466+0000] {dagbag.py:540} INFO - Filling up the DagBag from /opt/airflow/dags/dag_traer_csv.py
[2025-09-15T23:38:24.468+0000] {logging_mixin.py:188} INFO - [2025-09-15T23:38:24.468+0000] {dagbag.py:350} ERROR - Failed to import: /opt/airflow/dags/dag_traer_csv.py
Traceback (most recent call last):
  File "/home/airflow/.local/lib/python3.10/site-packages/airflow/models/dagbag.py", line 346, in parse
    loader.exec_module(new_module)
  File "<frozen importlib._bootstrap_external>", line 883, in exec_module
  File "<frozen importlib._bootstrap>", line 241, in _call_with_frames_removed
  File "/opt/airflow/dags/dag_traer_csv.py", line 2, in <module>
    from playwright.sync_api import sync_playwright, expect
ModuleNotFoundError: No module named 'playwright'
[2025-09-15T23:38:24.468+0000] {processor.py:842} WARNING - No viable dags retrieved from /opt/airflow/dags/dag_traer_csv.py
[2025-09-15T23:38:24.479+0000] {processor.py:183} INFO - Processing /opt/airflow/dags/dag_traer_csv.py took 0.018 seconds
[2025-09-15T23:38:54.581+0000] {processor.py:161} INFO - Started process (PID=247) to work on /opt/airflow/dags/dag_traer_csv.py
[2025-09-15T23:38:54.582+0000] {processor.py:830} INFO - Processing file /opt/airflow/dags/dag_traer_csv.py for tasks to queue
[2025-09-15T23:38:54.583+0000] {logging_mixin.py:188} INFO - [2025-09-15T23:38:54.583+0000] {dagbag.py:540} INFO - Filling up the DagBag from /opt/airflow/dags/dag_traer_csv.py
[2025-09-15T23:38:54.586+0000] {logging_mixin.py:188} INFO - [2025-09-15T23:38:54.586+0000] {dagbag.py:350} ERROR - Failed to import: /opt/airflow/dags/dag_traer_csv.py
Traceback (most recent call last):
  File "/home/airflow/.local/lib/python3.10/site-packages/airflow/models/dagbag.py", line 346, in parse
    loader.exec_module(new_module)
  File "<frozen importlib._bootstrap_external>", line 883, in exec_module
  File "<frozen importlib._bootstrap>", line 241, in _call_with_frames_removed
  File "/opt/airflow/dags/dag_traer_csv.py", line 2, in <module>
    from playwright.sync_api import sync_playwright, expect
ModuleNotFoundError: No module named 'playwright'
[2025-09-15T23:38:54.586+0000] {processor.py:842} WARNING - No viable dags retrieved from /opt/airflow/dags/dag_traer_csv.py
[2025-09-15T23:38:54.598+0000] {processor.py:183} INFO - Processing /opt/airflow/dags/dag_traer_csv.py took 0.019 seconds
[2025-09-15T23:39:24.704+0000] {processor.py:161} INFO - Started process (PID=255) to work on /opt/airflow/dags/dag_traer_csv.py
[2025-09-15T23:39:24.705+0000] {processor.py:830} INFO - Processing file /opt/airflow/dags/dag_traer_csv.py for tasks to queue
[2025-09-15T23:39:24.706+0000] {logging_mixin.py:188} INFO - [2025-09-15T23:39:24.706+0000] {dagbag.py:540} INFO - Filling up the DagBag from /opt/airflow/dags/dag_traer_csv.py
[2025-09-15T23:39:24.708+0000] {logging_mixin.py:188} INFO - [2025-09-15T23:39:24.707+0000] {dagbag.py:350} ERROR - Failed to import: /opt/airflow/dags/dag_traer_csv.py
Traceback (most recent call last):
  File "/home/airflow/.local/lib/python3.10/site-packages/airflow/models/dagbag.py", line 346, in parse
    loader.exec_module(new_module)
  File "<frozen importlib._bootstrap_external>", line 883, in exec_module
  File "<frozen importlib._bootstrap>", line 241, in _call_with_frames_removed
  File "/opt/airflow/dags/dag_traer_csv.py", line 2, in <module>
    from playwright.sync_api import sync_playwright, expect
ModuleNotFoundError: No module named 'playwright'
[2025-09-15T23:39:24.708+0000] {processor.py:842} WARNING - No viable dags retrieved from /opt/airflow/dags/dag_traer_csv.py
[2025-09-15T23:39:24.719+0000] {processor.py:183} INFO - Processing /opt/airflow/dags/dag_traer_csv.py took 0.017 seconds
[2025-09-15T23:39:54.821+0000] {processor.py:161} INFO - Started process (PID=263) to work on /opt/airflow/dags/dag_traer_csv.py
[2025-09-15T23:39:54.822+0000] {processor.py:830} INFO - Processing file /opt/airflow/dags/dag_traer_csv.py for tasks to queue
[2025-09-15T23:39:54.823+0000] {logging_mixin.py:188} INFO - [2025-09-15T23:39:54.823+0000] {dagbag.py:540} INFO - Filling up the DagBag from /opt/airflow/dags/dag_traer_csv.py
[2025-09-15T23:39:54.825+0000] {logging_mixin.py:188} INFO - [2025-09-15T23:39:54.825+0000] {dagbag.py:350} ERROR - Failed to import: /opt/airflow/dags/dag_traer_csv.py
Traceback (most recent call last):
  File "/home/airflow/.local/lib/python3.10/site-packages/airflow/models/dagbag.py", line 346, in parse
    loader.exec_module(new_module)
  File "<frozen importlib._bootstrap_external>", line 883, in exec_module
  File "<frozen importlib._bootstrap>", line 241, in _call_with_frames_removed
  File "/opt/airflow/dags/dag_traer_csv.py", line 2, in <module>
    from playwright.sync_api import sync_playwright, expect
ModuleNotFoundError: No module named 'playwright'
[2025-09-15T23:39:54.825+0000] {processor.py:842} WARNING - No viable dags retrieved from /opt/airflow/dags/dag_traer_csv.py
[2025-09-15T23:39:54.836+0000] {processor.py:183} INFO - Processing /opt/airflow/dags/dag_traer_csv.py took 0.018 seconds
[2025-09-15T23:40:24.937+0000] {processor.py:161} INFO - Started process (PID=271) to work on /opt/airflow/dags/dag_traer_csv.py
[2025-09-15T23:40:24.937+0000] {processor.py:830} INFO - Processing file /opt/airflow/dags/dag_traer_csv.py for tasks to queue
[2025-09-15T23:40:24.938+0000] {logging_mixin.py:188} INFO - [2025-09-15T23:40:24.938+0000] {dagbag.py:540} INFO - Filling up the DagBag from /opt/airflow/dags/dag_traer_csv.py
[2025-09-15T23:40:24.941+0000] {logging_mixin.py:188} INFO - [2025-09-15T23:40:24.940+0000] {dagbag.py:350} ERROR - Failed to import: /opt/airflow/dags/dag_traer_csv.py
Traceback (most recent call last):
  File "/home/airflow/.local/lib/python3.10/site-packages/airflow/models/dagbag.py", line 346, in parse
    loader.exec_module(new_module)
  File "<frozen importlib._bootstrap_external>", line 883, in exec_module
  File "<frozen importlib._bootstrap>", line 241, in _call_with_frames_removed
  File "/opt/airflow/dags/dag_traer_csv.py", line 2, in <module>
    from playwright.sync_api import sync_playwright, expect
ModuleNotFoundError: No module named 'playwright'
[2025-09-15T23:40:24.941+0000] {processor.py:842} WARNING - No viable dags retrieved from /opt/airflow/dags/dag_traer_csv.py
[2025-09-15T23:40:24.952+0000] {processor.py:183} INFO - Processing /opt/airflow/dags/dag_traer_csv.py took 0.017 seconds
[2025-09-15T23:40:55.058+0000] {processor.py:161} INFO - Started process (PID=279) to work on /opt/airflow/dags/dag_traer_csv.py
[2025-09-15T23:40:55.059+0000] {processor.py:830} INFO - Processing file /opt/airflow/dags/dag_traer_csv.py for tasks to queue
[2025-09-15T23:40:55.060+0000] {logging_mixin.py:188} INFO - [2025-09-15T23:40:55.059+0000] {dagbag.py:540} INFO - Filling up the DagBag from /opt/airflow/dags/dag_traer_csv.py
[2025-09-15T23:40:55.062+0000] {logging_mixin.py:188} INFO - [2025-09-15T23:40:55.061+0000] {dagbag.py:350} ERROR - Failed to import: /opt/airflow/dags/dag_traer_csv.py
Traceback (most recent call last):
  File "/home/airflow/.local/lib/python3.10/site-packages/airflow/models/dagbag.py", line 346, in parse
    loader.exec_module(new_module)
  File "<frozen importlib._bootstrap_external>", line 883, in exec_module
  File "<frozen importlib._bootstrap>", line 241, in _call_with_frames_removed
  File "/opt/airflow/dags/dag_traer_csv.py", line 2, in <module>
    from playwright.sync_api import sync_playwright, expect
ModuleNotFoundError: No module named 'playwright'
[2025-09-15T23:40:55.062+0000] {processor.py:842} WARNING - No viable dags retrieved from /opt/airflow/dags/dag_traer_csv.py
[2025-09-15T23:40:55.073+0000] {processor.py:183} INFO - Processing /opt/airflow/dags/dag_traer_csv.py took 0.017 seconds
[2025-09-15T23:41:25.169+0000] {processor.py:161} INFO - Started process (PID=287) to work on /opt/airflow/dags/dag_traer_csv.py
[2025-09-15T23:41:25.169+0000] {processor.py:830} INFO - Processing file /opt/airflow/dags/dag_traer_csv.py for tasks to queue
[2025-09-15T23:41:25.170+0000] {logging_mixin.py:188} INFO - [2025-09-15T23:41:25.170+0000] {dagbag.py:540} INFO - Filling up the DagBag from /opt/airflow/dags/dag_traer_csv.py
[2025-09-15T23:41:25.173+0000] {logging_mixin.py:188} INFO - [2025-09-15T23:41:25.172+0000] {dagbag.py:350} ERROR - Failed to import: /opt/airflow/dags/dag_traer_csv.py
Traceback (most recent call last):
  File "/home/airflow/.local/lib/python3.10/site-packages/airflow/models/dagbag.py", line 346, in parse
    loader.exec_module(new_module)
  File "<frozen importlib._bootstrap_external>", line 883, in exec_module
  File "<frozen importlib._bootstrap>", line 241, in _call_with_frames_removed
  File "/opt/airflow/dags/dag_traer_csv.py", line 2, in <module>
    from playwright.sync_api import sync_playwright, expect
ModuleNotFoundError: No module named 'playwright'
[2025-09-15T23:41:25.173+0000] {processor.py:842} WARNING - No viable dags retrieved from /opt/airflow/dags/dag_traer_csv.py
[2025-09-15T23:41:25.184+0000] {processor.py:183} INFO - Processing /opt/airflow/dags/dag_traer_csv.py took 0.017 seconds
[2025-09-15T23:41:55.280+0000] {processor.py:161} INFO - Started process (PID=295) to work on /opt/airflow/dags/dag_traer_csv.py
[2025-09-15T23:41:55.281+0000] {processor.py:830} INFO - Processing file /opt/airflow/dags/dag_traer_csv.py for tasks to queue
[2025-09-15T23:41:55.282+0000] {logging_mixin.py:188} INFO - [2025-09-15T23:41:55.282+0000] {dagbag.py:540} INFO - Filling up the DagBag from /opt/airflow/dags/dag_traer_csv.py
[2025-09-15T23:41:55.285+0000] {logging_mixin.py:188} INFO - [2025-09-15T23:41:55.284+0000] {dagbag.py:350} ERROR - Failed to import: /opt/airflow/dags/dag_traer_csv.py
Traceback (most recent call last):
  File "/home/airflow/.local/lib/python3.10/site-packages/airflow/models/dagbag.py", line 346, in parse
    loader.exec_module(new_module)
  File "<frozen importlib._bootstrap_external>", line 883, in exec_module
  File "<frozen importlib._bootstrap>", line 241, in _call_with_frames_removed
  File "/opt/airflow/dags/dag_traer_csv.py", line 2, in <module>
    from playwright.sync_api import sync_playwright, expect
ModuleNotFoundError: No module named 'playwright'
[2025-09-15T23:41:55.285+0000] {processor.py:842} WARNING - No viable dags retrieved from /opt/airflow/dags/dag_traer_csv.py
[2025-09-15T23:41:55.296+0000] {processor.py:183} INFO - Processing /opt/airflow/dags/dag_traer_csv.py took 0.018 seconds
[2025-09-15T23:42:25.406+0000] {processor.py:161} INFO - Started process (PID=303) to work on /opt/airflow/dags/dag_traer_csv.py
[2025-09-15T23:42:25.407+0000] {processor.py:830} INFO - Processing file /opt/airflow/dags/dag_traer_csv.py for tasks to queue
[2025-09-15T23:42:25.408+0000] {logging_mixin.py:188} INFO - [2025-09-15T23:42:25.408+0000] {dagbag.py:540} INFO - Filling up the DagBag from /opt/airflow/dags/dag_traer_csv.py
[2025-09-15T23:42:25.410+0000] {logging_mixin.py:188} INFO - [2025-09-15T23:42:25.410+0000] {dagbag.py:350} ERROR - Failed to import: /opt/airflow/dags/dag_traer_csv.py
Traceback (most recent call last):
  File "/home/airflow/.local/lib/python3.10/site-packages/airflow/models/dagbag.py", line 346, in parse
    loader.exec_module(new_module)
  File "<frozen importlib._bootstrap_external>", line 883, in exec_module
  File "<frozen importlib._bootstrap>", line 241, in _call_with_frames_removed
  File "/opt/airflow/dags/dag_traer_csv.py", line 2, in <module>
    from playwright.sync_api import sync_playwright, expect
ModuleNotFoundError: No module named 'playwright'
[2025-09-15T23:42:25.410+0000] {processor.py:842} WARNING - No viable dags retrieved from /opt/airflow/dags/dag_traer_csv.py
[2025-09-15T23:42:25.422+0000] {processor.py:183} INFO - Processing /opt/airflow/dags/dag_traer_csv.py took 0.018 seconds
[2025-09-15T23:42:55.524+0000] {processor.py:161} INFO - Started process (PID=311) to work on /opt/airflow/dags/dag_traer_csv.py
[2025-09-15T23:42:55.525+0000] {processor.py:830} INFO - Processing file /opt/airflow/dags/dag_traer_csv.py for tasks to queue
[2025-09-15T23:42:55.526+0000] {logging_mixin.py:188} INFO - [2025-09-15T23:42:55.526+0000] {dagbag.py:540} INFO - Filling up the DagBag from /opt/airflow/dags/dag_traer_csv.py
[2025-09-15T23:42:55.529+0000] {logging_mixin.py:188} INFO - [2025-09-15T23:42:55.528+0000] {dagbag.py:350} ERROR - Failed to import: /opt/airflow/dags/dag_traer_csv.py
Traceback (most recent call last):
  File "/home/airflow/.local/lib/python3.10/site-packages/airflow/models/dagbag.py", line 346, in parse
    loader.exec_module(new_module)
  File "<frozen importlib._bootstrap_external>", line 883, in exec_module
  File "<frozen importlib._bootstrap>", line 241, in _call_with_frames_removed
  File "/opt/airflow/dags/dag_traer_csv.py", line 2, in <module>
    from playwright.sync_api import sync_playwright, expect
ModuleNotFoundError: No module named 'playwright'
[2025-09-15T23:42:55.529+0000] {processor.py:842} WARNING - No viable dags retrieved from /opt/airflow/dags/dag_traer_csv.py
[2025-09-15T23:42:55.539+0000] {processor.py:183} INFO - Processing /opt/airflow/dags/dag_traer_csv.py took 0.017 seconds
[2025-09-15T23:43:25.640+0000] {processor.py:161} INFO - Started process (PID=319) to work on /opt/airflow/dags/dag_traer_csv.py
[2025-09-15T23:43:25.641+0000] {processor.py:830} INFO - Processing file /opt/airflow/dags/dag_traer_csv.py for tasks to queue
[2025-09-15T23:43:25.642+0000] {logging_mixin.py:188} INFO - [2025-09-15T23:43:25.641+0000] {dagbag.py:540} INFO - Filling up the DagBag from /opt/airflow/dags/dag_traer_csv.py
[2025-09-15T23:43:25.644+0000] {logging_mixin.py:188} INFO - [2025-09-15T23:43:25.643+0000] {dagbag.py:350} ERROR - Failed to import: /opt/airflow/dags/dag_traer_csv.py
Traceback (most recent call last):
  File "/home/airflow/.local/lib/python3.10/site-packages/airflow/models/dagbag.py", line 346, in parse
    loader.exec_module(new_module)
  File "<frozen importlib._bootstrap_external>", line 883, in exec_module
  File "<frozen importlib._bootstrap>", line 241, in _call_with_frames_removed
  File "/opt/airflow/dags/dag_traer_csv.py", line 2, in <module>
    from playwright.sync_api import sync_playwright, expect
ModuleNotFoundError: No module named 'playwright'
[2025-09-15T23:43:25.644+0000] {processor.py:842} WARNING - No viable dags retrieved from /opt/airflow/dags/dag_traer_csv.py
[2025-09-15T23:43:25.654+0000] {processor.py:183} INFO - Processing /opt/airflow/dags/dag_traer_csv.py took 0.016 seconds
[2025-09-15T23:43:55.751+0000] {processor.py:161} INFO - Started process (PID=327) to work on /opt/airflow/dags/dag_traer_csv.py
[2025-09-15T23:43:55.752+0000] {processor.py:830} INFO - Processing file /opt/airflow/dags/dag_traer_csv.py for tasks to queue
[2025-09-15T23:43:55.754+0000] {logging_mixin.py:188} INFO - [2025-09-15T23:43:55.753+0000] {dagbag.py:540} INFO - Filling up the DagBag from /opt/airflow/dags/dag_traer_csv.py
[2025-09-15T23:43:55.756+0000] {logging_mixin.py:188} INFO - [2025-09-15T23:43:55.755+0000] {dagbag.py:350} ERROR - Failed to import: /opt/airflow/dags/dag_traer_csv.py
Traceback (most recent call last):
  File "/home/airflow/.local/lib/python3.10/site-packages/airflow/models/dagbag.py", line 346, in parse
    loader.exec_module(new_module)
  File "<frozen importlib._bootstrap_external>", line 883, in exec_module
  File "<frozen importlib._bootstrap>", line 241, in _call_with_frames_removed
  File "/opt/airflow/dags/dag_traer_csv.py", line 2, in <module>
    from playwright.sync_api import sync_playwright, expect
ModuleNotFoundError: No module named 'playwright'
[2025-09-15T23:43:55.756+0000] {processor.py:842} WARNING - No viable dags retrieved from /opt/airflow/dags/dag_traer_csv.py
[2025-09-15T23:43:55.768+0000] {processor.py:183} INFO - Processing /opt/airflow/dags/dag_traer_csv.py took 0.019 seconds
[2025-09-15T23:44:25.870+0000] {processor.py:161} INFO - Started process (PID=335) to work on /opt/airflow/dags/dag_traer_csv.py
[2025-09-15T23:44:25.871+0000] {processor.py:830} INFO - Processing file /opt/airflow/dags/dag_traer_csv.py for tasks to queue
[2025-09-15T23:44:25.872+0000] {logging_mixin.py:188} INFO - [2025-09-15T23:44:25.872+0000] {dagbag.py:540} INFO - Filling up the DagBag from /opt/airflow/dags/dag_traer_csv.py
[2025-09-15T23:44:25.874+0000] {logging_mixin.py:188} INFO - [2025-09-15T23:44:25.874+0000] {dagbag.py:350} ERROR - Failed to import: /opt/airflow/dags/dag_traer_csv.py
Traceback (most recent call last):
  File "/home/airflow/.local/lib/python3.10/site-packages/airflow/models/dagbag.py", line 346, in parse
    loader.exec_module(new_module)
  File "<frozen importlib._bootstrap_external>", line 883, in exec_module
  File "<frozen importlib._bootstrap>", line 241, in _call_with_frames_removed
  File "/opt/airflow/dags/dag_traer_csv.py", line 2, in <module>
    from playwright.sync_api import sync_playwright, expect
ModuleNotFoundError: No module named 'playwright'
[2025-09-15T23:44:25.875+0000] {processor.py:842} WARNING - No viable dags retrieved from /opt/airflow/dags/dag_traer_csv.py
[2025-09-15T23:44:25.886+0000] {processor.py:183} INFO - Processing /opt/airflow/dags/dag_traer_csv.py took 0.018 seconds
[2025-09-15T23:44:55.990+0000] {processor.py:161} INFO - Started process (PID=343) to work on /opt/airflow/dags/dag_traer_csv.py
[2025-09-15T23:44:55.991+0000] {processor.py:830} INFO - Processing file /opt/airflow/dags/dag_traer_csv.py for tasks to queue
[2025-09-15T23:44:55.992+0000] {logging_mixin.py:188} INFO - [2025-09-15T23:44:55.992+0000] {dagbag.py:540} INFO - Filling up the DagBag from /opt/airflow/dags/dag_traer_csv.py
[2025-09-15T23:44:55.994+0000] {logging_mixin.py:188} INFO - [2025-09-15T23:44:55.993+0000] {dagbag.py:350} ERROR - Failed to import: /opt/airflow/dags/dag_traer_csv.py
Traceback (most recent call last):
  File "/home/airflow/.local/lib/python3.10/site-packages/airflow/models/dagbag.py", line 346, in parse
    loader.exec_module(new_module)
  File "<frozen importlib._bootstrap_external>", line 883, in exec_module
  File "<frozen importlib._bootstrap>", line 241, in _call_with_frames_removed
  File "/opt/airflow/dags/dag_traer_csv.py", line 2, in <module>
    from playwright.sync_api import sync_playwright, expect
ModuleNotFoundError: No module named 'playwright'
[2025-09-15T23:44:55.994+0000] {processor.py:842} WARNING - No viable dags retrieved from /opt/airflow/dags/dag_traer_csv.py
[2025-09-15T23:44:56.004+0000] {processor.py:183} INFO - Processing /opt/airflow/dags/dag_traer_csv.py took 0.016 seconds
[2025-09-15T23:45:26.110+0000] {processor.py:161} INFO - Started process (PID=351) to work on /opt/airflow/dags/dag_traer_csv.py
[2025-09-15T23:45:26.111+0000] {processor.py:830} INFO - Processing file /opt/airflow/dags/dag_traer_csv.py for tasks to queue
[2025-09-15T23:45:26.112+0000] {logging_mixin.py:188} INFO - [2025-09-15T23:45:26.112+0000] {dagbag.py:540} INFO - Filling up the DagBag from /opt/airflow/dags/dag_traer_csv.py
[2025-09-15T23:45:26.114+0000] {logging_mixin.py:188} INFO - [2025-09-15T23:45:26.114+0000] {dagbag.py:350} ERROR - Failed to import: /opt/airflow/dags/dag_traer_csv.py
Traceback (most recent call last):
  File "/home/airflow/.local/lib/python3.10/site-packages/airflow/models/dagbag.py", line 346, in parse
    loader.exec_module(new_module)
  File "<frozen importlib._bootstrap_external>", line 883, in exec_module
  File "<frozen importlib._bootstrap>", line 241, in _call_with_frames_removed
  File "/opt/airflow/dags/dag_traer_csv.py", line 2, in <module>
    from playwright.sync_api import sync_playwright, expect
ModuleNotFoundError: No module named 'playwright'
[2025-09-15T23:45:26.114+0000] {processor.py:842} WARNING - No viable dags retrieved from /opt/airflow/dags/dag_traer_csv.py
[2025-09-15T23:45:26.126+0000] {processor.py:183} INFO - Processing /opt/airflow/dags/dag_traer_csv.py took 0.018 seconds
[2025-09-15T23:45:56.241+0000] {processor.py:161} INFO - Started process (PID=359) to work on /opt/airflow/dags/dag_traer_csv.py
[2025-09-15T23:45:56.242+0000] {processor.py:830} INFO - Processing file /opt/airflow/dags/dag_traer_csv.py for tasks to queue
[2025-09-15T23:45:56.243+0000] {logging_mixin.py:188} INFO - [2025-09-15T23:45:56.243+0000] {dagbag.py:540} INFO - Filling up the DagBag from /opt/airflow/dags/dag_traer_csv.py
[2025-09-15T23:45:56.245+0000] {logging_mixin.py:188} INFO - [2025-09-15T23:45:56.245+0000] {dagbag.py:350} ERROR - Failed to import: /opt/airflow/dags/dag_traer_csv.py
Traceback (most recent call last):
  File "/home/airflow/.local/lib/python3.10/site-packages/airflow/models/dagbag.py", line 346, in parse
    loader.exec_module(new_module)
  File "<frozen importlib._bootstrap_external>", line 883, in exec_module
  File "<frozen importlib._bootstrap>", line 241, in _call_with_frames_removed
  File "/opt/airflow/dags/dag_traer_csv.py", line 2, in <module>
    from playwright.sync_api import sync_playwright, expect
ModuleNotFoundError: No module named 'playwright'
[2025-09-15T23:45:56.245+0000] {processor.py:842} WARNING - No viable dags retrieved from /opt/airflow/dags/dag_traer_csv.py
[2025-09-15T23:45:56.256+0000] {processor.py:183} INFO - Processing /opt/airflow/dags/dag_traer_csv.py took 0.016 seconds
[2025-09-15T23:46:26.371+0000] {processor.py:161} INFO - Started process (PID=367) to work on /opt/airflow/dags/dag_traer_csv.py
[2025-09-15T23:46:26.373+0000] {processor.py:830} INFO - Processing file /opt/airflow/dags/dag_traer_csv.py for tasks to queue
[2025-09-15T23:46:26.374+0000] {logging_mixin.py:188} INFO - [2025-09-15T23:46:26.373+0000] {dagbag.py:540} INFO - Filling up the DagBag from /opt/airflow/dags/dag_traer_csv.py
[2025-09-15T23:46:26.376+0000] {logging_mixin.py:188} INFO - [2025-09-15T23:46:26.375+0000] {dagbag.py:350} ERROR - Failed to import: /opt/airflow/dags/dag_traer_csv.py
Traceback (most recent call last):
  File "/home/airflow/.local/lib/python3.10/site-packages/airflow/models/dagbag.py", line 346, in parse
    loader.exec_module(new_module)
  File "<frozen importlib._bootstrap_external>", line 883, in exec_module
  File "<frozen importlib._bootstrap>", line 241, in _call_with_frames_removed
  File "/opt/airflow/dags/dag_traer_csv.py", line 2, in <module>
    from playwright.sync_api import sync_playwright, expect
ModuleNotFoundError: No module named 'playwright'
[2025-09-15T23:46:26.376+0000] {processor.py:842} WARNING - No viable dags retrieved from /opt/airflow/dags/dag_traer_csv.py
[2025-09-15T23:46:26.387+0000] {processor.py:183} INFO - Processing /opt/airflow/dags/dag_traer_csv.py took 0.018 seconds
[2025-09-15T23:46:56.497+0000] {processor.py:161} INFO - Started process (PID=375) to work on /opt/airflow/dags/dag_traer_csv.py
[2025-09-15T23:46:56.497+0000] {processor.py:830} INFO - Processing file /opt/airflow/dags/dag_traer_csv.py for tasks to queue
[2025-09-15T23:46:56.498+0000] {logging_mixin.py:188} INFO - [2025-09-15T23:46:56.498+0000] {dagbag.py:540} INFO - Filling up the DagBag from /opt/airflow/dags/dag_traer_csv.py
[2025-09-15T23:46:56.500+0000] {logging_mixin.py:188} INFO - [2025-09-15T23:46:56.500+0000] {dagbag.py:350} ERROR - Failed to import: /opt/airflow/dags/dag_traer_csv.py
Traceback (most recent call last):
  File "/home/airflow/.local/lib/python3.10/site-packages/airflow/models/dagbag.py", line 346, in parse
    loader.exec_module(new_module)
  File "<frozen importlib._bootstrap_external>", line 883, in exec_module
  File "<frozen importlib._bootstrap>", line 241, in _call_with_frames_removed
  File "/opt/airflow/dags/dag_traer_csv.py", line 2, in <module>
    from playwright.sync_api import sync_playwright, expect
ModuleNotFoundError: No module named 'playwright'
[2025-09-15T23:46:56.501+0000] {processor.py:842} WARNING - No viable dags retrieved from /opt/airflow/dags/dag_traer_csv.py
[2025-09-15T23:46:56.512+0000] {processor.py:183} INFO - Processing /opt/airflow/dags/dag_traer_csv.py took 0.017 seconds
[2025-09-15T23:47:26.631+0000] {processor.py:161} INFO - Started process (PID=383) to work on /opt/airflow/dags/dag_traer_csv.py
[2025-09-15T23:47:26.632+0000] {processor.py:830} INFO - Processing file /opt/airflow/dags/dag_traer_csv.py for tasks to queue
[2025-09-15T23:47:26.633+0000] {logging_mixin.py:188} INFO - [2025-09-15T23:47:26.632+0000] {dagbag.py:540} INFO - Filling up the DagBag from /opt/airflow/dags/dag_traer_csv.py
[2025-09-15T23:47:26.635+0000] {logging_mixin.py:188} INFO - [2025-09-15T23:47:26.634+0000] {dagbag.py:350} ERROR - Failed to import: /opt/airflow/dags/dag_traer_csv.py
Traceback (most recent call last):
  File "/home/airflow/.local/lib/python3.10/site-packages/airflow/models/dagbag.py", line 346, in parse
    loader.exec_module(new_module)
  File "<frozen importlib._bootstrap_external>", line 883, in exec_module
  File "<frozen importlib._bootstrap>", line 241, in _call_with_frames_removed
  File "/opt/airflow/dags/dag_traer_csv.py", line 2, in <module>
    from playwright.sync_api import sync_playwright, expect
ModuleNotFoundError: No module named 'playwright'
[2025-09-15T23:47:26.635+0000] {processor.py:842} WARNING - No viable dags retrieved from /opt/airflow/dags/dag_traer_csv.py
[2025-09-15T23:47:26.646+0000] {processor.py:183} INFO - Processing /opt/airflow/dags/dag_traer_csv.py took 0.017 seconds
[2025-09-15T23:47:56.760+0000] {processor.py:161} INFO - Started process (PID=391) to work on /opt/airflow/dags/dag_traer_csv.py
[2025-09-15T23:47:56.760+0000] {processor.py:830} INFO - Processing file /opt/airflow/dags/dag_traer_csv.py for tasks to queue
[2025-09-15T23:47:56.761+0000] {logging_mixin.py:188} INFO - [2025-09-15T23:47:56.761+0000] {dagbag.py:540} INFO - Filling up the DagBag from /opt/airflow/dags/dag_traer_csv.py
[2025-09-15T23:47:56.763+0000] {logging_mixin.py:188} INFO - [2025-09-15T23:47:56.763+0000] {dagbag.py:350} ERROR - Failed to import: /opt/airflow/dags/dag_traer_csv.py
Traceback (most recent call last):
  File "/home/airflow/.local/lib/python3.10/site-packages/airflow/models/dagbag.py", line 346, in parse
    loader.exec_module(new_module)
  File "<frozen importlib._bootstrap_external>", line 883, in exec_module
  File "<frozen importlib._bootstrap>", line 241, in _call_with_frames_removed
  File "/opt/airflow/dags/dag_traer_csv.py", line 2, in <module>
    from playwright.sync_api import sync_playwright, expect
ModuleNotFoundError: No module named 'playwright'
[2025-09-15T23:47:56.763+0000] {processor.py:842} WARNING - No viable dags retrieved from /opt/airflow/dags/dag_traer_csv.py
[2025-09-15T23:47:56.774+0000] {processor.py:183} INFO - Processing /opt/airflow/dags/dag_traer_csv.py took 0.017 seconds
[2025-09-15T23:48:26.883+0000] {processor.py:161} INFO - Started process (PID=399) to work on /opt/airflow/dags/dag_traer_csv.py
[2025-09-15T23:48:26.884+0000] {processor.py:830} INFO - Processing file /opt/airflow/dags/dag_traer_csv.py for tasks to queue
[2025-09-15T23:48:26.885+0000] {logging_mixin.py:188} INFO - [2025-09-15T23:48:26.884+0000] {dagbag.py:540} INFO - Filling up the DagBag from /opt/airflow/dags/dag_traer_csv.py
[2025-09-15T23:48:26.887+0000] {logging_mixin.py:188} INFO - [2025-09-15T23:48:26.886+0000] {dagbag.py:350} ERROR - Failed to import: /opt/airflow/dags/dag_traer_csv.py
Traceback (most recent call last):
  File "/home/airflow/.local/lib/python3.10/site-packages/airflow/models/dagbag.py", line 346, in parse
    loader.exec_module(new_module)
  File "<frozen importlib._bootstrap_external>", line 883, in exec_module
  File "<frozen importlib._bootstrap>", line 241, in _call_with_frames_removed
  File "/opt/airflow/dags/dag_traer_csv.py", line 2, in <module>
    from playwright.sync_api import sync_playwright, expect
ModuleNotFoundError: No module named 'playwright'
[2025-09-15T23:48:26.887+0000] {processor.py:842} WARNING - No viable dags retrieved from /opt/airflow/dags/dag_traer_csv.py
[2025-09-15T23:48:26.898+0000] {processor.py:183} INFO - Processing /opt/airflow/dags/dag_traer_csv.py took 0.018 seconds
[2025-09-15T23:48:57.004+0000] {processor.py:161} INFO - Started process (PID=407) to work on /opt/airflow/dags/dag_traer_csv.py
[2025-09-15T23:48:57.004+0000] {processor.py:830} INFO - Processing file /opt/airflow/dags/dag_traer_csv.py for tasks to queue
[2025-09-15T23:48:57.005+0000] {logging_mixin.py:188} INFO - [2025-09-15T23:48:57.005+0000] {dagbag.py:540} INFO - Filling up the DagBag from /opt/airflow/dags/dag_traer_csv.py
[2025-09-15T23:48:57.007+0000] {logging_mixin.py:188} INFO - [2025-09-15T23:48:57.007+0000] {dagbag.py:350} ERROR - Failed to import: /opt/airflow/dags/dag_traer_csv.py
Traceback (most recent call last):
  File "/home/airflow/.local/lib/python3.10/site-packages/airflow/models/dagbag.py", line 346, in parse
    loader.exec_module(new_module)
  File "<frozen importlib._bootstrap_external>", line 883, in exec_module
  File "<frozen importlib._bootstrap>", line 241, in _call_with_frames_removed
  File "/opt/airflow/dags/dag_traer_csv.py", line 2, in <module>
    from playwright.sync_api import sync_playwright, expect
ModuleNotFoundError: No module named 'playwright'
[2025-09-15T23:48:57.008+0000] {processor.py:842} WARNING - No viable dags retrieved from /opt/airflow/dags/dag_traer_csv.py
[2025-09-15T23:48:57.019+0000] {processor.py:183} INFO - Processing /opt/airflow/dags/dag_traer_csv.py took 0.017 seconds
[2025-09-15T23:49:27.128+0000] {processor.py:161} INFO - Started process (PID=415) to work on /opt/airflow/dags/dag_traer_csv.py
[2025-09-15T23:49:27.129+0000] {processor.py:830} INFO - Processing file /opt/airflow/dags/dag_traer_csv.py for tasks to queue
[2025-09-15T23:49:27.130+0000] {logging_mixin.py:188} INFO - [2025-09-15T23:49:27.130+0000] {dagbag.py:540} INFO - Filling up the DagBag from /opt/airflow/dags/dag_traer_csv.py
[2025-09-15T23:49:27.133+0000] {logging_mixin.py:188} INFO - [2025-09-15T23:49:27.132+0000] {dagbag.py:350} ERROR - Failed to import: /opt/airflow/dags/dag_traer_csv.py
Traceback (most recent call last):
  File "/home/airflow/.local/lib/python3.10/site-packages/airflow/models/dagbag.py", line 346, in parse
    loader.exec_module(new_module)
  File "<frozen importlib._bootstrap_external>", line 883, in exec_module
  File "<frozen importlib._bootstrap>", line 241, in _call_with_frames_removed
  File "/opt/airflow/dags/dag_traer_csv.py", line 2, in <module>
    from playwright.sync_api import sync_playwright, expect
ModuleNotFoundError: No module named 'playwright'
[2025-09-15T23:49:27.133+0000] {processor.py:842} WARNING - No viable dags retrieved from /opt/airflow/dags/dag_traer_csv.py
[2025-09-15T23:49:27.144+0000] {processor.py:183} INFO - Processing /opt/airflow/dags/dag_traer_csv.py took 0.018 seconds
[2025-09-15T23:49:57.258+0000] {processor.py:161} INFO - Started process (PID=423) to work on /opt/airflow/dags/dag_traer_csv.py
[2025-09-15T23:49:57.258+0000] {processor.py:830} INFO - Processing file /opt/airflow/dags/dag_traer_csv.py for tasks to queue
[2025-09-15T23:49:57.259+0000] {logging_mixin.py:188} INFO - [2025-09-15T23:49:57.259+0000] {dagbag.py:540} INFO - Filling up the DagBag from /opt/airflow/dags/dag_traer_csv.py
[2025-09-15T23:49:57.261+0000] {logging_mixin.py:188} INFO - [2025-09-15T23:49:57.261+0000] {dagbag.py:350} ERROR - Failed to import: /opt/airflow/dags/dag_traer_csv.py
Traceback (most recent call last):
  File "/home/airflow/.local/lib/python3.10/site-packages/airflow/models/dagbag.py", line 346, in parse
    loader.exec_module(new_module)
  File "<frozen importlib._bootstrap_external>", line 883, in exec_module
  File "<frozen importlib._bootstrap>", line 241, in _call_with_frames_removed
  File "/opt/airflow/dags/dag_traer_csv.py", line 2, in <module>
    from playwright.sync_api import sync_playwright, expect
ModuleNotFoundError: No module named 'playwright'
[2025-09-15T23:49:57.261+0000] {processor.py:842} WARNING - No viable dags retrieved from /opt/airflow/dags/dag_traer_csv.py
[2025-09-15T23:49:57.271+0000] {processor.py:183} INFO - Processing /opt/airflow/dags/dag_traer_csv.py took 0.015 seconds
[2025-09-15T23:50:27.381+0000] {processor.py:161} INFO - Started process (PID=431) to work on /opt/airflow/dags/dag_traer_csv.py
[2025-09-15T23:50:27.382+0000] {processor.py:830} INFO - Processing file /opt/airflow/dags/dag_traer_csv.py for tasks to queue
[2025-09-15T23:50:27.383+0000] {logging_mixin.py:188} INFO - [2025-09-15T23:50:27.383+0000] {dagbag.py:540} INFO - Filling up the DagBag from /opt/airflow/dags/dag_traer_csv.py
[2025-09-15T23:50:27.386+0000] {logging_mixin.py:188} INFO - [2025-09-15T23:50:27.385+0000] {dagbag.py:350} ERROR - Failed to import: /opt/airflow/dags/dag_traer_csv.py
Traceback (most recent call last):
  File "/home/airflow/.local/lib/python3.10/site-packages/airflow/models/dagbag.py", line 346, in parse
    loader.exec_module(new_module)
  File "<frozen importlib._bootstrap_external>", line 883, in exec_module
  File "<frozen importlib._bootstrap>", line 241, in _call_with_frames_removed
  File "/opt/airflow/dags/dag_traer_csv.py", line 2, in <module>
    from playwright.sync_api import sync_playwright, expect
ModuleNotFoundError: No module named 'playwright'
[2025-09-15T23:50:27.386+0000] {processor.py:842} WARNING - No viable dags retrieved from /opt/airflow/dags/dag_traer_csv.py
[2025-09-15T23:50:27.397+0000] {processor.py:183} INFO - Processing /opt/airflow/dags/dag_traer_csv.py took 0.017 seconds
[2025-09-15T23:50:57.504+0000] {processor.py:161} INFO - Started process (PID=439) to work on /opt/airflow/dags/dag_traer_csv.py
[2025-09-15T23:50:57.504+0000] {processor.py:830} INFO - Processing file /opt/airflow/dags/dag_traer_csv.py for tasks to queue
[2025-09-15T23:50:57.506+0000] {logging_mixin.py:188} INFO - [2025-09-15T23:50:57.505+0000] {dagbag.py:540} INFO - Filling up the DagBag from /opt/airflow/dags/dag_traer_csv.py
[2025-09-15T23:50:57.508+0000] {logging_mixin.py:188} INFO - [2025-09-15T23:50:57.507+0000] {dagbag.py:350} ERROR - Failed to import: /opt/airflow/dags/dag_traer_csv.py
Traceback (most recent call last):
  File "/home/airflow/.local/lib/python3.10/site-packages/airflow/models/dagbag.py", line 346, in parse
    loader.exec_module(new_module)
  File "<frozen importlib._bootstrap_external>", line 883, in exec_module
  File "<frozen importlib._bootstrap>", line 241, in _call_with_frames_removed
  File "/opt/airflow/dags/dag_traer_csv.py", line 2, in <module>
    from playwright.sync_api import sync_playwright, expect
ModuleNotFoundError: No module named 'playwright'
[2025-09-15T23:50:57.508+0000] {processor.py:842} WARNING - No viable dags retrieved from /opt/airflow/dags/dag_traer_csv.py
[2025-09-15T23:50:57.520+0000] {processor.py:183} INFO - Processing /opt/airflow/dags/dag_traer_csv.py took 0.018 seconds
[2025-09-15T23:51:27.625+0000] {processor.py:161} INFO - Started process (PID=447) to work on /opt/airflow/dags/dag_traer_csv.py
[2025-09-15T23:51:27.626+0000] {processor.py:830} INFO - Processing file /opt/airflow/dags/dag_traer_csv.py for tasks to queue
[2025-09-15T23:51:27.627+0000] {logging_mixin.py:188} INFO - [2025-09-15T23:51:27.627+0000] {dagbag.py:540} INFO - Filling up the DagBag from /opt/airflow/dags/dag_traer_csv.py
[2025-09-15T23:51:27.629+0000] {logging_mixin.py:188} INFO - [2025-09-15T23:51:27.629+0000] {dagbag.py:350} ERROR - Failed to import: /opt/airflow/dags/dag_traer_csv.py
Traceback (most recent call last):
  File "/home/airflow/.local/lib/python3.10/site-packages/airflow/models/dagbag.py", line 346, in parse
    loader.exec_module(new_module)
  File "<frozen importlib._bootstrap_external>", line 883, in exec_module
  File "<frozen importlib._bootstrap>", line 241, in _call_with_frames_removed
  File "/opt/airflow/dags/dag_traer_csv.py", line 2, in <module>
    from playwright.sync_api import sync_playwright, expect
ModuleNotFoundError: No module named 'playwright'
[2025-09-15T23:51:27.629+0000] {processor.py:842} WARNING - No viable dags retrieved from /opt/airflow/dags/dag_traer_csv.py
[2025-09-15T23:51:27.640+0000] {processor.py:183} INFO - Processing /opt/airflow/dags/dag_traer_csv.py took 0.017 seconds
[2025-09-15T23:51:57.741+0000] {processor.py:161} INFO - Started process (PID=455) to work on /opt/airflow/dags/dag_traer_csv.py
[2025-09-15T23:51:57.742+0000] {processor.py:830} INFO - Processing file /opt/airflow/dags/dag_traer_csv.py for tasks to queue
[2025-09-15T23:51:57.743+0000] {logging_mixin.py:188} INFO - [2025-09-15T23:51:57.743+0000] {dagbag.py:540} INFO - Filling up the DagBag from /opt/airflow/dags/dag_traer_csv.py
[2025-09-15T23:51:57.745+0000] {logging_mixin.py:188} INFO - [2025-09-15T23:51:57.745+0000] {dagbag.py:350} ERROR - Failed to import: /opt/airflow/dags/dag_traer_csv.py
Traceback (most recent call last):
  File "/home/airflow/.local/lib/python3.10/site-packages/airflow/models/dagbag.py", line 346, in parse
    loader.exec_module(new_module)
  File "<frozen importlib._bootstrap_external>", line 883, in exec_module
  File "<frozen importlib._bootstrap>", line 241, in _call_with_frames_removed
  File "/opt/airflow/dags/dag_traer_csv.py", line 2, in <module>
    from playwright.sync_api import sync_playwright, expect
ModuleNotFoundError: No module named 'playwright'
[2025-09-15T23:51:57.745+0000] {processor.py:842} WARNING - No viable dags retrieved from /opt/airflow/dags/dag_traer_csv.py
[2025-09-15T23:51:57.757+0000] {processor.py:183} INFO - Processing /opt/airflow/dags/dag_traer_csv.py took 0.018 seconds
[2025-09-15T23:52:27.869+0000] {processor.py:161} INFO - Started process (PID=463) to work on /opt/airflow/dags/dag_traer_csv.py
[2025-09-15T23:52:27.870+0000] {processor.py:830} INFO - Processing file /opt/airflow/dags/dag_traer_csv.py for tasks to queue
[2025-09-15T23:52:27.871+0000] {logging_mixin.py:188} INFO - [2025-09-15T23:52:27.871+0000] {dagbag.py:540} INFO - Filling up the DagBag from /opt/airflow/dags/dag_traer_csv.py
[2025-09-15T23:52:27.874+0000] {logging_mixin.py:188} INFO - [2025-09-15T23:52:27.873+0000] {dagbag.py:350} ERROR - Failed to import: /opt/airflow/dags/dag_traer_csv.py
Traceback (most recent call last):
  File "/home/airflow/.local/lib/python3.10/site-packages/airflow/models/dagbag.py", line 346, in parse
    loader.exec_module(new_module)
  File "<frozen importlib._bootstrap_external>", line 883, in exec_module
  File "<frozen importlib._bootstrap>", line 241, in _call_with_frames_removed
  File "/opt/airflow/dags/dag_traer_csv.py", line 2, in <module>
    from playwright.sync_api import sync_playwright, expect
ModuleNotFoundError: No module named 'playwright'
[2025-09-15T23:52:27.874+0000] {processor.py:842} WARNING - No viable dags retrieved from /opt/airflow/dags/dag_traer_csv.py
[2025-09-15T23:52:27.885+0000] {processor.py:183} INFO - Processing /opt/airflow/dags/dag_traer_csv.py took 0.018 seconds
[2025-09-15T23:52:57.992+0000] {processor.py:161} INFO - Started process (PID=471) to work on /opt/airflow/dags/dag_traer_csv.py
[2025-09-15T23:52:57.993+0000] {processor.py:830} INFO - Processing file /opt/airflow/dags/dag_traer_csv.py for tasks to queue
[2025-09-15T23:52:57.994+0000] {logging_mixin.py:188} INFO - [2025-09-15T23:52:57.994+0000] {dagbag.py:540} INFO - Filling up the DagBag from /opt/airflow/dags/dag_traer_csv.py
[2025-09-15T23:52:57.997+0000] {logging_mixin.py:188} INFO - [2025-09-15T23:52:57.996+0000] {dagbag.py:350} ERROR - Failed to import: /opt/airflow/dags/dag_traer_csv.py
Traceback (most recent call last):
  File "/home/airflow/.local/lib/python3.10/site-packages/airflow/models/dagbag.py", line 346, in parse
    loader.exec_module(new_module)
  File "<frozen importlib._bootstrap_external>", line 883, in exec_module
  File "<frozen importlib._bootstrap>", line 241, in _call_with_frames_removed
  File "/opt/airflow/dags/dag_traer_csv.py", line 2, in <module>
    from playwright.sync_api import sync_playwright, expect
ModuleNotFoundError: No module named 'playwright'
[2025-09-15T23:52:57.997+0000] {processor.py:842} WARNING - No viable dags retrieved from /opt/airflow/dags/dag_traer_csv.py
[2025-09-15T23:52:58.009+0000] {processor.py:183} INFO - Processing /opt/airflow/dags/dag_traer_csv.py took 0.019 seconds
[2025-09-15T23:53:28.115+0000] {processor.py:161} INFO - Started process (PID=479) to work on /opt/airflow/dags/dag_traer_csv.py
[2025-09-15T23:53:28.116+0000] {processor.py:830} INFO - Processing file /opt/airflow/dags/dag_traer_csv.py for tasks to queue
[2025-09-15T23:53:28.117+0000] {logging_mixin.py:188} INFO - [2025-09-15T23:53:28.117+0000] {dagbag.py:540} INFO - Filling up the DagBag from /opt/airflow/dags/dag_traer_csv.py
[2025-09-15T23:53:28.119+0000] {logging_mixin.py:188} INFO - [2025-09-15T23:53:28.119+0000] {dagbag.py:350} ERROR - Failed to import: /opt/airflow/dags/dag_traer_csv.py
Traceback (most recent call last):
  File "/home/airflow/.local/lib/python3.10/site-packages/airflow/models/dagbag.py", line 346, in parse
    loader.exec_module(new_module)
  File "<frozen importlib._bootstrap_external>", line 883, in exec_module
  File "<frozen importlib._bootstrap>", line 241, in _call_with_frames_removed
  File "/opt/airflow/dags/dag_traer_csv.py", line 2, in <module>
    from playwright.sync_api import sync_playwright, expect
ModuleNotFoundError: No module named 'playwright'
[2025-09-15T23:53:28.120+0000] {processor.py:842} WARNING - No viable dags retrieved from /opt/airflow/dags/dag_traer_csv.py
[2025-09-15T23:53:28.131+0000] {processor.py:183} INFO - Processing /opt/airflow/dags/dag_traer_csv.py took 0.017 seconds
[2025-09-15T23:53:58.246+0000] {processor.py:161} INFO - Started process (PID=487) to work on /opt/airflow/dags/dag_traer_csv.py
[2025-09-15T23:53:58.246+0000] {processor.py:830} INFO - Processing file /opt/airflow/dags/dag_traer_csv.py for tasks to queue
[2025-09-15T23:53:58.247+0000] {logging_mixin.py:188} INFO - [2025-09-15T23:53:58.247+0000] {dagbag.py:540} INFO - Filling up the DagBag from /opt/airflow/dags/dag_traer_csv.py
[2025-09-15T23:53:58.250+0000] {logging_mixin.py:188} INFO - [2025-09-15T23:53:58.249+0000] {dagbag.py:350} ERROR - Failed to import: /opt/airflow/dags/dag_traer_csv.py
Traceback (most recent call last):
  File "/home/airflow/.local/lib/python3.10/site-packages/airflow/models/dagbag.py", line 346, in parse
    loader.exec_module(new_module)
  File "<frozen importlib._bootstrap_external>", line 883, in exec_module
  File "<frozen importlib._bootstrap>", line 241, in _call_with_frames_removed
  File "/opt/airflow/dags/dag_traer_csv.py", line 2, in <module>
    from playwright.sync_api import sync_playwright, expect
ModuleNotFoundError: No module named 'playwright'
[2025-09-15T23:53:58.250+0000] {processor.py:842} WARNING - No viable dags retrieved from /opt/airflow/dags/dag_traer_csv.py
[2025-09-15T23:53:58.261+0000] {processor.py:183} INFO - Processing /opt/airflow/dags/dag_traer_csv.py took 0.017 seconds
[2025-09-15T23:54:28.366+0000] {processor.py:161} INFO - Started process (PID=495) to work on /opt/airflow/dags/dag_traer_csv.py
[2025-09-15T23:54:28.367+0000] {processor.py:830} INFO - Processing file /opt/airflow/dags/dag_traer_csv.py for tasks to queue
[2025-09-15T23:54:28.369+0000] {logging_mixin.py:188} INFO - [2025-09-15T23:54:28.368+0000] {dagbag.py:540} INFO - Filling up the DagBag from /opt/airflow/dags/dag_traer_csv.py
[2025-09-15T23:54:28.371+0000] {logging_mixin.py:188} INFO - [2025-09-15T23:54:28.371+0000] {dagbag.py:350} ERROR - Failed to import: /opt/airflow/dags/dag_traer_csv.py
Traceback (most recent call last):
  File "/home/airflow/.local/lib/python3.10/site-packages/airflow/models/dagbag.py", line 346, in parse
    loader.exec_module(new_module)
  File "<frozen importlib._bootstrap_external>", line 883, in exec_module
  File "<frozen importlib._bootstrap>", line 241, in _call_with_frames_removed
  File "/opt/airflow/dags/dag_traer_csv.py", line 2, in <module>
    from playwright.sync_api import sync_playwright, expect
ModuleNotFoundError: No module named 'playwright'
[2025-09-15T23:54:28.371+0000] {processor.py:842} WARNING - No viable dags retrieved from /opt/airflow/dags/dag_traer_csv.py
[2025-09-15T23:54:28.383+0000] {processor.py:183} INFO - Processing /opt/airflow/dags/dag_traer_csv.py took 0.018 seconds
[2025-09-15T23:54:58.501+0000] {processor.py:161} INFO - Started process (PID=503) to work on /opt/airflow/dags/dag_traer_csv.py
[2025-09-15T23:54:58.502+0000] {processor.py:830} INFO - Processing file /opt/airflow/dags/dag_traer_csv.py for tasks to queue
[2025-09-15T23:54:58.503+0000] {logging_mixin.py:188} INFO - [2025-09-15T23:54:58.503+0000] {dagbag.py:540} INFO - Filling up the DagBag from /opt/airflow/dags/dag_traer_csv.py
[2025-09-15T23:54:58.505+0000] {logging_mixin.py:188} INFO - [2025-09-15T23:54:58.505+0000] {dagbag.py:350} ERROR - Failed to import: /opt/airflow/dags/dag_traer_csv.py
Traceback (most recent call last):
  File "/home/airflow/.local/lib/python3.10/site-packages/airflow/models/dagbag.py", line 346, in parse
    loader.exec_module(new_module)
  File "<frozen importlib._bootstrap_external>", line 883, in exec_module
  File "<frozen importlib._bootstrap>", line 241, in _call_with_frames_removed
  File "/opt/airflow/dags/dag_traer_csv.py", line 2, in <module>
    from playwright.sync_api import sync_playwright, expect
ModuleNotFoundError: No module named 'playwright'
[2025-09-15T23:54:58.505+0000] {processor.py:842} WARNING - No viable dags retrieved from /opt/airflow/dags/dag_traer_csv.py
[2025-09-15T23:54:58.517+0000] {processor.py:183} INFO - Processing /opt/airflow/dags/dag_traer_csv.py took 0.018 seconds
[2025-09-15T23:55:28.633+0000] {processor.py:161} INFO - Started process (PID=511) to work on /opt/airflow/dags/dag_traer_csv.py
[2025-09-15T23:55:28.634+0000] {processor.py:830} INFO - Processing file /opt/airflow/dags/dag_traer_csv.py for tasks to queue
[2025-09-15T23:55:28.635+0000] {logging_mixin.py:188} INFO - [2025-09-15T23:55:28.634+0000] {dagbag.py:540} INFO - Filling up the DagBag from /opt/airflow/dags/dag_traer_csv.py
[2025-09-15T23:55:28.637+0000] {logging_mixin.py:188} INFO - [2025-09-15T23:55:28.636+0000] {dagbag.py:350} ERROR - Failed to import: /opt/airflow/dags/dag_traer_csv.py
Traceback (most recent call last):
  File "/home/airflow/.local/lib/python3.10/site-packages/airflow/models/dagbag.py", line 346, in parse
    loader.exec_module(new_module)
  File "<frozen importlib._bootstrap_external>", line 883, in exec_module
  File "<frozen importlib._bootstrap>", line 241, in _call_with_frames_removed
  File "/opt/airflow/dags/dag_traer_csv.py", line 2, in <module>
    from playwright.sync_api import sync_playwright, expect
ModuleNotFoundError: No module named 'playwright'
[2025-09-15T23:55:28.637+0000] {processor.py:842} WARNING - No viable dags retrieved from /opt/airflow/dags/dag_traer_csv.py
[2025-09-15T23:55:28.648+0000] {processor.py:183} INFO - Processing /opt/airflow/dags/dag_traer_csv.py took 0.017 seconds
[2025-09-15T23:55:58.763+0000] {processor.py:161} INFO - Started process (PID=519) to work on /opt/airflow/dags/dag_traer_csv.py
[2025-09-15T23:55:58.763+0000] {processor.py:830} INFO - Processing file /opt/airflow/dags/dag_traer_csv.py for tasks to queue
[2025-09-15T23:55:58.764+0000] {logging_mixin.py:188} INFO - [2025-09-15T23:55:58.764+0000] {dagbag.py:540} INFO - Filling up the DagBag from /opt/airflow/dags/dag_traer_csv.py
[2025-09-15T23:55:58.766+0000] {logging_mixin.py:188} INFO - [2025-09-15T23:55:58.766+0000] {dagbag.py:350} ERROR - Failed to import: /opt/airflow/dags/dag_traer_csv.py
Traceback (most recent call last):
  File "/home/airflow/.local/lib/python3.10/site-packages/airflow/models/dagbag.py", line 346, in parse
    loader.exec_module(new_module)
  File "<frozen importlib._bootstrap_external>", line 883, in exec_module
  File "<frozen importlib._bootstrap>", line 241, in _call_with_frames_removed
  File "/opt/airflow/dags/dag_traer_csv.py", line 2, in <module>
    from playwright.sync_api import sync_playwright, expect
ModuleNotFoundError: No module named 'playwright'
[2025-09-15T23:55:58.766+0000] {processor.py:842} WARNING - No viable dags retrieved from /opt/airflow/dags/dag_traer_csv.py
[2025-09-15T23:55:58.778+0000] {processor.py:183} INFO - Processing /opt/airflow/dags/dag_traer_csv.py took 0.017 seconds
[2025-09-15T23:56:28.889+0000] {processor.py:161} INFO - Started process (PID=527) to work on /opt/airflow/dags/dag_traer_csv.py
[2025-09-15T23:56:28.890+0000] {processor.py:830} INFO - Processing file /opt/airflow/dags/dag_traer_csv.py for tasks to queue
[2025-09-15T23:56:28.891+0000] {logging_mixin.py:188} INFO - [2025-09-15T23:56:28.891+0000] {dagbag.py:540} INFO - Filling up the DagBag from /opt/airflow/dags/dag_traer_csv.py
[2025-09-15T23:56:28.893+0000] {logging_mixin.py:188} INFO - [2025-09-15T23:56:28.893+0000] {dagbag.py:350} ERROR - Failed to import: /opt/airflow/dags/dag_traer_csv.py
Traceback (most recent call last):
  File "/home/airflow/.local/lib/python3.10/site-packages/airflow/models/dagbag.py", line 346, in parse
    loader.exec_module(new_module)
  File "<frozen importlib._bootstrap_external>", line 883, in exec_module
  File "<frozen importlib._bootstrap>", line 241, in _call_with_frames_removed
  File "/opt/airflow/dags/dag_traer_csv.py", line 2, in <module>
    from playwright.sync_api import sync_playwright, expect
ModuleNotFoundError: No module named 'playwright'
[2025-09-15T23:56:28.894+0000] {processor.py:842} WARNING - No viable dags retrieved from /opt/airflow/dags/dag_traer_csv.py
[2025-09-15T23:56:28.905+0000] {processor.py:183} INFO - Processing /opt/airflow/dags/dag_traer_csv.py took 0.017 seconds
[2025-09-15T23:56:59.024+0000] {processor.py:161} INFO - Started process (PID=535) to work on /opt/airflow/dags/dag_traer_csv.py
[2025-09-15T23:56:59.024+0000] {processor.py:830} INFO - Processing file /opt/airflow/dags/dag_traer_csv.py for tasks to queue
[2025-09-15T23:56:59.025+0000] {logging_mixin.py:188} INFO - [2025-09-15T23:56:59.025+0000] {dagbag.py:540} INFO - Filling up the DagBag from /opt/airflow/dags/dag_traer_csv.py
[2025-09-15T23:56:59.027+0000] {logging_mixin.py:188} INFO - [2025-09-15T23:56:59.027+0000] {dagbag.py:350} ERROR - Failed to import: /opt/airflow/dags/dag_traer_csv.py
Traceback (most recent call last):
  File "/home/airflow/.local/lib/python3.10/site-packages/airflow/models/dagbag.py", line 346, in parse
    loader.exec_module(new_module)
  File "<frozen importlib._bootstrap_external>", line 883, in exec_module
  File "<frozen importlib._bootstrap>", line 241, in _call_with_frames_removed
  File "/opt/airflow/dags/dag_traer_csv.py", line 2, in <module>
    from playwright.sync_api import sync_playwright, expect
ModuleNotFoundError: No module named 'playwright'
[2025-09-15T23:56:59.028+0000] {processor.py:842} WARNING - No viable dags retrieved from /opt/airflow/dags/dag_traer_csv.py
[2025-09-15T23:56:59.040+0000] {processor.py:183} INFO - Processing /opt/airflow/dags/dag_traer_csv.py took 0.018 seconds
[2025-09-15T23:57:29.163+0000] {processor.py:161} INFO - Started process (PID=543) to work on /opt/airflow/dags/dag_traer_csv.py
[2025-09-15T23:57:29.164+0000] {processor.py:830} INFO - Processing file /opt/airflow/dags/dag_traer_csv.py for tasks to queue
[2025-09-15T23:57:29.165+0000] {logging_mixin.py:188} INFO - [2025-09-15T23:57:29.165+0000] {dagbag.py:540} INFO - Filling up the DagBag from /opt/airflow/dags/dag_traer_csv.py
[2025-09-15T23:57:29.167+0000] {logging_mixin.py:188} INFO - [2025-09-15T23:57:29.167+0000] {dagbag.py:350} ERROR - Failed to import: /opt/airflow/dags/dag_traer_csv.py
Traceback (most recent call last):
  File "/home/airflow/.local/lib/python3.10/site-packages/airflow/models/dagbag.py", line 346, in parse
    loader.exec_module(new_module)
  File "<frozen importlib._bootstrap_external>", line 883, in exec_module
  File "<frozen importlib._bootstrap>", line 241, in _call_with_frames_removed
  File "/opt/airflow/dags/dag_traer_csv.py", line 2, in <module>
    from playwright.sync_api import sync_playwright, expect
ModuleNotFoundError: No module named 'playwright'
[2025-09-15T23:57:29.168+0000] {processor.py:842} WARNING - No viable dags retrieved from /opt/airflow/dags/dag_traer_csv.py
[2025-09-15T23:57:29.179+0000] {processor.py:183} INFO - Processing /opt/airflow/dags/dag_traer_csv.py took 0.017 seconds
[2025-09-15T23:57:59.300+0000] {processor.py:161} INFO - Started process (PID=551) to work on /opt/airflow/dags/dag_traer_csv.py
[2025-09-15T23:57:59.301+0000] {processor.py:830} INFO - Processing file /opt/airflow/dags/dag_traer_csv.py for tasks to queue
[2025-09-15T23:57:59.302+0000] {logging_mixin.py:188} INFO - [2025-09-15T23:57:59.301+0000] {dagbag.py:540} INFO - Filling up the DagBag from /opt/airflow/dags/dag_traer_csv.py
[2025-09-15T23:57:59.303+0000] {logging_mixin.py:188} INFO - [2025-09-15T23:57:59.303+0000] {dagbag.py:350} ERROR - Failed to import: /opt/airflow/dags/dag_traer_csv.py
Traceback (most recent call last):
  File "/home/airflow/.local/lib/python3.10/site-packages/airflow/models/dagbag.py", line 346, in parse
    loader.exec_module(new_module)
  File "<frozen importlib._bootstrap_external>", line 883, in exec_module
  File "<frozen importlib._bootstrap>", line 241, in _call_with_frames_removed
  File "/opt/airflow/dags/dag_traer_csv.py", line 2, in <module>
    from playwright.sync_api import sync_playwright, expect
ModuleNotFoundError: No module named 'playwright'
[2025-09-15T23:57:59.304+0000] {processor.py:842} WARNING - No viable dags retrieved from /opt/airflow/dags/dag_traer_csv.py
[2025-09-15T23:57:59.314+0000] {processor.py:183} INFO - Processing /opt/airflow/dags/dag_traer_csv.py took 0.016 seconds
[2025-09-15T23:58:29.434+0000] {processor.py:161} INFO - Started process (PID=559) to work on /opt/airflow/dags/dag_traer_csv.py
[2025-09-15T23:58:29.434+0000] {processor.py:830} INFO - Processing file /opt/airflow/dags/dag_traer_csv.py for tasks to queue
[2025-09-15T23:58:29.436+0000] {logging_mixin.py:188} INFO - [2025-09-15T23:58:29.435+0000] {dagbag.py:540} INFO - Filling up the DagBag from /opt/airflow/dags/dag_traer_csv.py
[2025-09-15T23:58:29.438+0000] {logging_mixin.py:188} INFO - [2025-09-15T23:58:29.437+0000] {dagbag.py:350} ERROR - Failed to import: /opt/airflow/dags/dag_traer_csv.py
Traceback (most recent call last):
  File "/home/airflow/.local/lib/python3.10/site-packages/airflow/models/dagbag.py", line 346, in parse
    loader.exec_module(new_module)
  File "<frozen importlib._bootstrap_external>", line 883, in exec_module
  File "<frozen importlib._bootstrap>", line 241, in _call_with_frames_removed
  File "/opt/airflow/dags/dag_traer_csv.py", line 2, in <module>
    from playwright.sync_api import sync_playwright, expect
ModuleNotFoundError: No module named 'playwright'
[2025-09-15T23:58:29.438+0000] {processor.py:842} WARNING - No viable dags retrieved from /opt/airflow/dags/dag_traer_csv.py
[2025-09-15T23:58:29.449+0000] {processor.py:183} INFO - Processing /opt/airflow/dags/dag_traer_csv.py took 0.017 seconds
[2025-09-15T23:58:59.565+0000] {processor.py:161} INFO - Started process (PID=567) to work on /opt/airflow/dags/dag_traer_csv.py
[2025-09-15T23:58:59.566+0000] {processor.py:830} INFO - Processing file /opt/airflow/dags/dag_traer_csv.py for tasks to queue
[2025-09-15T23:58:59.567+0000] {logging_mixin.py:188} INFO - [2025-09-15T23:58:59.567+0000] {dagbag.py:540} INFO - Filling up the DagBag from /opt/airflow/dags/dag_traer_csv.py
[2025-09-15T23:58:59.569+0000] {logging_mixin.py:188} INFO - [2025-09-15T23:58:59.569+0000] {dagbag.py:350} ERROR - Failed to import: /opt/airflow/dags/dag_traer_csv.py
Traceback (most recent call last):
  File "/home/airflow/.local/lib/python3.10/site-packages/airflow/models/dagbag.py", line 346, in parse
    loader.exec_module(new_module)
  File "<frozen importlib._bootstrap_external>", line 883, in exec_module
  File "<frozen importlib._bootstrap>", line 241, in _call_with_frames_removed
  File "/opt/airflow/dags/dag_traer_csv.py", line 2, in <module>
    from playwright.sync_api import sync_playwright, expect
ModuleNotFoundError: No module named 'playwright'
[2025-09-15T23:58:59.569+0000] {processor.py:842} WARNING - No viable dags retrieved from /opt/airflow/dags/dag_traer_csv.py
[2025-09-15T23:58:59.580+0000] {processor.py:183} INFO - Processing /opt/airflow/dags/dag_traer_csv.py took 0.017 seconds
[2025-09-15T23:59:29.694+0000] {processor.py:161} INFO - Started process (PID=575) to work on /opt/airflow/dags/dag_traer_csv.py
[2025-09-15T23:59:29.695+0000] {processor.py:830} INFO - Processing file /opt/airflow/dags/dag_traer_csv.py for tasks to queue
[2025-09-15T23:59:29.696+0000] {logging_mixin.py:188} INFO - [2025-09-15T23:59:29.696+0000] {dagbag.py:540} INFO - Filling up the DagBag from /opt/airflow/dags/dag_traer_csv.py
[2025-09-15T23:59:29.698+0000] {logging_mixin.py:188} INFO - [2025-09-15T23:59:29.698+0000] {dagbag.py:350} ERROR - Failed to import: /opt/airflow/dags/dag_traer_csv.py
Traceback (most recent call last):
  File "/home/airflow/.local/lib/python3.10/site-packages/airflow/models/dagbag.py", line 346, in parse
    loader.exec_module(new_module)
  File "<frozen importlib._bootstrap_external>", line 883, in exec_module
  File "<frozen importlib._bootstrap>", line 241, in _call_with_frames_removed
  File "/opt/airflow/dags/dag_traer_csv.py", line 2, in <module>
    from playwright.sync_api import sync_playwright, expect
ModuleNotFoundError: No module named 'playwright'
[2025-09-15T23:59:29.698+0000] {processor.py:842} WARNING - No viable dags retrieved from /opt/airflow/dags/dag_traer_csv.py
[2025-09-15T23:59:29.709+0000] {processor.py:183} INFO - Processing /opt/airflow/dags/dag_traer_csv.py took 0.017 seconds
[2025-09-15T23:59:59.807+0000] {processor.py:161} INFO - Started process (PID=583) to work on /opt/airflow/dags/dag_traer_csv.py
[2025-09-15T23:59:59.808+0000] {processor.py:830} INFO - Processing file /opt/airflow/dags/dag_traer_csv.py for tasks to queue
[2025-09-15T23:59:59.809+0000] {logging_mixin.py:188} INFO - [2025-09-15T23:59:59.809+0000] {dagbag.py:540} INFO - Filling up the DagBag from /opt/airflow/dags/dag_traer_csv.py
[2025-09-15T23:59:59.811+0000] {logging_mixin.py:188} INFO - [2025-09-15T23:59:59.811+0000] {dagbag.py:350} ERROR - Failed to import: /opt/airflow/dags/dag_traer_csv.py
Traceback (most recent call last):
  File "/home/airflow/.local/lib/python3.10/site-packages/airflow/models/dagbag.py", line 346, in parse
    loader.exec_module(new_module)
  File "<frozen importlib._bootstrap_external>", line 883, in exec_module
  File "<frozen importlib._bootstrap>", line 241, in _call_with_frames_removed
  File "/opt/airflow/dags/dag_traer_csv.py", line 2, in <module>
    from playwright.sync_api import sync_playwright, expect
ModuleNotFoundError: No module named 'playwright'
[2025-09-15T23:59:59.811+0000] {processor.py:842} WARNING - No viable dags retrieved from /opt/airflow/dags/dag_traer_csv.py
[2025-09-15T23:59:59.822+0000] {processor.py:183} INFO - Processing /opt/airflow/dags/dag_traer_csv.py took 0.017 seconds
