[2025-07-24T20:31:47.858+0000] {processor.py:161} INFO - Started process (PID=47) to work on /home/airflow/.local/lib/python3.12/site-packages/airflow/example_dags/example_skip_dag.py
[2025-07-24T20:31:47.858+0000] {processor.py:830} INFO - Processing file /home/airflow/.local/lib/python3.12/site-packages/airflow/example_dags/example_skip_dag.py for tasks to queue
[2025-07-24T20:31:47.859+0000] {logging_mixin.py:188} INFO - [2025-07-24T20:31:47.859+0000] {dagbag.py:545} INFO - Filling up the DagBag from /home/airflow/.local/lib/python3.12/site-packages/airflow/example_dags/example_skip_dag.py
[2025-07-24T20:31:47.881+0000] {processor.py:840} INFO - DAG(s) 'example_skip_dag' retrieved from /home/airflow/.local/lib/python3.12/site-packages/airflow/example_dags/example_skip_dag.py
[2025-07-24T20:31:47.895+0000] {logging_mixin.py:188} INFO - [2025-07-24T20:31:47.895+0000] {dag.py:3096} INFO - Sync 1 DAGs
[2025-07-24T20:31:47.907+0000] {logging_mixin.py:188} INFO - [2025-07-24T20:31:47.907+0000] {dag.py:3954} INFO - Setting next_dagrun for example_skip_dag to 2025-07-23 00:00:00+00:00, run_after=2025-07-24 00:00:00+00:00
[2025-07-24T20:31:47.917+0000] {processor.py:183} INFO - Processing /home/airflow/.local/lib/python3.12/site-packages/airflow/example_dags/example_skip_dag.py took 0.063 seconds
[2025-07-24T20:32:18.587+0000] {processor.py:161} INFO - Started process (PID=105) to work on /home/airflow/.local/lib/python3.12/site-packages/airflow/example_dags/example_skip_dag.py
[2025-07-24T20:32:18.587+0000] {processor.py:830} INFO - Processing file /home/airflow/.local/lib/python3.12/site-packages/airflow/example_dags/example_skip_dag.py for tasks to queue
[2025-07-24T20:32:18.588+0000] {logging_mixin.py:188} INFO - [2025-07-24T20:32:18.588+0000] {dagbag.py:545} INFO - Filling up the DagBag from /home/airflow/.local/lib/python3.12/site-packages/airflow/example_dags/example_skip_dag.py
[2025-07-24T20:32:18.593+0000] {processor.py:840} INFO - DAG(s) 'example_skip_dag' retrieved from /home/airflow/.local/lib/python3.12/site-packages/airflow/example_dags/example_skip_dag.py
[2025-07-24T20:32:18.822+0000] {logging_mixin.py:188} INFO - [2025-07-24T20:32:18.822+0000] {dag.py:3096} INFO - Sync 1 DAGs
[2025-07-24T20:32:18.833+0000] {logging_mixin.py:188} INFO - [2025-07-24T20:32:18.833+0000] {dag.py:3954} INFO - Setting next_dagrun for example_skip_dag to 2025-07-23 00:00:00+00:00, run_after=2025-07-24 00:00:00+00:00
[2025-07-24T20:32:18.844+0000] {processor.py:183} INFO - Processing /home/airflow/.local/lib/python3.12/site-packages/airflow/example_dags/example_skip_dag.py took 0.261 seconds
[2025-07-24T20:32:49.007+0000] {processor.py:161} INFO - Started process (PID=163) to work on /home/airflow/.local/lib/python3.12/site-packages/airflow/example_dags/example_skip_dag.py
[2025-07-24T20:32:49.008+0000] {processor.py:830} INFO - Processing file /home/airflow/.local/lib/python3.12/site-packages/airflow/example_dags/example_skip_dag.py for tasks to queue
[2025-07-24T20:32:49.009+0000] {logging_mixin.py:188} INFO - [2025-07-24T20:32:49.009+0000] {dagbag.py:545} INFO - Filling up the DagBag from /home/airflow/.local/lib/python3.12/site-packages/airflow/example_dags/example_skip_dag.py
[2025-07-24T20:32:49.013+0000] {processor.py:840} INFO - DAG(s) 'example_skip_dag' retrieved from /home/airflow/.local/lib/python3.12/site-packages/airflow/example_dags/example_skip_dag.py
[2025-07-24T20:32:49.025+0000] {logging_mixin.py:188} INFO - [2025-07-24T20:32:49.025+0000] {dag.py:3096} INFO - Sync 1 DAGs
[2025-07-24T20:32:49.037+0000] {logging_mixin.py:188} INFO - [2025-07-24T20:32:49.037+0000] {dag.py:3954} INFO - Setting next_dagrun for example_skip_dag to 2025-07-23 00:00:00+00:00, run_after=2025-07-24 00:00:00+00:00
[2025-07-24T20:32:49.046+0000] {processor.py:183} INFO - Processing /home/airflow/.local/lib/python3.12/site-packages/airflow/example_dags/example_skip_dag.py took 0.043 seconds
[2025-07-24T20:33:19.695+0000] {processor.py:161} INFO - Started process (PID=221) to work on /home/airflow/.local/lib/python3.12/site-packages/airflow/example_dags/example_skip_dag.py
[2025-07-24T20:33:19.695+0000] {processor.py:830} INFO - Processing file /home/airflow/.local/lib/python3.12/site-packages/airflow/example_dags/example_skip_dag.py for tasks to queue
[2025-07-24T20:33:19.697+0000] {logging_mixin.py:188} INFO - [2025-07-24T20:33:19.696+0000] {dagbag.py:545} INFO - Filling up the DagBag from /home/airflow/.local/lib/python3.12/site-packages/airflow/example_dags/example_skip_dag.py
[2025-07-24T20:33:19.700+0000] {processor.py:840} INFO - DAG(s) 'example_skip_dag' retrieved from /home/airflow/.local/lib/python3.12/site-packages/airflow/example_dags/example_skip_dag.py
[2025-07-24T20:33:19.713+0000] {logging_mixin.py:188} INFO - [2025-07-24T20:33:19.713+0000] {dag.py:3096} INFO - Sync 1 DAGs
[2025-07-24T20:33:19.726+0000] {logging_mixin.py:188} INFO - [2025-07-24T20:33:19.726+0000] {dag.py:3954} INFO - Setting next_dagrun for example_skip_dag to 2025-07-23 00:00:00+00:00, run_after=2025-07-24 00:00:00+00:00
[2025-07-24T20:33:19.736+0000] {processor.py:183} INFO - Processing /home/airflow/.local/lib/python3.12/site-packages/airflow/example_dags/example_skip_dag.py took 0.044 seconds
[2025-07-24T20:33:50.451+0000] {processor.py:161} INFO - Started process (PID=279) to work on /home/airflow/.local/lib/python3.12/site-packages/airflow/example_dags/example_skip_dag.py
[2025-07-24T20:33:50.451+0000] {processor.py:830} INFO - Processing file /home/airflow/.local/lib/python3.12/site-packages/airflow/example_dags/example_skip_dag.py for tasks to queue
[2025-07-24T20:33:50.453+0000] {logging_mixin.py:188} INFO - [2025-07-24T20:33:50.452+0000] {dagbag.py:545} INFO - Filling up the DagBag from /home/airflow/.local/lib/python3.12/site-packages/airflow/example_dags/example_skip_dag.py
[2025-07-24T20:33:50.457+0000] {processor.py:840} INFO - DAG(s) 'example_skip_dag' retrieved from /home/airflow/.local/lib/python3.12/site-packages/airflow/example_dags/example_skip_dag.py
[2025-07-24T20:33:50.469+0000] {logging_mixin.py:188} INFO - [2025-07-24T20:33:50.469+0000] {dag.py:3096} INFO - Sync 1 DAGs
[2025-07-24T20:33:50.483+0000] {logging_mixin.py:188} INFO - [2025-07-24T20:33:50.482+0000] {dag.py:3954} INFO - Setting next_dagrun for example_skip_dag to 2025-07-23 00:00:00+00:00, run_after=2025-07-24 00:00:00+00:00
[2025-07-24T20:33:50.492+0000] {processor.py:183} INFO - Processing /home/airflow/.local/lib/python3.12/site-packages/airflow/example_dags/example_skip_dag.py took 0.046 seconds
[2025-07-24T20:34:21.240+0000] {processor.py:161} INFO - Started process (PID=337) to work on /home/airflow/.local/lib/python3.12/site-packages/airflow/example_dags/example_skip_dag.py
[2025-07-24T20:34:21.240+0000] {processor.py:830} INFO - Processing file /home/airflow/.local/lib/python3.12/site-packages/airflow/example_dags/example_skip_dag.py for tasks to queue
[2025-07-24T20:34:21.241+0000] {logging_mixin.py:188} INFO - [2025-07-24T20:34:21.241+0000] {dagbag.py:545} INFO - Filling up the DagBag from /home/airflow/.local/lib/python3.12/site-packages/airflow/example_dags/example_skip_dag.py
[2025-07-24T20:34:21.245+0000] {processor.py:840} INFO - DAG(s) 'example_skip_dag' retrieved from /home/airflow/.local/lib/python3.12/site-packages/airflow/example_dags/example_skip_dag.py
[2025-07-24T20:34:21.258+0000] {logging_mixin.py:188} INFO - [2025-07-24T20:34:21.258+0000] {dag.py:3096} INFO - Sync 1 DAGs
[2025-07-24T20:34:21.271+0000] {logging_mixin.py:188} INFO - [2025-07-24T20:34:21.271+0000] {dag.py:3954} INFO - Setting next_dagrun for example_skip_dag to 2025-07-23 00:00:00+00:00, run_after=2025-07-24 00:00:00+00:00
[2025-07-24T20:34:21.282+0000] {processor.py:183} INFO - Processing /home/airflow/.local/lib/python3.12/site-packages/airflow/example_dags/example_skip_dag.py took 0.046 seconds
[2025-07-24T20:34:51.993+0000] {processor.py:161} INFO - Started process (PID=395) to work on /home/airflow/.local/lib/python3.12/site-packages/airflow/example_dags/example_skip_dag.py
[2025-07-24T20:34:51.994+0000] {processor.py:830} INFO - Processing file /home/airflow/.local/lib/python3.12/site-packages/airflow/example_dags/example_skip_dag.py for tasks to queue
[2025-07-24T20:34:51.995+0000] {logging_mixin.py:188} INFO - [2025-07-24T20:34:51.995+0000] {dagbag.py:545} INFO - Filling up the DagBag from /home/airflow/.local/lib/python3.12/site-packages/airflow/example_dags/example_skip_dag.py
[2025-07-24T20:34:52.001+0000] {processor.py:840} INFO - DAG(s) 'example_skip_dag' retrieved from /home/airflow/.local/lib/python3.12/site-packages/airflow/example_dags/example_skip_dag.py
[2025-07-24T20:34:52.014+0000] {logging_mixin.py:188} INFO - [2025-07-24T20:34:52.013+0000] {dag.py:3096} INFO - Sync 1 DAGs
[2025-07-24T20:34:52.027+0000] {logging_mixin.py:188} INFO - [2025-07-24T20:34:52.027+0000] {dag.py:3954} INFO - Setting next_dagrun for example_skip_dag to 2025-07-23 00:00:00+00:00, run_after=2025-07-24 00:00:00+00:00
[2025-07-24T20:34:52.050+0000] {processor.py:183} INFO - Processing /home/airflow/.local/lib/python3.12/site-packages/airflow/example_dags/example_skip_dag.py took 0.061 seconds
[2025-07-24T20:35:22.781+0000] {processor.py:161} INFO - Started process (PID=453) to work on /home/airflow/.local/lib/python3.12/site-packages/airflow/example_dags/example_skip_dag.py
[2025-07-24T20:35:22.781+0000] {processor.py:830} INFO - Processing file /home/airflow/.local/lib/python3.12/site-packages/airflow/example_dags/example_skip_dag.py for tasks to queue
[2025-07-24T20:35:22.782+0000] {logging_mixin.py:188} INFO - [2025-07-24T20:35:22.782+0000] {dagbag.py:545} INFO - Filling up the DagBag from /home/airflow/.local/lib/python3.12/site-packages/airflow/example_dags/example_skip_dag.py
[2025-07-24T20:35:22.786+0000] {processor.py:840} INFO - DAG(s) 'example_skip_dag' retrieved from /home/airflow/.local/lib/python3.12/site-packages/airflow/example_dags/example_skip_dag.py
[2025-07-24T20:35:22.800+0000] {logging_mixin.py:188} INFO - [2025-07-24T20:35:22.800+0000] {dag.py:3096} INFO - Sync 1 DAGs
[2025-07-24T20:35:22.815+0000] {logging_mixin.py:188} INFO - [2025-07-24T20:35:22.815+0000] {dag.py:3954} INFO - Setting next_dagrun for example_skip_dag to 2025-07-23 00:00:00+00:00, run_after=2025-07-24 00:00:00+00:00
[2025-07-24T20:35:22.826+0000] {processor.py:183} INFO - Processing /home/airflow/.local/lib/python3.12/site-packages/airflow/example_dags/example_skip_dag.py took 0.049 seconds
[2025-07-24T20:36:43.732+0000] {processor.py:161} INFO - Started process (PID=40) to work on /home/airflow/.local/lib/python3.12/site-packages/airflow/example_dags/example_skip_dag.py
[2025-07-24T20:36:43.732+0000] {processor.py:830} INFO - Processing file /home/airflow/.local/lib/python3.12/site-packages/airflow/example_dags/example_skip_dag.py for tasks to queue
[2025-07-24T20:36:43.733+0000] {logging_mixin.py:188} INFO - [2025-07-24T20:36:43.733+0000] {dagbag.py:545} INFO - Filling up the DagBag from /home/airflow/.local/lib/python3.12/site-packages/airflow/example_dags/example_skip_dag.py
[2025-07-24T20:36:43.739+0000] {processor.py:840} INFO - DAG(s) 'example_skip_dag' retrieved from /home/airflow/.local/lib/python3.12/site-packages/airflow/example_dags/example_skip_dag.py
[2025-07-24T20:36:43.755+0000] {logging_mixin.py:188} INFO - [2025-07-24T20:36:43.755+0000] {dag.py:3096} INFO - Sync 1 DAGs
[2025-07-24T20:36:43.767+0000] {logging_mixin.py:188} INFO - [2025-07-24T20:36:43.767+0000] {dag.py:3954} INFO - Setting next_dagrun for example_skip_dag to 2025-07-23 00:00:00+00:00, run_after=2025-07-24 00:00:00+00:00
[2025-07-24T20:36:43.777+0000] {processor.py:183} INFO - Processing /home/airflow/.local/lib/python3.12/site-packages/airflow/example_dags/example_skip_dag.py took 0.048 seconds
[2025-07-24T20:37:14.363+0000] {processor.py:161} INFO - Started process (PID=98) to work on /home/airflow/.local/lib/python3.12/site-packages/airflow/example_dags/example_skip_dag.py
[2025-07-24T20:37:14.364+0000] {processor.py:830} INFO - Processing file /home/airflow/.local/lib/python3.12/site-packages/airflow/example_dags/example_skip_dag.py for tasks to queue
[2025-07-24T20:37:14.365+0000] {logging_mixin.py:188} INFO - [2025-07-24T20:37:14.365+0000] {dagbag.py:545} INFO - Filling up the DagBag from /home/airflow/.local/lib/python3.12/site-packages/airflow/example_dags/example_skip_dag.py
[2025-07-24T20:37:14.369+0000] {processor.py:840} INFO - DAG(s) 'example_skip_dag' retrieved from /home/airflow/.local/lib/python3.12/site-packages/airflow/example_dags/example_skip_dag.py
[2025-07-24T20:37:14.379+0000] {logging_mixin.py:188} INFO - [2025-07-24T20:37:14.379+0000] {dag.py:3096} INFO - Sync 1 DAGs
[2025-07-24T20:37:14.394+0000] {logging_mixin.py:188} INFO - [2025-07-24T20:37:14.393+0000] {dag.py:3954} INFO - Setting next_dagrun for example_skip_dag to 2025-07-23 00:00:00+00:00, run_after=2025-07-24 00:00:00+00:00
[2025-07-24T20:37:14.404+0000] {processor.py:183} INFO - Processing /home/airflow/.local/lib/python3.12/site-packages/airflow/example_dags/example_skip_dag.py took 0.044 seconds
[2025-07-24T20:37:44.934+0000] {processor.py:161} INFO - Started process (PID=156) to work on /home/airflow/.local/lib/python3.12/site-packages/airflow/example_dags/example_skip_dag.py
[2025-07-24T20:37:44.934+0000] {processor.py:830} INFO - Processing file /home/airflow/.local/lib/python3.12/site-packages/airflow/example_dags/example_skip_dag.py for tasks to queue
[2025-07-24T20:37:44.935+0000] {logging_mixin.py:188} INFO - [2025-07-24T20:37:44.935+0000] {dagbag.py:545} INFO - Filling up the DagBag from /home/airflow/.local/lib/python3.12/site-packages/airflow/example_dags/example_skip_dag.py
[2025-07-24T20:37:44.939+0000] {processor.py:840} INFO - DAG(s) 'example_skip_dag' retrieved from /home/airflow/.local/lib/python3.12/site-packages/airflow/example_dags/example_skip_dag.py
[2025-07-24T20:37:45.003+0000] {logging_mixin.py:188} INFO - [2025-07-24T20:37:45.003+0000] {dag.py:3096} INFO - Sync 1 DAGs
[2025-07-24T20:37:45.014+0000] {logging_mixin.py:188} INFO - [2025-07-24T20:37:45.014+0000] {dag.py:3954} INFO - Setting next_dagrun for example_skip_dag to 2025-07-23 00:00:00+00:00, run_after=2025-07-24 00:00:00+00:00
[2025-07-24T20:37:45.024+0000] {processor.py:183} INFO - Processing /home/airflow/.local/lib/python3.12/site-packages/airflow/example_dags/example_skip_dag.py took 0.094 seconds
[2025-07-24T20:38:15.755+0000] {processor.py:161} INFO - Started process (PID=214) to work on /home/airflow/.local/lib/python3.12/site-packages/airflow/example_dags/example_skip_dag.py
[2025-07-24T20:38:15.755+0000] {processor.py:830} INFO - Processing file /home/airflow/.local/lib/python3.12/site-packages/airflow/example_dags/example_skip_dag.py for tasks to queue
[2025-07-24T20:38:15.757+0000] {logging_mixin.py:188} INFO - [2025-07-24T20:38:15.756+0000] {dagbag.py:545} INFO - Filling up the DagBag from /home/airflow/.local/lib/python3.12/site-packages/airflow/example_dags/example_skip_dag.py
[2025-07-24T20:38:15.760+0000] {processor.py:840} INFO - DAG(s) 'example_skip_dag' retrieved from /home/airflow/.local/lib/python3.12/site-packages/airflow/example_dags/example_skip_dag.py
[2025-07-24T20:38:15.774+0000] {logging_mixin.py:188} INFO - [2025-07-24T20:38:15.774+0000] {dag.py:3096} INFO - Sync 1 DAGs
[2025-07-24T20:38:15.786+0000] {logging_mixin.py:188} INFO - [2025-07-24T20:38:15.786+0000] {dag.py:3954} INFO - Setting next_dagrun for example_skip_dag to 2025-07-23 00:00:00+00:00, run_after=2025-07-24 00:00:00+00:00
[2025-07-24T20:38:15.796+0000] {processor.py:183} INFO - Processing /home/airflow/.local/lib/python3.12/site-packages/airflow/example_dags/example_skip_dag.py took 0.045 seconds
[2025-07-24T20:38:46.541+0000] {processor.py:161} INFO - Started process (PID=272) to work on /home/airflow/.local/lib/python3.12/site-packages/airflow/example_dags/example_skip_dag.py
[2025-07-24T20:38:46.542+0000] {processor.py:830} INFO - Processing file /home/airflow/.local/lib/python3.12/site-packages/airflow/example_dags/example_skip_dag.py for tasks to queue
[2025-07-24T20:38:46.543+0000] {logging_mixin.py:188} INFO - [2025-07-24T20:38:46.543+0000] {dagbag.py:545} INFO - Filling up the DagBag from /home/airflow/.local/lib/python3.12/site-packages/airflow/example_dags/example_skip_dag.py
[2025-07-24T20:38:46.547+0000] {processor.py:840} INFO - DAG(s) 'example_skip_dag' retrieved from /home/airflow/.local/lib/python3.12/site-packages/airflow/example_dags/example_skip_dag.py
[2025-07-24T20:38:46.560+0000] {logging_mixin.py:188} INFO - [2025-07-24T20:38:46.559+0000] {dag.py:3096} INFO - Sync 1 DAGs
[2025-07-24T20:38:46.571+0000] {logging_mixin.py:188} INFO - [2025-07-24T20:38:46.571+0000] {dag.py:3954} INFO - Setting next_dagrun for example_skip_dag to 2025-07-23 00:00:00+00:00, run_after=2025-07-24 00:00:00+00:00
[2025-07-24T20:38:46.580+0000] {processor.py:183} INFO - Processing /home/airflow/.local/lib/python3.12/site-packages/airflow/example_dags/example_skip_dag.py took 0.042 seconds
[2025-07-24T20:39:17.254+0000] {processor.py:161} INFO - Started process (PID=330) to work on /home/airflow/.local/lib/python3.12/site-packages/airflow/example_dags/example_skip_dag.py
[2025-07-24T20:39:17.255+0000] {processor.py:830} INFO - Processing file /home/airflow/.local/lib/python3.12/site-packages/airflow/example_dags/example_skip_dag.py for tasks to queue
[2025-07-24T20:39:17.256+0000] {logging_mixin.py:188} INFO - [2025-07-24T20:39:17.256+0000] {dagbag.py:545} INFO - Filling up the DagBag from /home/airflow/.local/lib/python3.12/site-packages/airflow/example_dags/example_skip_dag.py
[2025-07-24T20:39:17.260+0000] {processor.py:840} INFO - DAG(s) 'example_skip_dag' retrieved from /home/airflow/.local/lib/python3.12/site-packages/airflow/example_dags/example_skip_dag.py
[2025-07-24T20:39:17.274+0000] {logging_mixin.py:188} INFO - [2025-07-24T20:39:17.274+0000] {dag.py:3096} INFO - Sync 1 DAGs
[2025-07-24T20:39:17.286+0000] {logging_mixin.py:188} INFO - [2025-07-24T20:39:17.286+0000] {dag.py:3954} INFO - Setting next_dagrun for example_skip_dag to 2025-07-23 00:00:00+00:00, run_after=2025-07-24 00:00:00+00:00
[2025-07-24T20:39:17.296+0000] {processor.py:183} INFO - Processing /home/airflow/.local/lib/python3.12/site-packages/airflow/example_dags/example_skip_dag.py took 0.045 seconds
[2025-07-24T20:39:47.991+0000] {processor.py:161} INFO - Started process (PID=394) to work on /home/airflow/.local/lib/python3.12/site-packages/airflow/example_dags/example_skip_dag.py
[2025-07-24T20:39:47.992+0000] {processor.py:830} INFO - Processing file /home/airflow/.local/lib/python3.12/site-packages/airflow/example_dags/example_skip_dag.py for tasks to queue
[2025-07-24T20:39:47.993+0000] {logging_mixin.py:188} INFO - [2025-07-24T20:39:47.993+0000] {dagbag.py:545} INFO - Filling up the DagBag from /home/airflow/.local/lib/python3.12/site-packages/airflow/example_dags/example_skip_dag.py
[2025-07-24T20:39:47.997+0000] {processor.py:840} INFO - DAG(s) 'example_skip_dag' retrieved from /home/airflow/.local/lib/python3.12/site-packages/airflow/example_dags/example_skip_dag.py
[2025-07-24T20:39:48.013+0000] {logging_mixin.py:188} INFO - [2025-07-24T20:39:48.013+0000] {dag.py:3096} INFO - Sync 1 DAGs
[2025-07-24T20:39:48.029+0000] {logging_mixin.py:188} INFO - [2025-07-24T20:39:48.029+0000] {dag.py:3954} INFO - Setting next_dagrun for example_skip_dag to 2025-07-23 00:00:00+00:00, run_after=2025-07-24 00:00:00+00:00
[2025-07-24T20:39:48.041+0000] {processor.py:183} INFO - Processing /home/airflow/.local/lib/python3.12/site-packages/airflow/example_dags/example_skip_dag.py took 0.053 seconds
[2025-07-24T20:40:18.708+0000] {processor.py:161} INFO - Started process (PID=452) to work on /home/airflow/.local/lib/python3.12/site-packages/airflow/example_dags/example_skip_dag.py
[2025-07-24T20:40:18.709+0000] {processor.py:830} INFO - Processing file /home/airflow/.local/lib/python3.12/site-packages/airflow/example_dags/example_skip_dag.py for tasks to queue
[2025-07-24T20:40:18.710+0000] {logging_mixin.py:188} INFO - [2025-07-24T20:40:18.710+0000] {dagbag.py:545} INFO - Filling up the DagBag from /home/airflow/.local/lib/python3.12/site-packages/airflow/example_dags/example_skip_dag.py
[2025-07-24T20:40:18.714+0000] {processor.py:840} INFO - DAG(s) 'example_skip_dag' retrieved from /home/airflow/.local/lib/python3.12/site-packages/airflow/example_dags/example_skip_dag.py
[2025-07-24T20:40:18.726+0000] {logging_mixin.py:188} INFO - [2025-07-24T20:40:18.726+0000] {dag.py:3096} INFO - Sync 1 DAGs
[2025-07-24T20:40:18.738+0000] {logging_mixin.py:188} INFO - [2025-07-24T20:40:18.738+0000] {dag.py:3954} INFO - Setting next_dagrun for example_skip_dag to 2025-07-23 00:00:00+00:00, run_after=2025-07-24 00:00:00+00:00
[2025-07-24T20:40:18.747+0000] {processor.py:183} INFO - Processing /home/airflow/.local/lib/python3.12/site-packages/airflow/example_dags/example_skip_dag.py took 0.042 seconds
[2025-07-24T20:40:49.676+0000] {processor.py:161} INFO - Started process (PID=510) to work on /home/airflow/.local/lib/python3.12/site-packages/airflow/example_dags/example_skip_dag.py
[2025-07-24T20:40:49.677+0000] {processor.py:830} INFO - Processing file /home/airflow/.local/lib/python3.12/site-packages/airflow/example_dags/example_skip_dag.py for tasks to queue
[2025-07-24T20:40:49.678+0000] {logging_mixin.py:188} INFO - [2025-07-24T20:40:49.678+0000] {dagbag.py:545} INFO - Filling up the DagBag from /home/airflow/.local/lib/python3.12/site-packages/airflow/example_dags/example_skip_dag.py
[2025-07-24T20:40:49.682+0000] {processor.py:840} INFO - DAG(s) 'example_skip_dag' retrieved from /home/airflow/.local/lib/python3.12/site-packages/airflow/example_dags/example_skip_dag.py
[2025-07-24T20:40:49.693+0000] {logging_mixin.py:188} INFO - [2025-07-24T20:40:49.693+0000] {dag.py:3096} INFO - Sync 1 DAGs
[2025-07-24T20:40:49.704+0000] {logging_mixin.py:188} INFO - [2025-07-24T20:40:49.704+0000] {dag.py:3954} INFO - Setting next_dagrun for example_skip_dag to 2025-07-23 00:00:00+00:00, run_after=2025-07-24 00:00:00+00:00
[2025-07-24T20:40:49.713+0000] {processor.py:183} INFO - Processing /home/airflow/.local/lib/python3.12/site-packages/airflow/example_dags/example_skip_dag.py took 0.040 seconds
[2025-07-24T20:41:20.637+0000] {processor.py:161} INFO - Started process (PID=568) to work on /home/airflow/.local/lib/python3.12/site-packages/airflow/example_dags/example_skip_dag.py
[2025-07-24T20:41:20.638+0000] {processor.py:830} INFO - Processing file /home/airflow/.local/lib/python3.12/site-packages/airflow/example_dags/example_skip_dag.py for tasks to queue
[2025-07-24T20:41:20.639+0000] {logging_mixin.py:188} INFO - [2025-07-24T20:41:20.639+0000] {dagbag.py:545} INFO - Filling up the DagBag from /home/airflow/.local/lib/python3.12/site-packages/airflow/example_dags/example_skip_dag.py
[2025-07-24T20:41:20.643+0000] {processor.py:840} INFO - DAG(s) 'example_skip_dag' retrieved from /home/airflow/.local/lib/python3.12/site-packages/airflow/example_dags/example_skip_dag.py
[2025-07-24T20:41:20.656+0000] {logging_mixin.py:188} INFO - [2025-07-24T20:41:20.656+0000] {dag.py:3096} INFO - Sync 1 DAGs
[2025-07-24T20:41:20.669+0000] {logging_mixin.py:188} INFO - [2025-07-24T20:41:20.669+0000] {dag.py:3954} INFO - Setting next_dagrun for example_skip_dag to 2025-07-23 00:00:00+00:00, run_after=2025-07-24 00:00:00+00:00
[2025-07-24T20:41:20.679+0000] {processor.py:183} INFO - Processing /home/airflow/.local/lib/python3.12/site-packages/airflow/example_dags/example_skip_dag.py took 0.046 seconds
[2025-07-24T20:41:51.415+0000] {processor.py:161} INFO - Started process (PID=626) to work on /home/airflow/.local/lib/python3.12/site-packages/airflow/example_dags/example_skip_dag.py
[2025-07-24T20:41:51.415+0000] {processor.py:830} INFO - Processing file /home/airflow/.local/lib/python3.12/site-packages/airflow/example_dags/example_skip_dag.py for tasks to queue
[2025-07-24T20:41:51.417+0000] {logging_mixin.py:188} INFO - [2025-07-24T20:41:51.416+0000] {dagbag.py:545} INFO - Filling up the DagBag from /home/airflow/.local/lib/python3.12/site-packages/airflow/example_dags/example_skip_dag.py
[2025-07-24T20:41:51.421+0000] {processor.py:840} INFO - DAG(s) 'example_skip_dag' retrieved from /home/airflow/.local/lib/python3.12/site-packages/airflow/example_dags/example_skip_dag.py
[2025-07-24T20:41:51.435+0000] {logging_mixin.py:188} INFO - [2025-07-24T20:41:51.435+0000] {dag.py:3096} INFO - Sync 1 DAGs
[2025-07-24T20:41:51.449+0000] {logging_mixin.py:188} INFO - [2025-07-24T20:41:51.449+0000] {dag.py:3954} INFO - Setting next_dagrun for example_skip_dag to 2025-07-23 00:00:00+00:00, run_after=2025-07-24 00:00:00+00:00
[2025-07-24T20:41:51.459+0000] {processor.py:183} INFO - Processing /home/airflow/.local/lib/python3.12/site-packages/airflow/example_dags/example_skip_dag.py took 0.048 seconds
[2025-07-24T20:42:22.380+0000] {processor.py:161} INFO - Started process (PID=684) to work on /home/airflow/.local/lib/python3.12/site-packages/airflow/example_dags/example_skip_dag.py
[2025-07-24T20:42:22.381+0000] {processor.py:830} INFO - Processing file /home/airflow/.local/lib/python3.12/site-packages/airflow/example_dags/example_skip_dag.py for tasks to queue
[2025-07-24T20:42:22.382+0000] {logging_mixin.py:188} INFO - [2025-07-24T20:42:22.382+0000] {dagbag.py:545} INFO - Filling up the DagBag from /home/airflow/.local/lib/python3.12/site-packages/airflow/example_dags/example_skip_dag.py
[2025-07-24T20:42:22.386+0000] {processor.py:840} INFO - DAG(s) 'example_skip_dag' retrieved from /home/airflow/.local/lib/python3.12/site-packages/airflow/example_dags/example_skip_dag.py
[2025-07-24T20:42:22.398+0000] {logging_mixin.py:188} INFO - [2025-07-24T20:42:22.398+0000] {dag.py:3096} INFO - Sync 1 DAGs
[2025-07-24T20:42:22.410+0000] {logging_mixin.py:188} INFO - [2025-07-24T20:42:22.410+0000] {dag.py:3954} INFO - Setting next_dagrun for example_skip_dag to 2025-07-23 00:00:00+00:00, run_after=2025-07-24 00:00:00+00:00
[2025-07-24T20:42:22.420+0000] {processor.py:183} INFO - Processing /home/airflow/.local/lib/python3.12/site-packages/airflow/example_dags/example_skip_dag.py took 0.043 seconds
[2025-07-24T20:43:16.256+0000] {processor.py:161} INFO - Started process (PID=40) to work on /home/airflow/.local/lib/python3.12/site-packages/airflow/example_dags/example_skip_dag.py
[2025-07-24T20:43:16.257+0000] {processor.py:830} INFO - Processing file /home/airflow/.local/lib/python3.12/site-packages/airflow/example_dags/example_skip_dag.py for tasks to queue
[2025-07-24T20:43:16.258+0000] {logging_mixin.py:188} INFO - [2025-07-24T20:43:16.258+0000] {dagbag.py:545} INFO - Filling up the DagBag from /home/airflow/.local/lib/python3.12/site-packages/airflow/example_dags/example_skip_dag.py
[2025-07-24T20:43:16.266+0000] {processor.py:840} INFO - DAG(s) 'example_skip_dag' retrieved from /home/airflow/.local/lib/python3.12/site-packages/airflow/example_dags/example_skip_dag.py
[2025-07-24T20:43:16.287+0000] {logging_mixin.py:188} INFO - [2025-07-24T20:43:16.286+0000] {dag.py:3096} INFO - Sync 1 DAGs
[2025-07-24T20:43:16.300+0000] {logging_mixin.py:188} INFO - [2025-07-24T20:43:16.299+0000] {dag.py:3954} INFO - Setting next_dagrun for example_skip_dag to 2025-07-23 00:00:00+00:00, run_after=2025-07-24 00:00:00+00:00
[2025-07-24T20:43:16.309+0000] {processor.py:183} INFO - Processing /home/airflow/.local/lib/python3.12/site-packages/airflow/example_dags/example_skip_dag.py took 0.056 seconds
[2025-07-24T20:43:46.859+0000] {processor.py:161} INFO - Started process (PID=98) to work on /home/airflow/.local/lib/python3.12/site-packages/airflow/example_dags/example_skip_dag.py
[2025-07-24T20:43:46.860+0000] {processor.py:830} INFO - Processing file /home/airflow/.local/lib/python3.12/site-packages/airflow/example_dags/example_skip_dag.py for tasks to queue
[2025-07-24T20:43:46.861+0000] {logging_mixin.py:188} INFO - [2025-07-24T20:43:46.861+0000] {dagbag.py:545} INFO - Filling up the DagBag from /home/airflow/.local/lib/python3.12/site-packages/airflow/example_dags/example_skip_dag.py
[2025-07-24T20:43:46.864+0000] {processor.py:840} INFO - DAG(s) 'example_skip_dag' retrieved from /home/airflow/.local/lib/python3.12/site-packages/airflow/example_dags/example_skip_dag.py
[2025-07-24T20:43:46.921+0000] {logging_mixin.py:188} INFO - [2025-07-24T20:43:46.921+0000] {dag.py:3096} INFO - Sync 1 DAGs
[2025-07-24T20:43:46.930+0000] {logging_mixin.py:188} INFO - [2025-07-24T20:43:46.930+0000] {dag.py:3954} INFO - Setting next_dagrun for example_skip_dag to 2025-07-23 00:00:00+00:00, run_after=2025-07-24 00:00:00+00:00
[2025-07-24T20:43:46.940+0000] {processor.py:183} INFO - Processing /home/airflow/.local/lib/python3.12/site-packages/airflow/example_dags/example_skip_dag.py took 0.084 seconds
[2025-07-24T20:44:17.058+0000] {processor.py:161} INFO - Started process (PID=156) to work on /home/airflow/.local/lib/python3.12/site-packages/airflow/example_dags/example_skip_dag.py
[2025-07-24T20:44:17.059+0000] {processor.py:830} INFO - Processing file /home/airflow/.local/lib/python3.12/site-packages/airflow/example_dags/example_skip_dag.py for tasks to queue
[2025-07-24T20:44:17.060+0000] {logging_mixin.py:188} INFO - [2025-07-24T20:44:17.059+0000] {dagbag.py:545} INFO - Filling up the DagBag from /home/airflow/.local/lib/python3.12/site-packages/airflow/example_dags/example_skip_dag.py
[2025-07-24T20:44:17.064+0000] {processor.py:840} INFO - DAG(s) 'example_skip_dag' retrieved from /home/airflow/.local/lib/python3.12/site-packages/airflow/example_dags/example_skip_dag.py
[2025-07-24T20:44:17.076+0000] {logging_mixin.py:188} INFO - [2025-07-24T20:44:17.076+0000] {dag.py:3096} INFO - Sync 1 DAGs
[2025-07-24T20:44:17.090+0000] {logging_mixin.py:188} INFO - [2025-07-24T20:44:17.090+0000] {dag.py:3954} INFO - Setting next_dagrun for example_skip_dag to 2025-07-23 00:00:00+00:00, run_after=2025-07-24 00:00:00+00:00
[2025-07-24T20:44:17.099+0000] {processor.py:183} INFO - Processing /home/airflow/.local/lib/python3.12/site-packages/airflow/example_dags/example_skip_dag.py took 0.045 seconds
[2025-07-24T20:44:47.180+0000] {processor.py:161} INFO - Started process (PID=214) to work on /home/airflow/.local/lib/python3.12/site-packages/airflow/example_dags/example_skip_dag.py
[2025-07-24T20:44:47.181+0000] {processor.py:830} INFO - Processing file /home/airflow/.local/lib/python3.12/site-packages/airflow/example_dags/example_skip_dag.py for tasks to queue
[2025-07-24T20:44:47.182+0000] {logging_mixin.py:188} INFO - [2025-07-24T20:44:47.182+0000] {dagbag.py:545} INFO - Filling up the DagBag from /home/airflow/.local/lib/python3.12/site-packages/airflow/example_dags/example_skip_dag.py
[2025-07-24T20:44:47.186+0000] {processor.py:840} INFO - DAG(s) 'example_skip_dag' retrieved from /home/airflow/.local/lib/python3.12/site-packages/airflow/example_dags/example_skip_dag.py
[2025-07-24T20:44:47.201+0000] {logging_mixin.py:188} INFO - [2025-07-24T20:44:47.200+0000] {dag.py:3096} INFO - Sync 1 DAGs
[2025-07-24T20:44:47.214+0000] {logging_mixin.py:188} INFO - [2025-07-24T20:44:47.214+0000] {dag.py:3954} INFO - Setting next_dagrun for example_skip_dag to 2025-07-23 00:00:00+00:00, run_after=2025-07-24 00:00:00+00:00
[2025-07-24T20:44:47.225+0000] {processor.py:183} INFO - Processing /home/airflow/.local/lib/python3.12/site-packages/airflow/example_dags/example_skip_dag.py took 0.050 seconds
[2025-07-24T20:45:17.348+0000] {processor.py:161} INFO - Started process (PID=272) to work on /home/airflow/.local/lib/python3.12/site-packages/airflow/example_dags/example_skip_dag.py
[2025-07-24T20:45:17.349+0000] {processor.py:830} INFO - Processing file /home/airflow/.local/lib/python3.12/site-packages/airflow/example_dags/example_skip_dag.py for tasks to queue
[2025-07-24T20:45:17.349+0000] {logging_mixin.py:188} INFO - [2025-07-24T20:45:17.349+0000] {dagbag.py:545} INFO - Filling up the DagBag from /home/airflow/.local/lib/python3.12/site-packages/airflow/example_dags/example_skip_dag.py
[2025-07-24T20:45:17.352+0000] {processor.py:840} INFO - DAG(s) 'example_skip_dag' retrieved from /home/airflow/.local/lib/python3.12/site-packages/airflow/example_dags/example_skip_dag.py
[2025-07-24T20:45:17.364+0000] {logging_mixin.py:188} INFO - [2025-07-24T20:45:17.364+0000] {dag.py:3096} INFO - Sync 1 DAGs
[2025-07-24T20:45:17.374+0000] {logging_mixin.py:188} INFO - [2025-07-24T20:45:17.374+0000] {dag.py:3954} INFO - Setting next_dagrun for example_skip_dag to 2025-07-23 00:00:00+00:00, run_after=2025-07-24 00:00:00+00:00
[2025-07-24T20:45:17.382+0000] {processor.py:183} INFO - Processing /home/airflow/.local/lib/python3.12/site-packages/airflow/example_dags/example_skip_dag.py took 0.038 seconds
[2025-07-24T20:45:47.874+0000] {processor.py:161} INFO - Started process (PID=330) to work on /home/airflow/.local/lib/python3.12/site-packages/airflow/example_dags/example_skip_dag.py
[2025-07-24T20:45:47.875+0000] {processor.py:830} INFO - Processing file /home/airflow/.local/lib/python3.12/site-packages/airflow/example_dags/example_skip_dag.py for tasks to queue
[2025-07-24T20:45:47.876+0000] {logging_mixin.py:188} INFO - [2025-07-24T20:45:47.876+0000] {dagbag.py:545} INFO - Filling up the DagBag from /home/airflow/.local/lib/python3.12/site-packages/airflow/example_dags/example_skip_dag.py
[2025-07-24T20:45:47.880+0000] {processor.py:840} INFO - DAG(s) 'example_skip_dag' retrieved from /home/airflow/.local/lib/python3.12/site-packages/airflow/example_dags/example_skip_dag.py
[2025-07-24T20:45:47.892+0000] {logging_mixin.py:188} INFO - [2025-07-24T20:45:47.892+0000] {dag.py:3096} INFO - Sync 1 DAGs
[2025-07-24T20:45:47.905+0000] {logging_mixin.py:188} INFO - [2025-07-24T20:45:47.905+0000] {dag.py:3954} INFO - Setting next_dagrun for example_skip_dag to 2025-07-23 00:00:00+00:00, run_after=2025-07-24 00:00:00+00:00
[2025-07-24T20:45:47.915+0000] {processor.py:183} INFO - Processing /home/airflow/.local/lib/python3.12/site-packages/airflow/example_dags/example_skip_dag.py took 0.044 seconds
[2025-07-24T20:46:18.512+0000] {processor.py:161} INFO - Started process (PID=388) to work on /home/airflow/.local/lib/python3.12/site-packages/airflow/example_dags/example_skip_dag.py
[2025-07-24T20:46:18.513+0000] {processor.py:830} INFO - Processing file /home/airflow/.local/lib/python3.12/site-packages/airflow/example_dags/example_skip_dag.py for tasks to queue
[2025-07-24T20:46:18.514+0000] {logging_mixin.py:188} INFO - [2025-07-24T20:46:18.514+0000] {dagbag.py:545} INFO - Filling up the DagBag from /home/airflow/.local/lib/python3.12/site-packages/airflow/example_dags/example_skip_dag.py
[2025-07-24T20:46:18.518+0000] {processor.py:840} INFO - DAG(s) 'example_skip_dag' retrieved from /home/airflow/.local/lib/python3.12/site-packages/airflow/example_dags/example_skip_dag.py
[2025-07-24T20:46:18.531+0000] {logging_mixin.py:188} INFO - [2025-07-24T20:46:18.531+0000] {dag.py:3096} INFO - Sync 1 DAGs
[2025-07-24T20:46:18.544+0000] {logging_mixin.py:188} INFO - [2025-07-24T20:46:18.544+0000] {dag.py:3954} INFO - Setting next_dagrun for example_skip_dag to 2025-07-23 00:00:00+00:00, run_after=2025-07-24 00:00:00+00:00
[2025-07-24T20:46:18.555+0000] {processor.py:183} INFO - Processing /home/airflow/.local/lib/python3.12/site-packages/airflow/example_dags/example_skip_dag.py took 0.046 seconds
[2025-07-24T20:46:49.249+0000] {processor.py:161} INFO - Started process (PID=446) to work on /home/airflow/.local/lib/python3.12/site-packages/airflow/example_dags/example_skip_dag.py
[2025-07-24T20:46:49.249+0000] {processor.py:830} INFO - Processing file /home/airflow/.local/lib/python3.12/site-packages/airflow/example_dags/example_skip_dag.py for tasks to queue
[2025-07-24T20:46:49.250+0000] {logging_mixin.py:188} INFO - [2025-07-24T20:46:49.250+0000] {dagbag.py:545} INFO - Filling up the DagBag from /home/airflow/.local/lib/python3.12/site-packages/airflow/example_dags/example_skip_dag.py
[2025-07-24T20:46:49.254+0000] {processor.py:840} INFO - DAG(s) 'example_skip_dag' retrieved from /home/airflow/.local/lib/python3.12/site-packages/airflow/example_dags/example_skip_dag.py
[2025-07-24T20:46:49.267+0000] {logging_mixin.py:188} INFO - [2025-07-24T20:46:49.267+0000] {dag.py:3096} INFO - Sync 1 DAGs
[2025-07-24T20:46:49.279+0000] {logging_mixin.py:188} INFO - [2025-07-24T20:46:49.279+0000] {dag.py:3954} INFO - Setting next_dagrun for example_skip_dag to 2025-07-23 00:00:00+00:00, run_after=2025-07-24 00:00:00+00:00
[2025-07-24T20:46:49.289+0000] {processor.py:183} INFO - Processing /home/airflow/.local/lib/python3.12/site-packages/airflow/example_dags/example_skip_dag.py took 0.044 seconds
[2025-07-24T20:47:19.908+0000] {processor.py:161} INFO - Started process (PID=504) to work on /home/airflow/.local/lib/python3.12/site-packages/airflow/example_dags/example_skip_dag.py
[2025-07-24T20:47:19.909+0000] {processor.py:830} INFO - Processing file /home/airflow/.local/lib/python3.12/site-packages/airflow/example_dags/example_skip_dag.py for tasks to queue
[2025-07-24T20:47:19.910+0000] {logging_mixin.py:188} INFO - [2025-07-24T20:47:19.910+0000] {dagbag.py:545} INFO - Filling up the DagBag from /home/airflow/.local/lib/python3.12/site-packages/airflow/example_dags/example_skip_dag.py
[2025-07-24T20:47:19.914+0000] {processor.py:840} INFO - DAG(s) 'example_skip_dag' retrieved from /home/airflow/.local/lib/python3.12/site-packages/airflow/example_dags/example_skip_dag.py
[2025-07-24T20:47:19.927+0000] {logging_mixin.py:188} INFO - [2025-07-24T20:47:19.926+0000] {dag.py:3096} INFO - Sync 1 DAGs
[2025-07-24T20:47:19.938+0000] {logging_mixin.py:188} INFO - [2025-07-24T20:47:19.938+0000] {dag.py:3954} INFO - Setting next_dagrun for example_skip_dag to 2025-07-23 00:00:00+00:00, run_after=2025-07-24 00:00:00+00:00
[2025-07-24T20:47:19.947+0000] {processor.py:183} INFO - Processing /home/airflow/.local/lib/python3.12/site-packages/airflow/example_dags/example_skip_dag.py took 0.042 seconds
[2025-07-24T20:47:50.612+0000] {processor.py:161} INFO - Started process (PID=568) to work on /home/airflow/.local/lib/python3.12/site-packages/airflow/example_dags/example_skip_dag.py
[2025-07-24T20:47:50.613+0000] {processor.py:830} INFO - Processing file /home/airflow/.local/lib/python3.12/site-packages/airflow/example_dags/example_skip_dag.py for tasks to queue
[2025-07-24T20:47:50.614+0000] {logging_mixin.py:188} INFO - [2025-07-24T20:47:50.613+0000] {dagbag.py:545} INFO - Filling up the DagBag from /home/airflow/.local/lib/python3.12/site-packages/airflow/example_dags/example_skip_dag.py
[2025-07-24T20:47:50.618+0000] {processor.py:840} INFO - DAG(s) 'example_skip_dag' retrieved from /home/airflow/.local/lib/python3.12/site-packages/airflow/example_dags/example_skip_dag.py
[2025-07-24T20:47:50.631+0000] {logging_mixin.py:188} INFO - [2025-07-24T20:47:50.630+0000] {dag.py:3096} INFO - Sync 1 DAGs
[2025-07-24T20:47:50.643+0000] {logging_mixin.py:188} INFO - [2025-07-24T20:47:50.643+0000] {dag.py:3954} INFO - Setting next_dagrun for example_skip_dag to 2025-07-23 00:00:00+00:00, run_after=2025-07-24 00:00:00+00:00
[2025-07-24T20:47:50.655+0000] {processor.py:183} INFO - Processing /home/airflow/.local/lib/python3.12/site-packages/airflow/example_dags/example_skip_dag.py took 0.046 seconds
[2025-07-24T20:48:21.293+0000] {processor.py:161} INFO - Started process (PID=626) to work on /home/airflow/.local/lib/python3.12/site-packages/airflow/example_dags/example_skip_dag.py
[2025-07-24T20:48:21.294+0000] {processor.py:830} INFO - Processing file /home/airflow/.local/lib/python3.12/site-packages/airflow/example_dags/example_skip_dag.py for tasks to queue
[2025-07-24T20:48:21.295+0000] {logging_mixin.py:188} INFO - [2025-07-24T20:48:21.295+0000] {dagbag.py:545} INFO - Filling up the DagBag from /home/airflow/.local/lib/python3.12/site-packages/airflow/example_dags/example_skip_dag.py
[2025-07-24T20:48:21.299+0000] {processor.py:840} INFO - DAG(s) 'example_skip_dag' retrieved from /home/airflow/.local/lib/python3.12/site-packages/airflow/example_dags/example_skip_dag.py
[2025-07-24T20:48:21.311+0000] {logging_mixin.py:188} INFO - [2025-07-24T20:48:21.311+0000] {dag.py:3096} INFO - Sync 1 DAGs
[2025-07-24T20:48:21.323+0000] {logging_mixin.py:188} INFO - [2025-07-24T20:48:21.323+0000] {dag.py:3954} INFO - Setting next_dagrun for example_skip_dag to 2025-07-23 00:00:00+00:00, run_after=2025-07-24 00:00:00+00:00
[2025-07-24T20:48:21.333+0000] {processor.py:183} INFO - Processing /home/airflow/.local/lib/python3.12/site-packages/airflow/example_dags/example_skip_dag.py took 0.043 seconds
[2025-07-24T20:48:51.943+0000] {processor.py:161} INFO - Started process (PID=684) to work on /home/airflow/.local/lib/python3.12/site-packages/airflow/example_dags/example_skip_dag.py
[2025-07-24T20:48:51.944+0000] {processor.py:830} INFO - Processing file /home/airflow/.local/lib/python3.12/site-packages/airflow/example_dags/example_skip_dag.py for tasks to queue
[2025-07-24T20:48:51.945+0000] {logging_mixin.py:188} INFO - [2025-07-24T20:48:51.945+0000] {dagbag.py:545} INFO - Filling up the DagBag from /home/airflow/.local/lib/python3.12/site-packages/airflow/example_dags/example_skip_dag.py
[2025-07-24T20:48:51.949+0000] {processor.py:840} INFO - DAG(s) 'example_skip_dag' retrieved from /home/airflow/.local/lib/python3.12/site-packages/airflow/example_dags/example_skip_dag.py
[2025-07-24T20:48:51.962+0000] {logging_mixin.py:188} INFO - [2025-07-24T20:48:51.962+0000] {dag.py:3096} INFO - Sync 1 DAGs
[2025-07-24T20:48:51.974+0000] {logging_mixin.py:188} INFO - [2025-07-24T20:48:51.974+0000] {dag.py:3954} INFO - Setting next_dagrun for example_skip_dag to 2025-07-23 00:00:00+00:00, run_after=2025-07-24 00:00:00+00:00
[2025-07-24T20:48:51.986+0000] {processor.py:183} INFO - Processing /home/airflow/.local/lib/python3.12/site-packages/airflow/example_dags/example_skip_dag.py took 0.046 seconds
[2025-07-24T20:49:22.543+0000] {processor.py:161} INFO - Started process (PID=742) to work on /home/airflow/.local/lib/python3.12/site-packages/airflow/example_dags/example_skip_dag.py
[2025-07-24T20:49:22.544+0000] {processor.py:830} INFO - Processing file /home/airflow/.local/lib/python3.12/site-packages/airflow/example_dags/example_skip_dag.py for tasks to queue
[2025-07-24T20:49:22.545+0000] {logging_mixin.py:188} INFO - [2025-07-24T20:49:22.545+0000] {dagbag.py:545} INFO - Filling up the DagBag from /home/airflow/.local/lib/python3.12/site-packages/airflow/example_dags/example_skip_dag.py
[2025-07-24T20:49:22.549+0000] {processor.py:840} INFO - DAG(s) 'example_skip_dag' retrieved from /home/airflow/.local/lib/python3.12/site-packages/airflow/example_dags/example_skip_dag.py
[2025-07-24T20:49:22.564+0000] {logging_mixin.py:188} INFO - [2025-07-24T20:49:22.564+0000] {dag.py:3096} INFO - Sync 1 DAGs
[2025-07-24T20:49:22.574+0000] {logging_mixin.py:188} INFO - [2025-07-24T20:49:22.574+0000] {dag.py:3954} INFO - Setting next_dagrun for example_skip_dag to 2025-07-23 00:00:00+00:00, run_after=2025-07-24 00:00:00+00:00
[2025-07-24T20:49:22.584+0000] {processor.py:183} INFO - Processing /home/airflow/.local/lib/python3.12/site-packages/airflow/example_dags/example_skip_dag.py took 0.044 seconds
[2025-07-24T20:49:53.127+0000] {processor.py:161} INFO - Started process (PID=800) to work on /home/airflow/.local/lib/python3.12/site-packages/airflow/example_dags/example_skip_dag.py
[2025-07-24T20:49:53.127+0000] {processor.py:830} INFO - Processing file /home/airflow/.local/lib/python3.12/site-packages/airflow/example_dags/example_skip_dag.py for tasks to queue
[2025-07-24T20:49:53.128+0000] {logging_mixin.py:188} INFO - [2025-07-24T20:49:53.128+0000] {dagbag.py:545} INFO - Filling up the DagBag from /home/airflow/.local/lib/python3.12/site-packages/airflow/example_dags/example_skip_dag.py
[2025-07-24T20:49:53.132+0000] {processor.py:840} INFO - DAG(s) 'example_skip_dag' retrieved from /home/airflow/.local/lib/python3.12/site-packages/airflow/example_dags/example_skip_dag.py
[2025-07-24T20:49:53.144+0000] {logging_mixin.py:188} INFO - [2025-07-24T20:49:53.144+0000] {dag.py:3096} INFO - Sync 1 DAGs
[2025-07-24T20:49:53.156+0000] {logging_mixin.py:188} INFO - [2025-07-24T20:49:53.156+0000] {dag.py:3954} INFO - Setting next_dagrun for example_skip_dag to 2025-07-23 00:00:00+00:00, run_after=2025-07-24 00:00:00+00:00
[2025-07-24T20:49:53.166+0000] {processor.py:183} INFO - Processing /home/airflow/.local/lib/python3.12/site-packages/airflow/example_dags/example_skip_dag.py took 0.042 seconds
[2025-07-24T20:50:23.828+0000] {processor.py:161} INFO - Started process (PID=858) to work on /home/airflow/.local/lib/python3.12/site-packages/airflow/example_dags/example_skip_dag.py
[2025-07-24T20:50:23.828+0000] {processor.py:830} INFO - Processing file /home/airflow/.local/lib/python3.12/site-packages/airflow/example_dags/example_skip_dag.py for tasks to queue
[2025-07-24T20:50:23.830+0000] {logging_mixin.py:188} INFO - [2025-07-24T20:50:23.829+0000] {dagbag.py:545} INFO - Filling up the DagBag from /home/airflow/.local/lib/python3.12/site-packages/airflow/example_dags/example_skip_dag.py
[2025-07-24T20:50:23.833+0000] {processor.py:840} INFO - DAG(s) 'example_skip_dag' retrieved from /home/airflow/.local/lib/python3.12/site-packages/airflow/example_dags/example_skip_dag.py
[2025-07-24T20:50:23.846+0000] {logging_mixin.py:188} INFO - [2025-07-24T20:50:23.846+0000] {dag.py:3096} INFO - Sync 1 DAGs
[2025-07-24T20:50:23.860+0000] {logging_mixin.py:188} INFO - [2025-07-24T20:50:23.860+0000] {dag.py:3954} INFO - Setting next_dagrun for example_skip_dag to 2025-07-23 00:00:00+00:00, run_after=2025-07-24 00:00:00+00:00
[2025-07-24T20:50:23.870+0000] {processor.py:183} INFO - Processing /home/airflow/.local/lib/python3.12/site-packages/airflow/example_dags/example_skip_dag.py took 0.046 seconds
[2025-07-24T20:50:53.983+0000] {processor.py:161} INFO - Started process (PID=916) to work on /home/airflow/.local/lib/python3.12/site-packages/airflow/example_dags/example_skip_dag.py
[2025-07-24T20:50:53.983+0000] {processor.py:830} INFO - Processing file /home/airflow/.local/lib/python3.12/site-packages/airflow/example_dags/example_skip_dag.py for tasks to queue
[2025-07-24T20:50:53.985+0000] {logging_mixin.py:188} INFO - [2025-07-24T20:50:53.984+0000] {dagbag.py:545} INFO - Filling up the DagBag from /home/airflow/.local/lib/python3.12/site-packages/airflow/example_dags/example_skip_dag.py
[2025-07-24T20:50:53.988+0000] {processor.py:840} INFO - DAG(s) 'example_skip_dag' retrieved from /home/airflow/.local/lib/python3.12/site-packages/airflow/example_dags/example_skip_dag.py
[2025-07-24T20:50:54.002+0000] {logging_mixin.py:188} INFO - [2025-07-24T20:50:54.002+0000] {dag.py:3096} INFO - Sync 1 DAGs
[2025-07-24T20:50:54.015+0000] {logging_mixin.py:188} INFO - [2025-07-24T20:50:54.015+0000] {dag.py:3954} INFO - Setting next_dagrun for example_skip_dag to 2025-07-23 00:00:00+00:00, run_after=2025-07-24 00:00:00+00:00
[2025-07-24T20:50:54.025+0000] {processor.py:183} INFO - Processing /home/airflow/.local/lib/python3.12/site-packages/airflow/example_dags/example_skip_dag.py took 0.046 seconds
[2025-07-24T20:51:24.751+0000] {processor.py:161} INFO - Started process (PID=974) to work on /home/airflow/.local/lib/python3.12/site-packages/airflow/example_dags/example_skip_dag.py
[2025-07-24T20:51:24.751+0000] {processor.py:830} INFO - Processing file /home/airflow/.local/lib/python3.12/site-packages/airflow/example_dags/example_skip_dag.py for tasks to queue
[2025-07-24T20:51:24.753+0000] {logging_mixin.py:188} INFO - [2025-07-24T20:51:24.753+0000] {dagbag.py:545} INFO - Filling up the DagBag from /home/airflow/.local/lib/python3.12/site-packages/airflow/example_dags/example_skip_dag.py
[2025-07-24T20:51:24.756+0000] {processor.py:840} INFO - DAG(s) 'example_skip_dag' retrieved from /home/airflow/.local/lib/python3.12/site-packages/airflow/example_dags/example_skip_dag.py
[2025-07-24T20:51:24.772+0000] {logging_mixin.py:188} INFO - [2025-07-24T20:51:24.772+0000] {dag.py:3096} INFO - Sync 1 DAGs
[2025-07-24T20:51:24.783+0000] {logging_mixin.py:188} INFO - [2025-07-24T20:51:24.783+0000] {dag.py:3954} INFO - Setting next_dagrun for example_skip_dag to 2025-07-23 00:00:00+00:00, run_after=2025-07-24 00:00:00+00:00
[2025-07-24T20:51:24.800+0000] {processor.py:183} INFO - Processing /home/airflow/.local/lib/python3.12/site-packages/airflow/example_dags/example_skip_dag.py took 0.053 seconds
[2025-07-24T20:51:55.469+0000] {processor.py:161} INFO - Started process (PID=1032) to work on /home/airflow/.local/lib/python3.12/site-packages/airflow/example_dags/example_skip_dag.py
[2025-07-24T20:51:55.470+0000] {processor.py:830} INFO - Processing file /home/airflow/.local/lib/python3.12/site-packages/airflow/example_dags/example_skip_dag.py for tasks to queue
[2025-07-24T20:51:55.471+0000] {logging_mixin.py:188} INFO - [2025-07-24T20:51:55.471+0000] {dagbag.py:545} INFO - Filling up the DagBag from /home/airflow/.local/lib/python3.12/site-packages/airflow/example_dags/example_skip_dag.py
[2025-07-24T20:51:55.475+0000] {processor.py:840} INFO - DAG(s) 'example_skip_dag' retrieved from /home/airflow/.local/lib/python3.12/site-packages/airflow/example_dags/example_skip_dag.py
[2025-07-24T20:51:55.488+0000] {logging_mixin.py:188} INFO - [2025-07-24T20:51:55.488+0000] {dag.py:3096} INFO - Sync 1 DAGs
[2025-07-24T20:51:55.501+0000] {logging_mixin.py:188} INFO - [2025-07-24T20:51:55.501+0000] {dag.py:3954} INFO - Setting next_dagrun for example_skip_dag to 2025-07-23 00:00:00+00:00, run_after=2025-07-24 00:00:00+00:00
[2025-07-24T20:51:55.510+0000] {processor.py:183} INFO - Processing /home/airflow/.local/lib/python3.12/site-packages/airflow/example_dags/example_skip_dag.py took 0.044 seconds
[2025-07-24T20:52:26.211+0000] {processor.py:161} INFO - Started process (PID=1090) to work on /home/airflow/.local/lib/python3.12/site-packages/airflow/example_dags/example_skip_dag.py
[2025-07-24T20:52:26.212+0000] {processor.py:830} INFO - Processing file /home/airflow/.local/lib/python3.12/site-packages/airflow/example_dags/example_skip_dag.py for tasks to queue
[2025-07-24T20:52:26.213+0000] {logging_mixin.py:188} INFO - [2025-07-24T20:52:26.213+0000] {dagbag.py:545} INFO - Filling up the DagBag from /home/airflow/.local/lib/python3.12/site-packages/airflow/example_dags/example_skip_dag.py
[2025-07-24T20:52:26.217+0000] {processor.py:840} INFO - DAG(s) 'example_skip_dag' retrieved from /home/airflow/.local/lib/python3.12/site-packages/airflow/example_dags/example_skip_dag.py
[2025-07-24T20:52:26.229+0000] {logging_mixin.py:188} INFO - [2025-07-24T20:52:26.229+0000] {dag.py:3096} INFO - Sync 1 DAGs
[2025-07-24T20:52:26.241+0000] {logging_mixin.py:188} INFO - [2025-07-24T20:52:26.241+0000] {dag.py:3954} INFO - Setting next_dagrun for example_skip_dag to 2025-07-23 00:00:00+00:00, run_after=2025-07-24 00:00:00+00:00
[2025-07-24T20:52:26.251+0000] {processor.py:183} INFO - Processing /home/airflow/.local/lib/python3.12/site-packages/airflow/example_dags/example_skip_dag.py took 0.044 seconds
[2025-07-24T20:52:56.932+0000] {processor.py:161} INFO - Started process (PID=1148) to work on /home/airflow/.local/lib/python3.12/site-packages/airflow/example_dags/example_skip_dag.py
[2025-07-24T20:52:56.932+0000] {processor.py:830} INFO - Processing file /home/airflow/.local/lib/python3.12/site-packages/airflow/example_dags/example_skip_dag.py for tasks to queue
[2025-07-24T20:52:56.933+0000] {logging_mixin.py:188} INFO - [2025-07-24T20:52:56.933+0000] {dagbag.py:545} INFO - Filling up the DagBag from /home/airflow/.local/lib/python3.12/site-packages/airflow/example_dags/example_skip_dag.py
[2025-07-24T20:52:56.937+0000] {processor.py:840} INFO - DAG(s) 'example_skip_dag' retrieved from /home/airflow/.local/lib/python3.12/site-packages/airflow/example_dags/example_skip_dag.py
[2025-07-24T20:52:56.949+0000] {logging_mixin.py:188} INFO - [2025-07-24T20:52:56.949+0000] {dag.py:3096} INFO - Sync 1 DAGs
[2025-07-24T20:52:56.962+0000] {logging_mixin.py:188} INFO - [2025-07-24T20:52:56.962+0000] {dag.py:3954} INFO - Setting next_dagrun for example_skip_dag to 2025-07-23 00:00:00+00:00, run_after=2025-07-24 00:00:00+00:00
[2025-07-24T20:52:56.971+0000] {processor.py:183} INFO - Processing /home/airflow/.local/lib/python3.12/site-packages/airflow/example_dags/example_skip_dag.py took 0.043 seconds
[2025-07-24T20:53:26.992+0000] {processor.py:161} INFO - Started process (PID=1206) to work on /home/airflow/.local/lib/python3.12/site-packages/airflow/example_dags/example_skip_dag.py
[2025-07-24T20:53:26.992+0000] {processor.py:830} INFO - Processing file /home/airflow/.local/lib/python3.12/site-packages/airflow/example_dags/example_skip_dag.py for tasks to queue
[2025-07-24T20:53:26.994+0000] {logging_mixin.py:188} INFO - [2025-07-24T20:53:26.994+0000] {dagbag.py:545} INFO - Filling up the DagBag from /home/airflow/.local/lib/python3.12/site-packages/airflow/example_dags/example_skip_dag.py
[2025-07-24T20:53:26.997+0000] {processor.py:840} INFO - DAG(s) 'example_skip_dag' retrieved from /home/airflow/.local/lib/python3.12/site-packages/airflow/example_dags/example_skip_dag.py
[2025-07-24T20:53:27.009+0000] {logging_mixin.py:188} INFO - [2025-07-24T20:53:27.009+0000] {dag.py:3096} INFO - Sync 1 DAGs
[2025-07-24T20:53:27.020+0000] {logging_mixin.py:188} INFO - [2025-07-24T20:53:27.020+0000] {dag.py:3954} INFO - Setting next_dagrun for example_skip_dag to 2025-07-23 00:00:00+00:00, run_after=2025-07-24 00:00:00+00:00
[2025-07-24T20:53:27.029+0000] {processor.py:183} INFO - Processing /home/airflow/.local/lib/python3.12/site-packages/airflow/example_dags/example_skip_dag.py took 0.041 seconds
[2025-07-24T20:53:57.154+0000] {processor.py:161} INFO - Started process (PID=1264) to work on /home/airflow/.local/lib/python3.12/site-packages/airflow/example_dags/example_skip_dag.py
[2025-07-24T20:53:57.154+0000] {processor.py:830} INFO - Processing file /home/airflow/.local/lib/python3.12/site-packages/airflow/example_dags/example_skip_dag.py for tasks to queue
[2025-07-24T20:53:57.155+0000] {logging_mixin.py:188} INFO - [2025-07-24T20:53:57.155+0000] {dagbag.py:545} INFO - Filling up the DagBag from /home/airflow/.local/lib/python3.12/site-packages/airflow/example_dags/example_skip_dag.py
[2025-07-24T20:53:57.159+0000] {processor.py:840} INFO - DAG(s) 'example_skip_dag' retrieved from /home/airflow/.local/lib/python3.12/site-packages/airflow/example_dags/example_skip_dag.py
[2025-07-24T20:53:57.172+0000] {logging_mixin.py:188} INFO - [2025-07-24T20:53:57.172+0000] {dag.py:3096} INFO - Sync 1 DAGs
[2025-07-24T20:53:57.184+0000] {logging_mixin.py:188} INFO - [2025-07-24T20:53:57.184+0000] {dag.py:3954} INFO - Setting next_dagrun for example_skip_dag to 2025-07-23 00:00:00+00:00, run_after=2025-07-24 00:00:00+00:00
[2025-07-24T20:53:57.193+0000] {processor.py:183} INFO - Processing /home/airflow/.local/lib/python3.12/site-packages/airflow/example_dags/example_skip_dag.py took 0.043 seconds
[2025-07-24T20:54:27.349+0000] {processor.py:161} INFO - Started process (PID=1322) to work on /home/airflow/.local/lib/python3.12/site-packages/airflow/example_dags/example_skip_dag.py
[2025-07-24T20:54:27.350+0000] {processor.py:830} INFO - Processing file /home/airflow/.local/lib/python3.12/site-packages/airflow/example_dags/example_skip_dag.py for tasks to queue
[2025-07-24T20:54:27.351+0000] {logging_mixin.py:188} INFO - [2025-07-24T20:54:27.350+0000] {dagbag.py:545} INFO - Filling up the DagBag from /home/airflow/.local/lib/python3.12/site-packages/airflow/example_dags/example_skip_dag.py
[2025-07-24T20:54:27.354+0000] {processor.py:840} INFO - DAG(s) 'example_skip_dag' retrieved from /home/airflow/.local/lib/python3.12/site-packages/airflow/example_dags/example_skip_dag.py
[2025-07-24T20:54:27.365+0000] {logging_mixin.py:188} INFO - [2025-07-24T20:54:27.365+0000] {dag.py:3096} INFO - Sync 1 DAGs
[2025-07-24T20:54:27.377+0000] {logging_mixin.py:188} INFO - [2025-07-24T20:54:27.377+0000] {dag.py:3954} INFO - Setting next_dagrun for example_skip_dag to 2025-07-23 00:00:00+00:00, run_after=2025-07-24 00:00:00+00:00
[2025-07-24T20:54:27.386+0000] {processor.py:183} INFO - Processing /home/airflow/.local/lib/python3.12/site-packages/airflow/example_dags/example_skip_dag.py took 0.040 seconds
[2025-07-24T20:54:58.292+0000] {processor.py:161} INFO - Started process (PID=1380) to work on /home/airflow/.local/lib/python3.12/site-packages/airflow/example_dags/example_skip_dag.py
[2025-07-24T20:54:58.292+0000] {processor.py:830} INFO - Processing file /home/airflow/.local/lib/python3.12/site-packages/airflow/example_dags/example_skip_dag.py for tasks to queue
[2025-07-24T20:54:58.293+0000] {logging_mixin.py:188} INFO - [2025-07-24T20:54:58.293+0000] {dagbag.py:545} INFO - Filling up the DagBag from /home/airflow/.local/lib/python3.12/site-packages/airflow/example_dags/example_skip_dag.py
[2025-07-24T20:54:58.296+0000] {processor.py:840} INFO - DAG(s) 'example_skip_dag' retrieved from /home/airflow/.local/lib/python3.12/site-packages/airflow/example_dags/example_skip_dag.py
[2025-07-24T20:54:58.308+0000] {logging_mixin.py:188} INFO - [2025-07-24T20:54:58.308+0000] {dag.py:3096} INFO - Sync 1 DAGs
[2025-07-24T20:54:58.318+0000] {logging_mixin.py:188} INFO - [2025-07-24T20:54:58.318+0000] {dag.py:3954} INFO - Setting next_dagrun for example_skip_dag to 2025-07-23 00:00:00+00:00, run_after=2025-07-24 00:00:00+00:00
[2025-07-24T20:54:58.326+0000] {processor.py:183} INFO - Processing /home/airflow/.local/lib/python3.12/site-packages/airflow/example_dags/example_skip_dag.py took 0.038 seconds
[2025-07-24T20:55:29.065+0000] {processor.py:161} INFO - Started process (PID=1438) to work on /home/airflow/.local/lib/python3.12/site-packages/airflow/example_dags/example_skip_dag.py
[2025-07-24T20:55:29.066+0000] {processor.py:830} INFO - Processing file /home/airflow/.local/lib/python3.12/site-packages/airflow/example_dags/example_skip_dag.py for tasks to queue
[2025-07-24T20:55:29.067+0000] {logging_mixin.py:188} INFO - [2025-07-24T20:55:29.067+0000] {dagbag.py:545} INFO - Filling up the DagBag from /home/airflow/.local/lib/python3.12/site-packages/airflow/example_dags/example_skip_dag.py
[2025-07-24T20:55:29.072+0000] {processor.py:840} INFO - DAG(s) 'example_skip_dag' retrieved from /home/airflow/.local/lib/python3.12/site-packages/airflow/example_dags/example_skip_dag.py
[2025-07-24T20:55:29.085+0000] {logging_mixin.py:188} INFO - [2025-07-24T20:55:29.085+0000] {dag.py:3096} INFO - Sync 1 DAGs
[2025-07-24T20:55:29.097+0000] {logging_mixin.py:188} INFO - [2025-07-24T20:55:29.097+0000] {dag.py:3954} INFO - Setting next_dagrun for example_skip_dag to 2025-07-23 00:00:00+00:00, run_after=2025-07-24 00:00:00+00:00
[2025-07-24T20:55:29.108+0000] {processor.py:183} INFO - Processing /home/airflow/.local/lib/python3.12/site-packages/airflow/example_dags/example_skip_dag.py took 0.046 seconds
[2025-07-24T20:55:59.953+0000] {processor.py:161} INFO - Started process (PID=1496) to work on /home/airflow/.local/lib/python3.12/site-packages/airflow/example_dags/example_skip_dag.py
[2025-07-24T20:55:59.954+0000] {processor.py:830} INFO - Processing file /home/airflow/.local/lib/python3.12/site-packages/airflow/example_dags/example_skip_dag.py for tasks to queue
[2025-07-24T20:55:59.955+0000] {logging_mixin.py:188} INFO - [2025-07-24T20:55:59.955+0000] {dagbag.py:545} INFO - Filling up the DagBag from /home/airflow/.local/lib/python3.12/site-packages/airflow/example_dags/example_skip_dag.py
[2025-07-24T20:55:59.959+0000] {processor.py:840} INFO - DAG(s) 'example_skip_dag' retrieved from /home/airflow/.local/lib/python3.12/site-packages/airflow/example_dags/example_skip_dag.py
[2025-07-24T20:55:59.973+0000] {logging_mixin.py:188} INFO - [2025-07-24T20:55:59.973+0000] {dag.py:3096} INFO - Sync 1 DAGs
[2025-07-24T20:55:59.986+0000] {logging_mixin.py:188} INFO - [2025-07-24T20:55:59.986+0000] {dag.py:3954} INFO - Setting next_dagrun for example_skip_dag to 2025-07-23 00:00:00+00:00, run_after=2025-07-24 00:00:00+00:00
[2025-07-24T20:55:59.995+0000] {processor.py:183} INFO - Processing /home/airflow/.local/lib/python3.12/site-packages/airflow/example_dags/example_skip_dag.py took 0.045 seconds
