[2025-07-24T20:31:49.538+0000] {processor.py:161} INFO - Started process (PID=90) to work on /home/airflow/.local/lib/python3.12/site-packages/airflow/example_dags/example_task_group_decorator.py
[2025-07-24T20:31:49.538+0000] {processor.py:830} INFO - Processing file /home/airflow/.local/lib/python3.12/site-packages/airflow/example_dags/example_task_group_decorator.py for tasks to queue
[2025-07-24T20:31:49.539+0000] {logging_mixin.py:188} INFO - [2025-07-24T20:31:49.539+0000] {dagbag.py:545} INFO - Filling up the DagBag from /home/airflow/.local/lib/python3.12/site-packages/airflow/example_dags/example_task_group_decorator.py
[2025-07-24T20:31:49.547+0000] {processor.py:840} INFO - DAG(s) 'example_task_group_decorator' retrieved from /home/airflow/.local/lib/python3.12/site-packages/airflow/example_dags/example_task_group_decorator.py
[2025-07-24T20:31:49.554+0000] {logging_mixin.py:188} INFO - [2025-07-24T20:31:49.554+0000] {dag.py:3096} INFO - Sync 1 DAGs
[2025-07-24T20:31:49.565+0000] {logging_mixin.py:188} INFO - [2025-07-24T20:31:49.565+0000] {dag.py:3954} INFO - Setting next_dagrun for example_task_group_decorator to 2025-07-23 00:00:00+00:00, run_after=2025-07-24 00:00:00+00:00
[2025-07-24T20:31:49.574+0000] {processor.py:183} INFO - Processing /home/airflow/.local/lib/python3.12/site-packages/airflow/example_dags/example_task_group_decorator.py took 0.039 seconds
[2025-07-24T20:32:21.384+0000] {processor.py:161} INFO - Started process (PID=148) to work on /home/airflow/.local/lib/python3.12/site-packages/airflow/example_dags/example_task_group_decorator.py
[2025-07-24T20:32:21.385+0000] {processor.py:830} INFO - Processing file /home/airflow/.local/lib/python3.12/site-packages/airflow/example_dags/example_task_group_decorator.py for tasks to queue
[2025-07-24T20:32:21.386+0000] {logging_mixin.py:188} INFO - [2025-07-24T20:32:21.386+0000] {dagbag.py:545} INFO - Filling up the DagBag from /home/airflow/.local/lib/python3.12/site-packages/airflow/example_dags/example_task_group_decorator.py
[2025-07-24T20:32:21.394+0000] {processor.py:840} INFO - DAG(s) 'example_task_group_decorator' retrieved from /home/airflow/.local/lib/python3.12/site-packages/airflow/example_dags/example_task_group_decorator.py
[2025-07-24T20:32:21.452+0000] {logging_mixin.py:188} INFO - [2025-07-24T20:32:21.452+0000] {dag.py:3096} INFO - Sync 1 DAGs
[2025-07-24T20:32:21.462+0000] {logging_mixin.py:188} INFO - [2025-07-24T20:32:21.462+0000] {dag.py:3954} INFO - Setting next_dagrun for example_task_group_decorator to 2025-07-23 00:00:00+00:00, run_after=2025-07-24 00:00:00+00:00
[2025-07-24T20:32:21.471+0000] {processor.py:183} INFO - Processing /home/airflow/.local/lib/python3.12/site-packages/airflow/example_dags/example_task_group_decorator.py took 0.090 seconds
[2025-07-24T20:32:52.418+0000] {processor.py:161} INFO - Started process (PID=206) to work on /home/airflow/.local/lib/python3.12/site-packages/airflow/example_dags/example_task_group_decorator.py
[2025-07-24T20:32:52.418+0000] {processor.py:830} INFO - Processing file /home/airflow/.local/lib/python3.12/site-packages/airflow/example_dags/example_task_group_decorator.py for tasks to queue
[2025-07-24T20:32:52.419+0000] {logging_mixin.py:188} INFO - [2025-07-24T20:32:52.419+0000] {dagbag.py:545} INFO - Filling up the DagBag from /home/airflow/.local/lib/python3.12/site-packages/airflow/example_dags/example_task_group_decorator.py
[2025-07-24T20:32:52.427+0000] {processor.py:840} INFO - DAG(s) 'example_task_group_decorator' retrieved from /home/airflow/.local/lib/python3.12/site-packages/airflow/example_dags/example_task_group_decorator.py
[2025-07-24T20:32:52.441+0000] {logging_mixin.py:188} INFO - [2025-07-24T20:32:52.441+0000] {dag.py:3096} INFO - Sync 1 DAGs
[2025-07-24T20:32:52.453+0000] {logging_mixin.py:188} INFO - [2025-07-24T20:32:52.453+0000] {dag.py:3954} INFO - Setting next_dagrun for example_task_group_decorator to 2025-07-23 00:00:00+00:00, run_after=2025-07-24 00:00:00+00:00
[2025-07-24T20:32:52.462+0000] {processor.py:183} INFO - Processing /home/airflow/.local/lib/python3.12/site-packages/airflow/example_dags/example_task_group_decorator.py took 0.048 seconds
[2025-07-24T20:33:23.159+0000] {processor.py:161} INFO - Started process (PID=264) to work on /home/airflow/.local/lib/python3.12/site-packages/airflow/example_dags/example_task_group_decorator.py
[2025-07-24T20:33:23.160+0000] {processor.py:830} INFO - Processing file /home/airflow/.local/lib/python3.12/site-packages/airflow/example_dags/example_task_group_decorator.py for tasks to queue
[2025-07-24T20:33:23.161+0000] {logging_mixin.py:188} INFO - [2025-07-24T20:33:23.161+0000] {dagbag.py:545} INFO - Filling up the DagBag from /home/airflow/.local/lib/python3.12/site-packages/airflow/example_dags/example_task_group_decorator.py
[2025-07-24T20:33:23.169+0000] {processor.py:840} INFO - DAG(s) 'example_task_group_decorator' retrieved from /home/airflow/.local/lib/python3.12/site-packages/airflow/example_dags/example_task_group_decorator.py
[2025-07-24T20:33:23.185+0000] {logging_mixin.py:188} INFO - [2025-07-24T20:33:23.185+0000] {dag.py:3096} INFO - Sync 1 DAGs
[2025-07-24T20:33:23.198+0000] {logging_mixin.py:188} INFO - [2025-07-24T20:33:23.198+0000] {dag.py:3954} INFO - Setting next_dagrun for example_task_group_decorator to 2025-07-23 00:00:00+00:00, run_after=2025-07-24 00:00:00+00:00
[2025-07-24T20:33:23.208+0000] {processor.py:183} INFO - Processing /home/airflow/.local/lib/python3.12/site-packages/airflow/example_dags/example_task_group_decorator.py took 0.052 seconds
[2025-07-24T20:33:53.960+0000] {processor.py:161} INFO - Started process (PID=322) to work on /home/airflow/.local/lib/python3.12/site-packages/airflow/example_dags/example_task_group_decorator.py
[2025-07-24T20:33:53.965+0000] {processor.py:830} INFO - Processing file /home/airflow/.local/lib/python3.12/site-packages/airflow/example_dags/example_task_group_decorator.py for tasks to queue
[2025-07-24T20:33:53.966+0000] {logging_mixin.py:188} INFO - [2025-07-24T20:33:53.966+0000] {dagbag.py:545} INFO - Filling up the DagBag from /home/airflow/.local/lib/python3.12/site-packages/airflow/example_dags/example_task_group_decorator.py
[2025-07-24T20:33:53.975+0000] {processor.py:840} INFO - DAG(s) 'example_task_group_decorator' retrieved from /home/airflow/.local/lib/python3.12/site-packages/airflow/example_dags/example_task_group_decorator.py
[2025-07-24T20:33:53.989+0000] {logging_mixin.py:188} INFO - [2025-07-24T20:33:53.989+0000] {dag.py:3096} INFO - Sync 1 DAGs
[2025-07-24T20:33:54.002+0000] {logging_mixin.py:188} INFO - [2025-07-24T20:33:54.002+0000] {dag.py:3954} INFO - Setting next_dagrun for example_task_group_decorator to 2025-07-23 00:00:00+00:00, run_after=2025-07-24 00:00:00+00:00
[2025-07-24T20:33:54.011+0000] {processor.py:183} INFO - Processing /home/airflow/.local/lib/python3.12/site-packages/airflow/example_dags/example_task_group_decorator.py took 0.054 seconds
[2025-07-24T20:34:24.701+0000] {processor.py:161} INFO - Started process (PID=380) to work on /home/airflow/.local/lib/python3.12/site-packages/airflow/example_dags/example_task_group_decorator.py
[2025-07-24T20:34:24.702+0000] {processor.py:830} INFO - Processing file /home/airflow/.local/lib/python3.12/site-packages/airflow/example_dags/example_task_group_decorator.py for tasks to queue
[2025-07-24T20:34:24.703+0000] {logging_mixin.py:188} INFO - [2025-07-24T20:34:24.702+0000] {dagbag.py:545} INFO - Filling up the DagBag from /home/airflow/.local/lib/python3.12/site-packages/airflow/example_dags/example_task_group_decorator.py
[2025-07-24T20:34:24.711+0000] {processor.py:840} INFO - DAG(s) 'example_task_group_decorator' retrieved from /home/airflow/.local/lib/python3.12/site-packages/airflow/example_dags/example_task_group_decorator.py
[2025-07-24T20:34:24.726+0000] {logging_mixin.py:188} INFO - [2025-07-24T20:34:24.726+0000] {dag.py:3096} INFO - Sync 1 DAGs
[2025-07-24T20:34:24.738+0000] {logging_mixin.py:188} INFO - [2025-07-24T20:34:24.738+0000] {dag.py:3954} INFO - Setting next_dagrun for example_task_group_decorator to 2025-07-23 00:00:00+00:00, run_after=2025-07-24 00:00:00+00:00
[2025-07-24T20:34:24.748+0000] {processor.py:183} INFO - Processing /home/airflow/.local/lib/python3.12/site-packages/airflow/example_dags/example_task_group_decorator.py took 0.051 seconds
[2025-07-24T20:34:55.477+0000] {processor.py:161} INFO - Started process (PID=438) to work on /home/airflow/.local/lib/python3.12/site-packages/airflow/example_dags/example_task_group_decorator.py
[2025-07-24T20:34:55.477+0000] {processor.py:830} INFO - Processing file /home/airflow/.local/lib/python3.12/site-packages/airflow/example_dags/example_task_group_decorator.py for tasks to queue
[2025-07-24T20:34:55.478+0000] {logging_mixin.py:188} INFO - [2025-07-24T20:34:55.478+0000] {dagbag.py:545} INFO - Filling up the DagBag from /home/airflow/.local/lib/python3.12/site-packages/airflow/example_dags/example_task_group_decorator.py
[2025-07-24T20:34:55.487+0000] {processor.py:840} INFO - DAG(s) 'example_task_group_decorator' retrieved from /home/airflow/.local/lib/python3.12/site-packages/airflow/example_dags/example_task_group_decorator.py
[2025-07-24T20:34:55.503+0000] {logging_mixin.py:188} INFO - [2025-07-24T20:34:55.502+0000] {dag.py:3096} INFO - Sync 1 DAGs
[2025-07-24T20:34:55.515+0000] {logging_mixin.py:188} INFO - [2025-07-24T20:34:55.515+0000] {dag.py:3954} INFO - Setting next_dagrun for example_task_group_decorator to 2025-07-23 00:00:00+00:00, run_after=2025-07-24 00:00:00+00:00
[2025-07-24T20:34:55.526+0000] {processor.py:183} INFO - Processing /home/airflow/.local/lib/python3.12/site-packages/airflow/example_dags/example_task_group_decorator.py took 0.053 seconds
[2025-07-24T20:35:26.303+0000] {processor.py:161} INFO - Started process (PID=496) to work on /home/airflow/.local/lib/python3.12/site-packages/airflow/example_dags/example_task_group_decorator.py
[2025-07-24T20:35:26.304+0000] {processor.py:830} INFO - Processing file /home/airflow/.local/lib/python3.12/site-packages/airflow/example_dags/example_task_group_decorator.py for tasks to queue
[2025-07-24T20:35:26.305+0000] {logging_mixin.py:188} INFO - [2025-07-24T20:35:26.305+0000] {dagbag.py:545} INFO - Filling up the DagBag from /home/airflow/.local/lib/python3.12/site-packages/airflow/example_dags/example_task_group_decorator.py
[2025-07-24T20:35:26.313+0000] {processor.py:840} INFO - DAG(s) 'example_task_group_decorator' retrieved from /home/airflow/.local/lib/python3.12/site-packages/airflow/example_dags/example_task_group_decorator.py
[2025-07-24T20:35:26.328+0000] {logging_mixin.py:188} INFO - [2025-07-24T20:35:26.328+0000] {dag.py:3096} INFO - Sync 1 DAGs
[2025-07-24T20:35:26.340+0000] {logging_mixin.py:188} INFO - [2025-07-24T20:35:26.339+0000] {dag.py:3954} INFO - Setting next_dagrun for example_task_group_decorator to 2025-07-23 00:00:00+00:00, run_after=2025-07-24 00:00:00+00:00
[2025-07-24T20:35:26.349+0000] {processor.py:183} INFO - Processing /home/airflow/.local/lib/python3.12/site-packages/airflow/example_dags/example_task_group_decorator.py took 0.050 seconds
[2025-07-24T20:36:45.089+0000] {processor.py:161} INFO - Started process (PID=83) to work on /home/airflow/.local/lib/python3.12/site-packages/airflow/example_dags/example_task_group_decorator.py
[2025-07-24T20:36:45.089+0000] {processor.py:830} INFO - Processing file /home/airflow/.local/lib/python3.12/site-packages/airflow/example_dags/example_task_group_decorator.py for tasks to queue
[2025-07-24T20:36:45.090+0000] {logging_mixin.py:188} INFO - [2025-07-24T20:36:45.090+0000] {dagbag.py:545} INFO - Filling up the DagBag from /home/airflow/.local/lib/python3.12/site-packages/airflow/example_dags/example_task_group_decorator.py
[2025-07-24T20:36:45.098+0000] {processor.py:840} INFO - DAG(s) 'example_task_group_decorator' retrieved from /home/airflow/.local/lib/python3.12/site-packages/airflow/example_dags/example_task_group_decorator.py
[2025-07-24T20:36:45.105+0000] {logging_mixin.py:188} INFO - [2025-07-24T20:36:45.105+0000] {dag.py:3096} INFO - Sync 1 DAGs
[2025-07-24T20:36:45.116+0000] {logging_mixin.py:188} INFO - [2025-07-24T20:36:45.116+0000] {dag.py:3954} INFO - Setting next_dagrun for example_task_group_decorator to 2025-07-23 00:00:00+00:00, run_after=2025-07-24 00:00:00+00:00
[2025-07-24T20:36:45.126+0000] {processor.py:183} INFO - Processing /home/airflow/.local/lib/python3.12/site-packages/airflow/example_dags/example_task_group_decorator.py took 0.040 seconds
[2025-07-24T20:37:15.673+0000] {processor.py:161} INFO - Started process (PID=141) to work on /home/airflow/.local/lib/python3.12/site-packages/airflow/example_dags/example_task_group_decorator.py
[2025-07-24T20:37:15.673+0000] {processor.py:830} INFO - Processing file /home/airflow/.local/lib/python3.12/site-packages/airflow/example_dags/example_task_group_decorator.py for tasks to queue
[2025-07-24T20:37:15.674+0000] {logging_mixin.py:188} INFO - [2025-07-24T20:37:15.674+0000] {dagbag.py:545} INFO - Filling up the DagBag from /home/airflow/.local/lib/python3.12/site-packages/airflow/example_dags/example_task_group_decorator.py
[2025-07-24T20:37:15.681+0000] {processor.py:840} INFO - DAG(s) 'example_task_group_decorator' retrieved from /home/airflow/.local/lib/python3.12/site-packages/airflow/example_dags/example_task_group_decorator.py
[2025-07-24T20:37:15.687+0000] {logging_mixin.py:188} INFO - [2025-07-24T20:37:15.687+0000] {dag.py:3096} INFO - Sync 1 DAGs
[2025-07-24T20:37:15.698+0000] {logging_mixin.py:188} INFO - [2025-07-24T20:37:15.698+0000] {dag.py:3954} INFO - Setting next_dagrun for example_task_group_decorator to 2025-07-23 00:00:00+00:00, run_after=2025-07-24 00:00:00+00:00
[2025-07-24T20:37:15.707+0000] {processor.py:183} INFO - Processing /home/airflow/.local/lib/python3.12/site-packages/airflow/example_dags/example_task_group_decorator.py took 0.038 seconds
[2025-07-24T20:37:47.456+0000] {processor.py:161} INFO - Started process (PID=205) to work on /home/airflow/.local/lib/python3.12/site-packages/airflow/example_dags/example_task_group_decorator.py
[2025-07-24T20:37:47.456+0000] {processor.py:830} INFO - Processing file /home/airflow/.local/lib/python3.12/site-packages/airflow/example_dags/example_task_group_decorator.py for tasks to queue
[2025-07-24T20:37:47.457+0000] {logging_mixin.py:188} INFO - [2025-07-24T20:37:47.457+0000] {dagbag.py:545} INFO - Filling up the DagBag from /home/airflow/.local/lib/python3.12/site-packages/airflow/example_dags/example_task_group_decorator.py
[2025-07-24T20:37:47.464+0000] {processor.py:840} INFO - DAG(s) 'example_task_group_decorator' retrieved from /home/airflow/.local/lib/python3.12/site-packages/airflow/example_dags/example_task_group_decorator.py
[2025-07-24T20:37:47.520+0000] {logging_mixin.py:188} INFO - [2025-07-24T20:37:47.520+0000] {dag.py:3096} INFO - Sync 1 DAGs
[2025-07-24T20:37:47.529+0000] {logging_mixin.py:188} INFO - [2025-07-24T20:37:47.529+0000] {dag.py:3954} INFO - Setting next_dagrun for example_task_group_decorator to 2025-07-23 00:00:00+00:00, run_after=2025-07-24 00:00:00+00:00
[2025-07-24T20:37:47.538+0000] {processor.py:183} INFO - Processing /home/airflow/.local/lib/python3.12/site-packages/airflow/example_dags/example_task_group_decorator.py took 0.085 seconds
[2025-07-24T20:38:18.248+0000] {processor.py:161} INFO - Started process (PID=263) to work on /home/airflow/.local/lib/python3.12/site-packages/airflow/example_dags/example_task_group_decorator.py
[2025-07-24T20:38:18.249+0000] {processor.py:830} INFO - Processing file /home/airflow/.local/lib/python3.12/site-packages/airflow/example_dags/example_task_group_decorator.py for tasks to queue
[2025-07-24T20:38:18.250+0000] {logging_mixin.py:188} INFO - [2025-07-24T20:38:18.250+0000] {dagbag.py:545} INFO - Filling up the DagBag from /home/airflow/.local/lib/python3.12/site-packages/airflow/example_dags/example_task_group_decorator.py
[2025-07-24T20:38:18.258+0000] {processor.py:840} INFO - DAG(s) 'example_task_group_decorator' retrieved from /home/airflow/.local/lib/python3.12/site-packages/airflow/example_dags/example_task_group_decorator.py
[2025-07-24T20:38:18.273+0000] {logging_mixin.py:188} INFO - [2025-07-24T20:38:18.273+0000] {dag.py:3096} INFO - Sync 1 DAGs
[2025-07-24T20:38:18.285+0000] {logging_mixin.py:188} INFO - [2025-07-24T20:38:18.285+0000] {dag.py:3954} INFO - Setting next_dagrun for example_task_group_decorator to 2025-07-23 00:00:00+00:00, run_after=2025-07-24 00:00:00+00:00
[2025-07-24T20:38:18.294+0000] {processor.py:183} INFO - Processing /home/airflow/.local/lib/python3.12/site-packages/airflow/example_dags/example_task_group_decorator.py took 0.050 seconds
[2025-07-24T20:38:48.954+0000] {processor.py:161} INFO - Started process (PID=321) to work on /home/airflow/.local/lib/python3.12/site-packages/airflow/example_dags/example_task_group_decorator.py
[2025-07-24T20:38:48.954+0000] {processor.py:830} INFO - Processing file /home/airflow/.local/lib/python3.12/site-packages/airflow/example_dags/example_task_group_decorator.py for tasks to queue
[2025-07-24T20:38:48.955+0000] {logging_mixin.py:188} INFO - [2025-07-24T20:38:48.955+0000] {dagbag.py:545} INFO - Filling up the DagBag from /home/airflow/.local/lib/python3.12/site-packages/airflow/example_dags/example_task_group_decorator.py
[2025-07-24T20:38:48.963+0000] {processor.py:840} INFO - DAG(s) 'example_task_group_decorator' retrieved from /home/airflow/.local/lib/python3.12/site-packages/airflow/example_dags/example_task_group_decorator.py
[2025-07-24T20:38:48.977+0000] {logging_mixin.py:188} INFO - [2025-07-24T20:38:48.977+0000] {dag.py:3096} INFO - Sync 1 DAGs
[2025-07-24T20:38:48.989+0000] {logging_mixin.py:188} INFO - [2025-07-24T20:38:48.989+0000] {dag.py:3954} INFO - Setting next_dagrun for example_task_group_decorator to 2025-07-23 00:00:00+00:00, run_after=2025-07-24 00:00:00+00:00
[2025-07-24T20:38:48.997+0000] {processor.py:183} INFO - Processing /home/airflow/.local/lib/python3.12/site-packages/airflow/example_dags/example_task_group_decorator.py took 0.047 seconds
[2025-07-24T20:39:19.741+0000] {processor.py:161} INFO - Started process (PID=379) to work on /home/airflow/.local/lib/python3.12/site-packages/airflow/example_dags/example_task_group_decorator.py
[2025-07-24T20:39:19.741+0000] {processor.py:830} INFO - Processing file /home/airflow/.local/lib/python3.12/site-packages/airflow/example_dags/example_task_group_decorator.py for tasks to queue
[2025-07-24T20:39:19.742+0000] {logging_mixin.py:188} INFO - [2025-07-24T20:39:19.742+0000] {dagbag.py:545} INFO - Filling up the DagBag from /home/airflow/.local/lib/python3.12/site-packages/airflow/example_dags/example_task_group_decorator.py
[2025-07-24T20:39:19.749+0000] {processor.py:840} INFO - DAG(s) 'example_task_group_decorator' retrieved from /home/airflow/.local/lib/python3.12/site-packages/airflow/example_dags/example_task_group_decorator.py
[2025-07-24T20:39:19.763+0000] {logging_mixin.py:188} INFO - [2025-07-24T20:39:19.763+0000] {dag.py:3096} INFO - Sync 1 DAGs
[2025-07-24T20:39:19.775+0000] {logging_mixin.py:188} INFO - [2025-07-24T20:39:19.775+0000] {dag.py:3954} INFO - Setting next_dagrun for example_task_group_decorator to 2025-07-23 00:00:00+00:00, run_after=2025-07-24 00:00:00+00:00
[2025-07-24T20:39:19.784+0000] {processor.py:183} INFO - Processing /home/airflow/.local/lib/python3.12/site-packages/airflow/example_dags/example_task_group_decorator.py took 0.047 seconds
[2025-07-24T20:39:50.432+0000] {processor.py:161} INFO - Started process (PID=437) to work on /home/airflow/.local/lib/python3.12/site-packages/airflow/example_dags/example_task_group_decorator.py
[2025-07-24T20:39:50.433+0000] {processor.py:830} INFO - Processing file /home/airflow/.local/lib/python3.12/site-packages/airflow/example_dags/example_task_group_decorator.py for tasks to queue
[2025-07-24T20:39:50.434+0000] {logging_mixin.py:188} INFO - [2025-07-24T20:39:50.434+0000] {dagbag.py:545} INFO - Filling up the DagBag from /home/airflow/.local/lib/python3.12/site-packages/airflow/example_dags/example_task_group_decorator.py
[2025-07-24T20:39:50.440+0000] {processor.py:840} INFO - DAG(s) 'example_task_group_decorator' retrieved from /home/airflow/.local/lib/python3.12/site-packages/airflow/example_dags/example_task_group_decorator.py
[2025-07-24T20:39:50.454+0000] {logging_mixin.py:188} INFO - [2025-07-24T20:39:50.454+0000] {dag.py:3096} INFO - Sync 1 DAGs
[2025-07-24T20:39:50.465+0000] {logging_mixin.py:188} INFO - [2025-07-24T20:39:50.465+0000] {dag.py:3954} INFO - Setting next_dagrun for example_task_group_decorator to 2025-07-23 00:00:00+00:00, run_after=2025-07-24 00:00:00+00:00
[2025-07-24T20:39:50.473+0000] {processor.py:183} INFO - Processing /home/airflow/.local/lib/python3.12/site-packages/airflow/example_dags/example_task_group_decorator.py took 0.044 seconds
[2025-07-24T20:40:21.142+0000] {processor.py:161} INFO - Started process (PID=495) to work on /home/airflow/.local/lib/python3.12/site-packages/airflow/example_dags/example_task_group_decorator.py
[2025-07-24T20:40:21.143+0000] {processor.py:830} INFO - Processing file /home/airflow/.local/lib/python3.12/site-packages/airflow/example_dags/example_task_group_decorator.py for tasks to queue
[2025-07-24T20:40:21.144+0000] {logging_mixin.py:188} INFO - [2025-07-24T20:40:21.144+0000] {dagbag.py:545} INFO - Filling up the DagBag from /home/airflow/.local/lib/python3.12/site-packages/airflow/example_dags/example_task_group_decorator.py
[2025-07-24T20:40:21.152+0000] {processor.py:840} INFO - DAG(s) 'example_task_group_decorator' retrieved from /home/airflow/.local/lib/python3.12/site-packages/airflow/example_dags/example_task_group_decorator.py
[2025-07-24T20:40:21.168+0000] {logging_mixin.py:188} INFO - [2025-07-24T20:40:21.168+0000] {dag.py:3096} INFO - Sync 1 DAGs
[2025-07-24T20:40:21.180+0000] {logging_mixin.py:188} INFO - [2025-07-24T20:40:21.180+0000] {dag.py:3954} INFO - Setting next_dagrun for example_task_group_decorator to 2025-07-23 00:00:00+00:00, run_after=2025-07-24 00:00:00+00:00
[2025-07-24T20:40:21.191+0000] {processor.py:183} INFO - Processing /home/airflow/.local/lib/python3.12/site-packages/airflow/example_dags/example_task_group_decorator.py took 0.052 seconds
[2025-07-24T20:40:52.101+0000] {processor.py:161} INFO - Started process (PID=553) to work on /home/airflow/.local/lib/python3.12/site-packages/airflow/example_dags/example_task_group_decorator.py
[2025-07-24T20:40:52.101+0000] {processor.py:830} INFO - Processing file /home/airflow/.local/lib/python3.12/site-packages/airflow/example_dags/example_task_group_decorator.py for tasks to queue
[2025-07-24T20:40:52.102+0000] {logging_mixin.py:188} INFO - [2025-07-24T20:40:52.102+0000] {dagbag.py:545} INFO - Filling up the DagBag from /home/airflow/.local/lib/python3.12/site-packages/airflow/example_dags/example_task_group_decorator.py
[2025-07-24T20:40:52.109+0000] {processor.py:840} INFO - DAG(s) 'example_task_group_decorator' retrieved from /home/airflow/.local/lib/python3.12/site-packages/airflow/example_dags/example_task_group_decorator.py
[2025-07-24T20:40:52.122+0000] {logging_mixin.py:188} INFO - [2025-07-24T20:40:52.122+0000] {dag.py:3096} INFO - Sync 1 DAGs
[2025-07-24T20:40:52.132+0000] {logging_mixin.py:188} INFO - [2025-07-24T20:40:52.132+0000] {dag.py:3954} INFO - Setting next_dagrun for example_task_group_decorator to 2025-07-23 00:00:00+00:00, run_after=2025-07-24 00:00:00+00:00
[2025-07-24T20:40:52.141+0000] {processor.py:183} INFO - Processing /home/airflow/.local/lib/python3.12/site-packages/airflow/example_dags/example_task_group_decorator.py took 0.043 seconds
[2025-07-24T20:41:23.118+0000] {processor.py:161} INFO - Started process (PID=611) to work on /home/airflow/.local/lib/python3.12/site-packages/airflow/example_dags/example_task_group_decorator.py
[2025-07-24T20:41:23.118+0000] {processor.py:830} INFO - Processing file /home/airflow/.local/lib/python3.12/site-packages/airflow/example_dags/example_task_group_decorator.py for tasks to queue
[2025-07-24T20:41:23.119+0000] {logging_mixin.py:188} INFO - [2025-07-24T20:41:23.119+0000] {dagbag.py:545} INFO - Filling up the DagBag from /home/airflow/.local/lib/python3.12/site-packages/airflow/example_dags/example_task_group_decorator.py
[2025-07-24T20:41:23.127+0000] {processor.py:840} INFO - DAG(s) 'example_task_group_decorator' retrieved from /home/airflow/.local/lib/python3.12/site-packages/airflow/example_dags/example_task_group_decorator.py
[2025-07-24T20:41:23.141+0000] {logging_mixin.py:188} INFO - [2025-07-24T20:41:23.141+0000] {dag.py:3096} INFO - Sync 1 DAGs
[2025-07-24T20:41:23.151+0000] {logging_mixin.py:188} INFO - [2025-07-24T20:41:23.151+0000] {dag.py:3954} INFO - Setting next_dagrun for example_task_group_decorator to 2025-07-23 00:00:00+00:00, run_after=2025-07-24 00:00:00+00:00
[2025-07-24T20:41:23.160+0000] {processor.py:183} INFO - Processing /home/airflow/.local/lib/python3.12/site-packages/airflow/example_dags/example_task_group_decorator.py took 0.046 seconds
[2025-07-24T20:41:53.860+0000] {processor.py:161} INFO - Started process (PID=669) to work on /home/airflow/.local/lib/python3.12/site-packages/airflow/example_dags/example_task_group_decorator.py
[2025-07-24T20:41:53.861+0000] {processor.py:830} INFO - Processing file /home/airflow/.local/lib/python3.12/site-packages/airflow/example_dags/example_task_group_decorator.py for tasks to queue
[2025-07-24T20:41:53.862+0000] {logging_mixin.py:188} INFO - [2025-07-24T20:41:53.862+0000] {dagbag.py:545} INFO - Filling up the DagBag from /home/airflow/.local/lib/python3.12/site-packages/airflow/example_dags/example_task_group_decorator.py
[2025-07-24T20:41:53.869+0000] {processor.py:840} INFO - DAG(s) 'example_task_group_decorator' retrieved from /home/airflow/.local/lib/python3.12/site-packages/airflow/example_dags/example_task_group_decorator.py
[2025-07-24T20:41:53.883+0000] {logging_mixin.py:188} INFO - [2025-07-24T20:41:53.883+0000] {dag.py:3096} INFO - Sync 1 DAGs
[2025-07-24T20:41:53.893+0000] {logging_mixin.py:188} INFO - [2025-07-24T20:41:53.893+0000] {dag.py:3954} INFO - Setting next_dagrun for example_task_group_decorator to 2025-07-23 00:00:00+00:00, run_after=2025-07-24 00:00:00+00:00
[2025-07-24T20:41:53.903+0000] {processor.py:183} INFO - Processing /home/airflow/.local/lib/python3.12/site-packages/airflow/example_dags/example_task_group_decorator.py took 0.045 seconds
[2025-07-24T20:42:24.840+0000] {processor.py:161} INFO - Started process (PID=727) to work on /home/airflow/.local/lib/python3.12/site-packages/airflow/example_dags/example_task_group_decorator.py
[2025-07-24T20:42:24.840+0000] {processor.py:830} INFO - Processing file /home/airflow/.local/lib/python3.12/site-packages/airflow/example_dags/example_task_group_decorator.py for tasks to queue
[2025-07-24T20:42:24.841+0000] {logging_mixin.py:188} INFO - [2025-07-24T20:42:24.841+0000] {dagbag.py:545} INFO - Filling up the DagBag from /home/airflow/.local/lib/python3.12/site-packages/airflow/example_dags/example_task_group_decorator.py
[2025-07-24T20:42:24.848+0000] {processor.py:840} INFO - DAG(s) 'example_task_group_decorator' retrieved from /home/airflow/.local/lib/python3.12/site-packages/airflow/example_dags/example_task_group_decorator.py
[2025-07-24T20:42:24.860+0000] {logging_mixin.py:188} INFO - [2025-07-24T20:42:24.860+0000] {dag.py:3096} INFO - Sync 1 DAGs
[2025-07-24T20:42:24.871+0000] {logging_mixin.py:188} INFO - [2025-07-24T20:42:24.871+0000] {dag.py:3954} INFO - Setting next_dagrun for example_task_group_decorator to 2025-07-23 00:00:00+00:00, run_after=2025-07-24 00:00:00+00:00
[2025-07-24T20:42:24.879+0000] {processor.py:183} INFO - Processing /home/airflow/.local/lib/python3.12/site-packages/airflow/example_dags/example_task_group_decorator.py took 0.042 seconds
[2025-07-24T20:43:17.596+0000] {processor.py:161} INFO - Started process (PID=83) to work on /home/airflow/.local/lib/python3.12/site-packages/airflow/example_dags/example_task_group_decorator.py
[2025-07-24T20:43:17.597+0000] {processor.py:830} INFO - Processing file /home/airflow/.local/lib/python3.12/site-packages/airflow/example_dags/example_task_group_decorator.py for tasks to queue
[2025-07-24T20:43:17.598+0000] {logging_mixin.py:188} INFO - [2025-07-24T20:43:17.598+0000] {dagbag.py:545} INFO - Filling up the DagBag from /home/airflow/.local/lib/python3.12/site-packages/airflow/example_dags/example_task_group_decorator.py
[2025-07-24T20:43:17.605+0000] {processor.py:840} INFO - DAG(s) 'example_task_group_decorator' retrieved from /home/airflow/.local/lib/python3.12/site-packages/airflow/example_dags/example_task_group_decorator.py
[2025-07-24T20:43:17.612+0000] {logging_mixin.py:188} INFO - [2025-07-24T20:43:17.612+0000] {dag.py:3096} INFO - Sync 1 DAGs
[2025-07-24T20:43:17.625+0000] {logging_mixin.py:188} INFO - [2025-07-24T20:43:17.625+0000] {dag.py:3954} INFO - Setting next_dagrun for example_task_group_decorator to 2025-07-23 00:00:00+00:00, run_after=2025-07-24 00:00:00+00:00
[2025-07-24T20:43:17.634+0000] {processor.py:183} INFO - Processing /home/airflow/.local/lib/python3.12/site-packages/airflow/example_dags/example_task_group_decorator.py took 0.041 seconds
[2025-07-24T20:43:49.357+0000] {processor.py:161} INFO - Started process (PID=141) to work on /home/airflow/.local/lib/python3.12/site-packages/airflow/example_dags/example_task_group_decorator.py
[2025-07-24T20:43:49.357+0000] {processor.py:830} INFO - Processing file /home/airflow/.local/lib/python3.12/site-packages/airflow/example_dags/example_task_group_decorator.py for tasks to queue
[2025-07-24T20:43:49.358+0000] {logging_mixin.py:188} INFO - [2025-07-24T20:43:49.358+0000] {dagbag.py:545} INFO - Filling up the DagBag from /home/airflow/.local/lib/python3.12/site-packages/airflow/example_dags/example_task_group_decorator.py
[2025-07-24T20:43:49.366+0000] {processor.py:840} INFO - DAG(s) 'example_task_group_decorator' retrieved from /home/airflow/.local/lib/python3.12/site-packages/airflow/example_dags/example_task_group_decorator.py
[2025-07-24T20:43:49.429+0000] {logging_mixin.py:188} INFO - [2025-07-24T20:43:49.429+0000] {dag.py:3096} INFO - Sync 1 DAGs
[2025-07-24T20:43:49.440+0000] {logging_mixin.py:188} INFO - [2025-07-24T20:43:49.440+0000] {dag.py:3954} INFO - Setting next_dagrun for example_task_group_decorator to 2025-07-23 00:00:00+00:00, run_after=2025-07-24 00:00:00+00:00
[2025-07-24T20:43:49.450+0000] {processor.py:183} INFO - Processing /home/airflow/.local/lib/python3.12/site-packages/airflow/example_dags/example_task_group_decorator.py took 0.098 seconds
[2025-07-24T20:44:19.613+0000] {processor.py:161} INFO - Started process (PID=199) to work on /home/airflow/.local/lib/python3.12/site-packages/airflow/example_dags/example_task_group_decorator.py
[2025-07-24T20:44:19.613+0000] {processor.py:830} INFO - Processing file /home/airflow/.local/lib/python3.12/site-packages/airflow/example_dags/example_task_group_decorator.py for tasks to queue
[2025-07-24T20:44:19.614+0000] {logging_mixin.py:188} INFO - [2025-07-24T20:44:19.614+0000] {dagbag.py:545} INFO - Filling up the DagBag from /home/airflow/.local/lib/python3.12/site-packages/airflow/example_dags/example_task_group_decorator.py
[2025-07-24T20:44:19.621+0000] {processor.py:840} INFO - DAG(s) 'example_task_group_decorator' retrieved from /home/airflow/.local/lib/python3.12/site-packages/airflow/example_dags/example_task_group_decorator.py
[2025-07-24T20:44:19.634+0000] {logging_mixin.py:188} INFO - [2025-07-24T20:44:19.634+0000] {dag.py:3096} INFO - Sync 1 DAGs
[2025-07-24T20:44:19.645+0000] {logging_mixin.py:188} INFO - [2025-07-24T20:44:19.645+0000] {dag.py:3954} INFO - Setting next_dagrun for example_task_group_decorator to 2025-07-23 00:00:00+00:00, run_after=2025-07-24 00:00:00+00:00
[2025-07-24T20:44:19.653+0000] {processor.py:183} INFO - Processing /home/airflow/.local/lib/python3.12/site-packages/airflow/example_dags/example_task_group_decorator.py took 0.044 seconds
[2025-07-24T20:44:49.792+0000] {processor.py:161} INFO - Started process (PID=257) to work on /home/airflow/.local/lib/python3.12/site-packages/airflow/example_dags/example_task_group_decorator.py
[2025-07-24T20:44:49.793+0000] {processor.py:830} INFO - Processing file /home/airflow/.local/lib/python3.12/site-packages/airflow/example_dags/example_task_group_decorator.py for tasks to queue
[2025-07-24T20:44:49.793+0000] {logging_mixin.py:188} INFO - [2025-07-24T20:44:49.793+0000] {dagbag.py:545} INFO - Filling up the DagBag from /home/airflow/.local/lib/python3.12/site-packages/airflow/example_dags/example_task_group_decorator.py
[2025-07-24T20:44:49.800+0000] {processor.py:840} INFO - DAG(s) 'example_task_group_decorator' retrieved from /home/airflow/.local/lib/python3.12/site-packages/airflow/example_dags/example_task_group_decorator.py
[2025-07-24T20:44:49.812+0000] {logging_mixin.py:188} INFO - [2025-07-24T20:44:49.812+0000] {dag.py:3096} INFO - Sync 1 DAGs
[2025-07-24T20:44:49.822+0000] {logging_mixin.py:188} INFO - [2025-07-24T20:44:49.822+0000] {dag.py:3954} INFO - Setting next_dagrun for example_task_group_decorator to 2025-07-23 00:00:00+00:00, run_after=2025-07-24 00:00:00+00:00
[2025-07-24T20:44:49.830+0000] {processor.py:183} INFO - Processing /home/airflow/.local/lib/python3.12/site-packages/airflow/example_dags/example_task_group_decorator.py took 0.041 seconds
[2025-07-24T20:45:20.666+0000] {processor.py:161} INFO - Started process (PID=321) to work on /home/airflow/.local/lib/python3.12/site-packages/airflow/example_dags/example_task_group_decorator.py
[2025-07-24T20:45:20.667+0000] {processor.py:830} INFO - Processing file /home/airflow/.local/lib/python3.12/site-packages/airflow/example_dags/example_task_group_decorator.py for tasks to queue
[2025-07-24T20:45:20.667+0000] {logging_mixin.py:188} INFO - [2025-07-24T20:45:20.667+0000] {dagbag.py:545} INFO - Filling up the DagBag from /home/airflow/.local/lib/python3.12/site-packages/airflow/example_dags/example_task_group_decorator.py
[2025-07-24T20:45:20.674+0000] {processor.py:840} INFO - DAG(s) 'example_task_group_decorator' retrieved from /home/airflow/.local/lib/python3.12/site-packages/airflow/example_dags/example_task_group_decorator.py
[2025-07-24T20:45:20.687+0000] {logging_mixin.py:188} INFO - [2025-07-24T20:45:20.687+0000] {dag.py:3096} INFO - Sync 1 DAGs
[2025-07-24T20:45:20.699+0000] {logging_mixin.py:188} INFO - [2025-07-24T20:45:20.699+0000] {dag.py:3954} INFO - Setting next_dagrun for example_task_group_decorator to 2025-07-23 00:00:00+00:00, run_after=2025-07-24 00:00:00+00:00
[2025-07-24T20:45:20.707+0000] {processor.py:183} INFO - Processing /home/airflow/.local/lib/python3.12/site-packages/airflow/example_dags/example_task_group_decorator.py took 0.045 seconds
[2025-07-24T20:45:51.250+0000] {processor.py:161} INFO - Started process (PID=379) to work on /home/airflow/.local/lib/python3.12/site-packages/airflow/example_dags/example_task_group_decorator.py
[2025-07-24T20:45:51.250+0000] {processor.py:830} INFO - Processing file /home/airflow/.local/lib/python3.12/site-packages/airflow/example_dags/example_task_group_decorator.py for tasks to queue
[2025-07-24T20:45:51.251+0000] {logging_mixin.py:188} INFO - [2025-07-24T20:45:51.251+0000] {dagbag.py:545} INFO - Filling up the DagBag from /home/airflow/.local/lib/python3.12/site-packages/airflow/example_dags/example_task_group_decorator.py
[2025-07-24T20:45:51.257+0000] {processor.py:840} INFO - DAG(s) 'example_task_group_decorator' retrieved from /home/airflow/.local/lib/python3.12/site-packages/airflow/example_dags/example_task_group_decorator.py
[2025-07-24T20:45:51.270+0000] {logging_mixin.py:188} INFO - [2025-07-24T20:45:51.270+0000] {dag.py:3096} INFO - Sync 1 DAGs
[2025-07-24T20:45:51.280+0000] {logging_mixin.py:188} INFO - [2025-07-24T20:45:51.279+0000] {dag.py:3954} INFO - Setting next_dagrun for example_task_group_decorator to 2025-07-23 00:00:00+00:00, run_after=2025-07-24 00:00:00+00:00
[2025-07-24T20:45:51.288+0000] {processor.py:183} INFO - Processing /home/airflow/.local/lib/python3.12/site-packages/airflow/example_dags/example_task_group_decorator.py took 0.042 seconds
[2025-07-24T20:46:22.003+0000] {processor.py:161} INFO - Started process (PID=437) to work on /home/airflow/.local/lib/python3.12/site-packages/airflow/example_dags/example_task_group_decorator.py
[2025-07-24T20:46:22.003+0000] {processor.py:830} INFO - Processing file /home/airflow/.local/lib/python3.12/site-packages/airflow/example_dags/example_task_group_decorator.py for tasks to queue
[2025-07-24T20:46:22.004+0000] {logging_mixin.py:188} INFO - [2025-07-24T20:46:22.004+0000] {dagbag.py:545} INFO - Filling up the DagBag from /home/airflow/.local/lib/python3.12/site-packages/airflow/example_dags/example_task_group_decorator.py
[2025-07-24T20:46:22.011+0000] {processor.py:840} INFO - DAG(s) 'example_task_group_decorator' retrieved from /home/airflow/.local/lib/python3.12/site-packages/airflow/example_dags/example_task_group_decorator.py
[2025-07-24T20:46:22.025+0000] {logging_mixin.py:188} INFO - [2025-07-24T20:46:22.025+0000] {dag.py:3096} INFO - Sync 1 DAGs
[2025-07-24T20:46:22.039+0000] {logging_mixin.py:188} INFO - [2025-07-24T20:46:22.039+0000] {dag.py:3954} INFO - Setting next_dagrun for example_task_group_decorator to 2025-07-23 00:00:00+00:00, run_after=2025-07-24 00:00:00+00:00
[2025-07-24T20:46:22.049+0000] {processor.py:183} INFO - Processing /home/airflow/.local/lib/python3.12/site-packages/airflow/example_dags/example_task_group_decorator.py took 0.050 seconds
[2025-07-24T20:46:52.652+0000] {processor.py:161} INFO - Started process (PID=495) to work on /home/airflow/.local/lib/python3.12/site-packages/airflow/example_dags/example_task_group_decorator.py
[2025-07-24T20:46:52.652+0000] {processor.py:830} INFO - Processing file /home/airflow/.local/lib/python3.12/site-packages/airflow/example_dags/example_task_group_decorator.py for tasks to queue
[2025-07-24T20:46:52.653+0000] {logging_mixin.py:188} INFO - [2025-07-24T20:46:52.653+0000] {dagbag.py:545} INFO - Filling up the DagBag from /home/airflow/.local/lib/python3.12/site-packages/airflow/example_dags/example_task_group_decorator.py
[2025-07-24T20:46:52.660+0000] {processor.py:840} INFO - DAG(s) 'example_task_group_decorator' retrieved from /home/airflow/.local/lib/python3.12/site-packages/airflow/example_dags/example_task_group_decorator.py
[2025-07-24T20:46:52.673+0000] {logging_mixin.py:188} INFO - [2025-07-24T20:46:52.672+0000] {dag.py:3096} INFO - Sync 1 DAGs
[2025-07-24T20:46:52.683+0000] {logging_mixin.py:188} INFO - [2025-07-24T20:46:52.683+0000] {dag.py:3954} INFO - Setting next_dagrun for example_task_group_decorator to 2025-07-23 00:00:00+00:00, run_after=2025-07-24 00:00:00+00:00
[2025-07-24T20:46:52.690+0000] {processor.py:183} INFO - Processing /home/airflow/.local/lib/python3.12/site-packages/airflow/example_dags/example_task_group_decorator.py took 0.042 seconds
[2025-07-24T20:47:23.352+0000] {processor.py:161} INFO - Started process (PID=553) to work on /home/airflow/.local/lib/python3.12/site-packages/airflow/example_dags/example_task_group_decorator.py
[2025-07-24T20:47:23.353+0000] {processor.py:830} INFO - Processing file /home/airflow/.local/lib/python3.12/site-packages/airflow/example_dags/example_task_group_decorator.py for tasks to queue
[2025-07-24T20:47:23.354+0000] {logging_mixin.py:188} INFO - [2025-07-24T20:47:23.354+0000] {dagbag.py:545} INFO - Filling up the DagBag from /home/airflow/.local/lib/python3.12/site-packages/airflow/example_dags/example_task_group_decorator.py
[2025-07-24T20:47:23.361+0000] {processor.py:840} INFO - DAG(s) 'example_task_group_decorator' retrieved from /home/airflow/.local/lib/python3.12/site-packages/airflow/example_dags/example_task_group_decorator.py
[2025-07-24T20:47:23.373+0000] {logging_mixin.py:188} INFO - [2025-07-24T20:47:23.373+0000] {dag.py:3096} INFO - Sync 1 DAGs
[2025-07-24T20:47:23.385+0000] {logging_mixin.py:188} INFO - [2025-07-24T20:47:23.384+0000] {dag.py:3954} INFO - Setting next_dagrun for example_task_group_decorator to 2025-07-23 00:00:00+00:00, run_after=2025-07-24 00:00:00+00:00
[2025-07-24T20:47:23.393+0000] {processor.py:183} INFO - Processing /home/airflow/.local/lib/python3.12/site-packages/airflow/example_dags/example_task_group_decorator.py took 0.044 seconds
[2025-07-24T20:47:54.005+0000] {processor.py:161} INFO - Started process (PID=611) to work on /home/airflow/.local/lib/python3.12/site-packages/airflow/example_dags/example_task_group_decorator.py
[2025-07-24T20:47:54.005+0000] {processor.py:830} INFO - Processing file /home/airflow/.local/lib/python3.12/site-packages/airflow/example_dags/example_task_group_decorator.py for tasks to queue
[2025-07-24T20:47:54.006+0000] {logging_mixin.py:188} INFO - [2025-07-24T20:47:54.006+0000] {dagbag.py:545} INFO - Filling up the DagBag from /home/airflow/.local/lib/python3.12/site-packages/airflow/example_dags/example_task_group_decorator.py
[2025-07-24T20:47:54.013+0000] {processor.py:840} INFO - DAG(s) 'example_task_group_decorator' retrieved from /home/airflow/.local/lib/python3.12/site-packages/airflow/example_dags/example_task_group_decorator.py
[2025-07-24T20:47:54.027+0000] {logging_mixin.py:188} INFO - [2025-07-24T20:47:54.027+0000] {dag.py:3096} INFO - Sync 1 DAGs
[2025-07-24T20:47:54.038+0000] {logging_mixin.py:188} INFO - [2025-07-24T20:47:54.038+0000] {dag.py:3954} INFO - Setting next_dagrun for example_task_group_decorator to 2025-07-23 00:00:00+00:00, run_after=2025-07-24 00:00:00+00:00
[2025-07-24T20:47:54.049+0000] {processor.py:183} INFO - Processing /home/airflow/.local/lib/python3.12/site-packages/airflow/example_dags/example_task_group_decorator.py took 0.048 seconds
[2025-07-24T20:48:24.681+0000] {processor.py:161} INFO - Started process (PID=669) to work on /home/airflow/.local/lib/python3.12/site-packages/airflow/example_dags/example_task_group_decorator.py
[2025-07-24T20:48:24.681+0000] {processor.py:830} INFO - Processing file /home/airflow/.local/lib/python3.12/site-packages/airflow/example_dags/example_task_group_decorator.py for tasks to queue
[2025-07-24T20:48:24.682+0000] {logging_mixin.py:188} INFO - [2025-07-24T20:48:24.682+0000] {dagbag.py:545} INFO - Filling up the DagBag from /home/airflow/.local/lib/python3.12/site-packages/airflow/example_dags/example_task_group_decorator.py
[2025-07-24T20:48:24.689+0000] {processor.py:840} INFO - DAG(s) 'example_task_group_decorator' retrieved from /home/airflow/.local/lib/python3.12/site-packages/airflow/example_dags/example_task_group_decorator.py
[2025-07-24T20:48:24.702+0000] {logging_mixin.py:188} INFO - [2025-07-24T20:48:24.701+0000] {dag.py:3096} INFO - Sync 1 DAGs
[2025-07-24T20:48:24.712+0000] {logging_mixin.py:188} INFO - [2025-07-24T20:48:24.712+0000] {dag.py:3954} INFO - Setting next_dagrun for example_task_group_decorator to 2025-07-23 00:00:00+00:00, run_after=2025-07-24 00:00:00+00:00
[2025-07-24T20:48:24.720+0000] {processor.py:183} INFO - Processing /home/airflow/.local/lib/python3.12/site-packages/airflow/example_dags/example_task_group_decorator.py took 0.043 seconds
[2025-07-24T20:48:55.279+0000] {processor.py:161} INFO - Started process (PID=727) to work on /home/airflow/.local/lib/python3.12/site-packages/airflow/example_dags/example_task_group_decorator.py
[2025-07-24T20:48:55.279+0000] {processor.py:830} INFO - Processing file /home/airflow/.local/lib/python3.12/site-packages/airflow/example_dags/example_task_group_decorator.py for tasks to queue
[2025-07-24T20:48:55.280+0000] {logging_mixin.py:188} INFO - [2025-07-24T20:48:55.280+0000] {dagbag.py:545} INFO - Filling up the DagBag from /home/airflow/.local/lib/python3.12/site-packages/airflow/example_dags/example_task_group_decorator.py
[2025-07-24T20:48:55.287+0000] {processor.py:840} INFO - DAG(s) 'example_task_group_decorator' retrieved from /home/airflow/.local/lib/python3.12/site-packages/airflow/example_dags/example_task_group_decorator.py
[2025-07-24T20:48:55.301+0000] {logging_mixin.py:188} INFO - [2025-07-24T20:48:55.301+0000] {dag.py:3096} INFO - Sync 1 DAGs
[2025-07-24T20:48:55.311+0000] {logging_mixin.py:188} INFO - [2025-07-24T20:48:55.311+0000] {dag.py:3954} INFO - Setting next_dagrun for example_task_group_decorator to 2025-07-23 00:00:00+00:00, run_after=2025-07-24 00:00:00+00:00
[2025-07-24T20:48:55.320+0000] {processor.py:183} INFO - Processing /home/airflow/.local/lib/python3.12/site-packages/airflow/example_dags/example_task_group_decorator.py took 0.044 seconds
[2025-07-24T20:49:25.902+0000] {processor.py:161} INFO - Started process (PID=785) to work on /home/airflow/.local/lib/python3.12/site-packages/airflow/example_dags/example_task_group_decorator.py
[2025-07-24T20:49:25.903+0000] {processor.py:830} INFO - Processing file /home/airflow/.local/lib/python3.12/site-packages/airflow/example_dags/example_task_group_decorator.py for tasks to queue
[2025-07-24T20:49:25.904+0000] {logging_mixin.py:188} INFO - [2025-07-24T20:49:25.903+0000] {dagbag.py:545} INFO - Filling up the DagBag from /home/airflow/.local/lib/python3.12/site-packages/airflow/example_dags/example_task_group_decorator.py
[2025-07-24T20:49:25.911+0000] {processor.py:840} INFO - DAG(s) 'example_task_group_decorator' retrieved from /home/airflow/.local/lib/python3.12/site-packages/airflow/example_dags/example_task_group_decorator.py
[2025-07-24T20:49:25.924+0000] {logging_mixin.py:188} INFO - [2025-07-24T20:49:25.924+0000] {dag.py:3096} INFO - Sync 1 DAGs
[2025-07-24T20:49:25.934+0000] {logging_mixin.py:188} INFO - [2025-07-24T20:49:25.934+0000] {dag.py:3954} INFO - Setting next_dagrun for example_task_group_decorator to 2025-07-23 00:00:00+00:00, run_after=2025-07-24 00:00:00+00:00
[2025-07-24T20:49:25.943+0000] {processor.py:183} INFO - Processing /home/airflow/.local/lib/python3.12/site-packages/airflow/example_dags/example_task_group_decorator.py took 0.044 seconds
[2025-07-24T20:49:56.562+0000] {processor.py:161} INFO - Started process (PID=843) to work on /home/airflow/.local/lib/python3.12/site-packages/airflow/example_dags/example_task_group_decorator.py
[2025-07-24T20:49:56.563+0000] {processor.py:830} INFO - Processing file /home/airflow/.local/lib/python3.12/site-packages/airflow/example_dags/example_task_group_decorator.py for tasks to queue
[2025-07-24T20:49:56.563+0000] {logging_mixin.py:188} INFO - [2025-07-24T20:49:56.563+0000] {dagbag.py:545} INFO - Filling up the DagBag from /home/airflow/.local/lib/python3.12/site-packages/airflow/example_dags/example_task_group_decorator.py
[2025-07-24T20:49:56.570+0000] {processor.py:840} INFO - DAG(s) 'example_task_group_decorator' retrieved from /home/airflow/.local/lib/python3.12/site-packages/airflow/example_dags/example_task_group_decorator.py
[2025-07-24T20:49:56.584+0000] {logging_mixin.py:188} INFO - [2025-07-24T20:49:56.584+0000] {dag.py:3096} INFO - Sync 1 DAGs
[2025-07-24T20:49:56.595+0000] {logging_mixin.py:188} INFO - [2025-07-24T20:49:56.594+0000] {dag.py:3954} INFO - Setting next_dagrun for example_task_group_decorator to 2025-07-23 00:00:00+00:00, run_after=2025-07-24 00:00:00+00:00
[2025-07-24T20:49:56.603+0000] {processor.py:183} INFO - Processing /home/airflow/.local/lib/python3.12/site-packages/airflow/example_dags/example_task_group_decorator.py took 0.044 seconds
[2025-07-24T20:50:27.422+0000] {processor.py:161} INFO - Started process (PID=901) to work on /home/airflow/.local/lib/python3.12/site-packages/airflow/example_dags/example_task_group_decorator.py
[2025-07-24T20:50:27.422+0000] {processor.py:830} INFO - Processing file /home/airflow/.local/lib/python3.12/site-packages/airflow/example_dags/example_task_group_decorator.py for tasks to queue
[2025-07-24T20:50:27.423+0000] {logging_mixin.py:188} INFO - [2025-07-24T20:50:27.423+0000] {dagbag.py:545} INFO - Filling up the DagBag from /home/airflow/.local/lib/python3.12/site-packages/airflow/example_dags/example_task_group_decorator.py
[2025-07-24T20:50:27.431+0000] {processor.py:840} INFO - DAG(s) 'example_task_group_decorator' retrieved from /home/airflow/.local/lib/python3.12/site-packages/airflow/example_dags/example_task_group_decorator.py
[2025-07-24T20:50:27.445+0000] {logging_mixin.py:188} INFO - [2025-07-24T20:50:27.445+0000] {dag.py:3096} INFO - Sync 1 DAGs
[2025-07-24T20:50:27.458+0000] {logging_mixin.py:188} INFO - [2025-07-24T20:50:27.457+0000] {dag.py:3954} INFO - Setting next_dagrun for example_task_group_decorator to 2025-07-23 00:00:00+00:00, run_after=2025-07-24 00:00:00+00:00
[2025-07-24T20:50:27.472+0000] {processor.py:183} INFO - Processing /home/airflow/.local/lib/python3.12/site-packages/airflow/example_dags/example_task_group_decorator.py took 0.055 seconds
[2025-07-24T20:50:58.485+0000] {processor.py:161} INFO - Started process (PID=959) to work on /home/airflow/.local/lib/python3.12/site-packages/airflow/example_dags/example_task_group_decorator.py
[2025-07-24T20:50:58.485+0000] {processor.py:830} INFO - Processing file /home/airflow/.local/lib/python3.12/site-packages/airflow/example_dags/example_task_group_decorator.py for tasks to queue
[2025-07-24T20:50:58.486+0000] {logging_mixin.py:188} INFO - [2025-07-24T20:50:58.486+0000] {dagbag.py:545} INFO - Filling up the DagBag from /home/airflow/.local/lib/python3.12/site-packages/airflow/example_dags/example_task_group_decorator.py
[2025-07-24T20:50:58.494+0000] {processor.py:840} INFO - DAG(s) 'example_task_group_decorator' retrieved from /home/airflow/.local/lib/python3.12/site-packages/airflow/example_dags/example_task_group_decorator.py
[2025-07-24T20:50:58.509+0000] {logging_mixin.py:188} INFO - [2025-07-24T20:50:58.509+0000] {dag.py:3096} INFO - Sync 1 DAGs
[2025-07-24T20:50:58.521+0000] {logging_mixin.py:188} INFO - [2025-07-24T20:50:58.521+0000] {dag.py:3954} INFO - Setting next_dagrun for example_task_group_decorator to 2025-07-23 00:00:00+00:00, run_after=2025-07-24 00:00:00+00:00
[2025-07-24T20:50:58.531+0000] {processor.py:183} INFO - Processing /home/airflow/.local/lib/python3.12/site-packages/airflow/example_dags/example_task_group_decorator.py took 0.050 seconds
[2025-07-24T20:51:29.213+0000] {processor.py:161} INFO - Started process (PID=1017) to work on /home/airflow/.local/lib/python3.12/site-packages/airflow/example_dags/example_task_group_decorator.py
[2025-07-24T20:51:29.214+0000] {processor.py:830} INFO - Processing file /home/airflow/.local/lib/python3.12/site-packages/airflow/example_dags/example_task_group_decorator.py for tasks to queue
[2025-07-24T20:51:29.215+0000] {logging_mixin.py:188} INFO - [2025-07-24T20:51:29.215+0000] {dagbag.py:545} INFO - Filling up the DagBag from /home/airflow/.local/lib/python3.12/site-packages/airflow/example_dags/example_task_group_decorator.py
[2025-07-24T20:51:29.221+0000] {processor.py:840} INFO - DAG(s) 'example_task_group_decorator' retrieved from /home/airflow/.local/lib/python3.12/site-packages/airflow/example_dags/example_task_group_decorator.py
[2025-07-24T20:51:29.234+0000] {logging_mixin.py:188} INFO - [2025-07-24T20:51:29.233+0000] {dag.py:3096} INFO - Sync 1 DAGs
[2025-07-24T20:51:29.244+0000] {logging_mixin.py:188} INFO - [2025-07-24T20:51:29.244+0000] {dag.py:3954} INFO - Setting next_dagrun for example_task_group_decorator to 2025-07-23 00:00:00+00:00, run_after=2025-07-24 00:00:00+00:00
[2025-07-24T20:51:29.252+0000] {processor.py:183} INFO - Processing /home/airflow/.local/lib/python3.12/site-packages/airflow/example_dags/example_task_group_decorator.py took 0.042 seconds
[2025-07-24T20:51:59.967+0000] {processor.py:161} INFO - Started process (PID=1075) to work on /home/airflow/.local/lib/python3.12/site-packages/airflow/example_dags/example_task_group_decorator.py
[2025-07-24T20:51:59.967+0000] {processor.py:830} INFO - Processing file /home/airflow/.local/lib/python3.12/site-packages/airflow/example_dags/example_task_group_decorator.py for tasks to queue
[2025-07-24T20:51:59.968+0000] {logging_mixin.py:188} INFO - [2025-07-24T20:51:59.968+0000] {dagbag.py:545} INFO - Filling up the DagBag from /home/airflow/.local/lib/python3.12/site-packages/airflow/example_dags/example_task_group_decorator.py
[2025-07-24T20:51:59.976+0000] {processor.py:840} INFO - DAG(s) 'example_task_group_decorator' retrieved from /home/airflow/.local/lib/python3.12/site-packages/airflow/example_dags/example_task_group_decorator.py
[2025-07-24T20:51:59.990+0000] {logging_mixin.py:188} INFO - [2025-07-24T20:51:59.990+0000] {dag.py:3096} INFO - Sync 1 DAGs
[2025-07-24T20:52:00.002+0000] {logging_mixin.py:188} INFO - [2025-07-24T20:52:00.002+0000] {dag.py:3954} INFO - Setting next_dagrun for example_task_group_decorator to 2025-07-23 00:00:00+00:00, run_after=2025-07-24 00:00:00+00:00
[2025-07-24T20:52:00.033+0000] {processor.py:183} INFO - Processing /home/airflow/.local/lib/python3.12/site-packages/airflow/example_dags/example_task_group_decorator.py took 0.069 seconds
[2025-07-24T20:52:30.675+0000] {processor.py:161} INFO - Started process (PID=1133) to work on /home/airflow/.local/lib/python3.12/site-packages/airflow/example_dags/example_task_group_decorator.py
[2025-07-24T20:52:30.675+0000] {processor.py:830} INFO - Processing file /home/airflow/.local/lib/python3.12/site-packages/airflow/example_dags/example_task_group_decorator.py for tasks to queue
[2025-07-24T20:52:30.676+0000] {logging_mixin.py:188} INFO - [2025-07-24T20:52:30.676+0000] {dagbag.py:545} INFO - Filling up the DagBag from /home/airflow/.local/lib/python3.12/site-packages/airflow/example_dags/example_task_group_decorator.py
[2025-07-24T20:52:30.686+0000] {processor.py:840} INFO - DAG(s) 'example_task_group_decorator' retrieved from /home/airflow/.local/lib/python3.12/site-packages/airflow/example_dags/example_task_group_decorator.py
[2025-07-24T20:52:30.703+0000] {logging_mixin.py:188} INFO - [2025-07-24T20:52:30.702+0000] {dag.py:3096} INFO - Sync 1 DAGs
[2025-07-24T20:52:30.716+0000] {logging_mixin.py:188} INFO - [2025-07-24T20:52:30.716+0000] {dag.py:3954} INFO - Setting next_dagrun for example_task_group_decorator to 2025-07-23 00:00:00+00:00, run_after=2025-07-24 00:00:00+00:00
[2025-07-24T20:52:30.726+0000] {processor.py:183} INFO - Processing /home/airflow/.local/lib/python3.12/site-packages/airflow/example_dags/example_task_group_decorator.py took 0.055 seconds
[2025-07-24T20:53:01.456+0000] {processor.py:161} INFO - Started process (PID=1191) to work on /home/airflow/.local/lib/python3.12/site-packages/airflow/example_dags/example_task_group_decorator.py
[2025-07-24T20:53:01.456+0000] {processor.py:830} INFO - Processing file /home/airflow/.local/lib/python3.12/site-packages/airflow/example_dags/example_task_group_decorator.py for tasks to queue
[2025-07-24T20:53:01.457+0000] {logging_mixin.py:188} INFO - [2025-07-24T20:53:01.457+0000] {dagbag.py:545} INFO - Filling up the DagBag from /home/airflow/.local/lib/python3.12/site-packages/airflow/example_dags/example_task_group_decorator.py
[2025-07-24T20:53:01.465+0000] {processor.py:840} INFO - DAG(s) 'example_task_group_decorator' retrieved from /home/airflow/.local/lib/python3.12/site-packages/airflow/example_dags/example_task_group_decorator.py
[2025-07-24T20:53:01.480+0000] {logging_mixin.py:188} INFO - [2025-07-24T20:53:01.480+0000] {dag.py:3096} INFO - Sync 1 DAGs
[2025-07-24T20:53:01.492+0000] {logging_mixin.py:188} INFO - [2025-07-24T20:53:01.492+0000] {dag.py:3954} INFO - Setting next_dagrun for example_task_group_decorator to 2025-07-23 00:00:00+00:00, run_after=2025-07-24 00:00:00+00:00
[2025-07-24T20:53:01.501+0000] {processor.py:183} INFO - Processing /home/airflow/.local/lib/python3.12/site-packages/airflow/example_dags/example_task_group_decorator.py took 0.048 seconds
[2025-07-24T20:53:31.570+0000] {processor.py:161} INFO - Started process (PID=1249) to work on /home/airflow/.local/lib/python3.12/site-packages/airflow/example_dags/example_task_group_decorator.py
[2025-07-24T20:53:31.571+0000] {processor.py:830} INFO - Processing file /home/airflow/.local/lib/python3.12/site-packages/airflow/example_dags/example_task_group_decorator.py for tasks to queue
[2025-07-24T20:53:31.572+0000] {logging_mixin.py:188} INFO - [2025-07-24T20:53:31.571+0000] {dagbag.py:545} INFO - Filling up the DagBag from /home/airflow/.local/lib/python3.12/site-packages/airflow/example_dags/example_task_group_decorator.py
[2025-07-24T20:53:31.579+0000] {processor.py:840} INFO - DAG(s) 'example_task_group_decorator' retrieved from /home/airflow/.local/lib/python3.12/site-packages/airflow/example_dags/example_task_group_decorator.py
[2025-07-24T20:53:31.595+0000] {logging_mixin.py:188} INFO - [2025-07-24T20:53:31.594+0000] {dag.py:3096} INFO - Sync 1 DAGs
[2025-07-24T20:53:31.606+0000] {logging_mixin.py:188} INFO - [2025-07-24T20:53:31.605+0000] {dag.py:3954} INFO - Setting next_dagrun for example_task_group_decorator to 2025-07-23 00:00:00+00:00, run_after=2025-07-24 00:00:00+00:00
[2025-07-24T20:53:31.614+0000] {processor.py:183} INFO - Processing /home/airflow/.local/lib/python3.12/site-packages/airflow/example_dags/example_task_group_decorator.py took 0.048 seconds
[2025-07-24T20:54:01.660+0000] {processor.py:161} INFO - Started process (PID=1306) to work on /home/airflow/.local/lib/python3.12/site-packages/airflow/example_dags/example_task_group_decorator.py
[2025-07-24T20:54:01.660+0000] {processor.py:830} INFO - Processing file /home/airflow/.local/lib/python3.12/site-packages/airflow/example_dags/example_task_group_decorator.py for tasks to queue
[2025-07-24T20:54:01.661+0000] {logging_mixin.py:188} INFO - [2025-07-24T20:54:01.661+0000] {dagbag.py:545} INFO - Filling up the DagBag from /home/airflow/.local/lib/python3.12/site-packages/airflow/example_dags/example_task_group_decorator.py
[2025-07-24T20:54:01.669+0000] {processor.py:840} INFO - DAG(s) 'example_task_group_decorator' retrieved from /home/airflow/.local/lib/python3.12/site-packages/airflow/example_dags/example_task_group_decorator.py
[2025-07-24T20:54:01.684+0000] {logging_mixin.py:188} INFO - [2025-07-24T20:54:01.683+0000] {dag.py:3096} INFO - Sync 1 DAGs
[2025-07-24T20:54:01.695+0000] {logging_mixin.py:188} INFO - [2025-07-24T20:54:01.695+0000] {dag.py:3954} INFO - Setting next_dagrun for example_task_group_decorator to 2025-07-23 00:00:00+00:00, run_after=2025-07-24 00:00:00+00:00
[2025-07-24T20:54:01.705+0000] {processor.py:183} INFO - Processing /home/airflow/.local/lib/python3.12/site-packages/airflow/example_dags/example_task_group_decorator.py took 0.049 seconds
[2025-07-24T20:54:31.760+0000] {processor.py:161} INFO - Started process (PID=1364) to work on /home/airflow/.local/lib/python3.12/site-packages/airflow/example_dags/example_task_group_decorator.py
[2025-07-24T20:54:31.760+0000] {processor.py:830} INFO - Processing file /home/airflow/.local/lib/python3.12/site-packages/airflow/example_dags/example_task_group_decorator.py for tasks to queue
[2025-07-24T20:54:31.761+0000] {logging_mixin.py:188} INFO - [2025-07-24T20:54:31.761+0000] {dagbag.py:545} INFO - Filling up the DagBag from /home/airflow/.local/lib/python3.12/site-packages/airflow/example_dags/example_task_group_decorator.py
[2025-07-24T20:54:31.769+0000] {processor.py:840} INFO - DAG(s) 'example_task_group_decorator' retrieved from /home/airflow/.local/lib/python3.12/site-packages/airflow/example_dags/example_task_group_decorator.py
[2025-07-24T20:54:31.783+0000] {logging_mixin.py:188} INFO - [2025-07-24T20:54:31.783+0000] {dag.py:3096} INFO - Sync 1 DAGs
[2025-07-24T20:54:31.795+0000] {logging_mixin.py:188} INFO - [2025-07-24T20:54:31.795+0000] {dag.py:3954} INFO - Setting next_dagrun for example_task_group_decorator to 2025-07-23 00:00:00+00:00, run_after=2025-07-24 00:00:00+00:00
[2025-07-24T20:54:31.804+0000] {processor.py:183} INFO - Processing /home/airflow/.local/lib/python3.12/site-packages/airflow/example_dags/example_task_group_decorator.py took 0.048 seconds
[2025-07-24T20:55:02.548+0000] {processor.py:161} INFO - Started process (PID=1422) to work on /home/airflow/.local/lib/python3.12/site-packages/airflow/example_dags/example_task_group_decorator.py
[2025-07-24T20:55:02.548+0000] {processor.py:830} INFO - Processing file /home/airflow/.local/lib/python3.12/site-packages/airflow/example_dags/example_task_group_decorator.py for tasks to queue
[2025-07-24T20:55:02.549+0000] {logging_mixin.py:188} INFO - [2025-07-24T20:55:02.549+0000] {dagbag.py:545} INFO - Filling up the DagBag from /home/airflow/.local/lib/python3.12/site-packages/airflow/example_dags/example_task_group_decorator.py
[2025-07-24T20:55:02.558+0000] {processor.py:840} INFO - DAG(s) 'example_task_group_decorator' retrieved from /home/airflow/.local/lib/python3.12/site-packages/airflow/example_dags/example_task_group_decorator.py
[2025-07-24T20:55:02.572+0000] {logging_mixin.py:188} INFO - [2025-07-24T20:55:02.572+0000] {dag.py:3096} INFO - Sync 1 DAGs
[2025-07-24T20:55:02.586+0000] {logging_mixin.py:188} INFO - [2025-07-24T20:55:02.585+0000] {dag.py:3954} INFO - Setting next_dagrun for example_task_group_decorator to 2025-07-23 00:00:00+00:00, run_after=2025-07-24 00:00:00+00:00
[2025-07-24T20:55:02.595+0000] {processor.py:183} INFO - Processing /home/airflow/.local/lib/python3.12/site-packages/airflow/example_dags/example_task_group_decorator.py took 0.051 seconds
[2025-07-24T20:55:33.468+0000] {processor.py:161} INFO - Started process (PID=1480) to work on /home/airflow/.local/lib/python3.12/site-packages/airflow/example_dags/example_task_group_decorator.py
[2025-07-24T20:55:33.469+0000] {processor.py:830} INFO - Processing file /home/airflow/.local/lib/python3.12/site-packages/airflow/example_dags/example_task_group_decorator.py for tasks to queue
[2025-07-24T20:55:33.470+0000] {logging_mixin.py:188} INFO - [2025-07-24T20:55:33.470+0000] {dagbag.py:545} INFO - Filling up the DagBag from /home/airflow/.local/lib/python3.12/site-packages/airflow/example_dags/example_task_group_decorator.py
[2025-07-24T20:55:33.477+0000] {processor.py:840} INFO - DAG(s) 'example_task_group_decorator' retrieved from /home/airflow/.local/lib/python3.12/site-packages/airflow/example_dags/example_task_group_decorator.py
[2025-07-24T20:55:33.490+0000] {logging_mixin.py:188} INFO - [2025-07-24T20:55:33.490+0000] {dag.py:3096} INFO - Sync 1 DAGs
[2025-07-24T20:55:33.502+0000] {logging_mixin.py:188} INFO - [2025-07-24T20:55:33.502+0000] {dag.py:3954} INFO - Setting next_dagrun for example_task_group_decorator to 2025-07-23 00:00:00+00:00, run_after=2025-07-24 00:00:00+00:00
[2025-07-24T20:55:33.510+0000] {processor.py:183} INFO - Processing /home/airflow/.local/lib/python3.12/site-packages/airflow/example_dags/example_task_group_decorator.py took 0.045 seconds
