[2025-07-24T20:31:48.027+0000] {processor.py:161} INFO - Started process (PID=51) to work on /home/airflow/.local/lib/python3.12/site-packages/airflow/example_dags/example_branch_python_dop_operator_3.py
[2025-07-24T20:31:48.027+0000] {processor.py:830} INFO - Processing file /home/airflow/.local/lib/python3.12/site-packages/airflow/example_dags/example_branch_python_dop_operator_3.py for tasks to queue
[2025-07-24T20:31:48.029+0000] {logging_mixin.py:188} INFO - [2025-07-24T20:31:48.028+0000] {dagbag.py:545} INFO - Filling up the DagBag from /home/airflow/.local/lib/python3.12/site-packages/airflow/example_dags/example_branch_python_dop_operator_3.py
[2025-07-24T20:31:48.035+0000] {processor.py:840} INFO - DAG(s) 'example_branch_dop_operator_v3' retrieved from /home/airflow/.local/lib/python3.12/site-packages/airflow/example_dags/example_branch_python_dop_operator_3.py
[2025-07-24T20:31:48.043+0000] {logging_mixin.py:188} INFO - [2025-07-24T20:31:48.043+0000] {dag.py:3096} INFO - Sync 1 DAGs
[2025-07-24T20:31:48.059+0000] {logging_mixin.py:188} INFO - [2025-07-24T20:31:48.059+0000] {dag.py:3954} INFO - Setting next_dagrun for example_branch_dop_operator_v3 to 2025-07-24 20:30:00+00:00, run_after=2025-07-24 20:31:00+00:00
[2025-07-24T20:31:48.068+0000] {processor.py:183} INFO - Processing /home/airflow/.local/lib/python3.12/site-packages/airflow/example_dags/example_branch_python_dop_operator_3.py took 0.044 seconds
[2025-07-24T20:32:18.977+0000] {processor.py:161} INFO - Started process (PID=109) to work on /home/airflow/.local/lib/python3.12/site-packages/airflow/example_dags/example_branch_python_dop_operator_3.py
[2025-07-24T20:32:18.977+0000] {processor.py:830} INFO - Processing file /home/airflow/.local/lib/python3.12/site-packages/airflow/example_dags/example_branch_python_dop_operator_3.py for tasks to queue
[2025-07-24T20:32:18.978+0000] {logging_mixin.py:188} INFO - [2025-07-24T20:32:18.978+0000] {dagbag.py:545} INFO - Filling up the DagBag from /home/airflow/.local/lib/python3.12/site-packages/airflow/example_dags/example_branch_python_dop_operator_3.py
[2025-07-24T20:32:18.984+0000] {processor.py:840} INFO - DAG(s) 'example_branch_dop_operator_v3' retrieved from /home/airflow/.local/lib/python3.12/site-packages/airflow/example_dags/example_branch_python_dop_operator_3.py
[2025-07-24T20:32:19.044+0000] {logging_mixin.py:188} INFO - [2025-07-24T20:32:19.044+0000] {dag.py:3096} INFO - Sync 1 DAGs
[2025-07-24T20:32:19.056+0000] {logging_mixin.py:188} INFO - [2025-07-24T20:32:19.056+0000] {dag.py:3954} INFO - Setting next_dagrun for example_branch_dop_operator_v3 to 2025-07-24 20:31:00+00:00, run_after=2025-07-24 20:32:00+00:00
[2025-07-24T20:32:19.067+0000] {processor.py:183} INFO - Processing /home/airflow/.local/lib/python3.12/site-packages/airflow/example_dags/example_branch_python_dop_operator_3.py took 0.093 seconds
[2025-07-24T20:32:49.128+0000] {processor.py:161} INFO - Started process (PID=167) to work on /home/airflow/.local/lib/python3.12/site-packages/airflow/example_dags/example_branch_python_dop_operator_3.py
[2025-07-24T20:32:49.128+0000] {processor.py:830} INFO - Processing file /home/airflow/.local/lib/python3.12/site-packages/airflow/example_dags/example_branch_python_dop_operator_3.py for tasks to queue
[2025-07-24T20:32:49.129+0000] {logging_mixin.py:188} INFO - [2025-07-24T20:32:49.129+0000] {dagbag.py:545} INFO - Filling up the DagBag from /home/airflow/.local/lib/python3.12/site-packages/airflow/example_dags/example_branch_python_dop_operator_3.py
[2025-07-24T20:32:49.134+0000] {processor.py:840} INFO - DAG(s) 'example_branch_dop_operator_v3' retrieved from /home/airflow/.local/lib/python3.12/site-packages/airflow/example_dags/example_branch_python_dop_operator_3.py
[2025-07-24T20:32:49.145+0000] {logging_mixin.py:188} INFO - [2025-07-24T20:32:49.145+0000] {dag.py:3096} INFO - Sync 1 DAGs
[2025-07-24T20:32:49.158+0000] {logging_mixin.py:188} INFO - [2025-07-24T20:32:49.158+0000] {dag.py:3954} INFO - Setting next_dagrun for example_branch_dop_operator_v3 to 2025-07-24 20:31:00+00:00, run_after=2025-07-24 20:32:00+00:00
[2025-07-24T20:32:49.168+0000] {processor.py:183} INFO - Processing /home/airflow/.local/lib/python3.12/site-packages/airflow/example_dags/example_branch_python_dop_operator_3.py took 0.043 seconds
[2025-07-24T20:33:19.817+0000] {processor.py:161} INFO - Started process (PID=225) to work on /home/airflow/.local/lib/python3.12/site-packages/airflow/example_dags/example_branch_python_dop_operator_3.py
[2025-07-24T20:33:19.817+0000] {processor.py:830} INFO - Processing file /home/airflow/.local/lib/python3.12/site-packages/airflow/example_dags/example_branch_python_dop_operator_3.py for tasks to queue
[2025-07-24T20:33:19.819+0000] {logging_mixin.py:188} INFO - [2025-07-24T20:33:19.818+0000] {dagbag.py:545} INFO - Filling up the DagBag from /home/airflow/.local/lib/python3.12/site-packages/airflow/example_dags/example_branch_python_dop_operator_3.py
[2025-07-24T20:33:19.824+0000] {processor.py:840} INFO - DAG(s) 'example_branch_dop_operator_v3' retrieved from /home/airflow/.local/lib/python3.12/site-packages/airflow/example_dags/example_branch_python_dop_operator_3.py
[2025-07-24T20:33:19.835+0000] {logging_mixin.py:188} INFO - [2025-07-24T20:33:19.834+0000] {dag.py:3096} INFO - Sync 1 DAGs
[2025-07-24T20:33:19.849+0000] {logging_mixin.py:188} INFO - [2025-07-24T20:33:19.848+0000] {dag.py:3954} INFO - Setting next_dagrun for example_branch_dop_operator_v3 to 2025-07-24 20:32:00+00:00, run_after=2025-07-24 20:33:00+00:00
[2025-07-24T20:33:19.859+0000] {processor.py:183} INFO - Processing /home/airflow/.local/lib/python3.12/site-packages/airflow/example_dags/example_branch_python_dop_operator_3.py took 0.045 seconds
[2025-07-24T20:33:50.576+0000] {processor.py:161} INFO - Started process (PID=283) to work on /home/airflow/.local/lib/python3.12/site-packages/airflow/example_dags/example_branch_python_dop_operator_3.py
[2025-07-24T20:33:50.576+0000] {processor.py:830} INFO - Processing file /home/airflow/.local/lib/python3.12/site-packages/airflow/example_dags/example_branch_python_dop_operator_3.py for tasks to queue
[2025-07-24T20:33:50.577+0000] {logging_mixin.py:188} INFO - [2025-07-24T20:33:50.577+0000] {dagbag.py:545} INFO - Filling up the DagBag from /home/airflow/.local/lib/python3.12/site-packages/airflow/example_dags/example_branch_python_dop_operator_3.py
[2025-07-24T20:33:50.583+0000] {processor.py:840} INFO - DAG(s) 'example_branch_dop_operator_v3' retrieved from /home/airflow/.local/lib/python3.12/site-packages/airflow/example_dags/example_branch_python_dop_operator_3.py
[2025-07-24T20:33:50.595+0000] {logging_mixin.py:188} INFO - [2025-07-24T20:33:50.595+0000] {dag.py:3096} INFO - Sync 1 DAGs
[2025-07-24T20:33:50.610+0000] {logging_mixin.py:188} INFO - [2025-07-24T20:33:50.610+0000] {dag.py:3954} INFO - Setting next_dagrun for example_branch_dop_operator_v3 to 2025-07-24 20:32:00+00:00, run_after=2025-07-24 20:33:00+00:00
[2025-07-24T20:33:50.620+0000] {processor.py:183} INFO - Processing /home/airflow/.local/lib/python3.12/site-packages/airflow/example_dags/example_branch_python_dop_operator_3.py took 0.048 seconds
[2025-07-24T20:34:21.365+0000] {processor.py:161} INFO - Started process (PID=341) to work on /home/airflow/.local/lib/python3.12/site-packages/airflow/example_dags/example_branch_python_dop_operator_3.py
[2025-07-24T20:34:21.366+0000] {processor.py:830} INFO - Processing file /home/airflow/.local/lib/python3.12/site-packages/airflow/example_dags/example_branch_python_dop_operator_3.py for tasks to queue
[2025-07-24T20:34:21.367+0000] {logging_mixin.py:188} INFO - [2025-07-24T20:34:21.367+0000] {dagbag.py:545} INFO - Filling up the DagBag from /home/airflow/.local/lib/python3.12/site-packages/airflow/example_dags/example_branch_python_dop_operator_3.py
[2025-07-24T20:34:21.372+0000] {processor.py:840} INFO - DAG(s) 'example_branch_dop_operator_v3' retrieved from /home/airflow/.local/lib/python3.12/site-packages/airflow/example_dags/example_branch_python_dop_operator_3.py
[2025-07-24T20:34:21.384+0000] {logging_mixin.py:188} INFO - [2025-07-24T20:34:21.384+0000] {dag.py:3096} INFO - Sync 1 DAGs
[2025-07-24T20:34:21.398+0000] {logging_mixin.py:188} INFO - [2025-07-24T20:34:21.398+0000] {dag.py:3954} INFO - Setting next_dagrun for example_branch_dop_operator_v3 to 2025-07-24 20:33:00+00:00, run_after=2025-07-24 20:34:00+00:00
[2025-07-24T20:34:21.415+0000] {processor.py:183} INFO - Processing /home/airflow/.local/lib/python3.12/site-packages/airflow/example_dags/example_branch_python_dop_operator_3.py took 0.053 seconds
[2025-07-24T20:34:52.139+0000] {processor.py:161} INFO - Started process (PID=399) to work on /home/airflow/.local/lib/python3.12/site-packages/airflow/example_dags/example_branch_python_dop_operator_3.py
[2025-07-24T20:34:52.140+0000] {processor.py:830} INFO - Processing file /home/airflow/.local/lib/python3.12/site-packages/airflow/example_dags/example_branch_python_dop_operator_3.py for tasks to queue
[2025-07-24T20:34:52.141+0000] {logging_mixin.py:188} INFO - [2025-07-24T20:34:52.140+0000] {dagbag.py:545} INFO - Filling up the DagBag from /home/airflow/.local/lib/python3.12/site-packages/airflow/example_dags/example_branch_python_dop_operator_3.py
[2025-07-24T20:34:52.146+0000] {processor.py:840} INFO - DAG(s) 'example_branch_dop_operator_v3' retrieved from /home/airflow/.local/lib/python3.12/site-packages/airflow/example_dags/example_branch_python_dop_operator_3.py
[2025-07-24T20:34:52.159+0000] {logging_mixin.py:188} INFO - [2025-07-24T20:34:52.159+0000] {dag.py:3096} INFO - Sync 1 DAGs
[2025-07-24T20:34:52.175+0000] {logging_mixin.py:188} INFO - [2025-07-24T20:34:52.175+0000] {dag.py:3954} INFO - Setting next_dagrun for example_branch_dop_operator_v3 to 2025-07-24 20:33:00+00:00, run_after=2025-07-24 20:34:00+00:00
[2025-07-24T20:34:52.185+0000] {processor.py:183} INFO - Processing /home/airflow/.local/lib/python3.12/site-packages/airflow/example_dags/example_branch_python_dop_operator_3.py took 0.050 seconds
[2025-07-24T20:35:22.908+0000] {processor.py:161} INFO - Started process (PID=457) to work on /home/airflow/.local/lib/python3.12/site-packages/airflow/example_dags/example_branch_python_dop_operator_3.py
[2025-07-24T20:35:22.908+0000] {processor.py:830} INFO - Processing file /home/airflow/.local/lib/python3.12/site-packages/airflow/example_dags/example_branch_python_dop_operator_3.py for tasks to queue
[2025-07-24T20:35:22.909+0000] {logging_mixin.py:188} INFO - [2025-07-24T20:35:22.909+0000] {dagbag.py:545} INFO - Filling up the DagBag from /home/airflow/.local/lib/python3.12/site-packages/airflow/example_dags/example_branch_python_dop_operator_3.py
[2025-07-24T20:35:22.914+0000] {processor.py:840} INFO - DAG(s) 'example_branch_dop_operator_v3' retrieved from /home/airflow/.local/lib/python3.12/site-packages/airflow/example_dags/example_branch_python_dop_operator_3.py
[2025-07-24T20:35:22.927+0000] {logging_mixin.py:188} INFO - [2025-07-24T20:35:22.926+0000] {dag.py:3096} INFO - Sync 1 DAGs
[2025-07-24T20:35:22.941+0000] {logging_mixin.py:188} INFO - [2025-07-24T20:35:22.941+0000] {dag.py:3954} INFO - Setting next_dagrun for example_branch_dop_operator_v3 to 2025-07-24 20:34:00+00:00, run_after=2025-07-24 20:35:00+00:00
[2025-07-24T20:35:22.950+0000] {processor.py:183} INFO - Processing /home/airflow/.local/lib/python3.12/site-packages/airflow/example_dags/example_branch_python_dop_operator_3.py took 0.046 seconds
[2025-07-24T20:36:43.863+0000] {processor.py:161} INFO - Started process (PID=44) to work on /home/airflow/.local/lib/python3.12/site-packages/airflow/example_dags/example_branch_python_dop_operator_3.py
[2025-07-24T20:36:43.863+0000] {processor.py:830} INFO - Processing file /home/airflow/.local/lib/python3.12/site-packages/airflow/example_dags/example_branch_python_dop_operator_3.py for tasks to queue
[2025-07-24T20:36:43.864+0000] {logging_mixin.py:188} INFO - [2025-07-24T20:36:43.864+0000] {dagbag.py:545} INFO - Filling up the DagBag from /home/airflow/.local/lib/python3.12/site-packages/airflow/example_dags/example_branch_python_dop_operator_3.py
[2025-07-24T20:36:43.870+0000] {processor.py:840} INFO - DAG(s) 'example_branch_dop_operator_v3' retrieved from /home/airflow/.local/lib/python3.12/site-packages/airflow/example_dags/example_branch_python_dop_operator_3.py
[2025-07-24T20:36:43.877+0000] {logging_mixin.py:188} INFO - [2025-07-24T20:36:43.877+0000] {dag.py:3096} INFO - Sync 1 DAGs
[2025-07-24T20:36:43.891+0000] {logging_mixin.py:188} INFO - [2025-07-24T20:36:43.891+0000] {dag.py:3954} INFO - Setting next_dagrun for example_branch_dop_operator_v3 to 2025-07-24 20:35:00+00:00, run_after=2025-07-24 20:36:00+00:00
[2025-07-24T20:36:43.902+0000] {processor.py:183} INFO - Processing /home/airflow/.local/lib/python3.12/site-packages/airflow/example_dags/example_branch_python_dop_operator_3.py took 0.043 seconds
[2025-07-24T20:37:14.482+0000] {processor.py:161} INFO - Started process (PID=102) to work on /home/airflow/.local/lib/python3.12/site-packages/airflow/example_dags/example_branch_python_dop_operator_3.py
[2025-07-24T20:37:14.483+0000] {processor.py:830} INFO - Processing file /home/airflow/.local/lib/python3.12/site-packages/airflow/example_dags/example_branch_python_dop_operator_3.py for tasks to queue
[2025-07-24T20:37:14.484+0000] {logging_mixin.py:188} INFO - [2025-07-24T20:37:14.484+0000] {dagbag.py:545} INFO - Filling up the DagBag from /home/airflow/.local/lib/python3.12/site-packages/airflow/example_dags/example_branch_python_dop_operator_3.py
[2025-07-24T20:37:14.488+0000] {processor.py:840} INFO - DAG(s) 'example_branch_dop_operator_v3' retrieved from /home/airflow/.local/lib/python3.12/site-packages/airflow/example_dags/example_branch_python_dop_operator_3.py
[2025-07-24T20:37:14.496+0000] {logging_mixin.py:188} INFO - [2025-07-24T20:37:14.496+0000] {dag.py:3096} INFO - Sync 1 DAGs
[2025-07-24T20:37:14.511+0000] {logging_mixin.py:188} INFO - [2025-07-24T20:37:14.511+0000] {dag.py:3954} INFO - Setting next_dagrun for example_branch_dop_operator_v3 to 2025-07-24 20:36:00+00:00, run_after=2025-07-24 20:37:00+00:00
[2025-07-24T20:37:14.520+0000] {processor.py:183} INFO - Processing /home/airflow/.local/lib/python3.12/site-packages/airflow/example_dags/example_branch_python_dop_operator_3.py took 0.041 seconds
[2025-07-24T20:37:45.150+0000] {processor.py:161} INFO - Started process (PID=160) to work on /home/airflow/.local/lib/python3.12/site-packages/airflow/example_dags/example_branch_python_dop_operator_3.py
[2025-07-24T20:37:45.150+0000] {processor.py:830} INFO - Processing file /home/airflow/.local/lib/python3.12/site-packages/airflow/example_dags/example_branch_python_dop_operator_3.py for tasks to queue
[2025-07-24T20:37:45.151+0000] {logging_mixin.py:188} INFO - [2025-07-24T20:37:45.151+0000] {dagbag.py:545} INFO - Filling up the DagBag from /home/airflow/.local/lib/python3.12/site-packages/airflow/example_dags/example_branch_python_dop_operator_3.py
[2025-07-24T20:37:45.157+0000] {processor.py:840} INFO - DAG(s) 'example_branch_dop_operator_v3' retrieved from /home/airflow/.local/lib/python3.12/site-packages/airflow/example_dags/example_branch_python_dop_operator_3.py
[2025-07-24T20:37:45.215+0000] {logging_mixin.py:188} INFO - [2025-07-24T20:37:45.215+0000] {dag.py:3096} INFO - Sync 1 DAGs
[2025-07-24T20:37:45.227+0000] {logging_mixin.py:188} INFO - [2025-07-24T20:37:45.227+0000] {dag.py:3954} INFO - Setting next_dagrun for example_branch_dop_operator_v3 to 2025-07-24 20:36:00+00:00, run_after=2025-07-24 20:37:00+00:00
[2025-07-24T20:37:45.237+0000] {processor.py:183} INFO - Processing /home/airflow/.local/lib/python3.12/site-packages/airflow/example_dags/example_branch_python_dop_operator_3.py took 0.090 seconds
[2025-07-24T20:38:15.880+0000] {processor.py:161} INFO - Started process (PID=218) to work on /home/airflow/.local/lib/python3.12/site-packages/airflow/example_dags/example_branch_python_dop_operator_3.py
[2025-07-24T20:38:15.881+0000] {processor.py:830} INFO - Processing file /home/airflow/.local/lib/python3.12/site-packages/airflow/example_dags/example_branch_python_dop_operator_3.py for tasks to queue
[2025-07-24T20:38:15.882+0000] {logging_mixin.py:188} INFO - [2025-07-24T20:38:15.882+0000] {dagbag.py:545} INFO - Filling up the DagBag from /home/airflow/.local/lib/python3.12/site-packages/airflow/example_dags/example_branch_python_dop_operator_3.py
[2025-07-24T20:38:15.887+0000] {processor.py:840} INFO - DAG(s) 'example_branch_dop_operator_v3' retrieved from /home/airflow/.local/lib/python3.12/site-packages/airflow/example_dags/example_branch_python_dop_operator_3.py
[2025-07-24T20:38:15.899+0000] {logging_mixin.py:188} INFO - [2025-07-24T20:38:15.899+0000] {dag.py:3096} INFO - Sync 1 DAGs
[2025-07-24T20:38:15.914+0000] {logging_mixin.py:188} INFO - [2025-07-24T20:38:15.913+0000] {dag.py:3954} INFO - Setting next_dagrun for example_branch_dop_operator_v3 to 2025-07-24 20:37:00+00:00, run_after=2025-07-24 20:38:00+00:00
[2025-07-24T20:38:15.923+0000] {processor.py:183} INFO - Processing /home/airflow/.local/lib/python3.12/site-packages/airflow/example_dags/example_branch_python_dop_operator_3.py took 0.047 seconds
[2025-07-24T20:38:46.655+0000] {processor.py:161} INFO - Started process (PID=276) to work on /home/airflow/.local/lib/python3.12/site-packages/airflow/example_dags/example_branch_python_dop_operator_3.py
[2025-07-24T20:38:46.656+0000] {processor.py:830} INFO - Processing file /home/airflow/.local/lib/python3.12/site-packages/airflow/example_dags/example_branch_python_dop_operator_3.py for tasks to queue
[2025-07-24T20:38:46.657+0000] {logging_mixin.py:188} INFO - [2025-07-24T20:38:46.657+0000] {dagbag.py:545} INFO - Filling up the DagBag from /home/airflow/.local/lib/python3.12/site-packages/airflow/example_dags/example_branch_python_dop_operator_3.py
[2025-07-24T20:38:46.662+0000] {processor.py:840} INFO - DAG(s) 'example_branch_dop_operator_v3' retrieved from /home/airflow/.local/lib/python3.12/site-packages/airflow/example_dags/example_branch_python_dop_operator_3.py
[2025-07-24T20:38:46.672+0000] {logging_mixin.py:188} INFO - [2025-07-24T20:38:46.671+0000] {dag.py:3096} INFO - Sync 1 DAGs
[2025-07-24T20:38:46.684+0000] {logging_mixin.py:188} INFO - [2025-07-24T20:38:46.684+0000] {dag.py:3954} INFO - Setting next_dagrun for example_branch_dop_operator_v3 to 2025-07-24 20:37:00+00:00, run_after=2025-07-24 20:38:00+00:00
[2025-07-24T20:38:46.693+0000] {processor.py:183} INFO - Processing /home/airflow/.local/lib/python3.12/site-packages/airflow/example_dags/example_branch_python_dop_operator_3.py took 0.040 seconds
[2025-07-24T20:39:17.379+0000] {processor.py:161} INFO - Started process (PID=334) to work on /home/airflow/.local/lib/python3.12/site-packages/airflow/example_dags/example_branch_python_dop_operator_3.py
[2025-07-24T20:39:17.380+0000] {processor.py:830} INFO - Processing file /home/airflow/.local/lib/python3.12/site-packages/airflow/example_dags/example_branch_python_dop_operator_3.py for tasks to queue
[2025-07-24T20:39:17.381+0000] {logging_mixin.py:188} INFO - [2025-07-24T20:39:17.381+0000] {dagbag.py:545} INFO - Filling up the DagBag from /home/airflow/.local/lib/python3.12/site-packages/airflow/example_dags/example_branch_python_dop_operator_3.py
[2025-07-24T20:39:17.386+0000] {processor.py:840} INFO - DAG(s) 'example_branch_dop_operator_v3' retrieved from /home/airflow/.local/lib/python3.12/site-packages/airflow/example_dags/example_branch_python_dop_operator_3.py
[2025-07-24T20:39:17.397+0000] {logging_mixin.py:188} INFO - [2025-07-24T20:39:17.397+0000] {dag.py:3096} INFO - Sync 1 DAGs
[2025-07-24T20:39:17.412+0000] {logging_mixin.py:188} INFO - [2025-07-24T20:39:17.412+0000] {dag.py:3954} INFO - Setting next_dagrun for example_branch_dop_operator_v3 to 2025-07-24 20:38:00+00:00, run_after=2025-07-24 20:39:00+00:00
[2025-07-24T20:39:17.424+0000] {processor.py:183} INFO - Processing /home/airflow/.local/lib/python3.12/site-packages/airflow/example_dags/example_branch_python_dop_operator_3.py took 0.048 seconds
[2025-07-24T20:39:48.138+0000] {processor.py:161} INFO - Started process (PID=398) to work on /home/airflow/.local/lib/python3.12/site-packages/airflow/example_dags/example_branch_python_dop_operator_3.py
[2025-07-24T20:39:48.138+0000] {processor.py:830} INFO - Processing file /home/airflow/.local/lib/python3.12/site-packages/airflow/example_dags/example_branch_python_dop_operator_3.py for tasks to queue
[2025-07-24T20:39:48.140+0000] {logging_mixin.py:188} INFO - [2025-07-24T20:39:48.139+0000] {dagbag.py:545} INFO - Filling up the DagBag from /home/airflow/.local/lib/python3.12/site-packages/airflow/example_dags/example_branch_python_dop_operator_3.py
[2025-07-24T20:39:48.145+0000] {processor.py:840} INFO - DAG(s) 'example_branch_dop_operator_v3' retrieved from /home/airflow/.local/lib/python3.12/site-packages/airflow/example_dags/example_branch_python_dop_operator_3.py
[2025-07-24T20:39:48.158+0000] {logging_mixin.py:188} INFO - [2025-07-24T20:39:48.158+0000] {dag.py:3096} INFO - Sync 1 DAGs
[2025-07-24T20:39:48.175+0000] {logging_mixin.py:188} INFO - [2025-07-24T20:39:48.175+0000] {dag.py:3954} INFO - Setting next_dagrun for example_branch_dop_operator_v3 to 2025-07-24 20:38:00+00:00, run_after=2025-07-24 20:39:00+00:00
[2025-07-24T20:39:48.186+0000] {processor.py:183} INFO - Processing /home/airflow/.local/lib/python3.12/site-packages/airflow/example_dags/example_branch_python_dop_operator_3.py took 0.053 seconds
[2025-07-24T20:40:18.824+0000] {processor.py:161} INFO - Started process (PID=456) to work on /home/airflow/.local/lib/python3.12/site-packages/airflow/example_dags/example_branch_python_dop_operator_3.py
[2025-07-24T20:40:18.825+0000] {processor.py:830} INFO - Processing file /home/airflow/.local/lib/python3.12/site-packages/airflow/example_dags/example_branch_python_dop_operator_3.py for tasks to queue
[2025-07-24T20:40:18.826+0000] {logging_mixin.py:188} INFO - [2025-07-24T20:40:18.826+0000] {dagbag.py:545} INFO - Filling up the DagBag from /home/airflow/.local/lib/python3.12/site-packages/airflow/example_dags/example_branch_python_dop_operator_3.py
[2025-07-24T20:40:18.831+0000] {processor.py:840} INFO - DAG(s) 'example_branch_dop_operator_v3' retrieved from /home/airflow/.local/lib/python3.12/site-packages/airflow/example_dags/example_branch_python_dop_operator_3.py
[2025-07-24T20:40:18.841+0000] {logging_mixin.py:188} INFO - [2025-07-24T20:40:18.841+0000] {dag.py:3096} INFO - Sync 1 DAGs
[2025-07-24T20:40:18.855+0000] {logging_mixin.py:188} INFO - [2025-07-24T20:40:18.855+0000] {dag.py:3954} INFO - Setting next_dagrun for example_branch_dop_operator_v3 to 2025-07-24 20:39:00+00:00, run_after=2025-07-24 20:40:00+00:00
[2025-07-24T20:40:18.865+0000] {processor.py:183} INFO - Processing /home/airflow/.local/lib/python3.12/site-packages/airflow/example_dags/example_branch_python_dop_operator_3.py took 0.044 seconds
[2025-07-24T20:40:49.788+0000] {processor.py:161} INFO - Started process (PID=514) to work on /home/airflow/.local/lib/python3.12/site-packages/airflow/example_dags/example_branch_python_dop_operator_3.py
[2025-07-24T20:40:49.788+0000] {processor.py:830} INFO - Processing file /home/airflow/.local/lib/python3.12/site-packages/airflow/example_dags/example_branch_python_dop_operator_3.py for tasks to queue
[2025-07-24T20:40:49.789+0000] {logging_mixin.py:188} INFO - [2025-07-24T20:40:49.789+0000] {dagbag.py:545} INFO - Filling up the DagBag from /home/airflow/.local/lib/python3.12/site-packages/airflow/example_dags/example_branch_python_dop_operator_3.py
[2025-07-24T20:40:49.794+0000] {processor.py:840} INFO - DAG(s) 'example_branch_dop_operator_v3' retrieved from /home/airflow/.local/lib/python3.12/site-packages/airflow/example_dags/example_branch_python_dop_operator_3.py
[2025-07-24T20:40:49.805+0000] {logging_mixin.py:188} INFO - [2025-07-24T20:40:49.805+0000] {dag.py:3096} INFO - Sync 1 DAGs
[2025-07-24T20:40:49.819+0000] {logging_mixin.py:188} INFO - [2025-07-24T20:40:49.819+0000] {dag.py:3954} INFO - Setting next_dagrun for example_branch_dop_operator_v3 to 2025-07-24 20:39:00+00:00, run_after=2025-07-24 20:40:00+00:00
[2025-07-24T20:40:49.827+0000] {processor.py:183} INFO - Processing /home/airflow/.local/lib/python3.12/site-packages/airflow/example_dags/example_branch_python_dop_operator_3.py took 0.043 seconds
[2025-07-24T20:41:20.758+0000] {processor.py:161} INFO - Started process (PID=572) to work on /home/airflow/.local/lib/python3.12/site-packages/airflow/example_dags/example_branch_python_dop_operator_3.py
[2025-07-24T20:41:20.758+0000] {processor.py:830} INFO - Processing file /home/airflow/.local/lib/python3.12/site-packages/airflow/example_dags/example_branch_python_dop_operator_3.py for tasks to queue
[2025-07-24T20:41:20.759+0000] {logging_mixin.py:188} INFO - [2025-07-24T20:41:20.759+0000] {dagbag.py:545} INFO - Filling up the DagBag from /home/airflow/.local/lib/python3.12/site-packages/airflow/example_dags/example_branch_python_dop_operator_3.py
[2025-07-24T20:41:20.765+0000] {processor.py:840} INFO - DAG(s) 'example_branch_dop_operator_v3' retrieved from /home/airflow/.local/lib/python3.12/site-packages/airflow/example_dags/example_branch_python_dop_operator_3.py
[2025-07-24T20:41:20.778+0000] {logging_mixin.py:188} INFO - [2025-07-24T20:41:20.777+0000] {dag.py:3096} INFO - Sync 1 DAGs
[2025-07-24T20:41:20.792+0000] {logging_mixin.py:188} INFO - [2025-07-24T20:41:20.792+0000] {dag.py:3954} INFO - Setting next_dagrun for example_branch_dop_operator_v3 to 2025-07-24 20:40:00+00:00, run_after=2025-07-24 20:41:00+00:00
[2025-07-24T20:41:20.802+0000] {processor.py:183} INFO - Processing /home/airflow/.local/lib/python3.12/site-packages/airflow/example_dags/example_branch_python_dop_operator_3.py took 0.048 seconds
[2025-07-24T20:41:51.546+0000] {processor.py:161} INFO - Started process (PID=630) to work on /home/airflow/.local/lib/python3.12/site-packages/airflow/example_dags/example_branch_python_dop_operator_3.py
[2025-07-24T20:41:51.547+0000] {processor.py:830} INFO - Processing file /home/airflow/.local/lib/python3.12/site-packages/airflow/example_dags/example_branch_python_dop_operator_3.py for tasks to queue
[2025-07-24T20:41:51.548+0000] {logging_mixin.py:188} INFO - [2025-07-24T20:41:51.547+0000] {dagbag.py:545} INFO - Filling up the DagBag from /home/airflow/.local/lib/python3.12/site-packages/airflow/example_dags/example_branch_python_dop_operator_3.py
[2025-07-24T20:41:51.553+0000] {processor.py:840} INFO - DAG(s) 'example_branch_dop_operator_v3' retrieved from /home/airflow/.local/lib/python3.12/site-packages/airflow/example_dags/example_branch_python_dop_operator_3.py
[2025-07-24T20:41:51.565+0000] {logging_mixin.py:188} INFO - [2025-07-24T20:41:51.565+0000] {dag.py:3096} INFO - Sync 1 DAGs
[2025-07-24T20:41:51.579+0000] {logging_mixin.py:188} INFO - [2025-07-24T20:41:51.579+0000] {dag.py:3954} INFO - Setting next_dagrun for example_branch_dop_operator_v3 to 2025-07-24 20:40:00+00:00, run_after=2025-07-24 20:41:00+00:00
[2025-07-24T20:41:51.589+0000] {processor.py:183} INFO - Processing /home/airflow/.local/lib/python3.12/site-packages/airflow/example_dags/example_branch_python_dop_operator_3.py took 0.047 seconds
[2025-07-24T20:42:22.498+0000] {processor.py:161} INFO - Started process (PID=688) to work on /home/airflow/.local/lib/python3.12/site-packages/airflow/example_dags/example_branch_python_dop_operator_3.py
[2025-07-24T20:42:22.498+0000] {processor.py:830} INFO - Processing file /home/airflow/.local/lib/python3.12/site-packages/airflow/example_dags/example_branch_python_dop_operator_3.py for tasks to queue
[2025-07-24T20:42:22.499+0000] {logging_mixin.py:188} INFO - [2025-07-24T20:42:22.499+0000] {dagbag.py:545} INFO - Filling up the DagBag from /home/airflow/.local/lib/python3.12/site-packages/airflow/example_dags/example_branch_python_dop_operator_3.py
[2025-07-24T20:42:22.504+0000] {processor.py:840} INFO - DAG(s) 'example_branch_dop_operator_v3' retrieved from /home/airflow/.local/lib/python3.12/site-packages/airflow/example_dags/example_branch_python_dop_operator_3.py
[2025-07-24T20:42:22.515+0000] {logging_mixin.py:188} INFO - [2025-07-24T20:42:22.514+0000] {dag.py:3096} INFO - Sync 1 DAGs
[2025-07-24T20:42:22.528+0000] {logging_mixin.py:188} INFO - [2025-07-24T20:42:22.528+0000] {dag.py:3954} INFO - Setting next_dagrun for example_branch_dop_operator_v3 to 2025-07-24 20:41:00+00:00, run_after=2025-07-24 20:42:00+00:00
[2025-07-24T20:42:22.538+0000] {processor.py:183} INFO - Processing /home/airflow/.local/lib/python3.12/site-packages/airflow/example_dags/example_branch_python_dop_operator_3.py took 0.044 seconds
[2025-07-24T20:43:16.392+0000] {processor.py:161} INFO - Started process (PID=44) to work on /home/airflow/.local/lib/python3.12/site-packages/airflow/example_dags/example_branch_python_dop_operator_3.py
[2025-07-24T20:43:16.393+0000] {processor.py:830} INFO - Processing file /home/airflow/.local/lib/python3.12/site-packages/airflow/example_dags/example_branch_python_dop_operator_3.py for tasks to queue
[2025-07-24T20:43:16.394+0000] {logging_mixin.py:188} INFO - [2025-07-24T20:43:16.393+0000] {dagbag.py:545} INFO - Filling up the DagBag from /home/airflow/.local/lib/python3.12/site-packages/airflow/example_dags/example_branch_python_dop_operator_3.py
[2025-07-24T20:43:16.399+0000] {processor.py:840} INFO - DAG(s) 'example_branch_dop_operator_v3' retrieved from /home/airflow/.local/lib/python3.12/site-packages/airflow/example_dags/example_branch_python_dop_operator_3.py
[2025-07-24T20:43:16.405+0000] {logging_mixin.py:188} INFO - [2025-07-24T20:43:16.405+0000] {dag.py:3096} INFO - Sync 1 DAGs
[2025-07-24T20:43:16.418+0000] {logging_mixin.py:188} INFO - [2025-07-24T20:43:16.418+0000] {dag.py:3954} INFO - Setting next_dagrun for example_branch_dop_operator_v3 to 2025-07-24 20:42:00+00:00, run_after=2025-07-24 20:43:00+00:00
[2025-07-24T20:43:16.428+0000] {processor.py:183} INFO - Processing /home/airflow/.local/lib/python3.12/site-packages/airflow/example_dags/example_branch_python_dop_operator_3.py took 0.038 seconds
[2025-07-24T20:43:47.058+0000] {processor.py:161} INFO - Started process (PID=102) to work on /home/airflow/.local/lib/python3.12/site-packages/airflow/example_dags/example_branch_python_dop_operator_3.py
[2025-07-24T20:43:47.058+0000] {processor.py:830} INFO - Processing file /home/airflow/.local/lib/python3.12/site-packages/airflow/example_dags/example_branch_python_dop_operator_3.py for tasks to queue
[2025-07-24T20:43:47.059+0000] {logging_mixin.py:188} INFO - [2025-07-24T20:43:47.059+0000] {dagbag.py:545} INFO - Filling up the DagBag from /home/airflow/.local/lib/python3.12/site-packages/airflow/example_dags/example_branch_python_dop_operator_3.py
[2025-07-24T20:43:47.064+0000] {processor.py:840} INFO - DAG(s) 'example_branch_dop_operator_v3' retrieved from /home/airflow/.local/lib/python3.12/site-packages/airflow/example_dags/example_branch_python_dop_operator_3.py
[2025-07-24T20:43:47.114+0000] {logging_mixin.py:188} INFO - [2025-07-24T20:43:47.114+0000] {dag.py:3096} INFO - Sync 1 DAGs
[2025-07-24T20:43:47.125+0000] {logging_mixin.py:188} INFO - [2025-07-24T20:43:47.125+0000] {dag.py:3954} INFO - Setting next_dagrun for example_branch_dop_operator_v3 to 2025-07-24 20:42:00+00:00, run_after=2025-07-24 20:43:00+00:00
[2025-07-24T20:43:47.134+0000] {processor.py:183} INFO - Processing /home/airflow/.local/lib/python3.12/site-packages/airflow/example_dags/example_branch_python_dop_operator_3.py took 0.080 seconds
[2025-07-24T20:44:17.183+0000] {processor.py:161} INFO - Started process (PID=160) to work on /home/airflow/.local/lib/python3.12/site-packages/airflow/example_dags/example_branch_python_dop_operator_3.py
[2025-07-24T20:44:17.184+0000] {processor.py:830} INFO - Processing file /home/airflow/.local/lib/python3.12/site-packages/airflow/example_dags/example_branch_python_dop_operator_3.py for tasks to queue
[2025-07-24T20:44:17.185+0000] {logging_mixin.py:188} INFO - [2025-07-24T20:44:17.185+0000] {dagbag.py:545} INFO - Filling up the DagBag from /home/airflow/.local/lib/python3.12/site-packages/airflow/example_dags/example_branch_python_dop_operator_3.py
[2025-07-24T20:44:17.191+0000] {processor.py:840} INFO - DAG(s) 'example_branch_dop_operator_v3' retrieved from /home/airflow/.local/lib/python3.12/site-packages/airflow/example_dags/example_branch_python_dop_operator_3.py
[2025-07-24T20:44:17.203+0000] {logging_mixin.py:188} INFO - [2025-07-24T20:44:17.203+0000] {dag.py:3096} INFO - Sync 1 DAGs
[2025-07-24T20:44:17.218+0000] {logging_mixin.py:188} INFO - [2025-07-24T20:44:17.218+0000] {dag.py:3954} INFO - Setting next_dagrun for example_branch_dop_operator_v3 to 2025-07-24 20:43:00+00:00, run_after=2025-07-24 20:44:00+00:00
[2025-07-24T20:44:17.227+0000] {processor.py:183} INFO - Processing /home/airflow/.local/lib/python3.12/site-packages/airflow/example_dags/example_branch_python_dop_operator_3.py took 0.048 seconds
[2025-07-24T20:44:47.311+0000] {processor.py:161} INFO - Started process (PID=218) to work on /home/airflow/.local/lib/python3.12/site-packages/airflow/example_dags/example_branch_python_dop_operator_3.py
[2025-07-24T20:44:47.312+0000] {processor.py:830} INFO - Processing file /home/airflow/.local/lib/python3.12/site-packages/airflow/example_dags/example_branch_python_dop_operator_3.py for tasks to queue
[2025-07-24T20:44:47.313+0000] {logging_mixin.py:188} INFO - [2025-07-24T20:44:47.313+0000] {dagbag.py:545} INFO - Filling up the DagBag from /home/airflow/.local/lib/python3.12/site-packages/airflow/example_dags/example_branch_python_dop_operator_3.py
[2025-07-24T20:44:47.319+0000] {processor.py:840} INFO - DAG(s) 'example_branch_dop_operator_v3' retrieved from /home/airflow/.local/lib/python3.12/site-packages/airflow/example_dags/example_branch_python_dop_operator_3.py
[2025-07-24T20:44:47.332+0000] {logging_mixin.py:188} INFO - [2025-07-24T20:44:47.332+0000] {dag.py:3096} INFO - Sync 1 DAGs
[2025-07-24T20:44:47.347+0000] {logging_mixin.py:188} INFO - [2025-07-24T20:44:47.347+0000] {dag.py:3954} INFO - Setting next_dagrun for example_branch_dop_operator_v3 to 2025-07-24 20:43:00+00:00, run_after=2025-07-24 20:44:00+00:00
[2025-07-24T20:44:47.357+0000] {processor.py:183} INFO - Processing /home/airflow/.local/lib/python3.12/site-packages/airflow/example_dags/example_branch_python_dop_operator_3.py took 0.050 seconds
[2025-07-24T20:45:17.454+0000] {processor.py:161} INFO - Started process (PID=276) to work on /home/airflow/.local/lib/python3.12/site-packages/airflow/example_dags/example_branch_python_dop_operator_3.py
[2025-07-24T20:45:17.455+0000] {processor.py:830} INFO - Processing file /home/airflow/.local/lib/python3.12/site-packages/airflow/example_dags/example_branch_python_dop_operator_3.py for tasks to queue
[2025-07-24T20:45:17.456+0000] {logging_mixin.py:188} INFO - [2025-07-24T20:45:17.456+0000] {dagbag.py:545} INFO - Filling up the DagBag from /home/airflow/.local/lib/python3.12/site-packages/airflow/example_dags/example_branch_python_dop_operator_3.py
[2025-07-24T20:45:17.460+0000] {processor.py:840} INFO - DAG(s) 'example_branch_dop_operator_v3' retrieved from /home/airflow/.local/lib/python3.12/site-packages/airflow/example_dags/example_branch_python_dop_operator_3.py
[2025-07-24T20:45:17.470+0000] {logging_mixin.py:188} INFO - [2025-07-24T20:45:17.470+0000] {dag.py:3096} INFO - Sync 1 DAGs
[2025-07-24T20:45:17.482+0000] {logging_mixin.py:188} INFO - [2025-07-24T20:45:17.482+0000] {dag.py:3954} INFO - Setting next_dagrun for example_branch_dop_operator_v3 to 2025-07-24 20:44:00+00:00, run_after=2025-07-24 20:45:00+00:00
[2025-07-24T20:45:17.493+0000] {processor.py:183} INFO - Processing /home/airflow/.local/lib/python3.12/site-packages/airflow/example_dags/example_branch_python_dop_operator_3.py took 0.042 seconds
[2025-07-24T20:45:47.994+0000] {processor.py:161} INFO - Started process (PID=334) to work on /home/airflow/.local/lib/python3.12/site-packages/airflow/example_dags/example_branch_python_dop_operator_3.py
[2025-07-24T20:45:47.994+0000] {processor.py:830} INFO - Processing file /home/airflow/.local/lib/python3.12/site-packages/airflow/example_dags/example_branch_python_dop_operator_3.py for tasks to queue
[2025-07-24T20:45:47.995+0000] {logging_mixin.py:188} INFO - [2025-07-24T20:45:47.995+0000] {dagbag.py:545} INFO - Filling up the DagBag from /home/airflow/.local/lib/python3.12/site-packages/airflow/example_dags/example_branch_python_dop_operator_3.py
[2025-07-24T20:45:48.000+0000] {processor.py:840} INFO - DAG(s) 'example_branch_dop_operator_v3' retrieved from /home/airflow/.local/lib/python3.12/site-packages/airflow/example_dags/example_branch_python_dop_operator_3.py
[2025-07-24T20:45:48.011+0000] {logging_mixin.py:188} INFO - [2025-07-24T20:45:48.011+0000] {dag.py:3096} INFO - Sync 1 DAGs
[2025-07-24T20:45:48.025+0000] {logging_mixin.py:188} INFO - [2025-07-24T20:45:48.025+0000] {dag.py:3954} INFO - Setting next_dagrun for example_branch_dop_operator_v3 to 2025-07-24 20:44:00+00:00, run_after=2025-07-24 20:45:00+00:00
[2025-07-24T20:45:48.035+0000] {processor.py:183} INFO - Processing /home/airflow/.local/lib/python3.12/site-packages/airflow/example_dags/example_branch_python_dop_operator_3.py took 0.044 seconds
[2025-07-24T20:46:18.638+0000] {processor.py:161} INFO - Started process (PID=392) to work on /home/airflow/.local/lib/python3.12/site-packages/airflow/example_dags/example_branch_python_dop_operator_3.py
[2025-07-24T20:46:18.638+0000] {processor.py:830} INFO - Processing file /home/airflow/.local/lib/python3.12/site-packages/airflow/example_dags/example_branch_python_dop_operator_3.py for tasks to queue
[2025-07-24T20:46:18.639+0000] {logging_mixin.py:188} INFO - [2025-07-24T20:46:18.639+0000] {dagbag.py:545} INFO - Filling up the DagBag from /home/airflow/.local/lib/python3.12/site-packages/airflow/example_dags/example_branch_python_dop_operator_3.py
[2025-07-24T20:46:18.644+0000] {processor.py:840} INFO - DAG(s) 'example_branch_dop_operator_v3' retrieved from /home/airflow/.local/lib/python3.12/site-packages/airflow/example_dags/example_branch_python_dop_operator_3.py
[2025-07-24T20:46:18.656+0000] {logging_mixin.py:188} INFO - [2025-07-24T20:46:18.656+0000] {dag.py:3096} INFO - Sync 1 DAGs
[2025-07-24T20:46:18.671+0000] {logging_mixin.py:188} INFO - [2025-07-24T20:46:18.671+0000] {dag.py:3954} INFO - Setting next_dagrun for example_branch_dop_operator_v3 to 2025-07-24 20:45:00+00:00, run_after=2025-07-24 20:46:00+00:00
[2025-07-24T20:46:18.681+0000] {processor.py:183} INFO - Processing /home/airflow/.local/lib/python3.12/site-packages/airflow/example_dags/example_branch_python_dop_operator_3.py took 0.047 seconds
[2025-07-24T20:46:49.368+0000] {processor.py:161} INFO - Started process (PID=450) to work on /home/airflow/.local/lib/python3.12/site-packages/airflow/example_dags/example_branch_python_dop_operator_3.py
[2025-07-24T20:46:49.369+0000] {processor.py:830} INFO - Processing file /home/airflow/.local/lib/python3.12/site-packages/airflow/example_dags/example_branch_python_dop_operator_3.py for tasks to queue
[2025-07-24T20:46:49.370+0000] {logging_mixin.py:188} INFO - [2025-07-24T20:46:49.370+0000] {dagbag.py:545} INFO - Filling up the DagBag from /home/airflow/.local/lib/python3.12/site-packages/airflow/example_dags/example_branch_python_dop_operator_3.py
[2025-07-24T20:46:49.375+0000] {processor.py:840} INFO - DAG(s) 'example_branch_dop_operator_v3' retrieved from /home/airflow/.local/lib/python3.12/site-packages/airflow/example_dags/example_branch_python_dop_operator_3.py
[2025-07-24T20:46:49.386+0000] {logging_mixin.py:188} INFO - [2025-07-24T20:46:49.386+0000] {dag.py:3096} INFO - Sync 1 DAGs
[2025-07-24T20:46:49.400+0000] {logging_mixin.py:188} INFO - [2025-07-24T20:46:49.400+0000] {dag.py:3954} INFO - Setting next_dagrun for example_branch_dop_operator_v3 to 2025-07-24 20:45:00+00:00, run_after=2025-07-24 20:46:00+00:00
[2025-07-24T20:46:49.410+0000] {processor.py:183} INFO - Processing /home/airflow/.local/lib/python3.12/site-packages/airflow/example_dags/example_branch_python_dop_operator_3.py took 0.045 seconds
[2025-07-24T20:47:20.014+0000] {processor.py:161} INFO - Started process (PID=508) to work on /home/airflow/.local/lib/python3.12/site-packages/airflow/example_dags/example_branch_python_dop_operator_3.py
[2025-07-24T20:47:20.014+0000] {processor.py:830} INFO - Processing file /home/airflow/.local/lib/python3.12/site-packages/airflow/example_dags/example_branch_python_dop_operator_3.py for tasks to queue
[2025-07-24T20:47:20.015+0000] {logging_mixin.py:188} INFO - [2025-07-24T20:47:20.015+0000] {dagbag.py:545} INFO - Filling up the DagBag from /home/airflow/.local/lib/python3.12/site-packages/airflow/example_dags/example_branch_python_dop_operator_3.py
[2025-07-24T20:47:20.020+0000] {processor.py:840} INFO - DAG(s) 'example_branch_dop_operator_v3' retrieved from /home/airflow/.local/lib/python3.12/site-packages/airflow/example_dags/example_branch_python_dop_operator_3.py
[2025-07-24T20:47:20.030+0000] {logging_mixin.py:188} INFO - [2025-07-24T20:47:20.030+0000] {dag.py:3096} INFO - Sync 1 DAGs
[2025-07-24T20:47:20.042+0000] {logging_mixin.py:188} INFO - [2025-07-24T20:47:20.042+0000] {dag.py:3954} INFO - Setting next_dagrun for example_branch_dop_operator_v3 to 2025-07-24 20:46:00+00:00, run_after=2025-07-24 20:47:00+00:00
[2025-07-24T20:47:20.051+0000] {processor.py:183} INFO - Processing /home/airflow/.local/lib/python3.12/site-packages/airflow/example_dags/example_branch_python_dop_operator_3.py took 0.040 seconds
[2025-07-24T20:47:50.736+0000] {processor.py:161} INFO - Started process (PID=572) to work on /home/airflow/.local/lib/python3.12/site-packages/airflow/example_dags/example_branch_python_dop_operator_3.py
[2025-07-24T20:47:50.737+0000] {processor.py:830} INFO - Processing file /home/airflow/.local/lib/python3.12/site-packages/airflow/example_dags/example_branch_python_dop_operator_3.py for tasks to queue
[2025-07-24T20:47:50.738+0000] {logging_mixin.py:188} INFO - [2025-07-24T20:47:50.737+0000] {dagbag.py:545} INFO - Filling up the DagBag from /home/airflow/.local/lib/python3.12/site-packages/airflow/example_dags/example_branch_python_dop_operator_3.py
[2025-07-24T20:47:50.743+0000] {processor.py:840} INFO - DAG(s) 'example_branch_dop_operator_v3' retrieved from /home/airflow/.local/lib/python3.12/site-packages/airflow/example_dags/example_branch_python_dop_operator_3.py
[2025-07-24T20:47:50.754+0000] {logging_mixin.py:188} INFO - [2025-07-24T20:47:50.754+0000] {dag.py:3096} INFO - Sync 1 DAGs
[2025-07-24T20:47:50.769+0000] {logging_mixin.py:188} INFO - [2025-07-24T20:47:50.768+0000] {dag.py:3954} INFO - Setting next_dagrun for example_branch_dop_operator_v3 to 2025-07-24 20:46:00+00:00, run_after=2025-07-24 20:47:00+00:00
[2025-07-24T20:47:50.778+0000] {processor.py:183} INFO - Processing /home/airflow/.local/lib/python3.12/site-packages/airflow/example_dags/example_branch_python_dop_operator_3.py took 0.046 seconds
[2025-07-24T20:48:21.403+0000] {processor.py:161} INFO - Started process (PID=630) to work on /home/airflow/.local/lib/python3.12/site-packages/airflow/example_dags/example_branch_python_dop_operator_3.py
[2025-07-24T20:48:21.404+0000] {processor.py:830} INFO - Processing file /home/airflow/.local/lib/python3.12/site-packages/airflow/example_dags/example_branch_python_dop_operator_3.py for tasks to queue
[2025-07-24T20:48:21.405+0000] {logging_mixin.py:188} INFO - [2025-07-24T20:48:21.405+0000] {dagbag.py:545} INFO - Filling up the DagBag from /home/airflow/.local/lib/python3.12/site-packages/airflow/example_dags/example_branch_python_dop_operator_3.py
[2025-07-24T20:48:21.411+0000] {processor.py:840} INFO - DAG(s) 'example_branch_dop_operator_v3' retrieved from /home/airflow/.local/lib/python3.12/site-packages/airflow/example_dags/example_branch_python_dop_operator_3.py
[2025-07-24T20:48:21.423+0000] {logging_mixin.py:188} INFO - [2025-07-24T20:48:21.422+0000] {dag.py:3096} INFO - Sync 1 DAGs
[2025-07-24T20:48:21.436+0000] {logging_mixin.py:188} INFO - [2025-07-24T20:48:21.436+0000] {dag.py:3954} INFO - Setting next_dagrun for example_branch_dop_operator_v3 to 2025-07-24 20:47:00+00:00, run_after=2025-07-24 20:48:00+00:00
[2025-07-24T20:48:21.447+0000] {processor.py:183} INFO - Processing /home/airflow/.local/lib/python3.12/site-packages/airflow/example_dags/example_branch_python_dop_operator_3.py took 0.047 seconds
[2025-07-24T20:48:52.057+0000] {processor.py:161} INFO - Started process (PID=688) to work on /home/airflow/.local/lib/python3.12/site-packages/airflow/example_dags/example_branch_python_dop_operator_3.py
[2025-07-24T20:48:52.057+0000] {processor.py:830} INFO - Processing file /home/airflow/.local/lib/python3.12/site-packages/airflow/example_dags/example_branch_python_dop_operator_3.py for tasks to queue
[2025-07-24T20:48:52.058+0000] {logging_mixin.py:188} INFO - [2025-07-24T20:48:52.058+0000] {dagbag.py:545} INFO - Filling up the DagBag from /home/airflow/.local/lib/python3.12/site-packages/airflow/example_dags/example_branch_python_dop_operator_3.py
[2025-07-24T20:48:52.064+0000] {processor.py:840} INFO - DAG(s) 'example_branch_dop_operator_v3' retrieved from /home/airflow/.local/lib/python3.12/site-packages/airflow/example_dags/example_branch_python_dop_operator_3.py
[2025-07-24T20:48:52.075+0000] {logging_mixin.py:188} INFO - [2025-07-24T20:48:52.075+0000] {dag.py:3096} INFO - Sync 1 DAGs
[2025-07-24T20:48:52.089+0000] {logging_mixin.py:188} INFO - [2025-07-24T20:48:52.089+0000] {dag.py:3954} INFO - Setting next_dagrun for example_branch_dop_operator_v3 to 2025-07-24 20:47:00+00:00, run_after=2025-07-24 20:48:00+00:00
[2025-07-24T20:48:52.098+0000] {processor.py:183} INFO - Processing /home/airflow/.local/lib/python3.12/site-packages/airflow/example_dags/example_branch_python_dop_operator_3.py took 0.045 seconds
[2025-07-24T20:49:22.657+0000] {processor.py:161} INFO - Started process (PID=746) to work on /home/airflow/.local/lib/python3.12/site-packages/airflow/example_dags/example_branch_python_dop_operator_3.py
[2025-07-24T20:49:22.658+0000] {processor.py:830} INFO - Processing file /home/airflow/.local/lib/python3.12/site-packages/airflow/example_dags/example_branch_python_dop_operator_3.py for tasks to queue
[2025-07-24T20:49:22.659+0000] {logging_mixin.py:188} INFO - [2025-07-24T20:49:22.658+0000] {dagbag.py:545} INFO - Filling up the DagBag from /home/airflow/.local/lib/python3.12/site-packages/airflow/example_dags/example_branch_python_dop_operator_3.py
[2025-07-24T20:49:22.663+0000] {processor.py:840} INFO - DAG(s) 'example_branch_dop_operator_v3' retrieved from /home/airflow/.local/lib/python3.12/site-packages/airflow/example_dags/example_branch_python_dop_operator_3.py
[2025-07-24T20:49:22.674+0000] {logging_mixin.py:188} INFO - [2025-07-24T20:49:22.674+0000] {dag.py:3096} INFO - Sync 1 DAGs
[2025-07-24T20:49:22.686+0000] {logging_mixin.py:188} INFO - [2025-07-24T20:49:22.686+0000] {dag.py:3954} INFO - Setting next_dagrun for example_branch_dop_operator_v3 to 2025-07-24 20:48:00+00:00, run_after=2025-07-24 20:49:00+00:00
[2025-07-24T20:49:22.695+0000] {processor.py:183} INFO - Processing /home/airflow/.local/lib/python3.12/site-packages/airflow/example_dags/example_branch_python_dop_operator_3.py took 0.041 seconds
[2025-07-24T20:49:53.246+0000] {processor.py:161} INFO - Started process (PID=804) to work on /home/airflow/.local/lib/python3.12/site-packages/airflow/example_dags/example_branch_python_dop_operator_3.py
[2025-07-24T20:49:53.246+0000] {processor.py:830} INFO - Processing file /home/airflow/.local/lib/python3.12/site-packages/airflow/example_dags/example_branch_python_dop_operator_3.py for tasks to queue
[2025-07-24T20:49:53.247+0000] {logging_mixin.py:188} INFO - [2025-07-24T20:49:53.247+0000] {dagbag.py:545} INFO - Filling up the DagBag from /home/airflow/.local/lib/python3.12/site-packages/airflow/example_dags/example_branch_python_dop_operator_3.py
[2025-07-24T20:49:53.252+0000] {processor.py:840} INFO - DAG(s) 'example_branch_dop_operator_v3' retrieved from /home/airflow/.local/lib/python3.12/site-packages/airflow/example_dags/example_branch_python_dop_operator_3.py
[2025-07-24T20:49:53.265+0000] {logging_mixin.py:188} INFO - [2025-07-24T20:49:53.265+0000] {dag.py:3096} INFO - Sync 1 DAGs
[2025-07-24T20:49:53.283+0000] {logging_mixin.py:188} INFO - [2025-07-24T20:49:53.283+0000] {dag.py:3954} INFO - Setting next_dagrun for example_branch_dop_operator_v3 to 2025-07-24 20:48:00+00:00, run_after=2025-07-24 20:49:00+00:00
[2025-07-24T20:49:53.293+0000] {processor.py:183} INFO - Processing /home/airflow/.local/lib/python3.12/site-packages/airflow/example_dags/example_branch_python_dop_operator_3.py took 0.051 seconds
[2025-07-24T20:50:23.954+0000] {processor.py:161} INFO - Started process (PID=862) to work on /home/airflow/.local/lib/python3.12/site-packages/airflow/example_dags/example_branch_python_dop_operator_3.py
[2025-07-24T20:50:23.955+0000] {processor.py:830} INFO - Processing file /home/airflow/.local/lib/python3.12/site-packages/airflow/example_dags/example_branch_python_dop_operator_3.py for tasks to queue
[2025-07-24T20:50:23.956+0000] {logging_mixin.py:188} INFO - [2025-07-24T20:50:23.956+0000] {dagbag.py:545} INFO - Filling up the DagBag from /home/airflow/.local/lib/python3.12/site-packages/airflow/example_dags/example_branch_python_dop_operator_3.py
[2025-07-24T20:50:23.961+0000] {processor.py:840} INFO - DAG(s) 'example_branch_dop_operator_v3' retrieved from /home/airflow/.local/lib/python3.12/site-packages/airflow/example_dags/example_branch_python_dop_operator_3.py
[2025-07-24T20:50:23.973+0000] {logging_mixin.py:188} INFO - [2025-07-24T20:50:23.972+0000] {dag.py:3096} INFO - Sync 1 DAGs
[2025-07-24T20:50:23.988+0000] {logging_mixin.py:188} INFO - [2025-07-24T20:50:23.988+0000] {dag.py:3954} INFO - Setting next_dagrun for example_branch_dop_operator_v3 to 2025-07-24 20:49:00+00:00, run_after=2025-07-24 20:50:00+00:00
[2025-07-24T20:50:23.999+0000] {processor.py:183} INFO - Processing /home/airflow/.local/lib/python3.12/site-packages/airflow/example_dags/example_branch_python_dop_operator_3.py took 0.049 seconds
[2025-07-24T20:50:54.107+0000] {processor.py:161} INFO - Started process (PID=920) to work on /home/airflow/.local/lib/python3.12/site-packages/airflow/example_dags/example_branch_python_dop_operator_3.py
[2025-07-24T20:50:54.108+0000] {processor.py:830} INFO - Processing file /home/airflow/.local/lib/python3.12/site-packages/airflow/example_dags/example_branch_python_dop_operator_3.py for tasks to queue
[2025-07-24T20:50:54.109+0000] {logging_mixin.py:188} INFO - [2025-07-24T20:50:54.109+0000] {dagbag.py:545} INFO - Filling up the DagBag from /home/airflow/.local/lib/python3.12/site-packages/airflow/example_dags/example_branch_python_dop_operator_3.py
[2025-07-24T20:50:54.114+0000] {processor.py:840} INFO - DAG(s) 'example_branch_dop_operator_v3' retrieved from /home/airflow/.local/lib/python3.12/site-packages/airflow/example_dags/example_branch_python_dop_operator_3.py
[2025-07-24T20:50:54.125+0000] {logging_mixin.py:188} INFO - [2025-07-24T20:50:54.125+0000] {dag.py:3096} INFO - Sync 1 DAGs
[2025-07-24T20:50:54.139+0000] {logging_mixin.py:188} INFO - [2025-07-24T20:50:54.139+0000] {dag.py:3954} INFO - Setting next_dagrun for example_branch_dop_operator_v3 to 2025-07-24 20:49:00+00:00, run_after=2025-07-24 20:50:00+00:00
[2025-07-24T20:50:54.149+0000] {processor.py:183} INFO - Processing /home/airflow/.local/lib/python3.12/site-packages/airflow/example_dags/example_branch_python_dop_operator_3.py took 0.045 seconds
[2025-07-24T20:51:24.877+0000] {processor.py:161} INFO - Started process (PID=978) to work on /home/airflow/.local/lib/python3.12/site-packages/airflow/example_dags/example_branch_python_dop_operator_3.py
[2025-07-24T20:51:24.877+0000] {processor.py:830} INFO - Processing file /home/airflow/.local/lib/python3.12/site-packages/airflow/example_dags/example_branch_python_dop_operator_3.py for tasks to queue
[2025-07-24T20:51:24.879+0000] {logging_mixin.py:188} INFO - [2025-07-24T20:51:24.878+0000] {dagbag.py:545} INFO - Filling up the DagBag from /home/airflow/.local/lib/python3.12/site-packages/airflow/example_dags/example_branch_python_dop_operator_3.py
[2025-07-24T20:51:24.884+0000] {processor.py:840} INFO - DAG(s) 'example_branch_dop_operator_v3' retrieved from /home/airflow/.local/lib/python3.12/site-packages/airflow/example_dags/example_branch_python_dop_operator_3.py
[2025-07-24T20:51:24.894+0000] {logging_mixin.py:188} INFO - [2025-07-24T20:51:24.894+0000] {dag.py:3096} INFO - Sync 1 DAGs
[2025-07-24T20:51:24.907+0000] {logging_mixin.py:188} INFO - [2025-07-24T20:51:24.907+0000] {dag.py:3954} INFO - Setting next_dagrun for example_branch_dop_operator_v3 to 2025-07-24 20:50:00+00:00, run_after=2025-07-24 20:51:00+00:00
[2025-07-24T20:51:24.917+0000] {processor.py:183} INFO - Processing /home/airflow/.local/lib/python3.12/site-packages/airflow/example_dags/example_branch_python_dop_operator_3.py took 0.043 seconds
[2025-07-24T20:51:55.593+0000] {processor.py:161} INFO - Started process (PID=1036) to work on /home/airflow/.local/lib/python3.12/site-packages/airflow/example_dags/example_branch_python_dop_operator_3.py
[2025-07-24T20:51:55.594+0000] {processor.py:830} INFO - Processing file /home/airflow/.local/lib/python3.12/site-packages/airflow/example_dags/example_branch_python_dop_operator_3.py for tasks to queue
[2025-07-24T20:51:55.595+0000] {logging_mixin.py:188} INFO - [2025-07-24T20:51:55.595+0000] {dagbag.py:545} INFO - Filling up the DagBag from /home/airflow/.local/lib/python3.12/site-packages/airflow/example_dags/example_branch_python_dop_operator_3.py
[2025-07-24T20:51:55.600+0000] {processor.py:840} INFO - DAG(s) 'example_branch_dop_operator_v3' retrieved from /home/airflow/.local/lib/python3.12/site-packages/airflow/example_dags/example_branch_python_dop_operator_3.py
[2025-07-24T20:51:55.611+0000] {logging_mixin.py:188} INFO - [2025-07-24T20:51:55.611+0000] {dag.py:3096} INFO - Sync 1 DAGs
[2025-07-24T20:51:55.625+0000] {logging_mixin.py:188} INFO - [2025-07-24T20:51:55.625+0000] {dag.py:3954} INFO - Setting next_dagrun for example_branch_dop_operator_v3 to 2025-07-24 20:50:00+00:00, run_after=2025-07-24 20:51:00+00:00
[2025-07-24T20:51:55.637+0000] {processor.py:183} INFO - Processing /home/airflow/.local/lib/python3.12/site-packages/airflow/example_dags/example_branch_python_dop_operator_3.py took 0.047 seconds
[2025-07-24T20:52:26.333+0000] {processor.py:161} INFO - Started process (PID=1094) to work on /home/airflow/.local/lib/python3.12/site-packages/airflow/example_dags/example_branch_python_dop_operator_3.py
[2025-07-24T20:52:26.333+0000] {processor.py:830} INFO - Processing file /home/airflow/.local/lib/python3.12/site-packages/airflow/example_dags/example_branch_python_dop_operator_3.py for tasks to queue
[2025-07-24T20:52:26.334+0000] {logging_mixin.py:188} INFO - [2025-07-24T20:52:26.334+0000] {dagbag.py:545} INFO - Filling up the DagBag from /home/airflow/.local/lib/python3.12/site-packages/airflow/example_dags/example_branch_python_dop_operator_3.py
[2025-07-24T20:52:26.339+0000] {processor.py:840} INFO - DAG(s) 'example_branch_dop_operator_v3' retrieved from /home/airflow/.local/lib/python3.12/site-packages/airflow/example_dags/example_branch_python_dop_operator_3.py
[2025-07-24T20:52:26.350+0000] {logging_mixin.py:188} INFO - [2025-07-24T20:52:26.349+0000] {dag.py:3096} INFO - Sync 1 DAGs
[2025-07-24T20:52:26.363+0000] {logging_mixin.py:188} INFO - [2025-07-24T20:52:26.363+0000] {dag.py:3954} INFO - Setting next_dagrun for example_branch_dop_operator_v3 to 2025-07-24 20:51:00+00:00, run_after=2025-07-24 20:52:00+00:00
[2025-07-24T20:52:26.373+0000] {processor.py:183} INFO - Processing /home/airflow/.local/lib/python3.12/site-packages/airflow/example_dags/example_branch_python_dop_operator_3.py took 0.043 seconds
[2025-07-24T20:52:57.052+0000] {processor.py:161} INFO - Started process (PID=1152) to work on /home/airflow/.local/lib/python3.12/site-packages/airflow/example_dags/example_branch_python_dop_operator_3.py
[2025-07-24T20:52:57.053+0000] {processor.py:830} INFO - Processing file /home/airflow/.local/lib/python3.12/site-packages/airflow/example_dags/example_branch_python_dop_operator_3.py for tasks to queue
[2025-07-24T20:52:57.054+0000] {logging_mixin.py:188} INFO - [2025-07-24T20:52:57.054+0000] {dagbag.py:545} INFO - Filling up the DagBag from /home/airflow/.local/lib/python3.12/site-packages/airflow/example_dags/example_branch_python_dop_operator_3.py
[2025-07-24T20:52:57.059+0000] {processor.py:840} INFO - DAG(s) 'example_branch_dop_operator_v3' retrieved from /home/airflow/.local/lib/python3.12/site-packages/airflow/example_dags/example_branch_python_dop_operator_3.py
[2025-07-24T20:52:57.071+0000] {logging_mixin.py:188} INFO - [2025-07-24T20:52:57.071+0000] {dag.py:3096} INFO - Sync 1 DAGs
[2025-07-24T20:52:57.086+0000] {logging_mixin.py:188} INFO - [2025-07-24T20:52:57.086+0000] {dag.py:3954} INFO - Setting next_dagrun for example_branch_dop_operator_v3 to 2025-07-24 20:51:00+00:00, run_after=2025-07-24 20:52:00+00:00
[2025-07-24T20:52:57.109+0000] {processor.py:183} INFO - Processing /home/airflow/.local/lib/python3.12/site-packages/airflow/example_dags/example_branch_python_dop_operator_3.py took 0.061 seconds
[2025-07-24T20:53:27.150+0000] {processor.py:161} INFO - Started process (PID=1210) to work on /home/airflow/.local/lib/python3.12/site-packages/airflow/example_dags/example_branch_python_dop_operator_3.py
[2025-07-24T20:53:27.151+0000] {processor.py:830} INFO - Processing file /home/airflow/.local/lib/python3.12/site-packages/airflow/example_dags/example_branch_python_dop_operator_3.py for tasks to queue
[2025-07-24T20:53:27.152+0000] {logging_mixin.py:188} INFO - [2025-07-24T20:53:27.152+0000] {dagbag.py:545} INFO - Filling up the DagBag from /home/airflow/.local/lib/python3.12/site-packages/airflow/example_dags/example_branch_python_dop_operator_3.py
[2025-07-24T20:53:27.156+0000] {processor.py:840} INFO - DAG(s) 'example_branch_dop_operator_v3' retrieved from /home/airflow/.local/lib/python3.12/site-packages/airflow/example_dags/example_branch_python_dop_operator_3.py
[2025-07-24T20:53:27.167+0000] {logging_mixin.py:188} INFO - [2025-07-24T20:53:27.167+0000] {dag.py:3096} INFO - Sync 1 DAGs
[2025-07-24T20:53:27.179+0000] {logging_mixin.py:188} INFO - [2025-07-24T20:53:27.179+0000] {dag.py:3954} INFO - Setting next_dagrun for example_branch_dop_operator_v3 to 2025-07-24 20:52:00+00:00, run_after=2025-07-24 20:53:00+00:00
[2025-07-24T20:53:27.203+0000] {processor.py:183} INFO - Processing /home/airflow/.local/lib/python3.12/site-packages/airflow/example_dags/example_branch_python_dop_operator_3.py took 0.056 seconds
[2025-07-24T20:53:57.320+0000] {processor.py:161} INFO - Started process (PID=1268) to work on /home/airflow/.local/lib/python3.12/site-packages/airflow/example_dags/example_branch_python_dop_operator_3.py
[2025-07-24T20:53:57.321+0000] {processor.py:830} INFO - Processing file /home/airflow/.local/lib/python3.12/site-packages/airflow/example_dags/example_branch_python_dop_operator_3.py for tasks to queue
[2025-07-24T20:53:57.322+0000] {logging_mixin.py:188} INFO - [2025-07-24T20:53:57.321+0000] {dagbag.py:545} INFO - Filling up the DagBag from /home/airflow/.local/lib/python3.12/site-packages/airflow/example_dags/example_branch_python_dop_operator_3.py
[2025-07-24T20:53:57.327+0000] {processor.py:840} INFO - DAG(s) 'example_branch_dop_operator_v3' retrieved from /home/airflow/.local/lib/python3.12/site-packages/airflow/example_dags/example_branch_python_dop_operator_3.py
[2025-07-24T20:53:57.338+0000] {logging_mixin.py:188} INFO - [2025-07-24T20:53:57.338+0000] {dag.py:3096} INFO - Sync 1 DAGs
[2025-07-24T20:53:57.352+0000] {logging_mixin.py:188} INFO - [2025-07-24T20:53:57.352+0000] {dag.py:3954} INFO - Setting next_dagrun for example_branch_dop_operator_v3 to 2025-07-24 20:52:00+00:00, run_after=2025-07-24 20:53:00+00:00
[2025-07-24T20:53:57.380+0000] {processor.py:183} INFO - Processing /home/airflow/.local/lib/python3.12/site-packages/airflow/example_dags/example_branch_python_dop_operator_3.py took 0.063 seconds
[2025-07-24T20:54:27.499+0000] {processor.py:161} INFO - Started process (PID=1326) to work on /home/airflow/.local/lib/python3.12/site-packages/airflow/example_dags/example_branch_python_dop_operator_3.py
[2025-07-24T20:54:27.500+0000] {processor.py:830} INFO - Processing file /home/airflow/.local/lib/python3.12/site-packages/airflow/example_dags/example_branch_python_dop_operator_3.py for tasks to queue
[2025-07-24T20:54:27.500+0000] {logging_mixin.py:188} INFO - [2025-07-24T20:54:27.500+0000] {dagbag.py:545} INFO - Filling up the DagBag from /home/airflow/.local/lib/python3.12/site-packages/airflow/example_dags/example_branch_python_dop_operator_3.py
[2025-07-24T20:54:27.505+0000] {processor.py:840} INFO - DAG(s) 'example_branch_dop_operator_v3' retrieved from /home/airflow/.local/lib/python3.12/site-packages/airflow/example_dags/example_branch_python_dop_operator_3.py
[2025-07-24T20:54:27.515+0000] {logging_mixin.py:188} INFO - [2025-07-24T20:54:27.515+0000] {dag.py:3096} INFO - Sync 1 DAGs
[2025-07-24T20:54:27.527+0000] {logging_mixin.py:188} INFO - [2025-07-24T20:54:27.526+0000] {dag.py:3954} INFO - Setting next_dagrun for example_branch_dop_operator_v3 to 2025-07-24 20:53:00+00:00, run_after=2025-07-24 20:54:00+00:00
[2025-07-24T20:54:27.535+0000] {processor.py:183} INFO - Processing /home/airflow/.local/lib/python3.12/site-packages/airflow/example_dags/example_branch_python_dop_operator_3.py took 0.039 seconds
[2025-07-24T20:54:58.392+0000] {processor.py:161} INFO - Started process (PID=1384) to work on /home/airflow/.local/lib/python3.12/site-packages/airflow/example_dags/example_branch_python_dop_operator_3.py
[2025-07-24T20:54:58.392+0000] {processor.py:830} INFO - Processing file /home/airflow/.local/lib/python3.12/site-packages/airflow/example_dags/example_branch_python_dop_operator_3.py for tasks to queue
[2025-07-24T20:54:58.393+0000] {logging_mixin.py:188} INFO - [2025-07-24T20:54:58.393+0000] {dagbag.py:545} INFO - Filling up the DagBag from /home/airflow/.local/lib/python3.12/site-packages/airflow/example_dags/example_branch_python_dop_operator_3.py
[2025-07-24T20:54:58.397+0000] {processor.py:840} INFO - DAG(s) 'example_branch_dop_operator_v3' retrieved from /home/airflow/.local/lib/python3.12/site-packages/airflow/example_dags/example_branch_python_dop_operator_3.py
[2025-07-24T20:54:58.408+0000] {logging_mixin.py:188} INFO - [2025-07-24T20:54:58.407+0000] {dag.py:3096} INFO - Sync 1 DAGs
[2025-07-24T20:54:58.419+0000] {logging_mixin.py:188} INFO - [2025-07-24T20:54:58.419+0000] {dag.py:3954} INFO - Setting next_dagrun for example_branch_dop_operator_v3 to 2025-07-24 20:53:00+00:00, run_after=2025-07-24 20:54:00+00:00
[2025-07-24T20:54:58.427+0000] {processor.py:183} INFO - Processing /home/airflow/.local/lib/python3.12/site-packages/airflow/example_dags/example_branch_python_dop_operator_3.py took 0.039 seconds
[2025-07-24T20:55:29.185+0000] {processor.py:161} INFO - Started process (PID=1442) to work on /home/airflow/.local/lib/python3.12/site-packages/airflow/example_dags/example_branch_python_dop_operator_3.py
[2025-07-24T20:55:29.186+0000] {processor.py:830} INFO - Processing file /home/airflow/.local/lib/python3.12/site-packages/airflow/example_dags/example_branch_python_dop_operator_3.py for tasks to queue
[2025-07-24T20:55:29.187+0000] {logging_mixin.py:188} INFO - [2025-07-24T20:55:29.187+0000] {dagbag.py:545} INFO - Filling up the DagBag from /home/airflow/.local/lib/python3.12/site-packages/airflow/example_dags/example_branch_python_dop_operator_3.py
[2025-07-24T20:55:29.192+0000] {processor.py:840} INFO - DAG(s) 'example_branch_dop_operator_v3' retrieved from /home/airflow/.local/lib/python3.12/site-packages/airflow/example_dags/example_branch_python_dop_operator_3.py
[2025-07-24T20:55:29.204+0000] {logging_mixin.py:188} INFO - [2025-07-24T20:55:29.204+0000] {dag.py:3096} INFO - Sync 1 DAGs
[2025-07-24T20:55:29.219+0000] {logging_mixin.py:188} INFO - [2025-07-24T20:55:29.219+0000] {dag.py:3954} INFO - Setting next_dagrun for example_branch_dop_operator_v3 to 2025-07-24 20:54:00+00:00, run_after=2025-07-24 20:55:00+00:00
[2025-07-24T20:55:29.227+0000] {processor.py:183} INFO - Processing /home/airflow/.local/lib/python3.12/site-packages/airflow/example_dags/example_branch_python_dop_operator_3.py took 0.046 seconds
[2025-07-24T20:56:00.076+0000] {processor.py:161} INFO - Started process (PID=1500) to work on /home/airflow/.local/lib/python3.12/site-packages/airflow/example_dags/example_branch_python_dop_operator_3.py
[2025-07-24T20:56:00.077+0000] {processor.py:830} INFO - Processing file /home/airflow/.local/lib/python3.12/site-packages/airflow/example_dags/example_branch_python_dop_operator_3.py for tasks to queue
[2025-07-24T20:56:00.078+0000] {logging_mixin.py:188} INFO - [2025-07-24T20:56:00.077+0000] {dagbag.py:545} INFO - Filling up the DagBag from /home/airflow/.local/lib/python3.12/site-packages/airflow/example_dags/example_branch_python_dop_operator_3.py
[2025-07-24T20:56:00.083+0000] {processor.py:840} INFO - DAG(s) 'example_branch_dop_operator_v3' retrieved from /home/airflow/.local/lib/python3.12/site-packages/airflow/example_dags/example_branch_python_dop_operator_3.py
[2025-07-24T20:56:00.094+0000] {logging_mixin.py:188} INFO - [2025-07-24T20:56:00.094+0000] {dag.py:3096} INFO - Sync 1 DAGs
[2025-07-24T20:56:00.108+0000] {logging_mixin.py:188} INFO - [2025-07-24T20:56:00.108+0000] {dag.py:3954} INFO - Setting next_dagrun for example_branch_dop_operator_v3 to 2025-07-24 20:55:00+00:00, run_after=2025-07-24 20:56:00+00:00
[2025-07-24T20:56:00.117+0000] {processor.py:183} INFO - Processing /home/airflow/.local/lib/python3.12/site-packages/airflow/example_dags/example_branch_python_dop_operator_3.py took 0.045 seconds
