[2025-07-24T20:31:48.751+0000] {processor.py:161} INFO - Started process (PID=72) to work on /home/airflow/.local/lib/python3.12/site-packages/airflow/example_dags/example_short_circuit_decorator.py
[2025-07-24T20:31:48.751+0000] {processor.py:830} INFO - Processing file /home/airflow/.local/lib/python3.12/site-packages/airflow/example_dags/example_short_circuit_decorator.py for tasks to queue
[2025-07-24T20:31:48.752+0000] {logging_mixin.py:188} INFO - [2025-07-24T20:31:48.752+0000] {dagbag.py:545} INFO - Filling up the DagBag from /home/airflow/.local/lib/python3.12/site-packages/airflow/example_dags/example_short_circuit_decorator.py
[2025-07-24T20:31:48.758+0000] {processor.py:840} INFO - DAG(s) 'example_short_circuit_decorator' retrieved from /home/airflow/.local/lib/python3.12/site-packages/airflow/example_dags/example_short_circuit_decorator.py
[2025-07-24T20:31:48.765+0000] {logging_mixin.py:188} INFO - [2025-07-24T20:31:48.765+0000] {dag.py:3096} INFO - Sync 1 DAGs
[2025-07-24T20:31:48.781+0000] {logging_mixin.py:188} INFO - [2025-07-24T20:31:48.781+0000] {dag.py:3954} INFO - Setting next_dagrun for example_short_circuit_decorator to 2025-07-23 00:00:00+00:00, run_after=2025-07-24 00:00:00+00:00
[2025-07-24T20:31:48.792+0000] {processor.py:183} INFO - Processing /home/airflow/.local/lib/python3.12/site-packages/airflow/example_dags/example_short_circuit_decorator.py took 0.045 seconds
[2025-07-24T20:32:20.190+0000] {processor.py:161} INFO - Started process (PID=130) to work on /home/airflow/.local/lib/python3.12/site-packages/airflow/example_dags/example_short_circuit_decorator.py
[2025-07-24T20:32:20.190+0000] {processor.py:830} INFO - Processing file /home/airflow/.local/lib/python3.12/site-packages/airflow/example_dags/example_short_circuit_decorator.py for tasks to queue
[2025-07-24T20:32:20.192+0000] {logging_mixin.py:188} INFO - [2025-07-24T20:32:20.191+0000] {dagbag.py:545} INFO - Filling up the DagBag from /home/airflow/.local/lib/python3.12/site-packages/airflow/example_dags/example_short_circuit_decorator.py
[2025-07-24T20:32:20.196+0000] {processor.py:840} INFO - DAG(s) 'example_short_circuit_decorator' retrieved from /home/airflow/.local/lib/python3.12/site-packages/airflow/example_dags/example_short_circuit_decorator.py
[2025-07-24T20:32:20.250+0000] {logging_mixin.py:188} INFO - [2025-07-24T20:32:20.249+0000] {dag.py:3096} INFO - Sync 1 DAGs
[2025-07-24T20:32:20.259+0000] {logging_mixin.py:188} INFO - [2025-07-24T20:32:20.259+0000] {dag.py:3954} INFO - Setting next_dagrun for example_short_circuit_decorator to 2025-07-23 00:00:00+00:00, run_after=2025-07-24 00:00:00+00:00
[2025-07-24T20:32:20.268+0000] {processor.py:183} INFO - Processing /home/airflow/.local/lib/python3.12/site-packages/airflow/example_dags/example_short_circuit_decorator.py took 0.081 seconds
[2025-07-24T20:32:50.807+0000] {processor.py:161} INFO - Started process (PID=188) to work on /home/airflow/.local/lib/python3.12/site-packages/airflow/example_dags/example_short_circuit_decorator.py
[2025-07-24T20:32:50.808+0000] {processor.py:830} INFO - Processing file /home/airflow/.local/lib/python3.12/site-packages/airflow/example_dags/example_short_circuit_decorator.py for tasks to queue
[2025-07-24T20:32:50.809+0000] {logging_mixin.py:188} INFO - [2025-07-24T20:32:50.808+0000] {dagbag.py:545} INFO - Filling up the DagBag from /home/airflow/.local/lib/python3.12/site-packages/airflow/example_dags/example_short_circuit_decorator.py
[2025-07-24T20:32:50.813+0000] {processor.py:840} INFO - DAG(s) 'example_short_circuit_decorator' retrieved from /home/airflow/.local/lib/python3.12/site-packages/airflow/example_dags/example_short_circuit_decorator.py
[2025-07-24T20:32:50.825+0000] {logging_mixin.py:188} INFO - [2025-07-24T20:32:50.825+0000] {dag.py:3096} INFO - Sync 1 DAGs
[2025-07-24T20:32:50.835+0000] {logging_mixin.py:188} INFO - [2025-07-24T20:32:50.835+0000] {dag.py:3954} INFO - Setting next_dagrun for example_short_circuit_decorator to 2025-07-23 00:00:00+00:00, run_after=2025-07-24 00:00:00+00:00
[2025-07-24T20:32:50.843+0000] {processor.py:183} INFO - Processing /home/airflow/.local/lib/python3.12/site-packages/airflow/example_dags/example_short_circuit_decorator.py took 0.039 seconds
[2025-07-24T20:33:21.602+0000] {processor.py:161} INFO - Started process (PID=246) to work on /home/airflow/.local/lib/python3.12/site-packages/airflow/example_dags/example_short_circuit_decorator.py
[2025-07-24T20:33:21.602+0000] {processor.py:830} INFO - Processing file /home/airflow/.local/lib/python3.12/site-packages/airflow/example_dags/example_short_circuit_decorator.py for tasks to queue
[2025-07-24T20:33:21.603+0000] {logging_mixin.py:188} INFO - [2025-07-24T20:33:21.603+0000] {dagbag.py:545} INFO - Filling up the DagBag from /home/airflow/.local/lib/python3.12/site-packages/airflow/example_dags/example_short_circuit_decorator.py
[2025-07-24T20:33:21.607+0000] {processor.py:840} INFO - DAG(s) 'example_short_circuit_decorator' retrieved from /home/airflow/.local/lib/python3.12/site-packages/airflow/example_dags/example_short_circuit_decorator.py
[2025-07-24T20:33:21.621+0000] {logging_mixin.py:188} INFO - [2025-07-24T20:33:21.621+0000] {dag.py:3096} INFO - Sync 1 DAGs
[2025-07-24T20:33:21.632+0000] {logging_mixin.py:188} INFO - [2025-07-24T20:33:21.632+0000] {dag.py:3954} INFO - Setting next_dagrun for example_short_circuit_decorator to 2025-07-23 00:00:00+00:00, run_after=2025-07-24 00:00:00+00:00
[2025-07-24T20:33:21.641+0000] {processor.py:183} INFO - Processing /home/airflow/.local/lib/python3.12/site-packages/airflow/example_dags/example_short_circuit_decorator.py took 0.043 seconds
[2025-07-24T20:33:52.317+0000] {processor.py:161} INFO - Started process (PID=304) to work on /home/airflow/.local/lib/python3.12/site-packages/airflow/example_dags/example_short_circuit_decorator.py
[2025-07-24T20:33:52.318+0000] {processor.py:830} INFO - Processing file /home/airflow/.local/lib/python3.12/site-packages/airflow/example_dags/example_short_circuit_decorator.py for tasks to queue
[2025-07-24T20:33:52.319+0000] {logging_mixin.py:188} INFO - [2025-07-24T20:33:52.319+0000] {dagbag.py:545} INFO - Filling up the DagBag from /home/airflow/.local/lib/python3.12/site-packages/airflow/example_dags/example_short_circuit_decorator.py
[2025-07-24T20:33:52.324+0000] {processor.py:840} INFO - DAG(s) 'example_short_circuit_decorator' retrieved from /home/airflow/.local/lib/python3.12/site-packages/airflow/example_dags/example_short_circuit_decorator.py
[2025-07-24T20:33:52.336+0000] {logging_mixin.py:188} INFO - [2025-07-24T20:33:52.336+0000] {dag.py:3096} INFO - Sync 1 DAGs
[2025-07-24T20:33:52.348+0000] {logging_mixin.py:188} INFO - [2025-07-24T20:33:52.348+0000] {dag.py:3954} INFO - Setting next_dagrun for example_short_circuit_decorator to 2025-07-23 00:00:00+00:00, run_after=2025-07-24 00:00:00+00:00
[2025-07-24T20:33:52.369+0000] {processor.py:183} INFO - Processing /home/airflow/.local/lib/python3.12/site-packages/airflow/example_dags/example_short_circuit_decorator.py took 0.056 seconds
[2025-07-24T20:34:23.039+0000] {processor.py:161} INFO - Started process (PID=362) to work on /home/airflow/.local/lib/python3.12/site-packages/airflow/example_dags/example_short_circuit_decorator.py
[2025-07-24T20:34:23.040+0000] {processor.py:830} INFO - Processing file /home/airflow/.local/lib/python3.12/site-packages/airflow/example_dags/example_short_circuit_decorator.py for tasks to queue
[2025-07-24T20:34:23.041+0000] {logging_mixin.py:188} INFO - [2025-07-24T20:34:23.040+0000] {dagbag.py:545} INFO - Filling up the DagBag from /home/airflow/.local/lib/python3.12/site-packages/airflow/example_dags/example_short_circuit_decorator.py
[2025-07-24T20:34:23.045+0000] {processor.py:840} INFO - DAG(s) 'example_short_circuit_decorator' retrieved from /home/airflow/.local/lib/python3.12/site-packages/airflow/example_dags/example_short_circuit_decorator.py
[2025-07-24T20:34:23.057+0000] {logging_mixin.py:188} INFO - [2025-07-24T20:34:23.057+0000] {dag.py:3096} INFO - Sync 1 DAGs
[2025-07-24T20:34:23.068+0000] {logging_mixin.py:188} INFO - [2025-07-24T20:34:23.068+0000] {dag.py:3954} INFO - Setting next_dagrun for example_short_circuit_decorator to 2025-07-23 00:00:00+00:00, run_after=2025-07-24 00:00:00+00:00
[2025-07-24T20:34:23.089+0000] {processor.py:183} INFO - Processing /home/airflow/.local/lib/python3.12/site-packages/airflow/example_dags/example_short_circuit_decorator.py took 0.053 seconds
[2025-07-24T20:34:53.870+0000] {processor.py:161} INFO - Started process (PID=420) to work on /home/airflow/.local/lib/python3.12/site-packages/airflow/example_dags/example_short_circuit_decorator.py
[2025-07-24T20:34:53.871+0000] {processor.py:830} INFO - Processing file /home/airflow/.local/lib/python3.12/site-packages/airflow/example_dags/example_short_circuit_decorator.py for tasks to queue
[2025-07-24T20:34:53.872+0000] {logging_mixin.py:188} INFO - [2025-07-24T20:34:53.872+0000] {dagbag.py:545} INFO - Filling up the DagBag from /home/airflow/.local/lib/python3.12/site-packages/airflow/example_dags/example_short_circuit_decorator.py
[2025-07-24T20:34:53.877+0000] {processor.py:840} INFO - DAG(s) 'example_short_circuit_decorator' retrieved from /home/airflow/.local/lib/python3.12/site-packages/airflow/example_dags/example_short_circuit_decorator.py
[2025-07-24T20:34:53.889+0000] {logging_mixin.py:188} INFO - [2025-07-24T20:34:53.889+0000] {dag.py:3096} INFO - Sync 1 DAGs
[2025-07-24T20:34:53.901+0000] {logging_mixin.py:188} INFO - [2025-07-24T20:34:53.901+0000] {dag.py:3954} INFO - Setting next_dagrun for example_short_circuit_decorator to 2025-07-23 00:00:00+00:00, run_after=2025-07-24 00:00:00+00:00
[2025-07-24T20:34:53.910+0000] {processor.py:183} INFO - Processing /home/airflow/.local/lib/python3.12/site-packages/airflow/example_dags/example_short_circuit_decorator.py took 0.043 seconds
[2025-07-24T20:35:24.609+0000] {processor.py:161} INFO - Started process (PID=478) to work on /home/airflow/.local/lib/python3.12/site-packages/airflow/example_dags/example_short_circuit_decorator.py
[2025-07-24T20:35:24.609+0000] {processor.py:830} INFO - Processing file /home/airflow/.local/lib/python3.12/site-packages/airflow/example_dags/example_short_circuit_decorator.py for tasks to queue
[2025-07-24T20:35:24.611+0000] {logging_mixin.py:188} INFO - [2025-07-24T20:35:24.610+0000] {dagbag.py:545} INFO - Filling up the DagBag from /home/airflow/.local/lib/python3.12/site-packages/airflow/example_dags/example_short_circuit_decorator.py
[2025-07-24T20:35:24.616+0000] {processor.py:840} INFO - DAG(s) 'example_short_circuit_decorator' retrieved from /home/airflow/.local/lib/python3.12/site-packages/airflow/example_dags/example_short_circuit_decorator.py
[2025-07-24T20:35:24.629+0000] {logging_mixin.py:188} INFO - [2025-07-24T20:35:24.629+0000] {dag.py:3096} INFO - Sync 1 DAGs
[2025-07-24T20:35:24.640+0000] {logging_mixin.py:188} INFO - [2025-07-24T20:35:24.640+0000] {dag.py:3954} INFO - Setting next_dagrun for example_short_circuit_decorator to 2025-07-23 00:00:00+00:00, run_after=2025-07-24 00:00:00+00:00
[2025-07-24T20:35:24.649+0000] {processor.py:183} INFO - Processing /home/airflow/.local/lib/python3.12/site-packages/airflow/example_dags/example_short_circuit_decorator.py took 0.044 seconds
[2025-07-24T20:36:44.537+0000] {processor.py:161} INFO - Started process (PID=65) to work on /home/airflow/.local/lib/python3.12/site-packages/airflow/example_dags/example_short_circuit_decorator.py
[2025-07-24T20:36:44.538+0000] {processor.py:830} INFO - Processing file /home/airflow/.local/lib/python3.12/site-packages/airflow/example_dags/example_short_circuit_decorator.py for tasks to queue
[2025-07-24T20:36:44.539+0000] {logging_mixin.py:188} INFO - [2025-07-24T20:36:44.538+0000] {dagbag.py:545} INFO - Filling up the DagBag from /home/airflow/.local/lib/python3.12/site-packages/airflow/example_dags/example_short_circuit_decorator.py
[2025-07-24T20:36:44.543+0000] {processor.py:840} INFO - DAG(s) 'example_short_circuit_decorator' retrieved from /home/airflow/.local/lib/python3.12/site-packages/airflow/example_dags/example_short_circuit_decorator.py
[2025-07-24T20:36:44.550+0000] {logging_mixin.py:188} INFO - [2025-07-24T20:36:44.550+0000] {dag.py:3096} INFO - Sync 1 DAGs
[2025-07-24T20:36:44.562+0000] {logging_mixin.py:188} INFO - [2025-07-24T20:36:44.562+0000] {dag.py:3954} INFO - Setting next_dagrun for example_short_circuit_decorator to 2025-07-23 00:00:00+00:00, run_after=2025-07-24 00:00:00+00:00
[2025-07-24T20:36:44.571+0000] {processor.py:183} INFO - Processing /home/airflow/.local/lib/python3.12/site-packages/airflow/example_dags/example_short_circuit_decorator.py took 0.038 seconds
[2025-07-24T20:37:15.102+0000] {processor.py:161} INFO - Started process (PID=123) to work on /home/airflow/.local/lib/python3.12/site-packages/airflow/example_dags/example_short_circuit_decorator.py
[2025-07-24T20:37:15.103+0000] {processor.py:830} INFO - Processing file /home/airflow/.local/lib/python3.12/site-packages/airflow/example_dags/example_short_circuit_decorator.py for tasks to queue
[2025-07-24T20:37:15.104+0000] {logging_mixin.py:188} INFO - [2025-07-24T20:37:15.104+0000] {dagbag.py:545} INFO - Filling up the DagBag from /home/airflow/.local/lib/python3.12/site-packages/airflow/example_dags/example_short_circuit_decorator.py
[2025-07-24T20:37:15.109+0000] {processor.py:840} INFO - DAG(s) 'example_short_circuit_decorator' retrieved from /home/airflow/.local/lib/python3.12/site-packages/airflow/example_dags/example_short_circuit_decorator.py
[2025-07-24T20:37:15.116+0000] {logging_mixin.py:188} INFO - [2025-07-24T20:37:15.115+0000] {dag.py:3096} INFO - Sync 1 DAGs
[2025-07-24T20:37:15.128+0000] {logging_mixin.py:188} INFO - [2025-07-24T20:37:15.128+0000] {dag.py:3954} INFO - Setting next_dagrun for example_short_circuit_decorator to 2025-07-23 00:00:00+00:00, run_after=2025-07-24 00:00:00+00:00
[2025-07-24T20:37:15.138+0000] {processor.py:183} INFO - Processing /home/airflow/.local/lib/python3.12/site-packages/airflow/example_dags/example_short_circuit_decorator.py took 0.040 seconds
[2025-07-24T20:37:46.364+0000] {processor.py:161} INFO - Started process (PID=181) to work on /home/airflow/.local/lib/python3.12/site-packages/airflow/example_dags/example_short_circuit_decorator.py
[2025-07-24T20:37:46.365+0000] {processor.py:830} INFO - Processing file /home/airflow/.local/lib/python3.12/site-packages/airflow/example_dags/example_short_circuit_decorator.py for tasks to queue
[2025-07-24T20:37:46.366+0000] {logging_mixin.py:188} INFO - [2025-07-24T20:37:46.366+0000] {dagbag.py:545} INFO - Filling up the DagBag from /home/airflow/.local/lib/python3.12/site-packages/airflow/example_dags/example_short_circuit_decorator.py
[2025-07-24T20:37:46.370+0000] {processor.py:840} INFO - DAG(s) 'example_short_circuit_decorator' retrieved from /home/airflow/.local/lib/python3.12/site-packages/airflow/example_dags/example_short_circuit_decorator.py
[2025-07-24T20:37:46.427+0000] {logging_mixin.py:188} INFO - [2025-07-24T20:37:46.427+0000] {dag.py:3096} INFO - Sync 1 DAGs
[2025-07-24T20:37:46.438+0000] {logging_mixin.py:188} INFO - [2025-07-24T20:37:46.438+0000] {dag.py:3954} INFO - Setting next_dagrun for example_short_circuit_decorator to 2025-07-23 00:00:00+00:00, run_after=2025-07-24 00:00:00+00:00
[2025-07-24T20:37:46.447+0000] {processor.py:183} INFO - Processing /home/airflow/.local/lib/python3.12/site-packages/airflow/example_dags/example_short_circuit_decorator.py took 0.086 seconds
[2025-07-24T20:38:16.597+0000] {processor.py:161} INFO - Started process (PID=239) to work on /home/airflow/.local/lib/python3.12/site-packages/airflow/example_dags/example_short_circuit_decorator.py
[2025-07-24T20:38:16.598+0000] {processor.py:830} INFO - Processing file /home/airflow/.local/lib/python3.12/site-packages/airflow/example_dags/example_short_circuit_decorator.py for tasks to queue
[2025-07-24T20:38:16.599+0000] {logging_mixin.py:188} INFO - [2025-07-24T20:38:16.598+0000] {dagbag.py:545} INFO - Filling up the DagBag from /home/airflow/.local/lib/python3.12/site-packages/airflow/example_dags/example_short_circuit_decorator.py
[2025-07-24T20:38:16.603+0000] {processor.py:840} INFO - DAG(s) 'example_short_circuit_decorator' retrieved from /home/airflow/.local/lib/python3.12/site-packages/airflow/example_dags/example_short_circuit_decorator.py
[2025-07-24T20:38:16.616+0000] {logging_mixin.py:188} INFO - [2025-07-24T20:38:16.616+0000] {dag.py:3096} INFO - Sync 1 DAGs
[2025-07-24T20:38:16.627+0000] {logging_mixin.py:188} INFO - [2025-07-24T20:38:16.627+0000] {dag.py:3954} INFO - Setting next_dagrun for example_short_circuit_decorator to 2025-07-23 00:00:00+00:00, run_after=2025-07-24 00:00:00+00:00
[2025-07-24T20:38:16.636+0000] {processor.py:183} INFO - Processing /home/airflow/.local/lib/python3.12/site-packages/airflow/example_dags/example_short_circuit_decorator.py took 0.042 seconds
[2025-07-24T20:38:47.307+0000] {processor.py:161} INFO - Started process (PID=297) to work on /home/airflow/.local/lib/python3.12/site-packages/airflow/example_dags/example_short_circuit_decorator.py
[2025-07-24T20:38:47.307+0000] {processor.py:830} INFO - Processing file /home/airflow/.local/lib/python3.12/site-packages/airflow/example_dags/example_short_circuit_decorator.py for tasks to queue
[2025-07-24T20:38:47.308+0000] {logging_mixin.py:188} INFO - [2025-07-24T20:38:47.308+0000] {dagbag.py:545} INFO - Filling up the DagBag from /home/airflow/.local/lib/python3.12/site-packages/airflow/example_dags/example_short_circuit_decorator.py
[2025-07-24T20:38:47.312+0000] {processor.py:840} INFO - DAG(s) 'example_short_circuit_decorator' retrieved from /home/airflow/.local/lib/python3.12/site-packages/airflow/example_dags/example_short_circuit_decorator.py
[2025-07-24T20:38:47.325+0000] {logging_mixin.py:188} INFO - [2025-07-24T20:38:47.325+0000] {dag.py:3096} INFO - Sync 1 DAGs
[2025-07-24T20:38:47.337+0000] {logging_mixin.py:188} INFO - [2025-07-24T20:38:47.336+0000] {dag.py:3954} INFO - Setting next_dagrun for example_short_circuit_decorator to 2025-07-23 00:00:00+00:00, run_after=2025-07-24 00:00:00+00:00
[2025-07-24T20:38:47.347+0000] {processor.py:183} INFO - Processing /home/airflow/.local/lib/python3.12/site-packages/airflow/example_dags/example_short_circuit_decorator.py took 0.043 seconds
[2025-07-24T20:39:18.097+0000] {processor.py:161} INFO - Started process (PID=361) to work on /home/airflow/.local/lib/python3.12/site-packages/airflow/example_dags/example_short_circuit_decorator.py
[2025-07-24T20:39:18.098+0000] {processor.py:830} INFO - Processing file /home/airflow/.local/lib/python3.12/site-packages/airflow/example_dags/example_short_circuit_decorator.py for tasks to queue
[2025-07-24T20:39:18.099+0000] {logging_mixin.py:188} INFO - [2025-07-24T20:39:18.099+0000] {dagbag.py:545} INFO - Filling up the DagBag from /home/airflow/.local/lib/python3.12/site-packages/airflow/example_dags/example_short_circuit_decorator.py
[2025-07-24T20:39:18.103+0000] {processor.py:840} INFO - DAG(s) 'example_short_circuit_decorator' retrieved from /home/airflow/.local/lib/python3.12/site-packages/airflow/example_dags/example_short_circuit_decorator.py
[2025-07-24T20:39:18.116+0000] {logging_mixin.py:188} INFO - [2025-07-24T20:39:18.116+0000] {dag.py:3096} INFO - Sync 1 DAGs
[2025-07-24T20:39:18.128+0000] {logging_mixin.py:188} INFO - [2025-07-24T20:39:18.127+0000] {dag.py:3954} INFO - Setting next_dagrun for example_short_circuit_decorator to 2025-07-23 00:00:00+00:00, run_after=2025-07-24 00:00:00+00:00
[2025-07-24T20:39:18.136+0000] {processor.py:183} INFO - Processing /home/airflow/.local/lib/python3.12/site-packages/airflow/example_dags/example_short_circuit_decorator.py took 0.042 seconds
[2025-07-24T20:39:48.825+0000] {processor.py:161} INFO - Started process (PID=419) to work on /home/airflow/.local/lib/python3.12/site-packages/airflow/example_dags/example_short_circuit_decorator.py
[2025-07-24T20:39:48.825+0000] {processor.py:830} INFO - Processing file /home/airflow/.local/lib/python3.12/site-packages/airflow/example_dags/example_short_circuit_decorator.py for tasks to queue
[2025-07-24T20:39:48.826+0000] {logging_mixin.py:188} INFO - [2025-07-24T20:39:48.826+0000] {dagbag.py:545} INFO - Filling up the DagBag from /home/airflow/.local/lib/python3.12/site-packages/airflow/example_dags/example_short_circuit_decorator.py
[2025-07-24T20:39:48.831+0000] {processor.py:840} INFO - DAG(s) 'example_short_circuit_decorator' retrieved from /home/airflow/.local/lib/python3.12/site-packages/airflow/example_dags/example_short_circuit_decorator.py
[2025-07-24T20:39:48.843+0000] {logging_mixin.py:188} INFO - [2025-07-24T20:39:48.843+0000] {dag.py:3096} INFO - Sync 1 DAGs
[2025-07-24T20:39:48.853+0000] {logging_mixin.py:188} INFO - [2025-07-24T20:39:48.853+0000] {dag.py:3954} INFO - Setting next_dagrun for example_short_circuit_decorator to 2025-07-23 00:00:00+00:00, run_after=2025-07-24 00:00:00+00:00
[2025-07-24T20:39:48.862+0000] {processor.py:183} INFO - Processing /home/airflow/.local/lib/python3.12/site-packages/airflow/example_dags/example_short_circuit_decorator.py took 0.040 seconds
[2025-07-24T20:40:19.499+0000] {processor.py:161} INFO - Started process (PID=477) to work on /home/airflow/.local/lib/python3.12/site-packages/airflow/example_dags/example_short_circuit_decorator.py
[2025-07-24T20:40:19.500+0000] {processor.py:830} INFO - Processing file /home/airflow/.local/lib/python3.12/site-packages/airflow/example_dags/example_short_circuit_decorator.py for tasks to queue
[2025-07-24T20:40:19.500+0000] {logging_mixin.py:188} INFO - [2025-07-24T20:40:19.500+0000] {dagbag.py:545} INFO - Filling up the DagBag from /home/airflow/.local/lib/python3.12/site-packages/airflow/example_dags/example_short_circuit_decorator.py
[2025-07-24T20:40:19.505+0000] {processor.py:840} INFO - DAG(s) 'example_short_circuit_decorator' retrieved from /home/airflow/.local/lib/python3.12/site-packages/airflow/example_dags/example_short_circuit_decorator.py
[2025-07-24T20:40:19.517+0000] {logging_mixin.py:188} INFO - [2025-07-24T20:40:19.516+0000] {dag.py:3096} INFO - Sync 1 DAGs
[2025-07-24T20:40:19.527+0000] {logging_mixin.py:188} INFO - [2025-07-24T20:40:19.527+0000] {dag.py:3954} INFO - Setting next_dagrun for example_short_circuit_decorator to 2025-07-23 00:00:00+00:00, run_after=2025-07-24 00:00:00+00:00
[2025-07-24T20:40:19.536+0000] {processor.py:183} INFO - Processing /home/airflow/.local/lib/python3.12/site-packages/airflow/example_dags/example_short_circuit_decorator.py took 0.040 seconds
[2025-07-24T20:40:50.445+0000] {processor.py:161} INFO - Started process (PID=535) to work on /home/airflow/.local/lib/python3.12/site-packages/airflow/example_dags/example_short_circuit_decorator.py
[2025-07-24T20:40:50.446+0000] {processor.py:830} INFO - Processing file /home/airflow/.local/lib/python3.12/site-packages/airflow/example_dags/example_short_circuit_decorator.py for tasks to queue
[2025-07-24T20:40:50.447+0000] {logging_mixin.py:188} INFO - [2025-07-24T20:40:50.446+0000] {dagbag.py:545} INFO - Filling up the DagBag from /home/airflow/.local/lib/python3.12/site-packages/airflow/example_dags/example_short_circuit_decorator.py
[2025-07-24T20:40:50.451+0000] {processor.py:840} INFO - DAG(s) 'example_short_circuit_decorator' retrieved from /home/airflow/.local/lib/python3.12/site-packages/airflow/example_dags/example_short_circuit_decorator.py
[2025-07-24T20:40:50.463+0000] {logging_mixin.py:188} INFO - [2025-07-24T20:40:50.463+0000] {dag.py:3096} INFO - Sync 1 DAGs
[2025-07-24T20:40:50.475+0000] {logging_mixin.py:188} INFO - [2025-07-24T20:40:50.475+0000] {dag.py:3954} INFO - Setting next_dagrun for example_short_circuit_decorator to 2025-07-23 00:00:00+00:00, run_after=2025-07-24 00:00:00+00:00
[2025-07-24T20:40:50.484+0000] {processor.py:183} INFO - Processing /home/airflow/.local/lib/python3.12/site-packages/airflow/example_dags/example_short_circuit_decorator.py took 0.043 seconds
[2025-07-24T20:41:21.465+0000] {processor.py:161} INFO - Started process (PID=593) to work on /home/airflow/.local/lib/python3.12/site-packages/airflow/example_dags/example_short_circuit_decorator.py
[2025-07-24T20:41:21.466+0000] {processor.py:830} INFO - Processing file /home/airflow/.local/lib/python3.12/site-packages/airflow/example_dags/example_short_circuit_decorator.py for tasks to queue
[2025-07-24T20:41:21.467+0000] {logging_mixin.py:188} INFO - [2025-07-24T20:41:21.467+0000] {dagbag.py:545} INFO - Filling up the DagBag from /home/airflow/.local/lib/python3.12/site-packages/airflow/example_dags/example_short_circuit_decorator.py
[2025-07-24T20:41:21.471+0000] {processor.py:840} INFO - DAG(s) 'example_short_circuit_decorator' retrieved from /home/airflow/.local/lib/python3.12/site-packages/airflow/example_dags/example_short_circuit_decorator.py
[2025-07-24T20:41:21.483+0000] {logging_mixin.py:188} INFO - [2025-07-24T20:41:21.483+0000] {dag.py:3096} INFO - Sync 1 DAGs
[2025-07-24T20:41:21.494+0000] {logging_mixin.py:188} INFO - [2025-07-24T20:41:21.494+0000] {dag.py:3954} INFO - Setting next_dagrun for example_short_circuit_decorator to 2025-07-23 00:00:00+00:00, run_after=2025-07-24 00:00:00+00:00
[2025-07-24T20:41:21.503+0000] {processor.py:183} INFO - Processing /home/airflow/.local/lib/python3.12/site-packages/airflow/example_dags/example_short_circuit_decorator.py took 0.041 seconds
[2025-07-24T20:41:52.236+0000] {processor.py:161} INFO - Started process (PID=651) to work on /home/airflow/.local/lib/python3.12/site-packages/airflow/example_dags/example_short_circuit_decorator.py
[2025-07-24T20:41:52.237+0000] {processor.py:830} INFO - Processing file /home/airflow/.local/lib/python3.12/site-packages/airflow/example_dags/example_short_circuit_decorator.py for tasks to queue
[2025-07-24T20:41:52.238+0000] {logging_mixin.py:188} INFO - [2025-07-24T20:41:52.238+0000] {dagbag.py:545} INFO - Filling up the DagBag from /home/airflow/.local/lib/python3.12/site-packages/airflow/example_dags/example_short_circuit_decorator.py
[2025-07-24T20:41:52.243+0000] {processor.py:840} INFO - DAG(s) 'example_short_circuit_decorator' retrieved from /home/airflow/.local/lib/python3.12/site-packages/airflow/example_dags/example_short_circuit_decorator.py
[2025-07-24T20:41:52.255+0000] {logging_mixin.py:188} INFO - [2025-07-24T20:41:52.255+0000] {dag.py:3096} INFO - Sync 1 DAGs
[2025-07-24T20:41:52.266+0000] {logging_mixin.py:188} INFO - [2025-07-24T20:41:52.266+0000] {dag.py:3954} INFO - Setting next_dagrun for example_short_circuit_decorator to 2025-07-23 00:00:00+00:00, run_after=2025-07-24 00:00:00+00:00
[2025-07-24T20:41:52.275+0000] {processor.py:183} INFO - Processing /home/airflow/.local/lib/python3.12/site-packages/airflow/example_dags/example_short_circuit_decorator.py took 0.042 seconds
[2025-07-24T20:42:23.148+0000] {processor.py:161} INFO - Started process (PID=709) to work on /home/airflow/.local/lib/python3.12/site-packages/airflow/example_dags/example_short_circuit_decorator.py
[2025-07-24T20:42:23.148+0000] {processor.py:830} INFO - Processing file /home/airflow/.local/lib/python3.12/site-packages/airflow/example_dags/example_short_circuit_decorator.py for tasks to queue
[2025-07-24T20:42:23.149+0000] {logging_mixin.py:188} INFO - [2025-07-24T20:42:23.149+0000] {dagbag.py:545} INFO - Filling up the DagBag from /home/airflow/.local/lib/python3.12/site-packages/airflow/example_dags/example_short_circuit_decorator.py
[2025-07-24T20:42:23.153+0000] {processor.py:840} INFO - DAG(s) 'example_short_circuit_decorator' retrieved from /home/airflow/.local/lib/python3.12/site-packages/airflow/example_dags/example_short_circuit_decorator.py
[2025-07-24T20:42:23.165+0000] {logging_mixin.py:188} INFO - [2025-07-24T20:42:23.165+0000] {dag.py:3096} INFO - Sync 1 DAGs
[2025-07-24T20:42:23.175+0000] {logging_mixin.py:188} INFO - [2025-07-24T20:42:23.175+0000] {dag.py:3954} INFO - Setting next_dagrun for example_short_circuit_decorator to 2025-07-23 00:00:00+00:00, run_after=2025-07-24 00:00:00+00:00
[2025-07-24T20:42:23.183+0000] {processor.py:183} INFO - Processing /home/airflow/.local/lib/python3.12/site-packages/airflow/example_dags/example_short_circuit_decorator.py took 0.039 seconds
[2025-07-24T20:43:17.046+0000] {processor.py:161} INFO - Started process (PID=65) to work on /home/airflow/.local/lib/python3.12/site-packages/airflow/example_dags/example_short_circuit_decorator.py
[2025-07-24T20:43:17.047+0000] {processor.py:830} INFO - Processing file /home/airflow/.local/lib/python3.12/site-packages/airflow/example_dags/example_short_circuit_decorator.py for tasks to queue
[2025-07-24T20:43:17.048+0000] {logging_mixin.py:188} INFO - [2025-07-24T20:43:17.048+0000] {dagbag.py:545} INFO - Filling up the DagBag from /home/airflow/.local/lib/python3.12/site-packages/airflow/example_dags/example_short_circuit_decorator.py
[2025-07-24T20:43:17.053+0000] {processor.py:840} INFO - DAG(s) 'example_short_circuit_decorator' retrieved from /home/airflow/.local/lib/python3.12/site-packages/airflow/example_dags/example_short_circuit_decorator.py
[2025-07-24T20:43:17.061+0000] {logging_mixin.py:188} INFO - [2025-07-24T20:43:17.061+0000] {dag.py:3096} INFO - Sync 1 DAGs
[2025-07-24T20:43:17.074+0000] {logging_mixin.py:188} INFO - [2025-07-24T20:43:17.074+0000] {dag.py:3954} INFO - Setting next_dagrun for example_short_circuit_decorator to 2025-07-23 00:00:00+00:00, run_after=2025-07-24 00:00:00+00:00
[2025-07-24T20:43:17.084+0000] {processor.py:183} INFO - Processing /home/airflow/.local/lib/python3.12/site-packages/airflow/example_dags/example_short_circuit_decorator.py took 0.041 seconds
[2025-07-24T20:43:48.299+0000] {processor.py:161} INFO - Started process (PID=123) to work on /home/airflow/.local/lib/python3.12/site-packages/airflow/example_dags/example_short_circuit_decorator.py
[2025-07-24T20:43:48.299+0000] {processor.py:830} INFO - Processing file /home/airflow/.local/lib/python3.12/site-packages/airflow/example_dags/example_short_circuit_decorator.py for tasks to queue
[2025-07-24T20:43:48.300+0000] {logging_mixin.py:188} INFO - [2025-07-24T20:43:48.300+0000] {dagbag.py:545} INFO - Filling up the DagBag from /home/airflow/.local/lib/python3.12/site-packages/airflow/example_dags/example_short_circuit_decorator.py
[2025-07-24T20:43:48.305+0000] {processor.py:840} INFO - DAG(s) 'example_short_circuit_decorator' retrieved from /home/airflow/.local/lib/python3.12/site-packages/airflow/example_dags/example_short_circuit_decorator.py
[2025-07-24T20:43:48.361+0000] {logging_mixin.py:188} INFO - [2025-07-24T20:43:48.361+0000] {dag.py:3096} INFO - Sync 1 DAGs
[2025-07-24T20:43:48.372+0000] {logging_mixin.py:188} INFO - [2025-07-24T20:43:48.372+0000] {dag.py:3954} INFO - Setting next_dagrun for example_short_circuit_decorator to 2025-07-23 00:00:00+00:00, run_after=2025-07-24 00:00:00+00:00
[2025-07-24T20:43:48.380+0000] {processor.py:183} INFO - Processing /home/airflow/.local/lib/python3.12/site-packages/airflow/example_dags/example_short_circuit_decorator.py took 0.085 seconds
[2025-07-24T20:44:18.894+0000] {processor.py:161} INFO - Started process (PID=181) to work on /home/airflow/.local/lib/python3.12/site-packages/airflow/example_dags/example_short_circuit_decorator.py
[2025-07-24T20:44:18.894+0000] {processor.py:830} INFO - Processing file /home/airflow/.local/lib/python3.12/site-packages/airflow/example_dags/example_short_circuit_decorator.py for tasks to queue
[2025-07-24T20:44:18.895+0000] {logging_mixin.py:188} INFO - [2025-07-24T20:44:18.895+0000] {dagbag.py:545} INFO - Filling up the DagBag from /home/airflow/.local/lib/python3.12/site-packages/airflow/example_dags/example_short_circuit_decorator.py
[2025-07-24T20:44:18.900+0000] {processor.py:840} INFO - DAG(s) 'example_short_circuit_decorator' retrieved from /home/airflow/.local/lib/python3.12/site-packages/airflow/example_dags/example_short_circuit_decorator.py
[2025-07-24T20:44:18.913+0000] {logging_mixin.py:188} INFO - [2025-07-24T20:44:18.912+0000] {dag.py:3096} INFO - Sync 1 DAGs
[2025-07-24T20:44:18.925+0000] {logging_mixin.py:188} INFO - [2025-07-24T20:44:18.925+0000] {dag.py:3954} INFO - Setting next_dagrun for example_short_circuit_decorator to 2025-07-23 00:00:00+00:00, run_after=2025-07-24 00:00:00+00:00
[2025-07-24T20:44:18.934+0000] {processor.py:183} INFO - Processing /home/airflow/.local/lib/python3.12/site-packages/airflow/example_dags/example_short_circuit_decorator.py took 0.044 seconds
[2025-07-24T20:44:48.990+0000] {processor.py:161} INFO - Started process (PID=239) to work on /home/airflow/.local/lib/python3.12/site-packages/airflow/example_dags/example_short_circuit_decorator.py
[2025-07-24T20:44:48.991+0000] {processor.py:830} INFO - Processing file /home/airflow/.local/lib/python3.12/site-packages/airflow/example_dags/example_short_circuit_decorator.py for tasks to queue
[2025-07-24T20:44:48.992+0000] {logging_mixin.py:188} INFO - [2025-07-24T20:44:48.992+0000] {dagbag.py:545} INFO - Filling up the DagBag from /home/airflow/.local/lib/python3.12/site-packages/airflow/example_dags/example_short_circuit_decorator.py
[2025-07-24T20:44:48.997+0000] {processor.py:840} INFO - DAG(s) 'example_short_circuit_decorator' retrieved from /home/airflow/.local/lib/python3.12/site-packages/airflow/example_dags/example_short_circuit_decorator.py
[2025-07-24T20:44:49.009+0000] {logging_mixin.py:188} INFO - [2025-07-24T20:44:49.009+0000] {dag.py:3096} INFO - Sync 1 DAGs
[2025-07-24T20:44:49.022+0000] {logging_mixin.py:188} INFO - [2025-07-24T20:44:49.022+0000] {dag.py:3954} INFO - Setting next_dagrun for example_short_circuit_decorator to 2025-07-23 00:00:00+00:00, run_after=2025-07-24 00:00:00+00:00
[2025-07-24T20:44:49.031+0000] {processor.py:183} INFO - Processing /home/airflow/.local/lib/python3.12/site-packages/airflow/example_dags/example_short_circuit_decorator.py took 0.044 seconds
[2025-07-24T20:45:19.072+0000] {processor.py:161} INFO - Started process (PID=297) to work on /home/airflow/.local/lib/python3.12/site-packages/airflow/example_dags/example_short_circuit_decorator.py
[2025-07-24T20:45:19.072+0000] {processor.py:830} INFO - Processing file /home/airflow/.local/lib/python3.12/site-packages/airflow/example_dags/example_short_circuit_decorator.py for tasks to queue
[2025-07-24T20:45:19.073+0000] {logging_mixin.py:188} INFO - [2025-07-24T20:45:19.073+0000] {dagbag.py:545} INFO - Filling up the DagBag from /home/airflow/.local/lib/python3.12/site-packages/airflow/example_dags/example_short_circuit_decorator.py
[2025-07-24T20:45:19.077+0000] {processor.py:840} INFO - DAG(s) 'example_short_circuit_decorator' retrieved from /home/airflow/.local/lib/python3.12/site-packages/airflow/example_dags/example_short_circuit_decorator.py
[2025-07-24T20:45:19.088+0000] {logging_mixin.py:188} INFO - [2025-07-24T20:45:19.088+0000] {dag.py:3096} INFO - Sync 1 DAGs
[2025-07-24T20:45:19.098+0000] {logging_mixin.py:188} INFO - [2025-07-24T20:45:19.098+0000] {dag.py:3954} INFO - Setting next_dagrun for example_short_circuit_decorator to 2025-07-23 00:00:00+00:00, run_after=2025-07-24 00:00:00+00:00
[2025-07-24T20:45:19.106+0000] {processor.py:183} INFO - Processing /home/airflow/.local/lib/python3.12/site-packages/airflow/example_dags/example_short_circuit_decorator.py took 0.038 seconds
[2025-07-24T20:45:49.672+0000] {processor.py:161} INFO - Started process (PID=355) to work on /home/airflow/.local/lib/python3.12/site-packages/airflow/example_dags/example_short_circuit_decorator.py
[2025-07-24T20:45:49.672+0000] {processor.py:830} INFO - Processing file /home/airflow/.local/lib/python3.12/site-packages/airflow/example_dags/example_short_circuit_decorator.py for tasks to queue
[2025-07-24T20:45:49.673+0000] {logging_mixin.py:188} INFO - [2025-07-24T20:45:49.673+0000] {dagbag.py:545} INFO - Filling up the DagBag from /home/airflow/.local/lib/python3.12/site-packages/airflow/example_dags/example_short_circuit_decorator.py
[2025-07-24T20:45:49.678+0000] {processor.py:840} INFO - DAG(s) 'example_short_circuit_decorator' retrieved from /home/airflow/.local/lib/python3.12/site-packages/airflow/example_dags/example_short_circuit_decorator.py
[2025-07-24T20:45:49.689+0000] {logging_mixin.py:188} INFO - [2025-07-24T20:45:49.689+0000] {dag.py:3096} INFO - Sync 1 DAGs
[2025-07-24T20:45:49.699+0000] {logging_mixin.py:188} INFO - [2025-07-24T20:45:49.699+0000] {dag.py:3954} INFO - Setting next_dagrun for example_short_circuit_decorator to 2025-07-23 00:00:00+00:00, run_after=2025-07-24 00:00:00+00:00
[2025-07-24T20:45:49.707+0000] {processor.py:183} INFO - Processing /home/airflow/.local/lib/python3.12/site-packages/airflow/example_dags/example_short_circuit_decorator.py took 0.039 seconds
[2025-07-24T20:46:20.335+0000] {processor.py:161} INFO - Started process (PID=419) to work on /home/airflow/.local/lib/python3.12/site-packages/airflow/example_dags/example_short_circuit_decorator.py
[2025-07-24T20:46:20.336+0000] {processor.py:830} INFO - Processing file /home/airflow/.local/lib/python3.12/site-packages/airflow/example_dags/example_short_circuit_decorator.py for tasks to queue
[2025-07-24T20:46:20.337+0000] {logging_mixin.py:188} INFO - [2025-07-24T20:46:20.336+0000] {dagbag.py:545} INFO - Filling up the DagBag from /home/airflow/.local/lib/python3.12/site-packages/airflow/example_dags/example_short_circuit_decorator.py
[2025-07-24T20:46:20.341+0000] {processor.py:840} INFO - DAG(s) 'example_short_circuit_decorator' retrieved from /home/airflow/.local/lib/python3.12/site-packages/airflow/example_dags/example_short_circuit_decorator.py
[2025-07-24T20:46:20.354+0000] {logging_mixin.py:188} INFO - [2025-07-24T20:46:20.354+0000] {dag.py:3096} INFO - Sync 1 DAGs
[2025-07-24T20:46:20.365+0000] {logging_mixin.py:188} INFO - [2025-07-24T20:46:20.365+0000] {dag.py:3954} INFO - Setting next_dagrun for example_short_circuit_decorator to 2025-07-23 00:00:00+00:00, run_after=2025-07-24 00:00:00+00:00
[2025-07-24T20:46:20.375+0000] {processor.py:183} INFO - Processing /home/airflow/.local/lib/python3.12/site-packages/airflow/example_dags/example_short_circuit_decorator.py took 0.042 seconds
[2025-07-24T20:46:51.045+0000] {processor.py:161} INFO - Started process (PID=477) to work on /home/airflow/.local/lib/python3.12/site-packages/airflow/example_dags/example_short_circuit_decorator.py
[2025-07-24T20:46:51.045+0000] {processor.py:830} INFO - Processing file /home/airflow/.local/lib/python3.12/site-packages/airflow/example_dags/example_short_circuit_decorator.py for tasks to queue
[2025-07-24T20:46:51.046+0000] {logging_mixin.py:188} INFO - [2025-07-24T20:46:51.046+0000] {dagbag.py:545} INFO - Filling up the DagBag from /home/airflow/.local/lib/python3.12/site-packages/airflow/example_dags/example_short_circuit_decorator.py
[2025-07-24T20:46:51.050+0000] {processor.py:840} INFO - DAG(s) 'example_short_circuit_decorator' retrieved from /home/airflow/.local/lib/python3.12/site-packages/airflow/example_dags/example_short_circuit_decorator.py
[2025-07-24T20:46:51.062+0000] {logging_mixin.py:188} INFO - [2025-07-24T20:46:51.061+0000] {dag.py:3096} INFO - Sync 1 DAGs
[2025-07-24T20:46:51.072+0000] {logging_mixin.py:188} INFO - [2025-07-24T20:46:51.072+0000] {dag.py:3954} INFO - Setting next_dagrun for example_short_circuit_decorator to 2025-07-23 00:00:00+00:00, run_after=2025-07-24 00:00:00+00:00
[2025-07-24T20:46:51.080+0000] {processor.py:183} INFO - Processing /home/airflow/.local/lib/python3.12/site-packages/airflow/example_dags/example_short_circuit_decorator.py took 0.038 seconds
[2025-07-24T20:47:21.728+0000] {processor.py:161} INFO - Started process (PID=535) to work on /home/airflow/.local/lib/python3.12/site-packages/airflow/example_dags/example_short_circuit_decorator.py
[2025-07-24T20:47:21.729+0000] {processor.py:830} INFO - Processing file /home/airflow/.local/lib/python3.12/site-packages/airflow/example_dags/example_short_circuit_decorator.py for tasks to queue
[2025-07-24T20:47:21.730+0000] {logging_mixin.py:188} INFO - [2025-07-24T20:47:21.730+0000] {dagbag.py:545} INFO - Filling up the DagBag from /home/airflow/.local/lib/python3.12/site-packages/airflow/example_dags/example_short_circuit_decorator.py
[2025-07-24T20:47:21.735+0000] {processor.py:840} INFO - DAG(s) 'example_short_circuit_decorator' retrieved from /home/airflow/.local/lib/python3.12/site-packages/airflow/example_dags/example_short_circuit_decorator.py
[2025-07-24T20:47:21.747+0000] {logging_mixin.py:188} INFO - [2025-07-24T20:47:21.746+0000] {dag.py:3096} INFO - Sync 1 DAGs
[2025-07-24T20:47:21.757+0000] {logging_mixin.py:188} INFO - [2025-07-24T20:47:21.757+0000] {dag.py:3954} INFO - Setting next_dagrun for example_short_circuit_decorator to 2025-07-23 00:00:00+00:00, run_after=2025-07-24 00:00:00+00:00
[2025-07-24T20:47:21.765+0000] {processor.py:183} INFO - Processing /home/airflow/.local/lib/python3.12/site-packages/airflow/example_dags/example_short_circuit_decorator.py took 0.040 seconds
[2025-07-24T20:47:52.428+0000] {processor.py:161} INFO - Started process (PID=593) to work on /home/airflow/.local/lib/python3.12/site-packages/airflow/example_dags/example_short_circuit_decorator.py
[2025-07-24T20:47:52.428+0000] {processor.py:830} INFO - Processing file /home/airflow/.local/lib/python3.12/site-packages/airflow/example_dags/example_short_circuit_decorator.py for tasks to queue
[2025-07-24T20:47:52.429+0000] {logging_mixin.py:188} INFO - [2025-07-24T20:47:52.429+0000] {dagbag.py:545} INFO - Filling up the DagBag from /home/airflow/.local/lib/python3.12/site-packages/airflow/example_dags/example_short_circuit_decorator.py
[2025-07-24T20:47:52.434+0000] {processor.py:840} INFO - DAG(s) 'example_short_circuit_decorator' retrieved from /home/airflow/.local/lib/python3.12/site-packages/airflow/example_dags/example_short_circuit_decorator.py
[2025-07-24T20:47:52.446+0000] {logging_mixin.py:188} INFO - [2025-07-24T20:47:52.446+0000] {dag.py:3096} INFO - Sync 1 DAGs
[2025-07-24T20:47:52.458+0000] {logging_mixin.py:188} INFO - [2025-07-24T20:47:52.458+0000] {dag.py:3954} INFO - Setting next_dagrun for example_short_circuit_decorator to 2025-07-23 00:00:00+00:00, run_after=2025-07-24 00:00:00+00:00
[2025-07-24T20:47:52.468+0000] {processor.py:183} INFO - Processing /home/airflow/.local/lib/python3.12/site-packages/airflow/example_dags/example_short_circuit_decorator.py took 0.043 seconds
[2025-07-24T20:48:23.066+0000] {processor.py:161} INFO - Started process (PID=651) to work on /home/airflow/.local/lib/python3.12/site-packages/airflow/example_dags/example_short_circuit_decorator.py
[2025-07-24T20:48:23.066+0000] {processor.py:830} INFO - Processing file /home/airflow/.local/lib/python3.12/site-packages/airflow/example_dags/example_short_circuit_decorator.py for tasks to queue
[2025-07-24T20:48:23.067+0000] {logging_mixin.py:188} INFO - [2025-07-24T20:48:23.067+0000] {dagbag.py:545} INFO - Filling up the DagBag from /home/airflow/.local/lib/python3.12/site-packages/airflow/example_dags/example_short_circuit_decorator.py
[2025-07-24T20:48:23.072+0000] {processor.py:840} INFO - DAG(s) 'example_short_circuit_decorator' retrieved from /home/airflow/.local/lib/python3.12/site-packages/airflow/example_dags/example_short_circuit_decorator.py
[2025-07-24T20:48:23.085+0000] {logging_mixin.py:188} INFO - [2025-07-24T20:48:23.085+0000] {dag.py:3096} INFO - Sync 1 DAGs
[2025-07-24T20:48:23.096+0000] {logging_mixin.py:188} INFO - [2025-07-24T20:48:23.096+0000] {dag.py:3954} INFO - Setting next_dagrun for example_short_circuit_decorator to 2025-07-23 00:00:00+00:00, run_after=2025-07-24 00:00:00+00:00
[2025-07-24T20:48:23.105+0000] {processor.py:183} INFO - Processing /home/airflow/.local/lib/python3.12/site-packages/airflow/example_dags/example_short_circuit_decorator.py took 0.043 seconds
[2025-07-24T20:48:53.666+0000] {processor.py:161} INFO - Started process (PID=709) to work on /home/airflow/.local/lib/python3.12/site-packages/airflow/example_dags/example_short_circuit_decorator.py
[2025-07-24T20:48:53.666+0000] {processor.py:830} INFO - Processing file /home/airflow/.local/lib/python3.12/site-packages/airflow/example_dags/example_short_circuit_decorator.py for tasks to queue
[2025-07-24T20:48:53.667+0000] {logging_mixin.py:188} INFO - [2025-07-24T20:48:53.667+0000] {dagbag.py:545} INFO - Filling up the DagBag from /home/airflow/.local/lib/python3.12/site-packages/airflow/example_dags/example_short_circuit_decorator.py
[2025-07-24T20:48:53.671+0000] {processor.py:840} INFO - DAG(s) 'example_short_circuit_decorator' retrieved from /home/airflow/.local/lib/python3.12/site-packages/airflow/example_dags/example_short_circuit_decorator.py
[2025-07-24T20:48:53.684+0000] {logging_mixin.py:188} INFO - [2025-07-24T20:48:53.684+0000] {dag.py:3096} INFO - Sync 1 DAGs
[2025-07-24T20:48:53.694+0000] {logging_mixin.py:188} INFO - [2025-07-24T20:48:53.694+0000] {dag.py:3954} INFO - Setting next_dagrun for example_short_circuit_decorator to 2025-07-23 00:00:00+00:00, run_after=2025-07-24 00:00:00+00:00
[2025-07-24T20:48:53.703+0000] {processor.py:183} INFO - Processing /home/airflow/.local/lib/python3.12/site-packages/airflow/example_dags/example_short_circuit_decorator.py took 0.040 seconds
[2025-07-24T20:49:24.284+0000] {processor.py:161} INFO - Started process (PID=767) to work on /home/airflow/.local/lib/python3.12/site-packages/airflow/example_dags/example_short_circuit_decorator.py
[2025-07-24T20:49:24.285+0000] {processor.py:830} INFO - Processing file /home/airflow/.local/lib/python3.12/site-packages/airflow/example_dags/example_short_circuit_decorator.py for tasks to queue
[2025-07-24T20:49:24.286+0000] {logging_mixin.py:188} INFO - [2025-07-24T20:49:24.285+0000] {dagbag.py:545} INFO - Filling up the DagBag from /home/airflow/.local/lib/python3.12/site-packages/airflow/example_dags/example_short_circuit_decorator.py
[2025-07-24T20:49:24.291+0000] {processor.py:840} INFO - DAG(s) 'example_short_circuit_decorator' retrieved from /home/airflow/.local/lib/python3.12/site-packages/airflow/example_dags/example_short_circuit_decorator.py
[2025-07-24T20:49:24.303+0000] {logging_mixin.py:188} INFO - [2025-07-24T20:49:24.303+0000] {dag.py:3096} INFO - Sync 1 DAGs
[2025-07-24T20:49:24.315+0000] {logging_mixin.py:188} INFO - [2025-07-24T20:49:24.314+0000] {dag.py:3954} INFO - Setting next_dagrun for example_short_circuit_decorator to 2025-07-23 00:00:00+00:00, run_after=2025-07-24 00:00:00+00:00
[2025-07-24T20:49:24.325+0000] {processor.py:183} INFO - Processing /home/airflow/.local/lib/python3.12/site-packages/airflow/example_dags/example_short_circuit_decorator.py took 0.044 seconds
[2025-07-24T20:49:54.908+0000] {processor.py:161} INFO - Started process (PID=825) to work on /home/airflow/.local/lib/python3.12/site-packages/airflow/example_dags/example_short_circuit_decorator.py
[2025-07-24T20:49:54.908+0000] {processor.py:830} INFO - Processing file /home/airflow/.local/lib/python3.12/site-packages/airflow/example_dags/example_short_circuit_decorator.py for tasks to queue
[2025-07-24T20:49:54.909+0000] {logging_mixin.py:188} INFO - [2025-07-24T20:49:54.909+0000] {dagbag.py:545} INFO - Filling up the DagBag from /home/airflow/.local/lib/python3.12/site-packages/airflow/example_dags/example_short_circuit_decorator.py
[2025-07-24T20:49:54.914+0000] {processor.py:840} INFO - DAG(s) 'example_short_circuit_decorator' retrieved from /home/airflow/.local/lib/python3.12/site-packages/airflow/example_dags/example_short_circuit_decorator.py
[2025-07-24T20:49:54.927+0000] {logging_mixin.py:188} INFO - [2025-07-24T20:49:54.927+0000] {dag.py:3096} INFO - Sync 1 DAGs
[2025-07-24T20:49:54.939+0000] {logging_mixin.py:188} INFO - [2025-07-24T20:49:54.939+0000] {dag.py:3954} INFO - Setting next_dagrun for example_short_circuit_decorator to 2025-07-23 00:00:00+00:00, run_after=2025-07-24 00:00:00+00:00
[2025-07-24T20:49:54.948+0000] {processor.py:183} INFO - Processing /home/airflow/.local/lib/python3.12/site-packages/airflow/example_dags/example_short_circuit_decorator.py took 0.044 seconds
[2025-07-24T20:50:25.689+0000] {processor.py:161} INFO - Started process (PID=883) to work on /home/airflow/.local/lib/python3.12/site-packages/airflow/example_dags/example_short_circuit_decorator.py
[2025-07-24T20:50:25.689+0000] {processor.py:830} INFO - Processing file /home/airflow/.local/lib/python3.12/site-packages/airflow/example_dags/example_short_circuit_decorator.py for tasks to queue
[2025-07-24T20:50:25.690+0000] {logging_mixin.py:188} INFO - [2025-07-24T20:50:25.690+0000] {dagbag.py:545} INFO - Filling up the DagBag from /home/airflow/.local/lib/python3.12/site-packages/airflow/example_dags/example_short_circuit_decorator.py
[2025-07-24T20:50:25.694+0000] {processor.py:840} INFO - DAG(s) 'example_short_circuit_decorator' retrieved from /home/airflow/.local/lib/python3.12/site-packages/airflow/example_dags/example_short_circuit_decorator.py
[2025-07-24T20:50:25.706+0000] {logging_mixin.py:188} INFO - [2025-07-24T20:50:25.706+0000] {dag.py:3096} INFO - Sync 1 DAGs
[2025-07-24T20:50:25.716+0000] {logging_mixin.py:188} INFO - [2025-07-24T20:50:25.716+0000] {dag.py:3954} INFO - Setting next_dagrun for example_short_circuit_decorator to 2025-07-23 00:00:00+00:00, run_after=2025-07-24 00:00:00+00:00
[2025-07-24T20:50:25.726+0000] {processor.py:183} INFO - Processing /home/airflow/.local/lib/python3.12/site-packages/airflow/example_dags/example_short_circuit_decorator.py took 0.040 seconds
[2025-07-24T20:50:55.805+0000] {processor.py:161} INFO - Started process (PID=941) to work on /home/airflow/.local/lib/python3.12/site-packages/airflow/example_dags/example_short_circuit_decorator.py
[2025-07-24T20:50:55.806+0000] {processor.py:830} INFO - Processing file /home/airflow/.local/lib/python3.12/site-packages/airflow/example_dags/example_short_circuit_decorator.py for tasks to queue
[2025-07-24T20:50:55.807+0000] {logging_mixin.py:188} INFO - [2025-07-24T20:50:55.807+0000] {dagbag.py:545} INFO - Filling up the DagBag from /home/airflow/.local/lib/python3.12/site-packages/airflow/example_dags/example_short_circuit_decorator.py
[2025-07-24T20:50:55.812+0000] {processor.py:840} INFO - DAG(s) 'example_short_circuit_decorator' retrieved from /home/airflow/.local/lib/python3.12/site-packages/airflow/example_dags/example_short_circuit_decorator.py
[2025-07-24T20:50:55.824+0000] {logging_mixin.py:188} INFO - [2025-07-24T20:50:55.824+0000] {dag.py:3096} INFO - Sync 1 DAGs
[2025-07-24T20:50:55.836+0000] {logging_mixin.py:188} INFO - [2025-07-24T20:50:55.836+0000] {dag.py:3954} INFO - Setting next_dagrun for example_short_circuit_decorator to 2025-07-23 00:00:00+00:00, run_after=2025-07-24 00:00:00+00:00
[2025-07-24T20:50:55.845+0000] {processor.py:183} INFO - Processing /home/airflow/.local/lib/python3.12/site-packages/airflow/example_dags/example_short_circuit_decorator.py took 0.042 seconds
[2025-07-24T20:51:26.568+0000] {processor.py:161} INFO - Started process (PID=999) to work on /home/airflow/.local/lib/python3.12/site-packages/airflow/example_dags/example_short_circuit_decorator.py
[2025-07-24T20:51:26.568+0000] {processor.py:830} INFO - Processing file /home/airflow/.local/lib/python3.12/site-packages/airflow/example_dags/example_short_circuit_decorator.py for tasks to queue
[2025-07-24T20:51:26.569+0000] {logging_mixin.py:188} INFO - [2025-07-24T20:51:26.569+0000] {dagbag.py:545} INFO - Filling up the DagBag from /home/airflow/.local/lib/python3.12/site-packages/airflow/example_dags/example_short_circuit_decorator.py
[2025-07-24T20:51:26.574+0000] {processor.py:840} INFO - DAG(s) 'example_short_circuit_decorator' retrieved from /home/airflow/.local/lib/python3.12/site-packages/airflow/example_dags/example_short_circuit_decorator.py
[2025-07-24T20:51:26.587+0000] {logging_mixin.py:188} INFO - [2025-07-24T20:51:26.587+0000] {dag.py:3096} INFO - Sync 1 DAGs
[2025-07-24T20:51:26.601+0000] {logging_mixin.py:188} INFO - [2025-07-24T20:51:26.601+0000] {dag.py:3954} INFO - Setting next_dagrun for example_short_circuit_decorator to 2025-07-23 00:00:00+00:00, run_after=2025-07-24 00:00:00+00:00
[2025-07-24T20:51:26.614+0000] {processor.py:183} INFO - Processing /home/airflow/.local/lib/python3.12/site-packages/airflow/example_dags/example_short_circuit_decorator.py took 0.050 seconds
[2025-07-24T20:51:57.270+0000] {processor.py:161} INFO - Started process (PID=1057) to work on /home/airflow/.local/lib/python3.12/site-packages/airflow/example_dags/example_short_circuit_decorator.py
[2025-07-24T20:51:57.270+0000] {processor.py:830} INFO - Processing file /home/airflow/.local/lib/python3.12/site-packages/airflow/example_dags/example_short_circuit_decorator.py for tasks to queue
[2025-07-24T20:51:57.271+0000] {logging_mixin.py:188} INFO - [2025-07-24T20:51:57.271+0000] {dagbag.py:545} INFO - Filling up the DagBag from /home/airflow/.local/lib/python3.12/site-packages/airflow/example_dags/example_short_circuit_decorator.py
[2025-07-24T20:51:57.276+0000] {processor.py:840} INFO - DAG(s) 'example_short_circuit_decorator' retrieved from /home/airflow/.local/lib/python3.12/site-packages/airflow/example_dags/example_short_circuit_decorator.py
[2025-07-24T20:51:57.288+0000] {logging_mixin.py:188} INFO - [2025-07-24T20:51:57.288+0000] {dag.py:3096} INFO - Sync 1 DAGs
[2025-07-24T20:51:57.299+0000] {logging_mixin.py:188} INFO - [2025-07-24T20:51:57.299+0000] {dag.py:3954} INFO - Setting next_dagrun for example_short_circuit_decorator to 2025-07-23 00:00:00+00:00, run_after=2025-07-24 00:00:00+00:00
[2025-07-24T20:51:57.307+0000] {processor.py:183} INFO - Processing /home/airflow/.local/lib/python3.12/site-packages/airflow/example_dags/example_short_circuit_decorator.py took 0.041 seconds
[2025-07-24T20:52:28.005+0000] {processor.py:161} INFO - Started process (PID=1115) to work on /home/airflow/.local/lib/python3.12/site-packages/airflow/example_dags/example_short_circuit_decorator.py
[2025-07-24T20:52:28.005+0000] {processor.py:830} INFO - Processing file /home/airflow/.local/lib/python3.12/site-packages/airflow/example_dags/example_short_circuit_decorator.py for tasks to queue
[2025-07-24T20:52:28.006+0000] {logging_mixin.py:188} INFO - [2025-07-24T20:52:28.006+0000] {dagbag.py:545} INFO - Filling up the DagBag from /home/airflow/.local/lib/python3.12/site-packages/airflow/example_dags/example_short_circuit_decorator.py
[2025-07-24T20:52:28.011+0000] {processor.py:840} INFO - DAG(s) 'example_short_circuit_decorator' retrieved from /home/airflow/.local/lib/python3.12/site-packages/airflow/example_dags/example_short_circuit_decorator.py
[2025-07-24T20:52:28.024+0000] {logging_mixin.py:188} INFO - [2025-07-24T20:52:28.024+0000] {dag.py:3096} INFO - Sync 1 DAGs
[2025-07-24T20:52:28.037+0000] {logging_mixin.py:188} INFO - [2025-07-24T20:52:28.037+0000] {dag.py:3954} INFO - Setting next_dagrun for example_short_circuit_decorator to 2025-07-23 00:00:00+00:00, run_after=2025-07-24 00:00:00+00:00
[2025-07-24T20:52:28.047+0000] {processor.py:183} INFO - Processing /home/airflow/.local/lib/python3.12/site-packages/airflow/example_dags/example_short_circuit_decorator.py took 0.045 seconds
[2025-07-24T20:52:58.756+0000] {processor.py:161} INFO - Started process (PID=1173) to work on /home/airflow/.local/lib/python3.12/site-packages/airflow/example_dags/example_short_circuit_decorator.py
[2025-07-24T20:52:58.757+0000] {processor.py:830} INFO - Processing file /home/airflow/.local/lib/python3.12/site-packages/airflow/example_dags/example_short_circuit_decorator.py for tasks to queue
[2025-07-24T20:52:58.758+0000] {logging_mixin.py:188} INFO - [2025-07-24T20:52:58.757+0000] {dagbag.py:545} INFO - Filling up the DagBag from /home/airflow/.local/lib/python3.12/site-packages/airflow/example_dags/example_short_circuit_decorator.py
[2025-07-24T20:52:58.762+0000] {processor.py:840} INFO - DAG(s) 'example_short_circuit_decorator' retrieved from /home/airflow/.local/lib/python3.12/site-packages/airflow/example_dags/example_short_circuit_decorator.py
[2025-07-24T20:52:58.774+0000] {logging_mixin.py:188} INFO - [2025-07-24T20:52:58.774+0000] {dag.py:3096} INFO - Sync 1 DAGs
[2025-07-24T20:52:58.784+0000] {logging_mixin.py:188} INFO - [2025-07-24T20:52:58.784+0000] {dag.py:3954} INFO - Setting next_dagrun for example_short_circuit_decorator to 2025-07-23 00:00:00+00:00, run_after=2025-07-24 00:00:00+00:00
[2025-07-24T20:52:58.793+0000] {processor.py:183} INFO - Processing /home/airflow/.local/lib/python3.12/site-packages/airflow/example_dags/example_short_circuit_decorator.py took 0.040 seconds
[2025-07-24T20:53:28.946+0000] {processor.py:161} INFO - Started process (PID=1231) to work on /home/airflow/.local/lib/python3.12/site-packages/airflow/example_dags/example_short_circuit_decorator.py
[2025-07-24T20:53:28.946+0000] {processor.py:830} INFO - Processing file /home/airflow/.local/lib/python3.12/site-packages/airflow/example_dags/example_short_circuit_decorator.py for tasks to queue
[2025-07-24T20:53:28.948+0000] {logging_mixin.py:188} INFO - [2025-07-24T20:53:28.947+0000] {dagbag.py:545} INFO - Filling up the DagBag from /home/airflow/.local/lib/python3.12/site-packages/airflow/example_dags/example_short_circuit_decorator.py
[2025-07-24T20:53:28.952+0000] {processor.py:840} INFO - DAG(s) 'example_short_circuit_decorator' retrieved from /home/airflow/.local/lib/python3.12/site-packages/airflow/example_dags/example_short_circuit_decorator.py
[2025-07-24T20:53:28.964+0000] {logging_mixin.py:188} INFO - [2025-07-24T20:53:28.964+0000] {dag.py:3096} INFO - Sync 1 DAGs
[2025-07-24T20:53:28.974+0000] {logging_mixin.py:188} INFO - [2025-07-24T20:53:28.974+0000] {dag.py:3954} INFO - Setting next_dagrun for example_short_circuit_decorator to 2025-07-23 00:00:00+00:00, run_after=2025-07-24 00:00:00+00:00
[2025-07-24T20:53:28.984+0000] {processor.py:183} INFO - Processing /home/airflow/.local/lib/python3.12/site-packages/airflow/example_dags/example_short_circuit_decorator.py took 0.041 seconds
[2025-07-24T20:53:59.039+0000] {processor.py:161} INFO - Started process (PID=1289) to work on /home/airflow/.local/lib/python3.12/site-packages/airflow/example_dags/example_short_circuit_decorator.py
[2025-07-24T20:53:59.039+0000] {processor.py:830} INFO - Processing file /home/airflow/.local/lib/python3.12/site-packages/airflow/example_dags/example_short_circuit_decorator.py for tasks to queue
[2025-07-24T20:53:59.040+0000] {logging_mixin.py:188} INFO - [2025-07-24T20:53:59.040+0000] {dagbag.py:545} INFO - Filling up the DagBag from /home/airflow/.local/lib/python3.12/site-packages/airflow/example_dags/example_short_circuit_decorator.py
[2025-07-24T20:53:59.045+0000] {processor.py:840} INFO - DAG(s) 'example_short_circuit_decorator' retrieved from /home/airflow/.local/lib/python3.12/site-packages/airflow/example_dags/example_short_circuit_decorator.py
[2025-07-24T20:53:59.058+0000] {logging_mixin.py:188} INFO - [2025-07-24T20:53:59.058+0000] {dag.py:3096} INFO - Sync 1 DAGs
[2025-07-24T20:53:59.069+0000] {logging_mixin.py:188} INFO - [2025-07-24T20:53:59.069+0000] {dag.py:3954} INFO - Setting next_dagrun for example_short_circuit_decorator to 2025-07-23 00:00:00+00:00, run_after=2025-07-24 00:00:00+00:00
[2025-07-24T20:53:59.078+0000] {processor.py:183} INFO - Processing /home/airflow/.local/lib/python3.12/site-packages/airflow/example_dags/example_short_circuit_decorator.py took 0.043 seconds
[2025-07-24T20:54:29.108+0000] {processor.py:161} INFO - Started process (PID=1347) to work on /home/airflow/.local/lib/python3.12/site-packages/airflow/example_dags/example_short_circuit_decorator.py
[2025-07-24T20:54:29.108+0000] {processor.py:830} INFO - Processing file /home/airflow/.local/lib/python3.12/site-packages/airflow/example_dags/example_short_circuit_decorator.py for tasks to queue
[2025-07-24T20:54:29.109+0000] {logging_mixin.py:188} INFO - [2025-07-24T20:54:29.109+0000] {dagbag.py:545} INFO - Filling up the DagBag from /home/airflow/.local/lib/python3.12/site-packages/airflow/example_dags/example_short_circuit_decorator.py
[2025-07-24T20:54:29.113+0000] {processor.py:840} INFO - DAG(s) 'example_short_circuit_decorator' retrieved from /home/airflow/.local/lib/python3.12/site-packages/airflow/example_dags/example_short_circuit_decorator.py
[2025-07-24T20:54:29.125+0000] {logging_mixin.py:188} INFO - [2025-07-24T20:54:29.125+0000] {dag.py:3096} INFO - Sync 1 DAGs
[2025-07-24T20:54:29.135+0000] {logging_mixin.py:188} INFO - [2025-07-24T20:54:29.135+0000] {dag.py:3954} INFO - Setting next_dagrun for example_short_circuit_decorator to 2025-07-23 00:00:00+00:00, run_after=2025-07-24 00:00:00+00:00
[2025-07-24T20:54:29.143+0000] {processor.py:183} INFO - Processing /home/airflow/.local/lib/python3.12/site-packages/airflow/example_dags/example_short_circuit_decorator.py took 0.039 seconds
[2025-07-24T20:55:00.020+0000] {processor.py:161} INFO - Started process (PID=1405) to work on /home/airflow/.local/lib/python3.12/site-packages/airflow/example_dags/example_short_circuit_decorator.py
[2025-07-24T20:55:00.020+0000] {processor.py:830} INFO - Processing file /home/airflow/.local/lib/python3.12/site-packages/airflow/example_dags/example_short_circuit_decorator.py for tasks to queue
[2025-07-24T20:55:00.022+0000] {logging_mixin.py:188} INFO - [2025-07-24T20:55:00.021+0000] {dagbag.py:545} INFO - Filling up the DagBag from /home/airflow/.local/lib/python3.12/site-packages/airflow/example_dags/example_short_circuit_decorator.py
[2025-07-24T20:55:00.027+0000] {processor.py:840} INFO - DAG(s) 'example_short_circuit_decorator' retrieved from /home/airflow/.local/lib/python3.12/site-packages/airflow/example_dags/example_short_circuit_decorator.py
[2025-07-24T20:55:00.039+0000] {logging_mixin.py:188} INFO - [2025-07-24T20:55:00.039+0000] {dag.py:3096} INFO - Sync 1 DAGs
[2025-07-24T20:55:00.051+0000] {logging_mixin.py:188} INFO - [2025-07-24T20:55:00.051+0000] {dag.py:3954} INFO - Setting next_dagrun for example_short_circuit_decorator to 2025-07-23 00:00:00+00:00, run_after=2025-07-24 00:00:00+00:00
[2025-07-24T20:55:00.073+0000] {processor.py:183} INFO - Processing /home/airflow/.local/lib/python3.12/site-packages/airflow/example_dags/example_short_circuit_decorator.py took 0.056 seconds
[2025-07-24T20:55:30.793+0000] {processor.py:161} INFO - Started process (PID=1463) to work on /home/airflow/.local/lib/python3.12/site-packages/airflow/example_dags/example_short_circuit_decorator.py
[2025-07-24T20:55:30.793+0000] {processor.py:830} INFO - Processing file /home/airflow/.local/lib/python3.12/site-packages/airflow/example_dags/example_short_circuit_decorator.py for tasks to queue
[2025-07-24T20:55:30.795+0000] {logging_mixin.py:188} INFO - [2025-07-24T20:55:30.794+0000] {dagbag.py:545} INFO - Filling up the DagBag from /home/airflow/.local/lib/python3.12/site-packages/airflow/example_dags/example_short_circuit_decorator.py
[2025-07-24T20:55:30.800+0000] {processor.py:840} INFO - DAG(s) 'example_short_circuit_decorator' retrieved from /home/airflow/.local/lib/python3.12/site-packages/airflow/example_dags/example_short_circuit_decorator.py
[2025-07-24T20:55:30.813+0000] {logging_mixin.py:188} INFO - [2025-07-24T20:55:30.813+0000] {dag.py:3096} INFO - Sync 1 DAGs
[2025-07-24T20:55:30.825+0000] {logging_mixin.py:188} INFO - [2025-07-24T20:55:30.825+0000] {dag.py:3954} INFO - Setting next_dagrun for example_short_circuit_decorator to 2025-07-23 00:00:00+00:00, run_after=2025-07-24 00:00:00+00:00
[2025-07-24T20:55:30.834+0000] {processor.py:183} INFO - Processing /home/airflow/.local/lib/python3.12/site-packages/airflow/example_dags/example_short_circuit_decorator.py took 0.045 seconds
