[2025-07-24T20:31:49.015+0000] {processor.py:161} INFO - Started process (PID=78) to work on /home/airflow/.local/lib/python3.12/site-packages/airflow/example_dags/example_python_decorator.py
[2025-07-24T20:31:49.016+0000] {processor.py:830} INFO - Processing file /home/airflow/.local/lib/python3.12/site-packages/airflow/example_dags/example_python_decorator.py for tasks to queue
[2025-07-24T20:31:49.017+0000] {logging_mixin.py:188} INFO - [2025-07-24T20:31:49.017+0000] {dagbag.py:545} INFO - Filling up the DagBag from /home/airflow/.local/lib/python3.12/site-packages/airflow/example_dags/example_python_decorator.py
[2025-07-24T20:31:49.025+0000] {processor.py:840} INFO - DAG(s) 'example_python_decorator' retrieved from /home/airflow/.local/lib/python3.12/site-packages/airflow/example_dags/example_python_decorator.py
[2025-07-24T20:31:49.033+0000] {logging_mixin.py:188} INFO - [2025-07-24T20:31:49.033+0000] {dag.py:3096} INFO - Sync 1 DAGs
[2025-07-24T20:31:49.042+0000] {logging_mixin.py:188} INFO - [2025-07-24T20:31:49.042+0000] {dag.py:3954} INFO - Setting next_dagrun for example_python_decorator to None, run_after=None
[2025-07-24T20:31:49.053+0000] {processor.py:183} INFO - Processing /home/airflow/.local/lib/python3.12/site-packages/airflow/example_dags/example_python_decorator.py took 0.042 seconds
[2025-07-24T20:32:20.567+0000] {processor.py:161} INFO - Started process (PID=136) to work on /home/airflow/.local/lib/python3.12/site-packages/airflow/example_dags/example_python_decorator.py
[2025-07-24T20:32:20.567+0000] {processor.py:830} INFO - Processing file /home/airflow/.local/lib/python3.12/site-packages/airflow/example_dags/example_python_decorator.py for tasks to queue
[2025-07-24T20:32:20.568+0000] {logging_mixin.py:188} INFO - [2025-07-24T20:32:20.568+0000] {dagbag.py:545} INFO - Filling up the DagBag from /home/airflow/.local/lib/python3.12/site-packages/airflow/example_dags/example_python_decorator.py
[2025-07-24T20:32:20.575+0000] {processor.py:840} INFO - DAG(s) 'example_python_decorator' retrieved from /home/airflow/.local/lib/python3.12/site-packages/airflow/example_dags/example_python_decorator.py
[2025-07-24T20:32:20.628+0000] {logging_mixin.py:188} INFO - [2025-07-24T20:32:20.628+0000] {dag.py:3096} INFO - Sync 1 DAGs
[2025-07-24T20:32:20.634+0000] {logging_mixin.py:188} INFO - [2025-07-24T20:32:20.634+0000] {dag.py:3954} INFO - Setting next_dagrun for example_python_decorator to None, run_after=None
[2025-07-24T20:32:20.642+0000] {processor.py:183} INFO - Processing /home/airflow/.local/lib/python3.12/site-packages/airflow/example_dags/example_python_decorator.py took 0.079 seconds
[2025-07-24T20:32:51.013+0000] {processor.py:161} INFO - Started process (PID=194) to work on /home/airflow/.local/lib/python3.12/site-packages/airflow/example_dags/example_python_decorator.py
[2025-07-24T20:32:51.014+0000] {processor.py:830} INFO - Processing file /home/airflow/.local/lib/python3.12/site-packages/airflow/example_dags/example_python_decorator.py for tasks to queue
[2025-07-24T20:32:51.015+0000] {logging_mixin.py:188} INFO - [2025-07-24T20:32:51.014+0000] {dagbag.py:545} INFO - Filling up the DagBag from /home/airflow/.local/lib/python3.12/site-packages/airflow/example_dags/example_python_decorator.py
[2025-07-24T20:32:51.021+0000] {processor.py:840} INFO - DAG(s) 'example_python_decorator' retrieved from /home/airflow/.local/lib/python3.12/site-packages/airflow/example_dags/example_python_decorator.py
[2025-07-24T20:32:51.032+0000] {logging_mixin.py:188} INFO - [2025-07-24T20:32:51.032+0000] {dag.py:3096} INFO - Sync 1 DAGs
[2025-07-24T20:32:51.038+0000] {logging_mixin.py:188} INFO - [2025-07-24T20:32:51.037+0000] {dag.py:3954} INFO - Setting next_dagrun for example_python_decorator to None, run_after=None
[2025-07-24T20:32:51.046+0000] {processor.py:183} INFO - Processing /home/airflow/.local/lib/python3.12/site-packages/airflow/example_dags/example_python_decorator.py took 0.035 seconds
[2025-07-24T20:33:21.780+0000] {processor.py:161} INFO - Started process (PID=252) to work on /home/airflow/.local/lib/python3.12/site-packages/airflow/example_dags/example_python_decorator.py
[2025-07-24T20:33:21.780+0000] {processor.py:830} INFO - Processing file /home/airflow/.local/lib/python3.12/site-packages/airflow/example_dags/example_python_decorator.py for tasks to queue
[2025-07-24T20:33:21.781+0000] {logging_mixin.py:188} INFO - [2025-07-24T20:33:21.781+0000] {dagbag.py:545} INFO - Filling up the DagBag from /home/airflow/.local/lib/python3.12/site-packages/airflow/example_dags/example_python_decorator.py
[2025-07-24T20:33:21.789+0000] {processor.py:840} INFO - DAG(s) 'example_python_decorator' retrieved from /home/airflow/.local/lib/python3.12/site-packages/airflow/example_dags/example_python_decorator.py
[2025-07-24T20:33:21.803+0000] {logging_mixin.py:188} INFO - [2025-07-24T20:33:21.803+0000] {dag.py:3096} INFO - Sync 1 DAGs
[2025-07-24T20:33:21.810+0000] {logging_mixin.py:188} INFO - [2025-07-24T20:33:21.810+0000] {dag.py:3954} INFO - Setting next_dagrun for example_python_decorator to None, run_after=None
[2025-07-24T20:33:21.819+0000] {processor.py:183} INFO - Processing /home/airflow/.local/lib/python3.12/site-packages/airflow/example_dags/example_python_decorator.py took 0.043 seconds
[2025-07-24T20:33:52.547+0000] {processor.py:161} INFO - Started process (PID=310) to work on /home/airflow/.local/lib/python3.12/site-packages/airflow/example_dags/example_python_decorator.py
[2025-07-24T20:33:52.547+0000] {processor.py:830} INFO - Processing file /home/airflow/.local/lib/python3.12/site-packages/airflow/example_dags/example_python_decorator.py for tasks to queue
[2025-07-24T20:33:52.548+0000] {logging_mixin.py:188} INFO - [2025-07-24T20:33:52.548+0000] {dagbag.py:545} INFO - Filling up the DagBag from /home/airflow/.local/lib/python3.12/site-packages/airflow/example_dags/example_python_decorator.py
[2025-07-24T20:33:52.554+0000] {processor.py:840} INFO - DAG(s) 'example_python_decorator' retrieved from /home/airflow/.local/lib/python3.12/site-packages/airflow/example_dags/example_python_decorator.py
[2025-07-24T20:33:52.565+0000] {logging_mixin.py:188} INFO - [2025-07-24T20:33:52.565+0000] {dag.py:3096} INFO - Sync 1 DAGs
[2025-07-24T20:33:52.571+0000] {logging_mixin.py:188} INFO - [2025-07-24T20:33:52.571+0000] {dag.py:3954} INFO - Setting next_dagrun for example_python_decorator to None, run_after=None
[2025-07-24T20:33:52.579+0000] {processor.py:183} INFO - Processing /home/airflow/.local/lib/python3.12/site-packages/airflow/example_dags/example_python_decorator.py took 0.035 seconds
[2025-07-24T20:34:23.273+0000] {processor.py:161} INFO - Started process (PID=368) to work on /home/airflow/.local/lib/python3.12/site-packages/airflow/example_dags/example_python_decorator.py
[2025-07-24T20:34:23.273+0000] {processor.py:830} INFO - Processing file /home/airflow/.local/lib/python3.12/site-packages/airflow/example_dags/example_python_decorator.py for tasks to queue
[2025-07-24T20:34:23.274+0000] {logging_mixin.py:188} INFO - [2025-07-24T20:34:23.274+0000] {dagbag.py:545} INFO - Filling up the DagBag from /home/airflow/.local/lib/python3.12/site-packages/airflow/example_dags/example_python_decorator.py
[2025-07-24T20:34:23.281+0000] {processor.py:840} INFO - DAG(s) 'example_python_decorator' retrieved from /home/airflow/.local/lib/python3.12/site-packages/airflow/example_dags/example_python_decorator.py
[2025-07-24T20:34:23.293+0000] {logging_mixin.py:188} INFO - [2025-07-24T20:34:23.293+0000] {dag.py:3096} INFO - Sync 1 DAGs
[2025-07-24T20:34:23.299+0000] {logging_mixin.py:188} INFO - [2025-07-24T20:34:23.299+0000] {dag.py:3954} INFO - Setting next_dagrun for example_python_decorator to None, run_after=None
[2025-07-24T20:34:23.308+0000] {processor.py:183} INFO - Processing /home/airflow/.local/lib/python3.12/site-packages/airflow/example_dags/example_python_decorator.py took 0.038 seconds
[2025-07-24T20:34:54.041+0000] {processor.py:161} INFO - Started process (PID=426) to work on /home/airflow/.local/lib/python3.12/site-packages/airflow/example_dags/example_python_decorator.py
[2025-07-24T20:34:54.042+0000] {processor.py:830} INFO - Processing file /home/airflow/.local/lib/python3.12/site-packages/airflow/example_dags/example_python_decorator.py for tasks to queue
[2025-07-24T20:34:54.043+0000] {logging_mixin.py:188} INFO - [2025-07-24T20:34:54.043+0000] {dagbag.py:545} INFO - Filling up the DagBag from /home/airflow/.local/lib/python3.12/site-packages/airflow/example_dags/example_python_decorator.py
[2025-07-24T20:34:54.050+0000] {processor.py:840} INFO - DAG(s) 'example_python_decorator' retrieved from /home/airflow/.local/lib/python3.12/site-packages/airflow/example_dags/example_python_decorator.py
[2025-07-24T20:34:54.062+0000] {logging_mixin.py:188} INFO - [2025-07-24T20:34:54.062+0000] {dag.py:3096} INFO - Sync 1 DAGs
[2025-07-24T20:34:54.069+0000] {logging_mixin.py:188} INFO - [2025-07-24T20:34:54.069+0000] {dag.py:3954} INFO - Setting next_dagrun for example_python_decorator to None, run_after=None
[2025-07-24T20:34:54.077+0000] {processor.py:183} INFO - Processing /home/airflow/.local/lib/python3.12/site-packages/airflow/example_dags/example_python_decorator.py took 0.040 seconds
[2025-07-24T20:35:24.812+0000] {processor.py:161} INFO - Started process (PID=484) to work on /home/airflow/.local/lib/python3.12/site-packages/airflow/example_dags/example_python_decorator.py
[2025-07-24T20:35:24.812+0000] {processor.py:830} INFO - Processing file /home/airflow/.local/lib/python3.12/site-packages/airflow/example_dags/example_python_decorator.py for tasks to queue
[2025-07-24T20:35:24.814+0000] {logging_mixin.py:188} INFO - [2025-07-24T20:35:24.813+0000] {dagbag.py:545} INFO - Filling up the DagBag from /home/airflow/.local/lib/python3.12/site-packages/airflow/example_dags/example_python_decorator.py
[2025-07-24T20:35:24.822+0000] {processor.py:840} INFO - DAG(s) 'example_python_decorator' retrieved from /home/airflow/.local/lib/python3.12/site-packages/airflow/example_dags/example_python_decorator.py
[2025-07-24T20:35:24.836+0000] {logging_mixin.py:188} INFO - [2025-07-24T20:35:24.836+0000] {dag.py:3096} INFO - Sync 1 DAGs
[2025-07-24T20:35:24.843+0000] {logging_mixin.py:188} INFO - [2025-07-24T20:35:24.843+0000] {dag.py:3954} INFO - Setting next_dagrun for example_python_decorator to None, run_after=None
[2025-07-24T20:35:24.854+0000] {processor.py:183} INFO - Processing /home/airflow/.local/lib/python3.12/site-packages/airflow/example_dags/example_python_decorator.py took 0.047 seconds
[2025-07-24T20:36:44.709+0000] {processor.py:161} INFO - Started process (PID=71) to work on /home/airflow/.local/lib/python3.12/site-packages/airflow/example_dags/example_python_decorator.py
[2025-07-24T20:36:44.710+0000] {processor.py:830} INFO - Processing file /home/airflow/.local/lib/python3.12/site-packages/airflow/example_dags/example_python_decorator.py for tasks to queue
[2025-07-24T20:36:44.711+0000] {logging_mixin.py:188} INFO - [2025-07-24T20:36:44.711+0000] {dagbag.py:545} INFO - Filling up the DagBag from /home/airflow/.local/lib/python3.12/site-packages/airflow/example_dags/example_python_decorator.py
[2025-07-24T20:36:44.719+0000] {processor.py:840} INFO - DAG(s) 'example_python_decorator' retrieved from /home/airflow/.local/lib/python3.12/site-packages/airflow/example_dags/example_python_decorator.py
[2025-07-24T20:36:44.727+0000] {logging_mixin.py:188} INFO - [2025-07-24T20:36:44.727+0000] {dag.py:3096} INFO - Sync 1 DAGs
[2025-07-24T20:36:44.736+0000] {logging_mixin.py:188} INFO - [2025-07-24T20:36:44.735+0000] {dag.py:3954} INFO - Setting next_dagrun for example_python_decorator to None, run_after=None
[2025-07-24T20:36:44.755+0000] {processor.py:183} INFO - Processing /home/airflow/.local/lib/python3.12/site-packages/airflow/example_dags/example_python_decorator.py took 0.050 seconds
[2025-07-24T20:37:15.266+0000] {processor.py:161} INFO - Started process (PID=129) to work on /home/airflow/.local/lib/python3.12/site-packages/airflow/example_dags/example_python_decorator.py
[2025-07-24T20:37:15.287+0000] {processor.py:830} INFO - Processing file /home/airflow/.local/lib/python3.12/site-packages/airflow/example_dags/example_python_decorator.py for tasks to queue
[2025-07-24T20:37:15.288+0000] {logging_mixin.py:188} INFO - [2025-07-24T20:37:15.288+0000] {dagbag.py:545} INFO - Filling up the DagBag from /home/airflow/.local/lib/python3.12/site-packages/airflow/example_dags/example_python_decorator.py
[2025-07-24T20:37:15.296+0000] {processor.py:840} INFO - DAG(s) 'example_python_decorator' retrieved from /home/airflow/.local/lib/python3.12/site-packages/airflow/example_dags/example_python_decorator.py
[2025-07-24T20:37:15.303+0000] {logging_mixin.py:188} INFO - [2025-07-24T20:37:15.303+0000] {dag.py:3096} INFO - Sync 1 DAGs
[2025-07-24T20:37:15.312+0000] {logging_mixin.py:188} INFO - [2025-07-24T20:37:15.312+0000] {dag.py:3954} INFO - Setting next_dagrun for example_python_decorator to None, run_after=None
[2025-07-24T20:37:15.322+0000] {processor.py:183} INFO - Processing /home/airflow/.local/lib/python3.12/site-packages/airflow/example_dags/example_python_decorator.py took 0.059 seconds
[2025-07-24T20:37:46.763+0000] {processor.py:161} INFO - Started process (PID=187) to work on /home/airflow/.local/lib/python3.12/site-packages/airflow/example_dags/example_python_decorator.py
[2025-07-24T20:37:46.764+0000] {processor.py:830} INFO - Processing file /home/airflow/.local/lib/python3.12/site-packages/airflow/example_dags/example_python_decorator.py for tasks to queue
[2025-07-24T20:37:46.765+0000] {logging_mixin.py:188} INFO - [2025-07-24T20:37:46.765+0000] {dagbag.py:545} INFO - Filling up the DagBag from /home/airflow/.local/lib/python3.12/site-packages/airflow/example_dags/example_python_decorator.py
[2025-07-24T20:37:46.771+0000] {processor.py:840} INFO - DAG(s) 'example_python_decorator' retrieved from /home/airflow/.local/lib/python3.12/site-packages/airflow/example_dags/example_python_decorator.py
[2025-07-24T20:37:46.826+0000] {logging_mixin.py:188} INFO - [2025-07-24T20:37:46.825+0000] {dag.py:3096} INFO - Sync 1 DAGs
[2025-07-24T20:37:46.831+0000] {logging_mixin.py:188} INFO - [2025-07-24T20:37:46.831+0000] {dag.py:3954} INFO - Setting next_dagrun for example_python_decorator to None, run_after=None
[2025-07-24T20:37:46.841+0000] {processor.py:183} INFO - Processing /home/airflow/.local/lib/python3.12/site-packages/airflow/example_dags/example_python_decorator.py took 0.081 seconds
[2025-07-24T20:38:17.770+0000] {processor.py:161} INFO - Started process (PID=251) to work on /home/airflow/.local/lib/python3.12/site-packages/airflow/example_dags/example_python_decorator.py
[2025-07-24T20:38:17.771+0000] {processor.py:830} INFO - Processing file /home/airflow/.local/lib/python3.12/site-packages/airflow/example_dags/example_python_decorator.py for tasks to queue
[2025-07-24T20:38:17.772+0000] {logging_mixin.py:188} INFO - [2025-07-24T20:38:17.771+0000] {dagbag.py:545} INFO - Filling up the DagBag from /home/airflow/.local/lib/python3.12/site-packages/airflow/example_dags/example_python_decorator.py
[2025-07-24T20:38:17.778+0000] {processor.py:840} INFO - DAG(s) 'example_python_decorator' retrieved from /home/airflow/.local/lib/python3.12/site-packages/airflow/example_dags/example_python_decorator.py
[2025-07-24T20:38:17.792+0000] {logging_mixin.py:188} INFO - [2025-07-24T20:38:17.791+0000] {dag.py:3096} INFO - Sync 1 DAGs
[2025-07-24T20:38:17.799+0000] {logging_mixin.py:188} INFO - [2025-07-24T20:38:17.799+0000] {dag.py:3954} INFO - Setting next_dagrun for example_python_decorator to None, run_after=None
[2025-07-24T20:38:17.808+0000] {processor.py:183} INFO - Processing /home/airflow/.local/lib/python3.12/site-packages/airflow/example_dags/example_python_decorator.py took 0.041 seconds
[2025-07-24T20:38:48.485+0000] {processor.py:161} INFO - Started process (PID=309) to work on /home/airflow/.local/lib/python3.12/site-packages/airflow/example_dags/example_python_decorator.py
[2025-07-24T20:38:48.485+0000] {processor.py:830} INFO - Processing file /home/airflow/.local/lib/python3.12/site-packages/airflow/example_dags/example_python_decorator.py for tasks to queue
[2025-07-24T20:38:48.486+0000] {logging_mixin.py:188} INFO - [2025-07-24T20:38:48.486+0000] {dagbag.py:545} INFO - Filling up the DagBag from /home/airflow/.local/lib/python3.12/site-packages/airflow/example_dags/example_python_decorator.py
[2025-07-24T20:38:48.495+0000] {processor.py:840} INFO - DAG(s) 'example_python_decorator' retrieved from /home/airflow/.local/lib/python3.12/site-packages/airflow/example_dags/example_python_decorator.py
[2025-07-24T20:38:48.508+0000] {logging_mixin.py:188} INFO - [2025-07-24T20:38:48.508+0000] {dag.py:3096} INFO - Sync 1 DAGs
[2025-07-24T20:38:48.515+0000] {logging_mixin.py:188} INFO - [2025-07-24T20:38:48.515+0000] {dag.py:3954} INFO - Setting next_dagrun for example_python_decorator to None, run_after=None
[2025-07-24T20:38:48.526+0000] {processor.py:183} INFO - Processing /home/airflow/.local/lib/python3.12/site-packages/airflow/example_dags/example_python_decorator.py took 0.045 seconds
[2025-07-24T20:39:19.282+0000] {processor.py:161} INFO - Started process (PID=367) to work on /home/airflow/.local/lib/python3.12/site-packages/airflow/example_dags/example_python_decorator.py
[2025-07-24T20:39:19.283+0000] {processor.py:830} INFO - Processing file /home/airflow/.local/lib/python3.12/site-packages/airflow/example_dags/example_python_decorator.py for tasks to queue
[2025-07-24T20:39:19.284+0000] {logging_mixin.py:188} INFO - [2025-07-24T20:39:19.284+0000] {dagbag.py:545} INFO - Filling up the DagBag from /home/airflow/.local/lib/python3.12/site-packages/airflow/example_dags/example_python_decorator.py
[2025-07-24T20:39:19.291+0000] {processor.py:840} INFO - DAG(s) 'example_python_decorator' retrieved from /home/airflow/.local/lib/python3.12/site-packages/airflow/example_dags/example_python_decorator.py
[2025-07-24T20:39:19.305+0000] {logging_mixin.py:188} INFO - [2025-07-24T20:39:19.305+0000] {dag.py:3096} INFO - Sync 1 DAGs
[2025-07-24T20:39:19.312+0000] {logging_mixin.py:188} INFO - [2025-07-24T20:39:19.312+0000] {dag.py:3954} INFO - Setting next_dagrun for example_python_decorator to None, run_after=None
[2025-07-24T20:39:19.321+0000] {processor.py:183} INFO - Processing /home/airflow/.local/lib/python3.12/site-packages/airflow/example_dags/example_python_decorator.py took 0.043 seconds
[2025-07-24T20:39:49.991+0000] {processor.py:161} INFO - Started process (PID=425) to work on /home/airflow/.local/lib/python3.12/site-packages/airflow/example_dags/example_python_decorator.py
[2025-07-24T20:39:49.991+0000] {processor.py:830} INFO - Processing file /home/airflow/.local/lib/python3.12/site-packages/airflow/example_dags/example_python_decorator.py for tasks to queue
[2025-07-24T20:39:49.992+0000] {logging_mixin.py:188} INFO - [2025-07-24T20:39:49.992+0000] {dagbag.py:545} INFO - Filling up the DagBag from /home/airflow/.local/lib/python3.12/site-packages/airflow/example_dags/example_python_decorator.py
[2025-07-24T20:39:49.999+0000] {processor.py:840} INFO - DAG(s) 'example_python_decorator' retrieved from /home/airflow/.local/lib/python3.12/site-packages/airflow/example_dags/example_python_decorator.py
[2025-07-24T20:39:50.012+0000] {logging_mixin.py:188} INFO - [2025-07-24T20:39:50.012+0000] {dag.py:3096} INFO - Sync 1 DAGs
[2025-07-24T20:39:50.018+0000] {logging_mixin.py:188} INFO - [2025-07-24T20:39:50.018+0000] {dag.py:3954} INFO - Setting next_dagrun for example_python_decorator to None, run_after=None
[2025-07-24T20:39:50.028+0000] {processor.py:183} INFO - Processing /home/airflow/.local/lib/python3.12/site-packages/airflow/example_dags/example_python_decorator.py took 0.041 seconds
[2025-07-24T20:40:20.669+0000] {processor.py:161} INFO - Started process (PID=483) to work on /home/airflow/.local/lib/python3.12/site-packages/airflow/example_dags/example_python_decorator.py
[2025-07-24T20:40:20.670+0000] {processor.py:830} INFO - Processing file /home/airflow/.local/lib/python3.12/site-packages/airflow/example_dags/example_python_decorator.py for tasks to queue
[2025-07-24T20:40:20.671+0000] {logging_mixin.py:188} INFO - [2025-07-24T20:40:20.671+0000] {dagbag.py:545} INFO - Filling up the DagBag from /home/airflow/.local/lib/python3.12/site-packages/airflow/example_dags/example_python_decorator.py
[2025-07-24T20:40:20.679+0000] {processor.py:840} INFO - DAG(s) 'example_python_decorator' retrieved from /home/airflow/.local/lib/python3.12/site-packages/airflow/example_dags/example_python_decorator.py
[2025-07-24T20:40:20.692+0000] {logging_mixin.py:188} INFO - [2025-07-24T20:40:20.692+0000] {dag.py:3096} INFO - Sync 1 DAGs
[2025-07-24T20:40:20.699+0000] {logging_mixin.py:188} INFO - [2025-07-24T20:40:20.699+0000] {dag.py:3954} INFO - Setting next_dagrun for example_python_decorator to None, run_after=None
[2025-07-24T20:40:20.709+0000] {processor.py:183} INFO - Processing /home/airflow/.local/lib/python3.12/site-packages/airflow/example_dags/example_python_decorator.py took 0.043 seconds
[2025-07-24T20:40:51.624+0000] {processor.py:161} INFO - Started process (PID=541) to work on /home/airflow/.local/lib/python3.12/site-packages/airflow/example_dags/example_python_decorator.py
[2025-07-24T20:40:51.625+0000] {processor.py:830} INFO - Processing file /home/airflow/.local/lib/python3.12/site-packages/airflow/example_dags/example_python_decorator.py for tasks to queue
[2025-07-24T20:40:51.626+0000] {logging_mixin.py:188} INFO - [2025-07-24T20:40:51.626+0000] {dagbag.py:545} INFO - Filling up the DagBag from /home/airflow/.local/lib/python3.12/site-packages/airflow/example_dags/example_python_decorator.py
[2025-07-24T20:40:51.633+0000] {processor.py:840} INFO - DAG(s) 'example_python_decorator' retrieved from /home/airflow/.local/lib/python3.12/site-packages/airflow/example_dags/example_python_decorator.py
[2025-07-24T20:40:51.647+0000] {logging_mixin.py:188} INFO - [2025-07-24T20:40:51.646+0000] {dag.py:3096} INFO - Sync 1 DAGs
[2025-07-24T20:40:51.654+0000] {logging_mixin.py:188} INFO - [2025-07-24T20:40:51.654+0000] {dag.py:3954} INFO - Setting next_dagrun for example_python_decorator to None, run_after=None
[2025-07-24T20:40:51.664+0000] {processor.py:183} INFO - Processing /home/airflow/.local/lib/python3.12/site-packages/airflow/example_dags/example_python_decorator.py took 0.043 seconds
[2025-07-24T20:41:21.717+0000] {processor.py:161} INFO - Started process (PID=599) to work on /home/airflow/.local/lib/python3.12/site-packages/airflow/example_dags/example_python_decorator.py
[2025-07-24T20:41:21.718+0000] {processor.py:830} INFO - Processing file /home/airflow/.local/lib/python3.12/site-packages/airflow/example_dags/example_python_decorator.py for tasks to queue
[2025-07-24T20:41:21.719+0000] {logging_mixin.py:188} INFO - [2025-07-24T20:41:21.718+0000] {dagbag.py:545} INFO - Filling up the DagBag from /home/airflow/.local/lib/python3.12/site-packages/airflow/example_dags/example_python_decorator.py
[2025-07-24T20:41:21.725+0000] {processor.py:840} INFO - DAG(s) 'example_python_decorator' retrieved from /home/airflow/.local/lib/python3.12/site-packages/airflow/example_dags/example_python_decorator.py
[2025-07-24T20:41:21.736+0000] {logging_mixin.py:188} INFO - [2025-07-24T20:41:21.736+0000] {dag.py:3096} INFO - Sync 1 DAGs
[2025-07-24T20:41:21.742+0000] {logging_mixin.py:188} INFO - [2025-07-24T20:41:21.742+0000] {dag.py:3954} INFO - Setting next_dagrun for example_python_decorator to None, run_after=None
[2025-07-24T20:41:21.750+0000] {processor.py:183} INFO - Processing /home/airflow/.local/lib/python3.12/site-packages/airflow/example_dags/example_python_decorator.py took 0.035 seconds
[2025-07-24T20:41:52.473+0000] {processor.py:161} INFO - Started process (PID=657) to work on /home/airflow/.local/lib/python3.12/site-packages/airflow/example_dags/example_python_decorator.py
[2025-07-24T20:41:52.473+0000] {processor.py:830} INFO - Processing file /home/airflow/.local/lib/python3.12/site-packages/airflow/example_dags/example_python_decorator.py for tasks to queue
[2025-07-24T20:41:52.474+0000] {logging_mixin.py:188} INFO - [2025-07-24T20:41:52.474+0000] {dagbag.py:545} INFO - Filling up the DagBag from /home/airflow/.local/lib/python3.12/site-packages/airflow/example_dags/example_python_decorator.py
[2025-07-24T20:41:52.480+0000] {processor.py:840} INFO - DAG(s) 'example_python_decorator' retrieved from /home/airflow/.local/lib/python3.12/site-packages/airflow/example_dags/example_python_decorator.py
[2025-07-24T20:41:52.491+0000] {logging_mixin.py:188} INFO - [2025-07-24T20:41:52.491+0000] {dag.py:3096} INFO - Sync 1 DAGs
[2025-07-24T20:41:52.498+0000] {logging_mixin.py:188} INFO - [2025-07-24T20:41:52.497+0000] {dag.py:3954} INFO - Setting next_dagrun for example_python_decorator to None, run_after=None
[2025-07-24T20:41:52.506+0000] {processor.py:183} INFO - Processing /home/airflow/.local/lib/python3.12/site-packages/airflow/example_dags/example_python_decorator.py took 0.036 seconds
[2025-07-24T20:42:23.352+0000] {processor.py:161} INFO - Started process (PID=715) to work on /home/airflow/.local/lib/python3.12/site-packages/airflow/example_dags/example_python_decorator.py
[2025-07-24T20:42:23.353+0000] {processor.py:830} INFO - Processing file /home/airflow/.local/lib/python3.12/site-packages/airflow/example_dags/example_python_decorator.py for tasks to queue
[2025-07-24T20:42:23.354+0000] {logging_mixin.py:188} INFO - [2025-07-24T20:42:23.354+0000] {dagbag.py:545} INFO - Filling up the DagBag from /home/airflow/.local/lib/python3.12/site-packages/airflow/example_dags/example_python_decorator.py
[2025-07-24T20:42:23.360+0000] {processor.py:840} INFO - DAG(s) 'example_python_decorator' retrieved from /home/airflow/.local/lib/python3.12/site-packages/airflow/example_dags/example_python_decorator.py
[2025-07-24T20:42:23.371+0000] {logging_mixin.py:188} INFO - [2025-07-24T20:42:23.371+0000] {dag.py:3096} INFO - Sync 1 DAGs
[2025-07-24T20:42:23.377+0000] {logging_mixin.py:188} INFO - [2025-07-24T20:42:23.377+0000] {dag.py:3954} INFO - Setting next_dagrun for example_python_decorator to None, run_after=None
[2025-07-24T20:42:23.385+0000] {processor.py:183} INFO - Processing /home/airflow/.local/lib/python3.12/site-packages/airflow/example_dags/example_python_decorator.py took 0.036 seconds
[2025-07-24T20:43:17.246+0000] {processor.py:161} INFO - Started process (PID=71) to work on /home/airflow/.local/lib/python3.12/site-packages/airflow/example_dags/example_python_decorator.py
[2025-07-24T20:43:17.246+0000] {processor.py:830} INFO - Processing file /home/airflow/.local/lib/python3.12/site-packages/airflow/example_dags/example_python_decorator.py for tasks to queue
[2025-07-24T20:43:17.247+0000] {logging_mixin.py:188} INFO - [2025-07-24T20:43:17.247+0000] {dagbag.py:545} INFO - Filling up the DagBag from /home/airflow/.local/lib/python3.12/site-packages/airflow/example_dags/example_python_decorator.py
[2025-07-24T20:43:17.253+0000] {processor.py:840} INFO - DAG(s) 'example_python_decorator' retrieved from /home/airflow/.local/lib/python3.12/site-packages/airflow/example_dags/example_python_decorator.py
[2025-07-24T20:43:17.260+0000] {logging_mixin.py:188} INFO - [2025-07-24T20:43:17.260+0000] {dag.py:3096} INFO - Sync 1 DAGs
[2025-07-24T20:43:17.267+0000] {logging_mixin.py:188} INFO - [2025-07-24T20:43:17.267+0000] {dag.py:3954} INFO - Setting next_dagrun for example_python_decorator to None, run_after=None
[2025-07-24T20:43:17.277+0000] {processor.py:183} INFO - Processing /home/airflow/.local/lib/python3.12/site-packages/airflow/example_dags/example_python_decorator.py took 0.035 seconds
[2025-07-24T20:43:48.591+0000] {processor.py:161} INFO - Started process (PID=129) to work on /home/airflow/.local/lib/python3.12/site-packages/airflow/example_dags/example_python_decorator.py
[2025-07-24T20:43:48.591+0000] {processor.py:830} INFO - Processing file /home/airflow/.local/lib/python3.12/site-packages/airflow/example_dags/example_python_decorator.py for tasks to queue
[2025-07-24T20:43:48.592+0000] {logging_mixin.py:188} INFO - [2025-07-24T20:43:48.592+0000] {dagbag.py:545} INFO - Filling up the DagBag from /home/airflow/.local/lib/python3.12/site-packages/airflow/example_dags/example_python_decorator.py
[2025-07-24T20:43:48.599+0000] {processor.py:840} INFO - DAG(s) 'example_python_decorator' retrieved from /home/airflow/.local/lib/python3.12/site-packages/airflow/example_dags/example_python_decorator.py
[2025-07-24T20:43:48.655+0000] {logging_mixin.py:188} INFO - [2025-07-24T20:43:48.655+0000] {dag.py:3096} INFO - Sync 1 DAGs
[2025-07-24T20:43:48.661+0000] {logging_mixin.py:188} INFO - [2025-07-24T20:43:48.661+0000] {dag.py:3954} INFO - Setting next_dagrun for example_python_decorator to None, run_after=None
[2025-07-24T20:43:48.671+0000] {processor.py:183} INFO - Processing /home/airflow/.local/lib/python3.12/site-packages/airflow/example_dags/example_python_decorator.py took 0.083 seconds
[2025-07-24T20:44:19.112+0000] {processor.py:161} INFO - Started process (PID=187) to work on /home/airflow/.local/lib/python3.12/site-packages/airflow/example_dags/example_python_decorator.py
[2025-07-24T20:44:19.113+0000] {processor.py:830} INFO - Processing file /home/airflow/.local/lib/python3.12/site-packages/airflow/example_dags/example_python_decorator.py for tasks to queue
[2025-07-24T20:44:19.114+0000] {logging_mixin.py:188} INFO - [2025-07-24T20:44:19.114+0000] {dagbag.py:545} INFO - Filling up the DagBag from /home/airflow/.local/lib/python3.12/site-packages/airflow/example_dags/example_python_decorator.py
[2025-07-24T20:44:19.121+0000] {processor.py:840} INFO - DAG(s) 'example_python_decorator' retrieved from /home/airflow/.local/lib/python3.12/site-packages/airflow/example_dags/example_python_decorator.py
[2025-07-24T20:44:19.132+0000] {logging_mixin.py:188} INFO - [2025-07-24T20:44:19.132+0000] {dag.py:3096} INFO - Sync 1 DAGs
[2025-07-24T20:44:19.139+0000] {logging_mixin.py:188} INFO - [2025-07-24T20:44:19.139+0000] {dag.py:3954} INFO - Setting next_dagrun for example_python_decorator to None, run_after=None
[2025-07-24T20:44:19.149+0000] {processor.py:183} INFO - Processing /home/airflow/.local/lib/python3.12/site-packages/airflow/example_dags/example_python_decorator.py took 0.040 seconds
[2025-07-24T20:44:49.230+0000] {processor.py:161} INFO - Started process (PID=245) to work on /home/airflow/.local/lib/python3.12/site-packages/airflow/example_dags/example_python_decorator.py
[2025-07-24T20:44:49.231+0000] {processor.py:830} INFO - Processing file /home/airflow/.local/lib/python3.12/site-packages/airflow/example_dags/example_python_decorator.py for tasks to queue
[2025-07-24T20:44:49.232+0000] {logging_mixin.py:188} INFO - [2025-07-24T20:44:49.232+0000] {dagbag.py:545} INFO - Filling up the DagBag from /home/airflow/.local/lib/python3.12/site-packages/airflow/example_dags/example_python_decorator.py
[2025-07-24T20:44:49.240+0000] {processor.py:840} INFO - DAG(s) 'example_python_decorator' retrieved from /home/airflow/.local/lib/python3.12/site-packages/airflow/example_dags/example_python_decorator.py
[2025-07-24T20:44:49.254+0000] {logging_mixin.py:188} INFO - [2025-07-24T20:44:49.254+0000] {dag.py:3096} INFO - Sync 1 DAGs
[2025-07-24T20:44:49.261+0000] {logging_mixin.py:188} INFO - [2025-07-24T20:44:49.261+0000] {dag.py:3954} INFO - Setting next_dagrun for example_python_decorator to None, run_after=None
[2025-07-24T20:44:49.271+0000] {processor.py:183} INFO - Processing /home/airflow/.local/lib/python3.12/site-packages/airflow/example_dags/example_python_decorator.py took 0.045 seconds
[2025-07-24T20:45:20.234+0000] {processor.py:161} INFO - Started process (PID=309) to work on /home/airflow/.local/lib/python3.12/site-packages/airflow/example_dags/example_python_decorator.py
[2025-07-24T20:45:20.235+0000] {processor.py:830} INFO - Processing file /home/airflow/.local/lib/python3.12/site-packages/airflow/example_dags/example_python_decorator.py for tasks to queue
[2025-07-24T20:45:20.236+0000] {logging_mixin.py:188} INFO - [2025-07-24T20:45:20.235+0000] {dagbag.py:545} INFO - Filling up the DagBag from /home/airflow/.local/lib/python3.12/site-packages/airflow/example_dags/example_python_decorator.py
[2025-07-24T20:45:20.243+0000] {processor.py:840} INFO - DAG(s) 'example_python_decorator' retrieved from /home/airflow/.local/lib/python3.12/site-packages/airflow/example_dags/example_python_decorator.py
[2025-07-24T20:45:20.255+0000] {logging_mixin.py:188} INFO - [2025-07-24T20:45:20.255+0000] {dag.py:3096} INFO - Sync 1 DAGs
[2025-07-24T20:45:20.262+0000] {logging_mixin.py:188} INFO - [2025-07-24T20:45:20.261+0000] {dag.py:3954} INFO - Setting next_dagrun for example_python_decorator to None, run_after=None
[2025-07-24T20:45:20.272+0000] {processor.py:183} INFO - Processing /home/airflow/.local/lib/python3.12/site-packages/airflow/example_dags/example_python_decorator.py took 0.041 seconds
[2025-07-24T20:45:50.794+0000] {processor.py:161} INFO - Started process (PID=367) to work on /home/airflow/.local/lib/python3.12/site-packages/airflow/example_dags/example_python_decorator.py
[2025-07-24T20:45:50.795+0000] {processor.py:830} INFO - Processing file /home/airflow/.local/lib/python3.12/site-packages/airflow/example_dags/example_python_decorator.py for tasks to queue
[2025-07-24T20:45:50.796+0000] {logging_mixin.py:188} INFO - [2025-07-24T20:45:50.795+0000] {dagbag.py:545} INFO - Filling up the DagBag from /home/airflow/.local/lib/python3.12/site-packages/airflow/example_dags/example_python_decorator.py
[2025-07-24T20:45:50.803+0000] {processor.py:840} INFO - DAG(s) 'example_python_decorator' retrieved from /home/airflow/.local/lib/python3.12/site-packages/airflow/example_dags/example_python_decorator.py
[2025-07-24T20:45:50.815+0000] {logging_mixin.py:188} INFO - [2025-07-24T20:45:50.815+0000] {dag.py:3096} INFO - Sync 1 DAGs
[2025-07-24T20:45:50.821+0000] {logging_mixin.py:188} INFO - [2025-07-24T20:45:50.821+0000] {dag.py:3954} INFO - Setting next_dagrun for example_python_decorator to None, run_after=None
[2025-07-24T20:45:50.831+0000] {processor.py:183} INFO - Processing /home/airflow/.local/lib/python3.12/site-packages/airflow/example_dags/example_python_decorator.py took 0.040 seconds
[2025-07-24T20:46:21.531+0000] {processor.py:161} INFO - Started process (PID=425) to work on /home/airflow/.local/lib/python3.12/site-packages/airflow/example_dags/example_python_decorator.py
[2025-07-24T20:46:21.532+0000] {processor.py:830} INFO - Processing file /home/airflow/.local/lib/python3.12/site-packages/airflow/example_dags/example_python_decorator.py for tasks to queue
[2025-07-24T20:46:21.533+0000] {logging_mixin.py:188} INFO - [2025-07-24T20:46:21.533+0000] {dagbag.py:545} INFO - Filling up the DagBag from /home/airflow/.local/lib/python3.12/site-packages/airflow/example_dags/example_python_decorator.py
[2025-07-24T20:46:21.541+0000] {processor.py:840} INFO - DAG(s) 'example_python_decorator' retrieved from /home/airflow/.local/lib/python3.12/site-packages/airflow/example_dags/example_python_decorator.py
[2025-07-24T20:46:21.553+0000] {logging_mixin.py:188} INFO - [2025-07-24T20:46:21.553+0000] {dag.py:3096} INFO - Sync 1 DAGs
[2025-07-24T20:46:21.559+0000] {logging_mixin.py:188} INFO - [2025-07-24T20:46:21.559+0000] {dag.py:3954} INFO - Setting next_dagrun for example_python_decorator to None, run_after=None
[2025-07-24T20:46:21.569+0000] {processor.py:183} INFO - Processing /home/airflow/.local/lib/python3.12/site-packages/airflow/example_dags/example_python_decorator.py took 0.041 seconds
[2025-07-24T20:46:52.213+0000] {processor.py:161} INFO - Started process (PID=483) to work on /home/airflow/.local/lib/python3.12/site-packages/airflow/example_dags/example_python_decorator.py
[2025-07-24T20:46:52.213+0000] {processor.py:830} INFO - Processing file /home/airflow/.local/lib/python3.12/site-packages/airflow/example_dags/example_python_decorator.py for tasks to queue
[2025-07-24T20:46:52.214+0000] {logging_mixin.py:188} INFO - [2025-07-24T20:46:52.214+0000] {dagbag.py:545} INFO - Filling up the DagBag from /home/airflow/.local/lib/python3.12/site-packages/airflow/example_dags/example_python_decorator.py
[2025-07-24T20:46:52.221+0000] {processor.py:840} INFO - DAG(s) 'example_python_decorator' retrieved from /home/airflow/.local/lib/python3.12/site-packages/airflow/example_dags/example_python_decorator.py
[2025-07-24T20:46:52.233+0000] {logging_mixin.py:188} INFO - [2025-07-24T20:46:52.233+0000] {dag.py:3096} INFO - Sync 1 DAGs
[2025-07-24T20:46:52.240+0000] {logging_mixin.py:188} INFO - [2025-07-24T20:46:52.240+0000] {dag.py:3954} INFO - Setting next_dagrun for example_python_decorator to None, run_after=None
[2025-07-24T20:46:52.249+0000] {processor.py:183} INFO - Processing /home/airflow/.local/lib/python3.12/site-packages/airflow/example_dags/example_python_decorator.py took 0.040 seconds
[2025-07-24T20:47:22.865+0000] {processor.py:161} INFO - Started process (PID=541) to work on /home/airflow/.local/lib/python3.12/site-packages/airflow/example_dags/example_python_decorator.py
[2025-07-24T20:47:22.866+0000] {processor.py:830} INFO - Processing file /home/airflow/.local/lib/python3.12/site-packages/airflow/example_dags/example_python_decorator.py for tasks to queue
[2025-07-24T20:47:22.866+0000] {logging_mixin.py:188} INFO - [2025-07-24T20:47:22.866+0000] {dagbag.py:545} INFO - Filling up the DagBag from /home/airflow/.local/lib/python3.12/site-packages/airflow/example_dags/example_python_decorator.py
[2025-07-24T20:47:22.873+0000] {processor.py:840} INFO - DAG(s) 'example_python_decorator' retrieved from /home/airflow/.local/lib/python3.12/site-packages/airflow/example_dags/example_python_decorator.py
[2025-07-24T20:47:22.885+0000] {logging_mixin.py:188} INFO - [2025-07-24T20:47:22.885+0000] {dag.py:3096} INFO - Sync 1 DAGs
[2025-07-24T20:47:22.891+0000] {logging_mixin.py:188} INFO - [2025-07-24T20:47:22.891+0000] {dag.py:3954} INFO - Setting next_dagrun for example_python_decorator to None, run_after=None
[2025-07-24T20:47:22.899+0000] {processor.py:183} INFO - Processing /home/airflow/.local/lib/python3.12/site-packages/airflow/example_dags/example_python_decorator.py took 0.037 seconds
[2025-07-24T20:47:53.623+0000] {processor.py:161} INFO - Started process (PID=599) to work on /home/airflow/.local/lib/python3.12/site-packages/airflow/example_dags/example_python_decorator.py
[2025-07-24T20:47:53.623+0000] {processor.py:830} INFO - Processing file /home/airflow/.local/lib/python3.12/site-packages/airflow/example_dags/example_python_decorator.py for tasks to queue
[2025-07-24T20:47:53.624+0000] {logging_mixin.py:188} INFO - [2025-07-24T20:47:53.624+0000] {dagbag.py:545} INFO - Filling up the DagBag from /home/airflow/.local/lib/python3.12/site-packages/airflow/example_dags/example_python_decorator.py
[2025-07-24T20:47:53.633+0000] {processor.py:840} INFO - DAG(s) 'example_python_decorator' retrieved from /home/airflow/.local/lib/python3.12/site-packages/airflow/example_dags/example_python_decorator.py
[2025-07-24T20:47:53.646+0000] {logging_mixin.py:188} INFO - [2025-07-24T20:47:53.646+0000] {dag.py:3096} INFO - Sync 1 DAGs
[2025-07-24T20:47:53.653+0000] {logging_mixin.py:188} INFO - [2025-07-24T20:47:53.652+0000] {dag.py:3954} INFO - Setting next_dagrun for example_python_decorator to None, run_after=None
[2025-07-24T20:47:53.661+0000] {processor.py:183} INFO - Processing /home/airflow/.local/lib/python3.12/site-packages/airflow/example_dags/example_python_decorator.py took 0.042 seconds
[2025-07-24T20:48:24.194+0000] {processor.py:161} INFO - Started process (PID=657) to work on /home/airflow/.local/lib/python3.12/site-packages/airflow/example_dags/example_python_decorator.py
[2025-07-24T20:48:24.195+0000] {processor.py:830} INFO - Processing file /home/airflow/.local/lib/python3.12/site-packages/airflow/example_dags/example_python_decorator.py for tasks to queue
[2025-07-24T20:48:24.196+0000] {logging_mixin.py:188} INFO - [2025-07-24T20:48:24.196+0000] {dagbag.py:545} INFO - Filling up the DagBag from /home/airflow/.local/lib/python3.12/site-packages/airflow/example_dags/example_python_decorator.py
[2025-07-24T20:48:24.203+0000] {processor.py:840} INFO - DAG(s) 'example_python_decorator' retrieved from /home/airflow/.local/lib/python3.12/site-packages/airflow/example_dags/example_python_decorator.py
[2025-07-24T20:48:24.215+0000] {logging_mixin.py:188} INFO - [2025-07-24T20:48:24.215+0000] {dag.py:3096} INFO - Sync 1 DAGs
[2025-07-24T20:48:24.221+0000] {logging_mixin.py:188} INFO - [2025-07-24T20:48:24.221+0000] {dag.py:3954} INFO - Setting next_dagrun for example_python_decorator to None, run_after=None
[2025-07-24T20:48:24.231+0000] {processor.py:183} INFO - Processing /home/airflow/.local/lib/python3.12/site-packages/airflow/example_dags/example_python_decorator.py took 0.040 seconds
[2025-07-24T20:48:54.838+0000] {processor.py:161} INFO - Started process (PID=715) to work on /home/airflow/.local/lib/python3.12/site-packages/airflow/example_dags/example_python_decorator.py
[2025-07-24T20:48:54.838+0000] {processor.py:830} INFO - Processing file /home/airflow/.local/lib/python3.12/site-packages/airflow/example_dags/example_python_decorator.py for tasks to queue
[2025-07-24T20:48:54.839+0000] {logging_mixin.py:188} INFO - [2025-07-24T20:48:54.839+0000] {dagbag.py:545} INFO - Filling up the DagBag from /home/airflow/.local/lib/python3.12/site-packages/airflow/example_dags/example_python_decorator.py
[2025-07-24T20:48:54.847+0000] {processor.py:840} INFO - DAG(s) 'example_python_decorator' retrieved from /home/airflow/.local/lib/python3.12/site-packages/airflow/example_dags/example_python_decorator.py
[2025-07-24T20:48:54.860+0000] {logging_mixin.py:188} INFO - [2025-07-24T20:48:54.860+0000] {dag.py:3096} INFO - Sync 1 DAGs
[2025-07-24T20:48:54.866+0000] {logging_mixin.py:188} INFO - [2025-07-24T20:48:54.866+0000] {dag.py:3954} INFO - Setting next_dagrun for example_python_decorator to None, run_after=None
[2025-07-24T20:48:54.876+0000] {processor.py:183} INFO - Processing /home/airflow/.local/lib/python3.12/site-packages/airflow/example_dags/example_python_decorator.py took 0.041 seconds
[2025-07-24T20:49:25.468+0000] {processor.py:161} INFO - Started process (PID=773) to work on /home/airflow/.local/lib/python3.12/site-packages/airflow/example_dags/example_python_decorator.py
[2025-07-24T20:49:25.468+0000] {processor.py:830} INFO - Processing file /home/airflow/.local/lib/python3.12/site-packages/airflow/example_dags/example_python_decorator.py for tasks to queue
[2025-07-24T20:49:25.469+0000] {logging_mixin.py:188} INFO - [2025-07-24T20:49:25.469+0000] {dagbag.py:545} INFO - Filling up the DagBag from /home/airflow/.local/lib/python3.12/site-packages/airflow/example_dags/example_python_decorator.py
[2025-07-24T20:49:25.476+0000] {processor.py:840} INFO - DAG(s) 'example_python_decorator' retrieved from /home/airflow/.local/lib/python3.12/site-packages/airflow/example_dags/example_python_decorator.py
[2025-07-24T20:49:25.487+0000] {logging_mixin.py:188} INFO - [2025-07-24T20:49:25.487+0000] {dag.py:3096} INFO - Sync 1 DAGs
[2025-07-24T20:49:25.493+0000] {logging_mixin.py:188} INFO - [2025-07-24T20:49:25.493+0000] {dag.py:3954} INFO - Setting next_dagrun for example_python_decorator to None, run_after=None
[2025-07-24T20:49:25.501+0000] {processor.py:183} INFO - Processing /home/airflow/.local/lib/python3.12/site-packages/airflow/example_dags/example_python_decorator.py took 0.037 seconds
[2025-07-24T20:49:56.084+0000] {processor.py:161} INFO - Started process (PID=831) to work on /home/airflow/.local/lib/python3.12/site-packages/airflow/example_dags/example_python_decorator.py
[2025-07-24T20:49:56.085+0000] {processor.py:830} INFO - Processing file /home/airflow/.local/lib/python3.12/site-packages/airflow/example_dags/example_python_decorator.py for tasks to queue
[2025-07-24T20:49:56.086+0000] {logging_mixin.py:188} INFO - [2025-07-24T20:49:56.086+0000] {dagbag.py:545} INFO - Filling up the DagBag from /home/airflow/.local/lib/python3.12/site-packages/airflow/example_dags/example_python_decorator.py
[2025-07-24T20:49:56.093+0000] {processor.py:840} INFO - DAG(s) 'example_python_decorator' retrieved from /home/airflow/.local/lib/python3.12/site-packages/airflow/example_dags/example_python_decorator.py
[2025-07-24T20:49:56.105+0000] {logging_mixin.py:188} INFO - [2025-07-24T20:49:56.105+0000] {dag.py:3096} INFO - Sync 1 DAGs
[2025-07-24T20:49:56.112+0000] {logging_mixin.py:188} INFO - [2025-07-24T20:49:56.112+0000] {dag.py:3954} INFO - Setting next_dagrun for example_python_decorator to None, run_after=None
[2025-07-24T20:49:56.121+0000] {processor.py:183} INFO - Processing /home/airflow/.local/lib/python3.12/site-packages/airflow/example_dags/example_python_decorator.py took 0.040 seconds
[2025-07-24T20:50:26.871+0000] {processor.py:161} INFO - Started process (PID=889) to work on /home/airflow/.local/lib/python3.12/site-packages/airflow/example_dags/example_python_decorator.py
[2025-07-24T20:50:26.872+0000] {processor.py:830} INFO - Processing file /home/airflow/.local/lib/python3.12/site-packages/airflow/example_dags/example_python_decorator.py for tasks to queue
[2025-07-24T20:50:26.873+0000] {logging_mixin.py:188} INFO - [2025-07-24T20:50:26.873+0000] {dagbag.py:545} INFO - Filling up the DagBag from /home/airflow/.local/lib/python3.12/site-packages/airflow/example_dags/example_python_decorator.py
[2025-07-24T20:50:26.881+0000] {processor.py:840} INFO - DAG(s) 'example_python_decorator' retrieved from /home/airflow/.local/lib/python3.12/site-packages/airflow/example_dags/example_python_decorator.py
[2025-07-24T20:50:26.894+0000] {logging_mixin.py:188} INFO - [2025-07-24T20:50:26.894+0000] {dag.py:3096} INFO - Sync 1 DAGs
[2025-07-24T20:50:26.901+0000] {logging_mixin.py:188} INFO - [2025-07-24T20:50:26.901+0000] {dag.py:3954} INFO - Setting next_dagrun for example_python_decorator to None, run_after=None
[2025-07-24T20:50:26.911+0000] {processor.py:183} INFO - Processing /home/airflow/.local/lib/python3.12/site-packages/airflow/example_dags/example_python_decorator.py took 0.043 seconds
[2025-07-24T20:50:56.974+0000] {processor.py:161} INFO - Started process (PID=947) to work on /home/airflow/.local/lib/python3.12/site-packages/airflow/example_dags/example_python_decorator.py
[2025-07-24T20:50:56.975+0000] {processor.py:830} INFO - Processing file /home/airflow/.local/lib/python3.12/site-packages/airflow/example_dags/example_python_decorator.py for tasks to queue
[2025-07-24T20:50:56.976+0000] {logging_mixin.py:188} INFO - [2025-07-24T20:50:56.975+0000] {dagbag.py:545} INFO - Filling up the DagBag from /home/airflow/.local/lib/python3.12/site-packages/airflow/example_dags/example_python_decorator.py
[2025-07-24T20:50:56.983+0000] {processor.py:840} INFO - DAG(s) 'example_python_decorator' retrieved from /home/airflow/.local/lib/python3.12/site-packages/airflow/example_dags/example_python_decorator.py
[2025-07-24T20:50:56.995+0000] {logging_mixin.py:188} INFO - [2025-07-24T20:50:56.995+0000] {dag.py:3096} INFO - Sync 1 DAGs
[2025-07-24T20:50:57.003+0000] {logging_mixin.py:188} INFO - [2025-07-24T20:50:57.003+0000] {dag.py:3954} INFO - Setting next_dagrun for example_python_decorator to None, run_after=None
[2025-07-24T20:50:57.012+0000] {processor.py:183} INFO - Processing /home/airflow/.local/lib/python3.12/site-packages/airflow/example_dags/example_python_decorator.py took 0.042 seconds
[2025-07-24T20:51:27.746+0000] {processor.py:161} INFO - Started process (PID=1005) to work on /home/airflow/.local/lib/python3.12/site-packages/airflow/example_dags/example_python_decorator.py
[2025-07-24T20:51:27.747+0000] {processor.py:830} INFO - Processing file /home/airflow/.local/lib/python3.12/site-packages/airflow/example_dags/example_python_decorator.py for tasks to queue
[2025-07-24T20:51:27.748+0000] {logging_mixin.py:188} INFO - [2025-07-24T20:51:27.747+0000] {dagbag.py:545} INFO - Filling up the DagBag from /home/airflow/.local/lib/python3.12/site-packages/airflow/example_dags/example_python_decorator.py
[2025-07-24T20:51:27.754+0000] {processor.py:840} INFO - DAG(s) 'example_python_decorator' retrieved from /home/airflow/.local/lib/python3.12/site-packages/airflow/example_dags/example_python_decorator.py
[2025-07-24T20:51:27.766+0000] {logging_mixin.py:188} INFO - [2025-07-24T20:51:27.765+0000] {dag.py:3096} INFO - Sync 1 DAGs
[2025-07-24T20:51:27.772+0000] {logging_mixin.py:188} INFO - [2025-07-24T20:51:27.772+0000] {dag.py:3954} INFO - Setting next_dagrun for example_python_decorator to None, run_after=None
[2025-07-24T20:51:27.781+0000] {processor.py:183} INFO - Processing /home/airflow/.local/lib/python3.12/site-packages/airflow/example_dags/example_python_decorator.py took 0.038 seconds
[2025-07-24T20:51:58.419+0000] {processor.py:161} INFO - Started process (PID=1063) to work on /home/airflow/.local/lib/python3.12/site-packages/airflow/example_dags/example_python_decorator.py
[2025-07-24T20:51:58.419+0000] {processor.py:830} INFO - Processing file /home/airflow/.local/lib/python3.12/site-packages/airflow/example_dags/example_python_decorator.py for tasks to queue
[2025-07-24T20:51:58.420+0000] {logging_mixin.py:188} INFO - [2025-07-24T20:51:58.420+0000] {dagbag.py:545} INFO - Filling up the DagBag from /home/airflow/.local/lib/python3.12/site-packages/airflow/example_dags/example_python_decorator.py
[2025-07-24T20:51:58.428+0000] {processor.py:840} INFO - DAG(s) 'example_python_decorator' retrieved from /home/airflow/.local/lib/python3.12/site-packages/airflow/example_dags/example_python_decorator.py
[2025-07-24T20:51:58.442+0000] {logging_mixin.py:188} INFO - [2025-07-24T20:51:58.441+0000] {dag.py:3096} INFO - Sync 1 DAGs
[2025-07-24T20:51:58.448+0000] {logging_mixin.py:188} INFO - [2025-07-24T20:51:58.448+0000] {dag.py:3954} INFO - Setting next_dagrun for example_python_decorator to None, run_after=None
[2025-07-24T20:51:58.462+0000] {processor.py:183} INFO - Processing /home/airflow/.local/lib/python3.12/site-packages/airflow/example_dags/example_python_decorator.py took 0.046 seconds
[2025-07-24T20:52:29.161+0000] {processor.py:161} INFO - Started process (PID=1121) to work on /home/airflow/.local/lib/python3.12/site-packages/airflow/example_dags/example_python_decorator.py
[2025-07-24T20:52:29.162+0000] {processor.py:830} INFO - Processing file /home/airflow/.local/lib/python3.12/site-packages/airflow/example_dags/example_python_decorator.py for tasks to queue
[2025-07-24T20:52:29.163+0000] {logging_mixin.py:188} INFO - [2025-07-24T20:52:29.162+0000] {dagbag.py:545} INFO - Filling up the DagBag from /home/airflow/.local/lib/python3.12/site-packages/airflow/example_dags/example_python_decorator.py
[2025-07-24T20:52:29.170+0000] {processor.py:840} INFO - DAG(s) 'example_python_decorator' retrieved from /home/airflow/.local/lib/python3.12/site-packages/airflow/example_dags/example_python_decorator.py
[2025-07-24T20:52:29.182+0000] {logging_mixin.py:188} INFO - [2025-07-24T20:52:29.182+0000] {dag.py:3096} INFO - Sync 1 DAGs
[2025-07-24T20:52:29.189+0000] {logging_mixin.py:188} INFO - [2025-07-24T20:52:29.189+0000] {dag.py:3954} INFO - Setting next_dagrun for example_python_decorator to None, run_after=None
[2025-07-24T20:52:29.199+0000] {processor.py:183} INFO - Processing /home/airflow/.local/lib/python3.12/site-packages/airflow/example_dags/example_python_decorator.py took 0.041 seconds
[2025-07-24T20:52:59.929+0000] {processor.py:161} INFO - Started process (PID=1179) to work on /home/airflow/.local/lib/python3.12/site-packages/airflow/example_dags/example_python_decorator.py
[2025-07-24T20:52:59.929+0000] {processor.py:830} INFO - Processing file /home/airflow/.local/lib/python3.12/site-packages/airflow/example_dags/example_python_decorator.py for tasks to queue
[2025-07-24T20:52:59.930+0000] {logging_mixin.py:188} INFO - [2025-07-24T20:52:59.930+0000] {dagbag.py:545} INFO - Filling up the DagBag from /home/airflow/.local/lib/python3.12/site-packages/airflow/example_dags/example_python_decorator.py
[2025-07-24T20:52:59.937+0000] {processor.py:840} INFO - DAG(s) 'example_python_decorator' retrieved from /home/airflow/.local/lib/python3.12/site-packages/airflow/example_dags/example_python_decorator.py
[2025-07-24T20:52:59.950+0000] {logging_mixin.py:188} INFO - [2025-07-24T20:52:59.950+0000] {dag.py:3096} INFO - Sync 1 DAGs
[2025-07-24T20:52:59.957+0000] {logging_mixin.py:188} INFO - [2025-07-24T20:52:59.957+0000] {dag.py:3954} INFO - Setting next_dagrun for example_python_decorator to None, run_after=None
[2025-07-24T20:52:59.966+0000] {processor.py:183} INFO - Processing /home/airflow/.local/lib/python3.12/site-packages/airflow/example_dags/example_python_decorator.py took 0.041 seconds
[2025-07-24T20:53:30.119+0000] {processor.py:161} INFO - Started process (PID=1237) to work on /home/airflow/.local/lib/python3.12/site-packages/airflow/example_dags/example_python_decorator.py
[2025-07-24T20:53:30.120+0000] {processor.py:830} INFO - Processing file /home/airflow/.local/lib/python3.12/site-packages/airflow/example_dags/example_python_decorator.py for tasks to queue
[2025-07-24T20:53:30.120+0000] {logging_mixin.py:188} INFO - [2025-07-24T20:53:30.120+0000] {dagbag.py:545} INFO - Filling up the DagBag from /home/airflow/.local/lib/python3.12/site-packages/airflow/example_dags/example_python_decorator.py
[2025-07-24T20:53:30.127+0000] {processor.py:840} INFO - DAG(s) 'example_python_decorator' retrieved from /home/airflow/.local/lib/python3.12/site-packages/airflow/example_dags/example_python_decorator.py
[2025-07-24T20:53:30.140+0000] {logging_mixin.py:188} INFO - [2025-07-24T20:53:30.140+0000] {dag.py:3096} INFO - Sync 1 DAGs
[2025-07-24T20:53:30.147+0000] {logging_mixin.py:188} INFO - [2025-07-24T20:53:30.147+0000] {dag.py:3954} INFO - Setting next_dagrun for example_python_decorator to None, run_after=None
[2025-07-24T20:53:30.155+0000] {processor.py:183} INFO - Processing /home/airflow/.local/lib/python3.12/site-packages/airflow/example_dags/example_python_decorator.py took 0.039 seconds
[2025-07-24T20:54:00.184+0000] {processor.py:161} INFO - Started process (PID=1295) to work on /home/airflow/.local/lib/python3.12/site-packages/airflow/example_dags/example_python_decorator.py
[2025-07-24T20:54:00.184+0000] {processor.py:830} INFO - Processing file /home/airflow/.local/lib/python3.12/site-packages/airflow/example_dags/example_python_decorator.py for tasks to queue
[2025-07-24T20:54:00.185+0000] {logging_mixin.py:188} INFO - [2025-07-24T20:54:00.185+0000] {dagbag.py:545} INFO - Filling up the DagBag from /home/airflow/.local/lib/python3.12/site-packages/airflow/example_dags/example_python_decorator.py
[2025-07-24T20:54:00.192+0000] {processor.py:840} INFO - DAG(s) 'example_python_decorator' retrieved from /home/airflow/.local/lib/python3.12/site-packages/airflow/example_dags/example_python_decorator.py
[2025-07-24T20:54:00.205+0000] {logging_mixin.py:188} INFO - [2025-07-24T20:54:00.205+0000] {dag.py:3096} INFO - Sync 1 DAGs
[2025-07-24T20:54:00.213+0000] {logging_mixin.py:188} INFO - [2025-07-24T20:54:00.212+0000] {dag.py:3954} INFO - Setting next_dagrun for example_python_decorator to None, run_after=None
[2025-07-24T20:54:00.222+0000] {processor.py:183} INFO - Processing /home/airflow/.local/lib/python3.12/site-packages/airflow/example_dags/example_python_decorator.py took 0.042 seconds
[2025-07-24T20:54:30.330+0000] {processor.py:161} INFO - Started process (PID=1353) to work on /home/airflow/.local/lib/python3.12/site-packages/airflow/example_dags/example_python_decorator.py
[2025-07-24T20:54:30.330+0000] {processor.py:830} INFO - Processing file /home/airflow/.local/lib/python3.12/site-packages/airflow/example_dags/example_python_decorator.py for tasks to queue
[2025-07-24T20:54:30.331+0000] {logging_mixin.py:188} INFO - [2025-07-24T20:54:30.331+0000] {dagbag.py:545} INFO - Filling up the DagBag from /home/airflow/.local/lib/python3.12/site-packages/airflow/example_dags/example_python_decorator.py
[2025-07-24T20:54:30.339+0000] {processor.py:840} INFO - DAG(s) 'example_python_decorator' retrieved from /home/airflow/.local/lib/python3.12/site-packages/airflow/example_dags/example_python_decorator.py
[2025-07-24T20:54:30.350+0000] {logging_mixin.py:188} INFO - [2025-07-24T20:54:30.350+0000] {dag.py:3096} INFO - Sync 1 DAGs
[2025-07-24T20:54:30.357+0000] {logging_mixin.py:188} INFO - [2025-07-24T20:54:30.357+0000] {dag.py:3954} INFO - Setting next_dagrun for example_python_decorator to None, run_after=None
[2025-07-24T20:54:30.367+0000] {processor.py:183} INFO - Processing /home/airflow/.local/lib/python3.12/site-packages/airflow/example_dags/example_python_decorator.py took 0.041 seconds
[2025-07-24T20:55:01.208+0000] {processor.py:161} INFO - Started process (PID=1411) to work on /home/airflow/.local/lib/python3.12/site-packages/airflow/example_dags/example_python_decorator.py
[2025-07-24T20:55:01.209+0000] {processor.py:830} INFO - Processing file /home/airflow/.local/lib/python3.12/site-packages/airflow/example_dags/example_python_decorator.py for tasks to queue
[2025-07-24T20:55:01.210+0000] {logging_mixin.py:188} INFO - [2025-07-24T20:55:01.210+0000] {dagbag.py:545} INFO - Filling up the DagBag from /home/airflow/.local/lib/python3.12/site-packages/airflow/example_dags/example_python_decorator.py
[2025-07-24T20:55:01.217+0000] {processor.py:840} INFO - DAG(s) 'example_python_decorator' retrieved from /home/airflow/.local/lib/python3.12/site-packages/airflow/example_dags/example_python_decorator.py
[2025-07-24T20:55:01.229+0000] {logging_mixin.py:188} INFO - [2025-07-24T20:55:01.229+0000] {dag.py:3096} INFO - Sync 1 DAGs
[2025-07-24T20:55:01.236+0000] {logging_mixin.py:188} INFO - [2025-07-24T20:55:01.236+0000] {dag.py:3954} INFO - Setting next_dagrun for example_python_decorator to None, run_after=None
[2025-07-24T20:55:01.245+0000] {processor.py:183} INFO - Processing /home/airflow/.local/lib/python3.12/site-packages/airflow/example_dags/example_python_decorator.py took 0.040 seconds
[2025-07-24T20:55:31.988+0000] {processor.py:161} INFO - Started process (PID=1469) to work on /home/airflow/.local/lib/python3.12/site-packages/airflow/example_dags/example_python_decorator.py
[2025-07-24T20:55:31.988+0000] {processor.py:830} INFO - Processing file /home/airflow/.local/lib/python3.12/site-packages/airflow/example_dags/example_python_decorator.py for tasks to queue
[2025-07-24T20:55:31.989+0000] {logging_mixin.py:188} INFO - [2025-07-24T20:55:31.989+0000] {dagbag.py:545} INFO - Filling up the DagBag from /home/airflow/.local/lib/python3.12/site-packages/airflow/example_dags/example_python_decorator.py
[2025-07-24T20:55:31.996+0000] {processor.py:840} INFO - DAG(s) 'example_python_decorator' retrieved from /home/airflow/.local/lib/python3.12/site-packages/airflow/example_dags/example_python_decorator.py
[2025-07-24T20:55:32.010+0000] {logging_mixin.py:188} INFO - [2025-07-24T20:55:32.010+0000] {dag.py:3096} INFO - Sync 1 DAGs
[2025-07-24T20:55:32.017+0000] {logging_mixin.py:188} INFO - [2025-07-24T20:55:32.017+0000] {dag.py:3954} INFO - Setting next_dagrun for example_python_decorator to None, run_after=None
[2025-07-24T20:55:32.027+0000] {processor.py:183} INFO - Processing /home/airflow/.local/lib/python3.12/site-packages/airflow/example_dags/example_python_decorator.py took 0.042 seconds
