[2025-07-24T20:31:49.075+0000] {processor.py:161} INFO - Started process (PID=81) to work on /home/airflow/.local/lib/python3.12/site-packages/airflow/example_dags/example_xcom.py
[2025-07-24T20:31:49.075+0000] {processor.py:830} INFO - Processing file /home/airflow/.local/lib/python3.12/site-packages/airflow/example_dags/example_xcom.py for tasks to queue
[2025-07-24T20:31:49.076+0000] {logging_mixin.py:188} INFO - [2025-07-24T20:31:49.076+0000] {dagbag.py:545} INFO - Filling up the DagBag from /home/airflow/.local/lib/python3.12/site-packages/airflow/example_dags/example_xcom.py
[2025-07-24T20:31:49.081+0000] {processor.py:840} INFO - DAG(s) 'example_xcom' retrieved from /home/airflow/.local/lib/python3.12/site-packages/airflow/example_dags/example_xcom.py
[2025-07-24T20:31:49.087+0000] {logging_mixin.py:188} INFO - [2025-07-24T20:31:49.087+0000] {dag.py:3096} INFO - Sync 1 DAGs
[2025-07-24T20:31:49.098+0000] {logging_mixin.py:188} INFO - [2025-07-24T20:31:49.098+0000] {dag.py:3954} INFO - Setting next_dagrun for example_xcom to 2021-01-01 00:00:00+00:00, run_after=2021-01-01 00:00:00+00:00
[2025-07-24T20:31:49.108+0000] {processor.py:183} INFO - Processing /home/airflow/.local/lib/python3.12/site-packages/airflow/example_dags/example_xcom.py took 0.037 seconds
[2025-07-24T20:32:20.758+0000] {processor.py:161} INFO - Started process (PID=139) to work on /home/airflow/.local/lib/python3.12/site-packages/airflow/example_dags/example_xcom.py
[2025-07-24T20:32:20.758+0000] {processor.py:830} INFO - Processing file /home/airflow/.local/lib/python3.12/site-packages/airflow/example_dags/example_xcom.py for tasks to queue
[2025-07-24T20:32:20.760+0000] {logging_mixin.py:188} INFO - [2025-07-24T20:32:20.759+0000] {dagbag.py:545} INFO - Filling up the DagBag from /home/airflow/.local/lib/python3.12/site-packages/airflow/example_dags/example_xcom.py
[2025-07-24T20:32:20.763+0000] {processor.py:840} INFO - DAG(s) 'example_xcom' retrieved from /home/airflow/.local/lib/python3.12/site-packages/airflow/example_dags/example_xcom.py
[2025-07-24T20:32:20.817+0000] {logging_mixin.py:188} INFO - [2025-07-24T20:32:20.816+0000] {dag.py:3096} INFO - Sync 1 DAGs
[2025-07-24T20:32:20.827+0000] {logging_mixin.py:188} INFO - [2025-07-24T20:32:20.826+0000] {dag.py:3954} INFO - Setting next_dagrun for example_xcom to 2021-01-01 00:00:00+00:00, run_after=2021-01-01 00:00:00+00:00
[2025-07-24T20:32:20.835+0000] {processor.py:183} INFO - Processing /home/airflow/.local/lib/python3.12/site-packages/airflow/example_dags/example_xcom.py took 0.081 seconds
[2025-07-24T20:32:51.112+0000] {processor.py:161} INFO - Started process (PID=197) to work on /home/airflow/.local/lib/python3.12/site-packages/airflow/example_dags/example_xcom.py
[2025-07-24T20:32:51.116+0000] {processor.py:830} INFO - Processing file /home/airflow/.local/lib/python3.12/site-packages/airflow/example_dags/example_xcom.py for tasks to queue
[2025-07-24T20:32:51.117+0000] {logging_mixin.py:188} INFO - [2025-07-24T20:32:51.117+0000] {dagbag.py:545} INFO - Filling up the DagBag from /home/airflow/.local/lib/python3.12/site-packages/airflow/example_dags/example_xcom.py
[2025-07-24T20:32:51.121+0000] {processor.py:840} INFO - DAG(s) 'example_xcom' retrieved from /home/airflow/.local/lib/python3.12/site-packages/airflow/example_dags/example_xcom.py
[2025-07-24T20:32:51.131+0000] {logging_mixin.py:188} INFO - [2025-07-24T20:32:51.131+0000] {dag.py:3096} INFO - Sync 1 DAGs
[2025-07-24T20:32:51.141+0000] {logging_mixin.py:188} INFO - [2025-07-24T20:32:51.141+0000] {dag.py:3954} INFO - Setting next_dagrun for example_xcom to 2021-01-01 00:00:00+00:00, run_after=2021-01-01 00:00:00+00:00
[2025-07-24T20:32:51.150+0000] {processor.py:183} INFO - Processing /home/airflow/.local/lib/python3.12/site-packages/airflow/example_dags/example_xcom.py took 0.041 seconds
[2025-07-24T20:33:21.848+0000] {processor.py:161} INFO - Started process (PID=255) to work on /home/airflow/.local/lib/python3.12/site-packages/airflow/example_dags/example_xcom.py
[2025-07-24T20:33:21.849+0000] {processor.py:830} INFO - Processing file /home/airflow/.local/lib/python3.12/site-packages/airflow/example_dags/example_xcom.py for tasks to queue
[2025-07-24T20:33:21.850+0000] {logging_mixin.py:188} INFO - [2025-07-24T20:33:21.849+0000] {dagbag.py:545} INFO - Filling up the DagBag from /home/airflow/.local/lib/python3.12/site-packages/airflow/example_dags/example_xcom.py
[2025-07-24T20:33:21.854+0000] {processor.py:840} INFO - DAG(s) 'example_xcom' retrieved from /home/airflow/.local/lib/python3.12/site-packages/airflow/example_dags/example_xcom.py
[2025-07-24T20:33:21.865+0000] {logging_mixin.py:188} INFO - [2025-07-24T20:33:21.865+0000] {dag.py:3096} INFO - Sync 1 DAGs
[2025-07-24T20:33:21.877+0000] {logging_mixin.py:188} INFO - [2025-07-24T20:33:21.877+0000] {dag.py:3954} INFO - Setting next_dagrun for example_xcom to 2021-01-01 00:00:00+00:00, run_after=2021-01-01 00:00:00+00:00
[2025-07-24T20:33:21.886+0000] {processor.py:183} INFO - Processing /home/airflow/.local/lib/python3.12/site-packages/airflow/example_dags/example_xcom.py took 0.042 seconds
[2025-07-24T20:33:52.648+0000] {processor.py:161} INFO - Started process (PID=313) to work on /home/airflow/.local/lib/python3.12/site-packages/airflow/example_dags/example_xcom.py
[2025-07-24T20:33:52.648+0000] {processor.py:830} INFO - Processing file /home/airflow/.local/lib/python3.12/site-packages/airflow/example_dags/example_xcom.py for tasks to queue
[2025-07-24T20:33:52.649+0000] {logging_mixin.py:188} INFO - [2025-07-24T20:33:52.649+0000] {dagbag.py:545} INFO - Filling up the DagBag from /home/airflow/.local/lib/python3.12/site-packages/airflow/example_dags/example_xcom.py
[2025-07-24T20:33:52.653+0000] {processor.py:840} INFO - DAG(s) 'example_xcom' retrieved from /home/airflow/.local/lib/python3.12/site-packages/airflow/example_dags/example_xcom.py
[2025-07-24T20:33:52.664+0000] {logging_mixin.py:188} INFO - [2025-07-24T20:33:52.664+0000] {dag.py:3096} INFO - Sync 1 DAGs
[2025-07-24T20:33:52.674+0000] {logging_mixin.py:188} INFO - [2025-07-24T20:33:52.674+0000] {dag.py:3954} INFO - Setting next_dagrun for example_xcom to 2021-01-01 00:00:00+00:00, run_after=2021-01-01 00:00:00+00:00
[2025-07-24T20:33:52.682+0000] {processor.py:183} INFO - Processing /home/airflow/.local/lib/python3.12/site-packages/airflow/example_dags/example_xcom.py took 0.037 seconds
[2025-07-24T20:34:23.381+0000] {processor.py:161} INFO - Started process (PID=371) to work on /home/airflow/.local/lib/python3.12/site-packages/airflow/example_dags/example_xcom.py
[2025-07-24T20:34:23.381+0000] {processor.py:830} INFO - Processing file /home/airflow/.local/lib/python3.12/site-packages/airflow/example_dags/example_xcom.py for tasks to queue
[2025-07-24T20:34:23.382+0000] {logging_mixin.py:188} INFO - [2025-07-24T20:34:23.382+0000] {dagbag.py:545} INFO - Filling up the DagBag from /home/airflow/.local/lib/python3.12/site-packages/airflow/example_dags/example_xcom.py
[2025-07-24T20:34:23.387+0000] {processor.py:840} INFO - DAG(s) 'example_xcom' retrieved from /home/airflow/.local/lib/python3.12/site-packages/airflow/example_dags/example_xcom.py
[2025-07-24T20:34:23.398+0000] {logging_mixin.py:188} INFO - [2025-07-24T20:34:23.398+0000] {dag.py:3096} INFO - Sync 1 DAGs
[2025-07-24T20:34:23.409+0000] {logging_mixin.py:188} INFO - [2025-07-24T20:34:23.409+0000] {dag.py:3954} INFO - Setting next_dagrun for example_xcom to 2021-01-01 00:00:00+00:00, run_after=2021-01-01 00:00:00+00:00
[2025-07-24T20:34:23.417+0000] {processor.py:183} INFO - Processing /home/airflow/.local/lib/python3.12/site-packages/airflow/example_dags/example_xcom.py took 0.040 seconds
[2025-07-24T20:34:54.098+0000] {processor.py:161} INFO - Started process (PID=429) to work on /home/airflow/.local/lib/python3.12/site-packages/airflow/example_dags/example_xcom.py
[2025-07-24T20:34:54.099+0000] {processor.py:830} INFO - Processing file /home/airflow/.local/lib/python3.12/site-packages/airflow/example_dags/example_xcom.py for tasks to queue
[2025-07-24T20:34:54.100+0000] {logging_mixin.py:188} INFO - [2025-07-24T20:34:54.099+0000] {dagbag.py:545} INFO - Filling up the DagBag from /home/airflow/.local/lib/python3.12/site-packages/airflow/example_dags/example_xcom.py
[2025-07-24T20:34:54.104+0000] {processor.py:840} INFO - DAG(s) 'example_xcom' retrieved from /home/airflow/.local/lib/python3.12/site-packages/airflow/example_dags/example_xcom.py
[2025-07-24T20:34:54.114+0000] {logging_mixin.py:188} INFO - [2025-07-24T20:34:54.114+0000] {dag.py:3096} INFO - Sync 1 DAGs
[2025-07-24T20:34:54.125+0000] {logging_mixin.py:188} INFO - [2025-07-24T20:34:54.125+0000] {dag.py:3954} INFO - Setting next_dagrun for example_xcom to 2021-01-01 00:00:00+00:00, run_after=2021-01-01 00:00:00+00:00
[2025-07-24T20:34:54.133+0000] {processor.py:183} INFO - Processing /home/airflow/.local/lib/python3.12/site-packages/airflow/example_dags/example_xcom.py took 0.039 seconds
[2025-07-24T20:35:24.972+0000] {processor.py:161} INFO - Started process (PID=487) to work on /home/airflow/.local/lib/python3.12/site-packages/airflow/example_dags/example_xcom.py
[2025-07-24T20:35:24.972+0000] {processor.py:830} INFO - Processing file /home/airflow/.local/lib/python3.12/site-packages/airflow/example_dags/example_xcom.py for tasks to queue
[2025-07-24T20:35:24.973+0000] {logging_mixin.py:188} INFO - [2025-07-24T20:35:24.973+0000] {dagbag.py:545} INFO - Filling up the DagBag from /home/airflow/.local/lib/python3.12/site-packages/airflow/example_dags/example_xcom.py
[2025-07-24T20:35:24.977+0000] {processor.py:840} INFO - DAG(s) 'example_xcom' retrieved from /home/airflow/.local/lib/python3.12/site-packages/airflow/example_dags/example_xcom.py
[2025-07-24T20:35:24.992+0000] {logging_mixin.py:188} INFO - [2025-07-24T20:35:24.992+0000] {dag.py:3096} INFO - Sync 1 DAGs
[2025-07-24T20:35:25.009+0000] {logging_mixin.py:188} INFO - [2025-07-24T20:35:25.009+0000] {dag.py:3954} INFO - Setting next_dagrun for example_xcom to 2021-01-01 00:00:00+00:00, run_after=2021-01-01 00:00:00+00:00
[2025-07-24T20:35:25.020+0000] {processor.py:183} INFO - Processing /home/airflow/.local/lib/python3.12/site-packages/airflow/example_dags/example_xcom.py took 0.051 seconds
[2025-07-24T20:36:44.802+0000] {processor.py:161} INFO - Started process (PID=74) to work on /home/airflow/.local/lib/python3.12/site-packages/airflow/example_dags/example_xcom.py
[2025-07-24T20:36:44.802+0000] {processor.py:830} INFO - Processing file /home/airflow/.local/lib/python3.12/site-packages/airflow/example_dags/example_xcom.py for tasks to queue
[2025-07-24T20:36:44.803+0000] {logging_mixin.py:188} INFO - [2025-07-24T20:36:44.803+0000] {dagbag.py:545} INFO - Filling up the DagBag from /home/airflow/.local/lib/python3.12/site-packages/airflow/example_dags/example_xcom.py
[2025-07-24T20:36:44.808+0000] {processor.py:840} INFO - DAG(s) 'example_xcom' retrieved from /home/airflow/.local/lib/python3.12/site-packages/airflow/example_dags/example_xcom.py
[2025-07-24T20:36:44.815+0000] {logging_mixin.py:188} INFO - [2025-07-24T20:36:44.815+0000] {dag.py:3096} INFO - Sync 1 DAGs
[2025-07-24T20:36:44.829+0000] {logging_mixin.py:188} INFO - [2025-07-24T20:36:44.829+0000] {dag.py:3954} INFO - Setting next_dagrun for example_xcom to 2021-01-01 00:00:00+00:00, run_after=2021-01-01 00:00:00+00:00
[2025-07-24T20:36:44.839+0000] {processor.py:183} INFO - Processing /home/airflow/.local/lib/python3.12/site-packages/airflow/example_dags/example_xcom.py took 0.040 seconds
[2025-07-24T20:37:15.365+0000] {processor.py:161} INFO - Started process (PID=132) to work on /home/airflow/.local/lib/python3.12/site-packages/airflow/example_dags/example_xcom.py
[2025-07-24T20:37:15.365+0000] {processor.py:830} INFO - Processing file /home/airflow/.local/lib/python3.12/site-packages/airflow/example_dags/example_xcom.py for tasks to queue
[2025-07-24T20:37:15.366+0000] {logging_mixin.py:188} INFO - [2025-07-24T20:37:15.366+0000] {dagbag.py:545} INFO - Filling up the DagBag from /home/airflow/.local/lib/python3.12/site-packages/airflow/example_dags/example_xcom.py
[2025-07-24T20:37:15.371+0000] {processor.py:840} INFO - DAG(s) 'example_xcom' retrieved from /home/airflow/.local/lib/python3.12/site-packages/airflow/example_dags/example_xcom.py
[2025-07-24T20:37:15.378+0000] {logging_mixin.py:188} INFO - [2025-07-24T20:37:15.378+0000] {dag.py:3096} INFO - Sync 1 DAGs
[2025-07-24T20:37:15.390+0000] {logging_mixin.py:188} INFO - [2025-07-24T20:37:15.390+0000] {dag.py:3954} INFO - Setting next_dagrun for example_xcom to 2021-01-01 00:00:00+00:00, run_after=2021-01-01 00:00:00+00:00
[2025-07-24T20:37:15.400+0000] {processor.py:183} INFO - Processing /home/airflow/.local/lib/python3.12/site-packages/airflow/example_dags/example_xcom.py took 0.038 seconds
[2025-07-24T20:37:46.964+0000] {processor.py:161} INFO - Started process (PID=190) to work on /home/airflow/.local/lib/python3.12/site-packages/airflow/example_dags/example_xcom.py
[2025-07-24T20:37:46.965+0000] {processor.py:830} INFO - Processing file /home/airflow/.local/lib/python3.12/site-packages/airflow/example_dags/example_xcom.py for tasks to queue
[2025-07-24T20:37:46.966+0000] {logging_mixin.py:188} INFO - [2025-07-24T20:37:46.965+0000] {dagbag.py:545} INFO - Filling up the DagBag from /home/airflow/.local/lib/python3.12/site-packages/airflow/example_dags/example_xcom.py
[2025-07-24T20:37:46.969+0000] {processor.py:840} INFO - DAG(s) 'example_xcom' retrieved from /home/airflow/.local/lib/python3.12/site-packages/airflow/example_dags/example_xcom.py
[2025-07-24T20:37:47.021+0000] {logging_mixin.py:188} INFO - [2025-07-24T20:37:47.021+0000] {dag.py:3096} INFO - Sync 1 DAGs
[2025-07-24T20:37:47.030+0000] {logging_mixin.py:188} INFO - [2025-07-24T20:37:47.030+0000] {dag.py:3954} INFO - Setting next_dagrun for example_xcom to 2021-01-01 00:00:00+00:00, run_after=2021-01-01 00:00:00+00:00
[2025-07-24T20:37:47.038+0000] {processor.py:183} INFO - Processing /home/airflow/.local/lib/python3.12/site-packages/airflow/example_dags/example_xcom.py took 0.077 seconds
[2025-07-24T20:38:17.883+0000] {processor.py:161} INFO - Started process (PID=254) to work on /home/airflow/.local/lib/python3.12/site-packages/airflow/example_dags/example_xcom.py
[2025-07-24T20:38:17.883+0000] {processor.py:830} INFO - Processing file /home/airflow/.local/lib/python3.12/site-packages/airflow/example_dags/example_xcom.py for tasks to queue
[2025-07-24T20:38:17.884+0000] {logging_mixin.py:188} INFO - [2025-07-24T20:38:17.884+0000] {dagbag.py:545} INFO - Filling up the DagBag from /home/airflow/.local/lib/python3.12/site-packages/airflow/example_dags/example_xcom.py
[2025-07-24T20:38:17.889+0000] {processor.py:840} INFO - DAG(s) 'example_xcom' retrieved from /home/airflow/.local/lib/python3.12/site-packages/airflow/example_dags/example_xcom.py
[2025-07-24T20:38:17.900+0000] {logging_mixin.py:188} INFO - [2025-07-24T20:38:17.900+0000] {dag.py:3096} INFO - Sync 1 DAGs
[2025-07-24T20:38:17.911+0000] {logging_mixin.py:188} INFO - [2025-07-24T20:38:17.911+0000] {dag.py:3954} INFO - Setting next_dagrun for example_xcom to 2021-01-01 00:00:00+00:00, run_after=2021-01-01 00:00:00+00:00
[2025-07-24T20:38:17.920+0000] {processor.py:183} INFO - Processing /home/airflow/.local/lib/python3.12/site-packages/airflow/example_dags/example_xcom.py took 0.041 seconds
[2025-07-24T20:38:48.604+0000] {processor.py:161} INFO - Started process (PID=312) to work on /home/airflow/.local/lib/python3.12/site-packages/airflow/example_dags/example_xcom.py
[2025-07-24T20:38:48.604+0000] {processor.py:830} INFO - Processing file /home/airflow/.local/lib/python3.12/site-packages/airflow/example_dags/example_xcom.py for tasks to queue
[2025-07-24T20:38:48.605+0000] {logging_mixin.py:188} INFO - [2025-07-24T20:38:48.605+0000] {dagbag.py:545} INFO - Filling up the DagBag from /home/airflow/.local/lib/python3.12/site-packages/airflow/example_dags/example_xcom.py
[2025-07-24T20:38:48.610+0000] {processor.py:840} INFO - DAG(s) 'example_xcom' retrieved from /home/airflow/.local/lib/python3.12/site-packages/airflow/example_dags/example_xcom.py
[2025-07-24T20:38:48.623+0000] {logging_mixin.py:188} INFO - [2025-07-24T20:38:48.623+0000] {dag.py:3096} INFO - Sync 1 DAGs
[2025-07-24T20:38:48.635+0000] {logging_mixin.py:188} INFO - [2025-07-24T20:38:48.635+0000] {dag.py:3954} INFO - Setting next_dagrun for example_xcom to 2021-01-01 00:00:00+00:00, run_after=2021-01-01 00:00:00+00:00
[2025-07-24T20:38:48.646+0000] {processor.py:183} INFO - Processing /home/airflow/.local/lib/python3.12/site-packages/airflow/example_dags/example_xcom.py took 0.046 seconds
[2025-07-24T20:39:19.399+0000] {processor.py:161} INFO - Started process (PID=370) to work on /home/airflow/.local/lib/python3.12/site-packages/airflow/example_dags/example_xcom.py
[2025-07-24T20:39:19.400+0000] {processor.py:830} INFO - Processing file /home/airflow/.local/lib/python3.12/site-packages/airflow/example_dags/example_xcom.py for tasks to queue
[2025-07-24T20:39:19.401+0000] {logging_mixin.py:188} INFO - [2025-07-24T20:39:19.401+0000] {dagbag.py:545} INFO - Filling up the DagBag from /home/airflow/.local/lib/python3.12/site-packages/airflow/example_dags/example_xcom.py
[2025-07-24T20:39:19.405+0000] {processor.py:840} INFO - DAG(s) 'example_xcom' retrieved from /home/airflow/.local/lib/python3.12/site-packages/airflow/example_dags/example_xcom.py
[2025-07-24T20:39:19.417+0000] {logging_mixin.py:188} INFO - [2025-07-24T20:39:19.417+0000] {dag.py:3096} INFO - Sync 1 DAGs
[2025-07-24T20:39:19.429+0000] {logging_mixin.py:188} INFO - [2025-07-24T20:39:19.429+0000] {dag.py:3954} INFO - Setting next_dagrun for example_xcom to 2021-01-01 00:00:00+00:00, run_after=2021-01-01 00:00:00+00:00
[2025-07-24T20:39:19.440+0000] {processor.py:183} INFO - Processing /home/airflow/.local/lib/python3.12/site-packages/airflow/example_dags/example_xcom.py took 0.044 seconds
[2025-07-24T20:39:50.099+0000] {processor.py:161} INFO - Started process (PID=428) to work on /home/airflow/.local/lib/python3.12/site-packages/airflow/example_dags/example_xcom.py
[2025-07-24T20:39:50.100+0000] {processor.py:830} INFO - Processing file /home/airflow/.local/lib/python3.12/site-packages/airflow/example_dags/example_xcom.py for tasks to queue
[2025-07-24T20:39:50.101+0000] {logging_mixin.py:188} INFO - [2025-07-24T20:39:50.101+0000] {dagbag.py:545} INFO - Filling up the DagBag from /home/airflow/.local/lib/python3.12/site-packages/airflow/example_dags/example_xcom.py
[2025-07-24T20:39:50.105+0000] {processor.py:840} INFO - DAG(s) 'example_xcom' retrieved from /home/airflow/.local/lib/python3.12/site-packages/airflow/example_dags/example_xcom.py
[2025-07-24T20:39:50.117+0000] {logging_mixin.py:188} INFO - [2025-07-24T20:39:50.117+0000] {dag.py:3096} INFO - Sync 1 DAGs
[2025-07-24T20:39:50.129+0000] {logging_mixin.py:188} INFO - [2025-07-24T20:39:50.128+0000] {dag.py:3954} INFO - Setting next_dagrun for example_xcom to 2021-01-01 00:00:00+00:00, run_after=2021-01-01 00:00:00+00:00
[2025-07-24T20:39:50.138+0000] {processor.py:183} INFO - Processing /home/airflow/.local/lib/python3.12/site-packages/airflow/example_dags/example_xcom.py took 0.041 seconds
[2025-07-24T20:40:20.787+0000] {processor.py:161} INFO - Started process (PID=486) to work on /home/airflow/.local/lib/python3.12/site-packages/airflow/example_dags/example_xcom.py
[2025-07-24T20:40:20.788+0000] {processor.py:830} INFO - Processing file /home/airflow/.local/lib/python3.12/site-packages/airflow/example_dags/example_xcom.py for tasks to queue
[2025-07-24T20:40:20.789+0000] {logging_mixin.py:188} INFO - [2025-07-24T20:40:20.788+0000] {dagbag.py:545} INFO - Filling up the DagBag from /home/airflow/.local/lib/python3.12/site-packages/airflow/example_dags/example_xcom.py
[2025-07-24T20:40:20.793+0000] {processor.py:840} INFO - DAG(s) 'example_xcom' retrieved from /home/airflow/.local/lib/python3.12/site-packages/airflow/example_dags/example_xcom.py
[2025-07-24T20:40:20.805+0000] {logging_mixin.py:188} INFO - [2025-07-24T20:40:20.805+0000] {dag.py:3096} INFO - Sync 1 DAGs
[2025-07-24T20:40:20.817+0000] {logging_mixin.py:188} INFO - [2025-07-24T20:40:20.816+0000] {dag.py:3954} INFO - Setting next_dagrun for example_xcom to 2021-01-01 00:00:00+00:00, run_after=2021-01-01 00:00:00+00:00
[2025-07-24T20:40:20.826+0000] {processor.py:183} INFO - Processing /home/airflow/.local/lib/python3.12/site-packages/airflow/example_dags/example_xcom.py took 0.042 seconds
[2025-07-24T20:40:51.741+0000] {processor.py:161} INFO - Started process (PID=544) to work on /home/airflow/.local/lib/python3.12/site-packages/airflow/example_dags/example_xcom.py
[2025-07-24T20:40:51.741+0000] {processor.py:830} INFO - Processing file /home/airflow/.local/lib/python3.12/site-packages/airflow/example_dags/example_xcom.py for tasks to queue
[2025-07-24T20:40:51.742+0000] {logging_mixin.py:188} INFO - [2025-07-24T20:40:51.742+0000] {dagbag.py:545} INFO - Filling up the DagBag from /home/airflow/.local/lib/python3.12/site-packages/airflow/example_dags/example_xcom.py
[2025-07-24T20:40:51.747+0000] {processor.py:840} INFO - DAG(s) 'example_xcom' retrieved from /home/airflow/.local/lib/python3.12/site-packages/airflow/example_dags/example_xcom.py
[2025-07-24T20:40:51.761+0000] {logging_mixin.py:188} INFO - [2025-07-24T20:40:51.761+0000] {dag.py:3096} INFO - Sync 1 DAGs
[2025-07-24T20:40:51.773+0000] {logging_mixin.py:188} INFO - [2025-07-24T20:40:51.773+0000] {dag.py:3954} INFO - Setting next_dagrun for example_xcom to 2021-01-01 00:00:00+00:00, run_after=2021-01-01 00:00:00+00:00
[2025-07-24T20:40:51.783+0000] {processor.py:183} INFO - Processing /home/airflow/.local/lib/python3.12/site-packages/airflow/example_dags/example_xcom.py took 0.045 seconds
[2025-07-24T20:41:21.820+0000] {processor.py:161} INFO - Started process (PID=602) to work on /home/airflow/.local/lib/python3.12/site-packages/airflow/example_dags/example_xcom.py
[2025-07-24T20:41:21.820+0000] {processor.py:830} INFO - Processing file /home/airflow/.local/lib/python3.12/site-packages/airflow/example_dags/example_xcom.py for tasks to queue
[2025-07-24T20:41:21.821+0000] {logging_mixin.py:188} INFO - [2025-07-24T20:41:21.821+0000] {dagbag.py:545} INFO - Filling up the DagBag from /home/airflow/.local/lib/python3.12/site-packages/airflow/example_dags/example_xcom.py
[2025-07-24T20:41:21.825+0000] {processor.py:840} INFO - DAG(s) 'example_xcom' retrieved from /home/airflow/.local/lib/python3.12/site-packages/airflow/example_dags/example_xcom.py
[2025-07-24T20:41:21.835+0000] {logging_mixin.py:188} INFO - [2025-07-24T20:41:21.835+0000] {dag.py:3096} INFO - Sync 1 DAGs
[2025-07-24T20:41:21.845+0000] {logging_mixin.py:188} INFO - [2025-07-24T20:41:21.845+0000] {dag.py:3954} INFO - Setting next_dagrun for example_xcom to 2021-01-01 00:00:00+00:00, run_after=2021-01-01 00:00:00+00:00
[2025-07-24T20:41:21.853+0000] {processor.py:183} INFO - Processing /home/airflow/.local/lib/python3.12/site-packages/airflow/example_dags/example_xcom.py took 0.036 seconds
[2025-07-24T20:41:52.583+0000] {processor.py:161} INFO - Started process (PID=660) to work on /home/airflow/.local/lib/python3.12/site-packages/airflow/example_dags/example_xcom.py
[2025-07-24T20:41:52.584+0000] {processor.py:830} INFO - Processing file /home/airflow/.local/lib/python3.12/site-packages/airflow/example_dags/example_xcom.py for tasks to queue
[2025-07-24T20:41:52.584+0000] {logging_mixin.py:188} INFO - [2025-07-24T20:41:52.584+0000] {dagbag.py:545} INFO - Filling up the DagBag from /home/airflow/.local/lib/python3.12/site-packages/airflow/example_dags/example_xcom.py
[2025-07-24T20:41:52.589+0000] {processor.py:840} INFO - DAG(s) 'example_xcom' retrieved from /home/airflow/.local/lib/python3.12/site-packages/airflow/example_dags/example_xcom.py
[2025-07-24T20:41:52.602+0000] {logging_mixin.py:188} INFO - [2025-07-24T20:41:52.601+0000] {dag.py:3096} INFO - Sync 1 DAGs
[2025-07-24T20:41:52.613+0000] {logging_mixin.py:188} INFO - [2025-07-24T20:41:52.613+0000] {dag.py:3954} INFO - Setting next_dagrun for example_xcom to 2021-01-01 00:00:00+00:00, run_after=2021-01-01 00:00:00+00:00
[2025-07-24T20:41:52.623+0000] {processor.py:183} INFO - Processing /home/airflow/.local/lib/python3.12/site-packages/airflow/example_dags/example_xcom.py took 0.044 seconds
[2025-07-24T20:42:23.449+0000] {processor.py:161} INFO - Started process (PID=718) to work on /home/airflow/.local/lib/python3.12/site-packages/airflow/example_dags/example_xcom.py
[2025-07-24T20:42:23.449+0000] {processor.py:830} INFO - Processing file /home/airflow/.local/lib/python3.12/site-packages/airflow/example_dags/example_xcom.py for tasks to queue
[2025-07-24T20:42:23.450+0000] {logging_mixin.py:188} INFO - [2025-07-24T20:42:23.450+0000] {dagbag.py:545} INFO - Filling up the DagBag from /home/airflow/.local/lib/python3.12/site-packages/airflow/example_dags/example_xcom.py
[2025-07-24T20:42:23.454+0000] {processor.py:840} INFO - DAG(s) 'example_xcom' retrieved from /home/airflow/.local/lib/python3.12/site-packages/airflow/example_dags/example_xcom.py
[2025-07-24T20:42:23.465+0000] {logging_mixin.py:188} INFO - [2025-07-24T20:42:23.464+0000] {dag.py:3096} INFO - Sync 1 DAGs
[2025-07-24T20:42:23.474+0000] {logging_mixin.py:188} INFO - [2025-07-24T20:42:23.474+0000] {dag.py:3954} INFO - Setting next_dagrun for example_xcom to 2021-01-01 00:00:00+00:00, run_after=2021-01-01 00:00:00+00:00
[2025-07-24T20:42:23.482+0000] {processor.py:183} INFO - Processing /home/airflow/.local/lib/python3.12/site-packages/airflow/example_dags/example_xcom.py took 0.037 seconds
[2025-07-24T20:43:17.344+0000] {processor.py:161} INFO - Started process (PID=74) to work on /home/airflow/.local/lib/python3.12/site-packages/airflow/example_dags/example_xcom.py
[2025-07-24T20:43:17.345+0000] {processor.py:830} INFO - Processing file /home/airflow/.local/lib/python3.12/site-packages/airflow/example_dags/example_xcom.py for tasks to queue
[2025-07-24T20:43:17.345+0000] {logging_mixin.py:188} INFO - [2025-07-24T20:43:17.345+0000] {dagbag.py:545} INFO - Filling up the DagBag from /home/airflow/.local/lib/python3.12/site-packages/airflow/example_dags/example_xcom.py
[2025-07-24T20:43:17.350+0000] {processor.py:840} INFO - DAG(s) 'example_xcom' retrieved from /home/airflow/.local/lib/python3.12/site-packages/airflow/example_dags/example_xcom.py
[2025-07-24T20:43:17.356+0000] {logging_mixin.py:188} INFO - [2025-07-24T20:43:17.356+0000] {dag.py:3096} INFO - Sync 1 DAGs
[2025-07-24T20:43:17.368+0000] {logging_mixin.py:188} INFO - [2025-07-24T20:43:17.368+0000] {dag.py:3954} INFO - Setting next_dagrun for example_xcom to 2021-01-01 00:00:00+00:00, run_after=2021-01-01 00:00:00+00:00
[2025-07-24T20:43:17.376+0000] {processor.py:183} INFO - Processing /home/airflow/.local/lib/python3.12/site-packages/airflow/example_dags/example_xcom.py took 0.035 seconds
[2025-07-24T20:43:48.721+0000] {processor.py:161} INFO - Started process (PID=132) to work on /home/airflow/.local/lib/python3.12/site-packages/airflow/example_dags/example_xcom.py
[2025-07-24T20:43:48.722+0000] {processor.py:830} INFO - Processing file /home/airflow/.local/lib/python3.12/site-packages/airflow/example_dags/example_xcom.py for tasks to queue
[2025-07-24T20:43:48.723+0000] {logging_mixin.py:188} INFO - [2025-07-24T20:43:48.722+0000] {dagbag.py:545} INFO - Filling up the DagBag from /home/airflow/.local/lib/python3.12/site-packages/airflow/example_dags/example_xcom.py
[2025-07-24T20:43:48.728+0000] {processor.py:840} INFO - DAG(s) 'example_xcom' retrieved from /home/airflow/.local/lib/python3.12/site-packages/airflow/example_dags/example_xcom.py
[2025-07-24T20:43:48.797+0000] {logging_mixin.py:188} INFO - [2025-07-24T20:43:48.797+0000] {dag.py:3096} INFO - Sync 1 DAGs
[2025-07-24T20:43:48.807+0000] {logging_mixin.py:188} INFO - [2025-07-24T20:43:48.807+0000] {dag.py:3954} INFO - Setting next_dagrun for example_xcom to 2021-01-01 00:00:00+00:00, run_after=2021-01-01 00:00:00+00:00
[2025-07-24T20:43:48.815+0000] {processor.py:183} INFO - Processing /home/airflow/.local/lib/python3.12/site-packages/airflow/example_dags/example_xcom.py took 0.097 seconds
[2025-07-24T20:44:19.170+0000] {processor.py:161} INFO - Started process (PID=190) to work on /home/airflow/.local/lib/python3.12/site-packages/airflow/example_dags/example_xcom.py
[2025-07-24T20:44:19.171+0000] {processor.py:830} INFO - Processing file /home/airflow/.local/lib/python3.12/site-packages/airflow/example_dags/example_xcom.py for tasks to queue
[2025-07-24T20:44:19.171+0000] {logging_mixin.py:188} INFO - [2025-07-24T20:44:19.171+0000] {dagbag.py:545} INFO - Filling up the DagBag from /home/airflow/.local/lib/python3.12/site-packages/airflow/example_dags/example_xcom.py
[2025-07-24T20:44:19.175+0000] {processor.py:840} INFO - DAG(s) 'example_xcom' retrieved from /home/airflow/.local/lib/python3.12/site-packages/airflow/example_dags/example_xcom.py
[2025-07-24T20:44:19.186+0000] {logging_mixin.py:188} INFO - [2025-07-24T20:44:19.185+0000] {dag.py:3096} INFO - Sync 1 DAGs
[2025-07-24T20:44:19.196+0000] {logging_mixin.py:188} INFO - [2025-07-24T20:44:19.196+0000] {dag.py:3954} INFO - Setting next_dagrun for example_xcom to 2021-01-01 00:00:00+00:00, run_after=2021-01-01 00:00:00+00:00
[2025-07-24T20:44:19.205+0000] {processor.py:183} INFO - Processing /home/airflow/.local/lib/python3.12/site-packages/airflow/example_dags/example_xcom.py took 0.038 seconds
[2025-07-24T20:44:49.338+0000] {processor.py:161} INFO - Started process (PID=248) to work on /home/airflow/.local/lib/python3.12/site-packages/airflow/example_dags/example_xcom.py
[2025-07-24T20:44:49.339+0000] {processor.py:830} INFO - Processing file /home/airflow/.local/lib/python3.12/site-packages/airflow/example_dags/example_xcom.py for tasks to queue
[2025-07-24T20:44:49.340+0000] {logging_mixin.py:188} INFO - [2025-07-24T20:44:49.340+0000] {dagbag.py:545} INFO - Filling up the DagBag from /home/airflow/.local/lib/python3.12/site-packages/airflow/example_dags/example_xcom.py
[2025-07-24T20:44:49.345+0000] {processor.py:840} INFO - DAG(s) 'example_xcom' retrieved from /home/airflow/.local/lib/python3.12/site-packages/airflow/example_dags/example_xcom.py
[2025-07-24T20:44:49.356+0000] {logging_mixin.py:188} INFO - [2025-07-24T20:44:49.355+0000] {dag.py:3096} INFO - Sync 1 DAGs
[2025-07-24T20:44:49.367+0000] {logging_mixin.py:188} INFO - [2025-07-24T20:44:49.367+0000] {dag.py:3954} INFO - Setting next_dagrun for example_xcom to 2021-01-01 00:00:00+00:00, run_after=2021-01-01 00:00:00+00:00
[2025-07-24T20:44:49.378+0000] {processor.py:183} INFO - Processing /home/airflow/.local/lib/python3.12/site-packages/airflow/example_dags/example_xcom.py took 0.043 seconds
[2025-07-24T20:45:20.335+0000] {processor.py:161} INFO - Started process (PID=312) to work on /home/airflow/.local/lib/python3.12/site-packages/airflow/example_dags/example_xcom.py
[2025-07-24T20:45:20.335+0000] {processor.py:830} INFO - Processing file /home/airflow/.local/lib/python3.12/site-packages/airflow/example_dags/example_xcom.py for tasks to queue
[2025-07-24T20:45:20.336+0000] {logging_mixin.py:188} INFO - [2025-07-24T20:45:20.336+0000] {dagbag.py:545} INFO - Filling up the DagBag from /home/airflow/.local/lib/python3.12/site-packages/airflow/example_dags/example_xcom.py
[2025-07-24T20:45:20.341+0000] {processor.py:840} INFO - DAG(s) 'example_xcom' retrieved from /home/airflow/.local/lib/python3.12/site-packages/airflow/example_dags/example_xcom.py
[2025-07-24T20:45:20.352+0000] {logging_mixin.py:188} INFO - [2025-07-24T20:45:20.352+0000] {dag.py:3096} INFO - Sync 1 DAGs
[2025-07-24T20:45:20.364+0000] {logging_mixin.py:188} INFO - [2025-07-24T20:45:20.364+0000] {dag.py:3954} INFO - Setting next_dagrun for example_xcom to 2021-01-01 00:00:00+00:00, run_after=2021-01-01 00:00:00+00:00
[2025-07-24T20:45:20.373+0000] {processor.py:183} INFO - Processing /home/airflow/.local/lib/python3.12/site-packages/airflow/example_dags/example_xcom.py took 0.041 seconds
[2025-07-24T20:45:50.896+0000] {processor.py:161} INFO - Started process (PID=370) to work on /home/airflow/.local/lib/python3.12/site-packages/airflow/example_dags/example_xcom.py
[2025-07-24T20:45:50.896+0000] {processor.py:830} INFO - Processing file /home/airflow/.local/lib/python3.12/site-packages/airflow/example_dags/example_xcom.py for tasks to queue
[2025-07-24T20:45:50.897+0000] {logging_mixin.py:188} INFO - [2025-07-24T20:45:50.897+0000] {dagbag.py:545} INFO - Filling up the DagBag from /home/airflow/.local/lib/python3.12/site-packages/airflow/example_dags/example_xcom.py
[2025-07-24T20:45:50.901+0000] {processor.py:840} INFO - DAG(s) 'example_xcom' retrieved from /home/airflow/.local/lib/python3.12/site-packages/airflow/example_dags/example_xcom.py
[2025-07-24T20:45:50.913+0000] {logging_mixin.py:188} INFO - [2025-07-24T20:45:50.913+0000] {dag.py:3096} INFO - Sync 1 DAGs
[2025-07-24T20:45:50.924+0000] {logging_mixin.py:188} INFO - [2025-07-24T20:45:50.924+0000] {dag.py:3954} INFO - Setting next_dagrun for example_xcom to 2021-01-01 00:00:00+00:00, run_after=2021-01-01 00:00:00+00:00
[2025-07-24T20:45:50.934+0000] {processor.py:183} INFO - Processing /home/airflow/.local/lib/python3.12/site-packages/airflow/example_dags/example_xcom.py took 0.042 seconds
[2025-07-24T20:46:21.637+0000] {processor.py:161} INFO - Started process (PID=428) to work on /home/airflow/.local/lib/python3.12/site-packages/airflow/example_dags/example_xcom.py
[2025-07-24T20:46:21.638+0000] {processor.py:830} INFO - Processing file /home/airflow/.local/lib/python3.12/site-packages/airflow/example_dags/example_xcom.py for tasks to queue
[2025-07-24T20:46:21.638+0000] {logging_mixin.py:188} INFO - [2025-07-24T20:46:21.638+0000] {dagbag.py:545} INFO - Filling up the DagBag from /home/airflow/.local/lib/python3.12/site-packages/airflow/example_dags/example_xcom.py
[2025-07-24T20:46:21.642+0000] {processor.py:840} INFO - DAG(s) 'example_xcom' retrieved from /home/airflow/.local/lib/python3.12/site-packages/airflow/example_dags/example_xcom.py
[2025-07-24T20:46:21.654+0000] {logging_mixin.py:188} INFO - [2025-07-24T20:46:21.654+0000] {dag.py:3096} INFO - Sync 1 DAGs
[2025-07-24T20:46:21.665+0000] {logging_mixin.py:188} INFO - [2025-07-24T20:46:21.664+0000] {dag.py:3954} INFO - Setting next_dagrun for example_xcom to 2021-01-01 00:00:00+00:00, run_after=2021-01-01 00:00:00+00:00
[2025-07-24T20:46:21.673+0000] {processor.py:183} INFO - Processing /home/airflow/.local/lib/python3.12/site-packages/airflow/example_dags/example_xcom.py took 0.039 seconds
[2025-07-24T20:46:52.313+0000] {processor.py:161} INFO - Started process (PID=486) to work on /home/airflow/.local/lib/python3.12/site-packages/airflow/example_dags/example_xcom.py
[2025-07-24T20:46:52.313+0000] {processor.py:830} INFO - Processing file /home/airflow/.local/lib/python3.12/site-packages/airflow/example_dags/example_xcom.py for tasks to queue
[2025-07-24T20:46:52.314+0000] {logging_mixin.py:188} INFO - [2025-07-24T20:46:52.314+0000] {dagbag.py:545} INFO - Filling up the DagBag from /home/airflow/.local/lib/python3.12/site-packages/airflow/example_dags/example_xcom.py
[2025-07-24T20:46:52.318+0000] {processor.py:840} INFO - DAG(s) 'example_xcom' retrieved from /home/airflow/.local/lib/python3.12/site-packages/airflow/example_dags/example_xcom.py
[2025-07-24T20:46:52.330+0000] {logging_mixin.py:188} INFO - [2025-07-24T20:46:52.330+0000] {dag.py:3096} INFO - Sync 1 DAGs
[2025-07-24T20:46:52.341+0000] {logging_mixin.py:188} INFO - [2025-07-24T20:46:52.341+0000] {dag.py:3954} INFO - Setting next_dagrun for example_xcom to 2021-01-01 00:00:00+00:00, run_after=2021-01-01 00:00:00+00:00
[2025-07-24T20:46:52.351+0000] {processor.py:183} INFO - Processing /home/airflow/.local/lib/python3.12/site-packages/airflow/example_dags/example_xcom.py took 0.041 seconds
[2025-07-24T20:47:22.963+0000] {processor.py:161} INFO - Started process (PID=544) to work on /home/airflow/.local/lib/python3.12/site-packages/airflow/example_dags/example_xcom.py
[2025-07-24T20:47:22.964+0000] {processor.py:830} INFO - Processing file /home/airflow/.local/lib/python3.12/site-packages/airflow/example_dags/example_xcom.py for tasks to queue
[2025-07-24T20:47:22.964+0000] {logging_mixin.py:188} INFO - [2025-07-24T20:47:22.964+0000] {dagbag.py:545} INFO - Filling up the DagBag from /home/airflow/.local/lib/python3.12/site-packages/airflow/example_dags/example_xcom.py
[2025-07-24T20:47:22.968+0000] {processor.py:840} INFO - DAG(s) 'example_xcom' retrieved from /home/airflow/.local/lib/python3.12/site-packages/airflow/example_dags/example_xcom.py
[2025-07-24T20:47:22.978+0000] {logging_mixin.py:188} INFO - [2025-07-24T20:47:22.978+0000] {dag.py:3096} INFO - Sync 1 DAGs
[2025-07-24T20:47:22.989+0000] {logging_mixin.py:188} INFO - [2025-07-24T20:47:22.988+0000] {dag.py:3954} INFO - Setting next_dagrun for example_xcom to 2021-01-01 00:00:00+00:00, run_after=2021-01-01 00:00:00+00:00
[2025-07-24T20:47:22.998+0000] {processor.py:183} INFO - Processing /home/airflow/.local/lib/python3.12/site-packages/airflow/example_dags/example_xcom.py took 0.037 seconds
[2025-07-24T20:47:53.722+0000] {processor.py:161} INFO - Started process (PID=602) to work on /home/airflow/.local/lib/python3.12/site-packages/airflow/example_dags/example_xcom.py
[2025-07-24T20:47:53.722+0000] {processor.py:830} INFO - Processing file /home/airflow/.local/lib/python3.12/site-packages/airflow/example_dags/example_xcom.py for tasks to queue
[2025-07-24T20:47:53.723+0000] {logging_mixin.py:188} INFO - [2025-07-24T20:47:53.723+0000] {dagbag.py:545} INFO - Filling up the DagBag from /home/airflow/.local/lib/python3.12/site-packages/airflow/example_dags/example_xcom.py
[2025-07-24T20:47:53.727+0000] {processor.py:840} INFO - DAG(s) 'example_xcom' retrieved from /home/airflow/.local/lib/python3.12/site-packages/airflow/example_dags/example_xcom.py
[2025-07-24T20:47:53.738+0000] {logging_mixin.py:188} INFO - [2025-07-24T20:47:53.738+0000] {dag.py:3096} INFO - Sync 1 DAGs
[2025-07-24T20:47:53.748+0000] {logging_mixin.py:188} INFO - [2025-07-24T20:47:53.748+0000] {dag.py:3954} INFO - Setting next_dagrun for example_xcom to 2021-01-01 00:00:00+00:00, run_after=2021-01-01 00:00:00+00:00
[2025-07-24T20:47:53.757+0000] {processor.py:183} INFO - Processing /home/airflow/.local/lib/python3.12/site-packages/airflow/example_dags/example_xcom.py took 0.039 seconds
[2025-07-24T20:48:24.293+0000] {processor.py:161} INFO - Started process (PID=660) to work on /home/airflow/.local/lib/python3.12/site-packages/airflow/example_dags/example_xcom.py
[2025-07-24T20:48:24.294+0000] {processor.py:830} INFO - Processing file /home/airflow/.local/lib/python3.12/site-packages/airflow/example_dags/example_xcom.py for tasks to queue
[2025-07-24T20:48:24.295+0000] {logging_mixin.py:188} INFO - [2025-07-24T20:48:24.295+0000] {dagbag.py:545} INFO - Filling up the DagBag from /home/airflow/.local/lib/python3.12/site-packages/airflow/example_dags/example_xcom.py
[2025-07-24T20:48:24.299+0000] {processor.py:840} INFO - DAG(s) 'example_xcom' retrieved from /home/airflow/.local/lib/python3.12/site-packages/airflow/example_dags/example_xcom.py
[2025-07-24T20:48:24.311+0000] {logging_mixin.py:188} INFO - [2025-07-24T20:48:24.311+0000] {dag.py:3096} INFO - Sync 1 DAGs
[2025-07-24T20:48:24.323+0000] {logging_mixin.py:188} INFO - [2025-07-24T20:48:24.323+0000] {dag.py:3954} INFO - Setting next_dagrun for example_xcom to 2021-01-01 00:00:00+00:00, run_after=2021-01-01 00:00:00+00:00
[2025-07-24T20:48:24.333+0000] {processor.py:183} INFO - Processing /home/airflow/.local/lib/python3.12/site-packages/airflow/example_dags/example_xcom.py took 0.043 seconds
[2025-07-24T20:48:54.937+0000] {processor.py:161} INFO - Started process (PID=718) to work on /home/airflow/.local/lib/python3.12/site-packages/airflow/example_dags/example_xcom.py
[2025-07-24T20:48:54.937+0000] {processor.py:830} INFO - Processing file /home/airflow/.local/lib/python3.12/site-packages/airflow/example_dags/example_xcom.py for tasks to queue
[2025-07-24T20:48:54.938+0000] {logging_mixin.py:188} INFO - [2025-07-24T20:48:54.938+0000] {dagbag.py:545} INFO - Filling up the DagBag from /home/airflow/.local/lib/python3.12/site-packages/airflow/example_dags/example_xcom.py
[2025-07-24T20:48:54.941+0000] {processor.py:840} INFO - DAG(s) 'example_xcom' retrieved from /home/airflow/.local/lib/python3.12/site-packages/airflow/example_dags/example_xcom.py
[2025-07-24T20:48:54.952+0000] {logging_mixin.py:188} INFO - [2025-07-24T20:48:54.952+0000] {dag.py:3096} INFO - Sync 1 DAGs
[2025-07-24T20:48:54.963+0000] {logging_mixin.py:188} INFO - [2025-07-24T20:48:54.962+0000] {dag.py:3954} INFO - Setting next_dagrun for example_xcom to 2021-01-01 00:00:00+00:00, run_after=2021-01-01 00:00:00+00:00
[2025-07-24T20:48:54.971+0000] {processor.py:183} INFO - Processing /home/airflow/.local/lib/python3.12/site-packages/airflow/example_dags/example_xcom.py took 0.037 seconds
[2025-07-24T20:49:25.560+0000] {processor.py:161} INFO - Started process (PID=776) to work on /home/airflow/.local/lib/python3.12/site-packages/airflow/example_dags/example_xcom.py
[2025-07-24T20:49:25.561+0000] {processor.py:830} INFO - Processing file /home/airflow/.local/lib/python3.12/site-packages/airflow/example_dags/example_xcom.py for tasks to queue
[2025-07-24T20:49:25.562+0000] {logging_mixin.py:188} INFO - [2025-07-24T20:49:25.561+0000] {dagbag.py:545} INFO - Filling up the DagBag from /home/airflow/.local/lib/python3.12/site-packages/airflow/example_dags/example_xcom.py
[2025-07-24T20:49:25.565+0000] {processor.py:840} INFO - DAG(s) 'example_xcom' retrieved from /home/airflow/.local/lib/python3.12/site-packages/airflow/example_dags/example_xcom.py
[2025-07-24T20:49:25.576+0000] {logging_mixin.py:188} INFO - [2025-07-24T20:49:25.575+0000] {dag.py:3096} INFO - Sync 1 DAGs
[2025-07-24T20:49:25.585+0000] {logging_mixin.py:188} INFO - [2025-07-24T20:49:25.585+0000] {dag.py:3954} INFO - Setting next_dagrun for example_xcom to 2021-01-01 00:00:00+00:00, run_after=2021-01-01 00:00:00+00:00
[2025-07-24T20:49:25.593+0000] {processor.py:183} INFO - Processing /home/airflow/.local/lib/python3.12/site-packages/airflow/example_dags/example_xcom.py took 0.036 seconds
[2025-07-24T20:49:56.187+0000] {processor.py:161} INFO - Started process (PID=834) to work on /home/airflow/.local/lib/python3.12/site-packages/airflow/example_dags/example_xcom.py
[2025-07-24T20:49:56.188+0000] {processor.py:830} INFO - Processing file /home/airflow/.local/lib/python3.12/site-packages/airflow/example_dags/example_xcom.py for tasks to queue
[2025-07-24T20:49:56.189+0000] {logging_mixin.py:188} INFO - [2025-07-24T20:49:56.188+0000] {dagbag.py:545} INFO - Filling up the DagBag from /home/airflow/.local/lib/python3.12/site-packages/airflow/example_dags/example_xcom.py
[2025-07-24T20:49:56.193+0000] {processor.py:840} INFO - DAG(s) 'example_xcom' retrieved from /home/airflow/.local/lib/python3.12/site-packages/airflow/example_dags/example_xcom.py
[2025-07-24T20:49:56.205+0000] {logging_mixin.py:188} INFO - [2025-07-24T20:49:56.205+0000] {dag.py:3096} INFO - Sync 1 DAGs
[2025-07-24T20:49:56.218+0000] {logging_mixin.py:188} INFO - [2025-07-24T20:49:56.218+0000] {dag.py:3954} INFO - Setting next_dagrun for example_xcom to 2021-01-01 00:00:00+00:00, run_after=2021-01-01 00:00:00+00:00
[2025-07-24T20:49:56.227+0000] {processor.py:183} INFO - Processing /home/airflow/.local/lib/python3.12/site-packages/airflow/example_dags/example_xcom.py took 0.043 seconds
[2025-07-24T20:50:26.976+0000] {processor.py:161} INFO - Started process (PID=892) to work on /home/airflow/.local/lib/python3.12/site-packages/airflow/example_dags/example_xcom.py
[2025-07-24T20:50:26.976+0000] {processor.py:830} INFO - Processing file /home/airflow/.local/lib/python3.12/site-packages/airflow/example_dags/example_xcom.py for tasks to queue
[2025-07-24T20:50:26.977+0000] {logging_mixin.py:188} INFO - [2025-07-24T20:50:26.977+0000] {dagbag.py:545} INFO - Filling up the DagBag from /home/airflow/.local/lib/python3.12/site-packages/airflow/example_dags/example_xcom.py
[2025-07-24T20:50:26.982+0000] {processor.py:840} INFO - DAG(s) 'example_xcom' retrieved from /home/airflow/.local/lib/python3.12/site-packages/airflow/example_dags/example_xcom.py
[2025-07-24T20:50:26.998+0000] {logging_mixin.py:188} INFO - [2025-07-24T20:50:26.998+0000] {dag.py:3096} INFO - Sync 1 DAGs
[2025-07-24T20:50:27.012+0000] {logging_mixin.py:188} INFO - [2025-07-24T20:50:27.011+0000] {dag.py:3954} INFO - Setting next_dagrun for example_xcom to 2021-01-01 00:00:00+00:00, run_after=2021-01-01 00:00:00+00:00
[2025-07-24T20:50:27.025+0000] {processor.py:183} INFO - Processing /home/airflow/.local/lib/python3.12/site-packages/airflow/example_dags/example_xcom.py took 0.053 seconds
[2025-07-24T20:50:57.091+0000] {processor.py:161} INFO - Started process (PID=950) to work on /home/airflow/.local/lib/python3.12/site-packages/airflow/example_dags/example_xcom.py
[2025-07-24T20:50:57.092+0000] {processor.py:830} INFO - Processing file /home/airflow/.local/lib/python3.12/site-packages/airflow/example_dags/example_xcom.py for tasks to queue
[2025-07-24T20:50:57.093+0000] {logging_mixin.py:188} INFO - [2025-07-24T20:50:57.093+0000] {dagbag.py:545} INFO - Filling up the DagBag from /home/airflow/.local/lib/python3.12/site-packages/airflow/example_dags/example_xcom.py
[2025-07-24T20:50:57.097+0000] {processor.py:840} INFO - DAG(s) 'example_xcom' retrieved from /home/airflow/.local/lib/python3.12/site-packages/airflow/example_dags/example_xcom.py
[2025-07-24T20:50:57.109+0000] {logging_mixin.py:188} INFO - [2025-07-24T20:50:57.109+0000] {dag.py:3096} INFO - Sync 1 DAGs
[2025-07-24T20:50:57.121+0000] {logging_mixin.py:188} INFO - [2025-07-24T20:50:57.120+0000] {dag.py:3954} INFO - Setting next_dagrun for example_xcom to 2021-01-01 00:00:00+00:00, run_after=2021-01-01 00:00:00+00:00
[2025-07-24T20:50:57.130+0000] {processor.py:183} INFO - Processing /home/airflow/.local/lib/python3.12/site-packages/airflow/example_dags/example_xcom.py took 0.043 seconds
[2025-07-24T20:51:27.839+0000] {processor.py:161} INFO - Started process (PID=1008) to work on /home/airflow/.local/lib/python3.12/site-packages/airflow/example_dags/example_xcom.py
[2025-07-24T20:51:27.840+0000] {processor.py:830} INFO - Processing file /home/airflow/.local/lib/python3.12/site-packages/airflow/example_dags/example_xcom.py for tasks to queue
[2025-07-24T20:51:27.841+0000] {logging_mixin.py:188} INFO - [2025-07-24T20:51:27.841+0000] {dagbag.py:545} INFO - Filling up the DagBag from /home/airflow/.local/lib/python3.12/site-packages/airflow/example_dags/example_xcom.py
[2025-07-24T20:51:27.845+0000] {processor.py:840} INFO - DAG(s) 'example_xcom' retrieved from /home/airflow/.local/lib/python3.12/site-packages/airflow/example_dags/example_xcom.py
[2025-07-24T20:51:27.859+0000] {logging_mixin.py:188} INFO - [2025-07-24T20:51:27.858+0000] {dag.py:3096} INFO - Sync 1 DAGs
[2025-07-24T20:51:27.871+0000] {logging_mixin.py:188} INFO - [2025-07-24T20:51:27.871+0000] {dag.py:3954} INFO - Setting next_dagrun for example_xcom to 2021-01-01 00:00:00+00:00, run_after=2021-01-01 00:00:00+00:00
[2025-07-24T20:51:27.893+0000] {processor.py:183} INFO - Processing /home/airflow/.local/lib/python3.12/site-packages/airflow/example_dags/example_xcom.py took 0.057 seconds
[2025-07-24T20:51:58.534+0000] {processor.py:161} INFO - Started process (PID=1066) to work on /home/airflow/.local/lib/python3.12/site-packages/airflow/example_dags/example_xcom.py
[2025-07-24T20:51:58.534+0000] {processor.py:830} INFO - Processing file /home/airflow/.local/lib/python3.12/site-packages/airflow/example_dags/example_xcom.py for tasks to queue
[2025-07-24T20:51:58.535+0000] {logging_mixin.py:188} INFO - [2025-07-24T20:51:58.535+0000] {dagbag.py:545} INFO - Filling up the DagBag from /home/airflow/.local/lib/python3.12/site-packages/airflow/example_dags/example_xcom.py
[2025-07-24T20:51:58.540+0000] {processor.py:840} INFO - DAG(s) 'example_xcom' retrieved from /home/airflow/.local/lib/python3.12/site-packages/airflow/example_dags/example_xcom.py
[2025-07-24T20:51:58.552+0000] {logging_mixin.py:188} INFO - [2025-07-24T20:51:58.551+0000] {dag.py:3096} INFO - Sync 1 DAGs
[2025-07-24T20:51:58.563+0000] {logging_mixin.py:188} INFO - [2025-07-24T20:51:58.563+0000] {dag.py:3954} INFO - Setting next_dagrun for example_xcom to 2021-01-01 00:00:00+00:00, run_after=2021-01-01 00:00:00+00:00
[2025-07-24T20:51:58.572+0000] {processor.py:183} INFO - Processing /home/airflow/.local/lib/python3.12/site-packages/airflow/example_dags/example_xcom.py took 0.042 seconds
[2025-07-24T20:52:29.265+0000] {processor.py:161} INFO - Started process (PID=1124) to work on /home/airflow/.local/lib/python3.12/site-packages/airflow/example_dags/example_xcom.py
[2025-07-24T20:52:29.266+0000] {processor.py:830} INFO - Processing file /home/airflow/.local/lib/python3.12/site-packages/airflow/example_dags/example_xcom.py for tasks to queue
[2025-07-24T20:52:29.267+0000] {logging_mixin.py:188} INFO - [2025-07-24T20:52:29.266+0000] {dagbag.py:545} INFO - Filling up the DagBag from /home/airflow/.local/lib/python3.12/site-packages/airflow/example_dags/example_xcom.py
[2025-07-24T20:52:29.271+0000] {processor.py:840} INFO - DAG(s) 'example_xcom' retrieved from /home/airflow/.local/lib/python3.12/site-packages/airflow/example_dags/example_xcom.py
[2025-07-24T20:52:29.283+0000] {logging_mixin.py:188} INFO - [2025-07-24T20:52:29.283+0000] {dag.py:3096} INFO - Sync 1 DAGs
[2025-07-24T20:52:29.295+0000] {logging_mixin.py:188} INFO - [2025-07-24T20:52:29.295+0000] {dag.py:3954} INFO - Setting next_dagrun for example_xcom to 2021-01-01 00:00:00+00:00, run_after=2021-01-01 00:00:00+00:00
[2025-07-24T20:52:29.319+0000] {processor.py:183} INFO - Processing /home/airflow/.local/lib/python3.12/site-packages/airflow/example_dags/example_xcom.py took 0.058 seconds
[2025-07-24T20:53:00.029+0000] {processor.py:161} INFO - Started process (PID=1182) to work on /home/airflow/.local/lib/python3.12/site-packages/airflow/example_dags/example_xcom.py
[2025-07-24T20:53:00.029+0000] {processor.py:830} INFO - Processing file /home/airflow/.local/lib/python3.12/site-packages/airflow/example_dags/example_xcom.py for tasks to queue
[2025-07-24T20:53:00.030+0000] {logging_mixin.py:188} INFO - [2025-07-24T20:53:00.030+0000] {dagbag.py:545} INFO - Filling up the DagBag from /home/airflow/.local/lib/python3.12/site-packages/airflow/example_dags/example_xcom.py
[2025-07-24T20:53:00.035+0000] {processor.py:840} INFO - DAG(s) 'example_xcom' retrieved from /home/airflow/.local/lib/python3.12/site-packages/airflow/example_dags/example_xcom.py
[2025-07-24T20:53:00.047+0000] {logging_mixin.py:188} INFO - [2025-07-24T20:53:00.047+0000] {dag.py:3096} INFO - Sync 1 DAGs
[2025-07-24T20:53:00.059+0000] {logging_mixin.py:188} INFO - [2025-07-24T20:53:00.058+0000] {dag.py:3954} INFO - Setting next_dagrun for example_xcom to 2021-01-01 00:00:00+00:00, run_after=2021-01-01 00:00:00+00:00
[2025-07-24T20:53:00.068+0000] {processor.py:183} INFO - Processing /home/airflow/.local/lib/python3.12/site-packages/airflow/example_dags/example_xcom.py took 0.042 seconds
[2025-07-24T20:53:30.216+0000] {processor.py:161} INFO - Started process (PID=1240) to work on /home/airflow/.local/lib/python3.12/site-packages/airflow/example_dags/example_xcom.py
[2025-07-24T20:53:30.217+0000] {processor.py:830} INFO - Processing file /home/airflow/.local/lib/python3.12/site-packages/airflow/example_dags/example_xcom.py for tasks to queue
[2025-07-24T20:53:30.218+0000] {logging_mixin.py:188} INFO - [2025-07-24T20:53:30.218+0000] {dagbag.py:545} INFO - Filling up the DagBag from /home/airflow/.local/lib/python3.12/site-packages/airflow/example_dags/example_xcom.py
[2025-07-24T20:53:30.222+0000] {processor.py:840} INFO - DAG(s) 'example_xcom' retrieved from /home/airflow/.local/lib/python3.12/site-packages/airflow/example_dags/example_xcom.py
[2025-07-24T20:53:30.232+0000] {logging_mixin.py:188} INFO - [2025-07-24T20:53:30.232+0000] {dag.py:3096} INFO - Sync 1 DAGs
[2025-07-24T20:53:30.242+0000] {logging_mixin.py:188} INFO - [2025-07-24T20:53:30.242+0000] {dag.py:3954} INFO - Setting next_dagrun for example_xcom to 2021-01-01 00:00:00+00:00, run_after=2021-01-01 00:00:00+00:00
[2025-07-24T20:53:30.251+0000] {processor.py:183} INFO - Processing /home/airflow/.local/lib/python3.12/site-packages/airflow/example_dags/example_xcom.py took 0.037 seconds
[2025-07-24T20:54:00.289+0000] {processor.py:161} INFO - Started process (PID=1298) to work on /home/airflow/.local/lib/python3.12/site-packages/airflow/example_dags/example_xcom.py
[2025-07-24T20:54:00.290+0000] {processor.py:830} INFO - Processing file /home/airflow/.local/lib/python3.12/site-packages/airflow/example_dags/example_xcom.py for tasks to queue
[2025-07-24T20:54:00.291+0000] {logging_mixin.py:188} INFO - [2025-07-24T20:54:00.290+0000] {dagbag.py:545} INFO - Filling up the DagBag from /home/airflow/.local/lib/python3.12/site-packages/airflow/example_dags/example_xcom.py
[2025-07-24T20:54:00.295+0000] {processor.py:840} INFO - DAG(s) 'example_xcom' retrieved from /home/airflow/.local/lib/python3.12/site-packages/airflow/example_dags/example_xcom.py
[2025-07-24T20:54:00.306+0000] {logging_mixin.py:188} INFO - [2025-07-24T20:54:00.305+0000] {dag.py:3096} INFO - Sync 1 DAGs
[2025-07-24T20:54:00.317+0000] {logging_mixin.py:188} INFO - [2025-07-24T20:54:00.317+0000] {dag.py:3954} INFO - Setting next_dagrun for example_xcom to 2021-01-01 00:00:00+00:00, run_after=2021-01-01 00:00:00+00:00
[2025-07-24T20:54:00.326+0000] {processor.py:183} INFO - Processing /home/airflow/.local/lib/python3.12/site-packages/airflow/example_dags/example_xcom.py took 0.040 seconds
[2025-07-24T20:54:30.433+0000] {processor.py:161} INFO - Started process (PID=1356) to work on /home/airflow/.local/lib/python3.12/site-packages/airflow/example_dags/example_xcom.py
[2025-07-24T20:54:30.433+0000] {processor.py:830} INFO - Processing file /home/airflow/.local/lib/python3.12/site-packages/airflow/example_dags/example_xcom.py for tasks to queue
[2025-07-24T20:54:30.434+0000] {logging_mixin.py:188} INFO - [2025-07-24T20:54:30.434+0000] {dagbag.py:545} INFO - Filling up the DagBag from /home/airflow/.local/lib/python3.12/site-packages/airflow/example_dags/example_xcom.py
[2025-07-24T20:54:30.439+0000] {processor.py:840} INFO - DAG(s) 'example_xcom' retrieved from /home/airflow/.local/lib/python3.12/site-packages/airflow/example_dags/example_xcom.py
[2025-07-24T20:54:30.451+0000] {logging_mixin.py:188} INFO - [2025-07-24T20:54:30.450+0000] {dag.py:3096} INFO - Sync 1 DAGs
[2025-07-24T20:54:30.462+0000] {logging_mixin.py:188} INFO - [2025-07-24T20:54:30.462+0000] {dag.py:3954} INFO - Setting next_dagrun for example_xcom to 2021-01-01 00:00:00+00:00, run_after=2021-01-01 00:00:00+00:00
[2025-07-24T20:54:30.472+0000] {processor.py:183} INFO - Processing /home/airflow/.local/lib/python3.12/site-packages/airflow/example_dags/example_xcom.py took 0.042 seconds
[2025-07-24T20:55:01.309+0000] {processor.py:161} INFO - Started process (PID=1414) to work on /home/airflow/.local/lib/python3.12/site-packages/airflow/example_dags/example_xcom.py
[2025-07-24T20:55:01.309+0000] {processor.py:830} INFO - Processing file /home/airflow/.local/lib/python3.12/site-packages/airflow/example_dags/example_xcom.py for tasks to queue
[2025-07-24T20:55:01.310+0000] {logging_mixin.py:188} INFO - [2025-07-24T20:55:01.310+0000] {dagbag.py:545} INFO - Filling up the DagBag from /home/airflow/.local/lib/python3.12/site-packages/airflow/example_dags/example_xcom.py
[2025-07-24T20:55:01.314+0000] {processor.py:840} INFO - DAG(s) 'example_xcom' retrieved from /home/airflow/.local/lib/python3.12/site-packages/airflow/example_dags/example_xcom.py
[2025-07-24T20:55:01.326+0000] {logging_mixin.py:188} INFO - [2025-07-24T20:55:01.326+0000] {dag.py:3096} INFO - Sync 1 DAGs
[2025-07-24T20:55:01.338+0000] {logging_mixin.py:188} INFO - [2025-07-24T20:55:01.338+0000] {dag.py:3954} INFO - Setting next_dagrun for example_xcom to 2021-01-01 00:00:00+00:00, run_after=2021-01-01 00:00:00+00:00
[2025-07-24T20:55:01.348+0000] {processor.py:183} INFO - Processing /home/airflow/.local/lib/python3.12/site-packages/airflow/example_dags/example_xcom.py took 0.043 seconds
[2025-07-24T20:55:32.100+0000] {processor.py:161} INFO - Started process (PID=1472) to work on /home/airflow/.local/lib/python3.12/site-packages/airflow/example_dags/example_xcom.py
[2025-07-24T20:55:32.100+0000] {processor.py:830} INFO - Processing file /home/airflow/.local/lib/python3.12/site-packages/airflow/example_dags/example_xcom.py for tasks to queue
[2025-07-24T20:55:32.101+0000] {logging_mixin.py:188} INFO - [2025-07-24T20:55:32.101+0000] {dagbag.py:545} INFO - Filling up the DagBag from /home/airflow/.local/lib/python3.12/site-packages/airflow/example_dags/example_xcom.py
[2025-07-24T20:55:32.105+0000] {processor.py:840} INFO - DAG(s) 'example_xcom' retrieved from /home/airflow/.local/lib/python3.12/site-packages/airflow/example_dags/example_xcom.py
[2025-07-24T20:55:32.116+0000] {logging_mixin.py:188} INFO - [2025-07-24T20:55:32.115+0000] {dag.py:3096} INFO - Sync 1 DAGs
[2025-07-24T20:55:32.126+0000] {logging_mixin.py:188} INFO - [2025-07-24T20:55:32.126+0000] {dag.py:3954} INFO - Setting next_dagrun for example_xcom to 2021-01-01 00:00:00+00:00, run_after=2021-01-01 00:00:00+00:00
[2025-07-24T20:55:32.135+0000] {processor.py:183} INFO - Processing /home/airflow/.local/lib/python3.12/site-packages/airflow/example_dags/example_xcom.py took 0.038 seconds
