[2025-07-24T20:31:48.873+0000] {processor.py:161} INFO - Started process (PID=76) to work on /home/airflow/.local/lib/python3.12/site-packages/airflow/example_dags/example_branch_labels.py
[2025-07-24T20:31:48.874+0000] {processor.py:830} INFO - Processing file /home/airflow/.local/lib/python3.12/site-packages/airflow/example_dags/example_branch_labels.py for tasks to queue
[2025-07-24T20:31:48.875+0000] {logging_mixin.py:188} INFO - [2025-07-24T20:31:48.875+0000] {dagbag.py:545} INFO - Filling up the DagBag from /home/airflow/.local/lib/python3.12/site-packages/airflow/example_dags/example_branch_labels.py
[2025-07-24T20:31:48.880+0000] {processor.py:840} INFO - DAG(s) 'example_branch_labels' retrieved from /home/airflow/.local/lib/python3.12/site-packages/airflow/example_dags/example_branch_labels.py
[2025-07-24T20:31:48.886+0000] {logging_mixin.py:188} INFO - [2025-07-24T20:31:48.886+0000] {dag.py:3096} INFO - Sync 1 DAGs
[2025-07-24T20:31:48.898+0000] {logging_mixin.py:188} INFO - [2025-07-24T20:31:48.898+0000] {dag.py:3954} INFO - Setting next_dagrun for example_branch_labels to 2025-07-23 00:00:00+00:00, run_after=2025-07-24 00:00:00+00:00
[2025-07-24T20:31:48.908+0000] {processor.py:183} INFO - Processing /home/airflow/.local/lib/python3.12/site-packages/airflow/example_dags/example_branch_labels.py took 0.039 seconds
[2025-07-24T20:32:20.474+0000] {processor.py:161} INFO - Started process (PID=134) to work on /home/airflow/.local/lib/python3.12/site-packages/airflow/example_dags/example_branch_labels.py
[2025-07-24T20:32:20.474+0000] {processor.py:830} INFO - Processing file /home/airflow/.local/lib/python3.12/site-packages/airflow/example_dags/example_branch_labels.py for tasks to queue
[2025-07-24T20:32:20.475+0000] {logging_mixin.py:188} INFO - [2025-07-24T20:32:20.475+0000] {dagbag.py:545} INFO - Filling up the DagBag from /home/airflow/.local/lib/python3.12/site-packages/airflow/example_dags/example_branch_labels.py
[2025-07-24T20:32:20.480+0000] {processor.py:840} INFO - DAG(s) 'example_branch_labels' retrieved from /home/airflow/.local/lib/python3.12/site-packages/airflow/example_dags/example_branch_labels.py
[2025-07-24T20:32:20.534+0000] {logging_mixin.py:188} INFO - [2025-07-24T20:32:20.534+0000] {dag.py:3096} INFO - Sync 1 DAGs
[2025-07-24T20:32:20.545+0000] {logging_mixin.py:188} INFO - [2025-07-24T20:32:20.545+0000] {dag.py:3954} INFO - Setting next_dagrun for example_branch_labels to 2025-07-23 00:00:00+00:00, run_after=2025-07-24 00:00:00+00:00
[2025-07-24T20:32:20.554+0000] {processor.py:183} INFO - Processing /home/airflow/.local/lib/python3.12/site-packages/airflow/example_dags/example_branch_labels.py took 0.084 seconds
[2025-07-24T20:32:50.962+0000] {processor.py:161} INFO - Started process (PID=192) to work on /home/airflow/.local/lib/python3.12/site-packages/airflow/example_dags/example_branch_labels.py
[2025-07-24T20:32:50.963+0000] {processor.py:830} INFO - Processing file /home/airflow/.local/lib/python3.12/site-packages/airflow/example_dags/example_branch_labels.py for tasks to queue
[2025-07-24T20:32:50.964+0000] {logging_mixin.py:188} INFO - [2025-07-24T20:32:50.964+0000] {dagbag.py:545} INFO - Filling up the DagBag from /home/airflow/.local/lib/python3.12/site-packages/airflow/example_dags/example_branch_labels.py
[2025-07-24T20:32:50.968+0000] {processor.py:840} INFO - DAG(s) 'example_branch_labels' retrieved from /home/airflow/.local/lib/python3.12/site-packages/airflow/example_dags/example_branch_labels.py
[2025-07-24T20:32:50.979+0000] {logging_mixin.py:188} INFO - [2025-07-24T20:32:50.979+0000] {dag.py:3096} INFO - Sync 1 DAGs
[2025-07-24T20:32:50.990+0000] {logging_mixin.py:188} INFO - [2025-07-24T20:32:50.990+0000] {dag.py:3954} INFO - Setting next_dagrun for example_branch_labels to 2025-07-23 00:00:00+00:00, run_after=2025-07-24 00:00:00+00:00
[2025-07-24T20:32:50.998+0000] {processor.py:183} INFO - Processing /home/airflow/.local/lib/python3.12/site-packages/airflow/example_dags/example_branch_labels.py took 0.038 seconds
[2025-07-24T20:33:21.718+0000] {processor.py:161} INFO - Started process (PID=250) to work on /home/airflow/.local/lib/python3.12/site-packages/airflow/example_dags/example_branch_labels.py
[2025-07-24T20:33:21.719+0000] {processor.py:830} INFO - Processing file /home/airflow/.local/lib/python3.12/site-packages/airflow/example_dags/example_branch_labels.py for tasks to queue
[2025-07-24T20:33:21.720+0000] {logging_mixin.py:188} INFO - [2025-07-24T20:33:21.720+0000] {dagbag.py:545} INFO - Filling up the DagBag from /home/airflow/.local/lib/python3.12/site-packages/airflow/example_dags/example_branch_labels.py
[2025-07-24T20:33:21.725+0000] {processor.py:840} INFO - DAG(s) 'example_branch_labels' retrieved from /home/airflow/.local/lib/python3.12/site-packages/airflow/example_dags/example_branch_labels.py
[2025-07-24T20:33:21.738+0000] {logging_mixin.py:188} INFO - [2025-07-24T20:33:21.738+0000] {dag.py:3096} INFO - Sync 1 DAGs
[2025-07-24T20:33:21.751+0000] {logging_mixin.py:188} INFO - [2025-07-24T20:33:21.750+0000] {dag.py:3954} INFO - Setting next_dagrun for example_branch_labels to 2025-07-23 00:00:00+00:00, run_after=2025-07-24 00:00:00+00:00
[2025-07-24T20:33:21.759+0000] {processor.py:183} INFO - Processing /home/airflow/.local/lib/python3.12/site-packages/airflow/example_dags/example_branch_labels.py took 0.045 seconds
[2025-07-24T20:33:52.493+0000] {processor.py:161} INFO - Started process (PID=308) to work on /home/airflow/.local/lib/python3.12/site-packages/airflow/example_dags/example_branch_labels.py
[2025-07-24T20:33:52.493+0000] {processor.py:830} INFO - Processing file /home/airflow/.local/lib/python3.12/site-packages/airflow/example_dags/example_branch_labels.py for tasks to queue
[2025-07-24T20:33:52.494+0000] {logging_mixin.py:188} INFO - [2025-07-24T20:33:52.494+0000] {dagbag.py:545} INFO - Filling up the DagBag from /home/airflow/.local/lib/python3.12/site-packages/airflow/example_dags/example_branch_labels.py
[2025-07-24T20:33:52.498+0000] {processor.py:840} INFO - DAG(s) 'example_branch_labels' retrieved from /home/airflow/.local/lib/python3.12/site-packages/airflow/example_dags/example_branch_labels.py
[2025-07-24T20:33:52.509+0000] {logging_mixin.py:188} INFO - [2025-07-24T20:33:52.509+0000] {dag.py:3096} INFO - Sync 1 DAGs
[2025-07-24T20:33:52.521+0000] {logging_mixin.py:188} INFO - [2025-07-24T20:33:52.521+0000] {dag.py:3954} INFO - Setting next_dagrun for example_branch_labels to 2025-07-23 00:00:00+00:00, run_after=2025-07-24 00:00:00+00:00
[2025-07-24T20:33:52.530+0000] {processor.py:183} INFO - Processing /home/airflow/.local/lib/python3.12/site-packages/airflow/example_dags/example_branch_labels.py took 0.040 seconds
[2025-07-24T20:34:23.219+0000] {processor.py:161} INFO - Started process (PID=366) to work on /home/airflow/.local/lib/python3.12/site-packages/airflow/example_dags/example_branch_labels.py
[2025-07-24T20:34:23.219+0000] {processor.py:830} INFO - Processing file /home/airflow/.local/lib/python3.12/site-packages/airflow/example_dags/example_branch_labels.py for tasks to queue
[2025-07-24T20:34:23.221+0000] {logging_mixin.py:188} INFO - [2025-07-24T20:34:23.221+0000] {dagbag.py:545} INFO - Filling up the DagBag from /home/airflow/.local/lib/python3.12/site-packages/airflow/example_dags/example_branch_labels.py
[2025-07-24T20:34:23.225+0000] {processor.py:840} INFO - DAG(s) 'example_branch_labels' retrieved from /home/airflow/.local/lib/python3.12/site-packages/airflow/example_dags/example_branch_labels.py
[2025-07-24T20:34:23.238+0000] {logging_mixin.py:188} INFO - [2025-07-24T20:34:23.237+0000] {dag.py:3096} INFO - Sync 1 DAGs
[2025-07-24T20:34:23.249+0000] {logging_mixin.py:188} INFO - [2025-07-24T20:34:23.249+0000] {dag.py:3954} INFO - Setting next_dagrun for example_branch_labels to 2025-07-23 00:00:00+00:00, run_after=2025-07-24 00:00:00+00:00
[2025-07-24T20:34:23.258+0000] {processor.py:183} INFO - Processing /home/airflow/.local/lib/python3.12/site-packages/airflow/example_dags/example_branch_labels.py took 0.043 seconds
[2025-07-24T20:34:53.984+0000] {processor.py:161} INFO - Started process (PID=424) to work on /home/airflow/.local/lib/python3.12/site-packages/airflow/example_dags/example_branch_labels.py
[2025-07-24T20:34:53.985+0000] {processor.py:830} INFO - Processing file /home/airflow/.local/lib/python3.12/site-packages/airflow/example_dags/example_branch_labels.py for tasks to queue
[2025-07-24T20:34:53.985+0000] {logging_mixin.py:188} INFO - [2025-07-24T20:34:53.985+0000] {dagbag.py:545} INFO - Filling up the DagBag from /home/airflow/.local/lib/python3.12/site-packages/airflow/example_dags/example_branch_labels.py
[2025-07-24T20:34:53.989+0000] {processor.py:840} INFO - DAG(s) 'example_branch_labels' retrieved from /home/airflow/.local/lib/python3.12/site-packages/airflow/example_dags/example_branch_labels.py
[2025-07-24T20:34:54.002+0000] {logging_mixin.py:188} INFO - [2025-07-24T20:34:54.002+0000] {dag.py:3096} INFO - Sync 1 DAGs
[2025-07-24T20:34:54.015+0000] {logging_mixin.py:188} INFO - [2025-07-24T20:34:54.014+0000] {dag.py:3954} INFO - Setting next_dagrun for example_branch_labels to 2025-07-23 00:00:00+00:00, run_after=2025-07-24 00:00:00+00:00
[2025-07-24T20:34:54.023+0000] {processor.py:183} INFO - Processing /home/airflow/.local/lib/python3.12/site-packages/airflow/example_dags/example_branch_labels.py took 0.042 seconds
[2025-07-24T20:35:24.721+0000] {processor.py:161} INFO - Started process (PID=482) to work on /home/airflow/.local/lib/python3.12/site-packages/airflow/example_dags/example_branch_labels.py
[2025-07-24T20:35:24.721+0000] {processor.py:830} INFO - Processing file /home/airflow/.local/lib/python3.12/site-packages/airflow/example_dags/example_branch_labels.py for tasks to queue
[2025-07-24T20:35:24.722+0000] {logging_mixin.py:188} INFO - [2025-07-24T20:35:24.722+0000] {dagbag.py:545} INFO - Filling up the DagBag from /home/airflow/.local/lib/python3.12/site-packages/airflow/example_dags/example_branch_labels.py
[2025-07-24T20:35:24.726+0000] {processor.py:840} INFO - DAG(s) 'example_branch_labels' retrieved from /home/airflow/.local/lib/python3.12/site-packages/airflow/example_dags/example_branch_labels.py
[2025-07-24T20:35:24.737+0000] {logging_mixin.py:188} INFO - [2025-07-24T20:35:24.737+0000] {dag.py:3096} INFO - Sync 1 DAGs
[2025-07-24T20:35:24.747+0000] {logging_mixin.py:188} INFO - [2025-07-24T20:35:24.747+0000] {dag.py:3954} INFO - Setting next_dagrun for example_branch_labels to 2025-07-23 00:00:00+00:00, run_after=2025-07-24 00:00:00+00:00
[2025-07-24T20:35:24.755+0000] {processor.py:183} INFO - Processing /home/airflow/.local/lib/python3.12/site-packages/airflow/example_dags/example_branch_labels.py took 0.038 seconds
[2025-07-24T20:36:44.650+0000] {processor.py:161} INFO - Started process (PID=69) to work on /home/airflow/.local/lib/python3.12/site-packages/airflow/example_dags/example_branch_labels.py
[2025-07-24T20:36:44.650+0000] {processor.py:830} INFO - Processing file /home/airflow/.local/lib/python3.12/site-packages/airflow/example_dags/example_branch_labels.py for tasks to queue
[2025-07-24T20:36:44.651+0000] {logging_mixin.py:188} INFO - [2025-07-24T20:36:44.651+0000] {dagbag.py:545} INFO - Filling up the DagBag from /home/airflow/.local/lib/python3.12/site-packages/airflow/example_dags/example_branch_labels.py
[2025-07-24T20:36:44.655+0000] {processor.py:840} INFO - DAG(s) 'example_branch_labels' retrieved from /home/airflow/.local/lib/python3.12/site-packages/airflow/example_dags/example_branch_labels.py
[2025-07-24T20:36:44.664+0000] {logging_mixin.py:188} INFO - [2025-07-24T20:36:44.664+0000] {dag.py:3096} INFO - Sync 1 DAGs
[2025-07-24T20:36:44.677+0000] {logging_mixin.py:188} INFO - [2025-07-24T20:36:44.677+0000] {dag.py:3954} INFO - Setting next_dagrun for example_branch_labels to 2025-07-23 00:00:00+00:00, run_after=2025-07-24 00:00:00+00:00
[2025-07-24T20:36:44.687+0000] {processor.py:183} INFO - Processing /home/airflow/.local/lib/python3.12/site-packages/airflow/example_dags/example_branch_labels.py took 0.041 seconds
[2025-07-24T20:37:15.211+0000] {processor.py:161} INFO - Started process (PID=127) to work on /home/airflow/.local/lib/python3.12/site-packages/airflow/example_dags/example_branch_labels.py
[2025-07-24T20:37:15.211+0000] {processor.py:830} INFO - Processing file /home/airflow/.local/lib/python3.12/site-packages/airflow/example_dags/example_branch_labels.py for tasks to queue
[2025-07-24T20:37:15.212+0000] {logging_mixin.py:188} INFO - [2025-07-24T20:37:15.212+0000] {dagbag.py:545} INFO - Filling up the DagBag from /home/airflow/.local/lib/python3.12/site-packages/airflow/example_dags/example_branch_labels.py
[2025-07-24T20:37:15.217+0000] {processor.py:840} INFO - DAG(s) 'example_branch_labels' retrieved from /home/airflow/.local/lib/python3.12/site-packages/airflow/example_dags/example_branch_labels.py
[2025-07-24T20:37:15.224+0000] {logging_mixin.py:188} INFO - [2025-07-24T20:37:15.223+0000] {dag.py:3096} INFO - Sync 1 DAGs
[2025-07-24T20:37:15.237+0000] {logging_mixin.py:188} INFO - [2025-07-24T20:37:15.237+0000] {dag.py:3954} INFO - Setting next_dagrun for example_branch_labels to 2025-07-23 00:00:00+00:00, run_after=2025-07-24 00:00:00+00:00
[2025-07-24T20:37:15.246+0000] {processor.py:183} INFO - Processing /home/airflow/.local/lib/python3.12/site-packages/airflow/example_dags/example_branch_labels.py took 0.039 seconds
[2025-07-24T20:37:46.666+0000] {processor.py:161} INFO - Started process (PID=185) to work on /home/airflow/.local/lib/python3.12/site-packages/airflow/example_dags/example_branch_labels.py
[2025-07-24T20:37:46.667+0000] {processor.py:830} INFO - Processing file /home/airflow/.local/lib/python3.12/site-packages/airflow/example_dags/example_branch_labels.py for tasks to queue
[2025-07-24T20:37:46.668+0000] {logging_mixin.py:188} INFO - [2025-07-24T20:37:46.667+0000] {dagbag.py:545} INFO - Filling up the DagBag from /home/airflow/.local/lib/python3.12/site-packages/airflow/example_dags/example_branch_labels.py
[2025-07-24T20:37:46.672+0000] {processor.py:840} INFO - DAG(s) 'example_branch_labels' retrieved from /home/airflow/.local/lib/python3.12/site-packages/airflow/example_dags/example_branch_labels.py
[2025-07-24T20:37:46.729+0000] {logging_mixin.py:188} INFO - [2025-07-24T20:37:46.729+0000] {dag.py:3096} INFO - Sync 1 DAGs
[2025-07-24T20:37:46.740+0000] {logging_mixin.py:188} INFO - [2025-07-24T20:37:46.740+0000] {dag.py:3954} INFO - Setting next_dagrun for example_branch_labels to 2025-07-23 00:00:00+00:00, run_after=2025-07-24 00:00:00+00:00
[2025-07-24T20:37:46.748+0000] {processor.py:183} INFO - Processing /home/airflow/.local/lib/python3.12/site-packages/airflow/example_dags/example_branch_labels.py took 0.086 seconds
[2025-07-24T20:38:17.715+0000] {processor.py:161} INFO - Started process (PID=249) to work on /home/airflow/.local/lib/python3.12/site-packages/airflow/example_dags/example_branch_labels.py
[2025-07-24T20:38:17.716+0000] {processor.py:830} INFO - Processing file /home/airflow/.local/lib/python3.12/site-packages/airflow/example_dags/example_branch_labels.py for tasks to queue
[2025-07-24T20:38:17.717+0000] {logging_mixin.py:188} INFO - [2025-07-24T20:38:17.716+0000] {dagbag.py:545} INFO - Filling up the DagBag from /home/airflow/.local/lib/python3.12/site-packages/airflow/example_dags/example_branch_labels.py
[2025-07-24T20:38:17.721+0000] {processor.py:840} INFO - DAG(s) 'example_branch_labels' retrieved from /home/airflow/.local/lib/python3.12/site-packages/airflow/example_dags/example_branch_labels.py
[2025-07-24T20:38:17.733+0000] {logging_mixin.py:188} INFO - [2025-07-24T20:38:17.733+0000] {dag.py:3096} INFO - Sync 1 DAGs
[2025-07-24T20:38:17.744+0000] {logging_mixin.py:188} INFO - [2025-07-24T20:38:17.744+0000] {dag.py:3954} INFO - Setting next_dagrun for example_branch_labels to 2025-07-23 00:00:00+00:00, run_after=2025-07-24 00:00:00+00:00
[2025-07-24T20:38:17.754+0000] {processor.py:183} INFO - Processing /home/airflow/.local/lib/python3.12/site-packages/airflow/example_dags/example_branch_labels.py took 0.043 seconds
[2025-07-24T20:38:48.428+0000] {processor.py:161} INFO - Started process (PID=307) to work on /home/airflow/.local/lib/python3.12/site-packages/airflow/example_dags/example_branch_labels.py
[2025-07-24T20:38:48.429+0000] {processor.py:830} INFO - Processing file /home/airflow/.local/lib/python3.12/site-packages/airflow/example_dags/example_branch_labels.py for tasks to queue
[2025-07-24T20:38:48.430+0000] {logging_mixin.py:188} INFO - [2025-07-24T20:38:48.430+0000] {dagbag.py:545} INFO - Filling up the DagBag from /home/airflow/.local/lib/python3.12/site-packages/airflow/example_dags/example_branch_labels.py
[2025-07-24T20:38:48.435+0000] {processor.py:840} INFO - DAG(s) 'example_branch_labels' retrieved from /home/airflow/.local/lib/python3.12/site-packages/airflow/example_dags/example_branch_labels.py
[2025-07-24T20:38:48.448+0000] {logging_mixin.py:188} INFO - [2025-07-24T20:38:48.448+0000] {dag.py:3096} INFO - Sync 1 DAGs
[2025-07-24T20:38:48.461+0000] {logging_mixin.py:188} INFO - [2025-07-24T20:38:48.461+0000] {dag.py:3954} INFO - Setting next_dagrun for example_branch_labels to 2025-07-23 00:00:00+00:00, run_after=2025-07-24 00:00:00+00:00
[2025-07-24T20:38:48.470+0000] {processor.py:183} INFO - Processing /home/airflow/.local/lib/python3.12/site-packages/airflow/example_dags/example_branch_labels.py took 0.045 seconds
[2025-07-24T20:39:19.212+0000] {processor.py:161} INFO - Started process (PID=365) to work on /home/airflow/.local/lib/python3.12/site-packages/airflow/example_dags/example_branch_labels.py
[2025-07-24T20:39:19.213+0000] {processor.py:830} INFO - Processing file /home/airflow/.local/lib/python3.12/site-packages/airflow/example_dags/example_branch_labels.py for tasks to queue
[2025-07-24T20:39:19.214+0000] {logging_mixin.py:188} INFO - [2025-07-24T20:39:19.213+0000] {dagbag.py:545} INFO - Filling up the DagBag from /home/airflow/.local/lib/python3.12/site-packages/airflow/example_dags/example_branch_labels.py
[2025-07-24T20:39:19.219+0000] {processor.py:840} INFO - DAG(s) 'example_branch_labels' retrieved from /home/airflow/.local/lib/python3.12/site-packages/airflow/example_dags/example_branch_labels.py
[2025-07-24T20:39:19.232+0000] {logging_mixin.py:188} INFO - [2025-07-24T20:39:19.231+0000] {dag.py:3096} INFO - Sync 1 DAGs
[2025-07-24T20:39:19.249+0000] {logging_mixin.py:188} INFO - [2025-07-24T20:39:19.249+0000] {dag.py:3954} INFO - Setting next_dagrun for example_branch_labels to 2025-07-23 00:00:00+00:00, run_after=2025-07-24 00:00:00+00:00
[2025-07-24T20:39:19.263+0000] {processor.py:183} INFO - Processing /home/airflow/.local/lib/python3.12/site-packages/airflow/example_dags/example_branch_labels.py took 0.054 seconds
[2025-07-24T20:39:49.935+0000] {processor.py:161} INFO - Started process (PID=423) to work on /home/airflow/.local/lib/python3.12/site-packages/airflow/example_dags/example_branch_labels.py
[2025-07-24T20:39:49.936+0000] {processor.py:830} INFO - Processing file /home/airflow/.local/lib/python3.12/site-packages/airflow/example_dags/example_branch_labels.py for tasks to queue
[2025-07-24T20:39:49.937+0000] {logging_mixin.py:188} INFO - [2025-07-24T20:39:49.937+0000] {dagbag.py:545} INFO - Filling up the DagBag from /home/airflow/.local/lib/python3.12/site-packages/airflow/example_dags/example_branch_labels.py
[2025-07-24T20:39:49.941+0000] {processor.py:840} INFO - DAG(s) 'example_branch_labels' retrieved from /home/airflow/.local/lib/python3.12/site-packages/airflow/example_dags/example_branch_labels.py
[2025-07-24T20:39:49.954+0000] {logging_mixin.py:188} INFO - [2025-07-24T20:39:49.953+0000] {dag.py:3096} INFO - Sync 1 DAGs
[2025-07-24T20:39:49.966+0000] {logging_mixin.py:188} INFO - [2025-07-24T20:39:49.966+0000] {dag.py:3954} INFO - Setting next_dagrun for example_branch_labels to 2025-07-23 00:00:00+00:00, run_after=2025-07-24 00:00:00+00:00
[2025-07-24T20:39:49.975+0000] {processor.py:183} INFO - Processing /home/airflow/.local/lib/python3.12/site-packages/airflow/example_dags/example_branch_labels.py took 0.043 seconds
[2025-07-24T20:40:20.610+0000] {processor.py:161} INFO - Started process (PID=481) to work on /home/airflow/.local/lib/python3.12/site-packages/airflow/example_dags/example_branch_labels.py
[2025-07-24T20:40:20.610+0000] {processor.py:830} INFO - Processing file /home/airflow/.local/lib/python3.12/site-packages/airflow/example_dags/example_branch_labels.py for tasks to queue
[2025-07-24T20:40:20.612+0000] {logging_mixin.py:188} INFO - [2025-07-24T20:40:20.612+0000] {dagbag.py:545} INFO - Filling up the DagBag from /home/airflow/.local/lib/python3.12/site-packages/airflow/example_dags/example_branch_labels.py
[2025-07-24T20:40:20.617+0000] {processor.py:840} INFO - DAG(s) 'example_branch_labels' retrieved from /home/airflow/.local/lib/python3.12/site-packages/airflow/example_dags/example_branch_labels.py
[2025-07-24T20:40:20.631+0000] {logging_mixin.py:188} INFO - [2025-07-24T20:40:20.631+0000] {dag.py:3096} INFO - Sync 1 DAGs
[2025-07-24T20:40:20.644+0000] {logging_mixin.py:188} INFO - [2025-07-24T20:40:20.644+0000] {dag.py:3954} INFO - Setting next_dagrun for example_branch_labels to 2025-07-23 00:00:00+00:00, run_after=2025-07-24 00:00:00+00:00
[2025-07-24T20:40:20.653+0000] {processor.py:183} INFO - Processing /home/airflow/.local/lib/python3.12/site-packages/airflow/example_dags/example_branch_labels.py took 0.047 seconds
[2025-07-24T20:40:51.563+0000] {processor.py:161} INFO - Started process (PID=539) to work on /home/airflow/.local/lib/python3.12/site-packages/airflow/example_dags/example_branch_labels.py
[2025-07-24T20:40:51.564+0000] {processor.py:830} INFO - Processing file /home/airflow/.local/lib/python3.12/site-packages/airflow/example_dags/example_branch_labels.py for tasks to queue
[2025-07-24T20:40:51.565+0000] {logging_mixin.py:188} INFO - [2025-07-24T20:40:51.565+0000] {dagbag.py:545} INFO - Filling up the DagBag from /home/airflow/.local/lib/python3.12/site-packages/airflow/example_dags/example_branch_labels.py
[2025-07-24T20:40:51.569+0000] {processor.py:840} INFO - DAG(s) 'example_branch_labels' retrieved from /home/airflow/.local/lib/python3.12/site-packages/airflow/example_dags/example_branch_labels.py
[2025-07-24T20:40:51.582+0000] {logging_mixin.py:188} INFO - [2025-07-24T20:40:51.582+0000] {dag.py:3096} INFO - Sync 1 DAGs
[2025-07-24T20:40:51.597+0000] {logging_mixin.py:188} INFO - [2025-07-24T20:40:51.596+0000] {dag.py:3954} INFO - Setting next_dagrun for example_branch_labels to 2025-07-23 00:00:00+00:00, run_after=2025-07-24 00:00:00+00:00
[2025-07-24T20:40:51.607+0000] {processor.py:183} INFO - Processing /home/airflow/.local/lib/python3.12/site-packages/airflow/example_dags/example_branch_labels.py took 0.048 seconds
[2025-07-24T20:41:21.667+0000] {processor.py:161} INFO - Started process (PID=598) to work on /home/airflow/.local/lib/python3.12/site-packages/airflow/example_dags/example_branch_labels.py
[2025-07-24T20:41:21.668+0000] {processor.py:830} INFO - Processing file /home/airflow/.local/lib/python3.12/site-packages/airflow/example_dags/example_branch_labels.py for tasks to queue
[2025-07-24T20:41:21.669+0000] {logging_mixin.py:188} INFO - [2025-07-24T20:41:21.668+0000] {dagbag.py:545} INFO - Filling up the DagBag from /home/airflow/.local/lib/python3.12/site-packages/airflow/example_dags/example_branch_labels.py
[2025-07-24T20:41:21.672+0000] {processor.py:840} INFO - DAG(s) 'example_branch_labels' retrieved from /home/airflow/.local/lib/python3.12/site-packages/airflow/example_dags/example_branch_labels.py
[2025-07-24T20:41:21.683+0000] {logging_mixin.py:188} INFO - [2025-07-24T20:41:21.682+0000] {dag.py:3096} INFO - Sync 1 DAGs
[2025-07-24T20:41:21.693+0000] {logging_mixin.py:188} INFO - [2025-07-24T20:41:21.693+0000] {dag.py:3954} INFO - Setting next_dagrun for example_branch_labels to 2025-07-23 00:00:00+00:00, run_after=2025-07-24 00:00:00+00:00
[2025-07-24T20:41:21.701+0000] {processor.py:183} INFO - Processing /home/airflow/.local/lib/python3.12/site-packages/airflow/example_dags/example_branch_labels.py took 0.037 seconds
[2025-07-24T20:41:52.417+0000] {processor.py:161} INFO - Started process (PID=655) to work on /home/airflow/.local/lib/python3.12/site-packages/airflow/example_dags/example_branch_labels.py
[2025-07-24T20:41:52.418+0000] {processor.py:830} INFO - Processing file /home/airflow/.local/lib/python3.12/site-packages/airflow/example_dags/example_branch_labels.py for tasks to queue
[2025-07-24T20:41:52.419+0000] {logging_mixin.py:188} INFO - [2025-07-24T20:41:52.419+0000] {dagbag.py:545} INFO - Filling up the DagBag from /home/airflow/.local/lib/python3.12/site-packages/airflow/example_dags/example_branch_labels.py
[2025-07-24T20:41:52.424+0000] {processor.py:840} INFO - DAG(s) 'example_branch_labels' retrieved from /home/airflow/.local/lib/python3.12/site-packages/airflow/example_dags/example_branch_labels.py
[2025-07-24T20:41:52.439+0000] {logging_mixin.py:188} INFO - [2025-07-24T20:41:52.439+0000] {dag.py:3096} INFO - Sync 1 DAGs
[2025-07-24T20:41:52.451+0000] {logging_mixin.py:188} INFO - [2025-07-24T20:41:52.451+0000] {dag.py:3954} INFO - Setting next_dagrun for example_branch_labels to 2025-07-23 00:00:00+00:00, run_after=2025-07-24 00:00:00+00:00
[2025-07-24T20:41:52.459+0000] {processor.py:183} INFO - Processing /home/airflow/.local/lib/python3.12/site-packages/airflow/example_dags/example_branch_labels.py took 0.046 seconds
[2025-07-24T20:42:23.302+0000] {processor.py:161} INFO - Started process (PID=713) to work on /home/airflow/.local/lib/python3.12/site-packages/airflow/example_dags/example_branch_labels.py
[2025-07-24T20:42:23.302+0000] {processor.py:830} INFO - Processing file /home/airflow/.local/lib/python3.12/site-packages/airflow/example_dags/example_branch_labels.py for tasks to queue
[2025-07-24T20:42:23.303+0000] {logging_mixin.py:188} INFO - [2025-07-24T20:42:23.303+0000] {dagbag.py:545} INFO - Filling up the DagBag from /home/airflow/.local/lib/python3.12/site-packages/airflow/example_dags/example_branch_labels.py
[2025-07-24T20:42:23.308+0000] {processor.py:840} INFO - DAG(s) 'example_branch_labels' retrieved from /home/airflow/.local/lib/python3.12/site-packages/airflow/example_dags/example_branch_labels.py
[2025-07-24T20:42:23.318+0000] {logging_mixin.py:188} INFO - [2025-07-24T20:42:23.318+0000] {dag.py:3096} INFO - Sync 1 DAGs
[2025-07-24T20:42:23.329+0000] {logging_mixin.py:188} INFO - [2025-07-24T20:42:23.329+0000] {dag.py:3954} INFO - Setting next_dagrun for example_branch_labels to 2025-07-23 00:00:00+00:00, run_after=2025-07-24 00:00:00+00:00
[2025-07-24T20:42:23.338+0000] {processor.py:183} INFO - Processing /home/airflow/.local/lib/python3.12/site-packages/airflow/example_dags/example_branch_labels.py took 0.039 seconds
[2025-07-24T20:43:17.155+0000] {processor.py:161} INFO - Started process (PID=69) to work on /home/airflow/.local/lib/python3.12/site-packages/airflow/example_dags/example_branch_labels.py
[2025-07-24T20:43:17.155+0000] {processor.py:830} INFO - Processing file /home/airflow/.local/lib/python3.12/site-packages/airflow/example_dags/example_branch_labels.py for tasks to queue
[2025-07-24T20:43:17.156+0000] {logging_mixin.py:188} INFO - [2025-07-24T20:43:17.156+0000] {dagbag.py:545} INFO - Filling up the DagBag from /home/airflow/.local/lib/python3.12/site-packages/airflow/example_dags/example_branch_labels.py
[2025-07-24T20:43:17.160+0000] {processor.py:840} INFO - DAG(s) 'example_branch_labels' retrieved from /home/airflow/.local/lib/python3.12/site-packages/airflow/example_dags/example_branch_labels.py
[2025-07-24T20:43:17.167+0000] {logging_mixin.py:188} INFO - [2025-07-24T20:43:17.167+0000] {dag.py:3096} INFO - Sync 1 DAGs
[2025-07-24T20:43:17.179+0000] {logging_mixin.py:188} INFO - [2025-07-24T20:43:17.179+0000] {dag.py:3954} INFO - Setting next_dagrun for example_branch_labels to 2025-07-23 00:00:00+00:00, run_after=2025-07-24 00:00:00+00:00
[2025-07-24T20:43:17.188+0000] {processor.py:183} INFO - Processing /home/airflow/.local/lib/python3.12/site-packages/airflow/example_dags/example_branch_labels.py took 0.037 seconds
[2025-07-24T20:43:48.493+0000] {processor.py:161} INFO - Started process (PID=127) to work on /home/airflow/.local/lib/python3.12/site-packages/airflow/example_dags/example_branch_labels.py
[2025-07-24T20:43:48.493+0000] {processor.py:830} INFO - Processing file /home/airflow/.local/lib/python3.12/site-packages/airflow/example_dags/example_branch_labels.py for tasks to queue
[2025-07-24T20:43:48.494+0000] {logging_mixin.py:188} INFO - [2025-07-24T20:43:48.494+0000] {dagbag.py:545} INFO - Filling up the DagBag from /home/airflow/.local/lib/python3.12/site-packages/airflow/example_dags/example_branch_labels.py
[2025-07-24T20:43:48.499+0000] {processor.py:840} INFO - DAG(s) 'example_branch_labels' retrieved from /home/airflow/.local/lib/python3.12/site-packages/airflow/example_dags/example_branch_labels.py
[2025-07-24T20:43:48.554+0000] {logging_mixin.py:188} INFO - [2025-07-24T20:43:48.554+0000] {dag.py:3096} INFO - Sync 1 DAGs
[2025-07-24T20:43:48.565+0000] {logging_mixin.py:188} INFO - [2025-07-24T20:43:48.565+0000] {dag.py:3954} INFO - Setting next_dagrun for example_branch_labels to 2025-07-23 00:00:00+00:00, run_after=2025-07-24 00:00:00+00:00
[2025-07-24T20:43:48.573+0000] {processor.py:183} INFO - Processing /home/airflow/.local/lib/python3.12/site-packages/airflow/example_dags/example_branch_labels.py took 0.084 seconds
[2025-07-24T20:44:19.013+0000] {processor.py:161} INFO - Started process (PID=185) to work on /home/airflow/.local/lib/python3.12/site-packages/airflow/example_dags/example_branch_labels.py
[2025-07-24T20:44:19.014+0000] {processor.py:830} INFO - Processing file /home/airflow/.local/lib/python3.12/site-packages/airflow/example_dags/example_branch_labels.py for tasks to queue
[2025-07-24T20:44:19.015+0000] {logging_mixin.py:188} INFO - [2025-07-24T20:44:19.015+0000] {dagbag.py:545} INFO - Filling up the DagBag from /home/airflow/.local/lib/python3.12/site-packages/airflow/example_dags/example_branch_labels.py
[2025-07-24T20:44:19.019+0000] {processor.py:840} INFO - DAG(s) 'example_branch_labels' retrieved from /home/airflow/.local/lib/python3.12/site-packages/airflow/example_dags/example_branch_labels.py
[2025-07-24T20:44:19.030+0000] {logging_mixin.py:188} INFO - [2025-07-24T20:44:19.030+0000] {dag.py:3096} INFO - Sync 1 DAGs
[2025-07-24T20:44:19.041+0000] {logging_mixin.py:188} INFO - [2025-07-24T20:44:19.041+0000] {dag.py:3954} INFO - Setting next_dagrun for example_branch_labels to 2025-07-23 00:00:00+00:00, run_after=2025-07-24 00:00:00+00:00
[2025-07-24T20:44:19.050+0000] {processor.py:183} INFO - Processing /home/airflow/.local/lib/python3.12/site-packages/airflow/example_dags/example_branch_labels.py took 0.040 seconds
[2025-07-24T20:44:49.164+0000] {processor.py:161} INFO - Started process (PID=243) to work on /home/airflow/.local/lib/python3.12/site-packages/airflow/example_dags/example_branch_labels.py
[2025-07-24T20:44:49.165+0000] {processor.py:830} INFO - Processing file /home/airflow/.local/lib/python3.12/site-packages/airflow/example_dags/example_branch_labels.py for tasks to queue
[2025-07-24T20:44:49.166+0000] {logging_mixin.py:188} INFO - [2025-07-24T20:44:49.166+0000] {dagbag.py:545} INFO - Filling up the DagBag from /home/airflow/.local/lib/python3.12/site-packages/airflow/example_dags/example_branch_labels.py
[2025-07-24T20:44:49.170+0000] {processor.py:840} INFO - DAG(s) 'example_branch_labels' retrieved from /home/airflow/.local/lib/python3.12/site-packages/airflow/example_dags/example_branch_labels.py
[2025-07-24T20:44:49.180+0000] {logging_mixin.py:188} INFO - [2025-07-24T20:44:49.180+0000] {dag.py:3096} INFO - Sync 1 DAGs
[2025-07-24T20:44:49.193+0000] {logging_mixin.py:188} INFO - [2025-07-24T20:44:49.193+0000] {dag.py:3954} INFO - Setting next_dagrun for example_branch_labels to 2025-07-23 00:00:00+00:00, run_after=2025-07-24 00:00:00+00:00
[2025-07-24T20:44:49.202+0000] {processor.py:183} INFO - Processing /home/airflow/.local/lib/python3.12/site-packages/airflow/example_dags/example_branch_labels.py took 0.041 seconds
[2025-07-24T20:45:19.220+0000] {processor.py:161} INFO - Started process (PID=301) to work on /home/airflow/.local/lib/python3.12/site-packages/airflow/example_dags/example_branch_labels.py
[2025-07-24T20:45:19.220+0000] {processor.py:830} INFO - Processing file /home/airflow/.local/lib/python3.12/site-packages/airflow/example_dags/example_branch_labels.py for tasks to queue
[2025-07-24T20:45:19.221+0000] {logging_mixin.py:188} INFO - [2025-07-24T20:45:19.221+0000] {dagbag.py:545} INFO - Filling up the DagBag from /home/airflow/.local/lib/python3.12/site-packages/airflow/example_dags/example_branch_labels.py
[2025-07-24T20:45:19.225+0000] {processor.py:840} INFO - DAG(s) 'example_branch_labels' retrieved from /home/airflow/.local/lib/python3.12/site-packages/airflow/example_dags/example_branch_labels.py
[2025-07-24T20:45:19.235+0000] {logging_mixin.py:188} INFO - [2025-07-24T20:45:19.235+0000] {dag.py:3096} INFO - Sync 1 DAGs
[2025-07-24T20:45:19.245+0000] {logging_mixin.py:188} INFO - [2025-07-24T20:45:19.245+0000] {dag.py:3954} INFO - Setting next_dagrun for example_branch_labels to 2025-07-23 00:00:00+00:00, run_after=2025-07-24 00:00:00+00:00
[2025-07-24T20:45:19.252+0000] {processor.py:183} INFO - Processing /home/airflow/.local/lib/python3.12/site-packages/airflow/example_dags/example_branch_labels.py took 0.035 seconds
[2025-07-24T20:45:49.780+0000] {processor.py:161} INFO - Started process (PID=359) to work on /home/airflow/.local/lib/python3.12/site-packages/airflow/example_dags/example_branch_labels.py
[2025-07-24T20:45:49.781+0000] {processor.py:830} INFO - Processing file /home/airflow/.local/lib/python3.12/site-packages/airflow/example_dags/example_branch_labels.py for tasks to queue
[2025-07-24T20:45:49.782+0000] {logging_mixin.py:188} INFO - [2025-07-24T20:45:49.781+0000] {dagbag.py:545} INFO - Filling up the DagBag from /home/airflow/.local/lib/python3.12/site-packages/airflow/example_dags/example_branch_labels.py
[2025-07-24T20:45:49.785+0000] {processor.py:840} INFO - DAG(s) 'example_branch_labels' retrieved from /home/airflow/.local/lib/python3.12/site-packages/airflow/example_dags/example_branch_labels.py
[2025-07-24T20:45:49.796+0000] {logging_mixin.py:188} INFO - [2025-07-24T20:45:49.796+0000] {dag.py:3096} INFO - Sync 1 DAGs
[2025-07-24T20:45:49.807+0000] {logging_mixin.py:188} INFO - [2025-07-24T20:45:49.807+0000] {dag.py:3954} INFO - Setting next_dagrun for example_branch_labels to 2025-07-23 00:00:00+00:00, run_after=2025-07-24 00:00:00+00:00
[2025-07-24T20:45:49.815+0000] {processor.py:183} INFO - Processing /home/airflow/.local/lib/python3.12/site-packages/airflow/example_dags/example_branch_labels.py took 0.037 seconds
[2025-07-24T20:46:20.518+0000] {processor.py:161} INFO - Started process (PID=423) to work on /home/airflow/.local/lib/python3.12/site-packages/airflow/example_dags/example_branch_labels.py
[2025-07-24T20:46:20.518+0000] {processor.py:830} INFO - Processing file /home/airflow/.local/lib/python3.12/site-packages/airflow/example_dags/example_branch_labels.py for tasks to queue
[2025-07-24T20:46:20.519+0000] {logging_mixin.py:188} INFO - [2025-07-24T20:46:20.519+0000] {dagbag.py:545} INFO - Filling up the DagBag from /home/airflow/.local/lib/python3.12/site-packages/airflow/example_dags/example_branch_labels.py
[2025-07-24T20:46:20.525+0000] {processor.py:840} INFO - DAG(s) 'example_branch_labels' retrieved from /home/airflow/.local/lib/python3.12/site-packages/airflow/example_dags/example_branch_labels.py
[2025-07-24T20:46:20.544+0000] {logging_mixin.py:188} INFO - [2025-07-24T20:46:20.543+0000] {dag.py:3096} INFO - Sync 1 DAGs
[2025-07-24T20:46:20.558+0000] {logging_mixin.py:188} INFO - [2025-07-24T20:46:20.558+0000] {dag.py:3954} INFO - Setting next_dagrun for example_branch_labels to 2025-07-23 00:00:00+00:00, run_after=2025-07-24 00:00:00+00:00
[2025-07-24T20:46:20.567+0000] {processor.py:183} INFO - Processing /home/airflow/.local/lib/python3.12/site-packages/airflow/example_dags/example_branch_labels.py took 0.054 seconds
[2025-07-24T20:46:51.155+0000] {processor.py:161} INFO - Started process (PID=481) to work on /home/airflow/.local/lib/python3.12/site-packages/airflow/example_dags/example_branch_labels.py
[2025-07-24T20:46:51.155+0000] {processor.py:830} INFO - Processing file /home/airflow/.local/lib/python3.12/site-packages/airflow/example_dags/example_branch_labels.py for tasks to queue
[2025-07-24T20:46:51.156+0000] {logging_mixin.py:188} INFO - [2025-07-24T20:46:51.156+0000] {dagbag.py:545} INFO - Filling up the DagBag from /home/airflow/.local/lib/python3.12/site-packages/airflow/example_dags/example_branch_labels.py
[2025-07-24T20:46:51.160+0000] {processor.py:840} INFO - DAG(s) 'example_branch_labels' retrieved from /home/airflow/.local/lib/python3.12/site-packages/airflow/example_dags/example_branch_labels.py
[2025-07-24T20:46:51.171+0000] {logging_mixin.py:188} INFO - [2025-07-24T20:46:51.171+0000] {dag.py:3096} INFO - Sync 1 DAGs
[2025-07-24T20:46:51.182+0000] {logging_mixin.py:188} INFO - [2025-07-24T20:46:51.182+0000] {dag.py:3954} INFO - Setting next_dagrun for example_branch_labels to 2025-07-23 00:00:00+00:00, run_after=2025-07-24 00:00:00+00:00
[2025-07-24T20:46:51.191+0000] {processor.py:183} INFO - Processing /home/airflow/.local/lib/python3.12/site-packages/airflow/example_dags/example_branch_labels.py took 0.039 seconds
[2025-07-24T20:47:21.834+0000] {processor.py:161} INFO - Started process (PID=539) to work on /home/airflow/.local/lib/python3.12/site-packages/airflow/example_dags/example_branch_labels.py
[2025-07-24T20:47:21.835+0000] {processor.py:830} INFO - Processing file /home/airflow/.local/lib/python3.12/site-packages/airflow/example_dags/example_branch_labels.py for tasks to queue
[2025-07-24T20:47:21.836+0000] {logging_mixin.py:188} INFO - [2025-07-24T20:47:21.836+0000] {dagbag.py:545} INFO - Filling up the DagBag from /home/airflow/.local/lib/python3.12/site-packages/airflow/example_dags/example_branch_labels.py
[2025-07-24T20:47:21.840+0000] {processor.py:840} INFO - DAG(s) 'example_branch_labels' retrieved from /home/airflow/.local/lib/python3.12/site-packages/airflow/example_dags/example_branch_labels.py
[2025-07-24T20:47:21.851+0000] {logging_mixin.py:188} INFO - [2025-07-24T20:47:21.851+0000] {dag.py:3096} INFO - Sync 1 DAGs
[2025-07-24T20:47:21.861+0000] {logging_mixin.py:188} INFO - [2025-07-24T20:47:21.861+0000] {dag.py:3954} INFO - Setting next_dagrun for example_branch_labels to 2025-07-23 00:00:00+00:00, run_after=2025-07-24 00:00:00+00:00
[2025-07-24T20:47:21.869+0000] {processor.py:183} INFO - Processing /home/airflow/.local/lib/python3.12/site-packages/airflow/example_dags/example_branch_labels.py took 0.038 seconds
[2025-07-24T20:47:52.605+0000] {processor.py:161} INFO - Started process (PID=597) to work on /home/airflow/.local/lib/python3.12/site-packages/airflow/example_dags/example_branch_labels.py
[2025-07-24T20:47:52.606+0000] {processor.py:830} INFO - Processing file /home/airflow/.local/lib/python3.12/site-packages/airflow/example_dags/example_branch_labels.py for tasks to queue
[2025-07-24T20:47:52.607+0000] {logging_mixin.py:188} INFO - [2025-07-24T20:47:52.607+0000] {dagbag.py:545} INFO - Filling up the DagBag from /home/airflow/.local/lib/python3.12/site-packages/airflow/example_dags/example_branch_labels.py
[2025-07-24T20:47:52.612+0000] {processor.py:840} INFO - DAG(s) 'example_branch_labels' retrieved from /home/airflow/.local/lib/python3.12/site-packages/airflow/example_dags/example_branch_labels.py
[2025-07-24T20:47:52.627+0000] {logging_mixin.py:188} INFO - [2025-07-24T20:47:52.626+0000] {dag.py:3096} INFO - Sync 1 DAGs
[2025-07-24T20:47:52.641+0000] {logging_mixin.py:188} INFO - [2025-07-24T20:47:52.641+0000] {dag.py:3954} INFO - Setting next_dagrun for example_branch_labels to 2025-07-23 00:00:00+00:00, run_after=2025-07-24 00:00:00+00:00
[2025-07-24T20:47:52.653+0000] {processor.py:183} INFO - Processing /home/airflow/.local/lib/python3.12/site-packages/airflow/example_dags/example_branch_labels.py took 0.052 seconds
[2025-07-24T20:48:23.180+0000] {processor.py:161} INFO - Started process (PID=655) to work on /home/airflow/.local/lib/python3.12/site-packages/airflow/example_dags/example_branch_labels.py
[2025-07-24T20:48:23.181+0000] {processor.py:830} INFO - Processing file /home/airflow/.local/lib/python3.12/site-packages/airflow/example_dags/example_branch_labels.py for tasks to queue
[2025-07-24T20:48:23.182+0000] {logging_mixin.py:188} INFO - [2025-07-24T20:48:23.181+0000] {dagbag.py:545} INFO - Filling up the DagBag from /home/airflow/.local/lib/python3.12/site-packages/airflow/example_dags/example_branch_labels.py
[2025-07-24T20:48:23.185+0000] {processor.py:840} INFO - DAG(s) 'example_branch_labels' retrieved from /home/airflow/.local/lib/python3.12/site-packages/airflow/example_dags/example_branch_labels.py
[2025-07-24T20:48:23.195+0000] {logging_mixin.py:188} INFO - [2025-07-24T20:48:23.195+0000] {dag.py:3096} INFO - Sync 1 DAGs
[2025-07-24T20:48:23.206+0000] {logging_mixin.py:188} INFO - [2025-07-24T20:48:23.205+0000] {dag.py:3954} INFO - Setting next_dagrun for example_branch_labels to 2025-07-23 00:00:00+00:00, run_after=2025-07-24 00:00:00+00:00
[2025-07-24T20:48:23.215+0000] {processor.py:183} INFO - Processing /home/airflow/.local/lib/python3.12/site-packages/airflow/example_dags/example_branch_labels.py took 0.038 seconds
[2025-07-24T20:48:53.824+0000] {processor.py:161} INFO - Started process (PID=713) to work on /home/airflow/.local/lib/python3.12/site-packages/airflow/example_dags/example_branch_labels.py
[2025-07-24T20:48:53.824+0000] {processor.py:830} INFO - Processing file /home/airflow/.local/lib/python3.12/site-packages/airflow/example_dags/example_branch_labels.py for tasks to queue
[2025-07-24T20:48:53.825+0000] {logging_mixin.py:188} INFO - [2025-07-24T20:48:53.825+0000] {dagbag.py:545} INFO - Filling up the DagBag from /home/airflow/.local/lib/python3.12/site-packages/airflow/example_dags/example_branch_labels.py
[2025-07-24T20:48:53.829+0000] {processor.py:840} INFO - DAG(s) 'example_branch_labels' retrieved from /home/airflow/.local/lib/python3.12/site-packages/airflow/example_dags/example_branch_labels.py
[2025-07-24T20:48:53.839+0000] {logging_mixin.py:188} INFO - [2025-07-24T20:48:53.839+0000] {dag.py:3096} INFO - Sync 1 DAGs
[2025-07-24T20:48:53.850+0000] {logging_mixin.py:188} INFO - [2025-07-24T20:48:53.850+0000] {dag.py:3954} INFO - Setting next_dagrun for example_branch_labels to 2025-07-23 00:00:00+00:00, run_after=2025-07-24 00:00:00+00:00
[2025-07-24T20:48:53.858+0000] {processor.py:183} INFO - Processing /home/airflow/.local/lib/python3.12/site-packages/airflow/example_dags/example_branch_labels.py took 0.037 seconds
[2025-07-24T20:49:24.453+0000] {processor.py:161} INFO - Started process (PID=771) to work on /home/airflow/.local/lib/python3.12/site-packages/airflow/example_dags/example_branch_labels.py
[2025-07-24T20:49:24.454+0000] {processor.py:830} INFO - Processing file /home/airflow/.local/lib/python3.12/site-packages/airflow/example_dags/example_branch_labels.py for tasks to queue
[2025-07-24T20:49:24.455+0000] {logging_mixin.py:188} INFO - [2025-07-24T20:49:24.455+0000] {dagbag.py:545} INFO - Filling up the DagBag from /home/airflow/.local/lib/python3.12/site-packages/airflow/example_dags/example_branch_labels.py
[2025-07-24T20:49:24.459+0000] {processor.py:840} INFO - DAG(s) 'example_branch_labels' retrieved from /home/airflow/.local/lib/python3.12/site-packages/airflow/example_dags/example_branch_labels.py
[2025-07-24T20:49:24.471+0000] {logging_mixin.py:188} INFO - [2025-07-24T20:49:24.471+0000] {dag.py:3096} INFO - Sync 1 DAGs
[2025-07-24T20:49:24.483+0000] {logging_mixin.py:188} INFO - [2025-07-24T20:49:24.482+0000] {dag.py:3954} INFO - Setting next_dagrun for example_branch_labels to 2025-07-23 00:00:00+00:00, run_after=2025-07-24 00:00:00+00:00
[2025-07-24T20:49:24.491+0000] {processor.py:183} INFO - Processing /home/airflow/.local/lib/python3.12/site-packages/airflow/example_dags/example_branch_labels.py took 0.041 seconds
[2025-07-24T20:49:55.042+0000] {processor.py:161} INFO - Started process (PID=829) to work on /home/airflow/.local/lib/python3.12/site-packages/airflow/example_dags/example_branch_labels.py
[2025-07-24T20:49:55.043+0000] {processor.py:830} INFO - Processing file /home/airflow/.local/lib/python3.12/site-packages/airflow/example_dags/example_branch_labels.py for tasks to queue
[2025-07-24T20:49:55.044+0000] {logging_mixin.py:188} INFO - [2025-07-24T20:49:55.044+0000] {dagbag.py:545} INFO - Filling up the DagBag from /home/airflow/.local/lib/python3.12/site-packages/airflow/example_dags/example_branch_labels.py
[2025-07-24T20:49:55.048+0000] {processor.py:840} INFO - DAG(s) 'example_branch_labels' retrieved from /home/airflow/.local/lib/python3.12/site-packages/airflow/example_dags/example_branch_labels.py
[2025-07-24T20:49:55.060+0000] {logging_mixin.py:188} INFO - [2025-07-24T20:49:55.059+0000] {dag.py:3096} INFO - Sync 1 DAGs
[2025-07-24T20:49:55.071+0000] {logging_mixin.py:188} INFO - [2025-07-24T20:49:55.071+0000] {dag.py:3954} INFO - Setting next_dagrun for example_branch_labels to 2025-07-23 00:00:00+00:00, run_after=2025-07-24 00:00:00+00:00
[2025-07-24T20:49:55.080+0000] {processor.py:183} INFO - Processing /home/airflow/.local/lib/python3.12/site-packages/airflow/example_dags/example_branch_labels.py took 0.041 seconds
[2025-07-24T20:50:25.856+0000] {processor.py:161} INFO - Started process (PID=887) to work on /home/airflow/.local/lib/python3.12/site-packages/airflow/example_dags/example_branch_labels.py
[2025-07-24T20:50:25.857+0000] {processor.py:830} INFO - Processing file /home/airflow/.local/lib/python3.12/site-packages/airflow/example_dags/example_branch_labels.py for tasks to queue
[2025-07-24T20:50:25.858+0000] {logging_mixin.py:188} INFO - [2025-07-24T20:50:25.858+0000] {dagbag.py:545} INFO - Filling up the DagBag from /home/airflow/.local/lib/python3.12/site-packages/airflow/example_dags/example_branch_labels.py
[2025-07-24T20:50:25.862+0000] {processor.py:840} INFO - DAG(s) 'example_branch_labels' retrieved from /home/airflow/.local/lib/python3.12/site-packages/airflow/example_dags/example_branch_labels.py
[2025-07-24T20:50:25.873+0000] {logging_mixin.py:188} INFO - [2025-07-24T20:50:25.872+0000] {dag.py:3096} INFO - Sync 1 DAGs
[2025-07-24T20:50:25.883+0000] {logging_mixin.py:188} INFO - [2025-07-24T20:50:25.883+0000] {dag.py:3954} INFO - Setting next_dagrun for example_branch_labels to 2025-07-23 00:00:00+00:00, run_after=2025-07-24 00:00:00+00:00
[2025-07-24T20:50:25.891+0000] {processor.py:183} INFO - Processing /home/airflow/.local/lib/python3.12/site-packages/airflow/example_dags/example_branch_labels.py took 0.039 seconds
[2025-07-24T20:50:55.917+0000] {processor.py:161} INFO - Started process (PID=945) to work on /home/airflow/.local/lib/python3.12/site-packages/airflow/example_dags/example_branch_labels.py
[2025-07-24T20:50:55.918+0000] {processor.py:830} INFO - Processing file /home/airflow/.local/lib/python3.12/site-packages/airflow/example_dags/example_branch_labels.py for tasks to queue
[2025-07-24T20:50:55.918+0000] {logging_mixin.py:188} INFO - [2025-07-24T20:50:55.918+0000] {dagbag.py:545} INFO - Filling up the DagBag from /home/airflow/.local/lib/python3.12/site-packages/airflow/example_dags/example_branch_labels.py
[2025-07-24T20:50:55.922+0000] {processor.py:840} INFO - DAG(s) 'example_branch_labels' retrieved from /home/airflow/.local/lib/python3.12/site-packages/airflow/example_dags/example_branch_labels.py
[2025-07-24T20:50:55.933+0000] {logging_mixin.py:188} INFO - [2025-07-24T20:50:55.933+0000] {dag.py:3096} INFO - Sync 1 DAGs
[2025-07-24T20:50:55.945+0000] {logging_mixin.py:188} INFO - [2025-07-24T20:50:55.945+0000] {dag.py:3954} INFO - Setting next_dagrun for example_branch_labels to 2025-07-23 00:00:00+00:00, run_after=2025-07-24 00:00:00+00:00
[2025-07-24T20:50:55.954+0000] {processor.py:183} INFO - Processing /home/airflow/.local/lib/python3.12/site-packages/airflow/example_dags/example_branch_labels.py took 0.039 seconds
[2025-07-24T20:51:26.694+0000] {processor.py:161} INFO - Started process (PID=1003) to work on /home/airflow/.local/lib/python3.12/site-packages/airflow/example_dags/example_branch_labels.py
[2025-07-24T20:51:26.695+0000] {processor.py:830} INFO - Processing file /home/airflow/.local/lib/python3.12/site-packages/airflow/example_dags/example_branch_labels.py for tasks to queue
[2025-07-24T20:51:26.696+0000] {logging_mixin.py:188} INFO - [2025-07-24T20:51:26.696+0000] {dagbag.py:545} INFO - Filling up the DagBag from /home/airflow/.local/lib/python3.12/site-packages/airflow/example_dags/example_branch_labels.py
[2025-07-24T20:51:26.700+0000] {processor.py:840} INFO - DAG(s) 'example_branch_labels' retrieved from /home/airflow/.local/lib/python3.12/site-packages/airflow/example_dags/example_branch_labels.py
[2025-07-24T20:51:26.711+0000] {logging_mixin.py:188} INFO - [2025-07-24T20:51:26.711+0000] {dag.py:3096} INFO - Sync 1 DAGs
[2025-07-24T20:51:26.722+0000] {logging_mixin.py:188} INFO - [2025-07-24T20:51:26.722+0000] {dag.py:3954} INFO - Setting next_dagrun for example_branch_labels to 2025-07-23 00:00:00+00:00, run_after=2025-07-24 00:00:00+00:00
[2025-07-24T20:51:26.731+0000] {processor.py:183} INFO - Processing /home/airflow/.local/lib/python3.12/site-packages/airflow/example_dags/example_branch_labels.py took 0.040 seconds
[2025-07-24T20:51:57.381+0000] {processor.py:161} INFO - Started process (PID=1061) to work on /home/airflow/.local/lib/python3.12/site-packages/airflow/example_dags/example_branch_labels.py
[2025-07-24T20:51:57.382+0000] {processor.py:830} INFO - Processing file /home/airflow/.local/lib/python3.12/site-packages/airflow/example_dags/example_branch_labels.py for tasks to queue
[2025-07-24T20:51:57.383+0000] {logging_mixin.py:188} INFO - [2025-07-24T20:51:57.383+0000] {dagbag.py:545} INFO - Filling up the DagBag from /home/airflow/.local/lib/python3.12/site-packages/airflow/example_dags/example_branch_labels.py
[2025-07-24T20:51:57.387+0000] {processor.py:840} INFO - DAG(s) 'example_branch_labels' retrieved from /home/airflow/.local/lib/python3.12/site-packages/airflow/example_dags/example_branch_labels.py
[2025-07-24T20:51:57.398+0000] {logging_mixin.py:188} INFO - [2025-07-24T20:51:57.398+0000] {dag.py:3096} INFO - Sync 1 DAGs
[2025-07-24T20:51:57.409+0000] {logging_mixin.py:188} INFO - [2025-07-24T20:51:57.409+0000] {dag.py:3954} INFO - Setting next_dagrun for example_branch_labels to 2025-07-23 00:00:00+00:00, run_after=2025-07-24 00:00:00+00:00
[2025-07-24T20:51:57.417+0000] {processor.py:183} INFO - Processing /home/airflow/.local/lib/python3.12/site-packages/airflow/example_dags/example_branch_labels.py took 0.039 seconds
[2025-07-24T20:52:28.121+0000] {processor.py:161} INFO - Started process (PID=1119) to work on /home/airflow/.local/lib/python3.12/site-packages/airflow/example_dags/example_branch_labels.py
[2025-07-24T20:52:28.121+0000] {processor.py:830} INFO - Processing file /home/airflow/.local/lib/python3.12/site-packages/airflow/example_dags/example_branch_labels.py for tasks to queue
[2025-07-24T20:52:28.122+0000] {logging_mixin.py:188} INFO - [2025-07-24T20:52:28.122+0000] {dagbag.py:545} INFO - Filling up the DagBag from /home/airflow/.local/lib/python3.12/site-packages/airflow/example_dags/example_branch_labels.py
[2025-07-24T20:52:28.126+0000] {processor.py:840} INFO - DAG(s) 'example_branch_labels' retrieved from /home/airflow/.local/lib/python3.12/site-packages/airflow/example_dags/example_branch_labels.py
[2025-07-24T20:52:28.139+0000] {logging_mixin.py:188} INFO - [2025-07-24T20:52:28.139+0000] {dag.py:3096} INFO - Sync 1 DAGs
[2025-07-24T20:52:28.150+0000] {logging_mixin.py:188} INFO - [2025-07-24T20:52:28.149+0000] {dag.py:3954} INFO - Setting next_dagrun for example_branch_labels to 2025-07-23 00:00:00+00:00, run_after=2025-07-24 00:00:00+00:00
[2025-07-24T20:52:28.158+0000] {processor.py:183} INFO - Processing /home/airflow/.local/lib/python3.12/site-packages/airflow/example_dags/example_branch_labels.py took 0.042 seconds
[2025-07-24T20:52:58.914+0000] {processor.py:161} INFO - Started process (PID=1177) to work on /home/airflow/.local/lib/python3.12/site-packages/airflow/example_dags/example_branch_labels.py
[2025-07-24T20:52:58.914+0000] {processor.py:830} INFO - Processing file /home/airflow/.local/lib/python3.12/site-packages/airflow/example_dags/example_branch_labels.py for tasks to queue
[2025-07-24T20:52:58.915+0000] {logging_mixin.py:188} INFO - [2025-07-24T20:52:58.915+0000] {dagbag.py:545} INFO - Filling up the DagBag from /home/airflow/.local/lib/python3.12/site-packages/airflow/example_dags/example_branch_labels.py
[2025-07-24T20:52:58.918+0000] {processor.py:840} INFO - DAG(s) 'example_branch_labels' retrieved from /home/airflow/.local/lib/python3.12/site-packages/airflow/example_dags/example_branch_labels.py
[2025-07-24T20:52:58.929+0000] {logging_mixin.py:188} INFO - [2025-07-24T20:52:58.929+0000] {dag.py:3096} INFO - Sync 1 DAGs
[2025-07-24T20:52:58.939+0000] {logging_mixin.py:188} INFO - [2025-07-24T20:52:58.939+0000] {dag.py:3954} INFO - Setting next_dagrun for example_branch_labels to 2025-07-23 00:00:00+00:00, run_after=2025-07-24 00:00:00+00:00
[2025-07-24T20:52:58.947+0000] {processor.py:183} INFO - Processing /home/airflow/.local/lib/python3.12/site-packages/airflow/example_dags/example_branch_labels.py took 0.036 seconds
[2025-07-24T20:53:29.106+0000] {processor.py:161} INFO - Started process (PID=1235) to work on /home/airflow/.local/lib/python3.12/site-packages/airflow/example_dags/example_branch_labels.py
[2025-07-24T20:53:29.107+0000] {processor.py:830} INFO - Processing file /home/airflow/.local/lib/python3.12/site-packages/airflow/example_dags/example_branch_labels.py for tasks to queue
[2025-07-24T20:53:29.108+0000] {logging_mixin.py:188} INFO - [2025-07-24T20:53:29.108+0000] {dagbag.py:545} INFO - Filling up the DagBag from /home/airflow/.local/lib/python3.12/site-packages/airflow/example_dags/example_branch_labels.py
[2025-07-24T20:53:29.112+0000] {processor.py:840} INFO - DAG(s) 'example_branch_labels' retrieved from /home/airflow/.local/lib/python3.12/site-packages/airflow/example_dags/example_branch_labels.py
[2025-07-24T20:53:29.123+0000] {logging_mixin.py:188} INFO - [2025-07-24T20:53:29.123+0000] {dag.py:3096} INFO - Sync 1 DAGs
[2025-07-24T20:53:29.133+0000] {logging_mixin.py:188} INFO - [2025-07-24T20:53:29.133+0000] {dag.py:3954} INFO - Setting next_dagrun for example_branch_labels to 2025-07-23 00:00:00+00:00, run_after=2025-07-24 00:00:00+00:00
[2025-07-24T20:53:29.141+0000] {processor.py:183} INFO - Processing /home/airflow/.local/lib/python3.12/site-packages/airflow/example_dags/example_branch_labels.py took 0.038 seconds
[2025-07-24T20:53:59.170+0000] {processor.py:161} INFO - Started process (PID=1293) to work on /home/airflow/.local/lib/python3.12/site-packages/airflow/example_dags/example_branch_labels.py
[2025-07-24T20:53:59.170+0000] {processor.py:830} INFO - Processing file /home/airflow/.local/lib/python3.12/site-packages/airflow/example_dags/example_branch_labels.py for tasks to queue
[2025-07-24T20:53:59.171+0000] {logging_mixin.py:188} INFO - [2025-07-24T20:53:59.171+0000] {dagbag.py:545} INFO - Filling up the DagBag from /home/airflow/.local/lib/python3.12/site-packages/airflow/example_dags/example_branch_labels.py
[2025-07-24T20:53:59.175+0000] {processor.py:840} INFO - DAG(s) 'example_branch_labels' retrieved from /home/airflow/.local/lib/python3.12/site-packages/airflow/example_dags/example_branch_labels.py
[2025-07-24T20:53:59.185+0000] {logging_mixin.py:188} INFO - [2025-07-24T20:53:59.185+0000] {dag.py:3096} INFO - Sync 1 DAGs
[2025-07-24T20:53:59.195+0000] {logging_mixin.py:188} INFO - [2025-07-24T20:53:59.195+0000] {dag.py:3954} INFO - Setting next_dagrun for example_branch_labels to 2025-07-23 00:00:00+00:00, run_after=2025-07-24 00:00:00+00:00
[2025-07-24T20:53:59.203+0000] {processor.py:183} INFO - Processing /home/airflow/.local/lib/python3.12/site-packages/airflow/example_dags/example_branch_labels.py took 0.037 seconds
[2025-07-24T20:54:29.284+0000] {processor.py:161} INFO - Started process (PID=1351) to work on /home/airflow/.local/lib/python3.12/site-packages/airflow/example_dags/example_branch_labels.py
[2025-07-24T20:54:29.285+0000] {processor.py:830} INFO - Processing file /home/airflow/.local/lib/python3.12/site-packages/airflow/example_dags/example_branch_labels.py for tasks to queue
[2025-07-24T20:54:29.286+0000] {logging_mixin.py:188} INFO - [2025-07-24T20:54:29.285+0000] {dagbag.py:545} INFO - Filling up the DagBag from /home/airflow/.local/lib/python3.12/site-packages/airflow/example_dags/example_branch_labels.py
[2025-07-24T20:54:29.289+0000] {processor.py:840} INFO - DAG(s) 'example_branch_labels' retrieved from /home/airflow/.local/lib/python3.12/site-packages/airflow/example_dags/example_branch_labels.py
[2025-07-24T20:54:29.301+0000] {logging_mixin.py:188} INFO - [2025-07-24T20:54:29.301+0000] {dag.py:3096} INFO - Sync 1 DAGs
[2025-07-24T20:54:29.311+0000] {logging_mixin.py:188} INFO - [2025-07-24T20:54:29.311+0000] {dag.py:3954} INFO - Setting next_dagrun for example_branch_labels to 2025-07-23 00:00:00+00:00, run_after=2025-07-24 00:00:00+00:00
[2025-07-24T20:54:29.319+0000] {processor.py:183} INFO - Processing /home/airflow/.local/lib/python3.12/site-packages/airflow/example_dags/example_branch_labels.py took 0.038 seconds
[2025-07-24T20:55:00.179+0000] {processor.py:161} INFO - Started process (PID=1409) to work on /home/airflow/.local/lib/python3.12/site-packages/airflow/example_dags/example_branch_labels.py
[2025-07-24T20:55:00.180+0000] {processor.py:830} INFO - Processing file /home/airflow/.local/lib/python3.12/site-packages/airflow/example_dags/example_branch_labels.py for tasks to queue
[2025-07-24T20:55:00.181+0000] {logging_mixin.py:188} INFO - [2025-07-24T20:55:00.181+0000] {dagbag.py:545} INFO - Filling up the DagBag from /home/airflow/.local/lib/python3.12/site-packages/airflow/example_dags/example_branch_labels.py
[2025-07-24T20:55:00.185+0000] {processor.py:840} INFO - DAG(s) 'example_branch_labels' retrieved from /home/airflow/.local/lib/python3.12/site-packages/airflow/example_dags/example_branch_labels.py
[2025-07-24T20:55:00.196+0000] {logging_mixin.py:188} INFO - [2025-07-24T20:55:00.196+0000] {dag.py:3096} INFO - Sync 1 DAGs
[2025-07-24T20:55:00.206+0000] {logging_mixin.py:188} INFO - [2025-07-24T20:55:00.206+0000] {dag.py:3954} INFO - Setting next_dagrun for example_branch_labels to 2025-07-23 00:00:00+00:00, run_after=2025-07-24 00:00:00+00:00
[2025-07-24T20:55:00.214+0000] {processor.py:183} INFO - Processing /home/airflow/.local/lib/python3.12/site-packages/airflow/example_dags/example_branch_labels.py took 0.039 seconds
[2025-07-24T20:55:30.968+0000] {processor.py:161} INFO - Started process (PID=1467) to work on /home/airflow/.local/lib/python3.12/site-packages/airflow/example_dags/example_branch_labels.py
[2025-07-24T20:55:30.968+0000] {processor.py:830} INFO - Processing file /home/airflow/.local/lib/python3.12/site-packages/airflow/example_dags/example_branch_labels.py for tasks to queue
[2025-07-24T20:55:30.969+0000] {logging_mixin.py:188} INFO - [2025-07-24T20:55:30.969+0000] {dagbag.py:545} INFO - Filling up the DagBag from /home/airflow/.local/lib/python3.12/site-packages/airflow/example_dags/example_branch_labels.py
[2025-07-24T20:55:30.973+0000] {processor.py:840} INFO - DAG(s) 'example_branch_labels' retrieved from /home/airflow/.local/lib/python3.12/site-packages/airflow/example_dags/example_branch_labels.py
[2025-07-24T20:55:30.984+0000] {logging_mixin.py:188} INFO - [2025-07-24T20:55:30.984+0000] {dag.py:3096} INFO - Sync 1 DAGs
[2025-07-24T20:55:30.995+0000] {logging_mixin.py:188} INFO - [2025-07-24T20:55:30.995+0000] {dag.py:3954} INFO - Setting next_dagrun for example_branch_labels to 2025-07-23 00:00:00+00:00, run_after=2025-07-24 00:00:00+00:00
[2025-07-24T20:55:31.003+0000] {processor.py:183} INFO - Processing /home/airflow/.local/lib/python3.12/site-packages/airflow/example_dags/example_branch_labels.py took 0.038 seconds
