[2025-07-24T20:31:48.493+0000] {processor.py:161} INFO - Started process (PID=65) to work on /home/airflow/.local/lib/python3.12/site-packages/airflow/example_dags/example_sla_dag.py
[2025-07-24T20:31:48.494+0000] {processor.py:830} INFO - Processing file /home/airflow/.local/lib/python3.12/site-packages/airflow/example_dags/example_sla_dag.py for tasks to queue
[2025-07-24T20:31:48.495+0000] {logging_mixin.py:188} INFO - [2025-07-24T20:31:48.495+0000] {dagbag.py:545} INFO - Filling up the DagBag from /home/airflow/.local/lib/python3.12/site-packages/airflow/example_dags/example_sla_dag.py
[2025-07-24T20:31:48.501+0000] {processor.py:840} INFO - DAG(s) 'example_sla_dag' retrieved from /home/airflow/.local/lib/python3.12/site-packages/airflow/example_dags/example_sla_dag.py
[2025-07-24T20:31:48.508+0000] {logging_mixin.py:188} INFO - [2025-07-24T20:31:48.508+0000] {dag.py:3096} INFO - Sync 1 DAGs
[2025-07-24T20:31:48.524+0000] {logging_mixin.py:188} INFO - [2025-07-24T20:31:48.524+0000] {dag.py:3954} INFO - Setting next_dagrun for example_sla_dag to 2025-07-24 20:28:00+00:00, run_after=2025-07-24 20:30:00+00:00
[2025-07-24T20:31:48.535+0000] {processor.py:183} INFO - Processing /home/airflow/.local/lib/python3.12/site-packages/airflow/example_dags/example_sla_dag.py took 0.046 seconds
[2025-07-24T20:32:19.801+0000] {processor.py:161} INFO - Started process (PID=123) to work on /home/airflow/.local/lib/python3.12/site-packages/airflow/example_dags/example_sla_dag.py
[2025-07-24T20:32:19.801+0000] {processor.py:830} INFO - Processing file /home/airflow/.local/lib/python3.12/site-packages/airflow/example_dags/example_sla_dag.py for tasks to queue
[2025-07-24T20:32:19.802+0000] {logging_mixin.py:188} INFO - [2025-07-24T20:32:19.802+0000] {dagbag.py:545} INFO - Filling up the DagBag from /home/airflow/.local/lib/python3.12/site-packages/airflow/example_dags/example_sla_dag.py
[2025-07-24T20:32:19.807+0000] {processor.py:840} INFO - DAG(s) 'example_sla_dag' retrieved from /home/airflow/.local/lib/python3.12/site-packages/airflow/example_dags/example_sla_dag.py
[2025-07-24T20:32:19.861+0000] {logging_mixin.py:188} INFO - [2025-07-24T20:32:19.861+0000] {dag.py:3096} INFO - Sync 1 DAGs
[2025-07-24T20:32:19.871+0000] {logging_mixin.py:188} INFO - [2025-07-24T20:32:19.871+0000] {dag.py:3954} INFO - Setting next_dagrun for example_sla_dag to 2025-07-24 20:30:00+00:00, run_after=2025-07-24 20:32:00+00:00
[2025-07-24T20:32:19.879+0000] {processor.py:183} INFO - Processing /home/airflow/.local/lib/python3.12/site-packages/airflow/example_dags/example_sla_dag.py took 0.083 seconds
[2025-07-24T20:32:50.572+0000] {processor.py:161} INFO - Started process (PID=181) to work on /home/airflow/.local/lib/python3.12/site-packages/airflow/example_dags/example_sla_dag.py
[2025-07-24T20:32:50.572+0000] {processor.py:830} INFO - Processing file /home/airflow/.local/lib/python3.12/site-packages/airflow/example_dags/example_sla_dag.py for tasks to queue
[2025-07-24T20:32:50.573+0000] {logging_mixin.py:188} INFO - [2025-07-24T20:32:50.573+0000] {dagbag.py:545} INFO - Filling up the DagBag from /home/airflow/.local/lib/python3.12/site-packages/airflow/example_dags/example_sla_dag.py
[2025-07-24T20:32:50.578+0000] {processor.py:840} INFO - DAG(s) 'example_sla_dag' retrieved from /home/airflow/.local/lib/python3.12/site-packages/airflow/example_dags/example_sla_dag.py
[2025-07-24T20:32:50.592+0000] {logging_mixin.py:188} INFO - [2025-07-24T20:32:50.592+0000] {dag.py:3096} INFO - Sync 1 DAGs
[2025-07-24T20:32:50.605+0000] {logging_mixin.py:188} INFO - [2025-07-24T20:32:50.605+0000] {dag.py:3954} INFO - Setting next_dagrun for example_sla_dag to 2025-07-24 20:30:00+00:00, run_after=2025-07-24 20:32:00+00:00
[2025-07-24T20:32:50.614+0000] {processor.py:183} INFO - Processing /home/airflow/.local/lib/python3.12/site-packages/airflow/example_dags/example_sla_dag.py took 0.046 seconds
[2025-07-24T20:33:21.302+0000] {processor.py:161} INFO - Started process (PID=239) to work on /home/airflow/.local/lib/python3.12/site-packages/airflow/example_dags/example_sla_dag.py
[2025-07-24T20:33:21.303+0000] {processor.py:830} INFO - Processing file /home/airflow/.local/lib/python3.12/site-packages/airflow/example_dags/example_sla_dag.py for tasks to queue
[2025-07-24T20:33:21.304+0000] {logging_mixin.py:188} INFO - [2025-07-24T20:33:21.304+0000] {dagbag.py:545} INFO - Filling up the DagBag from /home/airflow/.local/lib/python3.12/site-packages/airflow/example_dags/example_sla_dag.py
[2025-07-24T20:33:21.308+0000] {processor.py:840} INFO - DAG(s) 'example_sla_dag' retrieved from /home/airflow/.local/lib/python3.12/site-packages/airflow/example_dags/example_sla_dag.py
[2025-07-24T20:33:21.319+0000] {logging_mixin.py:188} INFO - [2025-07-24T20:33:21.319+0000] {dag.py:3096} INFO - Sync 1 DAGs
[2025-07-24T20:33:21.334+0000] {logging_mixin.py:188} INFO - [2025-07-24T20:33:21.334+0000] {dag.py:3954} INFO - Setting next_dagrun for example_sla_dag to 2025-07-24 20:30:00+00:00, run_after=2025-07-24 20:32:00+00:00
[2025-07-24T20:33:21.343+0000] {processor.py:183} INFO - Processing /home/airflow/.local/lib/python3.12/site-packages/airflow/example_dags/example_sla_dag.py took 0.045 seconds
[2025-07-24T20:33:52.070+0000] {processor.py:161} INFO - Started process (PID=297) to work on /home/airflow/.local/lib/python3.12/site-packages/airflow/example_dags/example_sla_dag.py
[2025-07-24T20:33:52.071+0000] {processor.py:830} INFO - Processing file /home/airflow/.local/lib/python3.12/site-packages/airflow/example_dags/example_sla_dag.py for tasks to queue
[2025-07-24T20:33:52.072+0000] {logging_mixin.py:188} INFO - [2025-07-24T20:33:52.072+0000] {dagbag.py:545} INFO - Filling up the DagBag from /home/airflow/.local/lib/python3.12/site-packages/airflow/example_dags/example_sla_dag.py
[2025-07-24T20:33:52.077+0000] {processor.py:840} INFO - DAG(s) 'example_sla_dag' retrieved from /home/airflow/.local/lib/python3.12/site-packages/airflow/example_dags/example_sla_dag.py
[2025-07-24T20:33:52.090+0000] {logging_mixin.py:188} INFO - [2025-07-24T20:33:52.090+0000] {dag.py:3096} INFO - Sync 1 DAGs
[2025-07-24T20:33:52.105+0000] {logging_mixin.py:188} INFO - [2025-07-24T20:33:52.105+0000] {dag.py:3954} INFO - Setting next_dagrun for example_sla_dag to 2025-07-24 20:30:00+00:00, run_after=2025-07-24 20:32:00+00:00
[2025-07-24T20:33:52.115+0000] {processor.py:183} INFO - Processing /home/airflow/.local/lib/python3.12/site-packages/airflow/example_dags/example_sla_dag.py took 0.049 seconds
[2025-07-24T20:34:22.787+0000] {processor.py:161} INFO - Started process (PID=355) to work on /home/airflow/.local/lib/python3.12/site-packages/airflow/example_dags/example_sla_dag.py
[2025-07-24T20:34:22.787+0000] {processor.py:830} INFO - Processing file /home/airflow/.local/lib/python3.12/site-packages/airflow/example_dags/example_sla_dag.py for tasks to queue
[2025-07-24T20:34:22.789+0000] {logging_mixin.py:188} INFO - [2025-07-24T20:34:22.788+0000] {dagbag.py:545} INFO - Filling up the DagBag from /home/airflow/.local/lib/python3.12/site-packages/airflow/example_dags/example_sla_dag.py
[2025-07-24T20:34:22.795+0000] {processor.py:840} INFO - DAG(s) 'example_sla_dag' retrieved from /home/airflow/.local/lib/python3.12/site-packages/airflow/example_dags/example_sla_dag.py
[2025-07-24T20:34:22.806+0000] {logging_mixin.py:188} INFO - [2025-07-24T20:34:22.806+0000] {dag.py:3096} INFO - Sync 1 DAGs
[2025-07-24T20:34:22.820+0000] {logging_mixin.py:188} INFO - [2025-07-24T20:34:22.820+0000] {dag.py:3954} INFO - Setting next_dagrun for example_sla_dag to 2025-07-24 20:32:00+00:00, run_after=2025-07-24 20:34:00+00:00
[2025-07-24T20:34:22.831+0000] {processor.py:183} INFO - Processing /home/airflow/.local/lib/python3.12/site-packages/airflow/example_dags/example_sla_dag.py took 0.047 seconds
[2025-07-24T20:34:53.610+0000] {processor.py:161} INFO - Started process (PID=413) to work on /home/airflow/.local/lib/python3.12/site-packages/airflow/example_dags/example_sla_dag.py
[2025-07-24T20:34:53.611+0000] {processor.py:830} INFO - Processing file /home/airflow/.local/lib/python3.12/site-packages/airflow/example_dags/example_sla_dag.py for tasks to queue
[2025-07-24T20:34:53.612+0000] {logging_mixin.py:188} INFO - [2025-07-24T20:34:53.611+0000] {dagbag.py:545} INFO - Filling up the DagBag from /home/airflow/.local/lib/python3.12/site-packages/airflow/example_dags/example_sla_dag.py
[2025-07-24T20:34:53.616+0000] {processor.py:840} INFO - DAG(s) 'example_sla_dag' retrieved from /home/airflow/.local/lib/python3.12/site-packages/airflow/example_dags/example_sla_dag.py
[2025-07-24T20:34:53.628+0000] {logging_mixin.py:188} INFO - [2025-07-24T20:34:53.628+0000] {dag.py:3096} INFO - Sync 1 DAGs
[2025-07-24T20:34:53.642+0000] {logging_mixin.py:188} INFO - [2025-07-24T20:34:53.642+0000] {dag.py:3954} INFO - Setting next_dagrun for example_sla_dag to 2025-07-24 20:32:00+00:00, run_after=2025-07-24 20:34:00+00:00
[2025-07-24T20:34:53.652+0000] {processor.py:183} INFO - Processing /home/airflow/.local/lib/python3.12/site-packages/airflow/example_dags/example_sla_dag.py took 0.047 seconds
[2025-07-24T20:35:24.366+0000] {processor.py:161} INFO - Started process (PID=471) to work on /home/airflow/.local/lib/python3.12/site-packages/airflow/example_dags/example_sla_dag.py
[2025-07-24T20:35:24.367+0000] {processor.py:830} INFO - Processing file /home/airflow/.local/lib/python3.12/site-packages/airflow/example_dags/example_sla_dag.py for tasks to queue
[2025-07-24T20:35:24.368+0000] {logging_mixin.py:188} INFO - [2025-07-24T20:35:24.368+0000] {dagbag.py:545} INFO - Filling up the DagBag from /home/airflow/.local/lib/python3.12/site-packages/airflow/example_dags/example_sla_dag.py
[2025-07-24T20:35:24.373+0000] {processor.py:840} INFO - DAG(s) 'example_sla_dag' retrieved from /home/airflow/.local/lib/python3.12/site-packages/airflow/example_dags/example_sla_dag.py
[2025-07-24T20:35:24.383+0000] {logging_mixin.py:188} INFO - [2025-07-24T20:35:24.383+0000] {dag.py:3096} INFO - Sync 1 DAGs
[2025-07-24T20:35:24.397+0000] {logging_mixin.py:188} INFO - [2025-07-24T20:35:24.397+0000] {dag.py:3954} INFO - Setting next_dagrun for example_sla_dag to 2025-07-24 20:32:00+00:00, run_after=2025-07-24 20:34:00+00:00
[2025-07-24T20:35:24.407+0000] {processor.py:183} INFO - Processing /home/airflow/.local/lib/python3.12/site-packages/airflow/example_dags/example_sla_dag.py took 0.045 seconds
[2025-07-24T20:36:44.273+0000] {processor.py:161} INFO - Started process (PID=58) to work on /home/airflow/.local/lib/python3.12/site-packages/airflow/example_dags/example_sla_dag.py
[2025-07-24T20:36:44.273+0000] {processor.py:830} INFO - Processing file /home/airflow/.local/lib/python3.12/site-packages/airflow/example_dags/example_sla_dag.py for tasks to queue
[2025-07-24T20:36:44.274+0000] {logging_mixin.py:188} INFO - [2025-07-24T20:36:44.274+0000] {dagbag.py:545} INFO - Filling up the DagBag from /home/airflow/.local/lib/python3.12/site-packages/airflow/example_dags/example_sla_dag.py
[2025-07-24T20:36:44.278+0000] {processor.py:840} INFO - DAG(s) 'example_sla_dag' retrieved from /home/airflow/.local/lib/python3.12/site-packages/airflow/example_dags/example_sla_dag.py
[2025-07-24T20:36:44.284+0000] {logging_mixin.py:188} INFO - [2025-07-24T20:36:44.284+0000] {dag.py:3096} INFO - Sync 1 DAGs
[2025-07-24T20:36:44.298+0000] {logging_mixin.py:188} INFO - [2025-07-24T20:36:44.298+0000] {dag.py:3954} INFO - Setting next_dagrun for example_sla_dag to 2025-07-24 20:34:00+00:00, run_after=2025-07-24 20:36:00+00:00
[2025-07-24T20:36:44.306+0000] {processor.py:183} INFO - Processing /home/airflow/.local/lib/python3.12/site-packages/airflow/example_dags/example_sla_dag.py took 0.036 seconds
[2025-07-24T20:37:14.909+0000] {processor.py:161} INFO - Started process (PID=116) to work on /home/airflow/.local/lib/python3.12/site-packages/airflow/example_dags/example_sla_dag.py
[2025-07-24T20:37:14.910+0000] {processor.py:830} INFO - Processing file /home/airflow/.local/lib/python3.12/site-packages/airflow/example_dags/example_sla_dag.py for tasks to queue
[2025-07-24T20:37:14.911+0000] {logging_mixin.py:188} INFO - [2025-07-24T20:37:14.911+0000] {dagbag.py:545} INFO - Filling up the DagBag from /home/airflow/.local/lib/python3.12/site-packages/airflow/example_dags/example_sla_dag.py
[2025-07-24T20:37:14.915+0000] {processor.py:840} INFO - DAG(s) 'example_sla_dag' retrieved from /home/airflow/.local/lib/python3.12/site-packages/airflow/example_dags/example_sla_dag.py
[2025-07-24T20:37:14.923+0000] {logging_mixin.py:188} INFO - [2025-07-24T20:37:14.923+0000] {dag.py:3096} INFO - Sync 1 DAGs
[2025-07-24T20:37:14.937+0000] {logging_mixin.py:188} INFO - [2025-07-24T20:37:14.937+0000] {dag.py:3954} INFO - Setting next_dagrun for example_sla_dag to 2025-07-24 20:34:00+00:00, run_after=2025-07-24 20:36:00+00:00
[2025-07-24T20:37:14.946+0000] {processor.py:183} INFO - Processing /home/airflow/.local/lib/python3.12/site-packages/airflow/example_dags/example_sla_dag.py took 0.040 seconds
[2025-07-24T20:37:45.958+0000] {processor.py:161} INFO - Started process (PID=174) to work on /home/airflow/.local/lib/python3.12/site-packages/airflow/example_dags/example_sla_dag.py
[2025-07-24T20:37:45.959+0000] {processor.py:830} INFO - Processing file /home/airflow/.local/lib/python3.12/site-packages/airflow/example_dags/example_sla_dag.py for tasks to queue
[2025-07-24T20:37:45.959+0000] {logging_mixin.py:188} INFO - [2025-07-24T20:37:45.959+0000] {dagbag.py:545} INFO - Filling up the DagBag from /home/airflow/.local/lib/python3.12/site-packages/airflow/example_dags/example_sla_dag.py
[2025-07-24T20:37:45.964+0000] {processor.py:840} INFO - DAG(s) 'example_sla_dag' retrieved from /home/airflow/.local/lib/python3.12/site-packages/airflow/example_dags/example_sla_dag.py
[2025-07-24T20:37:46.020+0000] {logging_mixin.py:188} INFO - [2025-07-24T20:37:46.020+0000] {dag.py:3096} INFO - Sync 1 DAGs
[2025-07-24T20:37:46.031+0000] {logging_mixin.py:188} INFO - [2025-07-24T20:37:46.031+0000] {dag.py:3954} INFO - Setting next_dagrun for example_sla_dag to 2025-07-24 20:34:00+00:00, run_after=2025-07-24 20:36:00+00:00
[2025-07-24T20:37:46.041+0000] {processor.py:183} INFO - Processing /home/airflow/.local/lib/python3.12/site-packages/airflow/example_dags/example_sla_dag.py took 0.086 seconds
[2025-07-24T20:38:16.346+0000] {processor.py:161} INFO - Started process (PID=232) to work on /home/airflow/.local/lib/python3.12/site-packages/airflow/example_dags/example_sla_dag.py
[2025-07-24T20:38:16.346+0000] {processor.py:830} INFO - Processing file /home/airflow/.local/lib/python3.12/site-packages/airflow/example_dags/example_sla_dag.py for tasks to queue
[2025-07-24T20:38:16.348+0000] {logging_mixin.py:188} INFO - [2025-07-24T20:38:16.347+0000] {dagbag.py:545} INFO - Filling up the DagBag from /home/airflow/.local/lib/python3.12/site-packages/airflow/example_dags/example_sla_dag.py
[2025-07-24T20:38:16.353+0000] {processor.py:840} INFO - DAG(s) 'example_sla_dag' retrieved from /home/airflow/.local/lib/python3.12/site-packages/airflow/example_dags/example_sla_dag.py
[2025-07-24T20:38:16.364+0000] {logging_mixin.py:188} INFO - [2025-07-24T20:38:16.364+0000] {dag.py:3096} INFO - Sync 1 DAGs
[2025-07-24T20:38:16.378+0000] {logging_mixin.py:188} INFO - [2025-07-24T20:38:16.378+0000] {dag.py:3954} INFO - Setting next_dagrun for example_sla_dag to 2025-07-24 20:36:00+00:00, run_after=2025-07-24 20:38:00+00:00
[2025-07-24T20:38:16.389+0000] {processor.py:183} INFO - Processing /home/airflow/.local/lib/python3.12/site-packages/airflow/example_dags/example_sla_dag.py took 0.047 seconds
[2025-07-24T20:38:47.067+0000] {processor.py:161} INFO - Started process (PID=290) to work on /home/airflow/.local/lib/python3.12/site-packages/airflow/example_dags/example_sla_dag.py
[2025-07-24T20:38:47.067+0000] {processor.py:830} INFO - Processing file /home/airflow/.local/lib/python3.12/site-packages/airflow/example_dags/example_sla_dag.py for tasks to queue
[2025-07-24T20:38:47.068+0000] {logging_mixin.py:188} INFO - [2025-07-24T20:38:47.068+0000] {dagbag.py:545} INFO - Filling up the DagBag from /home/airflow/.local/lib/python3.12/site-packages/airflow/example_dags/example_sla_dag.py
[2025-07-24T20:38:47.073+0000] {processor.py:840} INFO - DAG(s) 'example_sla_dag' retrieved from /home/airflow/.local/lib/python3.12/site-packages/airflow/example_dags/example_sla_dag.py
[2025-07-24T20:38:47.084+0000] {logging_mixin.py:188} INFO - [2025-07-24T20:38:47.083+0000] {dag.py:3096} INFO - Sync 1 DAGs
[2025-07-24T20:38:47.096+0000] {logging_mixin.py:188} INFO - [2025-07-24T20:38:47.096+0000] {dag.py:3954} INFO - Setting next_dagrun for example_sla_dag to 2025-07-24 20:36:00+00:00, run_after=2025-07-24 20:38:00+00:00
[2025-07-24T20:38:47.105+0000] {processor.py:183} INFO - Processing /home/airflow/.local/lib/python3.12/site-packages/airflow/example_dags/example_sla_dag.py took 0.041 seconds
[2025-07-24T20:39:17.842+0000] {processor.py:161} INFO - Started process (PID=354) to work on /home/airflow/.local/lib/python3.12/site-packages/airflow/example_dags/example_sla_dag.py
[2025-07-24T20:39:17.843+0000] {processor.py:830} INFO - Processing file /home/airflow/.local/lib/python3.12/site-packages/airflow/example_dags/example_sla_dag.py for tasks to queue
[2025-07-24T20:39:17.844+0000] {logging_mixin.py:188} INFO - [2025-07-24T20:39:17.843+0000] {dagbag.py:545} INFO - Filling up the DagBag from /home/airflow/.local/lib/python3.12/site-packages/airflow/example_dags/example_sla_dag.py
[2025-07-24T20:39:17.849+0000] {processor.py:840} INFO - DAG(s) 'example_sla_dag' retrieved from /home/airflow/.local/lib/python3.12/site-packages/airflow/example_dags/example_sla_dag.py
[2025-07-24T20:39:17.860+0000] {logging_mixin.py:188} INFO - [2025-07-24T20:39:17.860+0000] {dag.py:3096} INFO - Sync 1 DAGs
[2025-07-24T20:39:17.874+0000] {logging_mixin.py:188} INFO - [2025-07-24T20:39:17.874+0000] {dag.py:3954} INFO - Setting next_dagrun for example_sla_dag to 2025-07-24 20:36:00+00:00, run_after=2025-07-24 20:38:00+00:00
[2025-07-24T20:39:17.884+0000] {processor.py:183} INFO - Processing /home/airflow/.local/lib/python3.12/site-packages/airflow/example_dags/example_sla_dag.py took 0.045 seconds
[2025-07-24T20:39:48.612+0000] {processor.py:161} INFO - Started process (PID=412) to work on /home/airflow/.local/lib/python3.12/site-packages/airflow/example_dags/example_sla_dag.py
[2025-07-24T20:39:48.612+0000] {processor.py:830} INFO - Processing file /home/airflow/.local/lib/python3.12/site-packages/airflow/example_dags/example_sla_dag.py for tasks to queue
[2025-07-24T20:39:48.613+0000] {logging_mixin.py:188} INFO - [2025-07-24T20:39:48.613+0000] {dagbag.py:545} INFO - Filling up the DagBag from /home/airflow/.local/lib/python3.12/site-packages/airflow/example_dags/example_sla_dag.py
[2025-07-24T20:39:48.618+0000] {processor.py:840} INFO - DAG(s) 'example_sla_dag' retrieved from /home/airflow/.local/lib/python3.12/site-packages/airflow/example_dags/example_sla_dag.py
[2025-07-24T20:39:48.628+0000] {logging_mixin.py:188} INFO - [2025-07-24T20:39:48.628+0000] {dag.py:3096} INFO - Sync 1 DAGs
[2025-07-24T20:39:48.640+0000] {logging_mixin.py:188} INFO - [2025-07-24T20:39:48.640+0000] {dag.py:3954} INFO - Setting next_dagrun for example_sla_dag to 2025-07-24 20:36:00+00:00, run_after=2025-07-24 20:38:00+00:00
[2025-07-24T20:39:48.648+0000] {processor.py:183} INFO - Processing /home/airflow/.local/lib/python3.12/site-packages/airflow/example_dags/example_sla_dag.py took 0.040 seconds
[2025-07-24T20:40:19.250+0000] {processor.py:161} INFO - Started process (PID=470) to work on /home/airflow/.local/lib/python3.12/site-packages/airflow/example_dags/example_sla_dag.py
[2025-07-24T20:40:19.251+0000] {processor.py:830} INFO - Processing file /home/airflow/.local/lib/python3.12/site-packages/airflow/example_dags/example_sla_dag.py for tasks to queue
[2025-07-24T20:40:19.252+0000] {logging_mixin.py:188} INFO - [2025-07-24T20:40:19.252+0000] {dagbag.py:545} INFO - Filling up the DagBag from /home/airflow/.local/lib/python3.12/site-packages/airflow/example_dags/example_sla_dag.py
[2025-07-24T20:40:19.257+0000] {processor.py:840} INFO - DAG(s) 'example_sla_dag' retrieved from /home/airflow/.local/lib/python3.12/site-packages/airflow/example_dags/example_sla_dag.py
[2025-07-24T20:40:19.267+0000] {logging_mixin.py:188} INFO - [2025-07-24T20:40:19.267+0000] {dag.py:3096} INFO - Sync 1 DAGs
[2025-07-24T20:40:19.280+0000] {logging_mixin.py:188} INFO - [2025-07-24T20:40:19.280+0000] {dag.py:3954} INFO - Setting next_dagrun for example_sla_dag to 2025-07-24 20:38:00+00:00, run_after=2025-07-24 20:40:00+00:00
[2025-07-24T20:40:19.290+0000] {processor.py:183} INFO - Processing /home/airflow/.local/lib/python3.12/site-packages/airflow/example_dags/example_sla_dag.py took 0.043 seconds
[2025-07-24T20:40:50.219+0000] {processor.py:161} INFO - Started process (PID=528) to work on /home/airflow/.local/lib/python3.12/site-packages/airflow/example_dags/example_sla_dag.py
[2025-07-24T20:40:50.220+0000] {processor.py:830} INFO - Processing file /home/airflow/.local/lib/python3.12/site-packages/airflow/example_dags/example_sla_dag.py for tasks to queue
[2025-07-24T20:40:50.221+0000] {logging_mixin.py:188} INFO - [2025-07-24T20:40:50.221+0000] {dagbag.py:545} INFO - Filling up the DagBag from /home/airflow/.local/lib/python3.12/site-packages/airflow/example_dags/example_sla_dag.py
[2025-07-24T20:40:50.225+0000] {processor.py:840} INFO - DAG(s) 'example_sla_dag' retrieved from /home/airflow/.local/lib/python3.12/site-packages/airflow/example_dags/example_sla_dag.py
[2025-07-24T20:40:50.236+0000] {logging_mixin.py:188} INFO - [2025-07-24T20:40:50.236+0000] {dag.py:3096} INFO - Sync 1 DAGs
[2025-07-24T20:40:50.248+0000] {logging_mixin.py:188} INFO - [2025-07-24T20:40:50.248+0000] {dag.py:3954} INFO - Setting next_dagrun for example_sla_dag to 2025-07-24 20:38:00+00:00, run_after=2025-07-24 20:40:00+00:00
[2025-07-24T20:40:50.258+0000] {processor.py:183} INFO - Processing /home/airflow/.local/lib/python3.12/site-packages/airflow/example_dags/example_sla_dag.py took 0.042 seconds
[2025-07-24T20:41:21.242+0000] {processor.py:161} INFO - Started process (PID=586) to work on /home/airflow/.local/lib/python3.12/site-packages/airflow/example_dags/example_sla_dag.py
[2025-07-24T20:41:21.243+0000] {processor.py:830} INFO - Processing file /home/airflow/.local/lib/python3.12/site-packages/airflow/example_dags/example_sla_dag.py for tasks to queue
[2025-07-24T20:41:21.244+0000] {logging_mixin.py:188} INFO - [2025-07-24T20:41:21.244+0000] {dagbag.py:545} INFO - Filling up the DagBag from /home/airflow/.local/lib/python3.12/site-packages/airflow/example_dags/example_sla_dag.py
[2025-07-24T20:41:21.249+0000] {processor.py:840} INFO - DAG(s) 'example_sla_dag' retrieved from /home/airflow/.local/lib/python3.12/site-packages/airflow/example_dags/example_sla_dag.py
[2025-07-24T20:41:21.260+0000] {logging_mixin.py:188} INFO - [2025-07-24T20:41:21.259+0000] {dag.py:3096} INFO - Sync 1 DAGs
[2025-07-24T20:41:21.274+0000] {logging_mixin.py:188} INFO - [2025-07-24T20:41:21.274+0000] {dag.py:3954} INFO - Setting next_dagrun for example_sla_dag to 2025-07-24 20:38:00+00:00, run_after=2025-07-24 20:40:00+00:00
[2025-07-24T20:41:21.283+0000] {processor.py:183} INFO - Processing /home/airflow/.local/lib/python3.12/site-packages/airflow/example_dags/example_sla_dag.py took 0.044 seconds
[2025-07-24T20:41:51.982+0000] {processor.py:161} INFO - Started process (PID=644) to work on /home/airflow/.local/lib/python3.12/site-packages/airflow/example_dags/example_sla_dag.py
[2025-07-24T20:41:51.982+0000] {processor.py:830} INFO - Processing file /home/airflow/.local/lib/python3.12/site-packages/airflow/example_dags/example_sla_dag.py for tasks to queue
[2025-07-24T20:41:51.983+0000] {logging_mixin.py:188} INFO - [2025-07-24T20:41:51.983+0000] {dagbag.py:545} INFO - Filling up the DagBag from /home/airflow/.local/lib/python3.12/site-packages/airflow/example_dags/example_sla_dag.py
[2025-07-24T20:41:51.988+0000] {processor.py:840} INFO - DAG(s) 'example_sla_dag' retrieved from /home/airflow/.local/lib/python3.12/site-packages/airflow/example_dags/example_sla_dag.py
[2025-07-24T20:41:51.999+0000] {logging_mixin.py:188} INFO - [2025-07-24T20:41:51.999+0000] {dag.py:3096} INFO - Sync 1 DAGs
[2025-07-24T20:41:52.010+0000] {logging_mixin.py:188} INFO - [2025-07-24T20:41:52.010+0000] {dag.py:3954} INFO - Setting next_dagrun for example_sla_dag to 2025-07-24 20:38:00+00:00, run_after=2025-07-24 20:40:00+00:00
[2025-07-24T20:41:52.018+0000] {processor.py:183} INFO - Processing /home/airflow/.local/lib/python3.12/site-packages/airflow/example_dags/example_sla_dag.py took 0.040 seconds
[2025-07-24T20:42:22.934+0000] {processor.py:161} INFO - Started process (PID=702) to work on /home/airflow/.local/lib/python3.12/site-packages/airflow/example_dags/example_sla_dag.py
[2025-07-24T20:42:22.935+0000] {processor.py:830} INFO - Processing file /home/airflow/.local/lib/python3.12/site-packages/airflow/example_dags/example_sla_dag.py for tasks to queue
[2025-07-24T20:42:22.936+0000] {logging_mixin.py:188} INFO - [2025-07-24T20:42:22.936+0000] {dagbag.py:545} INFO - Filling up the DagBag from /home/airflow/.local/lib/python3.12/site-packages/airflow/example_dags/example_sla_dag.py
[2025-07-24T20:42:22.941+0000] {processor.py:840} INFO - DAG(s) 'example_sla_dag' retrieved from /home/airflow/.local/lib/python3.12/site-packages/airflow/example_dags/example_sla_dag.py
[2025-07-24T20:42:22.951+0000] {logging_mixin.py:188} INFO - [2025-07-24T20:42:22.951+0000] {dag.py:3096} INFO - Sync 1 DAGs
[2025-07-24T20:42:22.963+0000] {logging_mixin.py:188} INFO - [2025-07-24T20:42:22.963+0000] {dag.py:3954} INFO - Setting next_dagrun for example_sla_dag to 2025-07-24 20:40:00+00:00, run_after=2025-07-24 20:42:00+00:00
[2025-07-24T20:42:22.971+0000] {processor.py:183} INFO - Processing /home/airflow/.local/lib/python3.12/site-packages/airflow/example_dags/example_sla_dag.py took 0.040 seconds
[2025-07-24T20:43:16.833+0000] {processor.py:161} INFO - Started process (PID=58) to work on /home/airflow/.local/lib/python3.12/site-packages/airflow/example_dags/example_sla_dag.py
[2025-07-24T20:43:16.834+0000] {processor.py:830} INFO - Processing file /home/airflow/.local/lib/python3.12/site-packages/airflow/example_dags/example_sla_dag.py for tasks to queue
[2025-07-24T20:43:16.834+0000] {logging_mixin.py:188} INFO - [2025-07-24T20:43:16.834+0000] {dagbag.py:545} INFO - Filling up the DagBag from /home/airflow/.local/lib/python3.12/site-packages/airflow/example_dags/example_sla_dag.py
[2025-07-24T20:43:16.840+0000] {processor.py:840} INFO - DAG(s) 'example_sla_dag' retrieved from /home/airflow/.local/lib/python3.12/site-packages/airflow/example_dags/example_sla_dag.py
[2025-07-24T20:43:16.847+0000] {logging_mixin.py:188} INFO - [2025-07-24T20:43:16.847+0000] {dag.py:3096} INFO - Sync 1 DAGs
[2025-07-24T20:43:16.863+0000] {logging_mixin.py:188} INFO - [2025-07-24T20:43:16.862+0000] {dag.py:3954} INFO - Setting next_dagrun for example_sla_dag to 2025-07-24 20:40:00+00:00, run_after=2025-07-24 20:42:00+00:00
[2025-07-24T20:43:16.871+0000] {processor.py:183} INFO - Processing /home/airflow/.local/lib/python3.12/site-packages/airflow/example_dags/example_sla_dag.py took 0.041 seconds
[2025-07-24T20:43:47.928+0000] {processor.py:161} INFO - Started process (PID=116) to work on /home/airflow/.local/lib/python3.12/site-packages/airflow/example_dags/example_sla_dag.py
[2025-07-24T20:43:47.929+0000] {processor.py:830} INFO - Processing file /home/airflow/.local/lib/python3.12/site-packages/airflow/example_dags/example_sla_dag.py for tasks to queue
[2025-07-24T20:43:47.930+0000] {logging_mixin.py:188} INFO - [2025-07-24T20:43:47.930+0000] {dagbag.py:545} INFO - Filling up the DagBag from /home/airflow/.local/lib/python3.12/site-packages/airflow/example_dags/example_sla_dag.py
[2025-07-24T20:43:47.935+0000] {processor.py:840} INFO - DAG(s) 'example_sla_dag' retrieved from /home/airflow/.local/lib/python3.12/site-packages/airflow/example_dags/example_sla_dag.py
[2025-07-24T20:43:47.991+0000] {logging_mixin.py:188} INFO - [2025-07-24T20:43:47.991+0000] {dag.py:3096} INFO - Sync 1 DAGs
[2025-07-24T20:43:48.001+0000] {logging_mixin.py:188} INFO - [2025-07-24T20:43:48.001+0000] {dag.py:3954} INFO - Setting next_dagrun for example_sla_dag to 2025-07-24 20:40:00+00:00, run_after=2025-07-24 20:42:00+00:00
[2025-07-24T20:43:48.010+0000] {processor.py:183} INFO - Processing /home/airflow/.local/lib/python3.12/site-packages/airflow/example_dags/example_sla_dag.py took 0.086 seconds
[2025-07-24T20:44:18.658+0000] {processor.py:161} INFO - Started process (PID=174) to work on /home/airflow/.local/lib/python3.12/site-packages/airflow/example_dags/example_sla_dag.py
[2025-07-24T20:44:18.659+0000] {processor.py:830} INFO - Processing file /home/airflow/.local/lib/python3.12/site-packages/airflow/example_dags/example_sla_dag.py for tasks to queue
[2025-07-24T20:44:18.660+0000] {logging_mixin.py:188} INFO - [2025-07-24T20:44:18.660+0000] {dagbag.py:545} INFO - Filling up the DagBag from /home/airflow/.local/lib/python3.12/site-packages/airflow/example_dags/example_sla_dag.py
[2025-07-24T20:44:18.665+0000] {processor.py:840} INFO - DAG(s) 'example_sla_dag' retrieved from /home/airflow/.local/lib/python3.12/site-packages/airflow/example_dags/example_sla_dag.py
[2025-07-24T20:44:18.677+0000] {logging_mixin.py:188} INFO - [2025-07-24T20:44:18.677+0000] {dag.py:3096} INFO - Sync 1 DAGs
[2025-07-24T20:44:18.690+0000] {logging_mixin.py:188} INFO - [2025-07-24T20:44:18.690+0000] {dag.py:3954} INFO - Setting next_dagrun for example_sla_dag to 2025-07-24 20:42:00+00:00, run_after=2025-07-24 20:44:00+00:00
[2025-07-24T20:44:18.699+0000] {processor.py:183} INFO - Processing /home/airflow/.local/lib/python3.12/site-packages/airflow/example_dags/example_sla_dag.py took 0.044 seconds
[2025-07-24T20:44:48.769+0000] {processor.py:161} INFO - Started process (PID=232) to work on /home/airflow/.local/lib/python3.12/site-packages/airflow/example_dags/example_sla_dag.py
[2025-07-24T20:44:48.770+0000] {processor.py:830} INFO - Processing file /home/airflow/.local/lib/python3.12/site-packages/airflow/example_dags/example_sla_dag.py for tasks to queue
[2025-07-24T20:44:48.771+0000] {logging_mixin.py:188} INFO - [2025-07-24T20:44:48.771+0000] {dagbag.py:545} INFO - Filling up the DagBag from /home/airflow/.local/lib/python3.12/site-packages/airflow/example_dags/example_sla_dag.py
[2025-07-24T20:44:48.776+0000] {processor.py:840} INFO - DAG(s) 'example_sla_dag' retrieved from /home/airflow/.local/lib/python3.12/site-packages/airflow/example_dags/example_sla_dag.py
[2025-07-24T20:44:48.787+0000] {logging_mixin.py:188} INFO - [2025-07-24T20:44:48.786+0000] {dag.py:3096} INFO - Sync 1 DAGs
[2025-07-24T20:44:48.800+0000] {logging_mixin.py:188} INFO - [2025-07-24T20:44:48.799+0000] {dag.py:3954} INFO - Setting next_dagrun for example_sla_dag to 2025-07-24 20:42:00+00:00, run_after=2025-07-24 20:44:00+00:00
[2025-07-24T20:44:48.809+0000] {processor.py:183} INFO - Processing /home/airflow/.local/lib/python3.12/site-packages/airflow/example_dags/example_sla_dag.py took 0.043 seconds
[2025-07-24T20:45:18.855+0000] {processor.py:161} INFO - Started process (PID=290) to work on /home/airflow/.local/lib/python3.12/site-packages/airflow/example_dags/example_sla_dag.py
[2025-07-24T20:45:18.856+0000] {processor.py:830} INFO - Processing file /home/airflow/.local/lib/python3.12/site-packages/airflow/example_dags/example_sla_dag.py for tasks to queue
[2025-07-24T20:45:18.857+0000] {logging_mixin.py:188} INFO - [2025-07-24T20:45:18.857+0000] {dagbag.py:545} INFO - Filling up the DagBag from /home/airflow/.local/lib/python3.12/site-packages/airflow/example_dags/example_sla_dag.py
[2025-07-24T20:45:18.862+0000] {processor.py:840} INFO - DAG(s) 'example_sla_dag' retrieved from /home/airflow/.local/lib/python3.12/site-packages/airflow/example_dags/example_sla_dag.py
[2025-07-24T20:45:18.872+0000] {logging_mixin.py:188} INFO - [2025-07-24T20:45:18.872+0000] {dag.py:3096} INFO - Sync 1 DAGs
[2025-07-24T20:45:18.884+0000] {logging_mixin.py:188} INFO - [2025-07-24T20:45:18.884+0000] {dag.py:3954} INFO - Setting next_dagrun for example_sla_dag to 2025-07-24 20:42:00+00:00, run_after=2025-07-24 20:44:00+00:00
[2025-07-24T20:45:18.893+0000] {processor.py:183} INFO - Processing /home/airflow/.local/lib/python3.12/site-packages/airflow/example_dags/example_sla_dag.py took 0.041 seconds
[2025-07-24T20:45:49.438+0000] {processor.py:161} INFO - Started process (PID=348) to work on /home/airflow/.local/lib/python3.12/site-packages/airflow/example_dags/example_sla_dag.py
[2025-07-24T20:45:49.438+0000] {processor.py:830} INFO - Processing file /home/airflow/.local/lib/python3.12/site-packages/airflow/example_dags/example_sla_dag.py for tasks to queue
[2025-07-24T20:45:49.439+0000] {logging_mixin.py:188} INFO - [2025-07-24T20:45:49.439+0000] {dagbag.py:545} INFO - Filling up the DagBag from /home/airflow/.local/lib/python3.12/site-packages/airflow/example_dags/example_sla_dag.py
[2025-07-24T20:45:49.444+0000] {processor.py:840} INFO - DAG(s) 'example_sla_dag' retrieved from /home/airflow/.local/lib/python3.12/site-packages/airflow/example_dags/example_sla_dag.py
[2025-07-24T20:45:49.455+0000] {logging_mixin.py:188} INFO - [2025-07-24T20:45:49.455+0000] {dag.py:3096} INFO - Sync 1 DAGs
[2025-07-24T20:45:49.468+0000] {logging_mixin.py:188} INFO - [2025-07-24T20:45:49.468+0000] {dag.py:3954} INFO - Setting next_dagrun for example_sla_dag to 2025-07-24 20:42:00+00:00, run_after=2025-07-24 20:44:00+00:00
[2025-07-24T20:45:49.478+0000] {processor.py:183} INFO - Processing /home/airflow/.local/lib/python3.12/site-packages/airflow/example_dags/example_sla_dag.py took 0.044 seconds
[2025-07-24T20:46:20.098+0000] {processor.py:161} INFO - Started process (PID=412) to work on /home/airflow/.local/lib/python3.12/site-packages/airflow/example_dags/example_sla_dag.py
[2025-07-24T20:46:20.099+0000] {processor.py:830} INFO - Processing file /home/airflow/.local/lib/python3.12/site-packages/airflow/example_dags/example_sla_dag.py for tasks to queue
[2025-07-24T20:46:20.100+0000] {logging_mixin.py:188} INFO - [2025-07-24T20:46:20.100+0000] {dagbag.py:545} INFO - Filling up the DagBag from /home/airflow/.local/lib/python3.12/site-packages/airflow/example_dags/example_sla_dag.py
[2025-07-24T20:46:20.106+0000] {processor.py:840} INFO - DAG(s) 'example_sla_dag' retrieved from /home/airflow/.local/lib/python3.12/site-packages/airflow/example_dags/example_sla_dag.py
[2025-07-24T20:46:20.117+0000] {logging_mixin.py:188} INFO - [2025-07-24T20:46:20.117+0000] {dag.py:3096} INFO - Sync 1 DAGs
[2025-07-24T20:46:20.130+0000] {logging_mixin.py:188} INFO - [2025-07-24T20:46:20.130+0000] {dag.py:3954} INFO - Setting next_dagrun for example_sla_dag to 2025-07-24 20:44:00+00:00, run_after=2025-07-24 20:46:00+00:00
[2025-07-24T20:46:20.140+0000] {processor.py:183} INFO - Processing /home/airflow/.local/lib/python3.12/site-packages/airflow/example_dags/example_sla_dag.py took 0.046 seconds
[2025-07-24T20:46:50.807+0000] {processor.py:161} INFO - Started process (PID=470) to work on /home/airflow/.local/lib/python3.12/site-packages/airflow/example_dags/example_sla_dag.py
[2025-07-24T20:46:50.807+0000] {processor.py:830} INFO - Processing file /home/airflow/.local/lib/python3.12/site-packages/airflow/example_dags/example_sla_dag.py for tasks to queue
[2025-07-24T20:46:50.808+0000] {logging_mixin.py:188} INFO - [2025-07-24T20:46:50.808+0000] {dagbag.py:545} INFO - Filling up the DagBag from /home/airflow/.local/lib/python3.12/site-packages/airflow/example_dags/example_sla_dag.py
[2025-07-24T20:46:50.813+0000] {processor.py:840} INFO - DAG(s) 'example_sla_dag' retrieved from /home/airflow/.local/lib/python3.12/site-packages/airflow/example_dags/example_sla_dag.py
[2025-07-24T20:46:50.824+0000] {logging_mixin.py:188} INFO - [2025-07-24T20:46:50.824+0000] {dag.py:3096} INFO - Sync 1 DAGs
[2025-07-24T20:46:50.837+0000] {logging_mixin.py:188} INFO - [2025-07-24T20:46:50.837+0000] {dag.py:3954} INFO - Setting next_dagrun for example_sla_dag to 2025-07-24 20:44:00+00:00, run_after=2025-07-24 20:46:00+00:00
[2025-07-24T20:46:50.846+0000] {processor.py:183} INFO - Processing /home/airflow/.local/lib/python3.12/site-packages/airflow/example_dags/example_sla_dag.py took 0.043 seconds
[2025-07-24T20:47:21.436+0000] {processor.py:161} INFO - Started process (PID=528) to work on /home/airflow/.local/lib/python3.12/site-packages/airflow/example_dags/example_sla_dag.py
[2025-07-24T20:47:21.437+0000] {processor.py:830} INFO - Processing file /home/airflow/.local/lib/python3.12/site-packages/airflow/example_dags/example_sla_dag.py for tasks to queue
[2025-07-24T20:47:21.438+0000] {logging_mixin.py:188} INFO - [2025-07-24T20:47:21.438+0000] {dagbag.py:545} INFO - Filling up the DagBag from /home/airflow/.local/lib/python3.12/site-packages/airflow/example_dags/example_sla_dag.py
[2025-07-24T20:47:21.442+0000] {processor.py:840} INFO - DAG(s) 'example_sla_dag' retrieved from /home/airflow/.local/lib/python3.12/site-packages/airflow/example_dags/example_sla_dag.py
[2025-07-24T20:47:21.453+0000] {logging_mixin.py:188} INFO - [2025-07-24T20:47:21.453+0000] {dag.py:3096} INFO - Sync 1 DAGs
[2025-07-24T20:47:21.466+0000] {logging_mixin.py:188} INFO - [2025-07-24T20:47:21.466+0000] {dag.py:3954} INFO - Setting next_dagrun for example_sla_dag to 2025-07-24 20:44:00+00:00, run_after=2025-07-24 20:46:00+00:00
[2025-07-24T20:47:21.476+0000] {processor.py:183} INFO - Processing /home/airflow/.local/lib/python3.12/site-packages/airflow/example_dags/example_sla_dag.py took 0.043 seconds
[2025-07-24T20:47:52.196+0000] {processor.py:161} INFO - Started process (PID=586) to work on /home/airflow/.local/lib/python3.12/site-packages/airflow/example_dags/example_sla_dag.py
[2025-07-24T20:47:52.197+0000] {processor.py:830} INFO - Processing file /home/airflow/.local/lib/python3.12/site-packages/airflow/example_dags/example_sla_dag.py for tasks to queue
[2025-07-24T20:47:52.198+0000] {logging_mixin.py:188} INFO - [2025-07-24T20:47:52.198+0000] {dagbag.py:545} INFO - Filling up the DagBag from /home/airflow/.local/lib/python3.12/site-packages/airflow/example_dags/example_sla_dag.py
[2025-07-24T20:47:52.203+0000] {processor.py:840} INFO - DAG(s) 'example_sla_dag' retrieved from /home/airflow/.local/lib/python3.12/site-packages/airflow/example_dags/example_sla_dag.py
[2025-07-24T20:47:52.214+0000] {logging_mixin.py:188} INFO - [2025-07-24T20:47:52.213+0000] {dag.py:3096} INFO - Sync 1 DAGs
[2025-07-24T20:47:52.227+0000] {logging_mixin.py:188} INFO - [2025-07-24T20:47:52.227+0000] {dag.py:3954} INFO - Setting next_dagrun for example_sla_dag to 2025-07-24 20:44:00+00:00, run_after=2025-07-24 20:46:00+00:00
[2025-07-24T20:47:52.237+0000] {processor.py:183} INFO - Processing /home/airflow/.local/lib/python3.12/site-packages/airflow/example_dags/example_sla_dag.py took 0.045 seconds
[2025-07-24T20:48:22.814+0000] {processor.py:161} INFO - Started process (PID=644) to work on /home/airflow/.local/lib/python3.12/site-packages/airflow/example_dags/example_sla_dag.py
[2025-07-24T20:48:22.815+0000] {processor.py:830} INFO - Processing file /home/airflow/.local/lib/python3.12/site-packages/airflow/example_dags/example_sla_dag.py for tasks to queue
[2025-07-24T20:48:22.816+0000] {logging_mixin.py:188} INFO - [2025-07-24T20:48:22.815+0000] {dagbag.py:545} INFO - Filling up the DagBag from /home/airflow/.local/lib/python3.12/site-packages/airflow/example_dags/example_sla_dag.py
[2025-07-24T20:48:22.821+0000] {processor.py:840} INFO - DAG(s) 'example_sla_dag' retrieved from /home/airflow/.local/lib/python3.12/site-packages/airflow/example_dags/example_sla_dag.py
[2025-07-24T20:48:22.832+0000] {logging_mixin.py:188} INFO - [2025-07-24T20:48:22.832+0000] {dag.py:3096} INFO - Sync 1 DAGs
[2025-07-24T20:48:22.847+0000] {logging_mixin.py:188} INFO - [2025-07-24T20:48:22.847+0000] {dag.py:3954} INFO - Setting next_dagrun for example_sla_dag to 2025-07-24 20:46:00+00:00, run_after=2025-07-24 20:48:00+00:00
[2025-07-24T20:48:22.858+0000] {processor.py:183} INFO - Processing /home/airflow/.local/lib/python3.12/site-packages/airflow/example_dags/example_sla_dag.py took 0.048 seconds
[2025-07-24T20:48:53.473+0000] {processor.py:161} INFO - Started process (PID=702) to work on /home/airflow/.local/lib/python3.12/site-packages/airflow/example_dags/example_sla_dag.py
[2025-07-24T20:48:53.473+0000] {processor.py:830} INFO - Processing file /home/airflow/.local/lib/python3.12/site-packages/airflow/example_dags/example_sla_dag.py for tasks to queue
[2025-07-24T20:48:53.474+0000] {logging_mixin.py:188} INFO - [2025-07-24T20:48:53.474+0000] {dagbag.py:545} INFO - Filling up the DagBag from /home/airflow/.local/lib/python3.12/site-packages/airflow/example_dags/example_sla_dag.py
[2025-07-24T20:48:53.479+0000] {processor.py:840} INFO - DAG(s) 'example_sla_dag' retrieved from /home/airflow/.local/lib/python3.12/site-packages/airflow/example_dags/example_sla_dag.py
[2025-07-24T20:48:53.490+0000] {logging_mixin.py:188} INFO - [2025-07-24T20:48:53.490+0000] {dag.py:3096} INFO - Sync 1 DAGs
[2025-07-24T20:48:53.504+0000] {logging_mixin.py:188} INFO - [2025-07-24T20:48:53.503+0000] {dag.py:3954} INFO - Setting next_dagrun for example_sla_dag to 2025-07-24 20:46:00+00:00, run_after=2025-07-24 20:48:00+00:00
[2025-07-24T20:48:53.513+0000] {processor.py:183} INFO - Processing /home/airflow/.local/lib/python3.12/site-packages/airflow/example_dags/example_sla_dag.py took 0.043 seconds
[2025-07-24T20:49:24.090+0000] {processor.py:161} INFO - Started process (PID=760) to work on /home/airflow/.local/lib/python3.12/site-packages/airflow/example_dags/example_sla_dag.py
[2025-07-24T20:49:24.091+0000] {processor.py:830} INFO - Processing file /home/airflow/.local/lib/python3.12/site-packages/airflow/example_dags/example_sla_dag.py for tasks to queue
[2025-07-24T20:49:24.092+0000] {logging_mixin.py:188} INFO - [2025-07-24T20:49:24.091+0000] {dagbag.py:545} INFO - Filling up the DagBag from /home/airflow/.local/lib/python3.12/site-packages/airflow/example_dags/example_sla_dag.py
[2025-07-24T20:49:24.096+0000] {processor.py:840} INFO - DAG(s) 'example_sla_dag' retrieved from /home/airflow/.local/lib/python3.12/site-packages/airflow/example_dags/example_sla_dag.py
[2025-07-24T20:49:24.106+0000] {logging_mixin.py:188} INFO - [2025-07-24T20:49:24.106+0000] {dag.py:3096} INFO - Sync 1 DAGs
[2025-07-24T20:49:24.117+0000] {logging_mixin.py:188} INFO - [2025-07-24T20:49:24.117+0000] {dag.py:3954} INFO - Setting next_dagrun for example_sla_dag to 2025-07-24 20:46:00+00:00, run_after=2025-07-24 20:48:00+00:00
[2025-07-24T20:49:24.126+0000] {processor.py:183} INFO - Processing /home/airflow/.local/lib/python3.12/site-packages/airflow/example_dags/example_sla_dag.py took 0.039 seconds
[2025-07-24T20:49:54.697+0000] {processor.py:161} INFO - Started process (PID=818) to work on /home/airflow/.local/lib/python3.12/site-packages/airflow/example_dags/example_sla_dag.py
[2025-07-24T20:49:54.697+0000] {processor.py:830} INFO - Processing file /home/airflow/.local/lib/python3.12/site-packages/airflow/example_dags/example_sla_dag.py for tasks to queue
[2025-07-24T20:49:54.698+0000] {logging_mixin.py:188} INFO - [2025-07-24T20:49:54.698+0000] {dagbag.py:545} INFO - Filling up the DagBag from /home/airflow/.local/lib/python3.12/site-packages/airflow/example_dags/example_sla_dag.py
[2025-07-24T20:49:54.703+0000] {processor.py:840} INFO - DAG(s) 'example_sla_dag' retrieved from /home/airflow/.local/lib/python3.12/site-packages/airflow/example_dags/example_sla_dag.py
[2025-07-24T20:49:54.714+0000] {logging_mixin.py:188} INFO - [2025-07-24T20:49:54.714+0000] {dag.py:3096} INFO - Sync 1 DAGs
[2025-07-24T20:49:54.729+0000] {logging_mixin.py:188} INFO - [2025-07-24T20:49:54.728+0000] {dag.py:3954} INFO - Setting next_dagrun for example_sla_dag to 2025-07-24 20:46:00+00:00, run_after=2025-07-24 20:48:00+00:00
[2025-07-24T20:49:54.756+0000] {processor.py:183} INFO - Processing /home/airflow/.local/lib/python3.12/site-packages/airflow/example_dags/example_sla_dag.py took 0.063 seconds
[2025-07-24T20:50:25.441+0000] {processor.py:161} INFO - Started process (PID=876) to work on /home/airflow/.local/lib/python3.12/site-packages/airflow/example_dags/example_sla_dag.py
[2025-07-24T20:50:25.442+0000] {processor.py:830} INFO - Processing file /home/airflow/.local/lib/python3.12/site-packages/airflow/example_dags/example_sla_dag.py for tasks to queue
[2025-07-24T20:50:25.443+0000] {logging_mixin.py:188} INFO - [2025-07-24T20:50:25.443+0000] {dagbag.py:545} INFO - Filling up the DagBag from /home/airflow/.local/lib/python3.12/site-packages/airflow/example_dags/example_sla_dag.py
[2025-07-24T20:50:25.448+0000] {processor.py:840} INFO - DAG(s) 'example_sla_dag' retrieved from /home/airflow/.local/lib/python3.12/site-packages/airflow/example_dags/example_sla_dag.py
[2025-07-24T20:50:25.459+0000] {logging_mixin.py:188} INFO - [2025-07-24T20:50:25.459+0000] {dag.py:3096} INFO - Sync 1 DAGs
[2025-07-24T20:50:25.472+0000] {logging_mixin.py:188} INFO - [2025-07-24T20:50:25.472+0000] {dag.py:3954} INFO - Setting next_dagrun for example_sla_dag to 2025-07-24 20:48:00+00:00, run_after=2025-07-24 20:50:00+00:00
[2025-07-24T20:50:25.481+0000] {processor.py:183} INFO - Processing /home/airflow/.local/lib/python3.12/site-packages/airflow/example_dags/example_sla_dag.py took 0.044 seconds
[2025-07-24T20:50:55.569+0000] {processor.py:161} INFO - Started process (PID=934) to work on /home/airflow/.local/lib/python3.12/site-packages/airflow/example_dags/example_sla_dag.py
[2025-07-24T20:50:55.569+0000] {processor.py:830} INFO - Processing file /home/airflow/.local/lib/python3.12/site-packages/airflow/example_dags/example_sla_dag.py for tasks to queue
[2025-07-24T20:50:55.570+0000] {logging_mixin.py:188} INFO - [2025-07-24T20:50:55.570+0000] {dagbag.py:545} INFO - Filling up the DagBag from /home/airflow/.local/lib/python3.12/site-packages/airflow/example_dags/example_sla_dag.py
[2025-07-24T20:50:55.575+0000] {processor.py:840} INFO - DAG(s) 'example_sla_dag' retrieved from /home/airflow/.local/lib/python3.12/site-packages/airflow/example_dags/example_sla_dag.py
[2025-07-24T20:50:55.586+0000] {logging_mixin.py:188} INFO - [2025-07-24T20:50:55.586+0000] {dag.py:3096} INFO - Sync 1 DAGs
[2025-07-24T20:50:55.601+0000] {logging_mixin.py:188} INFO - [2025-07-24T20:50:55.601+0000] {dag.py:3954} INFO - Setting next_dagrun for example_sla_dag to 2025-07-24 20:48:00+00:00, run_after=2025-07-24 20:50:00+00:00
[2025-07-24T20:50:55.611+0000] {processor.py:183} INFO - Processing /home/airflow/.local/lib/python3.12/site-packages/airflow/example_dags/example_sla_dag.py took 0.046 seconds
[2025-07-24T20:51:26.317+0000] {processor.py:161} INFO - Started process (PID=992) to work on /home/airflow/.local/lib/python3.12/site-packages/airflow/example_dags/example_sla_dag.py
[2025-07-24T20:51:26.318+0000] {processor.py:830} INFO - Processing file /home/airflow/.local/lib/python3.12/site-packages/airflow/example_dags/example_sla_dag.py for tasks to queue
[2025-07-24T20:51:26.318+0000] {logging_mixin.py:188} INFO - [2025-07-24T20:51:26.318+0000] {dagbag.py:545} INFO - Filling up the DagBag from /home/airflow/.local/lib/python3.12/site-packages/airflow/example_dags/example_sla_dag.py
[2025-07-24T20:51:26.323+0000] {processor.py:840} INFO - DAG(s) 'example_sla_dag' retrieved from /home/airflow/.local/lib/python3.12/site-packages/airflow/example_dags/example_sla_dag.py
[2025-07-24T20:51:26.334+0000] {logging_mixin.py:188} INFO - [2025-07-24T20:51:26.334+0000] {dag.py:3096} INFO - Sync 1 DAGs
[2025-07-24T20:51:26.345+0000] {logging_mixin.py:188} INFO - [2025-07-24T20:51:26.345+0000] {dag.py:3954} INFO - Setting next_dagrun for example_sla_dag to 2025-07-24 20:48:00+00:00, run_after=2025-07-24 20:50:00+00:00
[2025-07-24T20:51:26.354+0000] {processor.py:183} INFO - Processing /home/airflow/.local/lib/python3.12/site-packages/airflow/example_dags/example_sla_dag.py took 0.040 seconds
[2025-07-24T20:51:57.040+0000] {processor.py:161} INFO - Started process (PID=1050) to work on /home/airflow/.local/lib/python3.12/site-packages/airflow/example_dags/example_sla_dag.py
[2025-07-24T20:51:57.040+0000] {processor.py:830} INFO - Processing file /home/airflow/.local/lib/python3.12/site-packages/airflow/example_dags/example_sla_dag.py for tasks to queue
[2025-07-24T20:51:57.041+0000] {logging_mixin.py:188} INFO - [2025-07-24T20:51:57.041+0000] {dagbag.py:545} INFO - Filling up the DagBag from /home/airflow/.local/lib/python3.12/site-packages/airflow/example_dags/example_sla_dag.py
[2025-07-24T20:51:57.046+0000] {processor.py:840} INFO - DAG(s) 'example_sla_dag' retrieved from /home/airflow/.local/lib/python3.12/site-packages/airflow/example_dags/example_sla_dag.py
[2025-07-24T20:51:57.057+0000] {logging_mixin.py:188} INFO - [2025-07-24T20:51:57.057+0000] {dag.py:3096} INFO - Sync 1 DAGs
[2025-07-24T20:51:57.070+0000] {logging_mixin.py:188} INFO - [2025-07-24T20:51:57.070+0000] {dag.py:3954} INFO - Setting next_dagrun for example_sla_dag to 2025-07-24 20:48:00+00:00, run_after=2025-07-24 20:50:00+00:00
[2025-07-24T20:51:57.080+0000] {processor.py:183} INFO - Processing /home/airflow/.local/lib/python3.12/site-packages/airflow/example_dags/example_sla_dag.py took 0.044 seconds
[2025-07-24T20:52:27.797+0000] {processor.py:161} INFO - Started process (PID=1108) to work on /home/airflow/.local/lib/python3.12/site-packages/airflow/example_dags/example_sla_dag.py
[2025-07-24T20:52:27.798+0000] {processor.py:830} INFO - Processing file /home/airflow/.local/lib/python3.12/site-packages/airflow/example_dags/example_sla_dag.py for tasks to queue
[2025-07-24T20:52:27.799+0000] {logging_mixin.py:188} INFO - [2025-07-24T20:52:27.799+0000] {dagbag.py:545} INFO - Filling up the DagBag from /home/airflow/.local/lib/python3.12/site-packages/airflow/example_dags/example_sla_dag.py
[2025-07-24T20:52:27.805+0000] {processor.py:840} INFO - DAG(s) 'example_sla_dag' retrieved from /home/airflow/.local/lib/python3.12/site-packages/airflow/example_dags/example_sla_dag.py
[2025-07-24T20:52:27.816+0000] {logging_mixin.py:188} INFO - [2025-07-24T20:52:27.815+0000] {dag.py:3096} INFO - Sync 1 DAGs
[2025-07-24T20:52:27.828+0000] {logging_mixin.py:188} INFO - [2025-07-24T20:52:27.828+0000] {dag.py:3954} INFO - Setting next_dagrun for example_sla_dag to 2025-07-24 20:50:00+00:00, run_after=2025-07-24 20:52:00+00:00
[2025-07-24T20:52:27.837+0000] {processor.py:183} INFO - Processing /home/airflow/.local/lib/python3.12/site-packages/airflow/example_dags/example_sla_dag.py took 0.044 seconds
[2025-07-24T20:52:58.510+0000] {processor.py:161} INFO - Started process (PID=1166) to work on /home/airflow/.local/lib/python3.12/site-packages/airflow/example_dags/example_sla_dag.py
[2025-07-24T20:52:58.511+0000] {processor.py:830} INFO - Processing file /home/airflow/.local/lib/python3.12/site-packages/airflow/example_dags/example_sla_dag.py for tasks to queue
[2025-07-24T20:52:58.512+0000] {logging_mixin.py:188} INFO - [2025-07-24T20:52:58.512+0000] {dagbag.py:545} INFO - Filling up the DagBag from /home/airflow/.local/lib/python3.12/site-packages/airflow/example_dags/example_sla_dag.py
[2025-07-24T20:52:58.517+0000] {processor.py:840} INFO - DAG(s) 'example_sla_dag' retrieved from /home/airflow/.local/lib/python3.12/site-packages/airflow/example_dags/example_sla_dag.py
[2025-07-24T20:52:58.528+0000] {logging_mixin.py:188} INFO - [2025-07-24T20:52:58.528+0000] {dag.py:3096} INFO - Sync 1 DAGs
[2025-07-24T20:52:58.543+0000] {logging_mixin.py:188} INFO - [2025-07-24T20:52:58.543+0000] {dag.py:3954} INFO - Setting next_dagrun for example_sla_dag to 2025-07-24 20:50:00+00:00, run_after=2025-07-24 20:52:00+00:00
[2025-07-24T20:52:58.553+0000] {processor.py:183} INFO - Processing /home/airflow/.local/lib/python3.12/site-packages/airflow/example_dags/example_sla_dag.py took 0.047 seconds
[2025-07-24T20:53:28.703+0000] {processor.py:161} INFO - Started process (PID=1224) to work on /home/airflow/.local/lib/python3.12/site-packages/airflow/example_dags/example_sla_dag.py
[2025-07-24T20:53:28.704+0000] {processor.py:830} INFO - Processing file /home/airflow/.local/lib/python3.12/site-packages/airflow/example_dags/example_sla_dag.py for tasks to queue
[2025-07-24T20:53:28.705+0000] {logging_mixin.py:188} INFO - [2025-07-24T20:53:28.705+0000] {dagbag.py:545} INFO - Filling up the DagBag from /home/airflow/.local/lib/python3.12/site-packages/airflow/example_dags/example_sla_dag.py
[2025-07-24T20:53:28.710+0000] {processor.py:840} INFO - DAG(s) 'example_sla_dag' retrieved from /home/airflow/.local/lib/python3.12/site-packages/airflow/example_dags/example_sla_dag.py
[2025-07-24T20:53:28.720+0000] {logging_mixin.py:188} INFO - [2025-07-24T20:53:28.720+0000] {dag.py:3096} INFO - Sync 1 DAGs
[2025-07-24T20:53:28.732+0000] {logging_mixin.py:188} INFO - [2025-07-24T20:53:28.732+0000] {dag.py:3954} INFO - Setting next_dagrun for example_sla_dag to 2025-07-24 20:50:00+00:00, run_after=2025-07-24 20:52:00+00:00
[2025-07-24T20:53:28.740+0000] {processor.py:183} INFO - Processing /home/airflow/.local/lib/python3.12/site-packages/airflow/example_dags/example_sla_dag.py took 0.041 seconds
[2025-07-24T20:53:58.786+0000] {processor.py:161} INFO - Started process (PID=1282) to work on /home/airflow/.local/lib/python3.12/site-packages/airflow/example_dags/example_sla_dag.py
[2025-07-24T20:53:58.786+0000] {processor.py:830} INFO - Processing file /home/airflow/.local/lib/python3.12/site-packages/airflow/example_dags/example_sla_dag.py for tasks to queue
[2025-07-24T20:53:58.787+0000] {logging_mixin.py:188} INFO - [2025-07-24T20:53:58.787+0000] {dagbag.py:545} INFO - Filling up the DagBag from /home/airflow/.local/lib/python3.12/site-packages/airflow/example_dags/example_sla_dag.py
[2025-07-24T20:53:58.792+0000] {processor.py:840} INFO - DAG(s) 'example_sla_dag' retrieved from /home/airflow/.local/lib/python3.12/site-packages/airflow/example_dags/example_sla_dag.py
[2025-07-24T20:53:58.803+0000] {logging_mixin.py:188} INFO - [2025-07-24T20:53:58.803+0000] {dag.py:3096} INFO - Sync 1 DAGs
[2025-07-24T20:53:58.817+0000] {logging_mixin.py:188} INFO - [2025-07-24T20:53:58.817+0000] {dag.py:3954} INFO - Setting next_dagrun for example_sla_dag to 2025-07-24 20:50:00+00:00, run_after=2025-07-24 20:52:00+00:00
[2025-07-24T20:53:58.826+0000] {processor.py:183} INFO - Processing /home/airflow/.local/lib/python3.12/site-packages/airflow/example_dags/example_sla_dag.py took 0.044 seconds
[2025-07-24T20:54:28.917+0000] {processor.py:161} INFO - Started process (PID=1340) to work on /home/airflow/.local/lib/python3.12/site-packages/airflow/example_dags/example_sla_dag.py
[2025-07-24T20:54:28.917+0000] {processor.py:830} INFO - Processing file /home/airflow/.local/lib/python3.12/site-packages/airflow/example_dags/example_sla_dag.py for tasks to queue
[2025-07-24T20:54:28.918+0000] {logging_mixin.py:188} INFO - [2025-07-24T20:54:28.918+0000] {dagbag.py:545} INFO - Filling up the DagBag from /home/airflow/.local/lib/python3.12/site-packages/airflow/example_dags/example_sla_dag.py
[2025-07-24T20:54:28.923+0000] {processor.py:840} INFO - DAG(s) 'example_sla_dag' retrieved from /home/airflow/.local/lib/python3.12/site-packages/airflow/example_dags/example_sla_dag.py
[2025-07-24T20:54:28.934+0000] {logging_mixin.py:188} INFO - [2025-07-24T20:54:28.934+0000] {dag.py:3096} INFO - Sync 1 DAGs
[2025-07-24T20:54:28.947+0000] {logging_mixin.py:188} INFO - [2025-07-24T20:54:28.947+0000] {dag.py:3954} INFO - Setting next_dagrun for example_sla_dag to 2025-07-24 20:52:00+00:00, run_after=2025-07-24 20:54:00+00:00
[2025-07-24T20:54:28.957+0000] {processor.py:183} INFO - Processing /home/airflow/.local/lib/python3.12/site-packages/airflow/example_dags/example_sla_dag.py took 0.044 seconds
[2025-07-24T20:54:59.795+0000] {processor.py:161} INFO - Started process (PID=1398) to work on /home/airflow/.local/lib/python3.12/site-packages/airflow/example_dags/example_sla_dag.py
[2025-07-24T20:54:59.795+0000] {processor.py:830} INFO - Processing file /home/airflow/.local/lib/python3.12/site-packages/airflow/example_dags/example_sla_dag.py for tasks to queue
[2025-07-24T20:54:59.796+0000] {logging_mixin.py:188} INFO - [2025-07-24T20:54:59.796+0000] {dagbag.py:545} INFO - Filling up the DagBag from /home/airflow/.local/lib/python3.12/site-packages/airflow/example_dags/example_sla_dag.py
[2025-07-24T20:54:59.800+0000] {processor.py:840} INFO - DAG(s) 'example_sla_dag' retrieved from /home/airflow/.local/lib/python3.12/site-packages/airflow/example_dags/example_sla_dag.py
[2025-07-24T20:54:59.811+0000] {logging_mixin.py:188} INFO - [2025-07-24T20:54:59.811+0000] {dag.py:3096} INFO - Sync 1 DAGs
[2025-07-24T20:54:59.822+0000] {logging_mixin.py:188} INFO - [2025-07-24T20:54:59.822+0000] {dag.py:3954} INFO - Setting next_dagrun for example_sla_dag to 2025-07-24 20:52:00+00:00, run_after=2025-07-24 20:54:00+00:00
[2025-07-24T20:54:59.830+0000] {processor.py:183} INFO - Processing /home/airflow/.local/lib/python3.12/site-packages/airflow/example_dags/example_sla_dag.py took 0.039 seconds
[2025-07-24T20:55:30.566+0000] {processor.py:161} INFO - Started process (PID=1456) to work on /home/airflow/.local/lib/python3.12/site-packages/airflow/example_dags/example_sla_dag.py
[2025-07-24T20:55:30.567+0000] {processor.py:830} INFO - Processing file /home/airflow/.local/lib/python3.12/site-packages/airflow/example_dags/example_sla_dag.py for tasks to queue
[2025-07-24T20:55:30.568+0000] {logging_mixin.py:188} INFO - [2025-07-24T20:55:30.568+0000] {dagbag.py:545} INFO - Filling up the DagBag from /home/airflow/.local/lib/python3.12/site-packages/airflow/example_dags/example_sla_dag.py
[2025-07-24T20:55:30.572+0000] {processor.py:840} INFO - DAG(s) 'example_sla_dag' retrieved from /home/airflow/.local/lib/python3.12/site-packages/airflow/example_dags/example_sla_dag.py
[2025-07-24T20:55:30.583+0000] {logging_mixin.py:188} INFO - [2025-07-24T20:55:30.583+0000] {dag.py:3096} INFO - Sync 1 DAGs
[2025-07-24T20:55:30.595+0000] {logging_mixin.py:188} INFO - [2025-07-24T20:55:30.594+0000] {dag.py:3954} INFO - Setting next_dagrun for example_sla_dag to 2025-07-24 20:52:00+00:00, run_after=2025-07-24 20:54:00+00:00
[2025-07-24T20:55:30.603+0000] {processor.py:183} INFO - Processing /home/airflow/.local/lib/python3.12/site-packages/airflow/example_dags/example_sla_dag.py took 0.040 seconds
