[2025-07-24T20:31:48.622+0000] {processor.py:161} INFO - Started process (PID=69) to work on /home/airflow/.local/lib/python3.12/site-packages/airflow/example_dags/example_branch_operator.py
[2025-07-24T20:31:48.622+0000] {processor.py:830} INFO - Processing file /home/airflow/.local/lib/python3.12/site-packages/airflow/example_dags/example_branch_operator.py for tasks to queue
[2025-07-24T20:31:48.623+0000] {logging_mixin.py:188} INFO - [2025-07-24T20:31:48.623+0000] {dagbag.py:545} INFO - Filling up the DagBag from /home/airflow/.local/lib/python3.12/site-packages/airflow/example_dags/example_branch_operator.py
[2025-07-24T20:31:48.632+0000] {processor.py:840} INFO - DAG(s) 'example_branch_operator' retrieved from /home/airflow/.local/lib/python3.12/site-packages/airflow/example_dags/example_branch_operator.py
[2025-07-24T20:31:48.639+0000] {logging_mixin.py:188} INFO - [2025-07-24T20:31:48.639+0000] {dag.py:3096} INFO - Sync 1 DAGs
[2025-07-24T20:31:48.654+0000] {logging_mixin.py:188} INFO - [2025-07-24T20:31:48.654+0000] {dag.py:3954} INFO - Setting next_dagrun for example_branch_operator to 2025-07-23 00:00:00+00:00, run_after=2025-07-24 00:00:00+00:00
[2025-07-24T20:31:48.665+0000] {processor.py:183} INFO - Processing /home/airflow/.local/lib/python3.12/site-packages/airflow/example_dags/example_branch_operator.py took 0.046 seconds
[2025-07-24T20:32:19.996+0000] {processor.py:161} INFO - Started process (PID=127) to work on /home/airflow/.local/lib/python3.12/site-packages/airflow/example_dags/example_branch_operator.py
[2025-07-24T20:32:19.997+0000] {processor.py:830} INFO - Processing file /home/airflow/.local/lib/python3.12/site-packages/airflow/example_dags/example_branch_operator.py for tasks to queue
[2025-07-24T20:32:19.997+0000] {logging_mixin.py:188} INFO - [2025-07-24T20:32:19.997+0000] {dagbag.py:545} INFO - Filling up the DagBag from /home/airflow/.local/lib/python3.12/site-packages/airflow/example_dags/example_branch_operator.py
[2025-07-24T20:32:20.006+0000] {processor.py:840} INFO - DAG(s) 'example_branch_operator' retrieved from /home/airflow/.local/lib/python3.12/site-packages/airflow/example_dags/example_branch_operator.py
[2025-07-24T20:32:20.061+0000] {logging_mixin.py:188} INFO - [2025-07-24T20:32:20.061+0000] {dag.py:3096} INFO - Sync 1 DAGs
[2025-07-24T20:32:20.071+0000] {logging_mixin.py:188} INFO - [2025-07-24T20:32:20.071+0000] {dag.py:3954} INFO - Setting next_dagrun for example_branch_operator to 2025-07-23 00:00:00+00:00, run_after=2025-07-24 00:00:00+00:00
[2025-07-24T20:32:20.080+0000] {processor.py:183} INFO - Processing /home/airflow/.local/lib/python3.12/site-packages/airflow/example_dags/example_branch_operator.py took 0.087 seconds
[2025-07-24T20:32:50.693+0000] {processor.py:161} INFO - Started process (PID=185) to work on /home/airflow/.local/lib/python3.12/site-packages/airflow/example_dags/example_branch_operator.py
[2025-07-24T20:32:50.693+0000] {processor.py:830} INFO - Processing file /home/airflow/.local/lib/python3.12/site-packages/airflow/example_dags/example_branch_operator.py for tasks to queue
[2025-07-24T20:32:50.694+0000] {logging_mixin.py:188} INFO - [2025-07-24T20:32:50.694+0000] {dagbag.py:545} INFO - Filling up the DagBag from /home/airflow/.local/lib/python3.12/site-packages/airflow/example_dags/example_branch_operator.py
[2025-07-24T20:32:50.704+0000] {processor.py:840} INFO - DAG(s) 'example_branch_operator' retrieved from /home/airflow/.local/lib/python3.12/site-packages/airflow/example_dags/example_branch_operator.py
[2025-07-24T20:32:50.722+0000] {logging_mixin.py:188} INFO - [2025-07-24T20:32:50.722+0000] {dag.py:3096} INFO - Sync 1 DAGs
[2025-07-24T20:32:50.733+0000] {logging_mixin.py:188} INFO - [2025-07-24T20:32:50.733+0000] {dag.py:3954} INFO - Setting next_dagrun for example_branch_operator to 2025-07-23 00:00:00+00:00, run_after=2025-07-24 00:00:00+00:00
[2025-07-24T20:32:50.743+0000] {processor.py:183} INFO - Processing /home/airflow/.local/lib/python3.12/site-packages/airflow/example_dags/example_branch_operator.py took 0.054 seconds
[2025-07-24T20:33:21.505+0000] {processor.py:161} INFO - Started process (PID=243) to work on /home/airflow/.local/lib/python3.12/site-packages/airflow/example_dags/example_branch_operator.py
[2025-07-24T20:33:21.506+0000] {processor.py:830} INFO - Processing file /home/airflow/.local/lib/python3.12/site-packages/airflow/example_dags/example_branch_operator.py for tasks to queue
[2025-07-24T20:33:21.507+0000] {logging_mixin.py:188} INFO - [2025-07-24T20:33:21.507+0000] {dagbag.py:545} INFO - Filling up the DagBag from /home/airflow/.local/lib/python3.12/site-packages/airflow/example_dags/example_branch_operator.py
[2025-07-24T20:33:21.517+0000] {processor.py:840} INFO - DAG(s) 'example_branch_operator' retrieved from /home/airflow/.local/lib/python3.12/site-packages/airflow/example_dags/example_branch_operator.py
[2025-07-24T20:33:21.535+0000] {logging_mixin.py:188} INFO - [2025-07-24T20:33:21.535+0000] {dag.py:3096} INFO - Sync 1 DAGs
[2025-07-24T20:33:21.547+0000] {logging_mixin.py:188} INFO - [2025-07-24T20:33:21.547+0000] {dag.py:3954} INFO - Setting next_dagrun for example_branch_operator to 2025-07-23 00:00:00+00:00, run_after=2025-07-24 00:00:00+00:00
[2025-07-24T20:33:21.557+0000] {processor.py:183} INFO - Processing /home/airflow/.local/lib/python3.12/site-packages/airflow/example_dags/example_branch_operator.py took 0.055 seconds
[2025-07-24T20:33:52.197+0000] {processor.py:161} INFO - Started process (PID=301) to work on /home/airflow/.local/lib/python3.12/site-packages/airflow/example_dags/example_branch_operator.py
[2025-07-24T20:33:52.198+0000] {processor.py:830} INFO - Processing file /home/airflow/.local/lib/python3.12/site-packages/airflow/example_dags/example_branch_operator.py for tasks to queue
[2025-07-24T20:33:52.199+0000] {logging_mixin.py:188} INFO - [2025-07-24T20:33:52.199+0000] {dagbag.py:545} INFO - Filling up the DagBag from /home/airflow/.local/lib/python3.12/site-packages/airflow/example_dags/example_branch_operator.py
[2025-07-24T20:33:52.209+0000] {processor.py:840} INFO - DAG(s) 'example_branch_operator' retrieved from /home/airflow/.local/lib/python3.12/site-packages/airflow/example_dags/example_branch_operator.py
[2025-07-24T20:33:52.225+0000] {logging_mixin.py:188} INFO - [2025-07-24T20:33:52.225+0000] {dag.py:3096} INFO - Sync 1 DAGs
[2025-07-24T20:33:52.238+0000] {logging_mixin.py:188} INFO - [2025-07-24T20:33:52.237+0000] {dag.py:3954} INFO - Setting next_dagrun for example_branch_operator to 2025-07-23 00:00:00+00:00, run_after=2025-07-24 00:00:00+00:00
[2025-07-24T20:33:52.246+0000] {processor.py:183} INFO - Processing /home/airflow/.local/lib/python3.12/site-packages/airflow/example_dags/example_branch_operator.py took 0.053 seconds
[2025-07-24T20:34:22.912+0000] {processor.py:161} INFO - Started process (PID=359) to work on /home/airflow/.local/lib/python3.12/site-packages/airflow/example_dags/example_branch_operator.py
[2025-07-24T20:34:22.913+0000] {processor.py:830} INFO - Processing file /home/airflow/.local/lib/python3.12/site-packages/airflow/example_dags/example_branch_operator.py for tasks to queue
[2025-07-24T20:34:22.914+0000] {logging_mixin.py:188} INFO - [2025-07-24T20:34:22.914+0000] {dagbag.py:545} INFO - Filling up the DagBag from /home/airflow/.local/lib/python3.12/site-packages/airflow/example_dags/example_branch_operator.py
[2025-07-24T20:34:22.924+0000] {processor.py:840} INFO - DAG(s) 'example_branch_operator' retrieved from /home/airflow/.local/lib/python3.12/site-packages/airflow/example_dags/example_branch_operator.py
[2025-07-24T20:34:22.940+0000] {logging_mixin.py:188} INFO - [2025-07-24T20:34:22.940+0000] {dag.py:3096} INFO - Sync 1 DAGs
[2025-07-24T20:34:22.954+0000] {logging_mixin.py:188} INFO - [2025-07-24T20:34:22.954+0000] {dag.py:3954} INFO - Setting next_dagrun for example_branch_operator to 2025-07-23 00:00:00+00:00, run_after=2025-07-24 00:00:00+00:00
[2025-07-24T20:34:22.963+0000] {processor.py:183} INFO - Processing /home/airflow/.local/lib/python3.12/site-packages/airflow/example_dags/example_branch_operator.py took 0.055 seconds
[2025-07-24T20:34:53.744+0000] {processor.py:161} INFO - Started process (PID=417) to work on /home/airflow/.local/lib/python3.12/site-packages/airflow/example_dags/example_branch_operator.py
[2025-07-24T20:34:53.745+0000] {processor.py:830} INFO - Processing file /home/airflow/.local/lib/python3.12/site-packages/airflow/example_dags/example_branch_operator.py for tasks to queue
[2025-07-24T20:34:53.746+0000] {logging_mixin.py:188} INFO - [2025-07-24T20:34:53.746+0000] {dagbag.py:545} INFO - Filling up the DagBag from /home/airflow/.local/lib/python3.12/site-packages/airflow/example_dags/example_branch_operator.py
[2025-07-24T20:34:53.756+0000] {processor.py:840} INFO - DAG(s) 'example_branch_operator' retrieved from /home/airflow/.local/lib/python3.12/site-packages/airflow/example_dags/example_branch_operator.py
[2025-07-24T20:34:53.773+0000] {logging_mixin.py:188} INFO - [2025-07-24T20:34:53.773+0000] {dag.py:3096} INFO - Sync 1 DAGs
[2025-07-24T20:34:53.785+0000] {logging_mixin.py:188} INFO - [2025-07-24T20:34:53.785+0000] {dag.py:3954} INFO - Setting next_dagrun for example_branch_operator to 2025-07-23 00:00:00+00:00, run_after=2025-07-24 00:00:00+00:00
[2025-07-24T20:34:53.796+0000] {processor.py:183} INFO - Processing /home/airflow/.local/lib/python3.12/site-packages/airflow/example_dags/example_branch_operator.py took 0.056 seconds
[2025-07-24T20:35:24.483+0000] {processor.py:161} INFO - Started process (PID=475) to work on /home/airflow/.local/lib/python3.12/site-packages/airflow/example_dags/example_branch_operator.py
[2025-07-24T20:35:24.484+0000] {processor.py:830} INFO - Processing file /home/airflow/.local/lib/python3.12/site-packages/airflow/example_dags/example_branch_operator.py for tasks to queue
[2025-07-24T20:35:24.485+0000] {logging_mixin.py:188} INFO - [2025-07-24T20:35:24.484+0000] {dagbag.py:545} INFO - Filling up the DagBag from /home/airflow/.local/lib/python3.12/site-packages/airflow/example_dags/example_branch_operator.py
[2025-07-24T20:35:24.495+0000] {processor.py:840} INFO - DAG(s) 'example_branch_operator' retrieved from /home/airflow/.local/lib/python3.12/site-packages/airflow/example_dags/example_branch_operator.py
[2025-07-24T20:35:24.511+0000] {logging_mixin.py:188} INFO - [2025-07-24T20:35:24.510+0000] {dag.py:3096} INFO - Sync 1 DAGs
[2025-07-24T20:35:24.523+0000] {logging_mixin.py:188} INFO - [2025-07-24T20:35:24.523+0000] {dag.py:3954} INFO - Setting next_dagrun for example_branch_operator to 2025-07-23 00:00:00+00:00, run_after=2025-07-24 00:00:00+00:00
[2025-07-24T20:35:24.553+0000] {processor.py:183} INFO - Processing /home/airflow/.local/lib/python3.12/site-packages/airflow/example_dags/example_branch_operator.py took 0.074 seconds
[2025-07-24T20:36:44.418+0000] {processor.py:161} INFO - Started process (PID=62) to work on /home/airflow/.local/lib/python3.12/site-packages/airflow/example_dags/example_branch_operator.py
[2025-07-24T20:36:44.418+0000] {processor.py:830} INFO - Processing file /home/airflow/.local/lib/python3.12/site-packages/airflow/example_dags/example_branch_operator.py for tasks to queue
[2025-07-24T20:36:44.419+0000] {logging_mixin.py:188} INFO - [2025-07-24T20:36:44.419+0000] {dagbag.py:545} INFO - Filling up the DagBag from /home/airflow/.local/lib/python3.12/site-packages/airflow/example_dags/example_branch_operator.py
[2025-07-24T20:36:44.428+0000] {processor.py:840} INFO - DAG(s) 'example_branch_operator' retrieved from /home/airflow/.local/lib/python3.12/site-packages/airflow/example_dags/example_branch_operator.py
[2025-07-24T20:36:44.434+0000] {logging_mixin.py:188} INFO - [2025-07-24T20:36:44.434+0000] {dag.py:3096} INFO - Sync 1 DAGs
[2025-07-24T20:36:44.445+0000] {logging_mixin.py:188} INFO - [2025-07-24T20:36:44.445+0000] {dag.py:3954} INFO - Setting next_dagrun for example_branch_operator to 2025-07-23 00:00:00+00:00, run_after=2025-07-24 00:00:00+00:00
[2025-07-24T20:36:44.455+0000] {processor.py:183} INFO - Processing /home/airflow/.local/lib/python3.12/site-packages/airflow/example_dags/example_branch_operator.py took 0.041 seconds
[2025-07-24T20:37:15.018+0000] {processor.py:161} INFO - Started process (PID=120) to work on /home/airflow/.local/lib/python3.12/site-packages/airflow/example_dags/example_branch_operator.py
[2025-07-24T20:37:15.019+0000] {processor.py:830} INFO - Processing file /home/airflow/.local/lib/python3.12/site-packages/airflow/example_dags/example_branch_operator.py for tasks to queue
[2025-07-24T20:37:15.020+0000] {logging_mixin.py:188} INFO - [2025-07-24T20:37:15.019+0000] {dagbag.py:545} INFO - Filling up the DagBag from /home/airflow/.local/lib/python3.12/site-packages/airflow/example_dags/example_branch_operator.py
[2025-07-24T20:37:15.028+0000] {processor.py:840} INFO - DAG(s) 'example_branch_operator' retrieved from /home/airflow/.local/lib/python3.12/site-packages/airflow/example_dags/example_branch_operator.py
[2025-07-24T20:37:15.035+0000] {logging_mixin.py:188} INFO - [2025-07-24T20:37:15.035+0000] {dag.py:3096} INFO - Sync 1 DAGs
[2025-07-24T20:37:15.048+0000] {logging_mixin.py:188} INFO - [2025-07-24T20:37:15.048+0000] {dag.py:3954} INFO - Setting next_dagrun for example_branch_operator to 2025-07-23 00:00:00+00:00, run_after=2025-07-24 00:00:00+00:00
[2025-07-24T20:37:15.058+0000] {processor.py:183} INFO - Processing /home/airflow/.local/lib/python3.12/site-packages/airflow/example_dags/example_branch_operator.py took 0.043 seconds
[2025-07-24T20:37:46.164+0000] {processor.py:161} INFO - Started process (PID=178) to work on /home/airflow/.local/lib/python3.12/site-packages/airflow/example_dags/example_branch_operator.py
[2025-07-24T20:37:46.165+0000] {processor.py:830} INFO - Processing file /home/airflow/.local/lib/python3.12/site-packages/airflow/example_dags/example_branch_operator.py for tasks to queue
[2025-07-24T20:37:46.166+0000] {logging_mixin.py:188} INFO - [2025-07-24T20:37:46.166+0000] {dagbag.py:545} INFO - Filling up the DagBag from /home/airflow/.local/lib/python3.12/site-packages/airflow/example_dags/example_branch_operator.py
[2025-07-24T20:37:46.175+0000] {processor.py:840} INFO - DAG(s) 'example_branch_operator' retrieved from /home/airflow/.local/lib/python3.12/site-packages/airflow/example_dags/example_branch_operator.py
[2025-07-24T20:37:46.237+0000] {logging_mixin.py:188} INFO - [2025-07-24T20:37:46.237+0000] {dag.py:3096} INFO - Sync 1 DAGs
[2025-07-24T20:37:46.248+0000] {logging_mixin.py:188} INFO - [2025-07-24T20:37:46.248+0000] {dag.py:3954} INFO - Setting next_dagrun for example_branch_operator to 2025-07-23 00:00:00+00:00, run_after=2025-07-24 00:00:00+00:00
[2025-07-24T20:37:46.258+0000] {processor.py:183} INFO - Processing /home/airflow/.local/lib/python3.12/site-packages/airflow/example_dags/example_branch_operator.py took 0.098 seconds
[2025-07-24T20:38:16.507+0000] {processor.py:161} INFO - Started process (PID=236) to work on /home/airflow/.local/lib/python3.12/site-packages/airflow/example_dags/example_branch_operator.py
[2025-07-24T20:38:16.508+0000] {processor.py:830} INFO - Processing file /home/airflow/.local/lib/python3.12/site-packages/airflow/example_dags/example_branch_operator.py for tasks to queue
[2025-07-24T20:38:16.509+0000] {logging_mixin.py:188} INFO - [2025-07-24T20:38:16.509+0000] {dagbag.py:545} INFO - Filling up the DagBag from /home/airflow/.local/lib/python3.12/site-packages/airflow/example_dags/example_branch_operator.py
[2025-07-24T20:38:16.517+0000] {processor.py:840} INFO - DAG(s) 'example_branch_operator' retrieved from /home/airflow/.local/lib/python3.12/site-packages/airflow/example_dags/example_branch_operator.py
[2025-07-24T20:38:16.533+0000] {logging_mixin.py:188} INFO - [2025-07-24T20:38:16.533+0000] {dag.py:3096} INFO - Sync 1 DAGs
[2025-07-24T20:38:16.544+0000] {logging_mixin.py:188} INFO - [2025-07-24T20:38:16.544+0000] {dag.py:3954} INFO - Setting next_dagrun for example_branch_operator to 2025-07-23 00:00:00+00:00, run_after=2025-07-24 00:00:00+00:00
[2025-07-24T20:38:16.553+0000] {processor.py:183} INFO - Processing /home/airflow/.local/lib/python3.12/site-packages/airflow/example_dags/example_branch_operator.py took 0.049 seconds
[2025-07-24T20:38:47.219+0000] {processor.py:161} INFO - Started process (PID=294) to work on /home/airflow/.local/lib/python3.12/site-packages/airflow/example_dags/example_branch_operator.py
[2025-07-24T20:38:47.220+0000] {processor.py:830} INFO - Processing file /home/airflow/.local/lib/python3.12/site-packages/airflow/example_dags/example_branch_operator.py for tasks to queue
[2025-07-24T20:38:47.221+0000] {logging_mixin.py:188} INFO - [2025-07-24T20:38:47.221+0000] {dagbag.py:545} INFO - Filling up the DagBag from /home/airflow/.local/lib/python3.12/site-packages/airflow/example_dags/example_branch_operator.py
[2025-07-24T20:38:47.230+0000] {processor.py:840} INFO - DAG(s) 'example_branch_operator' retrieved from /home/airflow/.local/lib/python3.12/site-packages/airflow/example_dags/example_branch_operator.py
[2025-07-24T20:38:47.245+0000] {logging_mixin.py:188} INFO - [2025-07-24T20:38:47.245+0000] {dag.py:3096} INFO - Sync 1 DAGs
[2025-07-24T20:38:47.256+0000] {logging_mixin.py:188} INFO - [2025-07-24T20:38:47.256+0000] {dag.py:3954} INFO - Setting next_dagrun for example_branch_operator to 2025-07-23 00:00:00+00:00, run_after=2025-07-24 00:00:00+00:00
[2025-07-24T20:38:47.264+0000] {processor.py:183} INFO - Processing /home/airflow/.local/lib/python3.12/site-packages/airflow/example_dags/example_branch_operator.py took 0.049 seconds
[2025-07-24T20:39:18.011+0000] {processor.py:161} INFO - Started process (PID=358) to work on /home/airflow/.local/lib/python3.12/site-packages/airflow/example_dags/example_branch_operator.py
[2025-07-24T20:39:18.011+0000] {processor.py:830} INFO - Processing file /home/airflow/.local/lib/python3.12/site-packages/airflow/example_dags/example_branch_operator.py for tasks to queue
[2025-07-24T20:39:18.012+0000] {logging_mixin.py:188} INFO - [2025-07-24T20:39:18.012+0000] {dagbag.py:545} INFO - Filling up the DagBag from /home/airflow/.local/lib/python3.12/site-packages/airflow/example_dags/example_branch_operator.py
[2025-07-24T20:39:18.021+0000] {processor.py:840} INFO - DAG(s) 'example_branch_operator' retrieved from /home/airflow/.local/lib/python3.12/site-packages/airflow/example_dags/example_branch_operator.py
[2025-07-24T20:39:18.036+0000] {logging_mixin.py:188} INFO - [2025-07-24T20:39:18.036+0000] {dag.py:3096} INFO - Sync 1 DAGs
[2025-07-24T20:39:18.048+0000] {logging_mixin.py:188} INFO - [2025-07-24T20:39:18.048+0000] {dag.py:3954} INFO - Setting next_dagrun for example_branch_operator to 2025-07-23 00:00:00+00:00, run_after=2025-07-24 00:00:00+00:00
[2025-07-24T20:39:18.056+0000] {processor.py:183} INFO - Processing /home/airflow/.local/lib/python3.12/site-packages/airflow/example_dags/example_branch_operator.py took 0.049 seconds
[2025-07-24T20:39:48.716+0000] {processor.py:161} INFO - Started process (PID=416) to work on /home/airflow/.local/lib/python3.12/site-packages/airflow/example_dags/example_branch_operator.py
[2025-07-24T20:39:48.716+0000] {processor.py:830} INFO - Processing file /home/airflow/.local/lib/python3.12/site-packages/airflow/example_dags/example_branch_operator.py for tasks to queue
[2025-07-24T20:39:48.717+0000] {logging_mixin.py:188} INFO - [2025-07-24T20:39:48.717+0000] {dagbag.py:545} INFO - Filling up the DagBag from /home/airflow/.local/lib/python3.12/site-packages/airflow/example_dags/example_branch_operator.py
[2025-07-24T20:39:48.726+0000] {processor.py:840} INFO - DAG(s) 'example_branch_operator' retrieved from /home/airflow/.local/lib/python3.12/site-packages/airflow/example_dags/example_branch_operator.py
[2025-07-24T20:39:48.740+0000] {logging_mixin.py:188} INFO - [2025-07-24T20:39:48.740+0000] {dag.py:3096} INFO - Sync 1 DAGs
[2025-07-24T20:39:48.751+0000] {logging_mixin.py:188} INFO - [2025-07-24T20:39:48.751+0000] {dag.py:3954} INFO - Setting next_dagrun for example_branch_operator to 2025-07-23 00:00:00+00:00, run_after=2025-07-24 00:00:00+00:00
[2025-07-24T20:39:48.760+0000] {processor.py:183} INFO - Processing /home/airflow/.local/lib/python3.12/site-packages/airflow/example_dags/example_branch_operator.py took 0.047 seconds
[2025-07-24T20:40:19.409+0000] {processor.py:161} INFO - Started process (PID=474) to work on /home/airflow/.local/lib/python3.12/site-packages/airflow/example_dags/example_branch_operator.py
[2025-07-24T20:40:19.409+0000] {processor.py:830} INFO - Processing file /home/airflow/.local/lib/python3.12/site-packages/airflow/example_dags/example_branch_operator.py for tasks to queue
[2025-07-24T20:40:19.410+0000] {logging_mixin.py:188} INFO - [2025-07-24T20:40:19.410+0000] {dagbag.py:545} INFO - Filling up the DagBag from /home/airflow/.local/lib/python3.12/site-packages/airflow/example_dags/example_branch_operator.py
[2025-07-24T20:40:19.419+0000] {processor.py:840} INFO - DAG(s) 'example_branch_operator' retrieved from /home/airflow/.local/lib/python3.12/site-packages/airflow/example_dags/example_branch_operator.py
[2025-07-24T20:40:19.436+0000] {logging_mixin.py:188} INFO - [2025-07-24T20:40:19.436+0000] {dag.py:3096} INFO - Sync 1 DAGs
[2025-07-24T20:40:19.448+0000] {logging_mixin.py:188} INFO - [2025-07-24T20:40:19.448+0000] {dag.py:3954} INFO - Setting next_dagrun for example_branch_operator to 2025-07-23 00:00:00+00:00, run_after=2025-07-24 00:00:00+00:00
[2025-07-24T20:40:19.457+0000] {processor.py:183} INFO - Processing /home/airflow/.local/lib/python3.12/site-packages/airflow/example_dags/example_branch_operator.py took 0.052 seconds
[2025-07-24T20:40:50.332+0000] {processor.py:161} INFO - Started process (PID=532) to work on /home/airflow/.local/lib/python3.12/site-packages/airflow/example_dags/example_branch_operator.py
[2025-07-24T20:40:50.333+0000] {processor.py:830} INFO - Processing file /home/airflow/.local/lib/python3.12/site-packages/airflow/example_dags/example_branch_operator.py for tasks to queue
[2025-07-24T20:40:50.333+0000] {logging_mixin.py:188} INFO - [2025-07-24T20:40:50.333+0000] {dagbag.py:545} INFO - Filling up the DagBag from /home/airflow/.local/lib/python3.12/site-packages/airflow/example_dags/example_branch_operator.py
[2025-07-24T20:40:50.341+0000] {processor.py:840} INFO - DAG(s) 'example_branch_operator' retrieved from /home/airflow/.local/lib/python3.12/site-packages/airflow/example_dags/example_branch_operator.py
[2025-07-24T20:40:50.356+0000] {logging_mixin.py:188} INFO - [2025-07-24T20:40:50.356+0000] {dag.py:3096} INFO - Sync 1 DAGs
[2025-07-24T20:40:50.369+0000] {logging_mixin.py:188} INFO - [2025-07-24T20:40:50.368+0000] {dag.py:3954} INFO - Setting next_dagrun for example_branch_operator to 2025-07-23 00:00:00+00:00, run_after=2025-07-24 00:00:00+00:00
[2025-07-24T20:40:50.377+0000] {processor.py:183} INFO - Processing /home/airflow/.local/lib/python3.12/site-packages/airflow/example_dags/example_branch_operator.py took 0.049 seconds
[2025-07-24T20:41:21.353+0000] {processor.py:161} INFO - Started process (PID=590) to work on /home/airflow/.local/lib/python3.12/site-packages/airflow/example_dags/example_branch_operator.py
[2025-07-24T20:41:21.354+0000] {processor.py:830} INFO - Processing file /home/airflow/.local/lib/python3.12/site-packages/airflow/example_dags/example_branch_operator.py for tasks to queue
[2025-07-24T20:41:21.354+0000] {logging_mixin.py:188} INFO - [2025-07-24T20:41:21.354+0000] {dagbag.py:545} INFO - Filling up the DagBag from /home/airflow/.local/lib/python3.12/site-packages/airflow/example_dags/example_branch_operator.py
[2025-07-24T20:41:21.363+0000] {processor.py:840} INFO - DAG(s) 'example_branch_operator' retrieved from /home/airflow/.local/lib/python3.12/site-packages/airflow/example_dags/example_branch_operator.py
[2025-07-24T20:41:21.378+0000] {logging_mixin.py:188} INFO - [2025-07-24T20:41:21.378+0000] {dag.py:3096} INFO - Sync 1 DAGs
[2025-07-24T20:41:21.390+0000] {logging_mixin.py:188} INFO - [2025-07-24T20:41:21.390+0000] {dag.py:3954} INFO - Setting next_dagrun for example_branch_operator to 2025-07-23 00:00:00+00:00, run_after=2025-07-24 00:00:00+00:00
[2025-07-24T20:41:21.400+0000] {processor.py:183} INFO - Processing /home/airflow/.local/lib/python3.12/site-packages/airflow/example_dags/example_branch_operator.py took 0.050 seconds
[2025-07-24T20:41:52.098+0000] {processor.py:161} INFO - Started process (PID=648) to work on /home/airflow/.local/lib/python3.12/site-packages/airflow/example_dags/example_branch_operator.py
[2025-07-24T20:41:52.099+0000] {processor.py:830} INFO - Processing file /home/airflow/.local/lib/python3.12/site-packages/airflow/example_dags/example_branch_operator.py for tasks to queue
[2025-07-24T20:41:52.100+0000] {logging_mixin.py:188} INFO - [2025-07-24T20:41:52.100+0000] {dagbag.py:545} INFO - Filling up the DagBag from /home/airflow/.local/lib/python3.12/site-packages/airflow/example_dags/example_branch_operator.py
[2025-07-24T20:41:52.111+0000] {processor.py:840} INFO - DAG(s) 'example_branch_operator' retrieved from /home/airflow/.local/lib/python3.12/site-packages/airflow/example_dags/example_branch_operator.py
[2025-07-24T20:41:52.128+0000] {logging_mixin.py:188} INFO - [2025-07-24T20:41:52.128+0000] {dag.py:3096} INFO - Sync 1 DAGs
[2025-07-24T20:41:52.143+0000] {logging_mixin.py:188} INFO - [2025-07-24T20:41:52.143+0000] {dag.py:3954} INFO - Setting next_dagrun for example_branch_operator to 2025-07-23 00:00:00+00:00, run_after=2025-07-24 00:00:00+00:00
[2025-07-24T20:41:52.155+0000] {processor.py:183} INFO - Processing /home/airflow/.local/lib/python3.12/site-packages/airflow/example_dags/example_branch_operator.py took 0.061 seconds
[2025-07-24T20:42:23.041+0000] {processor.py:161} INFO - Started process (PID=706) to work on /home/airflow/.local/lib/python3.12/site-packages/airflow/example_dags/example_branch_operator.py
[2025-07-24T20:42:23.041+0000] {processor.py:830} INFO - Processing file /home/airflow/.local/lib/python3.12/site-packages/airflow/example_dags/example_branch_operator.py for tasks to queue
[2025-07-24T20:42:23.042+0000] {logging_mixin.py:188} INFO - [2025-07-24T20:42:23.042+0000] {dagbag.py:545} INFO - Filling up the DagBag from /home/airflow/.local/lib/python3.12/site-packages/airflow/example_dags/example_branch_operator.py
[2025-07-24T20:42:23.050+0000] {processor.py:840} INFO - DAG(s) 'example_branch_operator' retrieved from /home/airflow/.local/lib/python3.12/site-packages/airflow/example_dags/example_branch_operator.py
[2025-07-24T20:42:23.064+0000] {logging_mixin.py:188} INFO - [2025-07-24T20:42:23.064+0000] {dag.py:3096} INFO - Sync 1 DAGs
[2025-07-24T20:42:23.075+0000] {logging_mixin.py:188} INFO - [2025-07-24T20:42:23.075+0000] {dag.py:3954} INFO - Setting next_dagrun for example_branch_operator to 2025-07-23 00:00:00+00:00, run_after=2025-07-24 00:00:00+00:00
[2025-07-24T20:42:23.084+0000] {processor.py:183} INFO - Processing /home/airflow/.local/lib/python3.12/site-packages/airflow/example_dags/example_branch_operator.py took 0.047 seconds
[2025-07-24T20:43:16.938+0000] {processor.py:161} INFO - Started process (PID=62) to work on /home/airflow/.local/lib/python3.12/site-packages/airflow/example_dags/example_branch_operator.py
[2025-07-24T20:43:16.939+0000] {processor.py:830} INFO - Processing file /home/airflow/.local/lib/python3.12/site-packages/airflow/example_dags/example_branch_operator.py for tasks to queue
[2025-07-24T20:43:16.940+0000] {logging_mixin.py:188} INFO - [2025-07-24T20:43:16.940+0000] {dagbag.py:545} INFO - Filling up the DagBag from /home/airflow/.local/lib/python3.12/site-packages/airflow/example_dags/example_branch_operator.py
[2025-07-24T20:43:16.949+0000] {processor.py:840} INFO - DAG(s) 'example_branch_operator' retrieved from /home/airflow/.local/lib/python3.12/site-packages/airflow/example_dags/example_branch_operator.py
[2025-07-24T20:43:16.956+0000] {logging_mixin.py:188} INFO - [2025-07-24T20:43:16.956+0000] {dag.py:3096} INFO - Sync 1 DAGs
[2025-07-24T20:43:16.968+0000] {logging_mixin.py:188} INFO - [2025-07-24T20:43:16.967+0000] {dag.py:3954} INFO - Setting next_dagrun for example_branch_operator to 2025-07-23 00:00:00+00:00, run_after=2025-07-24 00:00:00+00:00
[2025-07-24T20:43:16.977+0000] {processor.py:183} INFO - Processing /home/airflow/.local/lib/python3.12/site-packages/airflow/example_dags/example_branch_operator.py took 0.041 seconds
[2025-07-24T20:43:48.131+0000] {processor.py:161} INFO - Started process (PID=120) to work on /home/airflow/.local/lib/python3.12/site-packages/airflow/example_dags/example_branch_operator.py
[2025-07-24T20:43:48.131+0000] {processor.py:830} INFO - Processing file /home/airflow/.local/lib/python3.12/site-packages/airflow/example_dags/example_branch_operator.py for tasks to queue
[2025-07-24T20:43:48.132+0000] {logging_mixin.py:188} INFO - [2025-07-24T20:43:48.132+0000] {dagbag.py:545} INFO - Filling up the DagBag from /home/airflow/.local/lib/python3.12/site-packages/airflow/example_dags/example_branch_operator.py
[2025-07-24T20:43:48.141+0000] {processor.py:840} INFO - DAG(s) 'example_branch_operator' retrieved from /home/airflow/.local/lib/python3.12/site-packages/airflow/example_dags/example_branch_operator.py
[2025-07-24T20:43:48.200+0000] {logging_mixin.py:188} INFO - [2025-07-24T20:43:48.199+0000] {dag.py:3096} INFO - Sync 1 DAGs
[2025-07-24T20:43:48.211+0000] {logging_mixin.py:188} INFO - [2025-07-24T20:43:48.211+0000] {dag.py:3954} INFO - Setting next_dagrun for example_branch_operator to 2025-07-23 00:00:00+00:00, run_after=2025-07-24 00:00:00+00:00
[2025-07-24T20:43:48.220+0000] {processor.py:183} INFO - Processing /home/airflow/.local/lib/python3.12/site-packages/airflow/example_dags/example_branch_operator.py took 0.092 seconds
[2025-07-24T20:44:18.776+0000] {processor.py:161} INFO - Started process (PID=178) to work on /home/airflow/.local/lib/python3.12/site-packages/airflow/example_dags/example_branch_operator.py
[2025-07-24T20:44:18.776+0000] {processor.py:830} INFO - Processing file /home/airflow/.local/lib/python3.12/site-packages/airflow/example_dags/example_branch_operator.py for tasks to queue
[2025-07-24T20:44:18.777+0000] {logging_mixin.py:188} INFO - [2025-07-24T20:44:18.777+0000] {dagbag.py:545} INFO - Filling up the DagBag from /home/airflow/.local/lib/python3.12/site-packages/airflow/example_dags/example_branch_operator.py
[2025-07-24T20:44:18.786+0000] {processor.py:840} INFO - DAG(s) 'example_branch_operator' retrieved from /home/airflow/.local/lib/python3.12/site-packages/airflow/example_dags/example_branch_operator.py
[2025-07-24T20:44:18.802+0000] {logging_mixin.py:188} INFO - [2025-07-24T20:44:18.801+0000] {dag.py:3096} INFO - Sync 1 DAGs
[2025-07-24T20:44:18.814+0000] {logging_mixin.py:188} INFO - [2025-07-24T20:44:18.814+0000] {dag.py:3954} INFO - Setting next_dagrun for example_branch_operator to 2025-07-23 00:00:00+00:00, run_after=2025-07-24 00:00:00+00:00
[2025-07-24T20:44:18.825+0000] {processor.py:183} INFO - Processing /home/airflow/.local/lib/python3.12/site-packages/airflow/example_dags/example_branch_operator.py took 0.054 seconds
[2025-07-24T20:44:48.880+0000] {processor.py:161} INFO - Started process (PID=236) to work on /home/airflow/.local/lib/python3.12/site-packages/airflow/example_dags/example_branch_operator.py
[2025-07-24T20:44:48.881+0000] {processor.py:830} INFO - Processing file /home/airflow/.local/lib/python3.12/site-packages/airflow/example_dags/example_branch_operator.py for tasks to queue
[2025-07-24T20:44:48.882+0000] {logging_mixin.py:188} INFO - [2025-07-24T20:44:48.882+0000] {dagbag.py:545} INFO - Filling up the DagBag from /home/airflow/.local/lib/python3.12/site-packages/airflow/example_dags/example_branch_operator.py
[2025-07-24T20:44:48.890+0000] {processor.py:840} INFO - DAG(s) 'example_branch_operator' retrieved from /home/airflow/.local/lib/python3.12/site-packages/airflow/example_dags/example_branch_operator.py
[2025-07-24T20:44:48.904+0000] {logging_mixin.py:188} INFO - [2025-07-24T20:44:48.904+0000] {dag.py:3096} INFO - Sync 1 DAGs
[2025-07-24T20:44:48.915+0000] {logging_mixin.py:188} INFO - [2025-07-24T20:44:48.915+0000] {dag.py:3954} INFO - Setting next_dagrun for example_branch_operator to 2025-07-23 00:00:00+00:00, run_after=2025-07-24 00:00:00+00:00
[2025-07-24T20:44:48.924+0000] {processor.py:183} INFO - Processing /home/airflow/.local/lib/python3.12/site-packages/airflow/example_dags/example_branch_operator.py took 0.047 seconds
[2025-07-24T20:45:18.964+0000] {processor.py:161} INFO - Started process (PID=294) to work on /home/airflow/.local/lib/python3.12/site-packages/airflow/example_dags/example_branch_operator.py
[2025-07-24T20:45:18.964+0000] {processor.py:830} INFO - Processing file /home/airflow/.local/lib/python3.12/site-packages/airflow/example_dags/example_branch_operator.py for tasks to queue
[2025-07-24T20:45:18.965+0000] {logging_mixin.py:188} INFO - [2025-07-24T20:45:18.965+0000] {dagbag.py:545} INFO - Filling up the DagBag from /home/airflow/.local/lib/python3.12/site-packages/airflow/example_dags/example_branch_operator.py
[2025-07-24T20:45:18.974+0000] {processor.py:840} INFO - DAG(s) 'example_branch_operator' retrieved from /home/airflow/.local/lib/python3.12/site-packages/airflow/example_dags/example_branch_operator.py
[2025-07-24T20:45:18.989+0000] {logging_mixin.py:188} INFO - [2025-07-24T20:45:18.989+0000] {dag.py:3096} INFO - Sync 1 DAGs
[2025-07-24T20:45:19.000+0000] {logging_mixin.py:188} INFO - [2025-07-24T20:45:19.000+0000] {dag.py:3954} INFO - Setting next_dagrun for example_branch_operator to 2025-07-23 00:00:00+00:00, run_after=2025-07-24 00:00:00+00:00
[2025-07-24T20:45:19.008+0000] {processor.py:183} INFO - Processing /home/airflow/.local/lib/python3.12/site-packages/airflow/example_dags/example_branch_operator.py took 0.048 seconds
[2025-07-24T20:45:49.555+0000] {processor.py:161} INFO - Started process (PID=352) to work on /home/airflow/.local/lib/python3.12/site-packages/airflow/example_dags/example_branch_operator.py
[2025-07-24T20:45:49.555+0000] {processor.py:830} INFO - Processing file /home/airflow/.local/lib/python3.12/site-packages/airflow/example_dags/example_branch_operator.py for tasks to queue
[2025-07-24T20:45:49.556+0000] {logging_mixin.py:188} INFO - [2025-07-24T20:45:49.556+0000] {dagbag.py:545} INFO - Filling up the DagBag from /home/airflow/.local/lib/python3.12/site-packages/airflow/example_dags/example_branch_operator.py
[2025-07-24T20:45:49.566+0000] {processor.py:840} INFO - DAG(s) 'example_branch_operator' retrieved from /home/airflow/.local/lib/python3.12/site-packages/airflow/example_dags/example_branch_operator.py
[2025-07-24T20:45:49.583+0000] {logging_mixin.py:188} INFO - [2025-07-24T20:45:49.583+0000] {dag.py:3096} INFO - Sync 1 DAGs
[2025-07-24T20:45:49.598+0000] {logging_mixin.py:188} INFO - [2025-07-24T20:45:49.597+0000] {dag.py:3954} INFO - Setting next_dagrun for example_branch_operator to 2025-07-23 00:00:00+00:00, run_after=2025-07-24 00:00:00+00:00
[2025-07-24T20:45:49.607+0000] {processor.py:183} INFO - Processing /home/airflow/.local/lib/python3.12/site-packages/airflow/example_dags/example_branch_operator.py took 0.056 seconds
[2025-07-24T20:46:20.215+0000] {processor.py:161} INFO - Started process (PID=416) to work on /home/airflow/.local/lib/python3.12/site-packages/airflow/example_dags/example_branch_operator.py
[2025-07-24T20:46:20.215+0000] {processor.py:830} INFO - Processing file /home/airflow/.local/lib/python3.12/site-packages/airflow/example_dags/example_branch_operator.py for tasks to queue
[2025-07-24T20:46:20.216+0000] {logging_mixin.py:188} INFO - [2025-07-24T20:46:20.216+0000] {dagbag.py:545} INFO - Filling up the DagBag from /home/airflow/.local/lib/python3.12/site-packages/airflow/example_dags/example_branch_operator.py
[2025-07-24T20:46:20.226+0000] {processor.py:840} INFO - DAG(s) 'example_branch_operator' retrieved from /home/airflow/.local/lib/python3.12/site-packages/airflow/example_dags/example_branch_operator.py
[2025-07-24T20:46:20.242+0000] {logging_mixin.py:188} INFO - [2025-07-24T20:46:20.241+0000] {dag.py:3096} INFO - Sync 1 DAGs
[2025-07-24T20:46:20.254+0000] {logging_mixin.py:188} INFO - [2025-07-24T20:46:20.254+0000] {dag.py:3954} INFO - Setting next_dagrun for example_branch_operator to 2025-07-23 00:00:00+00:00, run_after=2025-07-24 00:00:00+00:00
[2025-07-24T20:46:20.264+0000] {processor.py:183} INFO - Processing /home/airflow/.local/lib/python3.12/site-packages/airflow/example_dags/example_branch_operator.py took 0.053 seconds
[2025-07-24T20:46:50.924+0000] {processor.py:161} INFO - Started process (PID=474) to work on /home/airflow/.local/lib/python3.12/site-packages/airflow/example_dags/example_branch_operator.py
[2025-07-24T20:46:50.925+0000] {processor.py:830} INFO - Processing file /home/airflow/.local/lib/python3.12/site-packages/airflow/example_dags/example_branch_operator.py for tasks to queue
[2025-07-24T20:46:50.926+0000] {logging_mixin.py:188} INFO - [2025-07-24T20:46:50.926+0000] {dagbag.py:545} INFO - Filling up the DagBag from /home/airflow/.local/lib/python3.12/site-packages/airflow/example_dags/example_branch_operator.py
[2025-07-24T20:46:50.936+0000] {processor.py:840} INFO - DAG(s) 'example_branch_operator' retrieved from /home/airflow/.local/lib/python3.12/site-packages/airflow/example_dags/example_branch_operator.py
[2025-07-24T20:46:50.952+0000] {logging_mixin.py:188} INFO - [2025-07-24T20:46:50.952+0000] {dag.py:3096} INFO - Sync 1 DAGs
[2025-07-24T20:46:50.965+0000] {logging_mixin.py:188} INFO - [2025-07-24T20:46:50.965+0000] {dag.py:3954} INFO - Setting next_dagrun for example_branch_operator to 2025-07-23 00:00:00+00:00, run_after=2025-07-24 00:00:00+00:00
[2025-07-24T20:46:50.975+0000] {processor.py:183} INFO - Processing /home/airflow/.local/lib/python3.12/site-packages/airflow/example_dags/example_branch_operator.py took 0.055 seconds
[2025-07-24T20:47:21.604+0000] {processor.py:161} INFO - Started process (PID=532) to work on /home/airflow/.local/lib/python3.12/site-packages/airflow/example_dags/example_branch_operator.py
[2025-07-24T20:47:21.604+0000] {processor.py:830} INFO - Processing file /home/airflow/.local/lib/python3.12/site-packages/airflow/example_dags/example_branch_operator.py for tasks to queue
[2025-07-24T20:47:21.605+0000] {logging_mixin.py:188} INFO - [2025-07-24T20:47:21.605+0000] {dagbag.py:545} INFO - Filling up the DagBag from /home/airflow/.local/lib/python3.12/site-packages/airflow/example_dags/example_branch_operator.py
[2025-07-24T20:47:21.613+0000] {processor.py:840} INFO - DAG(s) 'example_branch_operator' retrieved from /home/airflow/.local/lib/python3.12/site-packages/airflow/example_dags/example_branch_operator.py
[2025-07-24T20:47:21.629+0000] {logging_mixin.py:188} INFO - [2025-07-24T20:47:21.628+0000] {dag.py:3096} INFO - Sync 1 DAGs
[2025-07-24T20:47:21.641+0000] {logging_mixin.py:188} INFO - [2025-07-24T20:47:21.641+0000] {dag.py:3954} INFO - Setting next_dagrun for example_branch_operator to 2025-07-23 00:00:00+00:00, run_after=2025-07-24 00:00:00+00:00
[2025-07-24T20:47:21.649+0000] {processor.py:183} INFO - Processing /home/airflow/.local/lib/python3.12/site-packages/airflow/example_dags/example_branch_operator.py took 0.050 seconds
[2025-07-24T20:47:52.311+0000] {processor.py:161} INFO - Started process (PID=590) to work on /home/airflow/.local/lib/python3.12/site-packages/airflow/example_dags/example_branch_operator.py
[2025-07-24T20:47:52.311+0000] {processor.py:830} INFO - Processing file /home/airflow/.local/lib/python3.12/site-packages/airflow/example_dags/example_branch_operator.py for tasks to queue
[2025-07-24T20:47:52.312+0000] {logging_mixin.py:188} INFO - [2025-07-24T20:47:52.312+0000] {dagbag.py:545} INFO - Filling up the DagBag from /home/airflow/.local/lib/python3.12/site-packages/airflow/example_dags/example_branch_operator.py
[2025-07-24T20:47:52.321+0000] {processor.py:840} INFO - DAG(s) 'example_branch_operator' retrieved from /home/airflow/.local/lib/python3.12/site-packages/airflow/example_dags/example_branch_operator.py
[2025-07-24T20:47:52.337+0000] {logging_mixin.py:188} INFO - [2025-07-24T20:47:52.336+0000] {dag.py:3096} INFO - Sync 1 DAGs
[2025-07-24T20:47:52.348+0000] {logging_mixin.py:188} INFO - [2025-07-24T20:47:52.348+0000] {dag.py:3954} INFO - Setting next_dagrun for example_branch_operator to 2025-07-23 00:00:00+00:00, run_after=2025-07-24 00:00:00+00:00
[2025-07-24T20:47:52.357+0000] {processor.py:183} INFO - Processing /home/airflow/.local/lib/python3.12/site-packages/airflow/example_dags/example_branch_operator.py took 0.049 seconds
[2025-07-24T20:48:22.940+0000] {processor.py:161} INFO - Started process (PID=648) to work on /home/airflow/.local/lib/python3.12/site-packages/airflow/example_dags/example_branch_operator.py
[2025-07-24T20:48:22.940+0000] {processor.py:830} INFO - Processing file /home/airflow/.local/lib/python3.12/site-packages/airflow/example_dags/example_branch_operator.py for tasks to queue
[2025-07-24T20:48:22.941+0000] {logging_mixin.py:188} INFO - [2025-07-24T20:48:22.941+0000] {dagbag.py:545} INFO - Filling up the DagBag from /home/airflow/.local/lib/python3.12/site-packages/airflow/example_dags/example_branch_operator.py
[2025-07-24T20:48:22.952+0000] {processor.py:840} INFO - DAG(s) 'example_branch_operator' retrieved from /home/airflow/.local/lib/python3.12/site-packages/airflow/example_dags/example_branch_operator.py
[2025-07-24T20:48:22.968+0000] {logging_mixin.py:188} INFO - [2025-07-24T20:48:22.968+0000] {dag.py:3096} INFO - Sync 1 DAGs
[2025-07-24T20:48:22.981+0000] {logging_mixin.py:188} INFO - [2025-07-24T20:48:22.981+0000] {dag.py:3954} INFO - Setting next_dagrun for example_branch_operator to 2025-07-23 00:00:00+00:00, run_after=2025-07-24 00:00:00+00:00
[2025-07-24T20:48:22.991+0000] {processor.py:183} INFO - Processing /home/airflow/.local/lib/python3.12/site-packages/airflow/example_dags/example_branch_operator.py took 0.055 seconds
[2025-07-24T20:48:53.586+0000] {processor.py:161} INFO - Started process (PID=706) to work on /home/airflow/.local/lib/python3.12/site-packages/airflow/example_dags/example_branch_operator.py
[2025-07-24T20:48:53.586+0000] {processor.py:830} INFO - Processing file /home/airflow/.local/lib/python3.12/site-packages/airflow/example_dags/example_branch_operator.py for tasks to queue
[2025-07-24T20:48:53.587+0000] {logging_mixin.py:188} INFO - [2025-07-24T20:48:53.587+0000] {dagbag.py:545} INFO - Filling up the DagBag from /home/airflow/.local/lib/python3.12/site-packages/airflow/example_dags/example_branch_operator.py
[2025-07-24T20:48:53.596+0000] {processor.py:840} INFO - DAG(s) 'example_branch_operator' retrieved from /home/airflow/.local/lib/python3.12/site-packages/airflow/example_dags/example_branch_operator.py
[2025-07-24T20:48:53.610+0000] {logging_mixin.py:188} INFO - [2025-07-24T20:48:53.610+0000] {dag.py:3096} INFO - Sync 1 DAGs
[2025-07-24T20:48:53.621+0000] {logging_mixin.py:188} INFO - [2025-07-24T20:48:53.621+0000] {dag.py:3954} INFO - Setting next_dagrun for example_branch_operator to 2025-07-23 00:00:00+00:00, run_after=2025-07-24 00:00:00+00:00
[2025-07-24T20:48:53.630+0000] {processor.py:183} INFO - Processing /home/airflow/.local/lib/python3.12/site-packages/airflow/example_dags/example_branch_operator.py took 0.047 seconds
[2025-07-24T20:49:24.195+0000] {processor.py:161} INFO - Started process (PID=764) to work on /home/airflow/.local/lib/python3.12/site-packages/airflow/example_dags/example_branch_operator.py
[2025-07-24T20:49:24.196+0000] {processor.py:830} INFO - Processing file /home/airflow/.local/lib/python3.12/site-packages/airflow/example_dags/example_branch_operator.py for tasks to queue
[2025-07-24T20:49:24.197+0000] {logging_mixin.py:188} INFO - [2025-07-24T20:49:24.197+0000] {dagbag.py:545} INFO - Filling up the DagBag from /home/airflow/.local/lib/python3.12/site-packages/airflow/example_dags/example_branch_operator.py
[2025-07-24T20:49:24.206+0000] {processor.py:840} INFO - DAG(s) 'example_branch_operator' retrieved from /home/airflow/.local/lib/python3.12/site-packages/airflow/example_dags/example_branch_operator.py
[2025-07-24T20:49:24.220+0000] {logging_mixin.py:188} INFO - [2025-07-24T20:49:24.220+0000] {dag.py:3096} INFO - Sync 1 DAGs
[2025-07-24T20:49:24.232+0000] {logging_mixin.py:188} INFO - [2025-07-24T20:49:24.232+0000] {dag.py:3954} INFO - Setting next_dagrun for example_branch_operator to 2025-07-23 00:00:00+00:00, run_after=2025-07-24 00:00:00+00:00
[2025-07-24T20:49:24.242+0000] {processor.py:183} INFO - Processing /home/airflow/.local/lib/python3.12/site-packages/airflow/example_dags/example_branch_operator.py took 0.050 seconds
[2025-07-24T20:49:54.835+0000] {processor.py:161} INFO - Started process (PID=822) to work on /home/airflow/.local/lib/python3.12/site-packages/airflow/example_dags/example_branch_operator.py
[2025-07-24T20:49:54.835+0000] {processor.py:830} INFO - Processing file /home/airflow/.local/lib/python3.12/site-packages/airflow/example_dags/example_branch_operator.py for tasks to queue
[2025-07-24T20:49:54.836+0000] {logging_mixin.py:188} INFO - [2025-07-24T20:49:54.836+0000] {dagbag.py:545} INFO - Filling up the DagBag from /home/airflow/.local/lib/python3.12/site-packages/airflow/example_dags/example_branch_operator.py
[2025-07-24T20:49:54.846+0000] {processor.py:840} INFO - DAG(s) 'example_branch_operator' retrieved from /home/airflow/.local/lib/python3.12/site-packages/airflow/example_dags/example_branch_operator.py
[2025-07-24T20:49:54.862+0000] {logging_mixin.py:188} INFO - [2025-07-24T20:49:54.862+0000] {dag.py:3096} INFO - Sync 1 DAGs
[2025-07-24T20:49:54.874+0000] {logging_mixin.py:188} INFO - [2025-07-24T20:49:54.874+0000] {dag.py:3954} INFO - Setting next_dagrun for example_branch_operator to 2025-07-23 00:00:00+00:00, run_after=2025-07-24 00:00:00+00:00
[2025-07-24T20:49:54.886+0000] {processor.py:183} INFO - Processing /home/airflow/.local/lib/python3.12/site-packages/airflow/example_dags/example_branch_operator.py took 0.054 seconds
[2025-07-24T20:50:25.562+0000] {processor.py:161} INFO - Started process (PID=880) to work on /home/airflow/.local/lib/python3.12/site-packages/airflow/example_dags/example_branch_operator.py
[2025-07-24T20:50:25.562+0000] {processor.py:830} INFO - Processing file /home/airflow/.local/lib/python3.12/site-packages/airflow/example_dags/example_branch_operator.py for tasks to queue
[2025-07-24T20:50:25.563+0000] {logging_mixin.py:188} INFO - [2025-07-24T20:50:25.563+0000] {dagbag.py:545} INFO - Filling up the DagBag from /home/airflow/.local/lib/python3.12/site-packages/airflow/example_dags/example_branch_operator.py
[2025-07-24T20:50:25.573+0000] {processor.py:840} INFO - DAG(s) 'example_branch_operator' retrieved from /home/airflow/.local/lib/python3.12/site-packages/airflow/example_dags/example_branch_operator.py
[2025-07-24T20:50:25.588+0000] {logging_mixin.py:188} INFO - [2025-07-24T20:50:25.588+0000] {dag.py:3096} INFO - Sync 1 DAGs
[2025-07-24T20:50:25.600+0000] {logging_mixin.py:188} INFO - [2025-07-24T20:50:25.600+0000] {dag.py:3954} INFO - Setting next_dagrun for example_branch_operator to 2025-07-23 00:00:00+00:00, run_after=2025-07-24 00:00:00+00:00
[2025-07-24T20:50:25.611+0000] {processor.py:183} INFO - Processing /home/airflow/.local/lib/python3.12/site-packages/airflow/example_dags/example_branch_operator.py took 0.053 seconds
[2025-07-24T20:50:55.689+0000] {processor.py:161} INFO - Started process (PID=938) to work on /home/airflow/.local/lib/python3.12/site-packages/airflow/example_dags/example_branch_operator.py
[2025-07-24T20:50:55.690+0000] {processor.py:830} INFO - Processing file /home/airflow/.local/lib/python3.12/site-packages/airflow/example_dags/example_branch_operator.py for tasks to queue
[2025-07-24T20:50:55.691+0000] {logging_mixin.py:188} INFO - [2025-07-24T20:50:55.691+0000] {dagbag.py:545} INFO - Filling up the DagBag from /home/airflow/.local/lib/python3.12/site-packages/airflow/example_dags/example_branch_operator.py
[2025-07-24T20:50:55.700+0000] {processor.py:840} INFO - DAG(s) 'example_branch_operator' retrieved from /home/airflow/.local/lib/python3.12/site-packages/airflow/example_dags/example_branch_operator.py
[2025-07-24T20:50:55.715+0000] {logging_mixin.py:188} INFO - [2025-07-24T20:50:55.715+0000] {dag.py:3096} INFO - Sync 1 DAGs
[2025-07-24T20:50:55.726+0000] {logging_mixin.py:188} INFO - [2025-07-24T20:50:55.726+0000] {dag.py:3954} INFO - Setting next_dagrun for example_branch_operator to 2025-07-23 00:00:00+00:00, run_after=2025-07-24 00:00:00+00:00
[2025-07-24T20:50:55.735+0000] {processor.py:183} INFO - Processing /home/airflow/.local/lib/python3.12/site-packages/airflow/example_dags/example_branch_operator.py took 0.050 seconds
[2025-07-24T20:51:26.474+0000] {processor.py:161} INFO - Started process (PID=996) to work on /home/airflow/.local/lib/python3.12/site-packages/airflow/example_dags/example_branch_operator.py
[2025-07-24T20:51:26.474+0000] {processor.py:830} INFO - Processing file /home/airflow/.local/lib/python3.12/site-packages/airflow/example_dags/example_branch_operator.py for tasks to queue
[2025-07-24T20:51:26.476+0000] {logging_mixin.py:188} INFO - [2025-07-24T20:51:26.475+0000] {dagbag.py:545} INFO - Filling up the DagBag from /home/airflow/.local/lib/python3.12/site-packages/airflow/example_dags/example_branch_operator.py
[2025-07-24T20:51:26.485+0000] {processor.py:840} INFO - DAG(s) 'example_branch_operator' retrieved from /home/airflow/.local/lib/python3.12/site-packages/airflow/example_dags/example_branch_operator.py
[2025-07-24T20:51:26.500+0000] {logging_mixin.py:188} INFO - [2025-07-24T20:51:26.499+0000] {dag.py:3096} INFO - Sync 1 DAGs
[2025-07-24T20:51:26.511+0000] {logging_mixin.py:188} INFO - [2025-07-24T20:51:26.510+0000] {dag.py:3954} INFO - Setting next_dagrun for example_branch_operator to 2025-07-23 00:00:00+00:00, run_after=2025-07-24 00:00:00+00:00
[2025-07-24T20:51:26.537+0000] {processor.py:183} INFO - Processing /home/airflow/.local/lib/python3.12/site-packages/airflow/example_dags/example_branch_operator.py took 0.067 seconds
[2025-07-24T20:51:57.153+0000] {processor.py:161} INFO - Started process (PID=1054) to work on /home/airflow/.local/lib/python3.12/site-packages/airflow/example_dags/example_branch_operator.py
[2025-07-24T20:51:57.153+0000] {processor.py:830} INFO - Processing file /home/airflow/.local/lib/python3.12/site-packages/airflow/example_dags/example_branch_operator.py for tasks to queue
[2025-07-24T20:51:57.154+0000] {logging_mixin.py:188} INFO - [2025-07-24T20:51:57.154+0000] {dagbag.py:545} INFO - Filling up the DagBag from /home/airflow/.local/lib/python3.12/site-packages/airflow/example_dags/example_branch_operator.py
[2025-07-24T20:51:57.164+0000] {processor.py:840} INFO - DAG(s) 'example_branch_operator' retrieved from /home/airflow/.local/lib/python3.12/site-packages/airflow/example_dags/example_branch_operator.py
[2025-07-24T20:51:57.179+0000] {logging_mixin.py:188} INFO - [2025-07-24T20:51:57.179+0000] {dag.py:3096} INFO - Sync 1 DAGs
[2025-07-24T20:51:57.191+0000] {logging_mixin.py:188} INFO - [2025-07-24T20:51:57.191+0000] {dag.py:3954} INFO - Setting next_dagrun for example_branch_operator to 2025-07-23 00:00:00+00:00, run_after=2025-07-24 00:00:00+00:00
[2025-07-24T20:51:57.201+0000] {processor.py:183} INFO - Processing /home/airflow/.local/lib/python3.12/site-packages/airflow/example_dags/example_branch_operator.py took 0.051 seconds
[2025-07-24T20:52:27.911+0000] {processor.py:161} INFO - Started process (PID=1112) to work on /home/airflow/.local/lib/python3.12/site-packages/airflow/example_dags/example_branch_operator.py
[2025-07-24T20:52:27.912+0000] {processor.py:830} INFO - Processing file /home/airflow/.local/lib/python3.12/site-packages/airflow/example_dags/example_branch_operator.py for tasks to queue
[2025-07-24T20:52:27.913+0000] {logging_mixin.py:188} INFO - [2025-07-24T20:52:27.913+0000] {dagbag.py:545} INFO - Filling up the DagBag from /home/airflow/.local/lib/python3.12/site-packages/airflow/example_dags/example_branch_operator.py
[2025-07-24T20:52:27.922+0000] {processor.py:840} INFO - DAG(s) 'example_branch_operator' retrieved from /home/airflow/.local/lib/python3.12/site-packages/airflow/example_dags/example_branch_operator.py
[2025-07-24T20:52:27.938+0000] {logging_mixin.py:188} INFO - [2025-07-24T20:52:27.938+0000] {dag.py:3096} INFO - Sync 1 DAGs
[2025-07-24T20:52:27.950+0000] {logging_mixin.py:188} INFO - [2025-07-24T20:52:27.950+0000] {dag.py:3954} INFO - Setting next_dagrun for example_branch_operator to 2025-07-23 00:00:00+00:00, run_after=2025-07-24 00:00:00+00:00
[2025-07-24T20:52:27.959+0000] {processor.py:183} INFO - Processing /home/airflow/.local/lib/python3.12/site-packages/airflow/example_dags/example_branch_operator.py took 0.051 seconds
[2025-07-24T20:52:58.633+0000] {processor.py:161} INFO - Started process (PID=1170) to work on /home/airflow/.local/lib/python3.12/site-packages/airflow/example_dags/example_branch_operator.py
[2025-07-24T20:52:58.633+0000] {processor.py:830} INFO - Processing file /home/airflow/.local/lib/python3.12/site-packages/airflow/example_dags/example_branch_operator.py for tasks to queue
[2025-07-24T20:52:58.635+0000] {logging_mixin.py:188} INFO - [2025-07-24T20:52:58.634+0000] {dagbag.py:545} INFO - Filling up the DagBag from /home/airflow/.local/lib/python3.12/site-packages/airflow/example_dags/example_branch_operator.py
[2025-07-24T20:52:58.644+0000] {processor.py:840} INFO - DAG(s) 'example_branch_operator' retrieved from /home/airflow/.local/lib/python3.12/site-packages/airflow/example_dags/example_branch_operator.py
[2025-07-24T20:52:58.660+0000] {logging_mixin.py:188} INFO - [2025-07-24T20:52:58.660+0000] {dag.py:3096} INFO - Sync 1 DAGs
[2025-07-24T20:52:58.673+0000] {logging_mixin.py:188} INFO - [2025-07-24T20:52:58.673+0000] {dag.py:3954} INFO - Setting next_dagrun for example_branch_operator to 2025-07-23 00:00:00+00:00, run_after=2025-07-24 00:00:00+00:00
[2025-07-24T20:52:58.683+0000] {processor.py:183} INFO - Processing /home/airflow/.local/lib/python3.12/site-packages/airflow/example_dags/example_branch_operator.py took 0.054 seconds
[2025-07-24T20:53:28.808+0000] {processor.py:161} INFO - Started process (PID=1228) to work on /home/airflow/.local/lib/python3.12/site-packages/airflow/example_dags/example_branch_operator.py
[2025-07-24T20:53:28.809+0000] {processor.py:830} INFO - Processing file /home/airflow/.local/lib/python3.12/site-packages/airflow/example_dags/example_branch_operator.py for tasks to queue
[2025-07-24T20:53:28.810+0000] {logging_mixin.py:188} INFO - [2025-07-24T20:53:28.810+0000] {dagbag.py:545} INFO - Filling up the DagBag from /home/airflow/.local/lib/python3.12/site-packages/airflow/example_dags/example_branch_operator.py
[2025-07-24T20:53:28.819+0000] {processor.py:840} INFO - DAG(s) 'example_branch_operator' retrieved from /home/airflow/.local/lib/python3.12/site-packages/airflow/example_dags/example_branch_operator.py
[2025-07-24T20:53:28.837+0000] {logging_mixin.py:188} INFO - [2025-07-24T20:53:28.837+0000] {dag.py:3096} INFO - Sync 1 DAGs
[2025-07-24T20:53:28.849+0000] {logging_mixin.py:188} INFO - [2025-07-24T20:53:28.849+0000] {dag.py:3954} INFO - Setting next_dagrun for example_branch_operator to 2025-07-23 00:00:00+00:00, run_after=2025-07-24 00:00:00+00:00
[2025-07-24T20:53:28.860+0000] {processor.py:183} INFO - Processing /home/airflow/.local/lib/python3.12/site-packages/airflow/example_dags/example_branch_operator.py took 0.055 seconds
[2025-07-24T20:53:58.906+0000] {processor.py:161} INFO - Started process (PID=1286) to work on /home/airflow/.local/lib/python3.12/site-packages/airflow/example_dags/example_branch_operator.py
[2025-07-24T20:53:58.906+0000] {processor.py:830} INFO - Processing file /home/airflow/.local/lib/python3.12/site-packages/airflow/example_dags/example_branch_operator.py for tasks to queue
[2025-07-24T20:53:58.908+0000] {logging_mixin.py:188} INFO - [2025-07-24T20:53:58.907+0000] {dagbag.py:545} INFO - Filling up the DagBag from /home/airflow/.local/lib/python3.12/site-packages/airflow/example_dags/example_branch_operator.py
[2025-07-24T20:53:58.918+0000] {processor.py:840} INFO - DAG(s) 'example_branch_operator' retrieved from /home/airflow/.local/lib/python3.12/site-packages/airflow/example_dags/example_branch_operator.py
[2025-07-24T20:53:58.933+0000] {logging_mixin.py:188} INFO - [2025-07-24T20:53:58.932+0000] {dag.py:3096} INFO - Sync 1 DAGs
[2025-07-24T20:53:58.944+0000] {logging_mixin.py:188} INFO - [2025-07-24T20:53:58.944+0000] {dag.py:3954} INFO - Setting next_dagrun for example_branch_operator to 2025-07-23 00:00:00+00:00, run_after=2025-07-24 00:00:00+00:00
[2025-07-24T20:53:58.967+0000] {processor.py:183} INFO - Processing /home/airflow/.local/lib/python3.12/site-packages/airflow/example_dags/example_branch_operator.py took 0.065 seconds
[2025-07-24T20:54:29.029+0000] {processor.py:161} INFO - Started process (PID=1344) to work on /home/airflow/.local/lib/python3.12/site-packages/airflow/example_dags/example_branch_operator.py
[2025-07-24T20:54:29.029+0000] {processor.py:830} INFO - Processing file /home/airflow/.local/lib/python3.12/site-packages/airflow/example_dags/example_branch_operator.py for tasks to queue
[2025-07-24T20:54:29.030+0000] {logging_mixin.py:188} INFO - [2025-07-24T20:54:29.030+0000] {dagbag.py:545} INFO - Filling up the DagBag from /home/airflow/.local/lib/python3.12/site-packages/airflow/example_dags/example_branch_operator.py
[2025-07-24T20:54:29.038+0000] {processor.py:840} INFO - DAG(s) 'example_branch_operator' retrieved from /home/airflow/.local/lib/python3.12/site-packages/airflow/example_dags/example_branch_operator.py
[2025-07-24T20:54:29.053+0000] {logging_mixin.py:188} INFO - [2025-07-24T20:54:29.053+0000] {dag.py:3096} INFO - Sync 1 DAGs
[2025-07-24T20:54:29.064+0000] {logging_mixin.py:188} INFO - [2025-07-24T20:54:29.064+0000] {dag.py:3954} INFO - Setting next_dagrun for example_branch_operator to 2025-07-23 00:00:00+00:00, run_after=2025-07-24 00:00:00+00:00
[2025-07-24T20:54:29.072+0000] {processor.py:183} INFO - Processing /home/airflow/.local/lib/python3.12/site-packages/airflow/example_dags/example_branch_operator.py took 0.047 seconds
[2025-07-24T20:54:59.905+0000] {processor.py:161} INFO - Started process (PID=1402) to work on /home/airflow/.local/lib/python3.12/site-packages/airflow/example_dags/example_branch_operator.py
[2025-07-24T20:54:59.906+0000] {processor.py:830} INFO - Processing file /home/airflow/.local/lib/python3.12/site-packages/airflow/example_dags/example_branch_operator.py for tasks to queue
[2025-07-24T20:54:59.907+0000] {logging_mixin.py:188} INFO - [2025-07-24T20:54:59.907+0000] {dagbag.py:545} INFO - Filling up the DagBag from /home/airflow/.local/lib/python3.12/site-packages/airflow/example_dags/example_branch_operator.py
[2025-07-24T20:54:59.915+0000] {processor.py:840} INFO - DAG(s) 'example_branch_operator' retrieved from /home/airflow/.local/lib/python3.12/site-packages/airflow/example_dags/example_branch_operator.py
[2025-07-24T20:54:59.930+0000] {logging_mixin.py:188} INFO - [2025-07-24T20:54:59.930+0000] {dag.py:3096} INFO - Sync 1 DAGs
[2025-07-24T20:54:59.942+0000] {logging_mixin.py:188} INFO - [2025-07-24T20:54:59.942+0000] {dag.py:3954} INFO - Setting next_dagrun for example_branch_operator to 2025-07-23 00:00:00+00:00, run_after=2025-07-24 00:00:00+00:00
[2025-07-24T20:54:59.951+0000] {processor.py:183} INFO - Processing /home/airflow/.local/lib/python3.12/site-packages/airflow/example_dags/example_branch_operator.py took 0.049 seconds
[2025-07-24T20:55:30.678+0000] {processor.py:161} INFO - Started process (PID=1460) to work on /home/airflow/.local/lib/python3.12/site-packages/airflow/example_dags/example_branch_operator.py
[2025-07-24T20:55:30.679+0000] {processor.py:830} INFO - Processing file /home/airflow/.local/lib/python3.12/site-packages/airflow/example_dags/example_branch_operator.py for tasks to queue
[2025-07-24T20:55:30.680+0000] {logging_mixin.py:188} INFO - [2025-07-24T20:55:30.679+0000] {dagbag.py:545} INFO - Filling up the DagBag from /home/airflow/.local/lib/python3.12/site-packages/airflow/example_dags/example_branch_operator.py
[2025-07-24T20:55:30.688+0000] {processor.py:840} INFO - DAG(s) 'example_branch_operator' retrieved from /home/airflow/.local/lib/python3.12/site-packages/airflow/example_dags/example_branch_operator.py
[2025-07-24T20:55:30.703+0000] {logging_mixin.py:188} INFO - [2025-07-24T20:55:30.703+0000] {dag.py:3096} INFO - Sync 1 DAGs
[2025-07-24T20:55:30.715+0000] {logging_mixin.py:188} INFO - [2025-07-24T20:55:30.715+0000] {dag.py:3954} INFO - Setting next_dagrun for example_branch_operator to 2025-07-23 00:00:00+00:00, run_after=2025-07-24 00:00:00+00:00
[2025-07-24T20:55:30.724+0000] {processor.py:183} INFO - Processing /home/airflow/.local/lib/python3.12/site-packages/airflow/example_dags/example_branch_operator.py took 0.049 seconds
