[2025-07-24T20:31:49.436+0000] {processor.py:161} INFO - Started process (PID=87) to work on /home/airflow/.local/lib/python3.12/site-packages/airflow/example_dags/example_short_circuit_operator.py
[2025-07-24T20:31:49.436+0000] {processor.py:830} INFO - Processing file /home/airflow/.local/lib/python3.12/site-packages/airflow/example_dags/example_short_circuit_operator.py for tasks to queue
[2025-07-24T20:31:49.437+0000] {logging_mixin.py:188} INFO - [2025-07-24T20:31:49.437+0000] {dagbag.py:545} INFO - Filling up the DagBag from /home/airflow/.local/lib/python3.12/site-packages/airflow/example_dags/example_short_circuit_operator.py
[2025-07-24T20:31:49.442+0000] {processor.py:840} INFO - DAG(s) 'example_short_circuit_operator' retrieved from /home/airflow/.local/lib/python3.12/site-packages/airflow/example_dags/example_short_circuit_operator.py
[2025-07-24T20:31:49.448+0000] {logging_mixin.py:188} INFO - [2025-07-24T20:31:49.448+0000] {dag.py:3096} INFO - Sync 1 DAGs
[2025-07-24T20:31:49.459+0000] {logging_mixin.py:188} INFO - [2025-07-24T20:31:49.459+0000] {dag.py:3954} INFO - Setting next_dagrun for example_short_circuit_operator to 2025-07-23 00:00:00+00:00, run_after=2025-07-24 00:00:00+00:00
[2025-07-24T20:31:49.469+0000] {processor.py:183} INFO - Processing /home/airflow/.local/lib/python3.12/site-packages/airflow/example_dags/example_short_circuit_operator.py took 0.037 seconds
[2025-07-24T20:32:21.186+0000] {processor.py:161} INFO - Started process (PID=145) to work on /home/airflow/.local/lib/python3.12/site-packages/airflow/example_dags/example_short_circuit_operator.py
[2025-07-24T20:32:21.187+0000] {processor.py:830} INFO - Processing file /home/airflow/.local/lib/python3.12/site-packages/airflow/example_dags/example_short_circuit_operator.py for tasks to queue
[2025-07-24T20:32:21.188+0000] {logging_mixin.py:188} INFO - [2025-07-24T20:32:21.187+0000] {dagbag.py:545} INFO - Filling up the DagBag from /home/airflow/.local/lib/python3.12/site-packages/airflow/example_dags/example_short_circuit_operator.py
[2025-07-24T20:32:21.191+0000] {processor.py:840} INFO - DAG(s) 'example_short_circuit_operator' retrieved from /home/airflow/.local/lib/python3.12/site-packages/airflow/example_dags/example_short_circuit_operator.py
[2025-07-24T20:32:21.247+0000] {logging_mixin.py:188} INFO - [2025-07-24T20:32:21.247+0000] {dag.py:3096} INFO - Sync 1 DAGs
[2025-07-24T20:32:21.257+0000] {logging_mixin.py:188} INFO - [2025-07-24T20:32:21.257+0000] {dag.py:3954} INFO - Setting next_dagrun for example_short_circuit_operator to 2025-07-23 00:00:00+00:00, run_after=2025-07-24 00:00:00+00:00
[2025-07-24T20:32:21.266+0000] {processor.py:183} INFO - Processing /home/airflow/.local/lib/python3.12/site-packages/airflow/example_dags/example_short_circuit_operator.py took 0.083 seconds
[2025-07-24T20:32:51.301+0000] {processor.py:161} INFO - Started process (PID=202) to work on /home/airflow/.local/lib/python3.12/site-packages/airflow/example_dags/example_short_circuit_operator.py
[2025-07-24T20:32:51.301+0000] {processor.py:830} INFO - Processing file /home/airflow/.local/lib/python3.12/site-packages/airflow/example_dags/example_short_circuit_operator.py for tasks to queue
[2025-07-24T20:32:51.302+0000] {logging_mixin.py:188} INFO - [2025-07-24T20:32:51.302+0000] {dagbag.py:545} INFO - Filling up the DagBag from /home/airflow/.local/lib/python3.12/site-packages/airflow/example_dags/example_short_circuit_operator.py
[2025-07-24T20:32:51.306+0000] {processor.py:840} INFO - DAG(s) 'example_short_circuit_operator' retrieved from /home/airflow/.local/lib/python3.12/site-packages/airflow/example_dags/example_short_circuit_operator.py
[2025-07-24T20:32:51.319+0000] {logging_mixin.py:188} INFO - [2025-07-24T20:32:51.319+0000] {dag.py:3096} INFO - Sync 1 DAGs
[2025-07-24T20:32:51.330+0000] {logging_mixin.py:188} INFO - [2025-07-24T20:32:51.330+0000] {dag.py:3954} INFO - Setting next_dagrun for example_short_circuit_operator to 2025-07-23 00:00:00+00:00, run_after=2025-07-24 00:00:00+00:00
[2025-07-24T20:32:51.339+0000] {processor.py:183} INFO - Processing /home/airflow/.local/lib/python3.12/site-packages/airflow/example_dags/example_short_circuit_operator.py took 0.042 seconds
[2025-07-24T20:33:22.090+0000] {processor.py:161} INFO - Started process (PID=261) to work on /home/airflow/.local/lib/python3.12/site-packages/airflow/example_dags/example_short_circuit_operator.py
[2025-07-24T20:33:22.090+0000] {processor.py:830} INFO - Processing file /home/airflow/.local/lib/python3.12/site-packages/airflow/example_dags/example_short_circuit_operator.py for tasks to queue
[2025-07-24T20:33:22.091+0000] {logging_mixin.py:188} INFO - [2025-07-24T20:33:22.091+0000] {dagbag.py:545} INFO - Filling up the DagBag from /home/airflow/.local/lib/python3.12/site-packages/airflow/example_dags/example_short_circuit_operator.py
[2025-07-24T20:33:22.095+0000] {processor.py:840} INFO - DAG(s) 'example_short_circuit_operator' retrieved from /home/airflow/.local/lib/python3.12/site-packages/airflow/example_dags/example_short_circuit_operator.py
[2025-07-24T20:33:22.106+0000] {logging_mixin.py:188} INFO - [2025-07-24T20:33:22.106+0000] {dag.py:3096} INFO - Sync 1 DAGs
[2025-07-24T20:33:22.116+0000] {logging_mixin.py:188} INFO - [2025-07-24T20:33:22.116+0000] {dag.py:3954} INFO - Setting next_dagrun for example_short_circuit_operator to 2025-07-23 00:00:00+00:00, run_after=2025-07-24 00:00:00+00:00
[2025-07-24T20:33:22.124+0000] {processor.py:183} INFO - Processing /home/airflow/.local/lib/python3.12/site-packages/airflow/example_dags/example_short_circuit_operator.py took 0.039 seconds
[2025-07-24T20:33:52.889+0000] {processor.py:161} INFO - Started process (PID=319) to work on /home/airflow/.local/lib/python3.12/site-packages/airflow/example_dags/example_short_circuit_operator.py
[2025-07-24T20:33:52.889+0000] {processor.py:830} INFO - Processing file /home/airflow/.local/lib/python3.12/site-packages/airflow/example_dags/example_short_circuit_operator.py for tasks to queue
[2025-07-24T20:33:52.890+0000] {logging_mixin.py:188} INFO - [2025-07-24T20:33:52.890+0000] {dagbag.py:545} INFO - Filling up the DagBag from /home/airflow/.local/lib/python3.12/site-packages/airflow/example_dags/example_short_circuit_operator.py
[2025-07-24T20:33:52.895+0000] {processor.py:840} INFO - DAG(s) 'example_short_circuit_operator' retrieved from /home/airflow/.local/lib/python3.12/site-packages/airflow/example_dags/example_short_circuit_operator.py
[2025-07-24T20:33:52.906+0000] {logging_mixin.py:188} INFO - [2025-07-24T20:33:52.906+0000] {dag.py:3096} INFO - Sync 1 DAGs
[2025-07-24T20:33:52.917+0000] {logging_mixin.py:188} INFO - [2025-07-24T20:33:52.917+0000] {dag.py:3954} INFO - Setting next_dagrun for example_short_circuit_operator to 2025-07-23 00:00:00+00:00, run_after=2025-07-24 00:00:00+00:00
[2025-07-24T20:33:52.926+0000] {processor.py:183} INFO - Processing /home/airflow/.local/lib/python3.12/site-packages/airflow/example_dags/example_short_circuit_operator.py took 0.040 seconds
[2025-07-24T20:34:23.627+0000] {processor.py:161} INFO - Started process (PID=377) to work on /home/airflow/.local/lib/python3.12/site-packages/airflow/example_dags/example_short_circuit_operator.py
[2025-07-24T20:34:23.628+0000] {processor.py:830} INFO - Processing file /home/airflow/.local/lib/python3.12/site-packages/airflow/example_dags/example_short_circuit_operator.py for tasks to queue
[2025-07-24T20:34:23.629+0000] {logging_mixin.py:188} INFO - [2025-07-24T20:34:23.629+0000] {dagbag.py:545} INFO - Filling up the DagBag from /home/airflow/.local/lib/python3.12/site-packages/airflow/example_dags/example_short_circuit_operator.py
[2025-07-24T20:34:23.633+0000] {processor.py:840} INFO - DAG(s) 'example_short_circuit_operator' retrieved from /home/airflow/.local/lib/python3.12/site-packages/airflow/example_dags/example_short_circuit_operator.py
[2025-07-24T20:34:23.645+0000] {logging_mixin.py:188} INFO - [2025-07-24T20:34:23.645+0000] {dag.py:3096} INFO - Sync 1 DAGs
[2025-07-24T20:34:23.655+0000] {logging_mixin.py:188} INFO - [2025-07-24T20:34:23.655+0000] {dag.py:3954} INFO - Setting next_dagrun for example_short_circuit_operator to 2025-07-23 00:00:00+00:00, run_after=2025-07-24 00:00:00+00:00
[2025-07-24T20:34:23.664+0000] {processor.py:183} INFO - Processing /home/airflow/.local/lib/python3.12/site-packages/airflow/example_dags/example_short_circuit_operator.py took 0.039 seconds
[2025-07-24T20:34:54.400+0000] {processor.py:161} INFO - Started process (PID=435) to work on /home/airflow/.local/lib/python3.12/site-packages/airflow/example_dags/example_short_circuit_operator.py
[2025-07-24T20:34:54.400+0000] {processor.py:830} INFO - Processing file /home/airflow/.local/lib/python3.12/site-packages/airflow/example_dags/example_short_circuit_operator.py for tasks to queue
[2025-07-24T20:34:54.401+0000] {logging_mixin.py:188} INFO - [2025-07-24T20:34:54.401+0000] {dagbag.py:545} INFO - Filling up the DagBag from /home/airflow/.local/lib/python3.12/site-packages/airflow/example_dags/example_short_circuit_operator.py
[2025-07-24T20:34:54.406+0000] {processor.py:840} INFO - DAG(s) 'example_short_circuit_operator' retrieved from /home/airflow/.local/lib/python3.12/site-packages/airflow/example_dags/example_short_circuit_operator.py
[2025-07-24T20:34:54.417+0000] {logging_mixin.py:188} INFO - [2025-07-24T20:34:54.417+0000] {dag.py:3096} INFO - Sync 1 DAGs
[2025-07-24T20:34:54.428+0000] {logging_mixin.py:188} INFO - [2025-07-24T20:34:54.428+0000] {dag.py:3954} INFO - Setting next_dagrun for example_short_circuit_operator to 2025-07-23 00:00:00+00:00, run_after=2025-07-24 00:00:00+00:00
[2025-07-24T20:34:54.438+0000] {processor.py:183} INFO - Processing /home/airflow/.local/lib/python3.12/site-packages/airflow/example_dags/example_short_circuit_operator.py took 0.042 seconds
[2025-07-24T20:35:25.204+0000] {processor.py:161} INFO - Started process (PID=493) to work on /home/airflow/.local/lib/python3.12/site-packages/airflow/example_dags/example_short_circuit_operator.py
[2025-07-24T20:35:25.205+0000] {processor.py:830} INFO - Processing file /home/airflow/.local/lib/python3.12/site-packages/airflow/example_dags/example_short_circuit_operator.py for tasks to queue
[2025-07-24T20:35:25.206+0000] {logging_mixin.py:188} INFO - [2025-07-24T20:35:25.206+0000] {dagbag.py:545} INFO - Filling up the DagBag from /home/airflow/.local/lib/python3.12/site-packages/airflow/example_dags/example_short_circuit_operator.py
[2025-07-24T20:35:25.210+0000] {processor.py:840} INFO - DAG(s) 'example_short_circuit_operator' retrieved from /home/airflow/.local/lib/python3.12/site-packages/airflow/example_dags/example_short_circuit_operator.py
[2025-07-24T20:35:25.222+0000] {logging_mixin.py:188} INFO - [2025-07-24T20:35:25.222+0000] {dag.py:3096} INFO - Sync 1 DAGs
[2025-07-24T20:35:25.233+0000] {logging_mixin.py:188} INFO - [2025-07-24T20:35:25.233+0000] {dag.py:3954} INFO - Setting next_dagrun for example_short_circuit_operator to 2025-07-23 00:00:00+00:00, run_after=2025-07-24 00:00:00+00:00
[2025-07-24T20:35:25.241+0000] {processor.py:183} INFO - Processing /home/airflow/.local/lib/python3.12/site-packages/airflow/example_dags/example_short_circuit_operator.py took 0.040 seconds
[2025-07-24T20:36:44.997+0000] {processor.py:161} INFO - Started process (PID=80) to work on /home/airflow/.local/lib/python3.12/site-packages/airflow/example_dags/example_short_circuit_operator.py
[2025-07-24T20:36:44.997+0000] {processor.py:830} INFO - Processing file /home/airflow/.local/lib/python3.12/site-packages/airflow/example_dags/example_short_circuit_operator.py for tasks to queue
[2025-07-24T20:36:44.998+0000] {logging_mixin.py:188} INFO - [2025-07-24T20:36:44.998+0000] {dagbag.py:545} INFO - Filling up the DagBag from /home/airflow/.local/lib/python3.12/site-packages/airflow/example_dags/example_short_circuit_operator.py
[2025-07-24T20:36:45.003+0000] {processor.py:840} INFO - DAG(s) 'example_short_circuit_operator' retrieved from /home/airflow/.local/lib/python3.12/site-packages/airflow/example_dags/example_short_circuit_operator.py
[2025-07-24T20:36:45.009+0000] {logging_mixin.py:188} INFO - [2025-07-24T20:36:45.008+0000] {dag.py:3096} INFO - Sync 1 DAGs
[2025-07-24T20:36:45.020+0000] {logging_mixin.py:188} INFO - [2025-07-24T20:36:45.020+0000] {dag.py:3954} INFO - Setting next_dagrun for example_short_circuit_operator to 2025-07-23 00:00:00+00:00, run_after=2025-07-24 00:00:00+00:00
[2025-07-24T20:36:45.029+0000] {processor.py:183} INFO - Processing /home/airflow/.local/lib/python3.12/site-packages/airflow/example_dags/example_short_circuit_operator.py took 0.035 seconds
[2025-07-24T20:37:15.577+0000] {processor.py:161} INFO - Started process (PID=138) to work on /home/airflow/.local/lib/python3.12/site-packages/airflow/example_dags/example_short_circuit_operator.py
[2025-07-24T20:37:15.578+0000] {processor.py:830} INFO - Processing file /home/airflow/.local/lib/python3.12/site-packages/airflow/example_dags/example_short_circuit_operator.py for tasks to queue
[2025-07-24T20:37:15.579+0000] {logging_mixin.py:188} INFO - [2025-07-24T20:37:15.578+0000] {dagbag.py:545} INFO - Filling up the DagBag from /home/airflow/.local/lib/python3.12/site-packages/airflow/example_dags/example_short_circuit_operator.py
[2025-07-24T20:37:15.583+0000] {processor.py:840} INFO - DAG(s) 'example_short_circuit_operator' retrieved from /home/airflow/.local/lib/python3.12/site-packages/airflow/example_dags/example_short_circuit_operator.py
[2025-07-24T20:37:15.589+0000] {logging_mixin.py:188} INFO - [2025-07-24T20:37:15.589+0000] {dag.py:3096} INFO - Sync 1 DAGs
[2025-07-24T20:37:15.600+0000] {logging_mixin.py:188} INFO - [2025-07-24T20:37:15.600+0000] {dag.py:3954} INFO - Setting next_dagrun for example_short_circuit_operator to 2025-07-23 00:00:00+00:00, run_after=2025-07-24 00:00:00+00:00
[2025-07-24T20:37:15.608+0000] {processor.py:183} INFO - Processing /home/airflow/.local/lib/python3.12/site-packages/airflow/example_dags/example_short_circuit_operator.py took 0.035 seconds
[2025-07-24T20:37:47.292+0000] {processor.py:161} INFO - Started process (PID=202) to work on /home/airflow/.local/lib/python3.12/site-packages/airflow/example_dags/example_short_circuit_operator.py
[2025-07-24T20:37:47.292+0000] {processor.py:830} INFO - Processing file /home/airflow/.local/lib/python3.12/site-packages/airflow/example_dags/example_short_circuit_operator.py for tasks to queue
[2025-07-24T20:37:47.293+0000] {logging_mixin.py:188} INFO - [2025-07-24T20:37:47.293+0000] {dagbag.py:545} INFO - Filling up the DagBag from /home/airflow/.local/lib/python3.12/site-packages/airflow/example_dags/example_short_circuit_operator.py
[2025-07-24T20:37:47.297+0000] {processor.py:840} INFO - DAG(s) 'example_short_circuit_operator' retrieved from /home/airflow/.local/lib/python3.12/site-packages/airflow/example_dags/example_short_circuit_operator.py
[2025-07-24T20:37:47.351+0000] {logging_mixin.py:188} INFO - [2025-07-24T20:37:47.351+0000] {dag.py:3096} INFO - Sync 1 DAGs
[2025-07-24T20:37:47.360+0000] {logging_mixin.py:188} INFO - [2025-07-24T20:37:47.360+0000] {dag.py:3954} INFO - Setting next_dagrun for example_short_circuit_operator to 2025-07-23 00:00:00+00:00, run_after=2025-07-24 00:00:00+00:00
[2025-07-24T20:37:47.369+0000] {processor.py:183} INFO - Processing /home/airflow/.local/lib/python3.12/site-packages/airflow/example_dags/example_short_circuit_operator.py took 0.081 seconds
[2025-07-24T20:38:18.133+0000] {processor.py:161} INFO - Started process (PID=260) to work on /home/airflow/.local/lib/python3.12/site-packages/airflow/example_dags/example_short_circuit_operator.py
[2025-07-24T20:38:18.134+0000] {processor.py:830} INFO - Processing file /home/airflow/.local/lib/python3.12/site-packages/airflow/example_dags/example_short_circuit_operator.py for tasks to queue
[2025-07-24T20:38:18.135+0000] {logging_mixin.py:188} INFO - [2025-07-24T20:38:18.134+0000] {dagbag.py:545} INFO - Filling up the DagBag from /home/airflow/.local/lib/python3.12/site-packages/airflow/example_dags/example_short_circuit_operator.py
[2025-07-24T20:38:18.140+0000] {processor.py:840} INFO - DAG(s) 'example_short_circuit_operator' retrieved from /home/airflow/.local/lib/python3.12/site-packages/airflow/example_dags/example_short_circuit_operator.py
[2025-07-24T20:38:18.153+0000] {logging_mixin.py:188} INFO - [2025-07-24T20:38:18.153+0000] {dag.py:3096} INFO - Sync 1 DAGs
[2025-07-24T20:38:18.164+0000] {logging_mixin.py:188} INFO - [2025-07-24T20:38:18.164+0000] {dag.py:3954} INFO - Setting next_dagrun for example_short_circuit_operator to 2025-07-23 00:00:00+00:00, run_after=2025-07-24 00:00:00+00:00
[2025-07-24T20:38:18.173+0000] {processor.py:183} INFO - Processing /home/airflow/.local/lib/python3.12/site-packages/airflow/example_dags/example_short_circuit_operator.py took 0.043 seconds
[2025-07-24T20:38:48.873+0000] {processor.py:161} INFO - Started process (PID=318) to work on /home/airflow/.local/lib/python3.12/site-packages/airflow/example_dags/example_short_circuit_operator.py
[2025-07-24T20:38:48.874+0000] {processor.py:830} INFO - Processing file /home/airflow/.local/lib/python3.12/site-packages/airflow/example_dags/example_short_circuit_operator.py for tasks to queue
[2025-07-24T20:38:48.875+0000] {logging_mixin.py:188} INFO - [2025-07-24T20:38:48.874+0000] {dagbag.py:545} INFO - Filling up the DagBag from /home/airflow/.local/lib/python3.12/site-packages/airflow/example_dags/example_short_circuit_operator.py
[2025-07-24T20:38:48.878+0000] {processor.py:840} INFO - DAG(s) 'example_short_circuit_operator' retrieved from /home/airflow/.local/lib/python3.12/site-packages/airflow/example_dags/example_short_circuit_operator.py
[2025-07-24T20:38:48.892+0000] {logging_mixin.py:188} INFO - [2025-07-24T20:38:48.892+0000] {dag.py:3096} INFO - Sync 1 DAGs
[2025-07-24T20:38:48.906+0000] {logging_mixin.py:188} INFO - [2025-07-24T20:38:48.906+0000] {dag.py:3954} INFO - Setting next_dagrun for example_short_circuit_operator to 2025-07-23 00:00:00+00:00, run_after=2025-07-24 00:00:00+00:00
[2025-07-24T20:38:48.915+0000] {processor.py:183} INFO - Processing /home/airflow/.local/lib/python3.12/site-packages/airflow/example_dags/example_short_circuit_operator.py took 0.045 seconds
[2025-07-24T20:39:19.661+0000] {processor.py:161} INFO - Started process (PID=376) to work on /home/airflow/.local/lib/python3.12/site-packages/airflow/example_dags/example_short_circuit_operator.py
[2025-07-24T20:39:19.662+0000] {processor.py:830} INFO - Processing file /home/airflow/.local/lib/python3.12/site-packages/airflow/example_dags/example_short_circuit_operator.py for tasks to queue
[2025-07-24T20:39:19.663+0000] {logging_mixin.py:188} INFO - [2025-07-24T20:39:19.662+0000] {dagbag.py:545} INFO - Filling up the DagBag from /home/airflow/.local/lib/python3.12/site-packages/airflow/example_dags/example_short_circuit_operator.py
[2025-07-24T20:39:19.667+0000] {processor.py:840} INFO - DAG(s) 'example_short_circuit_operator' retrieved from /home/airflow/.local/lib/python3.12/site-packages/airflow/example_dags/example_short_circuit_operator.py
[2025-07-24T20:39:19.680+0000] {logging_mixin.py:188} INFO - [2025-07-24T20:39:19.679+0000] {dag.py:3096} INFO - Sync 1 DAGs
[2025-07-24T20:39:19.691+0000] {logging_mixin.py:188} INFO - [2025-07-24T20:39:19.691+0000] {dag.py:3954} INFO - Setting next_dagrun for example_short_circuit_operator to 2025-07-23 00:00:00+00:00, run_after=2025-07-24 00:00:00+00:00
[2025-07-24T20:39:19.699+0000] {processor.py:183} INFO - Processing /home/airflow/.local/lib/python3.12/site-packages/airflow/example_dags/example_short_circuit_operator.py took 0.042 seconds
[2025-07-24T20:39:50.323+0000] {processor.py:161} INFO - Started process (PID=434) to work on /home/airflow/.local/lib/python3.12/site-packages/airflow/example_dags/example_short_circuit_operator.py
[2025-07-24T20:39:50.323+0000] {processor.py:830} INFO - Processing file /home/airflow/.local/lib/python3.12/site-packages/airflow/example_dags/example_short_circuit_operator.py for tasks to queue
[2025-07-24T20:39:50.324+0000] {logging_mixin.py:188} INFO - [2025-07-24T20:39:50.324+0000] {dagbag.py:545} INFO - Filling up the DagBag from /home/airflow/.local/lib/python3.12/site-packages/airflow/example_dags/example_short_circuit_operator.py
[2025-07-24T20:39:50.328+0000] {processor.py:840} INFO - DAG(s) 'example_short_circuit_operator' retrieved from /home/airflow/.local/lib/python3.12/site-packages/airflow/example_dags/example_short_circuit_operator.py
[2025-07-24T20:39:50.340+0000] {logging_mixin.py:188} INFO - [2025-07-24T20:39:50.340+0000] {dag.py:3096} INFO - Sync 1 DAGs
[2025-07-24T20:39:50.351+0000] {logging_mixin.py:188} INFO - [2025-07-24T20:39:50.351+0000] {dag.py:3954} INFO - Setting next_dagrun for example_short_circuit_operator to 2025-07-23 00:00:00+00:00, run_after=2025-07-24 00:00:00+00:00
[2025-07-24T20:39:50.360+0000] {processor.py:183} INFO - Processing /home/airflow/.local/lib/python3.12/site-packages/airflow/example_dags/example_short_circuit_operator.py took 0.041 seconds
[2025-07-24T20:40:21.052+0000] {processor.py:161} INFO - Started process (PID=492) to work on /home/airflow/.local/lib/python3.12/site-packages/airflow/example_dags/example_short_circuit_operator.py
[2025-07-24T20:40:21.052+0000] {processor.py:830} INFO - Processing file /home/airflow/.local/lib/python3.12/site-packages/airflow/example_dags/example_short_circuit_operator.py for tasks to queue
[2025-07-24T20:40:21.053+0000] {logging_mixin.py:188} INFO - [2025-07-24T20:40:21.053+0000] {dagbag.py:545} INFO - Filling up the DagBag from /home/airflow/.local/lib/python3.12/site-packages/airflow/example_dags/example_short_circuit_operator.py
[2025-07-24T20:40:21.058+0000] {processor.py:840} INFO - DAG(s) 'example_short_circuit_operator' retrieved from /home/airflow/.local/lib/python3.12/site-packages/airflow/example_dags/example_short_circuit_operator.py
[2025-07-24T20:40:21.072+0000] {logging_mixin.py:188} INFO - [2025-07-24T20:40:21.072+0000] {dag.py:3096} INFO - Sync 1 DAGs
[2025-07-24T20:40:21.087+0000] {logging_mixin.py:188} INFO - [2025-07-24T20:40:21.087+0000] {dag.py:3954} INFO - Setting next_dagrun for example_short_circuit_operator to 2025-07-23 00:00:00+00:00, run_after=2025-07-24 00:00:00+00:00
[2025-07-24T20:40:21.097+0000] {processor.py:183} INFO - Processing /home/airflow/.local/lib/python3.12/site-packages/airflow/example_dags/example_short_circuit_operator.py took 0.049 seconds
[2025-07-24T20:40:51.996+0000] {processor.py:161} INFO - Started process (PID=550) to work on /home/airflow/.local/lib/python3.12/site-packages/airflow/example_dags/example_short_circuit_operator.py
[2025-07-24T20:40:51.996+0000] {processor.py:830} INFO - Processing file /home/airflow/.local/lib/python3.12/site-packages/airflow/example_dags/example_short_circuit_operator.py for tasks to queue
[2025-07-24T20:40:51.997+0000] {logging_mixin.py:188} INFO - [2025-07-24T20:40:51.997+0000] {dagbag.py:545} INFO - Filling up the DagBag from /home/airflow/.local/lib/python3.12/site-packages/airflow/example_dags/example_short_circuit_operator.py
[2025-07-24T20:40:52.001+0000] {processor.py:840} INFO - DAG(s) 'example_short_circuit_operator' retrieved from /home/airflow/.local/lib/python3.12/site-packages/airflow/example_dags/example_short_circuit_operator.py
[2025-07-24T20:40:52.014+0000] {logging_mixin.py:188} INFO - [2025-07-24T20:40:52.014+0000] {dag.py:3096} INFO - Sync 1 DAGs
[2025-07-24T20:40:52.025+0000] {logging_mixin.py:188} INFO - [2025-07-24T20:40:52.025+0000] {dag.py:3954} INFO - Setting next_dagrun for example_short_circuit_operator to 2025-07-23 00:00:00+00:00, run_after=2025-07-24 00:00:00+00:00
[2025-07-24T20:40:52.033+0000] {processor.py:183} INFO - Processing /home/airflow/.local/lib/python3.12/site-packages/airflow/example_dags/example_short_circuit_operator.py took 0.040 seconds
[2025-07-24T20:41:23.034+0000] {processor.py:161} INFO - Started process (PID=608) to work on /home/airflow/.local/lib/python3.12/site-packages/airflow/example_dags/example_short_circuit_operator.py
[2025-07-24T20:41:23.035+0000] {processor.py:830} INFO - Processing file /home/airflow/.local/lib/python3.12/site-packages/airflow/example_dags/example_short_circuit_operator.py for tasks to queue
[2025-07-24T20:41:23.036+0000] {logging_mixin.py:188} INFO - [2025-07-24T20:41:23.036+0000] {dagbag.py:545} INFO - Filling up the DagBag from /home/airflow/.local/lib/python3.12/site-packages/airflow/example_dags/example_short_circuit_operator.py
[2025-07-24T20:41:23.041+0000] {processor.py:840} INFO - DAG(s) 'example_short_circuit_operator' retrieved from /home/airflow/.local/lib/python3.12/site-packages/airflow/example_dags/example_short_circuit_operator.py
[2025-07-24T20:41:23.056+0000] {logging_mixin.py:188} INFO - [2025-07-24T20:41:23.056+0000] {dag.py:3096} INFO - Sync 1 DAGs
[2025-07-24T20:41:23.069+0000] {logging_mixin.py:188} INFO - [2025-07-24T20:41:23.069+0000] {dag.py:3954} INFO - Setting next_dagrun for example_short_circuit_operator to 2025-07-23 00:00:00+00:00, run_after=2025-07-24 00:00:00+00:00
[2025-07-24T20:41:23.079+0000] {processor.py:183} INFO - Processing /home/airflow/.local/lib/python3.12/site-packages/airflow/example_dags/example_short_circuit_operator.py took 0.049 seconds
[2025-07-24T20:41:53.789+0000] {processor.py:161} INFO - Started process (PID=666) to work on /home/airflow/.local/lib/python3.12/site-packages/airflow/example_dags/example_short_circuit_operator.py
[2025-07-24T20:41:53.790+0000] {processor.py:830} INFO - Processing file /home/airflow/.local/lib/python3.12/site-packages/airflow/example_dags/example_short_circuit_operator.py for tasks to queue
[2025-07-24T20:41:53.791+0000] {logging_mixin.py:188} INFO - [2025-07-24T20:41:53.791+0000] {dagbag.py:545} INFO - Filling up the DagBag from /home/airflow/.local/lib/python3.12/site-packages/airflow/example_dags/example_short_circuit_operator.py
[2025-07-24T20:41:53.796+0000] {processor.py:840} INFO - DAG(s) 'example_short_circuit_operator' retrieved from /home/airflow/.local/lib/python3.12/site-packages/airflow/example_dags/example_short_circuit_operator.py
[2025-07-24T20:41:53.809+0000] {logging_mixin.py:188} INFO - [2025-07-24T20:41:53.809+0000] {dag.py:3096} INFO - Sync 1 DAGs
[2025-07-24T20:41:53.821+0000] {logging_mixin.py:188} INFO - [2025-07-24T20:41:53.821+0000] {dag.py:3954} INFO - Setting next_dagrun for example_short_circuit_operator to 2025-07-23 00:00:00+00:00, run_after=2025-07-24 00:00:00+00:00
[2025-07-24T20:41:53.830+0000] {processor.py:183} INFO - Processing /home/airflow/.local/lib/python3.12/site-packages/airflow/example_dags/example_short_circuit_operator.py took 0.046 seconds
[2025-07-24T20:42:24.726+0000] {processor.py:161} INFO - Started process (PID=724) to work on /home/airflow/.local/lib/python3.12/site-packages/airflow/example_dags/example_short_circuit_operator.py
[2025-07-24T20:42:24.727+0000] {processor.py:830} INFO - Processing file /home/airflow/.local/lib/python3.12/site-packages/airflow/example_dags/example_short_circuit_operator.py for tasks to queue
[2025-07-24T20:42:24.728+0000] {logging_mixin.py:188} INFO - [2025-07-24T20:42:24.728+0000] {dagbag.py:545} INFO - Filling up the DagBag from /home/airflow/.local/lib/python3.12/site-packages/airflow/example_dags/example_short_circuit_operator.py
[2025-07-24T20:42:24.732+0000] {processor.py:840} INFO - DAG(s) 'example_short_circuit_operator' retrieved from /home/airflow/.local/lib/python3.12/site-packages/airflow/example_dags/example_short_circuit_operator.py
[2025-07-24T20:42:24.744+0000] {logging_mixin.py:188} INFO - [2025-07-24T20:42:24.744+0000] {dag.py:3096} INFO - Sync 1 DAGs
[2025-07-24T20:42:24.756+0000] {logging_mixin.py:188} INFO - [2025-07-24T20:42:24.756+0000] {dag.py:3954} INFO - Setting next_dagrun for example_short_circuit_operator to 2025-07-23 00:00:00+00:00, run_after=2025-07-24 00:00:00+00:00
[2025-07-24T20:42:24.766+0000] {processor.py:183} INFO - Processing /home/airflow/.local/lib/python3.12/site-packages/airflow/example_dags/example_short_circuit_operator.py took 0.043 seconds
[2025-07-24T20:43:17.514+0000] {processor.py:161} INFO - Started process (PID=80) to work on /home/airflow/.local/lib/python3.12/site-packages/airflow/example_dags/example_short_circuit_operator.py
[2025-07-24T20:43:17.514+0000] {processor.py:830} INFO - Processing file /home/airflow/.local/lib/python3.12/site-packages/airflow/example_dags/example_short_circuit_operator.py for tasks to queue
[2025-07-24T20:43:17.515+0000] {logging_mixin.py:188} INFO - [2025-07-24T20:43:17.515+0000] {dagbag.py:545} INFO - Filling up the DagBag from /home/airflow/.local/lib/python3.12/site-packages/airflow/example_dags/example_short_circuit_operator.py
[2025-07-24T20:43:17.520+0000] {processor.py:840} INFO - DAG(s) 'example_short_circuit_operator' retrieved from /home/airflow/.local/lib/python3.12/site-packages/airflow/example_dags/example_short_circuit_operator.py
[2025-07-24T20:43:17.527+0000] {logging_mixin.py:188} INFO - [2025-07-24T20:43:17.526+0000] {dag.py:3096} INFO - Sync 1 DAGs
[2025-07-24T20:43:17.541+0000] {logging_mixin.py:188} INFO - [2025-07-24T20:43:17.541+0000] {dag.py:3954} INFO - Setting next_dagrun for example_short_circuit_operator to 2025-07-23 00:00:00+00:00, run_after=2025-07-24 00:00:00+00:00
[2025-07-24T20:43:17.550+0000] {processor.py:183} INFO - Processing /home/airflow/.local/lib/python3.12/site-packages/airflow/example_dags/example_short_circuit_operator.py took 0.040 seconds
[2025-07-24T20:43:49.138+0000] {processor.py:161} INFO - Started process (PID=138) to work on /home/airflow/.local/lib/python3.12/site-packages/airflow/example_dags/example_short_circuit_operator.py
[2025-07-24T20:43:49.138+0000] {processor.py:830} INFO - Processing file /home/airflow/.local/lib/python3.12/site-packages/airflow/example_dags/example_short_circuit_operator.py for tasks to queue
[2025-07-24T20:43:49.139+0000] {logging_mixin.py:188} INFO - [2025-07-24T20:43:49.139+0000] {dagbag.py:545} INFO - Filling up the DagBag from /home/airflow/.local/lib/python3.12/site-packages/airflow/example_dags/example_short_circuit_operator.py
[2025-07-24T20:43:49.143+0000] {processor.py:840} INFO - DAG(s) 'example_short_circuit_operator' retrieved from /home/airflow/.local/lib/python3.12/site-packages/airflow/example_dags/example_short_circuit_operator.py
[2025-07-24T20:43:49.214+0000] {logging_mixin.py:188} INFO - [2025-07-24T20:43:49.214+0000] {dag.py:3096} INFO - Sync 1 DAGs
[2025-07-24T20:43:49.226+0000] {logging_mixin.py:188} INFO - [2025-07-24T20:43:49.226+0000] {dag.py:3954} INFO - Setting next_dagrun for example_short_circuit_operator to 2025-07-23 00:00:00+00:00, run_after=2025-07-24 00:00:00+00:00
[2025-07-24T20:43:49.236+0000] {processor.py:183} INFO - Processing /home/airflow/.local/lib/python3.12/site-packages/airflow/example_dags/example_short_circuit_operator.py took 0.102 seconds
[2025-07-24T20:44:19.555+0000] {processor.py:161} INFO - Started process (PID=196) to work on /home/airflow/.local/lib/python3.12/site-packages/airflow/example_dags/example_short_circuit_operator.py
[2025-07-24T20:44:19.556+0000] {processor.py:830} INFO - Processing file /home/airflow/.local/lib/python3.12/site-packages/airflow/example_dags/example_short_circuit_operator.py for tasks to queue
[2025-07-24T20:44:19.557+0000] {logging_mixin.py:188} INFO - [2025-07-24T20:44:19.557+0000] {dagbag.py:545} INFO - Filling up the DagBag from /home/airflow/.local/lib/python3.12/site-packages/airflow/example_dags/example_short_circuit_operator.py
[2025-07-24T20:44:19.560+0000] {processor.py:840} INFO - DAG(s) 'example_short_circuit_operator' retrieved from /home/airflow/.local/lib/python3.12/site-packages/airflow/example_dags/example_short_circuit_operator.py
[2025-07-24T20:44:19.573+0000] {logging_mixin.py:188} INFO - [2025-07-24T20:44:19.572+0000] {dag.py:3096} INFO - Sync 1 DAGs
[2025-07-24T20:44:19.584+0000] {logging_mixin.py:188} INFO - [2025-07-24T20:44:19.584+0000] {dag.py:3954} INFO - Setting next_dagrun for example_short_circuit_operator to 2025-07-23 00:00:00+00:00, run_after=2025-07-24 00:00:00+00:00
[2025-07-24T20:44:19.592+0000] {processor.py:183} INFO - Processing /home/airflow/.local/lib/python3.12/site-packages/airflow/example_dags/example_short_circuit_operator.py took 0.040 seconds
[2025-07-24T20:44:49.676+0000] {processor.py:161} INFO - Started process (PID=254) to work on /home/airflow/.local/lib/python3.12/site-packages/airflow/example_dags/example_short_circuit_operator.py
[2025-07-24T20:44:49.677+0000] {processor.py:830} INFO - Processing file /home/airflow/.local/lib/python3.12/site-packages/airflow/example_dags/example_short_circuit_operator.py for tasks to queue
[2025-07-24T20:44:49.678+0000] {logging_mixin.py:188} INFO - [2025-07-24T20:44:49.677+0000] {dagbag.py:545} INFO - Filling up the DagBag from /home/airflow/.local/lib/python3.12/site-packages/airflow/example_dags/example_short_circuit_operator.py
[2025-07-24T20:44:49.682+0000] {processor.py:840} INFO - DAG(s) 'example_short_circuit_operator' retrieved from /home/airflow/.local/lib/python3.12/site-packages/airflow/example_dags/example_short_circuit_operator.py
[2025-07-24T20:44:49.695+0000] {logging_mixin.py:188} INFO - [2025-07-24T20:44:49.694+0000] {dag.py:3096} INFO - Sync 1 DAGs
[2025-07-24T20:44:49.706+0000] {logging_mixin.py:188} INFO - [2025-07-24T20:44:49.706+0000] {dag.py:3954} INFO - Setting next_dagrun for example_short_circuit_operator to 2025-07-23 00:00:00+00:00, run_after=2025-07-24 00:00:00+00:00
[2025-07-24T20:44:49.716+0000] {processor.py:183} INFO - Processing /home/airflow/.local/lib/python3.12/site-packages/airflow/example_dags/example_short_circuit_operator.py took 0.043 seconds
[2025-07-24T20:45:20.563+0000] {processor.py:161} INFO - Started process (PID=318) to work on /home/airflow/.local/lib/python3.12/site-packages/airflow/example_dags/example_short_circuit_operator.py
[2025-07-24T20:45:20.563+0000] {processor.py:830} INFO - Processing file /home/airflow/.local/lib/python3.12/site-packages/airflow/example_dags/example_short_circuit_operator.py for tasks to queue
[2025-07-24T20:45:20.564+0000] {logging_mixin.py:188} INFO - [2025-07-24T20:45:20.564+0000] {dagbag.py:545} INFO - Filling up the DagBag from /home/airflow/.local/lib/python3.12/site-packages/airflow/example_dags/example_short_circuit_operator.py
[2025-07-24T20:45:20.568+0000] {processor.py:840} INFO - DAG(s) 'example_short_circuit_operator' retrieved from /home/airflow/.local/lib/python3.12/site-packages/airflow/example_dags/example_short_circuit_operator.py
[2025-07-24T20:45:20.580+0000] {logging_mixin.py:188} INFO - [2025-07-24T20:45:20.579+0000] {dag.py:3096} INFO - Sync 1 DAGs
[2025-07-24T20:45:20.590+0000] {logging_mixin.py:188} INFO - [2025-07-24T20:45:20.590+0000] {dag.py:3954} INFO - Setting next_dagrun for example_short_circuit_operator to 2025-07-23 00:00:00+00:00, run_after=2025-07-24 00:00:00+00:00
[2025-07-24T20:45:20.598+0000] {processor.py:183} INFO - Processing /home/airflow/.local/lib/python3.12/site-packages/airflow/example_dags/example_short_circuit_operator.py took 0.038 seconds
[2025-07-24T20:45:51.136+0000] {processor.py:161} INFO - Started process (PID=376) to work on /home/airflow/.local/lib/python3.12/site-packages/airflow/example_dags/example_short_circuit_operator.py
[2025-07-24T20:45:51.137+0000] {processor.py:830} INFO - Processing file /home/airflow/.local/lib/python3.12/site-packages/airflow/example_dags/example_short_circuit_operator.py for tasks to queue
[2025-07-24T20:45:51.138+0000] {logging_mixin.py:188} INFO - [2025-07-24T20:45:51.138+0000] {dagbag.py:545} INFO - Filling up the DagBag from /home/airflow/.local/lib/python3.12/site-packages/airflow/example_dags/example_short_circuit_operator.py
[2025-07-24T20:45:51.142+0000] {processor.py:840} INFO - DAG(s) 'example_short_circuit_operator' retrieved from /home/airflow/.local/lib/python3.12/site-packages/airflow/example_dags/example_short_circuit_operator.py
[2025-07-24T20:45:51.155+0000] {logging_mixin.py:188} INFO - [2025-07-24T20:45:51.155+0000] {dag.py:3096} INFO - Sync 1 DAGs
[2025-07-24T20:45:51.167+0000] {logging_mixin.py:188} INFO - [2025-07-24T20:45:51.167+0000] {dag.py:3954} INFO - Setting next_dagrun for example_short_circuit_operator to 2025-07-23 00:00:00+00:00, run_after=2025-07-24 00:00:00+00:00
[2025-07-24T20:45:51.177+0000] {processor.py:183} INFO - Processing /home/airflow/.local/lib/python3.12/site-packages/airflow/example_dags/example_short_circuit_operator.py took 0.045 seconds
[2025-07-24T20:46:21.892+0000] {processor.py:161} INFO - Started process (PID=434) to work on /home/airflow/.local/lib/python3.12/site-packages/airflow/example_dags/example_short_circuit_operator.py
[2025-07-24T20:46:21.893+0000] {processor.py:830} INFO - Processing file /home/airflow/.local/lib/python3.12/site-packages/airflow/example_dags/example_short_circuit_operator.py for tasks to queue
[2025-07-24T20:46:21.894+0000] {logging_mixin.py:188} INFO - [2025-07-24T20:46:21.894+0000] {dagbag.py:545} INFO - Filling up the DagBag from /home/airflow/.local/lib/python3.12/site-packages/airflow/example_dags/example_short_circuit_operator.py
[2025-07-24T20:46:21.898+0000] {processor.py:840} INFO - DAG(s) 'example_short_circuit_operator' retrieved from /home/airflow/.local/lib/python3.12/site-packages/airflow/example_dags/example_short_circuit_operator.py
[2025-07-24T20:46:21.911+0000] {logging_mixin.py:188} INFO - [2025-07-24T20:46:21.910+0000] {dag.py:3096} INFO - Sync 1 DAGs
[2025-07-24T20:46:21.922+0000] {logging_mixin.py:188} INFO - [2025-07-24T20:46:21.922+0000] {dag.py:3954} INFO - Setting next_dagrun for example_short_circuit_operator to 2025-07-23 00:00:00+00:00, run_after=2025-07-24 00:00:00+00:00
[2025-07-24T20:46:21.930+0000] {processor.py:183} INFO - Processing /home/airflow/.local/lib/python3.12/site-packages/airflow/example_dags/example_short_circuit_operator.py took 0.042 seconds
[2025-07-24T20:46:52.543+0000] {processor.py:161} INFO - Started process (PID=492) to work on /home/airflow/.local/lib/python3.12/site-packages/airflow/example_dags/example_short_circuit_operator.py
[2025-07-24T20:46:52.544+0000] {processor.py:830} INFO - Processing file /home/airflow/.local/lib/python3.12/site-packages/airflow/example_dags/example_short_circuit_operator.py for tasks to queue
[2025-07-24T20:46:52.545+0000] {logging_mixin.py:188} INFO - [2025-07-24T20:46:52.544+0000] {dagbag.py:545} INFO - Filling up the DagBag from /home/airflow/.local/lib/python3.12/site-packages/airflow/example_dags/example_short_circuit_operator.py
[2025-07-24T20:46:52.549+0000] {processor.py:840} INFO - DAG(s) 'example_short_circuit_operator' retrieved from /home/airflow/.local/lib/python3.12/site-packages/airflow/example_dags/example_short_circuit_operator.py
[2025-07-24T20:46:52.561+0000] {logging_mixin.py:188} INFO - [2025-07-24T20:46:52.561+0000] {dag.py:3096} INFO - Sync 1 DAGs
[2025-07-24T20:46:52.573+0000] {logging_mixin.py:188} INFO - [2025-07-24T20:46:52.572+0000] {dag.py:3954} INFO - Setting next_dagrun for example_short_circuit_operator to 2025-07-23 00:00:00+00:00, run_after=2025-07-24 00:00:00+00:00
[2025-07-24T20:46:52.581+0000] {processor.py:183} INFO - Processing /home/airflow/.local/lib/python3.12/site-packages/airflow/example_dags/example_short_circuit_operator.py took 0.041 seconds
[2025-07-24T20:47:23.251+0000] {processor.py:161} INFO - Started process (PID=550) to work on /home/airflow/.local/lib/python3.12/site-packages/airflow/example_dags/example_short_circuit_operator.py
[2025-07-24T20:47:23.252+0000] {processor.py:830} INFO - Processing file /home/airflow/.local/lib/python3.12/site-packages/airflow/example_dags/example_short_circuit_operator.py for tasks to queue
[2025-07-24T20:47:23.253+0000] {logging_mixin.py:188} INFO - [2025-07-24T20:47:23.253+0000] {dagbag.py:545} INFO - Filling up the DagBag from /home/airflow/.local/lib/python3.12/site-packages/airflow/example_dags/example_short_circuit_operator.py
[2025-07-24T20:47:23.256+0000] {processor.py:840} INFO - DAG(s) 'example_short_circuit_operator' retrieved from /home/airflow/.local/lib/python3.12/site-packages/airflow/example_dags/example_short_circuit_operator.py
[2025-07-24T20:47:23.268+0000] {logging_mixin.py:188} INFO - [2025-07-24T20:47:23.267+0000] {dag.py:3096} INFO - Sync 1 DAGs
[2025-07-24T20:47:23.277+0000] {logging_mixin.py:188} INFO - [2025-07-24T20:47:23.277+0000] {dag.py:3954} INFO - Setting next_dagrun for example_short_circuit_operator to 2025-07-23 00:00:00+00:00, run_after=2025-07-24 00:00:00+00:00
[2025-07-24T20:47:23.285+0000] {processor.py:183} INFO - Processing /home/airflow/.local/lib/python3.12/site-packages/airflow/example_dags/example_short_circuit_operator.py took 0.037 seconds
[2025-07-24T20:47:53.934+0000] {processor.py:161} INFO - Started process (PID=608) to work on /home/airflow/.local/lib/python3.12/site-packages/airflow/example_dags/example_short_circuit_operator.py
[2025-07-24T20:47:53.934+0000] {processor.py:830} INFO - Processing file /home/airflow/.local/lib/python3.12/site-packages/airflow/example_dags/example_short_circuit_operator.py for tasks to queue
[2025-07-24T20:47:53.935+0000] {logging_mixin.py:188} INFO - [2025-07-24T20:47:53.935+0000] {dagbag.py:545} INFO - Filling up the DagBag from /home/airflow/.local/lib/python3.12/site-packages/airflow/example_dags/example_short_circuit_operator.py
[2025-07-24T20:47:53.939+0000] {processor.py:840} INFO - DAG(s) 'example_short_circuit_operator' retrieved from /home/airflow/.local/lib/python3.12/site-packages/airflow/example_dags/example_short_circuit_operator.py
[2025-07-24T20:47:53.951+0000] {logging_mixin.py:188} INFO - [2025-07-24T20:47:53.951+0000] {dag.py:3096} INFO - Sync 1 DAGs
[2025-07-24T20:47:53.962+0000] {logging_mixin.py:188} INFO - [2025-07-24T20:47:53.961+0000] {dag.py:3954} INFO - Setting next_dagrun for example_short_circuit_operator to 2025-07-23 00:00:00+00:00, run_after=2025-07-24 00:00:00+00:00
[2025-07-24T20:47:53.970+0000] {processor.py:183} INFO - Processing /home/airflow/.local/lib/python3.12/site-packages/airflow/example_dags/example_short_circuit_operator.py took 0.039 seconds
[2025-07-24T20:48:24.581+0000] {processor.py:161} INFO - Started process (PID=666) to work on /home/airflow/.local/lib/python3.12/site-packages/airflow/example_dags/example_short_circuit_operator.py
[2025-07-24T20:48:24.581+0000] {processor.py:830} INFO - Processing file /home/airflow/.local/lib/python3.12/site-packages/airflow/example_dags/example_short_circuit_operator.py for tasks to queue
[2025-07-24T20:48:24.582+0000] {logging_mixin.py:188} INFO - [2025-07-24T20:48:24.582+0000] {dagbag.py:545} INFO - Filling up the DagBag from /home/airflow/.local/lib/python3.12/site-packages/airflow/example_dags/example_short_circuit_operator.py
[2025-07-24T20:48:24.587+0000] {processor.py:840} INFO - DAG(s) 'example_short_circuit_operator' retrieved from /home/airflow/.local/lib/python3.12/site-packages/airflow/example_dags/example_short_circuit_operator.py
[2025-07-24T20:48:24.600+0000] {logging_mixin.py:188} INFO - [2025-07-24T20:48:24.600+0000] {dag.py:3096} INFO - Sync 1 DAGs
[2025-07-24T20:48:24.612+0000] {logging_mixin.py:188} INFO - [2025-07-24T20:48:24.612+0000] {dag.py:3954} INFO - Setting next_dagrun for example_short_circuit_operator to 2025-07-23 00:00:00+00:00, run_after=2025-07-24 00:00:00+00:00
[2025-07-24T20:48:24.620+0000] {processor.py:183} INFO - Processing /home/airflow/.local/lib/python3.12/site-packages/airflow/example_dags/example_short_circuit_operator.py took 0.043 seconds
[2025-07-24T20:48:55.185+0000] {processor.py:161} INFO - Started process (PID=724) to work on /home/airflow/.local/lib/python3.12/site-packages/airflow/example_dags/example_short_circuit_operator.py
[2025-07-24T20:48:55.185+0000] {processor.py:830} INFO - Processing file /home/airflow/.local/lib/python3.12/site-packages/airflow/example_dags/example_short_circuit_operator.py for tasks to queue
[2025-07-24T20:48:55.186+0000] {logging_mixin.py:188} INFO - [2025-07-24T20:48:55.186+0000] {dagbag.py:545} INFO - Filling up the DagBag from /home/airflow/.local/lib/python3.12/site-packages/airflow/example_dags/example_short_circuit_operator.py
[2025-07-24T20:48:55.191+0000] {processor.py:840} INFO - DAG(s) 'example_short_circuit_operator' retrieved from /home/airflow/.local/lib/python3.12/site-packages/airflow/example_dags/example_short_circuit_operator.py
[2025-07-24T20:48:55.203+0000] {logging_mixin.py:188} INFO - [2025-07-24T20:48:55.203+0000] {dag.py:3096} INFO - Sync 1 DAGs
[2025-07-24T20:48:55.213+0000] {logging_mixin.py:188} INFO - [2025-07-24T20:48:55.213+0000] {dag.py:3954} INFO - Setting next_dagrun for example_short_circuit_operator to 2025-07-23 00:00:00+00:00, run_after=2025-07-24 00:00:00+00:00
[2025-07-24T20:48:55.222+0000] {processor.py:183} INFO - Processing /home/airflow/.local/lib/python3.12/site-packages/airflow/example_dags/example_short_circuit_operator.py took 0.041 seconds
[2025-07-24T20:49:25.812+0000] {processor.py:161} INFO - Started process (PID=782) to work on /home/airflow/.local/lib/python3.12/site-packages/airflow/example_dags/example_short_circuit_operator.py
[2025-07-24T20:49:25.813+0000] {processor.py:830} INFO - Processing file /home/airflow/.local/lib/python3.12/site-packages/airflow/example_dags/example_short_circuit_operator.py for tasks to queue
[2025-07-24T20:49:25.814+0000] {logging_mixin.py:188} INFO - [2025-07-24T20:49:25.814+0000] {dagbag.py:545} INFO - Filling up the DagBag from /home/airflow/.local/lib/python3.12/site-packages/airflow/example_dags/example_short_circuit_operator.py
[2025-07-24T20:49:25.817+0000] {processor.py:840} INFO - DAG(s) 'example_short_circuit_operator' retrieved from /home/airflow/.local/lib/python3.12/site-packages/airflow/example_dags/example_short_circuit_operator.py
[2025-07-24T20:49:25.830+0000] {logging_mixin.py:188} INFO - [2025-07-24T20:49:25.830+0000] {dag.py:3096} INFO - Sync 1 DAGs
[2025-07-24T20:49:25.841+0000] {logging_mixin.py:188} INFO - [2025-07-24T20:49:25.841+0000] {dag.py:3954} INFO - Setting next_dagrun for example_short_circuit_operator to 2025-07-23 00:00:00+00:00, run_after=2025-07-24 00:00:00+00:00
[2025-07-24T20:49:25.850+0000] {processor.py:183} INFO - Processing /home/airflow/.local/lib/python3.12/site-packages/airflow/example_dags/example_short_circuit_operator.py took 0.041 seconds
[2025-07-24T20:49:56.464+0000] {processor.py:161} INFO - Started process (PID=840) to work on /home/airflow/.local/lib/python3.12/site-packages/airflow/example_dags/example_short_circuit_operator.py
[2025-07-24T20:49:56.465+0000] {processor.py:830} INFO - Processing file /home/airflow/.local/lib/python3.12/site-packages/airflow/example_dags/example_short_circuit_operator.py for tasks to queue
[2025-07-24T20:49:56.466+0000] {logging_mixin.py:188} INFO - [2025-07-24T20:49:56.466+0000] {dagbag.py:545} INFO - Filling up the DagBag from /home/airflow/.local/lib/python3.12/site-packages/airflow/example_dags/example_short_circuit_operator.py
[2025-07-24T20:49:56.470+0000] {processor.py:840} INFO - DAG(s) 'example_short_circuit_operator' retrieved from /home/airflow/.local/lib/python3.12/site-packages/airflow/example_dags/example_short_circuit_operator.py
[2025-07-24T20:49:56.484+0000] {logging_mixin.py:188} INFO - [2025-07-24T20:49:56.484+0000] {dag.py:3096} INFO - Sync 1 DAGs
[2025-07-24T20:49:56.496+0000] {logging_mixin.py:188} INFO - [2025-07-24T20:49:56.496+0000] {dag.py:3954} INFO - Setting next_dagrun for example_short_circuit_operator to 2025-07-23 00:00:00+00:00, run_after=2025-07-24 00:00:00+00:00
[2025-07-24T20:49:56.505+0000] {processor.py:183} INFO - Processing /home/airflow/.local/lib/python3.12/site-packages/airflow/example_dags/example_short_circuit_operator.py took 0.045 seconds
[2025-07-24T20:50:27.335+0000] {processor.py:161} INFO - Started process (PID=898) to work on /home/airflow/.local/lib/python3.12/site-packages/airflow/example_dags/example_short_circuit_operator.py
[2025-07-24T20:50:27.335+0000] {processor.py:830} INFO - Processing file /home/airflow/.local/lib/python3.12/site-packages/airflow/example_dags/example_short_circuit_operator.py for tasks to queue
[2025-07-24T20:50:27.336+0000] {logging_mixin.py:188} INFO - [2025-07-24T20:50:27.336+0000] {dagbag.py:545} INFO - Filling up the DagBag from /home/airflow/.local/lib/python3.12/site-packages/airflow/example_dags/example_short_circuit_operator.py
[2025-07-24T20:50:27.340+0000] {processor.py:840} INFO - DAG(s) 'example_short_circuit_operator' retrieved from /home/airflow/.local/lib/python3.12/site-packages/airflow/example_dags/example_short_circuit_operator.py
[2025-07-24T20:50:27.354+0000] {logging_mixin.py:188} INFO - [2025-07-24T20:50:27.354+0000] {dag.py:3096} INFO - Sync 1 DAGs
[2025-07-24T20:50:27.365+0000] {logging_mixin.py:188} INFO - [2025-07-24T20:50:27.365+0000] {dag.py:3954} INFO - Setting next_dagrun for example_short_circuit_operator to 2025-07-23 00:00:00+00:00, run_after=2025-07-24 00:00:00+00:00
[2025-07-24T20:50:27.375+0000] {processor.py:183} INFO - Processing /home/airflow/.local/lib/python3.12/site-packages/airflow/example_dags/example_short_circuit_operator.py took 0.044 seconds
[2025-07-24T20:50:58.365+0000] {processor.py:161} INFO - Started process (PID=956) to work on /home/airflow/.local/lib/python3.12/site-packages/airflow/example_dags/example_short_circuit_operator.py
[2025-07-24T20:50:58.365+0000] {processor.py:830} INFO - Processing file /home/airflow/.local/lib/python3.12/site-packages/airflow/example_dags/example_short_circuit_operator.py for tasks to queue
[2025-07-24T20:50:58.366+0000] {logging_mixin.py:188} INFO - [2025-07-24T20:50:58.366+0000] {dagbag.py:545} INFO - Filling up the DagBag from /home/airflow/.local/lib/python3.12/site-packages/airflow/example_dags/example_short_circuit_operator.py
[2025-07-24T20:50:58.371+0000] {processor.py:840} INFO - DAG(s) 'example_short_circuit_operator' retrieved from /home/airflow/.local/lib/python3.12/site-packages/airflow/example_dags/example_short_circuit_operator.py
[2025-07-24T20:50:58.384+0000] {logging_mixin.py:188} INFO - [2025-07-24T20:50:58.384+0000] {dag.py:3096} INFO - Sync 1 DAGs
[2025-07-24T20:50:58.398+0000] {logging_mixin.py:188} INFO - [2025-07-24T20:50:58.398+0000] {dag.py:3954} INFO - Setting next_dagrun for example_short_circuit_operator to 2025-07-23 00:00:00+00:00, run_after=2025-07-24 00:00:00+00:00
[2025-07-24T20:50:58.407+0000] {processor.py:183} INFO - Processing /home/airflow/.local/lib/python3.12/site-packages/airflow/example_dags/example_short_circuit_operator.py took 0.046 seconds
[2025-07-24T20:51:29.059+0000] {processor.py:161} INFO - Started process (PID=1014) to work on /home/airflow/.local/lib/python3.12/site-packages/airflow/example_dags/example_short_circuit_operator.py
[2025-07-24T20:51:29.059+0000] {processor.py:830} INFO - Processing file /home/airflow/.local/lib/python3.12/site-packages/airflow/example_dags/example_short_circuit_operator.py for tasks to queue
[2025-07-24T20:51:29.061+0000] {logging_mixin.py:188} INFO - [2025-07-24T20:51:29.060+0000] {dagbag.py:545} INFO - Filling up the DagBag from /home/airflow/.local/lib/python3.12/site-packages/airflow/example_dags/example_short_circuit_operator.py
[2025-07-24T20:51:29.064+0000] {processor.py:840} INFO - DAG(s) 'example_short_circuit_operator' retrieved from /home/airflow/.local/lib/python3.12/site-packages/airflow/example_dags/example_short_circuit_operator.py
[2025-07-24T20:51:29.077+0000] {logging_mixin.py:188} INFO - [2025-07-24T20:51:29.077+0000] {dag.py:3096} INFO - Sync 1 DAGs
[2025-07-24T20:51:29.087+0000] {logging_mixin.py:188} INFO - [2025-07-24T20:51:29.087+0000] {dag.py:3954} INFO - Setting next_dagrun for example_short_circuit_operator to 2025-07-23 00:00:00+00:00, run_after=2025-07-24 00:00:00+00:00
[2025-07-24T20:51:29.096+0000] {processor.py:183} INFO - Processing /home/airflow/.local/lib/python3.12/site-packages/airflow/example_dags/example_short_circuit_operator.py took 0.040 seconds
[2025-07-24T20:51:59.796+0000] {processor.py:161} INFO - Started process (PID=1072) to work on /home/airflow/.local/lib/python3.12/site-packages/airflow/example_dags/example_short_circuit_operator.py
[2025-07-24T20:51:59.796+0000] {processor.py:830} INFO - Processing file /home/airflow/.local/lib/python3.12/site-packages/airflow/example_dags/example_short_circuit_operator.py for tasks to queue
[2025-07-24T20:51:59.797+0000] {logging_mixin.py:188} INFO - [2025-07-24T20:51:59.797+0000] {dagbag.py:545} INFO - Filling up the DagBag from /home/airflow/.local/lib/python3.12/site-packages/airflow/example_dags/example_short_circuit_operator.py
[2025-07-24T20:51:59.802+0000] {processor.py:840} INFO - DAG(s) 'example_short_circuit_operator' retrieved from /home/airflow/.local/lib/python3.12/site-packages/airflow/example_dags/example_short_circuit_operator.py
[2025-07-24T20:51:59.815+0000] {logging_mixin.py:188} INFO - [2025-07-24T20:51:59.815+0000] {dag.py:3096} INFO - Sync 1 DAGs
[2025-07-24T20:51:59.827+0000] {logging_mixin.py:188} INFO - [2025-07-24T20:51:59.827+0000] {dag.py:3954} INFO - Setting next_dagrun for example_short_circuit_operator to 2025-07-23 00:00:00+00:00, run_after=2025-07-24 00:00:00+00:00
[2025-07-24T20:51:59.837+0000] {processor.py:183} INFO - Processing /home/airflow/.local/lib/python3.12/site-packages/airflow/example_dags/example_short_circuit_operator.py took 0.045 seconds
[2025-07-24T20:52:30.495+0000] {processor.py:161} INFO - Started process (PID=1130) to work on /home/airflow/.local/lib/python3.12/site-packages/airflow/example_dags/example_short_circuit_operator.py
[2025-07-24T20:52:30.496+0000] {processor.py:830} INFO - Processing file /home/airflow/.local/lib/python3.12/site-packages/airflow/example_dags/example_short_circuit_operator.py for tasks to queue
[2025-07-24T20:52:30.497+0000] {logging_mixin.py:188} INFO - [2025-07-24T20:52:30.496+0000] {dagbag.py:545} INFO - Filling up the DagBag from /home/airflow/.local/lib/python3.12/site-packages/airflow/example_dags/example_short_circuit_operator.py
[2025-07-24T20:52:30.501+0000] {processor.py:840} INFO - DAG(s) 'example_short_circuit_operator' retrieved from /home/airflow/.local/lib/python3.12/site-packages/airflow/example_dags/example_short_circuit_operator.py
[2025-07-24T20:52:30.515+0000] {logging_mixin.py:188} INFO - [2025-07-24T20:52:30.515+0000] {dag.py:3096} INFO - Sync 1 DAGs
[2025-07-24T20:52:30.528+0000] {logging_mixin.py:188} INFO - [2025-07-24T20:52:30.528+0000] {dag.py:3954} INFO - Setting next_dagrun for example_short_circuit_operator to 2025-07-23 00:00:00+00:00, run_after=2025-07-24 00:00:00+00:00
[2025-07-24T20:52:30.539+0000] {processor.py:183} INFO - Processing /home/airflow/.local/lib/python3.12/site-packages/airflow/example_dags/example_short_circuit_operator.py took 0.047 seconds
[2025-07-24T20:53:01.263+0000] {processor.py:161} INFO - Started process (PID=1188) to work on /home/airflow/.local/lib/python3.12/site-packages/airflow/example_dags/example_short_circuit_operator.py
[2025-07-24T20:53:01.264+0000] {processor.py:830} INFO - Processing file /home/airflow/.local/lib/python3.12/site-packages/airflow/example_dags/example_short_circuit_operator.py for tasks to queue
[2025-07-24T20:53:01.265+0000] {logging_mixin.py:188} INFO - [2025-07-24T20:53:01.265+0000] {dagbag.py:545} INFO - Filling up the DagBag from /home/airflow/.local/lib/python3.12/site-packages/airflow/example_dags/example_short_circuit_operator.py
[2025-07-24T20:53:01.270+0000] {processor.py:840} INFO - DAG(s) 'example_short_circuit_operator' retrieved from /home/airflow/.local/lib/python3.12/site-packages/airflow/example_dags/example_short_circuit_operator.py
[2025-07-24T20:53:01.285+0000] {logging_mixin.py:188} INFO - [2025-07-24T20:53:01.285+0000] {dag.py:3096} INFO - Sync 1 DAGs
[2025-07-24T20:53:01.304+0000] {logging_mixin.py:188} INFO - [2025-07-24T20:53:01.304+0000] {dag.py:3954} INFO - Setting next_dagrun for example_short_circuit_operator to 2025-07-23 00:00:00+00:00, run_after=2025-07-24 00:00:00+00:00
[2025-07-24T20:53:01.315+0000] {processor.py:183} INFO - Processing /home/airflow/.local/lib/python3.12/site-packages/airflow/example_dags/example_short_circuit_operator.py took 0.056 seconds
[2025-07-24T20:53:31.401+0000] {processor.py:161} INFO - Started process (PID=1245) to work on /home/airflow/.local/lib/python3.12/site-packages/airflow/example_dags/example_short_circuit_operator.py
[2025-07-24T20:53:31.401+0000] {processor.py:830} INFO - Processing file /home/airflow/.local/lib/python3.12/site-packages/airflow/example_dags/example_short_circuit_operator.py for tasks to queue
[2025-07-24T20:53:31.402+0000] {logging_mixin.py:188} INFO - [2025-07-24T20:53:31.402+0000] {dagbag.py:545} INFO - Filling up the DagBag from /home/airflow/.local/lib/python3.12/site-packages/airflow/example_dags/example_short_circuit_operator.py
[2025-07-24T20:53:31.406+0000] {processor.py:840} INFO - DAG(s) 'example_short_circuit_operator' retrieved from /home/airflow/.local/lib/python3.12/site-packages/airflow/example_dags/example_short_circuit_operator.py
[2025-07-24T20:53:31.419+0000] {logging_mixin.py:188} INFO - [2025-07-24T20:53:31.419+0000] {dag.py:3096} INFO - Sync 1 DAGs
[2025-07-24T20:53:31.430+0000] {logging_mixin.py:188} INFO - [2025-07-24T20:53:31.430+0000] {dag.py:3954} INFO - Setting next_dagrun for example_short_circuit_operator to 2025-07-23 00:00:00+00:00, run_after=2025-07-24 00:00:00+00:00
[2025-07-24T20:53:31.438+0000] {processor.py:183} INFO - Processing /home/airflow/.local/lib/python3.12/site-packages/airflow/example_dags/example_short_circuit_operator.py took 0.041 seconds
[2025-07-24T20:54:01.486+0000] {processor.py:161} INFO - Started process (PID=1303) to work on /home/airflow/.local/lib/python3.12/site-packages/airflow/example_dags/example_short_circuit_operator.py
[2025-07-24T20:54:01.487+0000] {processor.py:830} INFO - Processing file /home/airflow/.local/lib/python3.12/site-packages/airflow/example_dags/example_short_circuit_operator.py for tasks to queue
[2025-07-24T20:54:01.488+0000] {logging_mixin.py:188} INFO - [2025-07-24T20:54:01.487+0000] {dagbag.py:545} INFO - Filling up the DagBag from /home/airflow/.local/lib/python3.12/site-packages/airflow/example_dags/example_short_circuit_operator.py
[2025-07-24T20:54:01.492+0000] {processor.py:840} INFO - DAG(s) 'example_short_circuit_operator' retrieved from /home/airflow/.local/lib/python3.12/site-packages/airflow/example_dags/example_short_circuit_operator.py
[2025-07-24T20:54:01.505+0000] {logging_mixin.py:188} INFO - [2025-07-24T20:54:01.505+0000] {dag.py:3096} INFO - Sync 1 DAGs
[2025-07-24T20:54:01.516+0000] {logging_mixin.py:188} INFO - [2025-07-24T20:54:01.516+0000] {dag.py:3954} INFO - Setting next_dagrun for example_short_circuit_operator to 2025-07-23 00:00:00+00:00, run_after=2025-07-24 00:00:00+00:00
[2025-07-24T20:54:01.526+0000] {processor.py:183} INFO - Processing /home/airflow/.local/lib/python3.12/site-packages/airflow/example_dags/example_short_circuit_operator.py took 0.044 seconds
[2025-07-24T20:54:31.583+0000] {processor.py:161} INFO - Started process (PID=1361) to work on /home/airflow/.local/lib/python3.12/site-packages/airflow/example_dags/example_short_circuit_operator.py
[2025-07-24T20:54:31.584+0000] {processor.py:830} INFO - Processing file /home/airflow/.local/lib/python3.12/site-packages/airflow/example_dags/example_short_circuit_operator.py for tasks to queue
[2025-07-24T20:54:31.585+0000] {logging_mixin.py:188} INFO - [2025-07-24T20:54:31.585+0000] {dagbag.py:545} INFO - Filling up the DagBag from /home/airflow/.local/lib/python3.12/site-packages/airflow/example_dags/example_short_circuit_operator.py
[2025-07-24T20:54:31.589+0000] {processor.py:840} INFO - DAG(s) 'example_short_circuit_operator' retrieved from /home/airflow/.local/lib/python3.12/site-packages/airflow/example_dags/example_short_circuit_operator.py
[2025-07-24T20:54:31.602+0000] {logging_mixin.py:188} INFO - [2025-07-24T20:54:31.602+0000] {dag.py:3096} INFO - Sync 1 DAGs
[2025-07-24T20:54:31.614+0000] {logging_mixin.py:188} INFO - [2025-07-24T20:54:31.614+0000] {dag.py:3954} INFO - Setting next_dagrun for example_short_circuit_operator to 2025-07-23 00:00:00+00:00, run_after=2025-07-24 00:00:00+00:00
[2025-07-24T20:54:31.625+0000] {processor.py:183} INFO - Processing /home/airflow/.local/lib/python3.12/site-packages/airflow/example_dags/example_short_circuit_operator.py took 0.046 seconds
[2025-07-24T20:55:02.464+0000] {processor.py:161} INFO - Started process (PID=1419) to work on /home/airflow/.local/lib/python3.12/site-packages/airflow/example_dags/example_short_circuit_operator.py
[2025-07-24T20:55:02.465+0000] {processor.py:830} INFO - Processing file /home/airflow/.local/lib/python3.12/site-packages/airflow/example_dags/example_short_circuit_operator.py for tasks to queue
[2025-07-24T20:55:02.466+0000] {logging_mixin.py:188} INFO - [2025-07-24T20:55:02.466+0000] {dagbag.py:545} INFO - Filling up the DagBag from /home/airflow/.local/lib/python3.12/site-packages/airflow/example_dags/example_short_circuit_operator.py
[2025-07-24T20:55:02.471+0000] {processor.py:840} INFO - DAG(s) 'example_short_circuit_operator' retrieved from /home/airflow/.local/lib/python3.12/site-packages/airflow/example_dags/example_short_circuit_operator.py
[2025-07-24T20:55:02.485+0000] {logging_mixin.py:188} INFO - [2025-07-24T20:55:02.485+0000] {dag.py:3096} INFO - Sync 1 DAGs
[2025-07-24T20:55:02.499+0000] {logging_mixin.py:188} INFO - [2025-07-24T20:55:02.499+0000] {dag.py:3954} INFO - Setting next_dagrun for example_short_circuit_operator to 2025-07-23 00:00:00+00:00, run_after=2025-07-24 00:00:00+00:00
[2025-07-24T20:55:02.510+0000] {processor.py:183} INFO - Processing /home/airflow/.local/lib/python3.12/site-packages/airflow/example_dags/example_short_circuit_operator.py took 0.049 seconds
[2025-07-24T20:55:33.284+0000] {processor.py:161} INFO - Started process (PID=1477) to work on /home/airflow/.local/lib/python3.12/site-packages/airflow/example_dags/example_short_circuit_operator.py
[2025-07-24T20:55:33.285+0000] {processor.py:830} INFO - Processing file /home/airflow/.local/lib/python3.12/site-packages/airflow/example_dags/example_short_circuit_operator.py for tasks to queue
[2025-07-24T20:55:33.286+0000] {logging_mixin.py:188} INFO - [2025-07-24T20:55:33.285+0000] {dagbag.py:545} INFO - Filling up the DagBag from /home/airflow/.local/lib/python3.12/site-packages/airflow/example_dags/example_short_circuit_operator.py
[2025-07-24T20:55:33.289+0000] {processor.py:840} INFO - DAG(s) 'example_short_circuit_operator' retrieved from /home/airflow/.local/lib/python3.12/site-packages/airflow/example_dags/example_short_circuit_operator.py
[2025-07-24T20:55:33.303+0000] {logging_mixin.py:188} INFO - [2025-07-24T20:55:33.302+0000] {dag.py:3096} INFO - Sync 1 DAGs
[2025-07-24T20:55:33.314+0000] {logging_mixin.py:188} INFO - [2025-07-24T20:55:33.314+0000] {dag.py:3954} INFO - Setting next_dagrun for example_short_circuit_operator to 2025-07-23 00:00:00+00:00, run_after=2025-07-24 00:00:00+00:00
[2025-07-24T20:55:33.323+0000] {processor.py:183} INFO - Processing /home/airflow/.local/lib/python3.12/site-packages/airflow/example_dags/example_short_circuit_operator.py took 0.043 seconds
