[2025-07-24T20:31:47.866+0000] {processor.py:161} INFO - Started process (PID=48) to work on /home/airflow/.local/lib/python3.12/site-packages/airflow/example_dags/example_latest_only.py
[2025-07-24T20:31:47.866+0000] {processor.py:830} INFO - Processing file /home/airflow/.local/lib/python3.12/site-packages/airflow/example_dags/example_latest_only.py for tasks to queue
[2025-07-24T20:31:47.867+0000] {logging_mixin.py:188} INFO - [2025-07-24T20:31:47.867+0000] {dagbag.py:545} INFO - Filling up the DagBag from /home/airflow/.local/lib/python3.12/site-packages/airflow/example_dags/example_latest_only.py
[2025-07-24T20:31:47.881+0000] {processor.py:840} INFO - DAG(s) 'latest_only' retrieved from /home/airflow/.local/lib/python3.12/site-packages/airflow/example_dags/example_latest_only.py
[2025-07-24T20:31:47.895+0000] {logging_mixin.py:188} INFO - [2025-07-24T20:31:47.895+0000] {dag.py:3096} INFO - Sync 1 DAGs
[2025-07-24T20:31:47.907+0000] {logging_mixin.py:188} INFO - [2025-07-24T20:31:47.907+0000] {dag.py:3954} INFO - Setting next_dagrun for latest_only to 2025-07-24 16:00:00+00:00, run_after=2025-07-24 20:00:00+00:00
[2025-07-24T20:31:47.919+0000] {processor.py:183} INFO - Processing /home/airflow/.local/lib/python3.12/site-packages/airflow/example_dags/example_latest_only.py took 0.058 seconds
[2025-07-24T20:32:18.592+0000] {processor.py:161} INFO - Started process (PID=106) to work on /home/airflow/.local/lib/python3.12/site-packages/airflow/example_dags/example_latest_only.py
[2025-07-24T20:32:18.592+0000] {processor.py:830} INFO - Processing file /home/airflow/.local/lib/python3.12/site-packages/airflow/example_dags/example_latest_only.py for tasks to queue
[2025-07-24T20:32:18.594+0000] {logging_mixin.py:188} INFO - [2025-07-24T20:32:18.593+0000] {dagbag.py:545} INFO - Filling up the DagBag from /home/airflow/.local/lib/python3.12/site-packages/airflow/example_dags/example_latest_only.py
[2025-07-24T20:32:18.597+0000] {processor.py:840} INFO - DAG(s) 'latest_only' retrieved from /home/airflow/.local/lib/python3.12/site-packages/airflow/example_dags/example_latest_only.py
[2025-07-24T20:32:18.822+0000] {logging_mixin.py:188} INFO - [2025-07-24T20:32:18.822+0000] {dag.py:3096} INFO - Sync 1 DAGs
[2025-07-24T20:32:18.833+0000] {logging_mixin.py:188} INFO - [2025-07-24T20:32:18.833+0000] {dag.py:3954} INFO - Setting next_dagrun for latest_only to 2025-07-24 16:00:00+00:00, run_after=2025-07-24 20:00:00+00:00
[2025-07-24T20:32:18.842+0000] {processor.py:183} INFO - Processing /home/airflow/.local/lib/python3.12/site-packages/airflow/example_dags/example_latest_only.py took 0.254 seconds
[2025-07-24T20:32:49.011+0000] {processor.py:161} INFO - Started process (PID=164) to work on /home/airflow/.local/lib/python3.12/site-packages/airflow/example_dags/example_latest_only.py
[2025-07-24T20:32:49.012+0000] {processor.py:830} INFO - Processing file /home/airflow/.local/lib/python3.12/site-packages/airflow/example_dags/example_latest_only.py for tasks to queue
[2025-07-24T20:32:49.013+0000] {logging_mixin.py:188} INFO - [2025-07-24T20:32:49.013+0000] {dagbag.py:545} INFO - Filling up the DagBag from /home/airflow/.local/lib/python3.12/site-packages/airflow/example_dags/example_latest_only.py
[2025-07-24T20:32:49.015+0000] {processor.py:840} INFO - DAG(s) 'latest_only' retrieved from /home/airflow/.local/lib/python3.12/site-packages/airflow/example_dags/example_latest_only.py
[2025-07-24T20:32:49.025+0000] {logging_mixin.py:188} INFO - [2025-07-24T20:32:49.025+0000] {dag.py:3096} INFO - Sync 1 DAGs
[2025-07-24T20:32:49.037+0000] {logging_mixin.py:188} INFO - [2025-07-24T20:32:49.037+0000] {dag.py:3954} INFO - Setting next_dagrun for latest_only to 2025-07-24 16:00:00+00:00, run_after=2025-07-24 20:00:00+00:00
[2025-07-24T20:32:49.048+0000] {processor.py:183} INFO - Processing /home/airflow/.local/lib/python3.12/site-packages/airflow/example_dags/example_latest_only.py took 0.040 seconds
[2025-07-24T20:33:19.700+0000] {processor.py:161} INFO - Started process (PID=222) to work on /home/airflow/.local/lib/python3.12/site-packages/airflow/example_dags/example_latest_only.py
[2025-07-24T20:33:19.700+0000] {processor.py:830} INFO - Processing file /home/airflow/.local/lib/python3.12/site-packages/airflow/example_dags/example_latest_only.py for tasks to queue
[2025-07-24T20:33:19.701+0000] {logging_mixin.py:188} INFO - [2025-07-24T20:33:19.701+0000] {dagbag.py:545} INFO - Filling up the DagBag from /home/airflow/.local/lib/python3.12/site-packages/airflow/example_dags/example_latest_only.py
[2025-07-24T20:33:19.704+0000] {processor.py:840} INFO - DAG(s) 'latest_only' retrieved from /home/airflow/.local/lib/python3.12/site-packages/airflow/example_dags/example_latest_only.py
[2025-07-24T20:33:19.715+0000] {logging_mixin.py:188} INFO - [2025-07-24T20:33:19.715+0000] {dag.py:3096} INFO - Sync 1 DAGs
[2025-07-24T20:33:19.727+0000] {logging_mixin.py:188} INFO - [2025-07-24T20:33:19.727+0000] {dag.py:3954} INFO - Setting next_dagrun for latest_only to 2025-07-24 16:00:00+00:00, run_after=2025-07-24 20:00:00+00:00
[2025-07-24T20:33:19.737+0000] {processor.py:183} INFO - Processing /home/airflow/.local/lib/python3.12/site-packages/airflow/example_dags/example_latest_only.py took 0.041 seconds
[2025-07-24T20:33:50.456+0000] {processor.py:161} INFO - Started process (PID=280) to work on /home/airflow/.local/lib/python3.12/site-packages/airflow/example_dags/example_latest_only.py
[2025-07-24T20:33:50.457+0000] {processor.py:830} INFO - Processing file /home/airflow/.local/lib/python3.12/site-packages/airflow/example_dags/example_latest_only.py for tasks to queue
[2025-07-24T20:33:50.458+0000] {logging_mixin.py:188} INFO - [2025-07-24T20:33:50.457+0000] {dagbag.py:545} INFO - Filling up the DagBag from /home/airflow/.local/lib/python3.12/site-packages/airflow/example_dags/example_latest_only.py
[2025-07-24T20:33:50.460+0000] {processor.py:840} INFO - DAG(s) 'latest_only' retrieved from /home/airflow/.local/lib/python3.12/site-packages/airflow/example_dags/example_latest_only.py
[2025-07-24T20:33:50.471+0000] {logging_mixin.py:188} INFO - [2025-07-24T20:33:50.471+0000] {dag.py:3096} INFO - Sync 1 DAGs
[2025-07-24T20:33:50.484+0000] {logging_mixin.py:188} INFO - [2025-07-24T20:33:50.483+0000] {dag.py:3954} INFO - Setting next_dagrun for latest_only to 2025-07-24 16:00:00+00:00, run_after=2025-07-24 20:00:00+00:00
[2025-07-24T20:33:50.493+0000] {processor.py:183} INFO - Processing /home/airflow/.local/lib/python3.12/site-packages/airflow/example_dags/example_latest_only.py took 0.041 seconds
[2025-07-24T20:34:21.245+0000] {processor.py:161} INFO - Started process (PID=338) to work on /home/airflow/.local/lib/python3.12/site-packages/airflow/example_dags/example_latest_only.py
[2025-07-24T20:34:21.245+0000] {processor.py:830} INFO - Processing file /home/airflow/.local/lib/python3.12/site-packages/airflow/example_dags/example_latest_only.py for tasks to queue
[2025-07-24T20:34:21.246+0000] {logging_mixin.py:188} INFO - [2025-07-24T20:34:21.246+0000] {dagbag.py:545} INFO - Filling up the DagBag from /home/airflow/.local/lib/python3.12/site-packages/airflow/example_dags/example_latest_only.py
[2025-07-24T20:34:21.249+0000] {processor.py:840} INFO - DAG(s) 'latest_only' retrieved from /home/airflow/.local/lib/python3.12/site-packages/airflow/example_dags/example_latest_only.py
[2025-07-24T20:34:21.261+0000] {logging_mixin.py:188} INFO - [2025-07-24T20:34:21.261+0000] {dag.py:3096} INFO - Sync 1 DAGs
[2025-07-24T20:34:21.274+0000] {logging_mixin.py:188} INFO - [2025-07-24T20:34:21.273+0000] {dag.py:3954} INFO - Setting next_dagrun for latest_only to 2025-07-24 16:00:00+00:00, run_after=2025-07-24 20:00:00+00:00
[2025-07-24T20:34:21.283+0000] {processor.py:183} INFO - Processing /home/airflow/.local/lib/python3.12/site-packages/airflow/example_dags/example_latest_only.py took 0.042 seconds
[2025-07-24T20:34:52.000+0000] {processor.py:161} INFO - Started process (PID=396) to work on /home/airflow/.local/lib/python3.12/site-packages/airflow/example_dags/example_latest_only.py
[2025-07-24T20:34:52.000+0000] {processor.py:830} INFO - Processing file /home/airflow/.local/lib/python3.12/site-packages/airflow/example_dags/example_latest_only.py for tasks to queue
[2025-07-24T20:34:52.001+0000] {logging_mixin.py:188} INFO - [2025-07-24T20:34:52.001+0000] {dagbag.py:545} INFO - Filling up the DagBag from /home/airflow/.local/lib/python3.12/site-packages/airflow/example_dags/example_latest_only.py
[2025-07-24T20:34:52.004+0000] {processor.py:840} INFO - DAG(s) 'latest_only' retrieved from /home/airflow/.local/lib/python3.12/site-packages/airflow/example_dags/example_latest_only.py
[2025-07-24T20:34:52.016+0000] {logging_mixin.py:188} INFO - [2025-07-24T20:34:52.016+0000] {dag.py:3096} INFO - Sync 1 DAGs
[2025-07-24T20:34:52.028+0000] {logging_mixin.py:188} INFO - [2025-07-24T20:34:52.028+0000] {dag.py:3954} INFO - Setting next_dagrun for latest_only to 2025-07-24 16:00:00+00:00, run_after=2025-07-24 20:00:00+00:00
[2025-07-24T20:34:52.051+0000] {processor.py:183} INFO - Processing /home/airflow/.local/lib/python3.12/site-packages/airflow/example_dags/example_latest_only.py took 0.056 seconds
[2025-07-24T20:35:22.787+0000] {processor.py:161} INFO - Started process (PID=454) to work on /home/airflow/.local/lib/python3.12/site-packages/airflow/example_dags/example_latest_only.py
[2025-07-24T20:35:22.787+0000] {processor.py:830} INFO - Processing file /home/airflow/.local/lib/python3.12/site-packages/airflow/example_dags/example_latest_only.py for tasks to queue
[2025-07-24T20:35:22.788+0000] {logging_mixin.py:188} INFO - [2025-07-24T20:35:22.788+0000] {dagbag.py:545} INFO - Filling up the DagBag from /home/airflow/.local/lib/python3.12/site-packages/airflow/example_dags/example_latest_only.py
[2025-07-24T20:35:22.791+0000] {processor.py:840} INFO - DAG(s) 'latest_only' retrieved from /home/airflow/.local/lib/python3.12/site-packages/airflow/example_dags/example_latest_only.py
[2025-07-24T20:35:22.805+0000] {logging_mixin.py:188} INFO - [2025-07-24T20:35:22.805+0000] {dag.py:3096} INFO - Sync 1 DAGs
[2025-07-24T20:35:22.819+0000] {logging_mixin.py:188} INFO - [2025-07-24T20:35:22.819+0000] {dag.py:3954} INFO - Setting next_dagrun for latest_only to 2025-07-24 16:00:00+00:00, run_after=2025-07-24 20:00:00+00:00
[2025-07-24T20:35:22.830+0000] {processor.py:183} INFO - Processing /home/airflow/.local/lib/python3.12/site-packages/airflow/example_dags/example_latest_only.py took 0.048 seconds
[2025-07-24T20:36:43.738+0000] {processor.py:161} INFO - Started process (PID=41) to work on /home/airflow/.local/lib/python3.12/site-packages/airflow/example_dags/example_latest_only.py
[2025-07-24T20:36:43.739+0000] {processor.py:830} INFO - Processing file /home/airflow/.local/lib/python3.12/site-packages/airflow/example_dags/example_latest_only.py for tasks to queue
[2025-07-24T20:36:43.740+0000] {logging_mixin.py:188} INFO - [2025-07-24T20:36:43.740+0000] {dagbag.py:545} INFO - Filling up the DagBag from /home/airflow/.local/lib/python3.12/site-packages/airflow/example_dags/example_latest_only.py
[2025-07-24T20:36:43.745+0000] {processor.py:840} INFO - DAG(s) 'latest_only' retrieved from /home/airflow/.local/lib/python3.12/site-packages/airflow/example_dags/example_latest_only.py
[2025-07-24T20:36:43.760+0000] {logging_mixin.py:188} INFO - [2025-07-24T20:36:43.760+0000] {dag.py:3096} INFO - Sync 1 DAGs
[2025-07-24T20:36:43.772+0000] {logging_mixin.py:188} INFO - [2025-07-24T20:36:43.772+0000] {dag.py:3954} INFO - Setting next_dagrun for latest_only to 2025-07-24 16:00:00+00:00, run_after=2025-07-24 20:00:00+00:00
[2025-07-24T20:36:43.781+0000] {processor.py:183} INFO - Processing /home/airflow/.local/lib/python3.12/site-packages/airflow/example_dags/example_latest_only.py took 0.046 seconds
[2025-07-24T20:37:14.368+0000] {processor.py:161} INFO - Started process (PID=99) to work on /home/airflow/.local/lib/python3.12/site-packages/airflow/example_dags/example_latest_only.py
[2025-07-24T20:37:14.368+0000] {processor.py:830} INFO - Processing file /home/airflow/.local/lib/python3.12/site-packages/airflow/example_dags/example_latest_only.py for tasks to queue
[2025-07-24T20:37:14.369+0000] {logging_mixin.py:188} INFO - [2025-07-24T20:37:14.369+0000] {dagbag.py:545} INFO - Filling up the DagBag from /home/airflow/.local/lib/python3.12/site-packages/airflow/example_dags/example_latest_only.py
[2025-07-24T20:37:14.372+0000] {processor.py:840} INFO - DAG(s) 'latest_only' retrieved from /home/airflow/.local/lib/python3.12/site-packages/airflow/example_dags/example_latest_only.py
[2025-07-24T20:37:14.380+0000] {logging_mixin.py:188} INFO - [2025-07-24T20:37:14.380+0000] {dag.py:3096} INFO - Sync 1 DAGs
[2025-07-24T20:37:14.394+0000] {logging_mixin.py:188} INFO - [2025-07-24T20:37:14.393+0000] {dag.py:3954} INFO - Setting next_dagrun for latest_only to 2025-07-24 16:00:00+00:00, run_after=2025-07-24 20:00:00+00:00
[2025-07-24T20:37:14.405+0000] {processor.py:183} INFO - Processing /home/airflow/.local/lib/python3.12/site-packages/airflow/example_dags/example_latest_only.py took 0.040 seconds
[2025-07-24T20:37:44.938+0000] {processor.py:161} INFO - Started process (PID=157) to work on /home/airflow/.local/lib/python3.12/site-packages/airflow/example_dags/example_latest_only.py
[2025-07-24T20:37:44.938+0000] {processor.py:830} INFO - Processing file /home/airflow/.local/lib/python3.12/site-packages/airflow/example_dags/example_latest_only.py for tasks to queue
[2025-07-24T20:37:44.939+0000] {logging_mixin.py:188} INFO - [2025-07-24T20:37:44.939+0000] {dagbag.py:545} INFO - Filling up the DagBag from /home/airflow/.local/lib/python3.12/site-packages/airflow/example_dags/example_latest_only.py
[2025-07-24T20:37:44.942+0000] {processor.py:840} INFO - DAG(s) 'latest_only' retrieved from /home/airflow/.local/lib/python3.12/site-packages/airflow/example_dags/example_latest_only.py
[2025-07-24T20:37:45.004+0000] {logging_mixin.py:188} INFO - [2025-07-24T20:37:45.004+0000] {dag.py:3096} INFO - Sync 1 DAGs
[2025-07-24T20:37:45.014+0000] {logging_mixin.py:188} INFO - [2025-07-24T20:37:45.014+0000] {dag.py:3954} INFO - Setting next_dagrun for latest_only to 2025-07-24 16:00:00+00:00, run_after=2025-07-24 20:00:00+00:00
[2025-07-24T20:37:45.025+0000] {processor.py:183} INFO - Processing /home/airflow/.local/lib/python3.12/site-packages/airflow/example_dags/example_latest_only.py took 0.090 seconds
[2025-07-24T20:38:15.760+0000] {processor.py:161} INFO - Started process (PID=215) to work on /home/airflow/.local/lib/python3.12/site-packages/airflow/example_dags/example_latest_only.py
[2025-07-24T20:38:15.761+0000] {processor.py:830} INFO - Processing file /home/airflow/.local/lib/python3.12/site-packages/airflow/example_dags/example_latest_only.py for tasks to queue
[2025-07-24T20:38:15.762+0000] {logging_mixin.py:188} INFO - [2025-07-24T20:38:15.762+0000] {dagbag.py:545} INFO - Filling up the DagBag from /home/airflow/.local/lib/python3.12/site-packages/airflow/example_dags/example_latest_only.py
[2025-07-24T20:38:15.765+0000] {processor.py:840} INFO - DAG(s) 'latest_only' retrieved from /home/airflow/.local/lib/python3.12/site-packages/airflow/example_dags/example_latest_only.py
[2025-07-24T20:38:15.776+0000] {logging_mixin.py:188} INFO - [2025-07-24T20:38:15.776+0000] {dag.py:3096} INFO - Sync 1 DAGs
[2025-07-24T20:38:15.788+0000] {logging_mixin.py:188} INFO - [2025-07-24T20:38:15.788+0000] {dag.py:3954} INFO - Setting next_dagrun for latest_only to 2025-07-24 16:00:00+00:00, run_after=2025-07-24 20:00:00+00:00
[2025-07-24T20:38:15.798+0000] {processor.py:183} INFO - Processing /home/airflow/.local/lib/python3.12/site-packages/airflow/example_dags/example_latest_only.py took 0.042 seconds
[2025-07-24T20:38:46.547+0000] {processor.py:161} INFO - Started process (PID=273) to work on /home/airflow/.local/lib/python3.12/site-packages/airflow/example_dags/example_latest_only.py
[2025-07-24T20:38:46.548+0000] {processor.py:830} INFO - Processing file /home/airflow/.local/lib/python3.12/site-packages/airflow/example_dags/example_latest_only.py for tasks to queue
[2025-07-24T20:38:46.549+0000] {logging_mixin.py:188} INFO - [2025-07-24T20:38:46.548+0000] {dagbag.py:545} INFO - Filling up the DagBag from /home/airflow/.local/lib/python3.12/site-packages/airflow/example_dags/example_latest_only.py
[2025-07-24T20:38:46.551+0000] {processor.py:840} INFO - DAG(s) 'latest_only' retrieved from /home/airflow/.local/lib/python3.12/site-packages/airflow/example_dags/example_latest_only.py
[2025-07-24T20:38:46.561+0000] {logging_mixin.py:188} INFO - [2025-07-24T20:38:46.561+0000] {dag.py:3096} INFO - Sync 1 DAGs
[2025-07-24T20:38:46.572+0000] {logging_mixin.py:188} INFO - [2025-07-24T20:38:46.572+0000] {dag.py:3954} INFO - Setting next_dagrun for latest_only to 2025-07-24 16:00:00+00:00, run_after=2025-07-24 20:00:00+00:00
[2025-07-24T20:38:46.581+0000] {processor.py:183} INFO - Processing /home/airflow/.local/lib/python3.12/site-packages/airflow/example_dags/example_latest_only.py took 0.038 seconds
[2025-07-24T20:39:17.260+0000] {processor.py:161} INFO - Started process (PID=331) to work on /home/airflow/.local/lib/python3.12/site-packages/airflow/example_dags/example_latest_only.py
[2025-07-24T20:39:17.260+0000] {processor.py:830} INFO - Processing file /home/airflow/.local/lib/python3.12/site-packages/airflow/example_dags/example_latest_only.py for tasks to queue
[2025-07-24T20:39:17.261+0000] {logging_mixin.py:188} INFO - [2025-07-24T20:39:17.261+0000] {dagbag.py:545} INFO - Filling up the DagBag from /home/airflow/.local/lib/python3.12/site-packages/airflow/example_dags/example_latest_only.py
[2025-07-24T20:39:17.264+0000] {processor.py:840} INFO - DAG(s) 'latest_only' retrieved from /home/airflow/.local/lib/python3.12/site-packages/airflow/example_dags/example_latest_only.py
[2025-07-24T20:39:17.276+0000] {logging_mixin.py:188} INFO - [2025-07-24T20:39:17.276+0000] {dag.py:3096} INFO - Sync 1 DAGs
[2025-07-24T20:39:17.288+0000] {logging_mixin.py:188} INFO - [2025-07-24T20:39:17.288+0000] {dag.py:3954} INFO - Setting next_dagrun for latest_only to 2025-07-24 16:00:00+00:00, run_after=2025-07-24 20:00:00+00:00
[2025-07-24T20:39:17.297+0000] {processor.py:183} INFO - Processing /home/airflow/.local/lib/python3.12/site-packages/airflow/example_dags/example_latest_only.py took 0.041 seconds
[2025-07-24T20:39:47.997+0000] {processor.py:161} INFO - Started process (PID=395) to work on /home/airflow/.local/lib/python3.12/site-packages/airflow/example_dags/example_latest_only.py
[2025-07-24T20:39:47.998+0000] {processor.py:830} INFO - Processing file /home/airflow/.local/lib/python3.12/site-packages/airflow/example_dags/example_latest_only.py for tasks to queue
[2025-07-24T20:39:47.999+0000] {logging_mixin.py:188} INFO - [2025-07-24T20:39:47.999+0000] {dagbag.py:545} INFO - Filling up the DagBag from /home/airflow/.local/lib/python3.12/site-packages/airflow/example_dags/example_latest_only.py
[2025-07-24T20:39:48.002+0000] {processor.py:840} INFO - DAG(s) 'latest_only' retrieved from /home/airflow/.local/lib/python3.12/site-packages/airflow/example_dags/example_latest_only.py
[2025-07-24T20:39:48.017+0000] {logging_mixin.py:188} INFO - [2025-07-24T20:39:48.016+0000] {dag.py:3096} INFO - Sync 1 DAGs
[2025-07-24T20:39:48.030+0000] {logging_mixin.py:188} INFO - [2025-07-24T20:39:48.030+0000] {dag.py:3954} INFO - Setting next_dagrun for latest_only to 2025-07-24 16:00:00+00:00, run_after=2025-07-24 20:00:00+00:00
[2025-07-24T20:39:48.041+0000] {processor.py:183} INFO - Processing /home/airflow/.local/lib/python3.12/site-packages/airflow/example_dags/example_latest_only.py took 0.048 seconds
[2025-07-24T20:40:18.713+0000] {processor.py:161} INFO - Started process (PID=453) to work on /home/airflow/.local/lib/python3.12/site-packages/airflow/example_dags/example_latest_only.py
[2025-07-24T20:40:18.713+0000] {processor.py:830} INFO - Processing file /home/airflow/.local/lib/python3.12/site-packages/airflow/example_dags/example_latest_only.py for tasks to queue
[2025-07-24T20:40:18.714+0000] {logging_mixin.py:188} INFO - [2025-07-24T20:40:18.714+0000] {dagbag.py:545} INFO - Filling up the DagBag from /home/airflow/.local/lib/python3.12/site-packages/airflow/example_dags/example_latest_only.py
[2025-07-24T20:40:18.717+0000] {processor.py:840} INFO - DAG(s) 'latest_only' retrieved from /home/airflow/.local/lib/python3.12/site-packages/airflow/example_dags/example_latest_only.py
[2025-07-24T20:40:18.727+0000] {logging_mixin.py:188} INFO - [2025-07-24T20:40:18.726+0000] {dag.py:3096} INFO - Sync 1 DAGs
[2025-07-24T20:40:18.738+0000] {logging_mixin.py:188} INFO - [2025-07-24T20:40:18.738+0000] {dag.py:3954} INFO - Setting next_dagrun for latest_only to 2025-07-24 16:00:00+00:00, run_after=2025-07-24 20:00:00+00:00
[2025-07-24T20:40:18.747+0000] {processor.py:183} INFO - Processing /home/airflow/.local/lib/python3.12/site-packages/airflow/example_dags/example_latest_only.py took 0.038 seconds
[2025-07-24T20:40:49.681+0000] {processor.py:161} INFO - Started process (PID=511) to work on /home/airflow/.local/lib/python3.12/site-packages/airflow/example_dags/example_latest_only.py
[2025-07-24T20:40:49.682+0000] {processor.py:830} INFO - Processing file /home/airflow/.local/lib/python3.12/site-packages/airflow/example_dags/example_latest_only.py for tasks to queue
[2025-07-24T20:40:49.683+0000] {logging_mixin.py:188} INFO - [2025-07-24T20:40:49.682+0000] {dagbag.py:545} INFO - Filling up the DagBag from /home/airflow/.local/lib/python3.12/site-packages/airflow/example_dags/example_latest_only.py
[2025-07-24T20:40:49.685+0000] {processor.py:840} INFO - DAG(s) 'latest_only' retrieved from /home/airflow/.local/lib/python3.12/site-packages/airflow/example_dags/example_latest_only.py
[2025-07-24T20:40:49.695+0000] {logging_mixin.py:188} INFO - [2025-07-24T20:40:49.694+0000] {dag.py:3096} INFO - Sync 1 DAGs
[2025-07-24T20:40:49.706+0000] {logging_mixin.py:188} INFO - [2025-07-24T20:40:49.706+0000] {dag.py:3954} INFO - Setting next_dagrun for latest_only to 2025-07-24 16:00:00+00:00, run_after=2025-07-24 20:00:00+00:00
[2025-07-24T20:40:49.715+0000] {processor.py:183} INFO - Processing /home/airflow/.local/lib/python3.12/site-packages/airflow/example_dags/example_latest_only.py took 0.037 seconds
[2025-07-24T20:41:20.643+0000] {processor.py:161} INFO - Started process (PID=569) to work on /home/airflow/.local/lib/python3.12/site-packages/airflow/example_dags/example_latest_only.py
[2025-07-24T20:41:20.643+0000] {processor.py:830} INFO - Processing file /home/airflow/.local/lib/python3.12/site-packages/airflow/example_dags/example_latest_only.py for tasks to queue
[2025-07-24T20:41:20.644+0000] {logging_mixin.py:188} INFO - [2025-07-24T20:41:20.644+0000] {dagbag.py:545} INFO - Filling up the DagBag from /home/airflow/.local/lib/python3.12/site-packages/airflow/example_dags/example_latest_only.py
[2025-07-24T20:41:20.647+0000] {processor.py:840} INFO - DAG(s) 'latest_only' retrieved from /home/airflow/.local/lib/python3.12/site-packages/airflow/example_dags/example_latest_only.py
[2025-07-24T20:41:20.658+0000] {logging_mixin.py:188} INFO - [2025-07-24T20:41:20.658+0000] {dag.py:3096} INFO - Sync 1 DAGs
[2025-07-24T20:41:20.670+0000] {logging_mixin.py:188} INFO - [2025-07-24T20:41:20.670+0000] {dag.py:3954} INFO - Setting next_dagrun for latest_only to 2025-07-24 16:00:00+00:00, run_after=2025-07-24 20:00:00+00:00
[2025-07-24T20:41:20.680+0000] {processor.py:183} INFO - Processing /home/airflow/.local/lib/python3.12/site-packages/airflow/example_dags/example_latest_only.py took 0.041 seconds
[2025-07-24T20:41:51.421+0000] {processor.py:161} INFO - Started process (PID=627) to work on /home/airflow/.local/lib/python3.12/site-packages/airflow/example_dags/example_latest_only.py
[2025-07-24T20:41:51.421+0000] {processor.py:830} INFO - Processing file /home/airflow/.local/lib/python3.12/site-packages/airflow/example_dags/example_latest_only.py for tasks to queue
[2025-07-24T20:41:51.423+0000] {logging_mixin.py:188} INFO - [2025-07-24T20:41:51.422+0000] {dagbag.py:545} INFO - Filling up the DagBag from /home/airflow/.local/lib/python3.12/site-packages/airflow/example_dags/example_latest_only.py
[2025-07-24T20:41:51.427+0000] {processor.py:840} INFO - DAG(s) 'latest_only' retrieved from /home/airflow/.local/lib/python3.12/site-packages/airflow/example_dags/example_latest_only.py
[2025-07-24T20:41:51.438+0000] {logging_mixin.py:188} INFO - [2025-07-24T20:41:51.438+0000] {dag.py:3096} INFO - Sync 1 DAGs
[2025-07-24T20:41:51.451+0000] {logging_mixin.py:188} INFO - [2025-07-24T20:41:51.451+0000] {dag.py:3954} INFO - Setting next_dagrun for latest_only to 2025-07-24 16:00:00+00:00, run_after=2025-07-24 20:00:00+00:00
[2025-07-24T20:41:51.460+0000] {processor.py:183} INFO - Processing /home/airflow/.local/lib/python3.12/site-packages/airflow/example_dags/example_latest_only.py took 0.043 seconds
[2025-07-24T20:42:22.386+0000] {processor.py:161} INFO - Started process (PID=685) to work on /home/airflow/.local/lib/python3.12/site-packages/airflow/example_dags/example_latest_only.py
[2025-07-24T20:42:22.387+0000] {processor.py:830} INFO - Processing file /home/airflow/.local/lib/python3.12/site-packages/airflow/example_dags/example_latest_only.py for tasks to queue
[2025-07-24T20:42:22.388+0000] {logging_mixin.py:188} INFO - [2025-07-24T20:42:22.387+0000] {dagbag.py:545} INFO - Filling up the DagBag from /home/airflow/.local/lib/python3.12/site-packages/airflow/example_dags/example_latest_only.py
[2025-07-24T20:42:22.390+0000] {processor.py:840} INFO - DAG(s) 'latest_only' retrieved from /home/airflow/.local/lib/python3.12/site-packages/airflow/example_dags/example_latest_only.py
[2025-07-24T20:42:22.401+0000] {logging_mixin.py:188} INFO - [2025-07-24T20:42:22.401+0000] {dag.py:3096} INFO - Sync 1 DAGs
[2025-07-24T20:42:22.412+0000] {logging_mixin.py:188} INFO - [2025-07-24T20:42:22.412+0000] {dag.py:3954} INFO - Setting next_dagrun for latest_only to 2025-07-24 16:00:00+00:00, run_after=2025-07-24 20:00:00+00:00
[2025-07-24T20:42:22.422+0000] {processor.py:183} INFO - Processing /home/airflow/.local/lib/python3.12/site-packages/airflow/example_dags/example_latest_only.py took 0.039 seconds
[2025-07-24T20:43:16.265+0000] {processor.py:161} INFO - Started process (PID=41) to work on /home/airflow/.local/lib/python3.12/site-packages/airflow/example_dags/example_latest_only.py
[2025-07-24T20:43:16.266+0000] {processor.py:830} INFO - Processing file /home/airflow/.local/lib/python3.12/site-packages/airflow/example_dags/example_latest_only.py for tasks to queue
[2025-07-24T20:43:16.267+0000] {logging_mixin.py:188} INFO - [2025-07-24T20:43:16.267+0000] {dagbag.py:545} INFO - Filling up the DagBag from /home/airflow/.local/lib/python3.12/site-packages/airflow/example_dags/example_latest_only.py
[2025-07-24T20:43:16.275+0000] {processor.py:840} INFO - DAG(s) 'latest_only' retrieved from /home/airflow/.local/lib/python3.12/site-packages/airflow/example_dags/example_latest_only.py
[2025-07-24T20:43:16.292+0000] {logging_mixin.py:188} INFO - [2025-07-24T20:43:16.292+0000] {dag.py:3096} INFO - Sync 1 DAGs
[2025-07-24T20:43:16.304+0000] {logging_mixin.py:188} INFO - [2025-07-24T20:43:16.304+0000] {dag.py:3954} INFO - Setting next_dagrun for latest_only to 2025-07-24 16:00:00+00:00, run_after=2025-07-24 20:00:00+00:00
[2025-07-24T20:43:16.312+0000] {processor.py:183} INFO - Processing /home/airflow/.local/lib/python3.12/site-packages/airflow/example_dags/example_latest_only.py took 0.052 seconds
[2025-07-24T20:43:46.864+0000] {processor.py:161} INFO - Started process (PID=99) to work on /home/airflow/.local/lib/python3.12/site-packages/airflow/example_dags/example_latest_only.py
[2025-07-24T20:43:46.865+0000] {processor.py:830} INFO - Processing file /home/airflow/.local/lib/python3.12/site-packages/airflow/example_dags/example_latest_only.py for tasks to queue
[2025-07-24T20:43:46.866+0000] {logging_mixin.py:188} INFO - [2025-07-24T20:43:46.865+0000] {dagbag.py:545} INFO - Filling up the DagBag from /home/airflow/.local/lib/python3.12/site-packages/airflow/example_dags/example_latest_only.py
[2025-07-24T20:43:46.868+0000] {processor.py:840} INFO - DAG(s) 'latest_only' retrieved from /home/airflow/.local/lib/python3.12/site-packages/airflow/example_dags/example_latest_only.py
[2025-07-24T20:43:46.922+0000] {logging_mixin.py:188} INFO - [2025-07-24T20:43:46.921+0000] {dag.py:3096} INFO - Sync 1 DAGs
[2025-07-24T20:43:46.931+0000] {logging_mixin.py:188} INFO - [2025-07-24T20:43:46.931+0000] {dag.py:3954} INFO - Setting next_dagrun for latest_only to 2025-07-24 16:00:00+00:00, run_after=2025-07-24 20:00:00+00:00
[2025-07-24T20:43:46.940+0000] {processor.py:183} INFO - Processing /home/airflow/.local/lib/python3.12/site-packages/airflow/example_dags/example_latest_only.py took 0.079 seconds
[2025-07-24T20:44:17.063+0000] {processor.py:161} INFO - Started process (PID=157) to work on /home/airflow/.local/lib/python3.12/site-packages/airflow/example_dags/example_latest_only.py
[2025-07-24T20:44:17.063+0000] {processor.py:830} INFO - Processing file /home/airflow/.local/lib/python3.12/site-packages/airflow/example_dags/example_latest_only.py for tasks to queue
[2025-07-24T20:44:17.064+0000] {logging_mixin.py:188} INFO - [2025-07-24T20:44:17.064+0000] {dagbag.py:545} INFO - Filling up the DagBag from /home/airflow/.local/lib/python3.12/site-packages/airflow/example_dags/example_latest_only.py
[2025-07-24T20:44:17.067+0000] {processor.py:840} INFO - DAG(s) 'latest_only' retrieved from /home/airflow/.local/lib/python3.12/site-packages/airflow/example_dags/example_latest_only.py
[2025-07-24T20:44:17.077+0000] {logging_mixin.py:188} INFO - [2025-07-24T20:44:17.077+0000] {dag.py:3096} INFO - Sync 1 DAGs
[2025-07-24T20:44:17.090+0000] {logging_mixin.py:188} INFO - [2025-07-24T20:44:17.090+0000] {dag.py:3954} INFO - Setting next_dagrun for latest_only to 2025-07-24 16:00:00+00:00, run_after=2025-07-24 20:00:00+00:00
[2025-07-24T20:44:17.100+0000] {processor.py:183} INFO - Processing /home/airflow/.local/lib/python3.12/site-packages/airflow/example_dags/example_latest_only.py took 0.041 seconds
[2025-07-24T20:44:47.185+0000] {processor.py:161} INFO - Started process (PID=215) to work on /home/airflow/.local/lib/python3.12/site-packages/airflow/example_dags/example_latest_only.py
[2025-07-24T20:44:47.186+0000] {processor.py:830} INFO - Processing file /home/airflow/.local/lib/python3.12/site-packages/airflow/example_dags/example_latest_only.py for tasks to queue
[2025-07-24T20:44:47.187+0000] {logging_mixin.py:188} INFO - [2025-07-24T20:44:47.187+0000] {dagbag.py:545} INFO - Filling up the DagBag from /home/airflow/.local/lib/python3.12/site-packages/airflow/example_dags/example_latest_only.py
[2025-07-24T20:44:47.190+0000] {processor.py:840} INFO - DAG(s) 'latest_only' retrieved from /home/airflow/.local/lib/python3.12/site-packages/airflow/example_dags/example_latest_only.py
[2025-07-24T20:44:47.201+0000] {logging_mixin.py:188} INFO - [2025-07-24T20:44:47.201+0000] {dag.py:3096} INFO - Sync 1 DAGs
[2025-07-24T20:44:47.213+0000] {logging_mixin.py:188} INFO - [2025-07-24T20:44:47.213+0000] {dag.py:3954} INFO - Setting next_dagrun for latest_only to 2025-07-24 16:00:00+00:00, run_after=2025-07-24 20:00:00+00:00
[2025-07-24T20:44:47.224+0000] {processor.py:183} INFO - Processing /home/airflow/.local/lib/python3.12/site-packages/airflow/example_dags/example_latest_only.py took 0.042 seconds
[2025-07-24T20:45:17.352+0000] {processor.py:161} INFO - Started process (PID=273) to work on /home/airflow/.local/lib/python3.12/site-packages/airflow/example_dags/example_latest_only.py
[2025-07-24T20:45:17.352+0000] {processor.py:830} INFO - Processing file /home/airflow/.local/lib/python3.12/site-packages/airflow/example_dags/example_latest_only.py for tasks to queue
[2025-07-24T20:45:17.353+0000] {logging_mixin.py:188} INFO - [2025-07-24T20:45:17.353+0000] {dagbag.py:545} INFO - Filling up the DagBag from /home/airflow/.local/lib/python3.12/site-packages/airflow/example_dags/example_latest_only.py
[2025-07-24T20:45:17.356+0000] {processor.py:840} INFO - DAG(s) 'latest_only' retrieved from /home/airflow/.local/lib/python3.12/site-packages/airflow/example_dags/example_latest_only.py
[2025-07-24T20:45:17.366+0000] {logging_mixin.py:188} INFO - [2025-07-24T20:45:17.366+0000] {dag.py:3096} INFO - Sync 1 DAGs
[2025-07-24T20:45:17.376+0000] {logging_mixin.py:188} INFO - [2025-07-24T20:45:17.376+0000] {dag.py:3954} INFO - Setting next_dagrun for latest_only to 2025-07-24 16:00:00+00:00, run_after=2025-07-24 20:00:00+00:00
[2025-07-24T20:45:17.384+0000] {processor.py:183} INFO - Processing /home/airflow/.local/lib/python3.12/site-packages/airflow/example_dags/example_latest_only.py took 0.036 seconds
[2025-07-24T20:45:47.879+0000] {processor.py:161} INFO - Started process (PID=331) to work on /home/airflow/.local/lib/python3.12/site-packages/airflow/example_dags/example_latest_only.py
[2025-07-24T20:45:47.880+0000] {processor.py:830} INFO - Processing file /home/airflow/.local/lib/python3.12/site-packages/airflow/example_dags/example_latest_only.py for tasks to queue
[2025-07-24T20:45:47.881+0000] {logging_mixin.py:188} INFO - [2025-07-24T20:45:47.880+0000] {dagbag.py:545} INFO - Filling up the DagBag from /home/airflow/.local/lib/python3.12/site-packages/airflow/example_dags/example_latest_only.py
[2025-07-24T20:45:47.883+0000] {processor.py:840} INFO - DAG(s) 'latest_only' retrieved from /home/airflow/.local/lib/python3.12/site-packages/airflow/example_dags/example_latest_only.py
[2025-07-24T20:45:47.894+0000] {logging_mixin.py:188} INFO - [2025-07-24T20:45:47.894+0000] {dag.py:3096} INFO - Sync 1 DAGs
[2025-07-24T20:45:47.905+0000] {logging_mixin.py:188} INFO - [2025-07-24T20:45:47.905+0000] {dag.py:3954} INFO - Setting next_dagrun for latest_only to 2025-07-24 16:00:00+00:00, run_after=2025-07-24 20:00:00+00:00
[2025-07-24T20:45:47.914+0000] {processor.py:183} INFO - Processing /home/airflow/.local/lib/python3.12/site-packages/airflow/example_dags/example_latest_only.py took 0.039 seconds
[2025-07-24T20:46:18.518+0000] {processor.py:161} INFO - Started process (PID=389) to work on /home/airflow/.local/lib/python3.12/site-packages/airflow/example_dags/example_latest_only.py
[2025-07-24T20:46:18.518+0000] {processor.py:830} INFO - Processing file /home/airflow/.local/lib/python3.12/site-packages/airflow/example_dags/example_latest_only.py for tasks to queue
[2025-07-24T20:46:18.519+0000] {logging_mixin.py:188} INFO - [2025-07-24T20:46:18.519+0000] {dagbag.py:545} INFO - Filling up the DagBag from /home/airflow/.local/lib/python3.12/site-packages/airflow/example_dags/example_latest_only.py
[2025-07-24T20:46:18.522+0000] {processor.py:840} INFO - DAG(s) 'latest_only' retrieved from /home/airflow/.local/lib/python3.12/site-packages/airflow/example_dags/example_latest_only.py
[2025-07-24T20:46:18.532+0000] {logging_mixin.py:188} INFO - [2025-07-24T20:46:18.532+0000] {dag.py:3096} INFO - Sync 1 DAGs
[2025-07-24T20:46:18.544+0000] {logging_mixin.py:188} INFO - [2025-07-24T20:46:18.544+0000] {dag.py:3954} INFO - Setting next_dagrun for latest_only to 2025-07-24 16:00:00+00:00, run_after=2025-07-24 20:00:00+00:00
[2025-07-24T20:46:18.554+0000] {processor.py:183} INFO - Processing /home/airflow/.local/lib/python3.12/site-packages/airflow/example_dags/example_latest_only.py took 0.040 seconds
[2025-07-24T20:46:49.254+0000] {processor.py:161} INFO - Started process (PID=447) to work on /home/airflow/.local/lib/python3.12/site-packages/airflow/example_dags/example_latest_only.py
[2025-07-24T20:46:49.254+0000] {processor.py:830} INFO - Processing file /home/airflow/.local/lib/python3.12/site-packages/airflow/example_dags/example_latest_only.py for tasks to queue
[2025-07-24T20:46:49.255+0000] {logging_mixin.py:188} INFO - [2025-07-24T20:46:49.255+0000] {dagbag.py:545} INFO - Filling up the DagBag from /home/airflow/.local/lib/python3.12/site-packages/airflow/example_dags/example_latest_only.py
[2025-07-24T20:46:49.258+0000] {processor.py:840} INFO - DAG(s) 'latest_only' retrieved from /home/airflow/.local/lib/python3.12/site-packages/airflow/example_dags/example_latest_only.py
[2025-07-24T20:46:49.268+0000] {logging_mixin.py:188} INFO - [2025-07-24T20:46:49.268+0000] {dag.py:3096} INFO - Sync 1 DAGs
[2025-07-24T20:46:49.280+0000] {logging_mixin.py:188} INFO - [2025-07-24T20:46:49.280+0000] {dag.py:3954} INFO - Setting next_dagrun for latest_only to 2025-07-24 16:00:00+00:00, run_after=2025-07-24 20:00:00+00:00
[2025-07-24T20:46:49.290+0000] {processor.py:183} INFO - Processing /home/airflow/.local/lib/python3.12/site-packages/airflow/example_dags/example_latest_only.py took 0.040 seconds
[2025-07-24T20:47:19.914+0000] {processor.py:161} INFO - Started process (PID=505) to work on /home/airflow/.local/lib/python3.12/site-packages/airflow/example_dags/example_latest_only.py
[2025-07-24T20:47:19.914+0000] {processor.py:830} INFO - Processing file /home/airflow/.local/lib/python3.12/site-packages/airflow/example_dags/example_latest_only.py for tasks to queue
[2025-07-24T20:47:19.915+0000] {logging_mixin.py:188} INFO - [2025-07-24T20:47:19.915+0000] {dagbag.py:545} INFO - Filling up the DagBag from /home/airflow/.local/lib/python3.12/site-packages/airflow/example_dags/example_latest_only.py
[2025-07-24T20:47:19.917+0000] {processor.py:840} INFO - DAG(s) 'latest_only' retrieved from /home/airflow/.local/lib/python3.12/site-packages/airflow/example_dags/example_latest_only.py
[2025-07-24T20:47:19.927+0000] {logging_mixin.py:188} INFO - [2025-07-24T20:47:19.927+0000] {dag.py:3096} INFO - Sync 1 DAGs
[2025-07-24T20:47:19.937+0000] {logging_mixin.py:188} INFO - [2025-07-24T20:47:19.937+0000] {dag.py:3954} INFO - Setting next_dagrun for latest_only to 2025-07-24 16:00:00+00:00, run_after=2025-07-24 20:00:00+00:00
[2025-07-24T20:47:19.946+0000] {processor.py:183} INFO - Processing /home/airflow/.local/lib/python3.12/site-packages/airflow/example_dags/example_latest_only.py took 0.036 seconds
[2025-07-24T20:47:50.617+0000] {processor.py:161} INFO - Started process (PID=569) to work on /home/airflow/.local/lib/python3.12/site-packages/airflow/example_dags/example_latest_only.py
[2025-07-24T20:47:50.618+0000] {processor.py:830} INFO - Processing file /home/airflow/.local/lib/python3.12/site-packages/airflow/example_dags/example_latest_only.py for tasks to queue
[2025-07-24T20:47:50.619+0000] {logging_mixin.py:188} INFO - [2025-07-24T20:47:50.619+0000] {dagbag.py:545} INFO - Filling up the DagBag from /home/airflow/.local/lib/python3.12/site-packages/airflow/example_dags/example_latest_only.py
[2025-07-24T20:47:50.622+0000] {processor.py:840} INFO - DAG(s) 'latest_only' retrieved from /home/airflow/.local/lib/python3.12/site-packages/airflow/example_dags/example_latest_only.py
[2025-07-24T20:47:50.633+0000] {logging_mixin.py:188} INFO - [2025-07-24T20:47:50.632+0000] {dag.py:3096} INFO - Sync 1 DAGs
[2025-07-24T20:47:50.646+0000] {logging_mixin.py:188} INFO - [2025-07-24T20:47:50.646+0000] {dag.py:3954} INFO - Setting next_dagrun for latest_only to 2025-07-24 16:00:00+00:00, run_after=2025-07-24 20:00:00+00:00
[2025-07-24T20:47:50.657+0000] {processor.py:183} INFO - Processing /home/airflow/.local/lib/python3.12/site-packages/airflow/example_dags/example_latest_only.py took 0.043 seconds
[2025-07-24T20:48:21.297+0000] {processor.py:161} INFO - Started process (PID=627) to work on /home/airflow/.local/lib/python3.12/site-packages/airflow/example_dags/example_latest_only.py
[2025-07-24T20:48:21.298+0000] {processor.py:830} INFO - Processing file /home/airflow/.local/lib/python3.12/site-packages/airflow/example_dags/example_latest_only.py for tasks to queue
[2025-07-24T20:48:21.299+0000] {logging_mixin.py:188} INFO - [2025-07-24T20:48:21.299+0000] {dagbag.py:545} INFO - Filling up the DagBag from /home/airflow/.local/lib/python3.12/site-packages/airflow/example_dags/example_latest_only.py
[2025-07-24T20:48:21.302+0000] {processor.py:840} INFO - DAG(s) 'latest_only' retrieved from /home/airflow/.local/lib/python3.12/site-packages/airflow/example_dags/example_latest_only.py
[2025-07-24T20:48:21.312+0000] {logging_mixin.py:188} INFO - [2025-07-24T20:48:21.312+0000] {dag.py:3096} INFO - Sync 1 DAGs
[2025-07-24T20:48:21.323+0000] {logging_mixin.py:188} INFO - [2025-07-24T20:48:21.323+0000] {dag.py:3954} INFO - Setting next_dagrun for latest_only to 2025-07-24 16:00:00+00:00, run_after=2025-07-24 20:00:00+00:00
[2025-07-24T20:48:21.334+0000] {processor.py:183} INFO - Processing /home/airflow/.local/lib/python3.12/site-packages/airflow/example_dags/example_latest_only.py took 0.040 seconds
[2025-07-24T20:48:51.948+0000] {processor.py:161} INFO - Started process (PID=685) to work on /home/airflow/.local/lib/python3.12/site-packages/airflow/example_dags/example_latest_only.py
[2025-07-24T20:48:51.948+0000] {processor.py:830} INFO - Processing file /home/airflow/.local/lib/python3.12/site-packages/airflow/example_dags/example_latest_only.py for tasks to queue
[2025-07-24T20:48:51.949+0000] {logging_mixin.py:188} INFO - [2025-07-24T20:48:51.949+0000] {dagbag.py:545} INFO - Filling up the DagBag from /home/airflow/.local/lib/python3.12/site-packages/airflow/example_dags/example_latest_only.py
[2025-07-24T20:48:51.952+0000] {processor.py:840} INFO - DAG(s) 'latest_only' retrieved from /home/airflow/.local/lib/python3.12/site-packages/airflow/example_dags/example_latest_only.py
[2025-07-24T20:48:51.963+0000] {logging_mixin.py:188} INFO - [2025-07-24T20:48:51.963+0000] {dag.py:3096} INFO - Sync 1 DAGs
[2025-07-24T20:48:51.974+0000] {logging_mixin.py:188} INFO - [2025-07-24T20:48:51.974+0000] {dag.py:3954} INFO - Setting next_dagrun for latest_only to 2025-07-24 16:00:00+00:00, run_after=2025-07-24 20:00:00+00:00
[2025-07-24T20:48:51.984+0000] {processor.py:183} INFO - Processing /home/airflow/.local/lib/python3.12/site-packages/airflow/example_dags/example_latest_only.py took 0.040 seconds
[2025-07-24T20:49:22.549+0000] {processor.py:161} INFO - Started process (PID=743) to work on /home/airflow/.local/lib/python3.12/site-packages/airflow/example_dags/example_latest_only.py
[2025-07-24T20:49:22.550+0000] {processor.py:830} INFO - Processing file /home/airflow/.local/lib/python3.12/site-packages/airflow/example_dags/example_latest_only.py for tasks to queue
[2025-07-24T20:49:22.551+0000] {logging_mixin.py:188} INFO - [2025-07-24T20:49:22.551+0000] {dagbag.py:545} INFO - Filling up the DagBag from /home/airflow/.local/lib/python3.12/site-packages/airflow/example_dags/example_latest_only.py
[2025-07-24T20:49:22.554+0000] {processor.py:840} INFO - DAG(s) 'latest_only' retrieved from /home/airflow/.local/lib/python3.12/site-packages/airflow/example_dags/example_latest_only.py
[2025-07-24T20:49:22.569+0000] {logging_mixin.py:188} INFO - [2025-07-24T20:49:22.569+0000] {dag.py:3096} INFO - Sync 1 DAGs
[2025-07-24T20:49:22.581+0000] {logging_mixin.py:188} INFO - [2025-07-24T20:49:22.580+0000] {dag.py:3954} INFO - Setting next_dagrun for latest_only to 2025-07-24 16:00:00+00:00, run_after=2025-07-24 20:00:00+00:00
[2025-07-24T20:49:22.589+0000] {processor.py:183} INFO - Processing /home/airflow/.local/lib/python3.12/site-packages/airflow/example_dags/example_latest_only.py took 0.044 seconds
[2025-07-24T20:49:53.132+0000] {processor.py:161} INFO - Started process (PID=801) to work on /home/airflow/.local/lib/python3.12/site-packages/airflow/example_dags/example_latest_only.py
[2025-07-24T20:49:53.132+0000] {processor.py:830} INFO - Processing file /home/airflow/.local/lib/python3.12/site-packages/airflow/example_dags/example_latest_only.py for tasks to queue
[2025-07-24T20:49:53.133+0000] {logging_mixin.py:188} INFO - [2025-07-24T20:49:53.133+0000] {dagbag.py:545} INFO - Filling up the DagBag from /home/airflow/.local/lib/python3.12/site-packages/airflow/example_dags/example_latest_only.py
[2025-07-24T20:49:53.136+0000] {processor.py:840} INFO - DAG(s) 'latest_only' retrieved from /home/airflow/.local/lib/python3.12/site-packages/airflow/example_dags/example_latest_only.py
[2025-07-24T20:49:53.146+0000] {logging_mixin.py:188} INFO - [2025-07-24T20:49:53.146+0000] {dag.py:3096} INFO - Sync 1 DAGs
[2025-07-24T20:49:53.158+0000] {logging_mixin.py:188} INFO - [2025-07-24T20:49:53.158+0000] {dag.py:3954} INFO - Setting next_dagrun for latest_only to 2025-07-24 16:00:00+00:00, run_after=2025-07-24 20:00:00+00:00
[2025-07-24T20:49:53.167+0000] {processor.py:183} INFO - Processing /home/airflow/.local/lib/python3.12/site-packages/airflow/example_dags/example_latest_only.py took 0.038 seconds
[2025-07-24T20:50:23.833+0000] {processor.py:161} INFO - Started process (PID=859) to work on /home/airflow/.local/lib/python3.12/site-packages/airflow/example_dags/example_latest_only.py
[2025-07-24T20:50:23.833+0000] {processor.py:830} INFO - Processing file /home/airflow/.local/lib/python3.12/site-packages/airflow/example_dags/example_latest_only.py for tasks to queue
[2025-07-24T20:50:23.835+0000] {logging_mixin.py:188} INFO - [2025-07-24T20:50:23.834+0000] {dagbag.py:545} INFO - Filling up the DagBag from /home/airflow/.local/lib/python3.12/site-packages/airflow/example_dags/example_latest_only.py
[2025-07-24T20:50:23.838+0000] {processor.py:840} INFO - DAG(s) 'latest_only' retrieved from /home/airflow/.local/lib/python3.12/site-packages/airflow/example_dags/example_latest_only.py
[2025-07-24T20:50:23.848+0000] {logging_mixin.py:188} INFO - [2025-07-24T20:50:23.848+0000] {dag.py:3096} INFO - Sync 1 DAGs
[2025-07-24T20:50:23.861+0000] {logging_mixin.py:188} INFO - [2025-07-24T20:50:23.861+0000] {dag.py:3954} INFO - Setting next_dagrun for latest_only to 2025-07-24 16:00:00+00:00, run_after=2025-07-24 20:00:00+00:00
[2025-07-24T20:50:23.876+0000] {processor.py:183} INFO - Processing /home/airflow/.local/lib/python3.12/site-packages/airflow/example_dags/example_latest_only.py took 0.047 seconds
[2025-07-24T20:50:53.988+0000] {processor.py:161} INFO - Started process (PID=917) to work on /home/airflow/.local/lib/python3.12/site-packages/airflow/example_dags/example_latest_only.py
[2025-07-24T20:50:53.989+0000] {processor.py:830} INFO - Processing file /home/airflow/.local/lib/python3.12/site-packages/airflow/example_dags/example_latest_only.py for tasks to queue
[2025-07-24T20:50:53.990+0000] {logging_mixin.py:188} INFO - [2025-07-24T20:50:53.990+0000] {dagbag.py:545} INFO - Filling up the DagBag from /home/airflow/.local/lib/python3.12/site-packages/airflow/example_dags/example_latest_only.py
[2025-07-24T20:50:53.993+0000] {processor.py:840} INFO - DAG(s) 'latest_only' retrieved from /home/airflow/.local/lib/python3.12/site-packages/airflow/example_dags/example_latest_only.py
[2025-07-24T20:50:54.005+0000] {logging_mixin.py:188} INFO - [2025-07-24T20:50:54.005+0000] {dag.py:3096} INFO - Sync 1 DAGs
[2025-07-24T20:50:54.017+0000] {logging_mixin.py:188} INFO - [2025-07-24T20:50:54.017+0000] {dag.py:3954} INFO - Setting next_dagrun for latest_only to 2025-07-24 16:00:00+00:00, run_after=2025-07-24 20:00:00+00:00
[2025-07-24T20:50:54.027+0000] {processor.py:183} INFO - Processing /home/airflow/.local/lib/python3.12/site-packages/airflow/example_dags/example_latest_only.py took 0.042 seconds
[2025-07-24T20:51:24.755+0000] {processor.py:161} INFO - Started process (PID=975) to work on /home/airflow/.local/lib/python3.12/site-packages/airflow/example_dags/example_latest_only.py
[2025-07-24T20:51:24.756+0000] {processor.py:830} INFO - Processing file /home/airflow/.local/lib/python3.12/site-packages/airflow/example_dags/example_latest_only.py for tasks to queue
[2025-07-24T20:51:24.757+0000] {logging_mixin.py:188} INFO - [2025-07-24T20:51:24.757+0000] {dagbag.py:545} INFO - Filling up the DagBag from /home/airflow/.local/lib/python3.12/site-packages/airflow/example_dags/example_latest_only.py
[2025-07-24T20:51:24.760+0000] {processor.py:840} INFO - DAG(s) 'latest_only' retrieved from /home/airflow/.local/lib/python3.12/site-packages/airflow/example_dags/example_latest_only.py
[2025-07-24T20:51:24.773+0000] {logging_mixin.py:188} INFO - [2025-07-24T20:51:24.772+0000] {dag.py:3096} INFO - Sync 1 DAGs
[2025-07-24T20:51:24.784+0000] {logging_mixin.py:188} INFO - [2025-07-24T20:51:24.783+0000] {dag.py:3954} INFO - Setting next_dagrun for latest_only to 2025-07-24 16:00:00+00:00, run_after=2025-07-24 20:00:00+00:00
[2025-07-24T20:51:24.799+0000] {processor.py:183} INFO - Processing /home/airflow/.local/lib/python3.12/site-packages/airflow/example_dags/example_latest_only.py took 0.047 seconds
[2025-07-24T20:51:55.475+0000] {processor.py:161} INFO - Started process (PID=1033) to work on /home/airflow/.local/lib/python3.12/site-packages/airflow/example_dags/example_latest_only.py
[2025-07-24T20:51:55.476+0000] {processor.py:830} INFO - Processing file /home/airflow/.local/lib/python3.12/site-packages/airflow/example_dags/example_latest_only.py for tasks to queue
[2025-07-24T20:51:55.477+0000] {logging_mixin.py:188} INFO - [2025-07-24T20:51:55.477+0000] {dagbag.py:545} INFO - Filling up the DagBag from /home/airflow/.local/lib/python3.12/site-packages/airflow/example_dags/example_latest_only.py
[2025-07-24T20:51:55.480+0000] {processor.py:840} INFO - DAG(s) 'latest_only' retrieved from /home/airflow/.local/lib/python3.12/site-packages/airflow/example_dags/example_latest_only.py
[2025-07-24T20:51:55.491+0000] {logging_mixin.py:188} INFO - [2025-07-24T20:51:55.491+0000] {dag.py:3096} INFO - Sync 1 DAGs
[2025-07-24T20:51:55.504+0000] {logging_mixin.py:188} INFO - [2025-07-24T20:51:55.504+0000] {dag.py:3954} INFO - Setting next_dagrun for latest_only to 2025-07-24 16:00:00+00:00, run_after=2025-07-24 20:00:00+00:00
[2025-07-24T20:51:55.513+0000] {processor.py:183} INFO - Processing /home/airflow/.local/lib/python3.12/site-packages/airflow/example_dags/example_latest_only.py took 0.042 seconds
[2025-07-24T20:52:26.216+0000] {processor.py:161} INFO - Started process (PID=1091) to work on /home/airflow/.local/lib/python3.12/site-packages/airflow/example_dags/example_latest_only.py
[2025-07-24T20:52:26.216+0000] {processor.py:830} INFO - Processing file /home/airflow/.local/lib/python3.12/site-packages/airflow/example_dags/example_latest_only.py for tasks to queue
[2025-07-24T20:52:26.218+0000] {logging_mixin.py:188} INFO - [2025-07-24T20:52:26.218+0000] {dagbag.py:545} INFO - Filling up the DagBag from /home/airflow/.local/lib/python3.12/site-packages/airflow/example_dags/example_latest_only.py
[2025-07-24T20:52:26.220+0000] {processor.py:840} INFO - DAG(s) 'latest_only' retrieved from /home/airflow/.local/lib/python3.12/site-packages/airflow/example_dags/example_latest_only.py
[2025-07-24T20:52:26.231+0000] {logging_mixin.py:188} INFO - [2025-07-24T20:52:26.231+0000] {dag.py:3096} INFO - Sync 1 DAGs
[2025-07-24T20:52:26.242+0000] {logging_mixin.py:188} INFO - [2025-07-24T20:52:26.242+0000] {dag.py:3954} INFO - Setting next_dagrun for latest_only to 2025-07-24 16:00:00+00:00, run_after=2025-07-24 20:00:00+00:00
[2025-07-24T20:52:26.252+0000] {processor.py:183} INFO - Processing /home/airflow/.local/lib/python3.12/site-packages/airflow/example_dags/example_latest_only.py took 0.039 seconds
[2025-07-24T20:52:56.937+0000] {processor.py:161} INFO - Started process (PID=1149) to work on /home/airflow/.local/lib/python3.12/site-packages/airflow/example_dags/example_latest_only.py
[2025-07-24T20:52:56.938+0000] {processor.py:830} INFO - Processing file /home/airflow/.local/lib/python3.12/site-packages/airflow/example_dags/example_latest_only.py for tasks to queue
[2025-07-24T20:52:56.939+0000] {logging_mixin.py:188} INFO - [2025-07-24T20:52:56.939+0000] {dagbag.py:545} INFO - Filling up the DagBag from /home/airflow/.local/lib/python3.12/site-packages/airflow/example_dags/example_latest_only.py
[2025-07-24T20:52:56.942+0000] {processor.py:840} INFO - DAG(s) 'latest_only' retrieved from /home/airflow/.local/lib/python3.12/site-packages/airflow/example_dags/example_latest_only.py
[2025-07-24T20:52:56.952+0000] {logging_mixin.py:188} INFO - [2025-07-24T20:52:56.952+0000] {dag.py:3096} INFO - Sync 1 DAGs
[2025-07-24T20:52:56.964+0000] {logging_mixin.py:188} INFO - [2025-07-24T20:52:56.963+0000] {dag.py:3954} INFO - Setting next_dagrun for latest_only to 2025-07-24 16:00:00+00:00, run_after=2025-07-24 20:00:00+00:00
[2025-07-24T20:52:56.974+0000] {processor.py:183} INFO - Processing /home/airflow/.local/lib/python3.12/site-packages/airflow/example_dags/example_latest_only.py took 0.040 seconds
[2025-07-24T20:53:27.047+0000] {processor.py:161} INFO - Started process (PID=1207) to work on /home/airflow/.local/lib/python3.12/site-packages/airflow/example_dags/example_latest_only.py
[2025-07-24T20:53:27.048+0000] {processor.py:830} INFO - Processing file /home/airflow/.local/lib/python3.12/site-packages/airflow/example_dags/example_latest_only.py for tasks to queue
[2025-07-24T20:53:27.049+0000] {logging_mixin.py:188} INFO - [2025-07-24T20:53:27.049+0000] {dagbag.py:545} INFO - Filling up the DagBag from /home/airflow/.local/lib/python3.12/site-packages/airflow/example_dags/example_latest_only.py
[2025-07-24T20:53:27.052+0000] {processor.py:840} INFO - DAG(s) 'latest_only' retrieved from /home/airflow/.local/lib/python3.12/site-packages/airflow/example_dags/example_latest_only.py
[2025-07-24T20:53:27.063+0000] {logging_mixin.py:188} INFO - [2025-07-24T20:53:27.063+0000] {dag.py:3096} INFO - Sync 1 DAGs
[2025-07-24T20:53:27.075+0000] {logging_mixin.py:188} INFO - [2025-07-24T20:53:27.075+0000] {dag.py:3954} INFO - Setting next_dagrun for latest_only to 2025-07-24 16:00:00+00:00, run_after=2025-07-24 20:00:00+00:00
[2025-07-24T20:53:27.084+0000] {processor.py:183} INFO - Processing /home/airflow/.local/lib/python3.12/site-packages/airflow/example_dags/example_latest_only.py took 0.040 seconds
[2025-07-24T20:53:57.158+0000] {processor.py:161} INFO - Started process (PID=1265) to work on /home/airflow/.local/lib/python3.12/site-packages/airflow/example_dags/example_latest_only.py
[2025-07-24T20:53:57.158+0000] {processor.py:830} INFO - Processing file /home/airflow/.local/lib/python3.12/site-packages/airflow/example_dags/example_latest_only.py for tasks to queue
[2025-07-24T20:53:57.159+0000] {logging_mixin.py:188} INFO - [2025-07-24T20:53:57.159+0000] {dagbag.py:545} INFO - Filling up the DagBag from /home/airflow/.local/lib/python3.12/site-packages/airflow/example_dags/example_latest_only.py
[2025-07-24T20:53:57.162+0000] {processor.py:840} INFO - DAG(s) 'latest_only' retrieved from /home/airflow/.local/lib/python3.12/site-packages/airflow/example_dags/example_latest_only.py
[2025-07-24T20:53:57.173+0000] {logging_mixin.py:188} INFO - [2025-07-24T20:53:57.173+0000] {dag.py:3096} INFO - Sync 1 DAGs
[2025-07-24T20:53:57.185+0000] {logging_mixin.py:188} INFO - [2025-07-24T20:53:57.185+0000] {dag.py:3954} INFO - Setting next_dagrun for latest_only to 2025-07-24 16:00:00+00:00, run_after=2025-07-24 20:00:00+00:00
[2025-07-24T20:53:57.194+0000] {processor.py:183} INFO - Processing /home/airflow/.local/lib/python3.12/site-packages/airflow/example_dags/example_latest_only.py took 0.040 seconds
[2025-07-24T20:54:27.353+0000] {processor.py:161} INFO - Started process (PID=1323) to work on /home/airflow/.local/lib/python3.12/site-packages/airflow/example_dags/example_latest_only.py
[2025-07-24T20:54:27.354+0000] {processor.py:830} INFO - Processing file /home/airflow/.local/lib/python3.12/site-packages/airflow/example_dags/example_latest_only.py for tasks to queue
[2025-07-24T20:54:27.355+0000] {logging_mixin.py:188} INFO - [2025-07-24T20:54:27.355+0000] {dagbag.py:545} INFO - Filling up the DagBag from /home/airflow/.local/lib/python3.12/site-packages/airflow/example_dags/example_latest_only.py
[2025-07-24T20:54:27.357+0000] {processor.py:840} INFO - DAG(s) 'latest_only' retrieved from /home/airflow/.local/lib/python3.12/site-packages/airflow/example_dags/example_latest_only.py
[2025-07-24T20:54:27.367+0000] {logging_mixin.py:188} INFO - [2025-07-24T20:54:27.367+0000] {dag.py:3096} INFO - Sync 1 DAGs
[2025-07-24T20:54:27.378+0000] {logging_mixin.py:188} INFO - [2025-07-24T20:54:27.378+0000] {dag.py:3954} INFO - Setting next_dagrun for latest_only to 2025-07-24 16:00:00+00:00, run_after=2025-07-24 20:00:00+00:00
[2025-07-24T20:54:27.387+0000] {processor.py:183} INFO - Processing /home/airflow/.local/lib/python3.12/site-packages/airflow/example_dags/example_latest_only.py took 0.037 seconds
[2025-07-24T20:54:58.296+0000] {processor.py:161} INFO - Started process (PID=1381) to work on /home/airflow/.local/lib/python3.12/site-packages/airflow/example_dags/example_latest_only.py
[2025-07-24T20:54:58.297+0000] {processor.py:830} INFO - Processing file /home/airflow/.local/lib/python3.12/site-packages/airflow/example_dags/example_latest_only.py for tasks to queue
[2025-07-24T20:54:58.298+0000] {logging_mixin.py:188} INFO - [2025-07-24T20:54:58.297+0000] {dagbag.py:545} INFO - Filling up the DagBag from /home/airflow/.local/lib/python3.12/site-packages/airflow/example_dags/example_latest_only.py
[2025-07-24T20:54:58.300+0000] {processor.py:840} INFO - DAG(s) 'latest_only' retrieved from /home/airflow/.local/lib/python3.12/site-packages/airflow/example_dags/example_latest_only.py
[2025-07-24T20:54:58.309+0000] {logging_mixin.py:188} INFO - [2025-07-24T20:54:58.309+0000] {dag.py:3096} INFO - Sync 1 DAGs
[2025-07-24T20:54:58.319+0000] {logging_mixin.py:188} INFO - [2025-07-24T20:54:58.319+0000] {dag.py:3954} INFO - Setting next_dagrun for latest_only to 2025-07-24 16:00:00+00:00, run_after=2025-07-24 20:00:00+00:00
[2025-07-24T20:54:58.327+0000] {processor.py:183} INFO - Processing /home/airflow/.local/lib/python3.12/site-packages/airflow/example_dags/example_latest_only.py took 0.034 seconds
[2025-07-24T20:55:29.071+0000] {processor.py:161} INFO - Started process (PID=1439) to work on /home/airflow/.local/lib/python3.12/site-packages/airflow/example_dags/example_latest_only.py
[2025-07-24T20:55:29.071+0000] {processor.py:830} INFO - Processing file /home/airflow/.local/lib/python3.12/site-packages/airflow/example_dags/example_latest_only.py for tasks to queue
[2025-07-24T20:55:29.072+0000] {logging_mixin.py:188} INFO - [2025-07-24T20:55:29.072+0000] {dagbag.py:545} INFO - Filling up the DagBag from /home/airflow/.local/lib/python3.12/site-packages/airflow/example_dags/example_latest_only.py
[2025-07-24T20:55:29.075+0000] {processor.py:840} INFO - DAG(s) 'latest_only' retrieved from /home/airflow/.local/lib/python3.12/site-packages/airflow/example_dags/example_latest_only.py
[2025-07-24T20:55:29.086+0000] {logging_mixin.py:188} INFO - [2025-07-24T20:55:29.086+0000] {dag.py:3096} INFO - Sync 1 DAGs
[2025-07-24T20:55:29.097+0000] {logging_mixin.py:188} INFO - [2025-07-24T20:55:29.097+0000] {dag.py:3954} INFO - Setting next_dagrun for latest_only to 2025-07-24 16:00:00+00:00, run_after=2025-07-24 20:00:00+00:00
[2025-07-24T20:55:29.107+0000] {processor.py:183} INFO - Processing /home/airflow/.local/lib/python3.12/site-packages/airflow/example_dags/example_latest_only.py took 0.040 seconds
[2025-07-24T20:55:59.959+0000] {processor.py:161} INFO - Started process (PID=1497) to work on /home/airflow/.local/lib/python3.12/site-packages/airflow/example_dags/example_latest_only.py
[2025-07-24T20:55:59.960+0000] {processor.py:830} INFO - Processing file /home/airflow/.local/lib/python3.12/site-packages/airflow/example_dags/example_latest_only.py for tasks to queue
[2025-07-24T20:55:59.961+0000] {logging_mixin.py:188} INFO - [2025-07-24T20:55:59.960+0000] {dagbag.py:545} INFO - Filling up the DagBag from /home/airflow/.local/lib/python3.12/site-packages/airflow/example_dags/example_latest_only.py
[2025-07-24T20:55:59.964+0000] {processor.py:840} INFO - DAG(s) 'latest_only' retrieved from /home/airflow/.local/lib/python3.12/site-packages/airflow/example_dags/example_latest_only.py
[2025-07-24T20:55:59.975+0000] {logging_mixin.py:188} INFO - [2025-07-24T20:55:59.975+0000] {dag.py:3096} INFO - Sync 1 DAGs
[2025-07-24T20:55:59.987+0000] {logging_mixin.py:188} INFO - [2025-07-24T20:55:59.987+0000] {dag.py:3954} INFO - Setting next_dagrun for latest_only to 2025-07-24 16:00:00+00:00, run_after=2025-07-24 20:00:00+00:00
[2025-07-24T20:55:59.996+0000] {processor.py:183} INFO - Processing /home/airflow/.local/lib/python3.12/site-packages/airflow/example_dags/example_latest_only.py took 0.041 seconds
