[2025-07-24T20:31:48.813+0000] {processor.py:161} INFO - Started process (PID=74) to work on /home/airflow/.local/lib/python3.12/site-packages/airflow/example_dags/example_setup_teardown.py
[2025-07-24T20:31:48.813+0000] {processor.py:830} INFO - Processing file /home/airflow/.local/lib/python3.12/site-packages/airflow/example_dags/example_setup_teardown.py for tasks to queue
[2025-07-24T20:31:48.814+0000] {logging_mixin.py:188} INFO - [2025-07-24T20:31:48.814+0000] {dagbag.py:545} INFO - Filling up the DagBag from /home/airflow/.local/lib/python3.12/site-packages/airflow/example_dags/example_setup_teardown.py
[2025-07-24T20:31:48.819+0000] {processor.py:840} INFO - DAG(s) 'example_setup_teardown' retrieved from /home/airflow/.local/lib/python3.12/site-packages/airflow/example_dags/example_setup_teardown.py
[2025-07-24T20:31:48.826+0000] {logging_mixin.py:188} INFO - [2025-07-24T20:31:48.826+0000] {dag.py:3096} INFO - Sync 1 DAGs
[2025-07-24T20:31:48.842+0000] {logging_mixin.py:188} INFO - [2025-07-24T20:31:48.842+0000] {dag.py:3954} INFO - Setting next_dagrun for example_setup_teardown to 2025-07-23 00:00:00+00:00, run_after=2025-07-24 00:00:00+00:00
[2025-07-24T20:31:48.852+0000] {processor.py:183} INFO - Processing /home/airflow/.local/lib/python3.12/site-packages/airflow/example_dags/example_setup_teardown.py took 0.043 seconds
[2025-07-24T20:32:20.291+0000] {processor.py:161} INFO - Started process (PID=132) to work on /home/airflow/.local/lib/python3.12/site-packages/airflow/example_dags/example_setup_teardown.py
[2025-07-24T20:32:20.291+0000] {processor.py:830} INFO - Processing file /home/airflow/.local/lib/python3.12/site-packages/airflow/example_dags/example_setup_teardown.py for tasks to queue
[2025-07-24T20:32:20.292+0000] {logging_mixin.py:188} INFO - [2025-07-24T20:32:20.292+0000] {dagbag.py:545} INFO - Filling up the DagBag from /home/airflow/.local/lib/python3.12/site-packages/airflow/example_dags/example_setup_teardown.py
[2025-07-24T20:32:20.296+0000] {processor.py:840} INFO - DAG(s) 'example_setup_teardown' retrieved from /home/airflow/.local/lib/python3.12/site-packages/airflow/example_dags/example_setup_teardown.py
[2025-07-24T20:32:20.350+0000] {logging_mixin.py:188} INFO - [2025-07-24T20:32:20.350+0000] {dag.py:3096} INFO - Sync 1 DAGs
[2025-07-24T20:32:20.360+0000] {logging_mixin.py:188} INFO - [2025-07-24T20:32:20.360+0000] {dag.py:3954} INFO - Setting next_dagrun for example_setup_teardown to 2025-07-23 00:00:00+00:00, run_after=2025-07-24 00:00:00+00:00
[2025-07-24T20:32:20.368+0000] {processor.py:183} INFO - Processing /home/airflow/.local/lib/python3.12/site-packages/airflow/example_dags/example_setup_teardown.py took 0.081 seconds
[2025-07-24T20:32:50.864+0000] {processor.py:161} INFO - Started process (PID=190) to work on /home/airflow/.local/lib/python3.12/site-packages/airflow/example_dags/example_setup_teardown.py
[2025-07-24T20:32:50.864+0000] {processor.py:830} INFO - Processing file /home/airflow/.local/lib/python3.12/site-packages/airflow/example_dags/example_setup_teardown.py for tasks to queue
[2025-07-24T20:32:50.865+0000] {logging_mixin.py:188} INFO - [2025-07-24T20:32:50.865+0000] {dagbag.py:545} INFO - Filling up the DagBag from /home/airflow/.local/lib/python3.12/site-packages/airflow/example_dags/example_setup_teardown.py
[2025-07-24T20:32:50.868+0000] {processor.py:840} INFO - DAG(s) 'example_setup_teardown' retrieved from /home/airflow/.local/lib/python3.12/site-packages/airflow/example_dags/example_setup_teardown.py
[2025-07-24T20:32:50.879+0000] {logging_mixin.py:188} INFO - [2025-07-24T20:32:50.878+0000] {dag.py:3096} INFO - Sync 1 DAGs
[2025-07-24T20:32:50.889+0000] {logging_mixin.py:188} INFO - [2025-07-24T20:32:50.889+0000] {dag.py:3954} INFO - Setting next_dagrun for example_setup_teardown to 2025-07-23 00:00:00+00:00, run_after=2025-07-24 00:00:00+00:00
[2025-07-24T20:32:50.897+0000] {processor.py:183} INFO - Processing /home/airflow/.local/lib/python3.12/site-packages/airflow/example_dags/example_setup_teardown.py took 0.037 seconds
[2025-07-24T20:33:21.661+0000] {processor.py:161} INFO - Started process (PID=248) to work on /home/airflow/.local/lib/python3.12/site-packages/airflow/example_dags/example_setup_teardown.py
[2025-07-24T20:33:21.662+0000] {processor.py:830} INFO - Processing file /home/airflow/.local/lib/python3.12/site-packages/airflow/example_dags/example_setup_teardown.py for tasks to queue
[2025-07-24T20:33:21.663+0000] {logging_mixin.py:188} INFO - [2025-07-24T20:33:21.662+0000] {dagbag.py:545} INFO - Filling up the DagBag from /home/airflow/.local/lib/python3.12/site-packages/airflow/example_dags/example_setup_teardown.py
[2025-07-24T20:33:21.666+0000] {processor.py:840} INFO - DAG(s) 'example_setup_teardown' retrieved from /home/airflow/.local/lib/python3.12/site-packages/airflow/example_dags/example_setup_teardown.py
[2025-07-24T20:33:21.678+0000] {logging_mixin.py:188} INFO - [2025-07-24T20:33:21.678+0000] {dag.py:3096} INFO - Sync 1 DAGs
[2025-07-24T20:33:21.689+0000] {logging_mixin.py:188} INFO - [2025-07-24T20:33:21.689+0000] {dag.py:3954} INFO - Setting next_dagrun for example_setup_teardown to 2025-07-23 00:00:00+00:00, run_after=2025-07-24 00:00:00+00:00
[2025-07-24T20:33:21.699+0000] {processor.py:183} INFO - Processing /home/airflow/.local/lib/python3.12/site-packages/airflow/example_dags/example_setup_teardown.py took 0.041 seconds
[2025-07-24T20:33:52.392+0000] {processor.py:161} INFO - Started process (PID=306) to work on /home/airflow/.local/lib/python3.12/site-packages/airflow/example_dags/example_setup_teardown.py
[2025-07-24T20:33:52.393+0000] {processor.py:830} INFO - Processing file /home/airflow/.local/lib/python3.12/site-packages/airflow/example_dags/example_setup_teardown.py for tasks to queue
[2025-07-24T20:33:52.393+0000] {logging_mixin.py:188} INFO - [2025-07-24T20:33:52.393+0000] {dagbag.py:545} INFO - Filling up the DagBag from /home/airflow/.local/lib/python3.12/site-packages/airflow/example_dags/example_setup_teardown.py
[2025-07-24T20:33:52.397+0000] {processor.py:840} INFO - DAG(s) 'example_setup_teardown' retrieved from /home/airflow/.local/lib/python3.12/site-packages/airflow/example_dags/example_setup_teardown.py
[2025-07-24T20:33:52.407+0000] {logging_mixin.py:188} INFO - [2025-07-24T20:33:52.407+0000] {dag.py:3096} INFO - Sync 1 DAGs
[2025-07-24T20:33:52.419+0000] {logging_mixin.py:188} INFO - [2025-07-24T20:33:52.419+0000] {dag.py:3954} INFO - Setting next_dagrun for example_setup_teardown to 2025-07-23 00:00:00+00:00, run_after=2025-07-24 00:00:00+00:00
[2025-07-24T20:33:52.429+0000] {processor.py:183} INFO - Processing /home/airflow/.local/lib/python3.12/site-packages/airflow/example_dags/example_setup_teardown.py took 0.041 seconds
[2025-07-24T20:34:23.111+0000] {processor.py:161} INFO - Started process (PID=364) to work on /home/airflow/.local/lib/python3.12/site-packages/airflow/example_dags/example_setup_teardown.py
[2025-07-24T20:34:23.112+0000] {processor.py:830} INFO - Processing file /home/airflow/.local/lib/python3.12/site-packages/airflow/example_dags/example_setup_teardown.py for tasks to queue
[2025-07-24T20:34:23.113+0000] {logging_mixin.py:188} INFO - [2025-07-24T20:34:23.112+0000] {dagbag.py:545} INFO - Filling up the DagBag from /home/airflow/.local/lib/python3.12/site-packages/airflow/example_dags/example_setup_teardown.py
[2025-07-24T20:34:23.116+0000] {processor.py:840} INFO - DAG(s) 'example_setup_teardown' retrieved from /home/airflow/.local/lib/python3.12/site-packages/airflow/example_dags/example_setup_teardown.py
[2025-07-24T20:34:23.127+0000] {logging_mixin.py:188} INFO - [2025-07-24T20:34:23.127+0000] {dag.py:3096} INFO - Sync 1 DAGs
[2025-07-24T20:34:23.139+0000] {logging_mixin.py:188} INFO - [2025-07-24T20:34:23.139+0000] {dag.py:3954} INFO - Setting next_dagrun for example_setup_teardown to 2025-07-23 00:00:00+00:00, run_after=2025-07-24 00:00:00+00:00
[2025-07-24T20:34:23.149+0000] {processor.py:183} INFO - Processing /home/airflow/.local/lib/python3.12/site-packages/airflow/example_dags/example_setup_teardown.py took 0.041 seconds
[2025-07-24T20:34:53.928+0000] {processor.py:161} INFO - Started process (PID=422) to work on /home/airflow/.local/lib/python3.12/site-packages/airflow/example_dags/example_setup_teardown.py
[2025-07-24T20:34:53.929+0000] {processor.py:830} INFO - Processing file /home/airflow/.local/lib/python3.12/site-packages/airflow/example_dags/example_setup_teardown.py for tasks to queue
[2025-07-24T20:34:53.930+0000] {logging_mixin.py:188} INFO - [2025-07-24T20:34:53.930+0000] {dagbag.py:545} INFO - Filling up the DagBag from /home/airflow/.local/lib/python3.12/site-packages/airflow/example_dags/example_setup_teardown.py
[2025-07-24T20:34:53.933+0000] {processor.py:840} INFO - DAG(s) 'example_setup_teardown' retrieved from /home/airflow/.local/lib/python3.12/site-packages/airflow/example_dags/example_setup_teardown.py
[2025-07-24T20:34:53.945+0000] {logging_mixin.py:188} INFO - [2025-07-24T20:34:53.945+0000] {dag.py:3096} INFO - Sync 1 DAGs
[2025-07-24T20:34:53.956+0000] {logging_mixin.py:188} INFO - [2025-07-24T20:34:53.956+0000] {dag.py:3954} INFO - Setting next_dagrun for example_setup_teardown to 2025-07-23 00:00:00+00:00, run_after=2025-07-24 00:00:00+00:00
[2025-07-24T20:34:53.965+0000] {processor.py:183} INFO - Processing /home/airflow/.local/lib/python3.12/site-packages/airflow/example_dags/example_setup_teardown.py took 0.040 seconds
[2025-07-24T20:35:24.668+0000] {processor.py:161} INFO - Started process (PID=480) to work on /home/airflow/.local/lib/python3.12/site-packages/airflow/example_dags/example_setup_teardown.py
[2025-07-24T20:35:24.668+0000] {processor.py:830} INFO - Processing file /home/airflow/.local/lib/python3.12/site-packages/airflow/example_dags/example_setup_teardown.py for tasks to queue
[2025-07-24T20:35:24.669+0000] {logging_mixin.py:188} INFO - [2025-07-24T20:35:24.669+0000] {dagbag.py:545} INFO - Filling up the DagBag from /home/airflow/.local/lib/python3.12/site-packages/airflow/example_dags/example_setup_teardown.py
[2025-07-24T20:35:24.672+0000] {processor.py:840} INFO - DAG(s) 'example_setup_teardown' retrieved from /home/airflow/.local/lib/python3.12/site-packages/airflow/example_dags/example_setup_teardown.py
[2025-07-24T20:35:24.683+0000] {logging_mixin.py:188} INFO - [2025-07-24T20:35:24.682+0000] {dag.py:3096} INFO - Sync 1 DAGs
[2025-07-24T20:35:24.692+0000] {logging_mixin.py:188} INFO - [2025-07-24T20:35:24.692+0000] {dag.py:3954} INFO - Setting next_dagrun for example_setup_teardown to 2025-07-23 00:00:00+00:00, run_after=2025-07-24 00:00:00+00:00
[2025-07-24T20:35:24.700+0000] {processor.py:183} INFO - Processing /home/airflow/.local/lib/python3.12/site-packages/airflow/example_dags/example_setup_teardown.py took 0.036 seconds
[2025-07-24T20:36:44.594+0000] {processor.py:161} INFO - Started process (PID=67) to work on /home/airflow/.local/lib/python3.12/site-packages/airflow/example_dags/example_setup_teardown.py
[2025-07-24T20:36:44.594+0000] {processor.py:830} INFO - Processing file /home/airflow/.local/lib/python3.12/site-packages/airflow/example_dags/example_setup_teardown.py for tasks to queue
[2025-07-24T20:36:44.596+0000] {logging_mixin.py:188} INFO - [2025-07-24T20:36:44.595+0000] {dagbag.py:545} INFO - Filling up the DagBag from /home/airflow/.local/lib/python3.12/site-packages/airflow/example_dags/example_setup_teardown.py
[2025-07-24T20:36:44.600+0000] {processor.py:840} INFO - DAG(s) 'example_setup_teardown' retrieved from /home/airflow/.local/lib/python3.12/site-packages/airflow/example_dags/example_setup_teardown.py
[2025-07-24T20:36:44.608+0000] {logging_mixin.py:188} INFO - [2025-07-24T20:36:44.608+0000] {dag.py:3096} INFO - Sync 1 DAGs
[2025-07-24T20:36:44.621+0000] {logging_mixin.py:188} INFO - [2025-07-24T20:36:44.621+0000] {dag.py:3954} INFO - Setting next_dagrun for example_setup_teardown to 2025-07-23 00:00:00+00:00, run_after=2025-07-24 00:00:00+00:00
[2025-07-24T20:36:44.631+0000] {processor.py:183} INFO - Processing /home/airflow/.local/lib/python3.12/site-packages/airflow/example_dags/example_setup_teardown.py took 0.041 seconds
[2025-07-24T20:37:15.156+0000] {processor.py:161} INFO - Started process (PID=125) to work on /home/airflow/.local/lib/python3.12/site-packages/airflow/example_dags/example_setup_teardown.py
[2025-07-24T20:37:15.157+0000] {processor.py:830} INFO - Processing file /home/airflow/.local/lib/python3.12/site-packages/airflow/example_dags/example_setup_teardown.py for tasks to queue
[2025-07-24T20:37:15.158+0000] {logging_mixin.py:188} INFO - [2025-07-24T20:37:15.158+0000] {dagbag.py:545} INFO - Filling up the DagBag from /home/airflow/.local/lib/python3.12/site-packages/airflow/example_dags/example_setup_teardown.py
[2025-07-24T20:37:15.163+0000] {processor.py:840} INFO - DAG(s) 'example_setup_teardown' retrieved from /home/airflow/.local/lib/python3.12/site-packages/airflow/example_dags/example_setup_teardown.py
[2025-07-24T20:37:15.170+0000] {logging_mixin.py:188} INFO - [2025-07-24T20:37:15.170+0000] {dag.py:3096} INFO - Sync 1 DAGs
[2025-07-24T20:37:15.184+0000] {logging_mixin.py:188} INFO - [2025-07-24T20:37:15.183+0000] {dag.py:3954} INFO - Setting next_dagrun for example_setup_teardown to 2025-07-23 00:00:00+00:00, run_after=2025-07-24 00:00:00+00:00
[2025-07-24T20:37:15.193+0000] {processor.py:183} INFO - Processing /home/airflow/.local/lib/python3.12/site-packages/airflow/example_dags/example_setup_teardown.py took 0.040 seconds
[2025-07-24T20:37:46.470+0000] {processor.py:161} INFO - Started process (PID=183) to work on /home/airflow/.local/lib/python3.12/site-packages/airflow/example_dags/example_setup_teardown.py
[2025-07-24T20:37:46.470+0000] {processor.py:830} INFO - Processing file /home/airflow/.local/lib/python3.12/site-packages/airflow/example_dags/example_setup_teardown.py for tasks to queue
[2025-07-24T20:37:46.471+0000] {logging_mixin.py:188} INFO - [2025-07-24T20:37:46.471+0000] {dagbag.py:545} INFO - Filling up the DagBag from /home/airflow/.local/lib/python3.12/site-packages/airflow/example_dags/example_setup_teardown.py
[2025-07-24T20:37:46.475+0000] {processor.py:840} INFO - DAG(s) 'example_setup_teardown' retrieved from /home/airflow/.local/lib/python3.12/site-packages/airflow/example_dags/example_setup_teardown.py
[2025-07-24T20:37:46.530+0000] {logging_mixin.py:188} INFO - [2025-07-24T20:37:46.530+0000] {dag.py:3096} INFO - Sync 1 DAGs
[2025-07-24T20:37:46.541+0000] {logging_mixin.py:188} INFO - [2025-07-24T20:37:46.541+0000] {dag.py:3954} INFO - Setting next_dagrun for example_setup_teardown to 2025-07-23 00:00:00+00:00, run_after=2025-07-24 00:00:00+00:00
[2025-07-24T20:37:46.550+0000] {processor.py:183} INFO - Processing /home/airflow/.local/lib/python3.12/site-packages/airflow/example_dags/example_setup_teardown.py took 0.083 seconds
[2025-07-24T20:38:16.656+0000] {processor.py:161} INFO - Started process (PID=241) to work on /home/airflow/.local/lib/python3.12/site-packages/airflow/example_dags/example_setup_teardown.py
[2025-07-24T20:38:16.657+0000] {processor.py:830} INFO - Processing file /home/airflow/.local/lib/python3.12/site-packages/airflow/example_dags/example_setup_teardown.py for tasks to queue
[2025-07-24T20:38:16.658+0000] {logging_mixin.py:188} INFO - [2025-07-24T20:38:16.658+0000] {dagbag.py:545} INFO - Filling up the DagBag from /home/airflow/.local/lib/python3.12/site-packages/airflow/example_dags/example_setup_teardown.py
[2025-07-24T20:38:16.661+0000] {processor.py:840} INFO - DAG(s) 'example_setup_teardown' retrieved from /home/airflow/.local/lib/python3.12/site-packages/airflow/example_dags/example_setup_teardown.py
[2025-07-24T20:38:16.673+0000] {logging_mixin.py:188} INFO - [2025-07-24T20:38:16.673+0000] {dag.py:3096} INFO - Sync 1 DAGs
[2025-07-24T20:38:16.684+0000] {logging_mixin.py:188} INFO - [2025-07-24T20:38:16.684+0000] {dag.py:3954} INFO - Setting next_dagrun for example_setup_teardown to 2025-07-23 00:00:00+00:00, run_after=2025-07-24 00:00:00+00:00
[2025-07-24T20:38:16.693+0000] {processor.py:183} INFO - Processing /home/airflow/.local/lib/python3.12/site-packages/airflow/example_dags/example_setup_teardown.py took 0.040 seconds
[2025-07-24T20:38:47.366+0000] {processor.py:161} INFO - Started process (PID=305) to work on /home/airflow/.local/lib/python3.12/site-packages/airflow/example_dags/example_setup_teardown.py
[2025-07-24T20:38:47.367+0000] {processor.py:830} INFO - Processing file /home/airflow/.local/lib/python3.12/site-packages/airflow/example_dags/example_setup_teardown.py for tasks to queue
[2025-07-24T20:38:47.368+0000] {logging_mixin.py:188} INFO - [2025-07-24T20:38:47.368+0000] {dagbag.py:545} INFO - Filling up the DagBag from /home/airflow/.local/lib/python3.12/site-packages/airflow/example_dags/example_setup_teardown.py
[2025-07-24T20:38:47.372+0000] {processor.py:840} INFO - DAG(s) 'example_setup_teardown' retrieved from /home/airflow/.local/lib/python3.12/site-packages/airflow/example_dags/example_setup_teardown.py
[2025-07-24T20:38:47.385+0000] {logging_mixin.py:188} INFO - [2025-07-24T20:38:47.385+0000] {dag.py:3096} INFO - Sync 1 DAGs
[2025-07-24T20:38:47.397+0000] {logging_mixin.py:188} INFO - [2025-07-24T20:38:47.397+0000] {dag.py:3954} INFO - Setting next_dagrun for example_setup_teardown to 2025-07-23 00:00:00+00:00, run_after=2025-07-24 00:00:00+00:00
[2025-07-24T20:38:47.406+0000] {processor.py:183} INFO - Processing /home/airflow/.local/lib/python3.12/site-packages/airflow/example_dags/example_setup_teardown.py took 0.043 seconds
[2025-07-24T20:39:18.153+0000] {processor.py:161} INFO - Started process (PID=363) to work on /home/airflow/.local/lib/python3.12/site-packages/airflow/example_dags/example_setup_teardown.py
[2025-07-24T20:39:18.154+0000] {processor.py:830} INFO - Processing file /home/airflow/.local/lib/python3.12/site-packages/airflow/example_dags/example_setup_teardown.py for tasks to queue
[2025-07-24T20:39:18.155+0000] {logging_mixin.py:188} INFO - [2025-07-24T20:39:18.155+0000] {dagbag.py:545} INFO - Filling up the DagBag from /home/airflow/.local/lib/python3.12/site-packages/airflow/example_dags/example_setup_teardown.py
[2025-07-24T20:39:18.159+0000] {processor.py:840} INFO - DAG(s) 'example_setup_teardown' retrieved from /home/airflow/.local/lib/python3.12/site-packages/airflow/example_dags/example_setup_teardown.py
[2025-07-24T20:39:18.170+0000] {logging_mixin.py:188} INFO - [2025-07-24T20:39:18.170+0000] {dag.py:3096} INFO - Sync 1 DAGs
[2025-07-24T20:39:18.181+0000] {logging_mixin.py:188} INFO - [2025-07-24T20:39:18.181+0000] {dag.py:3954} INFO - Setting next_dagrun for example_setup_teardown to 2025-07-23 00:00:00+00:00, run_after=2025-07-24 00:00:00+00:00
[2025-07-24T20:39:18.190+0000] {processor.py:183} INFO - Processing /home/airflow/.local/lib/python3.12/site-packages/airflow/example_dags/example_setup_teardown.py took 0.040 seconds
[2025-07-24T20:39:48.879+0000] {processor.py:161} INFO - Started process (PID=421) to work on /home/airflow/.local/lib/python3.12/site-packages/airflow/example_dags/example_setup_teardown.py
[2025-07-24T20:39:48.879+0000] {processor.py:830} INFO - Processing file /home/airflow/.local/lib/python3.12/site-packages/airflow/example_dags/example_setup_teardown.py for tasks to queue
[2025-07-24T20:39:48.880+0000] {logging_mixin.py:188} INFO - [2025-07-24T20:39:48.880+0000] {dagbag.py:545} INFO - Filling up the DagBag from /home/airflow/.local/lib/python3.12/site-packages/airflow/example_dags/example_setup_teardown.py
[2025-07-24T20:39:48.884+0000] {processor.py:840} INFO - DAG(s) 'example_setup_teardown' retrieved from /home/airflow/.local/lib/python3.12/site-packages/airflow/example_dags/example_setup_teardown.py
[2025-07-24T20:39:48.895+0000] {logging_mixin.py:188} INFO - [2025-07-24T20:39:48.894+0000] {dag.py:3096} INFO - Sync 1 DAGs
[2025-07-24T20:39:48.905+0000] {logging_mixin.py:188} INFO - [2025-07-24T20:39:48.905+0000] {dag.py:3954} INFO - Setting next_dagrun for example_setup_teardown to 2025-07-23 00:00:00+00:00, run_after=2025-07-24 00:00:00+00:00
[2025-07-24T20:39:48.914+0000] {processor.py:183} INFO - Processing /home/airflow/.local/lib/python3.12/site-packages/airflow/example_dags/example_setup_teardown.py took 0.038 seconds
[2025-07-24T20:40:19.552+0000] {processor.py:161} INFO - Started process (PID=479) to work on /home/airflow/.local/lib/python3.12/site-packages/airflow/example_dags/example_setup_teardown.py
[2025-07-24T20:40:19.552+0000] {processor.py:830} INFO - Processing file /home/airflow/.local/lib/python3.12/site-packages/airflow/example_dags/example_setup_teardown.py for tasks to queue
[2025-07-24T20:40:19.553+0000] {logging_mixin.py:188} INFO - [2025-07-24T20:40:19.553+0000] {dagbag.py:545} INFO - Filling up the DagBag from /home/airflow/.local/lib/python3.12/site-packages/airflow/example_dags/example_setup_teardown.py
[2025-07-24T20:40:19.556+0000] {processor.py:840} INFO - DAG(s) 'example_setup_teardown' retrieved from /home/airflow/.local/lib/python3.12/site-packages/airflow/example_dags/example_setup_teardown.py
[2025-07-24T20:40:19.567+0000] {logging_mixin.py:188} INFO - [2025-07-24T20:40:19.567+0000] {dag.py:3096} INFO - Sync 1 DAGs
[2025-07-24T20:40:19.577+0000] {logging_mixin.py:188} INFO - [2025-07-24T20:40:19.577+0000] {dag.py:3954} INFO - Setting next_dagrun for example_setup_teardown to 2025-07-23 00:00:00+00:00, run_after=2025-07-24 00:00:00+00:00
[2025-07-24T20:40:19.587+0000] {processor.py:183} INFO - Processing /home/airflow/.local/lib/python3.12/site-packages/airflow/example_dags/example_setup_teardown.py took 0.038 seconds
[2025-07-24T20:40:50.504+0000] {processor.py:161} INFO - Started process (PID=537) to work on /home/airflow/.local/lib/python3.12/site-packages/airflow/example_dags/example_setup_teardown.py
[2025-07-24T20:40:50.504+0000] {processor.py:830} INFO - Processing file /home/airflow/.local/lib/python3.12/site-packages/airflow/example_dags/example_setup_teardown.py for tasks to queue
[2025-07-24T20:40:50.506+0000] {logging_mixin.py:188} INFO - [2025-07-24T20:40:50.505+0000] {dagbag.py:545} INFO - Filling up the DagBag from /home/airflow/.local/lib/python3.12/site-packages/airflow/example_dags/example_setup_teardown.py
[2025-07-24T20:40:50.509+0000] {processor.py:840} INFO - DAG(s) 'example_setup_teardown' retrieved from /home/airflow/.local/lib/python3.12/site-packages/airflow/example_dags/example_setup_teardown.py
[2025-07-24T20:40:50.521+0000] {logging_mixin.py:188} INFO - [2025-07-24T20:40:50.521+0000] {dag.py:3096} INFO - Sync 1 DAGs
[2025-07-24T20:40:50.532+0000] {logging_mixin.py:188} INFO - [2025-07-24T20:40:50.532+0000] {dag.py:3954} INFO - Setting next_dagrun for example_setup_teardown to 2025-07-23 00:00:00+00:00, run_after=2025-07-24 00:00:00+00:00
[2025-07-24T20:40:50.540+0000] {processor.py:183} INFO - Processing /home/airflow/.local/lib/python3.12/site-packages/airflow/example_dags/example_setup_teardown.py took 0.041 seconds
[2025-07-24T20:41:21.523+0000] {processor.py:161} INFO - Started process (PID=595) to work on /home/airflow/.local/lib/python3.12/site-packages/airflow/example_dags/example_setup_teardown.py
[2025-07-24T20:41:21.523+0000] {processor.py:830} INFO - Processing file /home/airflow/.local/lib/python3.12/site-packages/airflow/example_dags/example_setup_teardown.py for tasks to queue
[2025-07-24T20:41:21.525+0000] {logging_mixin.py:188} INFO - [2025-07-24T20:41:21.524+0000] {dagbag.py:545} INFO - Filling up the DagBag from /home/airflow/.local/lib/python3.12/site-packages/airflow/example_dags/example_setup_teardown.py
[2025-07-24T20:41:21.528+0000] {processor.py:840} INFO - DAG(s) 'example_setup_teardown' retrieved from /home/airflow/.local/lib/python3.12/site-packages/airflow/example_dags/example_setup_teardown.py
[2025-07-24T20:41:21.539+0000] {logging_mixin.py:188} INFO - [2025-07-24T20:41:21.539+0000] {dag.py:3096} INFO - Sync 1 DAGs
[2025-07-24T20:41:21.549+0000] {logging_mixin.py:188} INFO - [2025-07-24T20:41:21.549+0000] {dag.py:3954} INFO - Setting next_dagrun for example_setup_teardown to 2025-07-23 00:00:00+00:00, run_after=2025-07-24 00:00:00+00:00
[2025-07-24T20:41:21.557+0000] {processor.py:183} INFO - Processing /home/airflow/.local/lib/python3.12/site-packages/airflow/example_dags/example_setup_teardown.py took 0.039 seconds
[2025-07-24T20:41:52.304+0000] {processor.py:161} INFO - Started process (PID=653) to work on /home/airflow/.local/lib/python3.12/site-packages/airflow/example_dags/example_setup_teardown.py
[2025-07-24T20:41:52.305+0000] {processor.py:830} INFO - Processing file /home/airflow/.local/lib/python3.12/site-packages/airflow/example_dags/example_setup_teardown.py for tasks to queue
[2025-07-24T20:41:52.305+0000] {logging_mixin.py:188} INFO - [2025-07-24T20:41:52.305+0000] {dagbag.py:545} INFO - Filling up the DagBag from /home/airflow/.local/lib/python3.12/site-packages/airflow/example_dags/example_setup_teardown.py
[2025-07-24T20:41:52.310+0000] {processor.py:840} INFO - DAG(s) 'example_setup_teardown' retrieved from /home/airflow/.local/lib/python3.12/site-packages/airflow/example_dags/example_setup_teardown.py
[2025-07-24T20:41:52.323+0000] {logging_mixin.py:188} INFO - [2025-07-24T20:41:52.322+0000] {dag.py:3096} INFO - Sync 1 DAGs
[2025-07-24T20:41:52.335+0000] {logging_mixin.py:188} INFO - [2025-07-24T20:41:52.335+0000] {dag.py:3954} INFO - Setting next_dagrun for example_setup_teardown to 2025-07-23 00:00:00+00:00, run_after=2025-07-24 00:00:00+00:00
[2025-07-24T20:41:52.344+0000] {processor.py:183} INFO - Processing /home/airflow/.local/lib/python3.12/site-packages/airflow/example_dags/example_setup_teardown.py took 0.044 seconds
[2025-07-24T20:42:23.204+0000] {processor.py:161} INFO - Started process (PID=711) to work on /home/airflow/.local/lib/python3.12/site-packages/airflow/example_dags/example_setup_teardown.py
[2025-07-24T20:42:23.204+0000] {processor.py:830} INFO - Processing file /home/airflow/.local/lib/python3.12/site-packages/airflow/example_dags/example_setup_teardown.py for tasks to queue
[2025-07-24T20:42:23.205+0000] {logging_mixin.py:188} INFO - [2025-07-24T20:42:23.205+0000] {dagbag.py:545} INFO - Filling up the DagBag from /home/airflow/.local/lib/python3.12/site-packages/airflow/example_dags/example_setup_teardown.py
[2025-07-24T20:42:23.209+0000] {processor.py:840} INFO - DAG(s) 'example_setup_teardown' retrieved from /home/airflow/.local/lib/python3.12/site-packages/airflow/example_dags/example_setup_teardown.py
[2025-07-24T20:42:23.219+0000] {logging_mixin.py:188} INFO - [2025-07-24T20:42:23.219+0000] {dag.py:3096} INFO - Sync 1 DAGs
[2025-07-24T20:42:23.231+0000] {logging_mixin.py:188} INFO - [2025-07-24T20:42:23.230+0000] {dag.py:3954} INFO - Setting next_dagrun for example_setup_teardown to 2025-07-23 00:00:00+00:00, run_after=2025-07-24 00:00:00+00:00
[2025-07-24T20:42:23.239+0000] {processor.py:183} INFO - Processing /home/airflow/.local/lib/python3.12/site-packages/airflow/example_dags/example_setup_teardown.py took 0.038 seconds
[2025-07-24T20:43:17.103+0000] {processor.py:161} INFO - Started process (PID=67) to work on /home/airflow/.local/lib/python3.12/site-packages/airflow/example_dags/example_setup_teardown.py
[2025-07-24T20:43:17.104+0000] {processor.py:830} INFO - Processing file /home/airflow/.local/lib/python3.12/site-packages/airflow/example_dags/example_setup_teardown.py for tasks to queue
[2025-07-24T20:43:17.105+0000] {logging_mixin.py:188} INFO - [2025-07-24T20:43:17.105+0000] {dagbag.py:545} INFO - Filling up the DagBag from /home/airflow/.local/lib/python3.12/site-packages/airflow/example_dags/example_setup_teardown.py
[2025-07-24T20:43:17.108+0000] {processor.py:840} INFO - DAG(s) 'example_setup_teardown' retrieved from /home/airflow/.local/lib/python3.12/site-packages/airflow/example_dags/example_setup_teardown.py
[2025-07-24T20:43:17.115+0000] {logging_mixin.py:188} INFO - [2025-07-24T20:43:17.115+0000] {dag.py:3096} INFO - Sync 1 DAGs
[2025-07-24T20:43:17.127+0000] {logging_mixin.py:188} INFO - [2025-07-24T20:43:17.127+0000] {dag.py:3954} INFO - Setting next_dagrun for example_setup_teardown to 2025-07-23 00:00:00+00:00, run_after=2025-07-24 00:00:00+00:00
[2025-07-24T20:43:17.136+0000] {processor.py:183} INFO - Processing /home/airflow/.local/lib/python3.12/site-packages/airflow/example_dags/example_setup_teardown.py took 0.036 seconds
[2025-07-24T20:43:48.400+0000] {processor.py:161} INFO - Started process (PID=125) to work on /home/airflow/.local/lib/python3.12/site-packages/airflow/example_dags/example_setup_teardown.py
[2025-07-24T20:43:48.400+0000] {processor.py:830} INFO - Processing file /home/airflow/.local/lib/python3.12/site-packages/airflow/example_dags/example_setup_teardown.py for tasks to queue
[2025-07-24T20:43:48.401+0000] {logging_mixin.py:188} INFO - [2025-07-24T20:43:48.401+0000] {dagbag.py:545} INFO - Filling up the DagBag from /home/airflow/.local/lib/python3.12/site-packages/airflow/example_dags/example_setup_teardown.py
[2025-07-24T20:43:48.405+0000] {processor.py:840} INFO - DAG(s) 'example_setup_teardown' retrieved from /home/airflow/.local/lib/python3.12/site-packages/airflow/example_dags/example_setup_teardown.py
[2025-07-24T20:43:48.457+0000] {logging_mixin.py:188} INFO - [2025-07-24T20:43:48.457+0000] {dag.py:3096} INFO - Sync 1 DAGs
[2025-07-24T20:43:48.466+0000] {logging_mixin.py:188} INFO - [2025-07-24T20:43:48.466+0000] {dag.py:3954} INFO - Setting next_dagrun for example_setup_teardown to 2025-07-23 00:00:00+00:00, run_after=2025-07-24 00:00:00+00:00
[2025-07-24T20:43:48.474+0000] {processor.py:183} INFO - Processing /home/airflow/.local/lib/python3.12/site-packages/airflow/example_dags/example_setup_teardown.py took 0.078 seconds
[2025-07-24T20:44:18.957+0000] {processor.py:161} INFO - Started process (PID=183) to work on /home/airflow/.local/lib/python3.12/site-packages/airflow/example_dags/example_setup_teardown.py
[2025-07-24T20:44:18.957+0000] {processor.py:830} INFO - Processing file /home/airflow/.local/lib/python3.12/site-packages/airflow/example_dags/example_setup_teardown.py for tasks to queue
[2025-07-24T20:44:18.959+0000] {logging_mixin.py:188} INFO - [2025-07-24T20:44:18.958+0000] {dagbag.py:545} INFO - Filling up the DagBag from /home/airflow/.local/lib/python3.12/site-packages/airflow/example_dags/example_setup_teardown.py
[2025-07-24T20:44:18.962+0000] {processor.py:840} INFO - DAG(s) 'example_setup_teardown' retrieved from /home/airflow/.local/lib/python3.12/site-packages/airflow/example_dags/example_setup_teardown.py
[2025-07-24T20:44:18.972+0000] {logging_mixin.py:188} INFO - [2025-07-24T20:44:18.972+0000] {dag.py:3096} INFO - Sync 1 DAGs
[2025-07-24T20:44:18.983+0000] {logging_mixin.py:188} INFO - [2025-07-24T20:44:18.983+0000] {dag.py:3954} INFO - Setting next_dagrun for example_setup_teardown to 2025-07-23 00:00:00+00:00, run_after=2025-07-24 00:00:00+00:00
[2025-07-24T20:44:18.993+0000] {processor.py:183} INFO - Processing /home/airflow/.local/lib/python3.12/site-packages/airflow/example_dags/example_setup_teardown.py took 0.040 seconds
[2025-07-24T20:44:49.056+0000] {processor.py:161} INFO - Started process (PID=241) to work on /home/airflow/.local/lib/python3.12/site-packages/airflow/example_dags/example_setup_teardown.py
[2025-07-24T20:44:49.056+0000] {processor.py:830} INFO - Processing file /home/airflow/.local/lib/python3.12/site-packages/airflow/example_dags/example_setup_teardown.py for tasks to queue
[2025-07-24T20:44:49.057+0000] {logging_mixin.py:188} INFO - [2025-07-24T20:44:49.057+0000] {dagbag.py:545} INFO - Filling up the DagBag from /home/airflow/.local/lib/python3.12/site-packages/airflow/example_dags/example_setup_teardown.py
[2025-07-24T20:44:49.061+0000] {processor.py:840} INFO - DAG(s) 'example_setup_teardown' retrieved from /home/airflow/.local/lib/python3.12/site-packages/airflow/example_dags/example_setup_teardown.py
[2025-07-24T20:44:49.073+0000] {logging_mixin.py:188} INFO - [2025-07-24T20:44:49.072+0000] {dag.py:3096} INFO - Sync 1 DAGs
[2025-07-24T20:44:49.085+0000] {logging_mixin.py:188} INFO - [2025-07-24T20:44:49.085+0000] {dag.py:3954} INFO - Setting next_dagrun for example_setup_teardown to 2025-07-23 00:00:00+00:00, run_after=2025-07-24 00:00:00+00:00
[2025-07-24T20:44:49.095+0000] {processor.py:183} INFO - Processing /home/airflow/.local/lib/python3.12/site-packages/airflow/example_dags/example_setup_teardown.py took 0.043 seconds
[2025-07-24T20:45:19.125+0000] {processor.py:161} INFO - Started process (PID=299) to work on /home/airflow/.local/lib/python3.12/site-packages/airflow/example_dags/example_setup_teardown.py
[2025-07-24T20:45:19.125+0000] {processor.py:830} INFO - Processing file /home/airflow/.local/lib/python3.12/site-packages/airflow/example_dags/example_setup_teardown.py for tasks to queue
[2025-07-24T20:45:19.126+0000] {logging_mixin.py:188} INFO - [2025-07-24T20:45:19.126+0000] {dagbag.py:545} INFO - Filling up the DagBag from /home/airflow/.local/lib/python3.12/site-packages/airflow/example_dags/example_setup_teardown.py
[2025-07-24T20:45:19.129+0000] {processor.py:840} INFO - DAG(s) 'example_setup_teardown' retrieved from /home/airflow/.local/lib/python3.12/site-packages/airflow/example_dags/example_setup_teardown.py
[2025-07-24T20:45:19.138+0000] {logging_mixin.py:188} INFO - [2025-07-24T20:45:19.138+0000] {dag.py:3096} INFO - Sync 1 DAGs
[2025-07-24T20:45:19.148+0000] {logging_mixin.py:188} INFO - [2025-07-24T20:45:19.148+0000] {dag.py:3954} INFO - Setting next_dagrun for example_setup_teardown to 2025-07-23 00:00:00+00:00, run_after=2025-07-24 00:00:00+00:00
[2025-07-24T20:45:19.157+0000] {processor.py:183} INFO - Processing /home/airflow/.local/lib/python3.12/site-packages/airflow/example_dags/example_setup_teardown.py took 0.035 seconds
[2025-07-24T20:45:49.729+0000] {processor.py:161} INFO - Started process (PID=357) to work on /home/airflow/.local/lib/python3.12/site-packages/airflow/example_dags/example_setup_teardown.py
[2025-07-24T20:45:49.729+0000] {processor.py:830} INFO - Processing file /home/airflow/.local/lib/python3.12/site-packages/airflow/example_dags/example_setup_teardown.py for tasks to queue
[2025-07-24T20:45:49.730+0000] {logging_mixin.py:188} INFO - [2025-07-24T20:45:49.730+0000] {dagbag.py:545} INFO - Filling up the DagBag from /home/airflow/.local/lib/python3.12/site-packages/airflow/example_dags/example_setup_teardown.py
[2025-07-24T20:45:49.733+0000] {processor.py:840} INFO - DAG(s) 'example_setup_teardown' retrieved from /home/airflow/.local/lib/python3.12/site-packages/airflow/example_dags/example_setup_teardown.py
[2025-07-24T20:45:49.744+0000] {logging_mixin.py:188} INFO - [2025-07-24T20:45:49.744+0000] {dag.py:3096} INFO - Sync 1 DAGs
[2025-07-24T20:45:49.754+0000] {logging_mixin.py:188} INFO - [2025-07-24T20:45:49.754+0000] {dag.py:3954} INFO - Setting next_dagrun for example_setup_teardown to 2025-07-23 00:00:00+00:00, run_after=2025-07-24 00:00:00+00:00
[2025-07-24T20:45:49.762+0000] {processor.py:183} INFO - Processing /home/airflow/.local/lib/python3.12/site-packages/airflow/example_dags/example_setup_teardown.py took 0.037 seconds
[2025-07-24T20:46:20.398+0000] {processor.py:161} INFO - Started process (PID=421) to work on /home/airflow/.local/lib/python3.12/site-packages/airflow/example_dags/example_setup_teardown.py
[2025-07-24T20:46:20.399+0000] {processor.py:830} INFO - Processing file /home/airflow/.local/lib/python3.12/site-packages/airflow/example_dags/example_setup_teardown.py for tasks to queue
[2025-07-24T20:46:20.400+0000] {logging_mixin.py:188} INFO - [2025-07-24T20:46:20.400+0000] {dagbag.py:545} INFO - Filling up the DagBag from /home/airflow/.local/lib/python3.12/site-packages/airflow/example_dags/example_setup_teardown.py
[2025-07-24T20:46:20.405+0000] {processor.py:840} INFO - DAG(s) 'example_setup_teardown' retrieved from /home/airflow/.local/lib/python3.12/site-packages/airflow/example_dags/example_setup_teardown.py
[2025-07-24T20:46:20.417+0000] {logging_mixin.py:188} INFO - [2025-07-24T20:46:20.417+0000] {dag.py:3096} INFO - Sync 1 DAGs
[2025-07-24T20:46:20.430+0000] {logging_mixin.py:188} INFO - [2025-07-24T20:46:20.430+0000] {dag.py:3954} INFO - Setting next_dagrun for example_setup_teardown to 2025-07-23 00:00:00+00:00, run_after=2025-07-24 00:00:00+00:00
[2025-07-24T20:46:20.440+0000] {processor.py:183} INFO - Processing /home/airflow/.local/lib/python3.12/site-packages/airflow/example_dags/example_setup_teardown.py took 0.045 seconds
[2025-07-24T20:46:51.101+0000] {processor.py:161} INFO - Started process (PID=479) to work on /home/airflow/.local/lib/python3.12/site-packages/airflow/example_dags/example_setup_teardown.py
[2025-07-24T20:46:51.102+0000] {processor.py:830} INFO - Processing file /home/airflow/.local/lib/python3.12/site-packages/airflow/example_dags/example_setup_teardown.py for tasks to queue
[2025-07-24T20:46:51.103+0000] {logging_mixin.py:188} INFO - [2025-07-24T20:46:51.103+0000] {dagbag.py:545} INFO - Filling up the DagBag from /home/airflow/.local/lib/python3.12/site-packages/airflow/example_dags/example_setup_teardown.py
[2025-07-24T20:46:51.106+0000] {processor.py:840} INFO - DAG(s) 'example_setup_teardown' retrieved from /home/airflow/.local/lib/python3.12/site-packages/airflow/example_dags/example_setup_teardown.py
[2025-07-24T20:46:51.117+0000] {logging_mixin.py:188} INFO - [2025-07-24T20:46:51.117+0000] {dag.py:3096} INFO - Sync 1 DAGs
[2025-07-24T20:46:51.128+0000] {logging_mixin.py:188} INFO - [2025-07-24T20:46:51.128+0000] {dag.py:3954} INFO - Setting next_dagrun for example_setup_teardown to 2025-07-23 00:00:00+00:00, run_after=2025-07-24 00:00:00+00:00
[2025-07-24T20:46:51.136+0000] {processor.py:183} INFO - Processing /home/airflow/.local/lib/python3.12/site-packages/airflow/example_dags/example_setup_teardown.py took 0.039 seconds
[2025-07-24T20:47:21.782+0000] {processor.py:161} INFO - Started process (PID=537) to work on /home/airflow/.local/lib/python3.12/site-packages/airflow/example_dags/example_setup_teardown.py
[2025-07-24T20:47:21.782+0000] {processor.py:830} INFO - Processing file /home/airflow/.local/lib/python3.12/site-packages/airflow/example_dags/example_setup_teardown.py for tasks to queue
[2025-07-24T20:47:21.783+0000] {logging_mixin.py:188} INFO - [2025-07-24T20:47:21.783+0000] {dagbag.py:545} INFO - Filling up the DagBag from /home/airflow/.local/lib/python3.12/site-packages/airflow/example_dags/example_setup_teardown.py
[2025-07-24T20:47:21.787+0000] {processor.py:840} INFO - DAG(s) 'example_setup_teardown' retrieved from /home/airflow/.local/lib/python3.12/site-packages/airflow/example_dags/example_setup_teardown.py
[2025-07-24T20:47:21.798+0000] {logging_mixin.py:188} INFO - [2025-07-24T20:47:21.797+0000] {dag.py:3096} INFO - Sync 1 DAGs
[2025-07-24T20:47:21.808+0000] {logging_mixin.py:188} INFO - [2025-07-24T20:47:21.808+0000] {dag.py:3954} INFO - Setting next_dagrun for example_setup_teardown to 2025-07-23 00:00:00+00:00, run_after=2025-07-24 00:00:00+00:00
[2025-07-24T20:47:21.816+0000] {processor.py:183} INFO - Processing /home/airflow/.local/lib/python3.12/site-packages/airflow/example_dags/example_setup_teardown.py took 0.038 seconds
[2025-07-24T20:47:52.495+0000] {processor.py:161} INFO - Started process (PID=595) to work on /home/airflow/.local/lib/python3.12/site-packages/airflow/example_dags/example_setup_teardown.py
[2025-07-24T20:47:52.495+0000] {processor.py:830} INFO - Processing file /home/airflow/.local/lib/python3.12/site-packages/airflow/example_dags/example_setup_teardown.py for tasks to queue
[2025-07-24T20:47:52.496+0000] {logging_mixin.py:188} INFO - [2025-07-24T20:47:52.496+0000] {dagbag.py:545} INFO - Filling up the DagBag from /home/airflow/.local/lib/python3.12/site-packages/airflow/example_dags/example_setup_teardown.py
[2025-07-24T20:47:52.500+0000] {processor.py:840} INFO - DAG(s) 'example_setup_teardown' retrieved from /home/airflow/.local/lib/python3.12/site-packages/airflow/example_dags/example_setup_teardown.py
[2025-07-24T20:47:52.513+0000] {logging_mixin.py:188} INFO - [2025-07-24T20:47:52.512+0000] {dag.py:3096} INFO - Sync 1 DAGs
[2025-07-24T20:47:52.525+0000] {logging_mixin.py:188} INFO - [2025-07-24T20:47:52.525+0000] {dag.py:3954} INFO - Setting next_dagrun for example_setup_teardown to 2025-07-23 00:00:00+00:00, run_after=2025-07-24 00:00:00+00:00
[2025-07-24T20:47:52.535+0000] {processor.py:183} INFO - Processing /home/airflow/.local/lib/python3.12/site-packages/airflow/example_dags/example_setup_teardown.py took 0.043 seconds
[2025-07-24T20:48:23.126+0000] {processor.py:161} INFO - Started process (PID=653) to work on /home/airflow/.local/lib/python3.12/site-packages/airflow/example_dags/example_setup_teardown.py
[2025-07-24T20:48:23.126+0000] {processor.py:830} INFO - Processing file /home/airflow/.local/lib/python3.12/site-packages/airflow/example_dags/example_setup_teardown.py for tasks to queue
[2025-07-24T20:48:23.127+0000] {logging_mixin.py:188} INFO - [2025-07-24T20:48:23.127+0000] {dagbag.py:545} INFO - Filling up the DagBag from /home/airflow/.local/lib/python3.12/site-packages/airflow/example_dags/example_setup_teardown.py
[2025-07-24T20:48:23.130+0000] {processor.py:840} INFO - DAG(s) 'example_setup_teardown' retrieved from /home/airflow/.local/lib/python3.12/site-packages/airflow/example_dags/example_setup_teardown.py
[2025-07-24T20:48:23.140+0000] {logging_mixin.py:188} INFO - [2025-07-24T20:48:23.140+0000] {dag.py:3096} INFO - Sync 1 DAGs
[2025-07-24T20:48:23.152+0000] {logging_mixin.py:188} INFO - [2025-07-24T20:48:23.151+0000] {dag.py:3954} INFO - Setting next_dagrun for example_setup_teardown to 2025-07-23 00:00:00+00:00, run_after=2025-07-24 00:00:00+00:00
[2025-07-24T20:48:23.162+0000] {processor.py:183} INFO - Processing /home/airflow/.local/lib/python3.12/site-packages/airflow/example_dags/example_setup_teardown.py took 0.040 seconds
[2025-07-24T20:48:53.772+0000] {processor.py:161} INFO - Started process (PID=711) to work on /home/airflow/.local/lib/python3.12/site-packages/airflow/example_dags/example_setup_teardown.py
[2025-07-24T20:48:53.773+0000] {processor.py:830} INFO - Processing file /home/airflow/.local/lib/python3.12/site-packages/airflow/example_dags/example_setup_teardown.py for tasks to queue
[2025-07-24T20:48:53.774+0000] {logging_mixin.py:188} INFO - [2025-07-24T20:48:53.774+0000] {dagbag.py:545} INFO - Filling up the DagBag from /home/airflow/.local/lib/python3.12/site-packages/airflow/example_dags/example_setup_teardown.py
[2025-07-24T20:48:53.777+0000] {processor.py:840} INFO - DAG(s) 'example_setup_teardown' retrieved from /home/airflow/.local/lib/python3.12/site-packages/airflow/example_dags/example_setup_teardown.py
[2025-07-24T20:48:53.788+0000] {logging_mixin.py:188} INFO - [2025-07-24T20:48:53.788+0000] {dag.py:3096} INFO - Sync 1 DAGs
[2025-07-24T20:48:53.798+0000] {logging_mixin.py:188} INFO - [2025-07-24T20:48:53.798+0000] {dag.py:3954} INFO - Setting next_dagrun for example_setup_teardown to 2025-07-23 00:00:00+00:00, run_after=2025-07-24 00:00:00+00:00
[2025-07-24T20:48:53.808+0000] {processor.py:183} INFO - Processing /home/airflow/.local/lib/python3.12/site-packages/airflow/example_dags/example_setup_teardown.py took 0.039 seconds
[2025-07-24T20:49:24.396+0000] {processor.py:161} INFO - Started process (PID=769) to work on /home/airflow/.local/lib/python3.12/site-packages/airflow/example_dags/example_setup_teardown.py
[2025-07-24T20:49:24.396+0000] {processor.py:830} INFO - Processing file /home/airflow/.local/lib/python3.12/site-packages/airflow/example_dags/example_setup_teardown.py for tasks to queue
[2025-07-24T20:49:24.397+0000] {logging_mixin.py:188} INFO - [2025-07-24T20:49:24.397+0000] {dagbag.py:545} INFO - Filling up the DagBag from /home/airflow/.local/lib/python3.12/site-packages/airflow/example_dags/example_setup_teardown.py
[2025-07-24T20:49:24.401+0000] {processor.py:840} INFO - DAG(s) 'example_setup_teardown' retrieved from /home/airflow/.local/lib/python3.12/site-packages/airflow/example_dags/example_setup_teardown.py
[2025-07-24T20:49:24.413+0000] {logging_mixin.py:188} INFO - [2025-07-24T20:49:24.412+0000] {dag.py:3096} INFO - Sync 1 DAGs
[2025-07-24T20:49:24.424+0000] {logging_mixin.py:188} INFO - [2025-07-24T20:49:24.424+0000] {dag.py:3954} INFO - Setting next_dagrun for example_setup_teardown to 2025-07-23 00:00:00+00:00, run_after=2025-07-24 00:00:00+00:00
[2025-07-24T20:49:24.434+0000] {processor.py:183} INFO - Processing /home/airflow/.local/lib/python3.12/site-packages/airflow/example_dags/example_setup_teardown.py took 0.042 seconds
[2025-07-24T20:49:54.991+0000] {processor.py:161} INFO - Started process (PID=827) to work on /home/airflow/.local/lib/python3.12/site-packages/airflow/example_dags/example_setup_teardown.py
[2025-07-24T20:49:54.992+0000] {processor.py:830} INFO - Processing file /home/airflow/.local/lib/python3.12/site-packages/airflow/example_dags/example_setup_teardown.py for tasks to queue
[2025-07-24T20:49:54.992+0000] {logging_mixin.py:188} INFO - [2025-07-24T20:49:54.992+0000] {dagbag.py:545} INFO - Filling up the DagBag from /home/airflow/.local/lib/python3.12/site-packages/airflow/example_dags/example_setup_teardown.py
[2025-07-24T20:49:54.996+0000] {processor.py:840} INFO - DAG(s) 'example_setup_teardown' retrieved from /home/airflow/.local/lib/python3.12/site-packages/airflow/example_dags/example_setup_teardown.py
[2025-07-24T20:49:55.006+0000] {logging_mixin.py:188} INFO - [2025-07-24T20:49:55.006+0000] {dag.py:3096} INFO - Sync 1 DAGs
[2025-07-24T20:49:55.016+0000] {logging_mixin.py:188} INFO - [2025-07-24T20:49:55.016+0000] {dag.py:3954} INFO - Setting next_dagrun for example_setup_teardown to 2025-07-23 00:00:00+00:00, run_after=2025-07-24 00:00:00+00:00
[2025-07-24T20:49:55.025+0000] {processor.py:183} INFO - Processing /home/airflow/.local/lib/python3.12/site-packages/airflow/example_dags/example_setup_teardown.py took 0.037 seconds
[2025-07-24T20:50:25.749+0000] {processor.py:161} INFO - Started process (PID=885) to work on /home/airflow/.local/lib/python3.12/site-packages/airflow/example_dags/example_setup_teardown.py
[2025-07-24T20:50:25.750+0000] {processor.py:830} INFO - Processing file /home/airflow/.local/lib/python3.12/site-packages/airflow/example_dags/example_setup_teardown.py for tasks to queue
[2025-07-24T20:50:25.751+0000] {logging_mixin.py:188} INFO - [2025-07-24T20:50:25.751+0000] {dagbag.py:545} INFO - Filling up the DagBag from /home/airflow/.local/lib/python3.12/site-packages/airflow/example_dags/example_setup_teardown.py
[2025-07-24T20:50:25.755+0000] {processor.py:840} INFO - DAG(s) 'example_setup_teardown' retrieved from /home/airflow/.local/lib/python3.12/site-packages/airflow/example_dags/example_setup_teardown.py
[2025-07-24T20:50:25.765+0000] {logging_mixin.py:188} INFO - [2025-07-24T20:50:25.765+0000] {dag.py:3096} INFO - Sync 1 DAGs
[2025-07-24T20:50:25.777+0000] {logging_mixin.py:188} INFO - [2025-07-24T20:50:25.776+0000] {dag.py:3954} INFO - Setting next_dagrun for example_setup_teardown to 2025-07-23 00:00:00+00:00, run_after=2025-07-24 00:00:00+00:00
[2025-07-24T20:50:25.787+0000] {processor.py:183} INFO - Processing /home/airflow/.local/lib/python3.12/site-packages/airflow/example_dags/example_setup_teardown.py took 0.042 seconds
[2025-07-24T20:50:55.863+0000] {processor.py:161} INFO - Started process (PID=943) to work on /home/airflow/.local/lib/python3.12/site-packages/airflow/example_dags/example_setup_teardown.py
[2025-07-24T20:50:55.863+0000] {processor.py:830} INFO - Processing file /home/airflow/.local/lib/python3.12/site-packages/airflow/example_dags/example_setup_teardown.py for tasks to queue
[2025-07-24T20:50:55.864+0000] {logging_mixin.py:188} INFO - [2025-07-24T20:50:55.864+0000] {dagbag.py:545} INFO - Filling up the DagBag from /home/airflow/.local/lib/python3.12/site-packages/airflow/example_dags/example_setup_teardown.py
[2025-07-24T20:50:55.868+0000] {processor.py:840} INFO - DAG(s) 'example_setup_teardown' retrieved from /home/airflow/.local/lib/python3.12/site-packages/airflow/example_dags/example_setup_teardown.py
[2025-07-24T20:50:55.879+0000] {logging_mixin.py:188} INFO - [2025-07-24T20:50:55.879+0000] {dag.py:3096} INFO - Sync 1 DAGs
[2025-07-24T20:50:55.890+0000] {logging_mixin.py:188} INFO - [2025-07-24T20:50:55.890+0000] {dag.py:3954} INFO - Setting next_dagrun for example_setup_teardown to 2025-07-23 00:00:00+00:00, run_after=2025-07-24 00:00:00+00:00
[2025-07-24T20:50:55.900+0000] {processor.py:183} INFO - Processing /home/airflow/.local/lib/python3.12/site-packages/airflow/example_dags/example_setup_teardown.py took 0.040 seconds
[2025-07-24T20:51:26.638+0000] {processor.py:161} INFO - Started process (PID=1001) to work on /home/airflow/.local/lib/python3.12/site-packages/airflow/example_dags/example_setup_teardown.py
[2025-07-24T20:51:26.639+0000] {processor.py:830} INFO - Processing file /home/airflow/.local/lib/python3.12/site-packages/airflow/example_dags/example_setup_teardown.py for tasks to queue
[2025-07-24T20:51:26.640+0000] {logging_mixin.py:188} INFO - [2025-07-24T20:51:26.640+0000] {dagbag.py:545} INFO - Filling up the DagBag from /home/airflow/.local/lib/python3.12/site-packages/airflow/example_dags/example_setup_teardown.py
[2025-07-24T20:51:26.643+0000] {processor.py:840} INFO - DAG(s) 'example_setup_teardown' retrieved from /home/airflow/.local/lib/python3.12/site-packages/airflow/example_dags/example_setup_teardown.py
[2025-07-24T20:51:26.655+0000] {logging_mixin.py:188} INFO - [2025-07-24T20:51:26.655+0000] {dag.py:3096} INFO - Sync 1 DAGs
[2025-07-24T20:51:26.666+0000] {logging_mixin.py:188} INFO - [2025-07-24T20:51:26.666+0000] {dag.py:3954} INFO - Setting next_dagrun for example_setup_teardown to 2025-07-23 00:00:00+00:00, run_after=2025-07-24 00:00:00+00:00
[2025-07-24T20:51:26.676+0000] {processor.py:183} INFO - Processing /home/airflow/.local/lib/python3.12/site-packages/airflow/example_dags/example_setup_teardown.py took 0.041 seconds
[2025-07-24T20:51:57.325+0000] {processor.py:161} INFO - Started process (PID=1059) to work on /home/airflow/.local/lib/python3.12/site-packages/airflow/example_dags/example_setup_teardown.py
[2025-07-24T20:51:57.326+0000] {processor.py:830} INFO - Processing file /home/airflow/.local/lib/python3.12/site-packages/airflow/example_dags/example_setup_teardown.py for tasks to queue
[2025-07-24T20:51:57.327+0000] {logging_mixin.py:188} INFO - [2025-07-24T20:51:57.326+0000] {dagbag.py:545} INFO - Filling up the DagBag from /home/airflow/.local/lib/python3.12/site-packages/airflow/example_dags/example_setup_teardown.py
[2025-07-24T20:51:57.330+0000] {processor.py:840} INFO - DAG(s) 'example_setup_teardown' retrieved from /home/airflow/.local/lib/python3.12/site-packages/airflow/example_dags/example_setup_teardown.py
[2025-07-24T20:51:57.341+0000] {logging_mixin.py:188} INFO - [2025-07-24T20:51:57.341+0000] {dag.py:3096} INFO - Sync 1 DAGs
[2025-07-24T20:51:57.353+0000] {logging_mixin.py:188} INFO - [2025-07-24T20:51:57.353+0000] {dag.py:3954} INFO - Setting next_dagrun for example_setup_teardown to 2025-07-23 00:00:00+00:00, run_after=2025-07-24 00:00:00+00:00
[2025-07-24T20:51:57.362+0000] {processor.py:183} INFO - Processing /home/airflow/.local/lib/python3.12/site-packages/airflow/example_dags/example_setup_teardown.py took 0.041 seconds
[2025-07-24T20:52:28.066+0000] {processor.py:161} INFO - Started process (PID=1117) to work on /home/airflow/.local/lib/python3.12/site-packages/airflow/example_dags/example_setup_teardown.py
[2025-07-24T20:52:28.066+0000] {processor.py:830} INFO - Processing file /home/airflow/.local/lib/python3.12/site-packages/airflow/example_dags/example_setup_teardown.py for tasks to queue
[2025-07-24T20:52:28.067+0000] {logging_mixin.py:188} INFO - [2025-07-24T20:52:28.067+0000] {dagbag.py:545} INFO - Filling up the DagBag from /home/airflow/.local/lib/python3.12/site-packages/airflow/example_dags/example_setup_teardown.py
[2025-07-24T20:52:28.071+0000] {processor.py:840} INFO - DAG(s) 'example_setup_teardown' retrieved from /home/airflow/.local/lib/python3.12/site-packages/airflow/example_dags/example_setup_teardown.py
[2025-07-24T20:52:28.082+0000] {logging_mixin.py:188} INFO - [2025-07-24T20:52:28.082+0000] {dag.py:3096} INFO - Sync 1 DAGs
[2025-07-24T20:52:28.093+0000] {logging_mixin.py:188} INFO - [2025-07-24T20:52:28.093+0000] {dag.py:3954} INFO - Setting next_dagrun for example_setup_teardown to 2025-07-23 00:00:00+00:00, run_after=2025-07-24 00:00:00+00:00
[2025-07-24T20:52:28.102+0000] {processor.py:183} INFO - Processing /home/airflow/.local/lib/python3.12/site-packages/airflow/example_dags/example_setup_teardown.py took 0.039 seconds
[2025-07-24T20:52:58.863+0000] {processor.py:161} INFO - Started process (PID=1175) to work on /home/airflow/.local/lib/python3.12/site-packages/airflow/example_dags/example_setup_teardown.py
[2025-07-24T20:52:58.863+0000] {processor.py:830} INFO - Processing file /home/airflow/.local/lib/python3.12/site-packages/airflow/example_dags/example_setup_teardown.py for tasks to queue
[2025-07-24T20:52:58.864+0000] {logging_mixin.py:188} INFO - [2025-07-24T20:52:58.864+0000] {dagbag.py:545} INFO - Filling up the DagBag from /home/airflow/.local/lib/python3.12/site-packages/airflow/example_dags/example_setup_teardown.py
[2025-07-24T20:52:58.868+0000] {processor.py:840} INFO - DAG(s) 'example_setup_teardown' retrieved from /home/airflow/.local/lib/python3.12/site-packages/airflow/example_dags/example_setup_teardown.py
[2025-07-24T20:52:58.879+0000] {logging_mixin.py:188} INFO - [2025-07-24T20:52:58.879+0000] {dag.py:3096} INFO - Sync 1 DAGs
[2025-07-24T20:52:58.889+0000] {logging_mixin.py:188} INFO - [2025-07-24T20:52:58.889+0000] {dag.py:3954} INFO - Setting next_dagrun for example_setup_teardown to 2025-07-23 00:00:00+00:00, run_after=2025-07-24 00:00:00+00:00
[2025-07-24T20:52:58.898+0000] {processor.py:183} INFO - Processing /home/airflow/.local/lib/python3.12/site-packages/airflow/example_dags/example_setup_teardown.py took 0.038 seconds
[2025-07-24T20:53:29.006+0000] {processor.py:161} INFO - Started process (PID=1233) to work on /home/airflow/.local/lib/python3.12/site-packages/airflow/example_dags/example_setup_teardown.py
[2025-07-24T20:53:29.006+0000] {processor.py:830} INFO - Processing file /home/airflow/.local/lib/python3.12/site-packages/airflow/example_dags/example_setup_teardown.py for tasks to queue
[2025-07-24T20:53:29.007+0000] {logging_mixin.py:188} INFO - [2025-07-24T20:53:29.007+0000] {dagbag.py:545} INFO - Filling up the DagBag from /home/airflow/.local/lib/python3.12/site-packages/airflow/example_dags/example_setup_teardown.py
[2025-07-24T20:53:29.010+0000] {processor.py:840} INFO - DAG(s) 'example_setup_teardown' retrieved from /home/airflow/.local/lib/python3.12/site-packages/airflow/example_dags/example_setup_teardown.py
[2025-07-24T20:53:29.021+0000] {logging_mixin.py:188} INFO - [2025-07-24T20:53:29.021+0000] {dag.py:3096} INFO - Sync 1 DAGs
[2025-07-24T20:53:29.032+0000] {logging_mixin.py:188} INFO - [2025-07-24T20:53:29.032+0000] {dag.py:3954} INFO - Setting next_dagrun for example_setup_teardown to 2025-07-23 00:00:00+00:00, run_after=2025-07-24 00:00:00+00:00
[2025-07-24T20:53:29.041+0000] {processor.py:183} INFO - Processing /home/airflow/.local/lib/python3.12/site-packages/airflow/example_dags/example_setup_teardown.py took 0.039 seconds
[2025-07-24T20:53:59.094+0000] {processor.py:161} INFO - Started process (PID=1291) to work on /home/airflow/.local/lib/python3.12/site-packages/airflow/example_dags/example_setup_teardown.py
[2025-07-24T20:53:59.094+0000] {processor.py:830} INFO - Processing file /home/airflow/.local/lib/python3.12/site-packages/airflow/example_dags/example_setup_teardown.py for tasks to queue
[2025-07-24T20:53:59.095+0000] {logging_mixin.py:188} INFO - [2025-07-24T20:53:59.095+0000] {dagbag.py:545} INFO - Filling up the DagBag from /home/airflow/.local/lib/python3.12/site-packages/airflow/example_dags/example_setup_teardown.py
[2025-07-24T20:53:59.099+0000] {processor.py:840} INFO - DAG(s) 'example_setup_teardown' retrieved from /home/airflow/.local/lib/python3.12/site-packages/airflow/example_dags/example_setup_teardown.py
[2025-07-24T20:53:59.111+0000] {logging_mixin.py:188} INFO - [2025-07-24T20:53:59.111+0000] {dag.py:3096} INFO - Sync 1 DAGs
[2025-07-24T20:53:59.121+0000] {logging_mixin.py:188} INFO - [2025-07-24T20:53:59.121+0000] {dag.py:3954} INFO - Setting next_dagrun for example_setup_teardown to 2025-07-23 00:00:00+00:00, run_after=2025-07-24 00:00:00+00:00
[2025-07-24T20:53:59.130+0000] {processor.py:183} INFO - Processing /home/airflow/.local/lib/python3.12/site-packages/airflow/example_dags/example_setup_teardown.py took 0.039 seconds
[2025-07-24T20:54:29.216+0000] {processor.py:161} INFO - Started process (PID=1349) to work on /home/airflow/.local/lib/python3.12/site-packages/airflow/example_dags/example_setup_teardown.py
[2025-07-24T20:54:29.217+0000] {processor.py:830} INFO - Processing file /home/airflow/.local/lib/python3.12/site-packages/airflow/example_dags/example_setup_teardown.py for tasks to queue
[2025-07-24T20:54:29.218+0000] {logging_mixin.py:188} INFO - [2025-07-24T20:54:29.218+0000] {dagbag.py:545} INFO - Filling up the DagBag from /home/airflow/.local/lib/python3.12/site-packages/airflow/example_dags/example_setup_teardown.py
[2025-07-24T20:54:29.221+0000] {processor.py:840} INFO - DAG(s) 'example_setup_teardown' retrieved from /home/airflow/.local/lib/python3.12/site-packages/airflow/example_dags/example_setup_teardown.py
[2025-07-24T20:54:29.232+0000] {logging_mixin.py:188} INFO - [2025-07-24T20:54:29.232+0000] {dag.py:3096} INFO - Sync 1 DAGs
[2025-07-24T20:54:29.243+0000] {logging_mixin.py:188} INFO - [2025-07-24T20:54:29.243+0000] {dag.py:3954} INFO - Setting next_dagrun for example_setup_teardown to 2025-07-23 00:00:00+00:00, run_after=2025-07-24 00:00:00+00:00
[2025-07-24T20:54:29.251+0000] {processor.py:183} INFO - Processing /home/airflow/.local/lib/python3.12/site-packages/airflow/example_dags/example_setup_teardown.py took 0.038 seconds
[2025-07-24T20:55:00.122+0000] {processor.py:161} INFO - Started process (PID=1407) to work on /home/airflow/.local/lib/python3.12/site-packages/airflow/example_dags/example_setup_teardown.py
[2025-07-24T20:55:00.122+0000] {processor.py:830} INFO - Processing file /home/airflow/.local/lib/python3.12/site-packages/airflow/example_dags/example_setup_teardown.py for tasks to queue
[2025-07-24T20:55:00.123+0000] {logging_mixin.py:188} INFO - [2025-07-24T20:55:00.123+0000] {dagbag.py:545} INFO - Filling up the DagBag from /home/airflow/.local/lib/python3.12/site-packages/airflow/example_dags/example_setup_teardown.py
[2025-07-24T20:55:00.126+0000] {processor.py:840} INFO - DAG(s) 'example_setup_teardown' retrieved from /home/airflow/.local/lib/python3.12/site-packages/airflow/example_dags/example_setup_teardown.py
[2025-07-24T20:55:00.138+0000] {logging_mixin.py:188} INFO - [2025-07-24T20:55:00.138+0000] {dag.py:3096} INFO - Sync 1 DAGs
[2025-07-24T20:55:00.151+0000] {logging_mixin.py:188} INFO - [2025-07-24T20:55:00.151+0000] {dag.py:3954} INFO - Setting next_dagrun for example_setup_teardown to 2025-07-23 00:00:00+00:00, run_after=2025-07-24 00:00:00+00:00
[2025-07-24T20:55:00.160+0000] {processor.py:183} INFO - Processing /home/airflow/.local/lib/python3.12/site-packages/airflow/example_dags/example_setup_teardown.py took 0.041 seconds
[2025-07-24T20:55:30.913+0000] {processor.py:161} INFO - Started process (PID=1465) to work on /home/airflow/.local/lib/python3.12/site-packages/airflow/example_dags/example_setup_teardown.py
[2025-07-24T20:55:30.914+0000] {processor.py:830} INFO - Processing file /home/airflow/.local/lib/python3.12/site-packages/airflow/example_dags/example_setup_teardown.py for tasks to queue
[2025-07-24T20:55:30.915+0000] {logging_mixin.py:188} INFO - [2025-07-24T20:55:30.915+0000] {dagbag.py:545} INFO - Filling up the DagBag from /home/airflow/.local/lib/python3.12/site-packages/airflow/example_dags/example_setup_teardown.py
[2025-07-24T20:55:30.918+0000] {processor.py:840} INFO - DAG(s) 'example_setup_teardown' retrieved from /home/airflow/.local/lib/python3.12/site-packages/airflow/example_dags/example_setup_teardown.py
[2025-07-24T20:55:30.930+0000] {logging_mixin.py:188} INFO - [2025-07-24T20:55:30.929+0000] {dag.py:3096} INFO - Sync 1 DAGs
[2025-07-24T20:55:30.941+0000] {logging_mixin.py:188} INFO - [2025-07-24T20:55:30.941+0000] {dag.py:3954} INFO - Setting next_dagrun for example_setup_teardown to 2025-07-23 00:00:00+00:00, run_after=2025-07-24 00:00:00+00:00
[2025-07-24T20:55:30.950+0000] {processor.py:183} INFO - Processing /home/airflow/.local/lib/python3.12/site-packages/airflow/example_dags/example_setup_teardown.py took 0.040 seconds
