[2025-07-24T20:31:48.560+0000] {processor.py:161} INFO - Started process (PID=67) to work on /home/airflow/.local/lib/python3.12/site-packages/airflow/example_dags/example_task_group.py
[2025-07-24T20:31:48.560+0000] {processor.py:830} INFO - Processing file /home/airflow/.local/lib/python3.12/site-packages/airflow/example_dags/example_task_group.py for tasks to queue
[2025-07-24T20:31:48.562+0000] {logging_mixin.py:188} INFO - [2025-07-24T20:31:48.562+0000] {dagbag.py:545} INFO - Filling up the DagBag from /home/airflow/.local/lib/python3.12/site-packages/airflow/example_dags/example_task_group.py
[2025-07-24T20:31:48.567+0000] {processor.py:840} INFO - DAG(s) 'example_task_group' retrieved from /home/airflow/.local/lib/python3.12/site-packages/airflow/example_dags/example_task_group.py
[2025-07-24T20:31:48.575+0000] {logging_mixin.py:188} INFO - [2025-07-24T20:31:48.575+0000] {dag.py:3096} INFO - Sync 1 DAGs
[2025-07-24T20:31:48.592+0000] {logging_mixin.py:188} INFO - [2025-07-24T20:31:48.591+0000] {dag.py:3954} INFO - Setting next_dagrun for example_task_group to 2025-07-23 00:00:00+00:00, run_after=2025-07-24 00:00:00+00:00
[2025-07-24T20:31:48.601+0000] {processor.py:183} INFO - Processing /home/airflow/.local/lib/python3.12/site-packages/airflow/example_dags/example_task_group.py took 0.046 seconds
[2025-07-24T20:32:19.898+0000] {processor.py:161} INFO - Started process (PID=125) to work on /home/airflow/.local/lib/python3.12/site-packages/airflow/example_dags/example_task_group.py
[2025-07-24T20:32:19.898+0000] {processor.py:830} INFO - Processing file /home/airflow/.local/lib/python3.12/site-packages/airflow/example_dags/example_task_group.py for tasks to queue
[2025-07-24T20:32:19.900+0000] {logging_mixin.py:188} INFO - [2025-07-24T20:32:19.899+0000] {dagbag.py:545} INFO - Filling up the DagBag from /home/airflow/.local/lib/python3.12/site-packages/airflow/example_dags/example_task_group.py
[2025-07-24T20:32:19.903+0000] {processor.py:840} INFO - DAG(s) 'example_task_group' retrieved from /home/airflow/.local/lib/python3.12/site-packages/airflow/example_dags/example_task_group.py
[2025-07-24T20:32:19.959+0000] {logging_mixin.py:188} INFO - [2025-07-24T20:32:19.959+0000] {dag.py:3096} INFO - Sync 1 DAGs
[2025-07-24T20:32:19.968+0000] {logging_mixin.py:188} INFO - [2025-07-24T20:32:19.968+0000] {dag.py:3954} INFO - Setting next_dagrun for example_task_group to 2025-07-23 00:00:00+00:00, run_after=2025-07-24 00:00:00+00:00
[2025-07-24T20:32:19.978+0000] {processor.py:183} INFO - Processing /home/airflow/.local/lib/python3.12/site-packages/airflow/example_dags/example_task_group.py took 0.083 seconds
[2025-07-24T20:32:50.632+0000] {processor.py:161} INFO - Started process (PID=183) to work on /home/airflow/.local/lib/python3.12/site-packages/airflow/example_dags/example_task_group.py
[2025-07-24T20:32:50.633+0000] {processor.py:830} INFO - Processing file /home/airflow/.local/lib/python3.12/site-packages/airflow/example_dags/example_task_group.py for tasks to queue
[2025-07-24T20:32:50.634+0000] {logging_mixin.py:188} INFO - [2025-07-24T20:32:50.634+0000] {dagbag.py:545} INFO - Filling up the DagBag from /home/airflow/.local/lib/python3.12/site-packages/airflow/example_dags/example_task_group.py
[2025-07-24T20:32:50.638+0000] {processor.py:840} INFO - DAG(s) 'example_task_group' retrieved from /home/airflow/.local/lib/python3.12/site-packages/airflow/example_dags/example_task_group.py
[2025-07-24T20:32:50.650+0000] {logging_mixin.py:188} INFO - [2025-07-24T20:32:50.650+0000] {dag.py:3096} INFO - Sync 1 DAGs
[2025-07-24T20:32:50.662+0000] {logging_mixin.py:188} INFO - [2025-07-24T20:32:50.662+0000] {dag.py:3954} INFO - Setting next_dagrun for example_task_group to 2025-07-23 00:00:00+00:00, run_after=2025-07-24 00:00:00+00:00
[2025-07-24T20:32:50.673+0000] {processor.py:183} INFO - Processing /home/airflow/.local/lib/python3.12/site-packages/airflow/example_dags/example_task_group.py took 0.044 seconds
[2025-07-24T20:33:21.372+0000] {processor.py:161} INFO - Started process (PID=241) to work on /home/airflow/.local/lib/python3.12/site-packages/airflow/example_dags/example_task_group.py
[2025-07-24T20:33:21.373+0000] {processor.py:830} INFO - Processing file /home/airflow/.local/lib/python3.12/site-packages/airflow/example_dags/example_task_group.py for tasks to queue
[2025-07-24T20:33:21.374+0000] {logging_mixin.py:188} INFO - [2025-07-24T20:33:21.374+0000] {dagbag.py:545} INFO - Filling up the DagBag from /home/airflow/.local/lib/python3.12/site-packages/airflow/example_dags/example_task_group.py
[2025-07-24T20:33:21.379+0000] {processor.py:840} INFO - DAG(s) 'example_task_group' retrieved from /home/airflow/.local/lib/python3.12/site-packages/airflow/example_dags/example_task_group.py
[2025-07-24T20:33:21.394+0000] {logging_mixin.py:188} INFO - [2025-07-24T20:33:21.394+0000] {dag.py:3096} INFO - Sync 1 DAGs
[2025-07-24T20:33:21.407+0000] {logging_mixin.py:188} INFO - [2025-07-24T20:33:21.407+0000] {dag.py:3954} INFO - Setting next_dagrun for example_task_group to 2025-07-23 00:00:00+00:00, run_after=2025-07-24 00:00:00+00:00
[2025-07-24T20:33:21.417+0000] {processor.py:183} INFO - Processing /home/airflow/.local/lib/python3.12/site-packages/airflow/example_dags/example_task_group.py took 0.048 seconds
[2025-07-24T20:33:52.136+0000] {processor.py:161} INFO - Started process (PID=299) to work on /home/airflow/.local/lib/python3.12/site-packages/airflow/example_dags/example_task_group.py
[2025-07-24T20:33:52.137+0000] {processor.py:830} INFO - Processing file /home/airflow/.local/lib/python3.12/site-packages/airflow/example_dags/example_task_group.py for tasks to queue
[2025-07-24T20:33:52.138+0000] {logging_mixin.py:188} INFO - [2025-07-24T20:33:52.138+0000] {dagbag.py:545} INFO - Filling up the DagBag from /home/airflow/.local/lib/python3.12/site-packages/airflow/example_dags/example_task_group.py
[2025-07-24T20:33:52.142+0000] {processor.py:840} INFO - DAG(s) 'example_task_group' retrieved from /home/airflow/.local/lib/python3.12/site-packages/airflow/example_dags/example_task_group.py
[2025-07-24T20:33:52.155+0000] {logging_mixin.py:188} INFO - [2025-07-24T20:33:52.155+0000] {dag.py:3096} INFO - Sync 1 DAGs
[2025-07-24T20:33:52.167+0000] {logging_mixin.py:188} INFO - [2025-07-24T20:33:52.167+0000] {dag.py:3954} INFO - Setting next_dagrun for example_task_group to 2025-07-23 00:00:00+00:00, run_after=2025-07-24 00:00:00+00:00
[2025-07-24T20:33:52.177+0000] {processor.py:183} INFO - Processing /home/airflow/.local/lib/python3.12/site-packages/airflow/example_dags/example_task_group.py took 0.046 seconds
[2025-07-24T20:34:22.849+0000] {processor.py:161} INFO - Started process (PID=357) to work on /home/airflow/.local/lib/python3.12/site-packages/airflow/example_dags/example_task_group.py
[2025-07-24T20:34:22.850+0000] {processor.py:830} INFO - Processing file /home/airflow/.local/lib/python3.12/site-packages/airflow/example_dags/example_task_group.py for tasks to queue
[2025-07-24T20:34:22.851+0000] {logging_mixin.py:188} INFO - [2025-07-24T20:34:22.851+0000] {dagbag.py:545} INFO - Filling up the DagBag from /home/airflow/.local/lib/python3.12/site-packages/airflow/example_dags/example_task_group.py
[2025-07-24T20:34:22.855+0000] {processor.py:840} INFO - DAG(s) 'example_task_group' retrieved from /home/airflow/.local/lib/python3.12/site-packages/airflow/example_dags/example_task_group.py
[2025-07-24T20:34:22.869+0000] {logging_mixin.py:188} INFO - [2025-07-24T20:34:22.868+0000] {dag.py:3096} INFO - Sync 1 DAGs
[2025-07-24T20:34:22.882+0000] {logging_mixin.py:188} INFO - [2025-07-24T20:34:22.882+0000] {dag.py:3954} INFO - Setting next_dagrun for example_task_group to 2025-07-23 00:00:00+00:00, run_after=2025-07-24 00:00:00+00:00
[2025-07-24T20:34:22.892+0000] {processor.py:183} INFO - Processing /home/airflow/.local/lib/python3.12/site-packages/airflow/example_dags/example_task_group.py took 0.046 seconds
[2025-07-24T20:34:53.674+0000] {processor.py:161} INFO - Started process (PID=415) to work on /home/airflow/.local/lib/python3.12/site-packages/airflow/example_dags/example_task_group.py
[2025-07-24T20:34:53.674+0000] {processor.py:830} INFO - Processing file /home/airflow/.local/lib/python3.12/site-packages/airflow/example_dags/example_task_group.py for tasks to queue
[2025-07-24T20:34:53.676+0000] {logging_mixin.py:188} INFO - [2025-07-24T20:34:53.675+0000] {dagbag.py:545} INFO - Filling up the DagBag from /home/airflow/.local/lib/python3.12/site-packages/airflow/example_dags/example_task_group.py
[2025-07-24T20:34:53.680+0000] {processor.py:840} INFO - DAG(s) 'example_task_group' retrieved from /home/airflow/.local/lib/python3.12/site-packages/airflow/example_dags/example_task_group.py
[2025-07-24T20:34:53.694+0000] {logging_mixin.py:188} INFO - [2025-07-24T20:34:53.693+0000] {dag.py:3096} INFO - Sync 1 DAGs
[2025-07-24T20:34:53.706+0000] {logging_mixin.py:188} INFO - [2025-07-24T20:34:53.706+0000] {dag.py:3954} INFO - Setting next_dagrun for example_task_group to 2025-07-23 00:00:00+00:00, run_after=2025-07-24 00:00:00+00:00
[2025-07-24T20:34:53.720+0000] {processor.py:183} INFO - Processing /home/airflow/.local/lib/python3.12/site-packages/airflow/example_dags/example_task_group.py took 0.050 seconds
[2025-07-24T20:35:24.428+0000] {processor.py:161} INFO - Started process (PID=473) to work on /home/airflow/.local/lib/python3.12/site-packages/airflow/example_dags/example_task_group.py
[2025-07-24T20:35:24.428+0000] {processor.py:830} INFO - Processing file /home/airflow/.local/lib/python3.12/site-packages/airflow/example_dags/example_task_group.py for tasks to queue
[2025-07-24T20:35:24.429+0000] {logging_mixin.py:188} INFO - [2025-07-24T20:35:24.429+0000] {dagbag.py:545} INFO - Filling up the DagBag from /home/airflow/.local/lib/python3.12/site-packages/airflow/example_dags/example_task_group.py
[2025-07-24T20:35:24.433+0000] {processor.py:840} INFO - DAG(s) 'example_task_group' retrieved from /home/airflow/.local/lib/python3.12/site-packages/airflow/example_dags/example_task_group.py
[2025-07-24T20:35:24.445+0000] {logging_mixin.py:188} INFO - [2025-07-24T20:35:24.445+0000] {dag.py:3096} INFO - Sync 1 DAGs
[2025-07-24T20:35:24.456+0000] {logging_mixin.py:188} INFO - [2025-07-24T20:35:24.456+0000] {dag.py:3954} INFO - Setting next_dagrun for example_task_group to 2025-07-23 00:00:00+00:00, run_after=2025-07-24 00:00:00+00:00
[2025-07-24T20:35:24.466+0000] {processor.py:183} INFO - Processing /home/airflow/.local/lib/python3.12/site-packages/airflow/example_dags/example_task_group.py took 0.042 seconds
[2025-07-24T20:36:44.367+0000] {processor.py:161} INFO - Started process (PID=60) to work on /home/airflow/.local/lib/python3.12/site-packages/airflow/example_dags/example_task_group.py
[2025-07-24T20:36:44.368+0000] {processor.py:830} INFO - Processing file /home/airflow/.local/lib/python3.12/site-packages/airflow/example_dags/example_task_group.py for tasks to queue
[2025-07-24T20:36:44.369+0000] {logging_mixin.py:188} INFO - [2025-07-24T20:36:44.369+0000] {dagbag.py:545} INFO - Filling up the DagBag from /home/airflow/.local/lib/python3.12/site-packages/airflow/example_dags/example_task_group.py
[2025-07-24T20:36:44.374+0000] {processor.py:840} INFO - DAG(s) 'example_task_group' retrieved from /home/airflow/.local/lib/python3.12/site-packages/airflow/example_dags/example_task_group.py
[2025-07-24T20:36:44.381+0000] {logging_mixin.py:188} INFO - [2025-07-24T20:36:44.381+0000] {dag.py:3096} INFO - Sync 1 DAGs
[2025-07-24T20:36:44.393+0000] {logging_mixin.py:188} INFO - [2025-07-24T20:36:44.393+0000] {dag.py:3954} INFO - Setting next_dagrun for example_task_group to 2025-07-23 00:00:00+00:00, run_after=2025-07-24 00:00:00+00:00
[2025-07-24T20:36:44.402+0000] {processor.py:183} INFO - Processing /home/airflow/.local/lib/python3.12/site-packages/airflow/example_dags/example_task_group.py took 0.039 seconds
[2025-07-24T20:37:14.964+0000] {processor.py:161} INFO - Started process (PID=118) to work on /home/airflow/.local/lib/python3.12/site-packages/airflow/example_dags/example_task_group.py
[2025-07-24T20:37:14.965+0000] {processor.py:830} INFO - Processing file /home/airflow/.local/lib/python3.12/site-packages/airflow/example_dags/example_task_group.py for tasks to queue
[2025-07-24T20:37:14.966+0000] {logging_mixin.py:188} INFO - [2025-07-24T20:37:14.966+0000] {dagbag.py:545} INFO - Filling up the DagBag from /home/airflow/.local/lib/python3.12/site-packages/airflow/example_dags/example_task_group.py
[2025-07-24T20:37:14.971+0000] {processor.py:840} INFO - DAG(s) 'example_task_group' retrieved from /home/airflow/.local/lib/python3.12/site-packages/airflow/example_dags/example_task_group.py
[2025-07-24T20:37:14.977+0000] {logging_mixin.py:188} INFO - [2025-07-24T20:37:14.977+0000] {dag.py:3096} INFO - Sync 1 DAGs
[2025-07-24T20:37:14.989+0000] {logging_mixin.py:188} INFO - [2025-07-24T20:37:14.989+0000] {dag.py:3954} INFO - Setting next_dagrun for example_task_group to 2025-07-23 00:00:00+00:00, run_after=2025-07-24 00:00:00+00:00
[2025-07-24T20:37:14.998+0000] {processor.py:183} INFO - Processing /home/airflow/.local/lib/python3.12/site-packages/airflow/example_dags/example_task_group.py took 0.037 seconds
[2025-07-24T20:37:46.058+0000] {processor.py:161} INFO - Started process (PID=176) to work on /home/airflow/.local/lib/python3.12/site-packages/airflow/example_dags/example_task_group.py
[2025-07-24T20:37:46.059+0000] {processor.py:830} INFO - Processing file /home/airflow/.local/lib/python3.12/site-packages/airflow/example_dags/example_task_group.py for tasks to queue
[2025-07-24T20:37:46.060+0000] {logging_mixin.py:188} INFO - [2025-07-24T20:37:46.060+0000] {dagbag.py:545} INFO - Filling up the DagBag from /home/airflow/.local/lib/python3.12/site-packages/airflow/example_dags/example_task_group.py
[2025-07-24T20:37:46.064+0000] {processor.py:840} INFO - DAG(s) 'example_task_group' retrieved from /home/airflow/.local/lib/python3.12/site-packages/airflow/example_dags/example_task_group.py
[2025-07-24T20:37:46.124+0000] {logging_mixin.py:188} INFO - [2025-07-24T20:37:46.124+0000] {dag.py:3096} INFO - Sync 1 DAGs
[2025-07-24T20:37:46.134+0000] {logging_mixin.py:188} INFO - [2025-07-24T20:37:46.134+0000] {dag.py:3954} INFO - Setting next_dagrun for example_task_group to 2025-07-23 00:00:00+00:00, run_after=2025-07-24 00:00:00+00:00
[2025-07-24T20:37:46.144+0000] {processor.py:183} INFO - Processing /home/airflow/.local/lib/python3.12/site-packages/airflow/example_dags/example_task_group.py took 0.089 seconds
[2025-07-24T20:38:16.409+0000] {processor.py:161} INFO - Started process (PID=234) to work on /home/airflow/.local/lib/python3.12/site-packages/airflow/example_dags/example_task_group.py
[2025-07-24T20:38:16.410+0000] {processor.py:830} INFO - Processing file /home/airflow/.local/lib/python3.12/site-packages/airflow/example_dags/example_task_group.py for tasks to queue
[2025-07-24T20:38:16.411+0000] {logging_mixin.py:188} INFO - [2025-07-24T20:38:16.410+0000] {dagbag.py:545} INFO - Filling up the DagBag from /home/airflow/.local/lib/python3.12/site-packages/airflow/example_dags/example_task_group.py
[2025-07-24T20:38:16.415+0000] {processor.py:840} INFO - DAG(s) 'example_task_group' retrieved from /home/airflow/.local/lib/python3.12/site-packages/airflow/example_dags/example_task_group.py
[2025-07-24T20:38:16.427+0000] {logging_mixin.py:188} INFO - [2025-07-24T20:38:16.427+0000] {dag.py:3096} INFO - Sync 1 DAGs
[2025-07-24T20:38:16.438+0000] {logging_mixin.py:188} INFO - [2025-07-24T20:38:16.438+0000] {dag.py:3954} INFO - Setting next_dagrun for example_task_group to 2025-07-23 00:00:00+00:00, run_after=2025-07-24 00:00:00+00:00
[2025-07-24T20:38:16.447+0000] {processor.py:183} INFO - Processing /home/airflow/.local/lib/python3.12/site-packages/airflow/example_dags/example_task_group.py took 0.042 seconds
[2025-07-24T20:38:47.121+0000] {processor.py:161} INFO - Started process (PID=292) to work on /home/airflow/.local/lib/python3.12/site-packages/airflow/example_dags/example_task_group.py
[2025-07-24T20:38:47.122+0000] {processor.py:830} INFO - Processing file /home/airflow/.local/lib/python3.12/site-packages/airflow/example_dags/example_task_group.py for tasks to queue
[2025-07-24T20:38:47.122+0000] {logging_mixin.py:188} INFO - [2025-07-24T20:38:47.122+0000] {dagbag.py:545} INFO - Filling up the DagBag from /home/airflow/.local/lib/python3.12/site-packages/airflow/example_dags/example_task_group.py
[2025-07-24T20:38:47.126+0000] {processor.py:840} INFO - DAG(s) 'example_task_group' retrieved from /home/airflow/.local/lib/python3.12/site-packages/airflow/example_dags/example_task_group.py
[2025-07-24T20:38:47.138+0000] {logging_mixin.py:188} INFO - [2025-07-24T20:38:47.138+0000] {dag.py:3096} INFO - Sync 1 DAGs
[2025-07-24T20:38:47.148+0000] {logging_mixin.py:188} INFO - [2025-07-24T20:38:47.148+0000] {dag.py:3954} INFO - Setting next_dagrun for example_task_group to 2025-07-23 00:00:00+00:00, run_after=2025-07-24 00:00:00+00:00
[2025-07-24T20:38:47.159+0000] {processor.py:183} INFO - Processing /home/airflow/.local/lib/python3.12/site-packages/airflow/example_dags/example_task_group.py took 0.041 seconds
[2025-07-24T20:39:17.904+0000] {processor.py:161} INFO - Started process (PID=356) to work on /home/airflow/.local/lib/python3.12/site-packages/airflow/example_dags/example_task_group.py
[2025-07-24T20:39:17.904+0000] {processor.py:830} INFO - Processing file /home/airflow/.local/lib/python3.12/site-packages/airflow/example_dags/example_task_group.py for tasks to queue
[2025-07-24T20:39:17.905+0000] {logging_mixin.py:188} INFO - [2025-07-24T20:39:17.905+0000] {dagbag.py:545} INFO - Filling up the DagBag from /home/airflow/.local/lib/python3.12/site-packages/airflow/example_dags/example_task_group.py
[2025-07-24T20:39:17.909+0000] {processor.py:840} INFO - DAG(s) 'example_task_group' retrieved from /home/airflow/.local/lib/python3.12/site-packages/airflow/example_dags/example_task_group.py
[2025-07-24T20:39:17.921+0000] {logging_mixin.py:188} INFO - [2025-07-24T20:39:17.921+0000] {dag.py:3096} INFO - Sync 1 DAGs
[2025-07-24T20:39:17.933+0000] {logging_mixin.py:188} INFO - [2025-07-24T20:39:17.933+0000] {dag.py:3954} INFO - Setting next_dagrun for example_task_group to 2025-07-23 00:00:00+00:00, run_after=2025-07-24 00:00:00+00:00
[2025-07-24T20:39:17.943+0000] {processor.py:183} INFO - Processing /home/airflow/.local/lib/python3.12/site-packages/airflow/example_dags/example_task_group.py took 0.044 seconds
[2025-07-24T20:39:48.664+0000] {processor.py:161} INFO - Started process (PID=414) to work on /home/airflow/.local/lib/python3.12/site-packages/airflow/example_dags/example_task_group.py
[2025-07-24T20:39:48.664+0000] {processor.py:830} INFO - Processing file /home/airflow/.local/lib/python3.12/site-packages/airflow/example_dags/example_task_group.py for tasks to queue
[2025-07-24T20:39:48.665+0000] {logging_mixin.py:188} INFO - [2025-07-24T20:39:48.665+0000] {dagbag.py:545} INFO - Filling up the DagBag from /home/airflow/.local/lib/python3.12/site-packages/airflow/example_dags/example_task_group.py
[2025-07-24T20:39:48.669+0000] {processor.py:840} INFO - DAG(s) 'example_task_group' retrieved from /home/airflow/.local/lib/python3.12/site-packages/airflow/example_dags/example_task_group.py
[2025-07-24T20:39:48.680+0000] {logging_mixin.py:188} INFO - [2025-07-24T20:39:48.680+0000] {dag.py:3096} INFO - Sync 1 DAGs
[2025-07-24T20:39:48.691+0000] {logging_mixin.py:188} INFO - [2025-07-24T20:39:48.690+0000] {dag.py:3954} INFO - Setting next_dagrun for example_task_group to 2025-07-23 00:00:00+00:00, run_after=2025-07-24 00:00:00+00:00
[2025-07-24T20:39:48.699+0000] {processor.py:183} INFO - Processing /home/airflow/.local/lib/python3.12/site-packages/airflow/example_dags/example_task_group.py took 0.038 seconds
[2025-07-24T20:40:19.308+0000] {processor.py:161} INFO - Started process (PID=472) to work on /home/airflow/.local/lib/python3.12/site-packages/airflow/example_dags/example_task_group.py
[2025-07-24T20:40:19.308+0000] {processor.py:830} INFO - Processing file /home/airflow/.local/lib/python3.12/site-packages/airflow/example_dags/example_task_group.py for tasks to queue
[2025-07-24T20:40:19.309+0000] {logging_mixin.py:188} INFO - [2025-07-24T20:40:19.309+0000] {dagbag.py:545} INFO - Filling up the DagBag from /home/airflow/.local/lib/python3.12/site-packages/airflow/example_dags/example_task_group.py
[2025-07-24T20:40:19.313+0000] {processor.py:840} INFO - DAG(s) 'example_task_group' retrieved from /home/airflow/.local/lib/python3.12/site-packages/airflow/example_dags/example_task_group.py
[2025-07-24T20:40:19.325+0000] {logging_mixin.py:188} INFO - [2025-07-24T20:40:19.325+0000] {dag.py:3096} INFO - Sync 1 DAGs
[2025-07-24T20:40:19.337+0000] {logging_mixin.py:188} INFO - [2025-07-24T20:40:19.337+0000] {dag.py:3954} INFO - Setting next_dagrun for example_task_group to 2025-07-23 00:00:00+00:00, run_after=2025-07-24 00:00:00+00:00
[2025-07-24T20:40:19.346+0000] {processor.py:183} INFO - Processing /home/airflow/.local/lib/python3.12/site-packages/airflow/example_dags/example_task_group.py took 0.042 seconds
[2025-07-24T20:40:50.277+0000] {processor.py:161} INFO - Started process (PID=530) to work on /home/airflow/.local/lib/python3.12/site-packages/airflow/example_dags/example_task_group.py
[2025-07-24T20:40:50.278+0000] {processor.py:830} INFO - Processing file /home/airflow/.local/lib/python3.12/site-packages/airflow/example_dags/example_task_group.py for tasks to queue
[2025-07-24T20:40:50.279+0000] {logging_mixin.py:188} INFO - [2025-07-24T20:40:50.279+0000] {dagbag.py:545} INFO - Filling up the DagBag from /home/airflow/.local/lib/python3.12/site-packages/airflow/example_dags/example_task_group.py
[2025-07-24T20:40:50.282+0000] {processor.py:840} INFO - DAG(s) 'example_task_group' retrieved from /home/airflow/.local/lib/python3.12/site-packages/airflow/example_dags/example_task_group.py
[2025-07-24T20:40:50.294+0000] {logging_mixin.py:188} INFO - [2025-07-24T20:40:50.294+0000] {dag.py:3096} INFO - Sync 1 DAGs
[2025-07-24T20:40:50.306+0000] {logging_mixin.py:188} INFO - [2025-07-24T20:40:50.306+0000] {dag.py:3954} INFO - Setting next_dagrun for example_task_group to 2025-07-23 00:00:00+00:00, run_after=2025-07-24 00:00:00+00:00
[2025-07-24T20:40:50.315+0000] {processor.py:183} INFO - Processing /home/airflow/.local/lib/python3.12/site-packages/airflow/example_dags/example_task_group.py took 0.041 seconds
[2025-07-24T20:41:21.300+0000] {processor.py:161} INFO - Started process (PID=588) to work on /home/airflow/.local/lib/python3.12/site-packages/airflow/example_dags/example_task_group.py
[2025-07-24T20:41:21.301+0000] {processor.py:830} INFO - Processing file /home/airflow/.local/lib/python3.12/site-packages/airflow/example_dags/example_task_group.py for tasks to queue
[2025-07-24T20:41:21.302+0000] {logging_mixin.py:188} INFO - [2025-07-24T20:41:21.302+0000] {dagbag.py:545} INFO - Filling up the DagBag from /home/airflow/.local/lib/python3.12/site-packages/airflow/example_dags/example_task_group.py
[2025-07-24T20:41:21.305+0000] {processor.py:840} INFO - DAG(s) 'example_task_group' retrieved from /home/airflow/.local/lib/python3.12/site-packages/airflow/example_dags/example_task_group.py
[2025-07-24T20:41:21.317+0000] {logging_mixin.py:188} INFO - [2025-07-24T20:41:21.316+0000] {dag.py:3096} INFO - Sync 1 DAGs
[2025-07-24T20:41:21.327+0000] {logging_mixin.py:188} INFO - [2025-07-24T20:41:21.327+0000] {dag.py:3954} INFO - Setting next_dagrun for example_task_group to 2025-07-23 00:00:00+00:00, run_after=2025-07-24 00:00:00+00:00
[2025-07-24T20:41:21.336+0000] {processor.py:183} INFO - Processing /home/airflow/.local/lib/python3.12/site-packages/airflow/example_dags/example_task_group.py took 0.039 seconds
[2025-07-24T20:41:52.035+0000] {processor.py:161} INFO - Started process (PID=646) to work on /home/airflow/.local/lib/python3.12/site-packages/airflow/example_dags/example_task_group.py
[2025-07-24T20:41:52.035+0000] {processor.py:830} INFO - Processing file /home/airflow/.local/lib/python3.12/site-packages/airflow/example_dags/example_task_group.py for tasks to queue
[2025-07-24T20:41:52.036+0000] {logging_mixin.py:188} INFO - [2025-07-24T20:41:52.036+0000] {dagbag.py:545} INFO - Filling up the DagBag from /home/airflow/.local/lib/python3.12/site-packages/airflow/example_dags/example_task_group.py
[2025-07-24T20:41:52.041+0000] {processor.py:840} INFO - DAG(s) 'example_task_group' retrieved from /home/airflow/.local/lib/python3.12/site-packages/airflow/example_dags/example_task_group.py
[2025-07-24T20:41:52.055+0000] {logging_mixin.py:188} INFO - [2025-07-24T20:41:52.055+0000] {dag.py:3096} INFO - Sync 1 DAGs
[2025-07-24T20:41:52.069+0000] {logging_mixin.py:188} INFO - [2025-07-24T20:41:52.068+0000] {dag.py:3954} INFO - Setting next_dagrun for example_task_group to 2025-07-23 00:00:00+00:00, run_after=2025-07-24 00:00:00+00:00
[2025-07-24T20:41:52.078+0000] {processor.py:183} INFO - Processing /home/airflow/.local/lib/python3.12/site-packages/airflow/example_dags/example_task_group.py took 0.046 seconds
[2025-07-24T20:42:22.987+0000] {processor.py:161} INFO - Started process (PID=704) to work on /home/airflow/.local/lib/python3.12/site-packages/airflow/example_dags/example_task_group.py
[2025-07-24T20:42:22.988+0000] {processor.py:830} INFO - Processing file /home/airflow/.local/lib/python3.12/site-packages/airflow/example_dags/example_task_group.py for tasks to queue
[2025-07-24T20:42:22.989+0000] {logging_mixin.py:188} INFO - [2025-07-24T20:42:22.989+0000] {dagbag.py:545} INFO - Filling up the DagBag from /home/airflow/.local/lib/python3.12/site-packages/airflow/example_dags/example_task_group.py
[2025-07-24T20:42:22.993+0000] {processor.py:840} INFO - DAG(s) 'example_task_group' retrieved from /home/airflow/.local/lib/python3.12/site-packages/airflow/example_dags/example_task_group.py
[2025-07-24T20:42:23.004+0000] {logging_mixin.py:188} INFO - [2025-07-24T20:42:23.004+0000] {dag.py:3096} INFO - Sync 1 DAGs
[2025-07-24T20:42:23.016+0000] {logging_mixin.py:188} INFO - [2025-07-24T20:42:23.015+0000] {dag.py:3954} INFO - Setting next_dagrun for example_task_group to 2025-07-23 00:00:00+00:00, run_after=2025-07-24 00:00:00+00:00
[2025-07-24T20:42:23.024+0000] {processor.py:183} INFO - Processing /home/airflow/.local/lib/python3.12/site-packages/airflow/example_dags/example_task_group.py took 0.040 seconds
[2025-07-24T20:43:16.887+0000] {processor.py:161} INFO - Started process (PID=60) to work on /home/airflow/.local/lib/python3.12/site-packages/airflow/example_dags/example_task_group.py
[2025-07-24T20:43:16.888+0000] {processor.py:830} INFO - Processing file /home/airflow/.local/lib/python3.12/site-packages/airflow/example_dags/example_task_group.py for tasks to queue
[2025-07-24T20:43:16.889+0000] {logging_mixin.py:188} INFO - [2025-07-24T20:43:16.888+0000] {dagbag.py:545} INFO - Filling up the DagBag from /home/airflow/.local/lib/python3.12/site-packages/airflow/example_dags/example_task_group.py
[2025-07-24T20:43:16.894+0000] {processor.py:840} INFO - DAG(s) 'example_task_group' retrieved from /home/airflow/.local/lib/python3.12/site-packages/airflow/example_dags/example_task_group.py
[2025-07-24T20:43:16.900+0000] {logging_mixin.py:188} INFO - [2025-07-24T20:43:16.900+0000] {dag.py:3096} INFO - Sync 1 DAGs
[2025-07-24T20:43:16.910+0000] {logging_mixin.py:188} INFO - [2025-07-24T20:43:16.910+0000] {dag.py:3954} INFO - Setting next_dagrun for example_task_group to 2025-07-23 00:00:00+00:00, run_after=2025-07-24 00:00:00+00:00
[2025-07-24T20:43:16.918+0000] {processor.py:183} INFO - Processing /home/airflow/.local/lib/python3.12/site-packages/airflow/example_dags/example_task_group.py took 0.035 seconds
[2025-07-24T20:43:48.029+0000] {processor.py:161} INFO - Started process (PID=118) to work on /home/airflow/.local/lib/python3.12/site-packages/airflow/example_dags/example_task_group.py
[2025-07-24T20:43:48.030+0000] {processor.py:830} INFO - Processing file /home/airflow/.local/lib/python3.12/site-packages/airflow/example_dags/example_task_group.py for tasks to queue
[2025-07-24T20:43:48.031+0000] {logging_mixin.py:188} INFO - [2025-07-24T20:43:48.030+0000] {dagbag.py:545} INFO - Filling up the DagBag from /home/airflow/.local/lib/python3.12/site-packages/airflow/example_dags/example_task_group.py
[2025-07-24T20:43:48.034+0000] {processor.py:840} INFO - DAG(s) 'example_task_group' retrieved from /home/airflow/.local/lib/python3.12/site-packages/airflow/example_dags/example_task_group.py
[2025-07-24T20:43:48.091+0000] {logging_mixin.py:188} INFO - [2025-07-24T20:43:48.091+0000] {dag.py:3096} INFO - Sync 1 DAGs
[2025-07-24T20:43:48.102+0000] {logging_mixin.py:188} INFO - [2025-07-24T20:43:48.102+0000] {dag.py:3954} INFO - Setting next_dagrun for example_task_group to 2025-07-23 00:00:00+00:00, run_after=2025-07-24 00:00:00+00:00
[2025-07-24T20:43:48.112+0000] {processor.py:183} INFO - Processing /home/airflow/.local/lib/python3.12/site-packages/airflow/example_dags/example_task_group.py took 0.086 seconds
[2025-07-24T20:44:18.717+0000] {processor.py:161} INFO - Started process (PID=176) to work on /home/airflow/.local/lib/python3.12/site-packages/airflow/example_dags/example_task_group.py
[2025-07-24T20:44:18.717+0000] {processor.py:830} INFO - Processing file /home/airflow/.local/lib/python3.12/site-packages/airflow/example_dags/example_task_group.py for tasks to queue
[2025-07-24T20:44:18.718+0000] {logging_mixin.py:188} INFO - [2025-07-24T20:44:18.718+0000] {dagbag.py:545} INFO - Filling up the DagBag from /home/airflow/.local/lib/python3.12/site-packages/airflow/example_dags/example_task_group.py
[2025-07-24T20:44:18.722+0000] {processor.py:840} INFO - DAG(s) 'example_task_group' retrieved from /home/airflow/.local/lib/python3.12/site-packages/airflow/example_dags/example_task_group.py
[2025-07-24T20:44:18.735+0000] {logging_mixin.py:188} INFO - [2025-07-24T20:44:18.735+0000] {dag.py:3096} INFO - Sync 1 DAGs
[2025-07-24T20:44:18.746+0000] {logging_mixin.py:188} INFO - [2025-07-24T20:44:18.746+0000] {dag.py:3954} INFO - Setting next_dagrun for example_task_group to 2025-07-23 00:00:00+00:00, run_after=2025-07-24 00:00:00+00:00
[2025-07-24T20:44:18.755+0000] {processor.py:183} INFO - Processing /home/airflow/.local/lib/python3.12/site-packages/airflow/example_dags/example_task_group.py took 0.041 seconds
[2025-07-24T20:44:48.826+0000] {processor.py:161} INFO - Started process (PID=234) to work on /home/airflow/.local/lib/python3.12/site-packages/airflow/example_dags/example_task_group.py
[2025-07-24T20:44:48.827+0000] {processor.py:830} INFO - Processing file /home/airflow/.local/lib/python3.12/site-packages/airflow/example_dags/example_task_group.py for tasks to queue
[2025-07-24T20:44:48.828+0000] {logging_mixin.py:188} INFO - [2025-07-24T20:44:48.827+0000] {dagbag.py:545} INFO - Filling up the DagBag from /home/airflow/.local/lib/python3.12/site-packages/airflow/example_dags/example_task_group.py
[2025-07-24T20:44:48.832+0000] {processor.py:840} INFO - DAG(s) 'example_task_group' retrieved from /home/airflow/.local/lib/python3.12/site-packages/airflow/example_dags/example_task_group.py
[2025-07-24T20:44:48.843+0000] {logging_mixin.py:188} INFO - [2025-07-24T20:44:48.843+0000] {dag.py:3096} INFO - Sync 1 DAGs
[2025-07-24T20:44:48.854+0000] {logging_mixin.py:188} INFO - [2025-07-24T20:44:48.854+0000] {dag.py:3954} INFO - Setting next_dagrun for example_task_group to 2025-07-23 00:00:00+00:00, run_after=2025-07-24 00:00:00+00:00
[2025-07-24T20:44:48.863+0000] {processor.py:183} INFO - Processing /home/airflow/.local/lib/python3.12/site-packages/airflow/example_dags/example_task_group.py took 0.040 seconds
[2025-07-24T20:45:18.911+0000] {processor.py:161} INFO - Started process (PID=292) to work on /home/airflow/.local/lib/python3.12/site-packages/airflow/example_dags/example_task_group.py
[2025-07-24T20:45:18.911+0000] {processor.py:830} INFO - Processing file /home/airflow/.local/lib/python3.12/site-packages/airflow/example_dags/example_task_group.py for tasks to queue
[2025-07-24T20:45:18.912+0000] {logging_mixin.py:188} INFO - [2025-07-24T20:45:18.912+0000] {dagbag.py:545} INFO - Filling up the DagBag from /home/airflow/.local/lib/python3.12/site-packages/airflow/example_dags/example_task_group.py
[2025-07-24T20:45:18.916+0000] {processor.py:840} INFO - DAG(s) 'example_task_group' retrieved from /home/airflow/.local/lib/python3.12/site-packages/airflow/example_dags/example_task_group.py
[2025-07-24T20:45:18.926+0000] {logging_mixin.py:188} INFO - [2025-07-24T20:45:18.926+0000] {dag.py:3096} INFO - Sync 1 DAGs
[2025-07-24T20:45:18.936+0000] {logging_mixin.py:188} INFO - [2025-07-24T20:45:18.936+0000] {dag.py:3954} INFO - Setting next_dagrun for example_task_group to 2025-07-23 00:00:00+00:00, run_after=2025-07-24 00:00:00+00:00
[2025-07-24T20:45:18.946+0000] {processor.py:183} INFO - Processing /home/airflow/.local/lib/python3.12/site-packages/airflow/example_dags/example_task_group.py took 0.039 seconds
[2025-07-24T20:45:49.496+0000] {processor.py:161} INFO - Started process (PID=350) to work on /home/airflow/.local/lib/python3.12/site-packages/airflow/example_dags/example_task_group.py
[2025-07-24T20:45:49.497+0000] {processor.py:830} INFO - Processing file /home/airflow/.local/lib/python3.12/site-packages/airflow/example_dags/example_task_group.py for tasks to queue
[2025-07-24T20:45:49.498+0000] {logging_mixin.py:188} INFO - [2025-07-24T20:45:49.498+0000] {dagbag.py:545} INFO - Filling up the DagBag from /home/airflow/.local/lib/python3.12/site-packages/airflow/example_dags/example_task_group.py
[2025-07-24T20:45:49.502+0000] {processor.py:840} INFO - DAG(s) 'example_task_group' retrieved from /home/airflow/.local/lib/python3.12/site-packages/airflow/example_dags/example_task_group.py
[2025-07-24T20:45:49.514+0000] {logging_mixin.py:188} INFO - [2025-07-24T20:45:49.514+0000] {dag.py:3096} INFO - Sync 1 DAGs
[2025-07-24T20:45:49.526+0000] {logging_mixin.py:188} INFO - [2025-07-24T20:45:49.526+0000] {dag.py:3954} INFO - Setting next_dagrun for example_task_group to 2025-07-23 00:00:00+00:00, run_after=2025-07-24 00:00:00+00:00
[2025-07-24T20:45:49.536+0000] {processor.py:183} INFO - Processing /home/airflow/.local/lib/python3.12/site-packages/airflow/example_dags/example_task_group.py took 0.043 seconds
[2025-07-24T20:46:20.159+0000] {processor.py:161} INFO - Started process (PID=414) to work on /home/airflow/.local/lib/python3.12/site-packages/airflow/example_dags/example_task_group.py
[2025-07-24T20:46:20.159+0000] {processor.py:830} INFO - Processing file /home/airflow/.local/lib/python3.12/site-packages/airflow/example_dags/example_task_group.py for tasks to queue
[2025-07-24T20:46:20.160+0000] {logging_mixin.py:188} INFO - [2025-07-24T20:46:20.160+0000] {dagbag.py:545} INFO - Filling up the DagBag from /home/airflow/.local/lib/python3.12/site-packages/airflow/example_dags/example_task_group.py
[2025-07-24T20:46:20.165+0000] {processor.py:840} INFO - DAG(s) 'example_task_group' retrieved from /home/airflow/.local/lib/python3.12/site-packages/airflow/example_dags/example_task_group.py
[2025-07-24T20:46:20.176+0000] {logging_mixin.py:188} INFO - [2025-07-24T20:46:20.176+0000] {dag.py:3096} INFO - Sync 1 DAGs
[2025-07-24T20:46:20.188+0000] {logging_mixin.py:188} INFO - [2025-07-24T20:46:20.188+0000] {dag.py:3954} INFO - Setting next_dagrun for example_task_group to 2025-07-23 00:00:00+00:00, run_after=2025-07-24 00:00:00+00:00
[2025-07-24T20:46:20.197+0000] {processor.py:183} INFO - Processing /home/airflow/.local/lib/python3.12/site-packages/airflow/example_dags/example_task_group.py took 0.042 seconds
[2025-07-24T20:46:50.866+0000] {processor.py:161} INFO - Started process (PID=472) to work on /home/airflow/.local/lib/python3.12/site-packages/airflow/example_dags/example_task_group.py
[2025-07-24T20:46:50.866+0000] {processor.py:830} INFO - Processing file /home/airflow/.local/lib/python3.12/site-packages/airflow/example_dags/example_task_group.py for tasks to queue
[2025-07-24T20:46:50.867+0000] {logging_mixin.py:188} INFO - [2025-07-24T20:46:50.867+0000] {dagbag.py:545} INFO - Filling up the DagBag from /home/airflow/.local/lib/python3.12/site-packages/airflow/example_dags/example_task_group.py
[2025-07-24T20:46:50.871+0000] {processor.py:840} INFO - DAG(s) 'example_task_group' retrieved from /home/airflow/.local/lib/python3.12/site-packages/airflow/example_dags/example_task_group.py
[2025-07-24T20:46:50.884+0000] {logging_mixin.py:188} INFO - [2025-07-24T20:46:50.884+0000] {dag.py:3096} INFO - Sync 1 DAGs
[2025-07-24T20:46:50.896+0000] {logging_mixin.py:188} INFO - [2025-07-24T20:46:50.895+0000] {dag.py:3954} INFO - Setting next_dagrun for example_task_group to 2025-07-23 00:00:00+00:00, run_after=2025-07-24 00:00:00+00:00
[2025-07-24T20:46:50.905+0000] {processor.py:183} INFO - Processing /home/airflow/.local/lib/python3.12/site-packages/airflow/example_dags/example_task_group.py took 0.043 seconds
[2025-07-24T20:47:21.500+0000] {processor.py:161} INFO - Started process (PID=530) to work on /home/airflow/.local/lib/python3.12/site-packages/airflow/example_dags/example_task_group.py
[2025-07-24T20:47:21.501+0000] {processor.py:830} INFO - Processing file /home/airflow/.local/lib/python3.12/site-packages/airflow/example_dags/example_task_group.py for tasks to queue
[2025-07-24T20:47:21.502+0000] {logging_mixin.py:188} INFO - [2025-07-24T20:47:21.502+0000] {dagbag.py:545} INFO - Filling up the DagBag from /home/airflow/.local/lib/python3.12/site-packages/airflow/example_dags/example_task_group.py
[2025-07-24T20:47:21.506+0000] {processor.py:840} INFO - DAG(s) 'example_task_group' retrieved from /home/airflow/.local/lib/python3.12/site-packages/airflow/example_dags/example_task_group.py
[2025-07-24T20:47:21.517+0000] {logging_mixin.py:188} INFO - [2025-07-24T20:47:21.517+0000] {dag.py:3096} INFO - Sync 1 DAGs
[2025-07-24T20:47:21.528+0000] {logging_mixin.py:188} INFO - [2025-07-24T20:47:21.528+0000] {dag.py:3954} INFO - Setting next_dagrun for example_task_group to 2025-07-23 00:00:00+00:00, run_after=2025-07-24 00:00:00+00:00
[2025-07-24T20:47:21.537+0000] {processor.py:183} INFO - Processing /home/airflow/.local/lib/python3.12/site-packages/airflow/example_dags/example_task_group.py took 0.040 seconds
[2025-07-24T20:47:52.256+0000] {processor.py:161} INFO - Started process (PID=588) to work on /home/airflow/.local/lib/python3.12/site-packages/airflow/example_dags/example_task_group.py
[2025-07-24T20:47:52.257+0000] {processor.py:830} INFO - Processing file /home/airflow/.local/lib/python3.12/site-packages/airflow/example_dags/example_task_group.py for tasks to queue
[2025-07-24T20:47:52.258+0000] {logging_mixin.py:188} INFO - [2025-07-24T20:47:52.258+0000] {dagbag.py:545} INFO - Filling up the DagBag from /home/airflow/.local/lib/python3.12/site-packages/airflow/example_dags/example_task_group.py
[2025-07-24T20:47:52.262+0000] {processor.py:840} INFO - DAG(s) 'example_task_group' retrieved from /home/airflow/.local/lib/python3.12/site-packages/airflow/example_dags/example_task_group.py
[2025-07-24T20:47:52.274+0000] {logging_mixin.py:188} INFO - [2025-07-24T20:47:52.273+0000] {dag.py:3096} INFO - Sync 1 DAGs
[2025-07-24T20:47:52.285+0000] {logging_mixin.py:188} INFO - [2025-07-24T20:47:52.285+0000] {dag.py:3954} INFO - Setting next_dagrun for example_task_group to 2025-07-23 00:00:00+00:00, run_after=2025-07-24 00:00:00+00:00
[2025-07-24T20:47:52.294+0000] {processor.py:183} INFO - Processing /home/airflow/.local/lib/python3.12/site-packages/airflow/example_dags/example_task_group.py took 0.041 seconds
[2025-07-24T20:48:22.878+0000] {processor.py:161} INFO - Started process (PID=646) to work on /home/airflow/.local/lib/python3.12/site-packages/airflow/example_dags/example_task_group.py
[2025-07-24T20:48:22.879+0000] {processor.py:830} INFO - Processing file /home/airflow/.local/lib/python3.12/site-packages/airflow/example_dags/example_task_group.py for tasks to queue
[2025-07-24T20:48:22.880+0000] {logging_mixin.py:188} INFO - [2025-07-24T20:48:22.880+0000] {dagbag.py:545} INFO - Filling up the DagBag from /home/airflow/.local/lib/python3.12/site-packages/airflow/example_dags/example_task_group.py
[2025-07-24T20:48:22.885+0000] {processor.py:840} INFO - DAG(s) 'example_task_group' retrieved from /home/airflow/.local/lib/python3.12/site-packages/airflow/example_dags/example_task_group.py
[2025-07-24T20:48:22.897+0000] {logging_mixin.py:188} INFO - [2025-07-24T20:48:22.897+0000] {dag.py:3096} INFO - Sync 1 DAGs
[2025-07-24T20:48:22.910+0000] {logging_mixin.py:188} INFO - [2025-07-24T20:48:22.910+0000] {dag.py:3954} INFO - Setting next_dagrun for example_task_group to 2025-07-23 00:00:00+00:00, run_after=2025-07-24 00:00:00+00:00
[2025-07-24T20:48:22.920+0000] {processor.py:183} INFO - Processing /home/airflow/.local/lib/python3.12/site-packages/airflow/example_dags/example_task_group.py took 0.046 seconds
[2025-07-24T20:48:53.531+0000] {processor.py:161} INFO - Started process (PID=704) to work on /home/airflow/.local/lib/python3.12/site-packages/airflow/example_dags/example_task_group.py
[2025-07-24T20:48:53.531+0000] {processor.py:830} INFO - Processing file /home/airflow/.local/lib/python3.12/site-packages/airflow/example_dags/example_task_group.py for tasks to queue
[2025-07-24T20:48:53.532+0000] {logging_mixin.py:188} INFO - [2025-07-24T20:48:53.532+0000] {dagbag.py:545} INFO - Filling up the DagBag from /home/airflow/.local/lib/python3.12/site-packages/airflow/example_dags/example_task_group.py
[2025-07-24T20:48:53.536+0000] {processor.py:840} INFO - DAG(s) 'example_task_group' retrieved from /home/airflow/.local/lib/python3.12/site-packages/airflow/example_dags/example_task_group.py
[2025-07-24T20:48:53.548+0000] {logging_mixin.py:188} INFO - [2025-07-24T20:48:53.548+0000] {dag.py:3096} INFO - Sync 1 DAGs
[2025-07-24T20:48:53.559+0000] {logging_mixin.py:188} INFO - [2025-07-24T20:48:53.559+0000] {dag.py:3954} INFO - Setting next_dagrun for example_task_group to 2025-07-23 00:00:00+00:00, run_after=2025-07-24 00:00:00+00:00
[2025-07-24T20:48:53.569+0000] {processor.py:183} INFO - Processing /home/airflow/.local/lib/python3.12/site-packages/airflow/example_dags/example_task_group.py took 0.042 seconds
[2025-07-24T20:49:24.143+0000] {processor.py:161} INFO - Started process (PID=762) to work on /home/airflow/.local/lib/python3.12/site-packages/airflow/example_dags/example_task_group.py
[2025-07-24T20:49:24.143+0000] {processor.py:830} INFO - Processing file /home/airflow/.local/lib/python3.12/site-packages/airflow/example_dags/example_task_group.py for tasks to queue
[2025-07-24T20:49:24.144+0000] {logging_mixin.py:188} INFO - [2025-07-24T20:49:24.144+0000] {dagbag.py:545} INFO - Filling up the DagBag from /home/airflow/.local/lib/python3.12/site-packages/airflow/example_dags/example_task_group.py
[2025-07-24T20:49:24.148+0000] {processor.py:840} INFO - DAG(s) 'example_task_group' retrieved from /home/airflow/.local/lib/python3.12/site-packages/airflow/example_dags/example_task_group.py
[2025-07-24T20:49:24.159+0000] {logging_mixin.py:188} INFO - [2025-07-24T20:49:24.159+0000] {dag.py:3096} INFO - Sync 1 DAGs
[2025-07-24T20:49:24.170+0000] {logging_mixin.py:188} INFO - [2025-07-24T20:49:24.170+0000] {dag.py:3954} INFO - Setting next_dagrun for example_task_group to 2025-07-23 00:00:00+00:00, run_after=2025-07-24 00:00:00+00:00
[2025-07-24T20:49:24.178+0000] {processor.py:183} INFO - Processing /home/airflow/.local/lib/python3.12/site-packages/airflow/example_dags/example_task_group.py took 0.039 seconds
[2025-07-24T20:49:54.776+0000] {processor.py:161} INFO - Started process (PID=820) to work on /home/airflow/.local/lib/python3.12/site-packages/airflow/example_dags/example_task_group.py
[2025-07-24T20:49:54.776+0000] {processor.py:830} INFO - Processing file /home/airflow/.local/lib/python3.12/site-packages/airflow/example_dags/example_task_group.py for tasks to queue
[2025-07-24T20:49:54.777+0000] {logging_mixin.py:188} INFO - [2025-07-24T20:49:54.777+0000] {dagbag.py:545} INFO - Filling up the DagBag from /home/airflow/.local/lib/python3.12/site-packages/airflow/example_dags/example_task_group.py
[2025-07-24T20:49:54.781+0000] {processor.py:840} INFO - DAG(s) 'example_task_group' retrieved from /home/airflow/.local/lib/python3.12/site-packages/airflow/example_dags/example_task_group.py
[2025-07-24T20:49:54.793+0000] {logging_mixin.py:188} INFO - [2025-07-24T20:49:54.793+0000] {dag.py:3096} INFO - Sync 1 DAGs
[2025-07-24T20:49:54.806+0000] {logging_mixin.py:188} INFO - [2025-07-24T20:49:54.806+0000] {dag.py:3954} INFO - Setting next_dagrun for example_task_group to 2025-07-23 00:00:00+00:00, run_after=2025-07-24 00:00:00+00:00
[2025-07-24T20:49:54.815+0000] {processor.py:183} INFO - Processing /home/airflow/.local/lib/python3.12/site-packages/airflow/example_dags/example_task_group.py took 0.043 seconds
[2025-07-24T20:50:25.502+0000] {processor.py:161} INFO - Started process (PID=878) to work on /home/airflow/.local/lib/python3.12/site-packages/airflow/example_dags/example_task_group.py
[2025-07-24T20:50:25.503+0000] {processor.py:830} INFO - Processing file /home/airflow/.local/lib/python3.12/site-packages/airflow/example_dags/example_task_group.py for tasks to queue
[2025-07-24T20:50:25.504+0000] {logging_mixin.py:188} INFO - [2025-07-24T20:50:25.504+0000] {dagbag.py:545} INFO - Filling up the DagBag from /home/airflow/.local/lib/python3.12/site-packages/airflow/example_dags/example_task_group.py
[2025-07-24T20:50:25.508+0000] {processor.py:840} INFO - DAG(s) 'example_task_group' retrieved from /home/airflow/.local/lib/python3.12/site-packages/airflow/example_dags/example_task_group.py
[2025-07-24T20:50:25.520+0000] {logging_mixin.py:188} INFO - [2025-07-24T20:50:25.520+0000] {dag.py:3096} INFO - Sync 1 DAGs
[2025-07-24T20:50:25.532+0000] {logging_mixin.py:188} INFO - [2025-07-24T20:50:25.532+0000] {dag.py:3954} INFO - Setting next_dagrun for example_task_group to 2025-07-23 00:00:00+00:00, run_after=2025-07-24 00:00:00+00:00
[2025-07-24T20:50:25.542+0000] {processor.py:183} INFO - Processing /home/airflow/.local/lib/python3.12/site-packages/airflow/example_dags/example_task_group.py took 0.043 seconds
[2025-07-24T20:50:55.630+0000] {processor.py:161} INFO - Started process (PID=936) to work on /home/airflow/.local/lib/python3.12/site-packages/airflow/example_dags/example_task_group.py
[2025-07-24T20:50:55.631+0000] {processor.py:830} INFO - Processing file /home/airflow/.local/lib/python3.12/site-packages/airflow/example_dags/example_task_group.py for tasks to queue
[2025-07-24T20:50:55.632+0000] {logging_mixin.py:188} INFO - [2025-07-24T20:50:55.632+0000] {dagbag.py:545} INFO - Filling up the DagBag from /home/airflow/.local/lib/python3.12/site-packages/airflow/example_dags/example_task_group.py
[2025-07-24T20:50:55.636+0000] {processor.py:840} INFO - DAG(s) 'example_task_group' retrieved from /home/airflow/.local/lib/python3.12/site-packages/airflow/example_dags/example_task_group.py
[2025-07-24T20:50:55.649+0000] {logging_mixin.py:188} INFO - [2025-07-24T20:50:55.648+0000] {dag.py:3096} INFO - Sync 1 DAGs
[2025-07-24T20:50:55.661+0000] {logging_mixin.py:188} INFO - [2025-07-24T20:50:55.660+0000] {dag.py:3954} INFO - Setting next_dagrun for example_task_group to 2025-07-23 00:00:00+00:00, run_after=2025-07-24 00:00:00+00:00
[2025-07-24T20:50:55.670+0000] {processor.py:183} INFO - Processing /home/airflow/.local/lib/python3.12/site-packages/airflow/example_dags/example_task_group.py took 0.043 seconds
[2025-07-24T20:51:26.373+0000] {processor.py:161} INFO - Started process (PID=994) to work on /home/airflow/.local/lib/python3.12/site-packages/airflow/example_dags/example_task_group.py
[2025-07-24T20:51:26.373+0000] {processor.py:830} INFO - Processing file /home/airflow/.local/lib/python3.12/site-packages/airflow/example_dags/example_task_group.py for tasks to queue
[2025-07-24T20:51:26.374+0000] {logging_mixin.py:188} INFO - [2025-07-24T20:51:26.374+0000] {dagbag.py:545} INFO - Filling up the DagBag from /home/airflow/.local/lib/python3.12/site-packages/airflow/example_dags/example_task_group.py
[2025-07-24T20:51:26.378+0000] {processor.py:840} INFO - DAG(s) 'example_task_group' retrieved from /home/airflow/.local/lib/python3.12/site-packages/airflow/example_dags/example_task_group.py
[2025-07-24T20:51:26.390+0000] {logging_mixin.py:188} INFO - [2025-07-24T20:51:26.389+0000] {dag.py:3096} INFO - Sync 1 DAGs
[2025-07-24T20:51:26.400+0000] {logging_mixin.py:188} INFO - [2025-07-24T20:51:26.400+0000] {dag.py:3954} INFO - Setting next_dagrun for example_task_group to 2025-07-23 00:00:00+00:00, run_after=2025-07-24 00:00:00+00:00
[2025-07-24T20:51:26.409+0000] {processor.py:183} INFO - Processing /home/airflow/.local/lib/python3.12/site-packages/airflow/example_dags/example_task_group.py took 0.039 seconds
[2025-07-24T20:51:57.098+0000] {processor.py:161} INFO - Started process (PID=1052) to work on /home/airflow/.local/lib/python3.12/site-packages/airflow/example_dags/example_task_group.py
[2025-07-24T20:51:57.098+0000] {processor.py:830} INFO - Processing file /home/airflow/.local/lib/python3.12/site-packages/airflow/example_dags/example_task_group.py for tasks to queue
[2025-07-24T20:51:57.099+0000] {logging_mixin.py:188} INFO - [2025-07-24T20:51:57.099+0000] {dagbag.py:545} INFO - Filling up the DagBag from /home/airflow/.local/lib/python3.12/site-packages/airflow/example_dags/example_task_group.py
[2025-07-24T20:51:57.103+0000] {processor.py:840} INFO - DAG(s) 'example_task_group' retrieved from /home/airflow/.local/lib/python3.12/site-packages/airflow/example_dags/example_task_group.py
[2025-07-24T20:51:57.115+0000] {logging_mixin.py:188} INFO - [2025-07-24T20:51:57.115+0000] {dag.py:3096} INFO - Sync 1 DAGs
[2025-07-24T20:51:57.127+0000] {logging_mixin.py:188} INFO - [2025-07-24T20:51:57.126+0000] {dag.py:3954} INFO - Setting next_dagrun for example_task_group to 2025-07-23 00:00:00+00:00, run_after=2025-07-24 00:00:00+00:00
[2025-07-24T20:51:57.136+0000] {processor.py:183} INFO - Processing /home/airflow/.local/lib/python3.12/site-packages/airflow/example_dags/example_task_group.py took 0.042 seconds
[2025-07-24T20:52:27.855+0000] {processor.py:161} INFO - Started process (PID=1110) to work on /home/airflow/.local/lib/python3.12/site-packages/airflow/example_dags/example_task_group.py
[2025-07-24T20:52:27.856+0000] {processor.py:830} INFO - Processing file /home/airflow/.local/lib/python3.12/site-packages/airflow/example_dags/example_task_group.py for tasks to queue
[2025-07-24T20:52:27.857+0000] {logging_mixin.py:188} INFO - [2025-07-24T20:52:27.857+0000] {dagbag.py:545} INFO - Filling up the DagBag from /home/airflow/.local/lib/python3.12/site-packages/airflow/example_dags/example_task_group.py
[2025-07-24T20:52:27.861+0000] {processor.py:840} INFO - DAG(s) 'example_task_group' retrieved from /home/airflow/.local/lib/python3.12/site-packages/airflow/example_dags/example_task_group.py
[2025-07-24T20:52:27.872+0000] {logging_mixin.py:188} INFO - [2025-07-24T20:52:27.872+0000] {dag.py:3096} INFO - Sync 1 DAGs
[2025-07-24T20:52:27.884+0000] {logging_mixin.py:188} INFO - [2025-07-24T20:52:27.884+0000] {dag.py:3954} INFO - Setting next_dagrun for example_task_group to 2025-07-23 00:00:00+00:00, run_after=2025-07-24 00:00:00+00:00
[2025-07-24T20:52:27.893+0000] {processor.py:183} INFO - Processing /home/airflow/.local/lib/python3.12/site-packages/airflow/example_dags/example_task_group.py took 0.041 seconds
[2025-07-24T20:52:58.575+0000] {processor.py:161} INFO - Started process (PID=1168) to work on /home/airflow/.local/lib/python3.12/site-packages/airflow/example_dags/example_task_group.py
[2025-07-24T20:52:58.575+0000] {processor.py:830} INFO - Processing file /home/airflow/.local/lib/python3.12/site-packages/airflow/example_dags/example_task_group.py for tasks to queue
[2025-07-24T20:52:58.576+0000] {logging_mixin.py:188} INFO - [2025-07-24T20:52:58.576+0000] {dagbag.py:545} INFO - Filling up the DagBag from /home/airflow/.local/lib/python3.12/site-packages/airflow/example_dags/example_task_group.py
[2025-07-24T20:52:58.581+0000] {processor.py:840} INFO - DAG(s) 'example_task_group' retrieved from /home/airflow/.local/lib/python3.12/site-packages/airflow/example_dags/example_task_group.py
[2025-07-24T20:52:58.593+0000] {logging_mixin.py:188} INFO - [2025-07-24T20:52:58.593+0000] {dag.py:3096} INFO - Sync 1 DAGs
[2025-07-24T20:52:58.605+0000] {logging_mixin.py:188} INFO - [2025-07-24T20:52:58.605+0000] {dag.py:3954} INFO - Setting next_dagrun for example_task_group to 2025-07-23 00:00:00+00:00, run_after=2025-07-24 00:00:00+00:00
[2025-07-24T20:52:58.615+0000] {processor.py:183} INFO - Processing /home/airflow/.local/lib/python3.12/site-packages/airflow/example_dags/example_task_group.py took 0.044 seconds
[2025-07-24T20:53:28.758+0000] {processor.py:161} INFO - Started process (PID=1226) to work on /home/airflow/.local/lib/python3.12/site-packages/airflow/example_dags/example_task_group.py
[2025-07-24T20:53:28.758+0000] {processor.py:830} INFO - Processing file /home/airflow/.local/lib/python3.12/site-packages/airflow/example_dags/example_task_group.py for tasks to queue
[2025-07-24T20:53:28.759+0000] {logging_mixin.py:188} INFO - [2025-07-24T20:53:28.759+0000] {dagbag.py:545} INFO - Filling up the DagBag from /home/airflow/.local/lib/python3.12/site-packages/airflow/example_dags/example_task_group.py
[2025-07-24T20:53:28.763+0000] {processor.py:840} INFO - DAG(s) 'example_task_group' retrieved from /home/airflow/.local/lib/python3.12/site-packages/airflow/example_dags/example_task_group.py
[2025-07-24T20:53:28.773+0000] {logging_mixin.py:188} INFO - [2025-07-24T20:53:28.773+0000] {dag.py:3096} INFO - Sync 1 DAGs
[2025-07-24T20:53:28.783+0000] {logging_mixin.py:188} INFO - [2025-07-24T20:53:28.783+0000] {dag.py:3954} INFO - Setting next_dagrun for example_task_group to 2025-07-23 00:00:00+00:00, run_after=2025-07-24 00:00:00+00:00
[2025-07-24T20:53:28.792+0000] {processor.py:183} INFO - Processing /home/airflow/.local/lib/python3.12/site-packages/airflow/example_dags/example_task_group.py took 0.038 seconds
[2025-07-24T20:53:58.845+0000] {processor.py:161} INFO - Started process (PID=1284) to work on /home/airflow/.local/lib/python3.12/site-packages/airflow/example_dags/example_task_group.py
[2025-07-24T20:53:58.845+0000] {processor.py:830} INFO - Processing file /home/airflow/.local/lib/python3.12/site-packages/airflow/example_dags/example_task_group.py for tasks to queue
[2025-07-24T20:53:58.846+0000] {logging_mixin.py:188} INFO - [2025-07-24T20:53:58.846+0000] {dagbag.py:545} INFO - Filling up the DagBag from /home/airflow/.local/lib/python3.12/site-packages/airflow/example_dags/example_task_group.py
[2025-07-24T20:53:58.852+0000] {processor.py:840} INFO - DAG(s) 'example_task_group' retrieved from /home/airflow/.local/lib/python3.12/site-packages/airflow/example_dags/example_task_group.py
[2025-07-24T20:53:58.865+0000] {logging_mixin.py:188} INFO - [2025-07-24T20:53:58.865+0000] {dag.py:3096} INFO - Sync 1 DAGs
[2025-07-24T20:53:58.877+0000] {logging_mixin.py:188} INFO - [2025-07-24T20:53:58.877+0000] {dag.py:3954} INFO - Setting next_dagrun for example_task_group to 2025-07-23 00:00:00+00:00, run_after=2025-07-24 00:00:00+00:00
[2025-07-24T20:53:58.887+0000] {processor.py:183} INFO - Processing /home/airflow/.local/lib/python3.12/site-packages/airflow/example_dags/example_task_group.py took 0.045 seconds
[2025-07-24T20:54:28.975+0000] {processor.py:161} INFO - Started process (PID=1342) to work on /home/airflow/.local/lib/python3.12/site-packages/airflow/example_dags/example_task_group.py
[2025-07-24T20:54:28.976+0000] {processor.py:830} INFO - Processing file /home/airflow/.local/lib/python3.12/site-packages/airflow/example_dags/example_task_group.py for tasks to queue
[2025-07-24T20:54:28.977+0000] {logging_mixin.py:188} INFO - [2025-07-24T20:54:28.976+0000] {dagbag.py:545} INFO - Filling up the DagBag from /home/airflow/.local/lib/python3.12/site-packages/airflow/example_dags/example_task_group.py
[2025-07-24T20:54:28.980+0000] {processor.py:840} INFO - DAG(s) 'example_task_group' retrieved from /home/airflow/.local/lib/python3.12/site-packages/airflow/example_dags/example_task_group.py
[2025-07-24T20:54:28.991+0000] {logging_mixin.py:188} INFO - [2025-07-24T20:54:28.991+0000] {dag.py:3096} INFO - Sync 1 DAGs
[2025-07-24T20:54:29.001+0000] {logging_mixin.py:188} INFO - [2025-07-24T20:54:29.001+0000] {dag.py:3954} INFO - Setting next_dagrun for example_task_group to 2025-07-23 00:00:00+00:00, run_after=2025-07-24 00:00:00+00:00
[2025-07-24T20:54:29.010+0000] {processor.py:183} INFO - Processing /home/airflow/.local/lib/python3.12/site-packages/airflow/example_dags/example_task_group.py took 0.038 seconds
[2025-07-24T20:54:59.848+0000] {processor.py:161} INFO - Started process (PID=1400) to work on /home/airflow/.local/lib/python3.12/site-packages/airflow/example_dags/example_task_group.py
[2025-07-24T20:54:59.848+0000] {processor.py:830} INFO - Processing file /home/airflow/.local/lib/python3.12/site-packages/airflow/example_dags/example_task_group.py for tasks to queue
[2025-07-24T20:54:59.849+0000] {logging_mixin.py:188} INFO - [2025-07-24T20:54:59.849+0000] {dagbag.py:545} INFO - Filling up the DagBag from /home/airflow/.local/lib/python3.12/site-packages/airflow/example_dags/example_task_group.py
[2025-07-24T20:54:59.853+0000] {processor.py:840} INFO - DAG(s) 'example_task_group' retrieved from /home/airflow/.local/lib/python3.12/site-packages/airflow/example_dags/example_task_group.py
[2025-07-24T20:54:59.865+0000] {logging_mixin.py:188} INFO - [2025-07-24T20:54:59.865+0000] {dag.py:3096} INFO - Sync 1 DAGs
[2025-07-24T20:54:59.875+0000] {logging_mixin.py:188} INFO - [2025-07-24T20:54:59.875+0000] {dag.py:3954} INFO - Setting next_dagrun for example_task_group to 2025-07-23 00:00:00+00:00, run_after=2025-07-24 00:00:00+00:00
[2025-07-24T20:54:59.884+0000] {processor.py:183} INFO - Processing /home/airflow/.local/lib/python3.12/site-packages/airflow/example_dags/example_task_group.py took 0.040 seconds
[2025-07-24T20:55:30.619+0000] {processor.py:161} INFO - Started process (PID=1458) to work on /home/airflow/.local/lib/python3.12/site-packages/airflow/example_dags/example_task_group.py
[2025-07-24T20:55:30.620+0000] {processor.py:830} INFO - Processing file /home/airflow/.local/lib/python3.12/site-packages/airflow/example_dags/example_task_group.py for tasks to queue
[2025-07-24T20:55:30.621+0000] {logging_mixin.py:188} INFO - [2025-07-24T20:55:30.621+0000] {dagbag.py:545} INFO - Filling up the DagBag from /home/airflow/.local/lib/python3.12/site-packages/airflow/example_dags/example_task_group.py
[2025-07-24T20:55:30.625+0000] {processor.py:840} INFO - DAG(s) 'example_task_group' retrieved from /home/airflow/.local/lib/python3.12/site-packages/airflow/example_dags/example_task_group.py
[2025-07-24T20:55:30.636+0000] {logging_mixin.py:188} INFO - [2025-07-24T20:55:30.636+0000] {dag.py:3096} INFO - Sync 1 DAGs
[2025-07-24T20:55:30.647+0000] {logging_mixin.py:188} INFO - [2025-07-24T20:55:30.647+0000] {dag.py:3954} INFO - Setting next_dagrun for example_task_group to 2025-07-23 00:00:00+00:00, run_after=2025-07-24 00:00:00+00:00
[2025-07-24T20:55:30.657+0000] {processor.py:183} INFO - Processing /home/airflow/.local/lib/python3.12/site-packages/airflow/example_dags/example_task_group.py took 0.040 seconds
