[2025-07-24T20:31:48.574+0000] {processor.py:161} INFO - Started process (PID=68) to work on /home/airflow/.local/lib/python3.12/site-packages/airflow/example_dags/example_display_name.py
[2025-07-24T20:31:48.575+0000] {processor.py:830} INFO - Processing file /home/airflow/.local/lib/python3.12/site-packages/airflow/example_dags/example_display_name.py for tasks to queue
[2025-07-24T20:31:48.576+0000] {logging_mixin.py:188} INFO - [2025-07-24T20:31:48.576+0000] {dagbag.py:545} INFO - Filling up the DagBag from /home/airflow/.local/lib/python3.12/site-packages/airflow/example_dags/example_display_name.py
[2025-07-24T20:31:48.580+0000] {processor.py:840} INFO - DAG(s) 'example_display_name' retrieved from /home/airflow/.local/lib/python3.12/site-packages/airflow/example_dags/example_display_name.py
[2025-07-24T20:31:48.589+0000] {logging_mixin.py:188} INFO - [2025-07-24T20:31:48.589+0000] {dag.py:3096} INFO - Sync 1 DAGs
[2025-07-24T20:31:48.596+0000] {logging_mixin.py:188} INFO - [2025-07-24T20:31:48.596+0000] {dag.py:3954} INFO - Setting next_dagrun for example_display_name to None, run_after=None
[2025-07-24T20:31:48.607+0000] {processor.py:183} INFO - Processing /home/airflow/.local/lib/python3.12/site-packages/airflow/example_dags/example_display_name.py took 0.037 seconds
[2025-07-24T20:32:19.946+0000] {processor.py:161} INFO - Started process (PID=126) to work on /home/airflow/.local/lib/python3.12/site-packages/airflow/example_dags/example_display_name.py
[2025-07-24T20:32:19.946+0000] {processor.py:830} INFO - Processing file /home/airflow/.local/lib/python3.12/site-packages/airflow/example_dags/example_display_name.py for tasks to queue
[2025-07-24T20:32:19.947+0000] {logging_mixin.py:188} INFO - [2025-07-24T20:32:19.947+0000] {dagbag.py:545} INFO - Filling up the DagBag from /home/airflow/.local/lib/python3.12/site-packages/airflow/example_dags/example_display_name.py
[2025-07-24T20:32:19.950+0000] {processor.py:840} INFO - DAG(s) 'example_display_name' retrieved from /home/airflow/.local/lib/python3.12/site-packages/airflow/example_dags/example_display_name.py
[2025-07-24T20:32:20.007+0000] {logging_mixin.py:188} INFO - [2025-07-24T20:32:20.007+0000] {dag.py:3096} INFO - Sync 1 DAGs
[2025-07-24T20:32:20.012+0000] {logging_mixin.py:188} INFO - [2025-07-24T20:32:20.012+0000] {dag.py:3954} INFO - Setting next_dagrun for example_display_name to None, run_after=None
[2025-07-24T20:32:20.021+0000] {processor.py:183} INFO - Processing /home/airflow/.local/lib/python3.12/site-packages/airflow/example_dags/example_display_name.py took 0.079 seconds
[2025-07-24T20:32:50.676+0000] {processor.py:161} INFO - Started process (PID=184) to work on /home/airflow/.local/lib/python3.12/site-packages/airflow/example_dags/example_display_name.py
[2025-07-24T20:32:50.677+0000] {processor.py:830} INFO - Processing file /home/airflow/.local/lib/python3.12/site-packages/airflow/example_dags/example_display_name.py for tasks to queue
[2025-07-24T20:32:50.678+0000] {logging_mixin.py:188} INFO - [2025-07-24T20:32:50.678+0000] {dagbag.py:545} INFO - Filling up the DagBag from /home/airflow/.local/lib/python3.12/site-packages/airflow/example_dags/example_display_name.py
[2025-07-24T20:32:50.682+0000] {processor.py:840} INFO - DAG(s) 'example_display_name' retrieved from /home/airflow/.local/lib/python3.12/site-packages/airflow/example_dags/example_display_name.py
[2025-07-24T20:32:50.693+0000] {logging_mixin.py:188} INFO - [2025-07-24T20:32:50.693+0000] {dag.py:3096} INFO - Sync 1 DAGs
[2025-07-24T20:32:50.700+0000] {logging_mixin.py:188} INFO - [2025-07-24T20:32:50.700+0000] {dag.py:3954} INFO - Setting next_dagrun for example_display_name to None, run_after=None
[2025-07-24T20:32:50.710+0000] {processor.py:183} INFO - Processing /home/airflow/.local/lib/python3.12/site-packages/airflow/example_dags/example_display_name.py took 0.037 seconds
[2025-07-24T20:33:21.435+0000] {processor.py:161} INFO - Started process (PID=242) to work on /home/airflow/.local/lib/python3.12/site-packages/airflow/example_dags/example_display_name.py
[2025-07-24T20:33:21.436+0000] {processor.py:830} INFO - Processing file /home/airflow/.local/lib/python3.12/site-packages/airflow/example_dags/example_display_name.py for tasks to queue
[2025-07-24T20:33:21.437+0000] {logging_mixin.py:188} INFO - [2025-07-24T20:33:21.437+0000] {dagbag.py:545} INFO - Filling up the DagBag from /home/airflow/.local/lib/python3.12/site-packages/airflow/example_dags/example_display_name.py
[2025-07-24T20:33:21.441+0000] {processor.py:840} INFO - DAG(s) 'example_display_name' retrieved from /home/airflow/.local/lib/python3.12/site-packages/airflow/example_dags/example_display_name.py
[2025-07-24T20:33:21.453+0000] {logging_mixin.py:188} INFO - [2025-07-24T20:33:21.452+0000] {dag.py:3096} INFO - Sync 1 DAGs
[2025-07-24T20:33:21.460+0000] {logging_mixin.py:188} INFO - [2025-07-24T20:33:21.460+0000] {dag.py:3954} INFO - Setting next_dagrun for example_display_name to None, run_after=None
[2025-07-24T20:33:21.487+0000] {processor.py:183} INFO - Processing /home/airflow/.local/lib/python3.12/site-packages/airflow/example_dags/example_display_name.py took 0.055 seconds
[2025-07-24T20:33:52.180+0000] {processor.py:161} INFO - Started process (PID=300) to work on /home/airflow/.local/lib/python3.12/site-packages/airflow/example_dags/example_display_name.py
[2025-07-24T20:33:52.180+0000] {processor.py:830} INFO - Processing file /home/airflow/.local/lib/python3.12/site-packages/airflow/example_dags/example_display_name.py for tasks to queue
[2025-07-24T20:33:52.181+0000] {logging_mixin.py:188} INFO - [2025-07-24T20:33:52.181+0000] {dagbag.py:545} INFO - Filling up the DagBag from /home/airflow/.local/lib/python3.12/site-packages/airflow/example_dags/example_display_name.py
[2025-07-24T20:33:52.185+0000] {processor.py:840} INFO - DAG(s) 'example_display_name' retrieved from /home/airflow/.local/lib/python3.12/site-packages/airflow/example_dags/example_display_name.py
[2025-07-24T20:33:52.197+0000] {logging_mixin.py:188} INFO - [2025-07-24T20:33:52.197+0000] {dag.py:3096} INFO - Sync 1 DAGs
[2025-07-24T20:33:52.205+0000] {logging_mixin.py:188} INFO - [2025-07-24T20:33:52.205+0000] {dag.py:3954} INFO - Setting next_dagrun for example_display_name to None, run_after=None
[2025-07-24T20:33:52.214+0000] {processor.py:183} INFO - Processing /home/airflow/.local/lib/python3.12/site-packages/airflow/example_dags/example_display_name.py took 0.038 seconds
[2025-07-24T20:34:22.900+0000] {processor.py:161} INFO - Started process (PID=358) to work on /home/airflow/.local/lib/python3.12/site-packages/airflow/example_dags/example_display_name.py
[2025-07-24T20:34:22.901+0000] {processor.py:830} INFO - Processing file /home/airflow/.local/lib/python3.12/site-packages/airflow/example_dags/example_display_name.py for tasks to queue
[2025-07-24T20:34:22.902+0000] {logging_mixin.py:188} INFO - [2025-07-24T20:34:22.902+0000] {dagbag.py:545} INFO - Filling up the DagBag from /home/airflow/.local/lib/python3.12/site-packages/airflow/example_dags/example_display_name.py
[2025-07-24T20:34:22.905+0000] {processor.py:840} INFO - DAG(s) 'example_display_name' retrieved from /home/airflow/.local/lib/python3.12/site-packages/airflow/example_dags/example_display_name.py
[2025-07-24T20:34:22.916+0000] {logging_mixin.py:188} INFO - [2025-07-24T20:34:22.916+0000] {dag.py:3096} INFO - Sync 1 DAGs
[2025-07-24T20:34:22.924+0000] {logging_mixin.py:188} INFO - [2025-07-24T20:34:22.923+0000] {dag.py:3954} INFO - Setting next_dagrun for example_display_name to None, run_after=None
[2025-07-24T20:34:22.933+0000] {processor.py:183} INFO - Processing /home/airflow/.local/lib/python3.12/site-packages/airflow/example_dags/example_display_name.py took 0.038 seconds
[2025-07-24T20:34:53.739+0000] {processor.py:161} INFO - Started process (PID=416) to work on /home/airflow/.local/lib/python3.12/site-packages/airflow/example_dags/example_display_name.py
[2025-07-24T20:34:53.739+0000] {processor.py:830} INFO - Processing file /home/airflow/.local/lib/python3.12/site-packages/airflow/example_dags/example_display_name.py for tasks to queue
[2025-07-24T20:34:53.741+0000] {logging_mixin.py:188} INFO - [2025-07-24T20:34:53.740+0000] {dagbag.py:545} INFO - Filling up the DagBag from /home/airflow/.local/lib/python3.12/site-packages/airflow/example_dags/example_display_name.py
[2025-07-24T20:34:53.744+0000] {processor.py:840} INFO - DAG(s) 'example_display_name' retrieved from /home/airflow/.local/lib/python3.12/site-packages/airflow/example_dags/example_display_name.py
[2025-07-24T20:34:53.757+0000] {logging_mixin.py:188} INFO - [2025-07-24T20:34:53.756+0000] {dag.py:3096} INFO - Sync 1 DAGs
[2025-07-24T20:34:53.764+0000] {logging_mixin.py:188} INFO - [2025-07-24T20:34:53.764+0000] {dag.py:3954} INFO - Setting next_dagrun for example_display_name to None, run_after=None
[2025-07-24T20:34:53.774+0000] {processor.py:183} INFO - Processing /home/airflow/.local/lib/python3.12/site-packages/airflow/example_dags/example_display_name.py took 0.040 seconds
[2025-07-24T20:35:24.472+0000] {processor.py:161} INFO - Started process (PID=474) to work on /home/airflow/.local/lib/python3.12/site-packages/airflow/example_dags/example_display_name.py
[2025-07-24T20:35:24.472+0000] {processor.py:830} INFO - Processing file /home/airflow/.local/lib/python3.12/site-packages/airflow/example_dags/example_display_name.py for tasks to queue
[2025-07-24T20:35:24.473+0000] {logging_mixin.py:188} INFO - [2025-07-24T20:35:24.473+0000] {dagbag.py:545} INFO - Filling up the DagBag from /home/airflow/.local/lib/python3.12/site-packages/airflow/example_dags/example_display_name.py
[2025-07-24T20:35:24.476+0000] {processor.py:840} INFO - DAG(s) 'example_display_name' retrieved from /home/airflow/.local/lib/python3.12/site-packages/airflow/example_dags/example_display_name.py
[2025-07-24T20:35:24.487+0000] {logging_mixin.py:188} INFO - [2025-07-24T20:35:24.487+0000] {dag.py:3096} INFO - Sync 1 DAGs
[2025-07-24T20:35:24.494+0000] {logging_mixin.py:188} INFO - [2025-07-24T20:35:24.494+0000] {dag.py:3954} INFO - Setting next_dagrun for example_display_name to None, run_after=None
[2025-07-24T20:35:24.504+0000] {processor.py:183} INFO - Processing /home/airflow/.local/lib/python3.12/site-packages/airflow/example_dags/example_display_name.py took 0.036 seconds
[2025-07-24T20:36:44.372+0000] {processor.py:161} INFO - Started process (PID=61) to work on /home/airflow/.local/lib/python3.12/site-packages/airflow/example_dags/example_display_name.py
[2025-07-24T20:36:44.373+0000] {processor.py:830} INFO - Processing file /home/airflow/.local/lib/python3.12/site-packages/airflow/example_dags/example_display_name.py for tasks to queue
[2025-07-24T20:36:44.374+0000] {logging_mixin.py:188} INFO - [2025-07-24T20:36:44.374+0000] {dagbag.py:545} INFO - Filling up the DagBag from /home/airflow/.local/lib/python3.12/site-packages/airflow/example_dags/example_display_name.py
[2025-07-24T20:36:44.378+0000] {processor.py:840} INFO - DAG(s) 'example_display_name' retrieved from /home/airflow/.local/lib/python3.12/site-packages/airflow/example_dags/example_display_name.py
[2025-07-24T20:36:44.384+0000] {logging_mixin.py:188} INFO - [2025-07-24T20:36:44.384+0000] {dag.py:3096} INFO - Sync 1 DAGs
[2025-07-24T20:36:44.391+0000] {logging_mixin.py:188} INFO - [2025-07-24T20:36:44.391+0000] {dag.py:3954} INFO - Setting next_dagrun for example_display_name to None, run_after=None
[2025-07-24T20:36:44.401+0000] {processor.py:183} INFO - Processing /home/airflow/.local/lib/python3.12/site-packages/airflow/example_dags/example_display_name.py took 0.032 seconds
[2025-07-24T20:37:14.985+0000] {processor.py:161} INFO - Started process (PID=119) to work on /home/airflow/.local/lib/python3.12/site-packages/airflow/example_dags/example_display_name.py
[2025-07-24T20:37:14.985+0000] {processor.py:830} INFO - Processing file /home/airflow/.local/lib/python3.12/site-packages/airflow/example_dags/example_display_name.py for tasks to queue
[2025-07-24T20:37:14.986+0000] {logging_mixin.py:188} INFO - [2025-07-24T20:37:14.986+0000] {dagbag.py:545} INFO - Filling up the DagBag from /home/airflow/.local/lib/python3.12/site-packages/airflow/example_dags/example_display_name.py
[2025-07-24T20:37:14.990+0000] {processor.py:840} INFO - DAG(s) 'example_display_name' retrieved from /home/airflow/.local/lib/python3.12/site-packages/airflow/example_dags/example_display_name.py
[2025-07-24T20:37:14.996+0000] {logging_mixin.py:188} INFO - [2025-07-24T20:37:14.996+0000] {dag.py:3096} INFO - Sync 1 DAGs
[2025-07-24T20:37:15.003+0000] {logging_mixin.py:188} INFO - [2025-07-24T20:37:15.003+0000] {dag.py:3954} INFO - Setting next_dagrun for example_display_name to None, run_after=None
[2025-07-24T20:37:15.012+0000] {processor.py:183} INFO - Processing /home/airflow/.local/lib/python3.12/site-packages/airflow/example_dags/example_display_name.py took 0.031 seconds
[2025-07-24T20:37:46.109+0000] {processor.py:161} INFO - Started process (PID=177) to work on /home/airflow/.local/lib/python3.12/site-packages/airflow/example_dags/example_display_name.py
[2025-07-24T20:37:46.110+0000] {processor.py:830} INFO - Processing file /home/airflow/.local/lib/python3.12/site-packages/airflow/example_dags/example_display_name.py for tasks to queue
[2025-07-24T20:37:46.111+0000] {logging_mixin.py:188} INFO - [2025-07-24T20:37:46.110+0000] {dagbag.py:545} INFO - Filling up the DagBag from /home/airflow/.local/lib/python3.12/site-packages/airflow/example_dags/example_display_name.py
[2025-07-24T20:37:46.114+0000] {processor.py:840} INFO - DAG(s) 'example_display_name' retrieved from /home/airflow/.local/lib/python3.12/site-packages/airflow/example_dags/example_display_name.py
[2025-07-24T20:37:46.171+0000] {logging_mixin.py:188} INFO - [2025-07-24T20:37:46.171+0000] {dag.py:3096} INFO - Sync 1 DAGs
[2025-07-24T20:37:46.177+0000] {logging_mixin.py:188} INFO - [2025-07-24T20:37:46.177+0000] {dag.py:3954} INFO - Setting next_dagrun for example_display_name to None, run_after=None
[2025-07-24T20:37:46.186+0000] {processor.py:183} INFO - Processing /home/airflow/.local/lib/python3.12/site-packages/airflow/example_dags/example_display_name.py took 0.081 seconds
[2025-07-24T20:38:16.460+0000] {processor.py:161} INFO - Started process (PID=235) to work on /home/airflow/.local/lib/python3.12/site-packages/airflow/example_dags/example_display_name.py
[2025-07-24T20:38:16.461+0000] {processor.py:830} INFO - Processing file /home/airflow/.local/lib/python3.12/site-packages/airflow/example_dags/example_display_name.py for tasks to queue
[2025-07-24T20:38:16.462+0000] {logging_mixin.py:188} INFO - [2025-07-24T20:38:16.462+0000] {dagbag.py:545} INFO - Filling up the DagBag from /home/airflow/.local/lib/python3.12/site-packages/airflow/example_dags/example_display_name.py
[2025-07-24T20:38:16.465+0000] {processor.py:840} INFO - DAG(s) 'example_display_name' retrieved from /home/airflow/.local/lib/python3.12/site-packages/airflow/example_dags/example_display_name.py
[2025-07-24T20:38:16.476+0000] {logging_mixin.py:188} INFO - [2025-07-24T20:38:16.476+0000] {dag.py:3096} INFO - Sync 1 DAGs
[2025-07-24T20:38:16.482+0000] {logging_mixin.py:188} INFO - [2025-07-24T20:38:16.482+0000] {dag.py:3954} INFO - Setting next_dagrun for example_display_name to None, run_after=None
[2025-07-24T20:38:16.491+0000] {processor.py:183} INFO - Processing /home/airflow/.local/lib/python3.12/site-packages/airflow/example_dags/example_display_name.py took 0.034 seconds
[2025-07-24T20:38:47.173+0000] {processor.py:161} INFO - Started process (PID=293) to work on /home/airflow/.local/lib/python3.12/site-packages/airflow/example_dags/example_display_name.py
[2025-07-24T20:38:47.174+0000] {processor.py:830} INFO - Processing file /home/airflow/.local/lib/python3.12/site-packages/airflow/example_dags/example_display_name.py for tasks to queue
[2025-07-24T20:38:47.175+0000] {logging_mixin.py:188} INFO - [2025-07-24T20:38:47.175+0000] {dagbag.py:545} INFO - Filling up the DagBag from /home/airflow/.local/lib/python3.12/site-packages/airflow/example_dags/example_display_name.py
[2025-07-24T20:38:47.178+0000] {processor.py:840} INFO - DAG(s) 'example_display_name' retrieved from /home/airflow/.local/lib/python3.12/site-packages/airflow/example_dags/example_display_name.py
[2025-07-24T20:38:47.187+0000] {logging_mixin.py:188} INFO - [2025-07-24T20:38:47.187+0000] {dag.py:3096} INFO - Sync 1 DAGs
[2025-07-24T20:38:47.193+0000] {logging_mixin.py:188} INFO - [2025-07-24T20:38:47.193+0000] {dag.py:3954} INFO - Setting next_dagrun for example_display_name to None, run_after=None
[2025-07-24T20:38:47.201+0000] {processor.py:183} INFO - Processing /home/airflow/.local/lib/python3.12/site-packages/airflow/example_dags/example_display_name.py took 0.031 seconds
[2025-07-24T20:39:17.963+0000] {processor.py:161} INFO - Started process (PID=357) to work on /home/airflow/.local/lib/python3.12/site-packages/airflow/example_dags/example_display_name.py
[2025-07-24T20:39:17.963+0000] {processor.py:830} INFO - Processing file /home/airflow/.local/lib/python3.12/site-packages/airflow/example_dags/example_display_name.py for tasks to queue
[2025-07-24T20:39:17.964+0000] {logging_mixin.py:188} INFO - [2025-07-24T20:39:17.964+0000] {dagbag.py:545} INFO - Filling up the DagBag from /home/airflow/.local/lib/python3.12/site-packages/airflow/example_dags/example_display_name.py
[2025-07-24T20:39:17.968+0000] {processor.py:840} INFO - DAG(s) 'example_display_name' retrieved from /home/airflow/.local/lib/python3.12/site-packages/airflow/example_dags/example_display_name.py
[2025-07-24T20:39:17.979+0000] {logging_mixin.py:188} INFO - [2025-07-24T20:39:17.979+0000] {dag.py:3096} INFO - Sync 1 DAGs
[2025-07-24T20:39:17.985+0000] {logging_mixin.py:188} INFO - [2025-07-24T20:39:17.985+0000] {dag.py:3954} INFO - Setting next_dagrun for example_display_name to None, run_after=None
[2025-07-24T20:39:17.994+0000] {processor.py:183} INFO - Processing /home/airflow/.local/lib/python3.12/site-packages/airflow/example_dags/example_display_name.py took 0.035 seconds
[2025-07-24T20:39:48.706+0000] {processor.py:161} INFO - Started process (PID=415) to work on /home/airflow/.local/lib/python3.12/site-packages/airflow/example_dags/example_display_name.py
[2025-07-24T20:39:48.706+0000] {processor.py:830} INFO - Processing file /home/airflow/.local/lib/python3.12/site-packages/airflow/example_dags/example_display_name.py for tasks to queue
[2025-07-24T20:39:48.707+0000] {logging_mixin.py:188} INFO - [2025-07-24T20:39:48.707+0000] {dagbag.py:545} INFO - Filling up the DagBag from /home/airflow/.local/lib/python3.12/site-packages/airflow/example_dags/example_display_name.py
[2025-07-24T20:39:48.710+0000] {processor.py:840} INFO - DAG(s) 'example_display_name' retrieved from /home/airflow/.local/lib/python3.12/site-packages/airflow/example_dags/example_display_name.py
[2025-07-24T20:39:48.720+0000] {logging_mixin.py:188} INFO - [2025-07-24T20:39:48.720+0000] {dag.py:3096} INFO - Sync 1 DAGs
[2025-07-24T20:39:48.726+0000] {logging_mixin.py:188} INFO - [2025-07-24T20:39:48.726+0000] {dag.py:3954} INFO - Setting next_dagrun for example_display_name to None, run_after=None
[2025-07-24T20:39:48.735+0000] {processor.py:183} INFO - Processing /home/airflow/.local/lib/python3.12/site-packages/airflow/example_dags/example_display_name.py took 0.033 seconds
[2025-07-24T20:40:19.362+0000] {processor.py:161} INFO - Started process (PID=473) to work on /home/airflow/.local/lib/python3.12/site-packages/airflow/example_dags/example_display_name.py
[2025-07-24T20:40:19.362+0000] {processor.py:830} INFO - Processing file /home/airflow/.local/lib/python3.12/site-packages/airflow/example_dags/example_display_name.py for tasks to queue
[2025-07-24T20:40:19.363+0000] {logging_mixin.py:188} INFO - [2025-07-24T20:40:19.363+0000] {dagbag.py:545} INFO - Filling up the DagBag from /home/airflow/.local/lib/python3.12/site-packages/airflow/example_dags/example_display_name.py
[2025-07-24T20:40:19.366+0000] {processor.py:840} INFO - DAG(s) 'example_display_name' retrieved from /home/airflow/.local/lib/python3.12/site-packages/airflow/example_dags/example_display_name.py
[2025-07-24T20:40:19.377+0000] {logging_mixin.py:188} INFO - [2025-07-24T20:40:19.377+0000] {dag.py:3096} INFO - Sync 1 DAGs
[2025-07-24T20:40:19.383+0000] {logging_mixin.py:188} INFO - [2025-07-24T20:40:19.383+0000] {dag.py:3954} INFO - Setting next_dagrun for example_display_name to None, run_after=None
[2025-07-24T20:40:19.392+0000] {processor.py:183} INFO - Processing /home/airflow/.local/lib/python3.12/site-packages/airflow/example_dags/example_display_name.py took 0.034 seconds
[2025-07-24T20:40:50.324+0000] {processor.py:161} INFO - Started process (PID=531) to work on /home/airflow/.local/lib/python3.12/site-packages/airflow/example_dags/example_display_name.py
[2025-07-24T20:40:50.325+0000] {processor.py:830} INFO - Processing file /home/airflow/.local/lib/python3.12/site-packages/airflow/example_dags/example_display_name.py for tasks to queue
[2025-07-24T20:40:50.326+0000] {logging_mixin.py:188} INFO - [2025-07-24T20:40:50.325+0000] {dagbag.py:545} INFO - Filling up the DagBag from /home/airflow/.local/lib/python3.12/site-packages/airflow/example_dags/example_display_name.py
[2025-07-24T20:40:50.329+0000] {processor.py:840} INFO - DAG(s) 'example_display_name' retrieved from /home/airflow/.local/lib/python3.12/site-packages/airflow/example_dags/example_display_name.py
[2025-07-24T20:40:50.340+0000] {logging_mixin.py:188} INFO - [2025-07-24T20:40:50.340+0000] {dag.py:3096} INFO - Sync 1 DAGs
[2025-07-24T20:40:50.347+0000] {logging_mixin.py:188} INFO - [2025-07-24T20:40:50.347+0000] {dag.py:3954} INFO - Setting next_dagrun for example_display_name to None, run_after=None
[2025-07-24T20:40:50.356+0000] {processor.py:183} INFO - Processing /home/airflow/.local/lib/python3.12/site-packages/airflow/example_dags/example_display_name.py took 0.035 seconds
[2025-07-24T20:41:21.345+0000] {processor.py:161} INFO - Started process (PID=589) to work on /home/airflow/.local/lib/python3.12/site-packages/airflow/example_dags/example_display_name.py
[2025-07-24T20:41:21.346+0000] {processor.py:830} INFO - Processing file /home/airflow/.local/lib/python3.12/site-packages/airflow/example_dags/example_display_name.py for tasks to queue
[2025-07-24T20:41:21.347+0000] {logging_mixin.py:188} INFO - [2025-07-24T20:41:21.346+0000] {dagbag.py:545} INFO - Filling up the DagBag from /home/airflow/.local/lib/python3.12/site-packages/airflow/example_dags/example_display_name.py
[2025-07-24T20:41:21.350+0000] {processor.py:840} INFO - DAG(s) 'example_display_name' retrieved from /home/airflow/.local/lib/python3.12/site-packages/airflow/example_dags/example_display_name.py
[2025-07-24T20:41:21.360+0000] {logging_mixin.py:188} INFO - [2025-07-24T20:41:21.360+0000] {dag.py:3096} INFO - Sync 1 DAGs
[2025-07-24T20:41:21.366+0000] {logging_mixin.py:188} INFO - [2025-07-24T20:41:21.366+0000] {dag.py:3954} INFO - Setting next_dagrun for example_display_name to None, run_after=None
[2025-07-24T20:41:21.374+0000] {processor.py:183} INFO - Processing /home/airflow/.local/lib/python3.12/site-packages/airflow/example_dags/example_display_name.py took 0.032 seconds
[2025-07-24T20:41:52.082+0000] {processor.py:161} INFO - Started process (PID=647) to work on /home/airflow/.local/lib/python3.12/site-packages/airflow/example_dags/example_display_name.py
[2025-07-24T20:41:52.082+0000] {processor.py:830} INFO - Processing file /home/airflow/.local/lib/python3.12/site-packages/airflow/example_dags/example_display_name.py for tasks to queue
[2025-07-24T20:41:52.083+0000] {logging_mixin.py:188} INFO - [2025-07-24T20:41:52.083+0000] {dagbag.py:545} INFO - Filling up the DagBag from /home/airflow/.local/lib/python3.12/site-packages/airflow/example_dags/example_display_name.py
[2025-07-24T20:41:52.086+0000] {processor.py:840} INFO - DAG(s) 'example_display_name' retrieved from /home/airflow/.local/lib/python3.12/site-packages/airflow/example_dags/example_display_name.py
[2025-07-24T20:41:52.099+0000] {logging_mixin.py:188} INFO - [2025-07-24T20:41:52.099+0000] {dag.py:3096} INFO - Sync 1 DAGs
[2025-07-24T20:41:52.108+0000] {logging_mixin.py:188} INFO - [2025-07-24T20:41:52.108+0000] {dag.py:3954} INFO - Setting next_dagrun for example_display_name to None, run_after=None
[2025-07-24T20:41:52.119+0000] {processor.py:183} INFO - Processing /home/airflow/.local/lib/python3.12/site-packages/airflow/example_dags/example_display_name.py took 0.040 seconds
[2025-07-24T20:42:23.027+0000] {processor.py:161} INFO - Started process (PID=705) to work on /home/airflow/.local/lib/python3.12/site-packages/airflow/example_dags/example_display_name.py
[2025-07-24T20:42:23.028+0000] {processor.py:830} INFO - Processing file /home/airflow/.local/lib/python3.12/site-packages/airflow/example_dags/example_display_name.py for tasks to queue
[2025-07-24T20:42:23.028+0000] {logging_mixin.py:188} INFO - [2025-07-24T20:42:23.028+0000] {dagbag.py:545} INFO - Filling up the DagBag from /home/airflow/.local/lib/python3.12/site-packages/airflow/example_dags/example_display_name.py
[2025-07-24T20:42:23.031+0000] {processor.py:840} INFO - DAG(s) 'example_display_name' retrieved from /home/airflow/.local/lib/python3.12/site-packages/airflow/example_dags/example_display_name.py
[2025-07-24T20:42:23.041+0000] {logging_mixin.py:188} INFO - [2025-07-24T20:42:23.041+0000] {dag.py:3096} INFO - Sync 1 DAGs
[2025-07-24T20:42:23.048+0000] {logging_mixin.py:188} INFO - [2025-07-24T20:42:23.048+0000] {dag.py:3954} INFO - Setting next_dagrun for example_display_name to None, run_after=None
[2025-07-24T20:42:23.056+0000] {processor.py:183} INFO - Processing /home/airflow/.local/lib/python3.12/site-packages/airflow/example_dags/example_display_name.py took 0.033 seconds
[2025-07-24T20:43:16.934+0000] {processor.py:161} INFO - Started process (PID=61) to work on /home/airflow/.local/lib/python3.12/site-packages/airflow/example_dags/example_display_name.py
[2025-07-24T20:43:16.935+0000] {processor.py:830} INFO - Processing file /home/airflow/.local/lib/python3.12/site-packages/airflow/example_dags/example_display_name.py for tasks to queue
[2025-07-24T20:43:16.936+0000] {logging_mixin.py:188} INFO - [2025-07-24T20:43:16.936+0000] {dagbag.py:545} INFO - Filling up the DagBag from /home/airflow/.local/lib/python3.12/site-packages/airflow/example_dags/example_display_name.py
[2025-07-24T20:43:16.941+0000] {processor.py:840} INFO - DAG(s) 'example_display_name' retrieved from /home/airflow/.local/lib/python3.12/site-packages/airflow/example_dags/example_display_name.py
[2025-07-24T20:43:16.948+0000] {logging_mixin.py:188} INFO - [2025-07-24T20:43:16.948+0000] {dag.py:3096} INFO - Sync 1 DAGs
[2025-07-24T20:43:16.956+0000] {logging_mixin.py:188} INFO - [2025-07-24T20:43:16.956+0000] {dag.py:3954} INFO - Setting next_dagrun for example_display_name to None, run_after=None
[2025-07-24T20:43:16.966+0000] {processor.py:183} INFO - Processing /home/airflow/.local/lib/python3.12/site-packages/airflow/example_dags/example_display_name.py took 0.035 seconds
[2025-07-24T20:43:48.048+0000] {processor.py:161} INFO - Started process (PID=119) to work on /home/airflow/.local/lib/python3.12/site-packages/airflow/example_dags/example_display_name.py
[2025-07-24T20:43:48.049+0000] {processor.py:830} INFO - Processing file /home/airflow/.local/lib/python3.12/site-packages/airflow/example_dags/example_display_name.py for tasks to queue
[2025-07-24T20:43:48.050+0000] {logging_mixin.py:188} INFO - [2025-07-24T20:43:48.049+0000] {dagbag.py:545} INFO - Filling up the DagBag from /home/airflow/.local/lib/python3.12/site-packages/airflow/example_dags/example_display_name.py
[2025-07-24T20:43:48.053+0000] {processor.py:840} INFO - DAG(s) 'example_display_name' retrieved from /home/airflow/.local/lib/python3.12/site-packages/airflow/example_dags/example_display_name.py
[2025-07-24T20:43:48.109+0000] {logging_mixin.py:188} INFO - [2025-07-24T20:43:48.109+0000] {dag.py:3096} INFO - Sync 1 DAGs
[2025-07-24T20:43:48.114+0000] {logging_mixin.py:188} INFO - [2025-07-24T20:43:48.114+0000] {dag.py:3954} INFO - Setting next_dagrun for example_display_name to None, run_after=None
[2025-07-24T20:43:48.123+0000] {processor.py:183} INFO - Processing /home/airflow/.local/lib/python3.12/site-packages/airflow/example_dags/example_display_name.py took 0.078 seconds
[2025-07-24T20:44:18.747+0000] {processor.py:161} INFO - Started process (PID=177) to work on /home/airflow/.local/lib/python3.12/site-packages/airflow/example_dags/example_display_name.py
[2025-07-24T20:44:18.748+0000] {processor.py:830} INFO - Processing file /home/airflow/.local/lib/python3.12/site-packages/airflow/example_dags/example_display_name.py for tasks to queue
[2025-07-24T20:44:18.749+0000] {logging_mixin.py:188} INFO - [2025-07-24T20:44:18.749+0000] {dagbag.py:545} INFO - Filling up the DagBag from /home/airflow/.local/lib/python3.12/site-packages/airflow/example_dags/example_display_name.py
[2025-07-24T20:44:18.752+0000] {processor.py:840} INFO - DAG(s) 'example_display_name' retrieved from /home/airflow/.local/lib/python3.12/site-packages/airflow/example_dags/example_display_name.py
[2025-07-24T20:44:18.763+0000] {logging_mixin.py:188} INFO - [2025-07-24T20:44:18.763+0000] {dag.py:3096} INFO - Sync 1 DAGs
[2025-07-24T20:44:18.770+0000] {logging_mixin.py:188} INFO - [2025-07-24T20:44:18.770+0000] {dag.py:3954} INFO - Setting next_dagrun for example_display_name to None, run_after=None
[2025-07-24T20:44:18.781+0000] {processor.py:183} INFO - Processing /home/airflow/.local/lib/python3.12/site-packages/airflow/example_dags/example_display_name.py took 0.038 seconds
[2025-07-24T20:44:48.871+0000] {processor.py:161} INFO - Started process (PID=235) to work on /home/airflow/.local/lib/python3.12/site-packages/airflow/example_dags/example_display_name.py
[2025-07-24T20:44:48.871+0000] {processor.py:830} INFO - Processing file /home/airflow/.local/lib/python3.12/site-packages/airflow/example_dags/example_display_name.py for tasks to queue
[2025-07-24T20:44:48.872+0000] {logging_mixin.py:188} INFO - [2025-07-24T20:44:48.872+0000] {dagbag.py:545} INFO - Filling up the DagBag from /home/airflow/.local/lib/python3.12/site-packages/airflow/example_dags/example_display_name.py
[2025-07-24T20:44:48.875+0000] {processor.py:840} INFO - DAG(s) 'example_display_name' retrieved from /home/airflow/.local/lib/python3.12/site-packages/airflow/example_dags/example_display_name.py
[2025-07-24T20:44:48.885+0000] {logging_mixin.py:188} INFO - [2025-07-24T20:44:48.885+0000] {dag.py:3096} INFO - Sync 1 DAGs
[2025-07-24T20:44:48.891+0000] {logging_mixin.py:188} INFO - [2025-07-24T20:44:48.891+0000] {dag.py:3954} INFO - Setting next_dagrun for example_display_name to None, run_after=None
[2025-07-24T20:44:48.899+0000] {processor.py:183} INFO - Processing /home/airflow/.local/lib/python3.12/site-packages/airflow/example_dags/example_display_name.py took 0.031 seconds
[2025-07-24T20:45:18.953+0000] {processor.py:161} INFO - Started process (PID=293) to work on /home/airflow/.local/lib/python3.12/site-packages/airflow/example_dags/example_display_name.py
[2025-07-24T20:45:18.954+0000] {processor.py:830} INFO - Processing file /home/airflow/.local/lib/python3.12/site-packages/airflow/example_dags/example_display_name.py for tasks to queue
[2025-07-24T20:45:18.955+0000] {logging_mixin.py:188} INFO - [2025-07-24T20:45:18.955+0000] {dagbag.py:545} INFO - Filling up the DagBag from /home/airflow/.local/lib/python3.12/site-packages/airflow/example_dags/example_display_name.py
[2025-07-24T20:45:18.958+0000] {processor.py:840} INFO - DAG(s) 'example_display_name' retrieved from /home/airflow/.local/lib/python3.12/site-packages/airflow/example_dags/example_display_name.py
[2025-07-24T20:45:18.969+0000] {logging_mixin.py:188} INFO - [2025-07-24T20:45:18.969+0000] {dag.py:3096} INFO - Sync 1 DAGs
[2025-07-24T20:45:18.975+0000] {logging_mixin.py:188} INFO - [2025-07-24T20:45:18.975+0000] {dag.py:3954} INFO - Setting next_dagrun for example_display_name to None, run_after=None
[2025-07-24T20:45:18.983+0000] {processor.py:183} INFO - Processing /home/airflow/.local/lib/python3.12/site-packages/airflow/example_dags/example_display_name.py took 0.034 seconds
[2025-07-24T20:45:49.539+0000] {processor.py:161} INFO - Started process (PID=351) to work on /home/airflow/.local/lib/python3.12/site-packages/airflow/example_dags/example_display_name.py
[2025-07-24T20:45:49.539+0000] {processor.py:830} INFO - Processing file /home/airflow/.local/lib/python3.12/site-packages/airflow/example_dags/example_display_name.py for tasks to queue
[2025-07-24T20:45:49.540+0000] {logging_mixin.py:188} INFO - [2025-07-24T20:45:49.540+0000] {dagbag.py:545} INFO - Filling up the DagBag from /home/airflow/.local/lib/python3.12/site-packages/airflow/example_dags/example_display_name.py
[2025-07-24T20:45:49.543+0000] {processor.py:840} INFO - DAG(s) 'example_display_name' retrieved from /home/airflow/.local/lib/python3.12/site-packages/airflow/example_dags/example_display_name.py
[2025-07-24T20:45:49.554+0000] {logging_mixin.py:188} INFO - [2025-07-24T20:45:49.554+0000] {dag.py:3096} INFO - Sync 1 DAGs
[2025-07-24T20:45:49.561+0000] {logging_mixin.py:188} INFO - [2025-07-24T20:45:49.561+0000] {dag.py:3954} INFO - Setting next_dagrun for example_display_name to None, run_after=None
[2025-07-24T20:45:49.570+0000] {processor.py:183} INFO - Processing /home/airflow/.local/lib/python3.12/site-packages/airflow/example_dags/example_display_name.py took 0.036 seconds
[2025-07-24T20:46:20.207+0000] {processor.py:161} INFO - Started process (PID=415) to work on /home/airflow/.local/lib/python3.12/site-packages/airflow/example_dags/example_display_name.py
[2025-07-24T20:46:20.207+0000] {processor.py:830} INFO - Processing file /home/airflow/.local/lib/python3.12/site-packages/airflow/example_dags/example_display_name.py for tasks to queue
[2025-07-24T20:46:20.208+0000] {logging_mixin.py:188} INFO - [2025-07-24T20:46:20.208+0000] {dagbag.py:545} INFO - Filling up the DagBag from /home/airflow/.local/lib/python3.12/site-packages/airflow/example_dags/example_display_name.py
[2025-07-24T20:46:20.212+0000] {processor.py:840} INFO - DAG(s) 'example_display_name' retrieved from /home/airflow/.local/lib/python3.12/site-packages/airflow/example_dags/example_display_name.py
[2025-07-24T20:46:20.223+0000] {logging_mixin.py:188} INFO - [2025-07-24T20:46:20.223+0000] {dag.py:3096} INFO - Sync 1 DAGs
[2025-07-24T20:46:20.230+0000] {logging_mixin.py:188} INFO - [2025-07-24T20:46:20.230+0000] {dag.py:3954} INFO - Setting next_dagrun for example_display_name to None, run_after=None
[2025-07-24T20:46:20.239+0000] {processor.py:183} INFO - Processing /home/airflow/.local/lib/python3.12/site-packages/airflow/example_dags/example_display_name.py took 0.036 seconds
[2025-07-24T20:46:50.908+0000] {processor.py:161} INFO - Started process (PID=473) to work on /home/airflow/.local/lib/python3.12/site-packages/airflow/example_dags/example_display_name.py
[2025-07-24T20:46:50.909+0000] {processor.py:830} INFO - Processing file /home/airflow/.local/lib/python3.12/site-packages/airflow/example_dags/example_display_name.py for tasks to queue
[2025-07-24T20:46:50.910+0000] {logging_mixin.py:188} INFO - [2025-07-24T20:46:50.910+0000] {dagbag.py:545} INFO - Filling up the DagBag from /home/airflow/.local/lib/python3.12/site-packages/airflow/example_dags/example_display_name.py
[2025-07-24T20:46:50.913+0000] {processor.py:840} INFO - DAG(s) 'example_display_name' retrieved from /home/airflow/.local/lib/python3.12/site-packages/airflow/example_dags/example_display_name.py
[2025-07-24T20:46:50.924+0000] {logging_mixin.py:188} INFO - [2025-07-24T20:46:50.924+0000] {dag.py:3096} INFO - Sync 1 DAGs
[2025-07-24T20:46:50.933+0000] {logging_mixin.py:188} INFO - [2025-07-24T20:46:50.932+0000] {dag.py:3954} INFO - Setting next_dagrun for example_display_name to None, run_after=None
[2025-07-24T20:46:50.942+0000] {processor.py:183} INFO - Processing /home/airflow/.local/lib/python3.12/site-packages/airflow/example_dags/example_display_name.py took 0.037 seconds
[2025-07-24T20:47:21.554+0000] {processor.py:161} INFO - Started process (PID=531) to work on /home/airflow/.local/lib/python3.12/site-packages/airflow/example_dags/example_display_name.py
[2025-07-24T20:47:21.555+0000] {processor.py:830} INFO - Processing file /home/airflow/.local/lib/python3.12/site-packages/airflow/example_dags/example_display_name.py for tasks to queue
[2025-07-24T20:47:21.556+0000] {logging_mixin.py:188} INFO - [2025-07-24T20:47:21.556+0000] {dagbag.py:545} INFO - Filling up the DagBag from /home/airflow/.local/lib/python3.12/site-packages/airflow/example_dags/example_display_name.py
[2025-07-24T20:47:21.559+0000] {processor.py:840} INFO - DAG(s) 'example_display_name' retrieved from /home/airflow/.local/lib/python3.12/site-packages/airflow/example_dags/example_display_name.py
[2025-07-24T20:47:21.570+0000] {logging_mixin.py:188} INFO - [2025-07-24T20:47:21.569+0000] {dag.py:3096} INFO - Sync 1 DAGs
[2025-07-24T20:47:21.576+0000] {logging_mixin.py:188} INFO - [2025-07-24T20:47:21.576+0000] {dag.py:3954} INFO - Setting next_dagrun for example_display_name to None, run_after=None
[2025-07-24T20:47:21.585+0000] {processor.py:183} INFO - Processing /home/airflow/.local/lib/python3.12/site-packages/airflow/example_dags/example_display_name.py took 0.034 seconds
[2025-07-24T20:47:52.300+0000] {processor.py:161} INFO - Started process (PID=589) to work on /home/airflow/.local/lib/python3.12/site-packages/airflow/example_dags/example_display_name.py
[2025-07-24T20:47:52.300+0000] {processor.py:830} INFO - Processing file /home/airflow/.local/lib/python3.12/site-packages/airflow/example_dags/example_display_name.py for tasks to queue
[2025-07-24T20:47:52.301+0000] {logging_mixin.py:188} INFO - [2025-07-24T20:47:52.301+0000] {dagbag.py:545} INFO - Filling up the DagBag from /home/airflow/.local/lib/python3.12/site-packages/airflow/example_dags/example_display_name.py
[2025-07-24T20:47:52.304+0000] {processor.py:840} INFO - DAG(s) 'example_display_name' retrieved from /home/airflow/.local/lib/python3.12/site-packages/airflow/example_dags/example_display_name.py
[2025-07-24T20:47:52.314+0000] {logging_mixin.py:188} INFO - [2025-07-24T20:47:52.314+0000] {dag.py:3096} INFO - Sync 1 DAGs
[2025-07-24T20:47:52.320+0000] {logging_mixin.py:188} INFO - [2025-07-24T20:47:52.320+0000] {dag.py:3954} INFO - Setting next_dagrun for example_display_name to None, run_after=None
[2025-07-24T20:47:52.329+0000] {processor.py:183} INFO - Processing /home/airflow/.local/lib/python3.12/site-packages/airflow/example_dags/example_display_name.py took 0.032 seconds
[2025-07-24T20:48:22.926+0000] {processor.py:161} INFO - Started process (PID=647) to work on /home/airflow/.local/lib/python3.12/site-packages/airflow/example_dags/example_display_name.py
[2025-07-24T20:48:22.926+0000] {processor.py:830} INFO - Processing file /home/airflow/.local/lib/python3.12/site-packages/airflow/example_dags/example_display_name.py for tasks to queue
[2025-07-24T20:48:22.927+0000] {logging_mixin.py:188} INFO - [2025-07-24T20:48:22.927+0000] {dagbag.py:545} INFO - Filling up the DagBag from /home/airflow/.local/lib/python3.12/site-packages/airflow/example_dags/example_display_name.py
[2025-07-24T20:48:22.931+0000] {processor.py:840} INFO - DAG(s) 'example_display_name' retrieved from /home/airflow/.local/lib/python3.12/site-packages/airflow/example_dags/example_display_name.py
[2025-07-24T20:48:22.942+0000] {logging_mixin.py:188} INFO - [2025-07-24T20:48:22.942+0000] {dag.py:3096} INFO - Sync 1 DAGs
[2025-07-24T20:48:22.950+0000] {logging_mixin.py:188} INFO - [2025-07-24T20:48:22.950+0000] {dag.py:3954} INFO - Setting next_dagrun for example_display_name to None, run_after=None
[2025-07-24T20:48:22.960+0000] {processor.py:183} INFO - Processing /home/airflow/.local/lib/python3.12/site-packages/airflow/example_dags/example_display_name.py took 0.038 seconds
[2025-07-24T20:48:53.570+0000] {processor.py:161} INFO - Started process (PID=705) to work on /home/airflow/.local/lib/python3.12/site-packages/airflow/example_dags/example_display_name.py
[2025-07-24T20:48:53.570+0000] {processor.py:830} INFO - Processing file /home/airflow/.local/lib/python3.12/site-packages/airflow/example_dags/example_display_name.py for tasks to queue
[2025-07-24T20:48:53.571+0000] {logging_mixin.py:188} INFO - [2025-07-24T20:48:53.571+0000] {dagbag.py:545} INFO - Filling up the DagBag from /home/airflow/.local/lib/python3.12/site-packages/airflow/example_dags/example_display_name.py
[2025-07-24T20:48:53.575+0000] {processor.py:840} INFO - DAG(s) 'example_display_name' retrieved from /home/airflow/.local/lib/python3.12/site-packages/airflow/example_dags/example_display_name.py
[2025-07-24T20:48:53.585+0000] {logging_mixin.py:188} INFO - [2025-07-24T20:48:53.585+0000] {dag.py:3096} INFO - Sync 1 DAGs
[2025-07-24T20:48:53.591+0000] {logging_mixin.py:188} INFO - [2025-07-24T20:48:53.591+0000] {dag.py:3954} INFO - Setting next_dagrun for example_display_name to None, run_after=None
[2025-07-24T20:48:53.600+0000] {processor.py:183} INFO - Processing /home/airflow/.local/lib/python3.12/site-packages/airflow/example_dags/example_display_name.py took 0.033 seconds
[2025-07-24T20:49:24.183+0000] {processor.py:161} INFO - Started process (PID=763) to work on /home/airflow/.local/lib/python3.12/site-packages/airflow/example_dags/example_display_name.py
[2025-07-24T20:49:24.183+0000] {processor.py:830} INFO - Processing file /home/airflow/.local/lib/python3.12/site-packages/airflow/example_dags/example_display_name.py for tasks to queue
[2025-07-24T20:49:24.184+0000] {logging_mixin.py:188} INFO - [2025-07-24T20:49:24.184+0000] {dagbag.py:545} INFO - Filling up the DagBag from /home/airflow/.local/lib/python3.12/site-packages/airflow/example_dags/example_display_name.py
[2025-07-24T20:49:24.187+0000] {processor.py:840} INFO - DAG(s) 'example_display_name' retrieved from /home/airflow/.local/lib/python3.12/site-packages/airflow/example_dags/example_display_name.py
[2025-07-24T20:49:24.198+0000] {logging_mixin.py:188} INFO - [2025-07-24T20:49:24.198+0000] {dag.py:3096} INFO - Sync 1 DAGs
[2025-07-24T20:49:24.204+0000] {logging_mixin.py:188} INFO - [2025-07-24T20:49:24.204+0000] {dag.py:3954} INFO - Setting next_dagrun for example_display_name to None, run_after=None
[2025-07-24T20:49:24.212+0000] {processor.py:183} INFO - Processing /home/airflow/.local/lib/python3.12/site-packages/airflow/example_dags/example_display_name.py took 0.033 seconds
[2025-07-24T20:49:54.798+0000] {processor.py:161} INFO - Started process (PID=821) to work on /home/airflow/.local/lib/python3.12/site-packages/airflow/example_dags/example_display_name.py
[2025-07-24T20:49:54.798+0000] {processor.py:830} INFO - Processing file /home/airflow/.local/lib/python3.12/site-packages/airflow/example_dags/example_display_name.py for tasks to queue
[2025-07-24T20:49:54.799+0000] {logging_mixin.py:188} INFO - [2025-07-24T20:49:54.799+0000] {dagbag.py:545} INFO - Filling up the DagBag from /home/airflow/.local/lib/python3.12/site-packages/airflow/example_dags/example_display_name.py
[2025-07-24T20:49:54.803+0000] {processor.py:840} INFO - DAG(s) 'example_display_name' retrieved from /home/airflow/.local/lib/python3.12/site-packages/airflow/example_dags/example_display_name.py
[2025-07-24T20:49:54.813+0000] {logging_mixin.py:188} INFO - [2025-07-24T20:49:54.813+0000] {dag.py:3096} INFO - Sync 1 DAGs
[2025-07-24T20:49:54.820+0000] {logging_mixin.py:188} INFO - [2025-07-24T20:49:54.820+0000] {dag.py:3954} INFO - Setting next_dagrun for example_display_name to None, run_after=None
[2025-07-24T20:49:54.830+0000] {processor.py:183} INFO - Processing /home/airflow/.local/lib/python3.12/site-packages/airflow/example_dags/example_display_name.py took 0.036 seconds
[2025-07-24T20:50:25.546+0000] {processor.py:161} INFO - Started process (PID=879) to work on /home/airflow/.local/lib/python3.12/site-packages/airflow/example_dags/example_display_name.py
[2025-07-24T20:50:25.547+0000] {processor.py:830} INFO - Processing file /home/airflow/.local/lib/python3.12/site-packages/airflow/example_dags/example_display_name.py for tasks to queue
[2025-07-24T20:50:25.548+0000] {logging_mixin.py:188} INFO - [2025-07-24T20:50:25.547+0000] {dagbag.py:545} INFO - Filling up the DagBag from /home/airflow/.local/lib/python3.12/site-packages/airflow/example_dags/example_display_name.py
[2025-07-24T20:50:25.551+0000] {processor.py:840} INFO - DAG(s) 'example_display_name' retrieved from /home/airflow/.local/lib/python3.12/site-packages/airflow/example_dags/example_display_name.py
[2025-07-24T20:50:25.562+0000] {logging_mixin.py:188} INFO - [2025-07-24T20:50:25.562+0000] {dag.py:3096} INFO - Sync 1 DAGs
[2025-07-24T20:50:25.569+0000] {logging_mixin.py:188} INFO - [2025-07-24T20:50:25.569+0000] {dag.py:3954} INFO - Setting next_dagrun for example_display_name to None, run_after=None
[2025-07-24T20:50:25.578+0000] {processor.py:183} INFO - Processing /home/airflow/.local/lib/python3.12/site-packages/airflow/example_dags/example_display_name.py took 0.036 seconds
[2025-07-24T20:50:55.668+0000] {processor.py:161} INFO - Started process (PID=937) to work on /home/airflow/.local/lib/python3.12/site-packages/airflow/example_dags/example_display_name.py
[2025-07-24T20:50:55.668+0000] {processor.py:830} INFO - Processing file /home/airflow/.local/lib/python3.12/site-packages/airflow/example_dags/example_display_name.py for tasks to queue
[2025-07-24T20:50:55.669+0000] {logging_mixin.py:188} INFO - [2025-07-24T20:50:55.669+0000] {dagbag.py:545} INFO - Filling up the DagBag from /home/airflow/.local/lib/python3.12/site-packages/airflow/example_dags/example_display_name.py
[2025-07-24T20:50:55.673+0000] {processor.py:840} INFO - DAG(s) 'example_display_name' retrieved from /home/airflow/.local/lib/python3.12/site-packages/airflow/example_dags/example_display_name.py
[2025-07-24T20:50:55.684+0000] {logging_mixin.py:188} INFO - [2025-07-24T20:50:55.683+0000] {dag.py:3096} INFO - Sync 1 DAGs
[2025-07-24T20:50:55.692+0000] {logging_mixin.py:188} INFO - [2025-07-24T20:50:55.691+0000] {dag.py:3954} INFO - Setting next_dagrun for example_display_name to None, run_after=None
[2025-07-24T20:50:55.702+0000] {processor.py:183} INFO - Processing /home/airflow/.local/lib/python3.12/site-packages/airflow/example_dags/example_display_name.py took 0.038 seconds
[2025-07-24T20:51:26.424+0000] {processor.py:161} INFO - Started process (PID=995) to work on /home/airflow/.local/lib/python3.12/site-packages/airflow/example_dags/example_display_name.py
[2025-07-24T20:51:26.425+0000] {processor.py:830} INFO - Processing file /home/airflow/.local/lib/python3.12/site-packages/airflow/example_dags/example_display_name.py for tasks to queue
[2025-07-24T20:51:26.426+0000] {logging_mixin.py:188} INFO - [2025-07-24T20:51:26.426+0000] {dagbag.py:545} INFO - Filling up the DagBag from /home/airflow/.local/lib/python3.12/site-packages/airflow/example_dags/example_display_name.py
[2025-07-24T20:51:26.429+0000] {processor.py:840} INFO - DAG(s) 'example_display_name' retrieved from /home/airflow/.local/lib/python3.12/site-packages/airflow/example_dags/example_display_name.py
[2025-07-24T20:51:26.439+0000] {logging_mixin.py:188} INFO - [2025-07-24T20:51:26.439+0000] {dag.py:3096} INFO - Sync 1 DAGs
[2025-07-24T20:51:26.446+0000] {logging_mixin.py:188} INFO - [2025-07-24T20:51:26.446+0000] {dag.py:3954} INFO - Setting next_dagrun for example_display_name to None, run_after=None
[2025-07-24T20:51:26.456+0000] {processor.py:183} INFO - Processing /home/airflow/.local/lib/python3.12/site-packages/airflow/example_dags/example_display_name.py took 0.035 seconds
[2025-07-24T20:51:57.141+0000] {processor.py:161} INFO - Started process (PID=1053) to work on /home/airflow/.local/lib/python3.12/site-packages/airflow/example_dags/example_display_name.py
[2025-07-24T20:51:57.141+0000] {processor.py:830} INFO - Processing file /home/airflow/.local/lib/python3.12/site-packages/airflow/example_dags/example_display_name.py for tasks to queue
[2025-07-24T20:51:57.143+0000] {logging_mixin.py:188} INFO - [2025-07-24T20:51:57.142+0000] {dagbag.py:545} INFO - Filling up the DagBag from /home/airflow/.local/lib/python3.12/site-packages/airflow/example_dags/example_display_name.py
[2025-07-24T20:51:57.146+0000] {processor.py:840} INFO - DAG(s) 'example_display_name' retrieved from /home/airflow/.local/lib/python3.12/site-packages/airflow/example_dags/example_display_name.py
[2025-07-24T20:51:57.156+0000] {logging_mixin.py:188} INFO - [2025-07-24T20:51:57.156+0000] {dag.py:3096} INFO - Sync 1 DAGs
[2025-07-24T20:51:57.163+0000] {logging_mixin.py:188} INFO - [2025-07-24T20:51:57.163+0000] {dag.py:3954} INFO - Setting next_dagrun for example_display_name to None, run_after=None
[2025-07-24T20:51:57.193+0000] {processor.py:183} INFO - Processing /home/airflow/.local/lib/python3.12/site-packages/airflow/example_dags/example_display_name.py took 0.055 seconds
[2025-07-24T20:52:27.874+0000] {processor.py:161} INFO - Started process (PID=1111) to work on /home/airflow/.local/lib/python3.12/site-packages/airflow/example_dags/example_display_name.py
[2025-07-24T20:52:27.874+0000] {processor.py:830} INFO - Processing file /home/airflow/.local/lib/python3.12/site-packages/airflow/example_dags/example_display_name.py for tasks to queue
[2025-07-24T20:52:27.875+0000] {logging_mixin.py:188} INFO - [2025-07-24T20:52:27.875+0000] {dagbag.py:545} INFO - Filling up the DagBag from /home/airflow/.local/lib/python3.12/site-packages/airflow/example_dags/example_display_name.py
[2025-07-24T20:52:27.879+0000] {processor.py:840} INFO - DAG(s) 'example_display_name' retrieved from /home/airflow/.local/lib/python3.12/site-packages/airflow/example_dags/example_display_name.py
[2025-07-24T20:52:27.889+0000] {logging_mixin.py:188} INFO - [2025-07-24T20:52:27.889+0000] {dag.py:3096} INFO - Sync 1 DAGs
[2025-07-24T20:52:27.895+0000] {logging_mixin.py:188} INFO - [2025-07-24T20:52:27.895+0000] {dag.py:3954} INFO - Setting next_dagrun for example_display_name to None, run_after=None
[2025-07-24T20:52:27.905+0000] {processor.py:183} INFO - Processing /home/airflow/.local/lib/python3.12/site-packages/airflow/example_dags/example_display_name.py took 0.035 seconds
[2025-07-24T20:52:58.617+0000] {processor.py:161} INFO - Started process (PID=1169) to work on /home/airflow/.local/lib/python3.12/site-packages/airflow/example_dags/example_display_name.py
[2025-07-24T20:52:58.617+0000] {processor.py:830} INFO - Processing file /home/airflow/.local/lib/python3.12/site-packages/airflow/example_dags/example_display_name.py for tasks to queue
[2025-07-24T20:52:58.618+0000] {logging_mixin.py:188} INFO - [2025-07-24T20:52:58.618+0000] {dagbag.py:545} INFO - Filling up the DagBag from /home/airflow/.local/lib/python3.12/site-packages/airflow/example_dags/example_display_name.py
[2025-07-24T20:52:58.622+0000] {processor.py:840} INFO - DAG(s) 'example_display_name' retrieved from /home/airflow/.local/lib/python3.12/site-packages/airflow/example_dags/example_display_name.py
[2025-07-24T20:52:58.632+0000] {logging_mixin.py:188} INFO - [2025-07-24T20:52:58.632+0000] {dag.py:3096} INFO - Sync 1 DAGs
[2025-07-24T20:52:58.640+0000] {logging_mixin.py:188} INFO - [2025-07-24T20:52:58.640+0000] {dag.py:3954} INFO - Setting next_dagrun for example_display_name to None, run_after=None
[2025-07-24T20:52:58.649+0000] {processor.py:183} INFO - Processing /home/airflow/.local/lib/python3.12/site-packages/airflow/example_dags/example_display_name.py took 0.036 seconds
[2025-07-24T20:53:28.790+0000] {processor.py:161} INFO - Started process (PID=1227) to work on /home/airflow/.local/lib/python3.12/site-packages/airflow/example_dags/example_display_name.py
[2025-07-24T20:53:28.791+0000] {processor.py:830} INFO - Processing file /home/airflow/.local/lib/python3.12/site-packages/airflow/example_dags/example_display_name.py for tasks to queue
[2025-07-24T20:53:28.792+0000] {logging_mixin.py:188} INFO - [2025-07-24T20:53:28.792+0000] {dagbag.py:545} INFO - Filling up the DagBag from /home/airflow/.local/lib/python3.12/site-packages/airflow/example_dags/example_display_name.py
[2025-07-24T20:53:28.796+0000] {processor.py:840} INFO - DAG(s) 'example_display_name' retrieved from /home/airflow/.local/lib/python3.12/site-packages/airflow/example_dags/example_display_name.py
[2025-07-24T20:53:28.805+0000] {logging_mixin.py:188} INFO - [2025-07-24T20:53:28.805+0000] {dag.py:3096} INFO - Sync 1 DAGs
[2025-07-24T20:53:28.812+0000] {logging_mixin.py:188} INFO - [2025-07-24T20:53:28.812+0000] {dag.py:3954} INFO - Setting next_dagrun for example_display_name to None, run_after=None
[2025-07-24T20:53:28.821+0000] {processor.py:183} INFO - Processing /home/airflow/.local/lib/python3.12/site-packages/airflow/example_dags/example_display_name.py took 0.035 seconds
[2025-07-24T20:53:58.877+0000] {processor.py:161} INFO - Started process (PID=1285) to work on /home/airflow/.local/lib/python3.12/site-packages/airflow/example_dags/example_display_name.py
[2025-07-24T20:53:58.878+0000] {processor.py:830} INFO - Processing file /home/airflow/.local/lib/python3.12/site-packages/airflow/example_dags/example_display_name.py for tasks to queue
[2025-07-24T20:53:58.879+0000] {logging_mixin.py:188} INFO - [2025-07-24T20:53:58.879+0000] {dagbag.py:545} INFO - Filling up the DagBag from /home/airflow/.local/lib/python3.12/site-packages/airflow/example_dags/example_display_name.py
[2025-07-24T20:53:58.882+0000] {processor.py:840} INFO - DAG(s) 'example_display_name' retrieved from /home/airflow/.local/lib/python3.12/site-packages/airflow/example_dags/example_display_name.py
[2025-07-24T20:53:58.894+0000] {logging_mixin.py:188} INFO - [2025-07-24T20:53:58.894+0000] {dag.py:3096} INFO - Sync 1 DAGs
[2025-07-24T20:53:58.901+0000] {logging_mixin.py:188} INFO - [2025-07-24T20:53:58.901+0000] {dag.py:3954} INFO - Setting next_dagrun for example_display_name to None, run_after=None
[2025-07-24T20:53:58.911+0000] {processor.py:183} INFO - Processing /home/airflow/.local/lib/python3.12/site-packages/airflow/example_dags/example_display_name.py took 0.037 seconds
[2025-07-24T20:54:29.005+0000] {processor.py:161} INFO - Started process (PID=1343) to work on /home/airflow/.local/lib/python3.12/site-packages/airflow/example_dags/example_display_name.py
[2025-07-24T20:54:29.007+0000] {processor.py:830} INFO - Processing file /home/airflow/.local/lib/python3.12/site-packages/airflow/example_dags/example_display_name.py for tasks to queue
[2025-07-24T20:54:29.008+0000] {logging_mixin.py:188} INFO - [2025-07-24T20:54:29.008+0000] {dagbag.py:545} INFO - Filling up the DagBag from /home/airflow/.local/lib/python3.12/site-packages/airflow/example_dags/example_display_name.py
[2025-07-24T20:54:29.011+0000] {processor.py:840} INFO - DAG(s) 'example_display_name' retrieved from /home/airflow/.local/lib/python3.12/site-packages/airflow/example_dags/example_display_name.py
[2025-07-24T20:54:29.021+0000] {logging_mixin.py:188} INFO - [2025-07-24T20:54:29.021+0000] {dag.py:3096} INFO - Sync 1 DAGs
[2025-07-24T20:54:29.027+0000] {logging_mixin.py:188} INFO - [2025-07-24T20:54:29.027+0000] {dag.py:3954} INFO - Setting next_dagrun for example_display_name to None, run_after=None
[2025-07-24T20:54:29.036+0000] {processor.py:183} INFO - Processing /home/airflow/.local/lib/python3.12/site-packages/airflow/example_dags/example_display_name.py took 0.034 seconds
[2025-07-24T20:54:59.887+0000] {processor.py:161} INFO - Started process (PID=1401) to work on /home/airflow/.local/lib/python3.12/site-packages/airflow/example_dags/example_display_name.py
[2025-07-24T20:54:59.888+0000] {processor.py:830} INFO - Processing file /home/airflow/.local/lib/python3.12/site-packages/airflow/example_dags/example_display_name.py for tasks to queue
[2025-07-24T20:54:59.889+0000] {logging_mixin.py:188} INFO - [2025-07-24T20:54:59.889+0000] {dagbag.py:545} INFO - Filling up the DagBag from /home/airflow/.local/lib/python3.12/site-packages/airflow/example_dags/example_display_name.py
[2025-07-24T20:54:59.893+0000] {processor.py:840} INFO - DAG(s) 'example_display_name' retrieved from /home/airflow/.local/lib/python3.12/site-packages/airflow/example_dags/example_display_name.py
[2025-07-24T20:54:59.903+0000] {logging_mixin.py:188} INFO - [2025-07-24T20:54:59.903+0000] {dag.py:3096} INFO - Sync 1 DAGs
[2025-07-24T20:54:59.910+0000] {logging_mixin.py:188} INFO - [2025-07-24T20:54:59.910+0000] {dag.py:3954} INFO - Setting next_dagrun for example_display_name to None, run_after=None
[2025-07-24T20:54:59.919+0000] {processor.py:183} INFO - Processing /home/airflow/.local/lib/python3.12/site-packages/airflow/example_dags/example_display_name.py took 0.036 seconds
[2025-07-24T20:55:30.673+0000] {processor.py:161} INFO - Started process (PID=1459) to work on /home/airflow/.local/lib/python3.12/site-packages/airflow/example_dags/example_display_name.py
[2025-07-24T20:55:30.674+0000] {processor.py:830} INFO - Processing file /home/airflow/.local/lib/python3.12/site-packages/airflow/example_dags/example_display_name.py for tasks to queue
[2025-07-24T20:55:30.675+0000] {logging_mixin.py:188} INFO - [2025-07-24T20:55:30.674+0000] {dagbag.py:545} INFO - Filling up the DagBag from /home/airflow/.local/lib/python3.12/site-packages/airflow/example_dags/example_display_name.py
[2025-07-24T20:55:30.677+0000] {processor.py:840} INFO - DAG(s) 'example_display_name' retrieved from /home/airflow/.local/lib/python3.12/site-packages/airflow/example_dags/example_display_name.py
[2025-07-24T20:55:30.689+0000] {logging_mixin.py:188} INFO - [2025-07-24T20:55:30.688+0000] {dag.py:3096} INFO - Sync 1 DAGs
[2025-07-24T20:55:30.695+0000] {logging_mixin.py:188} INFO - [2025-07-24T20:55:30.695+0000] {dag.py:3954} INFO - Setting next_dagrun for example_display_name to None, run_after=None
[2025-07-24T20:55:30.703+0000] {processor.py:183} INFO - Processing /home/airflow/.local/lib/python3.12/site-packages/airflow/example_dags/example_display_name.py took 0.033 seconds
