[2025-07-24T20:31:48.057+0000] {processor.py:161} INFO - Started process (PID=52) to work on /home/airflow/.local/lib/python3.12/site-packages/airflow/example_dags/example_bash_operator.py
[2025-07-24T20:31:48.058+0000] {processor.py:830} INFO - Processing file /home/airflow/.local/lib/python3.12/site-packages/airflow/example_dags/example_bash_operator.py for tasks to queue
[2025-07-24T20:31:48.059+0000] {logging_mixin.py:188} INFO - [2025-07-24T20:31:48.058+0000] {dagbag.py:545} INFO - Filling up the DagBag from /home/airflow/.local/lib/python3.12/site-packages/airflow/example_dags/example_bash_operator.py
[2025-07-24T20:31:48.066+0000] {processor.py:840} INFO - DAG(s) 'example_bash_operator' retrieved from /home/airflow/.local/lib/python3.12/site-packages/airflow/example_dags/example_bash_operator.py
[2025-07-24T20:31:48.073+0000] {logging_mixin.py:188} INFO - [2025-07-24T20:31:48.073+0000] {dag.py:3096} INFO - Sync 1 DAGs
[2025-07-24T20:31:48.087+0000] {logging_mixin.py:188} INFO - [2025-07-24T20:31:48.087+0000] {dag.py:3954} INFO - Setting next_dagrun for example_bash_operator to 2025-07-23 00:00:00+00:00, run_after=2025-07-24 00:00:00+00:00
[2025-07-24T20:31:48.097+0000] {processor.py:183} INFO - Processing /home/airflow/.local/lib/python3.12/site-packages/airflow/example_dags/example_bash_operator.py took 0.043 seconds
[2025-07-24T20:32:19.075+0000] {processor.py:161} INFO - Started process (PID=110) to work on /home/airflow/.local/lib/python3.12/site-packages/airflow/example_dags/example_bash_operator.py
[2025-07-24T20:32:19.076+0000] {processor.py:830} INFO - Processing file /home/airflow/.local/lib/python3.12/site-packages/airflow/example_dags/example_bash_operator.py for tasks to queue
[2025-07-24T20:32:19.077+0000] {logging_mixin.py:188} INFO - [2025-07-24T20:32:19.077+0000] {dagbag.py:545} INFO - Filling up the DagBag from /home/airflow/.local/lib/python3.12/site-packages/airflow/example_dags/example_bash_operator.py
[2025-07-24T20:32:19.083+0000] {processor.py:840} INFO - DAG(s) 'example_bash_operator' retrieved from /home/airflow/.local/lib/python3.12/site-packages/airflow/example_dags/example_bash_operator.py
[2025-07-24T20:32:19.152+0000] {logging_mixin.py:188} INFO - [2025-07-24T20:32:19.151+0000] {dag.py:3096} INFO - Sync 1 DAGs
[2025-07-24T20:32:19.164+0000] {logging_mixin.py:188} INFO - [2025-07-24T20:32:19.163+0000] {dag.py:3954} INFO - Setting next_dagrun for example_bash_operator to 2025-07-23 00:00:00+00:00, run_after=2025-07-24 00:00:00+00:00
[2025-07-24T20:32:19.174+0000] {processor.py:183} INFO - Processing /home/airflow/.local/lib/python3.12/site-packages/airflow/example_dags/example_bash_operator.py took 0.103 seconds
[2025-07-24T20:32:50.180+0000] {processor.py:161} INFO - Started process (PID=168) to work on /home/airflow/.local/lib/python3.12/site-packages/airflow/example_dags/example_bash_operator.py
[2025-07-24T20:32:50.181+0000] {processor.py:830} INFO - Processing file /home/airflow/.local/lib/python3.12/site-packages/airflow/example_dags/example_bash_operator.py for tasks to queue
[2025-07-24T20:32:50.182+0000] {logging_mixin.py:188} INFO - [2025-07-24T20:32:50.182+0000] {dagbag.py:545} INFO - Filling up the DagBag from /home/airflow/.local/lib/python3.12/site-packages/airflow/example_dags/example_bash_operator.py
[2025-07-24T20:32:50.188+0000] {processor.py:840} INFO - DAG(s) 'example_bash_operator' retrieved from /home/airflow/.local/lib/python3.12/site-packages/airflow/example_dags/example_bash_operator.py
[2025-07-24T20:32:50.202+0000] {logging_mixin.py:188} INFO - [2025-07-24T20:32:50.202+0000] {dag.py:3096} INFO - Sync 1 DAGs
[2025-07-24T20:32:50.215+0000] {logging_mixin.py:188} INFO - [2025-07-24T20:32:50.215+0000] {dag.py:3954} INFO - Setting next_dagrun for example_bash_operator to 2025-07-23 00:00:00+00:00, run_after=2025-07-24 00:00:00+00:00
[2025-07-24T20:32:50.226+0000] {processor.py:183} INFO - Processing /home/airflow/.local/lib/python3.12/site-packages/airflow/example_dags/example_bash_operator.py took 0.050 seconds
[2025-07-24T20:33:20.870+0000] {processor.py:161} INFO - Started process (PID=226) to work on /home/airflow/.local/lib/python3.12/site-packages/airflow/example_dags/example_bash_operator.py
[2025-07-24T20:33:20.870+0000] {processor.py:830} INFO - Processing file /home/airflow/.local/lib/python3.12/site-packages/airflow/example_dags/example_bash_operator.py for tasks to queue
[2025-07-24T20:33:20.871+0000] {logging_mixin.py:188} INFO - [2025-07-24T20:33:20.871+0000] {dagbag.py:545} INFO - Filling up the DagBag from /home/airflow/.local/lib/python3.12/site-packages/airflow/example_dags/example_bash_operator.py
[2025-07-24T20:33:20.878+0000] {processor.py:840} INFO - DAG(s) 'example_bash_operator' retrieved from /home/airflow/.local/lib/python3.12/site-packages/airflow/example_dags/example_bash_operator.py
[2025-07-24T20:33:20.894+0000] {logging_mixin.py:188} INFO - [2025-07-24T20:33:20.894+0000] {dag.py:3096} INFO - Sync 1 DAGs
[2025-07-24T20:33:20.907+0000] {logging_mixin.py:188} INFO - [2025-07-24T20:33:20.907+0000] {dag.py:3954} INFO - Setting next_dagrun for example_bash_operator to 2025-07-23 00:00:00+00:00, run_after=2025-07-24 00:00:00+00:00
[2025-07-24T20:33:20.917+0000] {processor.py:183} INFO - Processing /home/airflow/.local/lib/python3.12/site-packages/airflow/example_dags/example_bash_operator.py took 0.051 seconds
[2025-07-24T20:33:51.630+0000] {processor.py:161} INFO - Started process (PID=284) to work on /home/airflow/.local/lib/python3.12/site-packages/airflow/example_dags/example_bash_operator.py
[2025-07-24T20:33:51.631+0000] {processor.py:830} INFO - Processing file /home/airflow/.local/lib/python3.12/site-packages/airflow/example_dags/example_bash_operator.py for tasks to queue
[2025-07-24T20:33:51.632+0000] {logging_mixin.py:188} INFO - [2025-07-24T20:33:51.632+0000] {dagbag.py:545} INFO - Filling up the DagBag from /home/airflow/.local/lib/python3.12/site-packages/airflow/example_dags/example_bash_operator.py
[2025-07-24T20:33:51.640+0000] {processor.py:840} INFO - DAG(s) 'example_bash_operator' retrieved from /home/airflow/.local/lib/python3.12/site-packages/airflow/example_dags/example_bash_operator.py
[2025-07-24T20:33:51.658+0000] {logging_mixin.py:188} INFO - [2025-07-24T20:33:51.657+0000] {dag.py:3096} INFO - Sync 1 DAGs
[2025-07-24T20:33:51.673+0000] {logging_mixin.py:188} INFO - [2025-07-24T20:33:51.673+0000] {dag.py:3954} INFO - Setting next_dagrun for example_bash_operator to 2025-07-23 00:00:00+00:00, run_after=2025-07-24 00:00:00+00:00
[2025-07-24T20:33:51.682+0000] {processor.py:183} INFO - Processing /home/airflow/.local/lib/python3.12/site-packages/airflow/example_dags/example_bash_operator.py took 0.056 seconds
[2025-07-24T20:34:22.375+0000] {processor.py:161} INFO - Started process (PID=342) to work on /home/airflow/.local/lib/python3.12/site-packages/airflow/example_dags/example_bash_operator.py
[2025-07-24T20:34:22.375+0000] {processor.py:830} INFO - Processing file /home/airflow/.local/lib/python3.12/site-packages/airflow/example_dags/example_bash_operator.py for tasks to queue
[2025-07-24T20:34:22.376+0000] {logging_mixin.py:188} INFO - [2025-07-24T20:34:22.376+0000] {dagbag.py:545} INFO - Filling up the DagBag from /home/airflow/.local/lib/python3.12/site-packages/airflow/example_dags/example_bash_operator.py
[2025-07-24T20:34:22.383+0000] {processor.py:840} INFO - DAG(s) 'example_bash_operator' retrieved from /home/airflow/.local/lib/python3.12/site-packages/airflow/example_dags/example_bash_operator.py
[2025-07-24T20:34:22.400+0000] {logging_mixin.py:188} INFO - [2025-07-24T20:34:22.400+0000] {dag.py:3096} INFO - Sync 1 DAGs
[2025-07-24T20:34:22.413+0000] {logging_mixin.py:188} INFO - [2025-07-24T20:34:22.413+0000] {dag.py:3954} INFO - Setting next_dagrun for example_bash_operator to 2025-07-23 00:00:00+00:00, run_after=2025-07-24 00:00:00+00:00
[2025-07-24T20:34:22.422+0000] {processor.py:183} INFO - Processing /home/airflow/.local/lib/python3.12/site-packages/airflow/example_dags/example_bash_operator.py took 0.051 seconds
[2025-07-24T20:34:53.194+0000] {processor.py:161} INFO - Started process (PID=400) to work on /home/airflow/.local/lib/python3.12/site-packages/airflow/example_dags/example_bash_operator.py
[2025-07-24T20:34:53.194+0000] {processor.py:830} INFO - Processing file /home/airflow/.local/lib/python3.12/site-packages/airflow/example_dags/example_bash_operator.py for tasks to queue
[2025-07-24T20:34:53.195+0000] {logging_mixin.py:188} INFO - [2025-07-24T20:34:53.195+0000] {dagbag.py:545} INFO - Filling up the DagBag from /home/airflow/.local/lib/python3.12/site-packages/airflow/example_dags/example_bash_operator.py
[2025-07-24T20:34:53.203+0000] {processor.py:840} INFO - DAG(s) 'example_bash_operator' retrieved from /home/airflow/.local/lib/python3.12/site-packages/airflow/example_dags/example_bash_operator.py
[2025-07-24T20:34:53.219+0000] {logging_mixin.py:188} INFO - [2025-07-24T20:34:53.218+0000] {dag.py:3096} INFO - Sync 1 DAGs
[2025-07-24T20:34:53.231+0000] {logging_mixin.py:188} INFO - [2025-07-24T20:34:53.231+0000] {dag.py:3954} INFO - Setting next_dagrun for example_bash_operator to 2025-07-23 00:00:00+00:00, run_after=2025-07-24 00:00:00+00:00
[2025-07-24T20:34:53.241+0000] {processor.py:183} INFO - Processing /home/airflow/.local/lib/python3.12/site-packages/airflow/example_dags/example_bash_operator.py took 0.051 seconds
[2025-07-24T20:35:23.959+0000] {processor.py:161} INFO - Started process (PID=458) to work on /home/airflow/.local/lib/python3.12/site-packages/airflow/example_dags/example_bash_operator.py
[2025-07-24T20:35:23.959+0000] {processor.py:830} INFO - Processing file /home/airflow/.local/lib/python3.12/site-packages/airflow/example_dags/example_bash_operator.py for tasks to queue
[2025-07-24T20:35:23.960+0000] {logging_mixin.py:188} INFO - [2025-07-24T20:35:23.960+0000] {dagbag.py:545} INFO - Filling up the DagBag from /home/airflow/.local/lib/python3.12/site-packages/airflow/example_dags/example_bash_operator.py
[2025-07-24T20:35:23.967+0000] {processor.py:840} INFO - DAG(s) 'example_bash_operator' retrieved from /home/airflow/.local/lib/python3.12/site-packages/airflow/example_dags/example_bash_operator.py
[2025-07-24T20:35:23.982+0000] {logging_mixin.py:188} INFO - [2025-07-24T20:35:23.981+0000] {dag.py:3096} INFO - Sync 1 DAGs
[2025-07-24T20:35:23.996+0000] {logging_mixin.py:188} INFO - [2025-07-24T20:35:23.996+0000] {dag.py:3954} INFO - Setting next_dagrun for example_bash_operator to 2025-07-23 00:00:00+00:00, run_after=2025-07-24 00:00:00+00:00
[2025-07-24T20:35:24.006+0000] {processor.py:183} INFO - Processing /home/airflow/.local/lib/python3.12/site-packages/airflow/example_dags/example_bash_operator.py took 0.050 seconds
[2025-07-24T20:36:43.899+0000] {processor.py:161} INFO - Started process (PID=45) to work on /home/airflow/.local/lib/python3.12/site-packages/airflow/example_dags/example_bash_operator.py
[2025-07-24T20:36:43.899+0000] {processor.py:830} INFO - Processing file /home/airflow/.local/lib/python3.12/site-packages/airflow/example_dags/example_bash_operator.py for tasks to queue
[2025-07-24T20:36:43.900+0000] {logging_mixin.py:188} INFO - [2025-07-24T20:36:43.900+0000] {dagbag.py:545} INFO - Filling up the DagBag from /home/airflow/.local/lib/python3.12/site-packages/airflow/example_dags/example_bash_operator.py
[2025-07-24T20:36:43.907+0000] {processor.py:840} INFO - DAG(s) 'example_bash_operator' retrieved from /home/airflow/.local/lib/python3.12/site-packages/airflow/example_dags/example_bash_operator.py
[2025-07-24T20:36:43.913+0000] {logging_mixin.py:188} INFO - [2025-07-24T20:36:43.913+0000] {dag.py:3096} INFO - Sync 1 DAGs
[2025-07-24T20:36:43.926+0000] {logging_mixin.py:188} INFO - [2025-07-24T20:36:43.926+0000] {dag.py:3954} INFO - Setting next_dagrun for example_bash_operator to 2025-07-23 00:00:00+00:00, run_after=2025-07-24 00:00:00+00:00
[2025-07-24T20:36:43.936+0000] {processor.py:183} INFO - Processing /home/airflow/.local/lib/python3.12/site-packages/airflow/example_dags/example_bash_operator.py took 0.041 seconds
[2025-07-24T20:37:14.528+0000] {processor.py:161} INFO - Started process (PID=103) to work on /home/airflow/.local/lib/python3.12/site-packages/airflow/example_dags/example_bash_operator.py
[2025-07-24T20:37:14.529+0000] {processor.py:830} INFO - Processing file /home/airflow/.local/lib/python3.12/site-packages/airflow/example_dags/example_bash_operator.py for tasks to queue
[2025-07-24T20:37:14.530+0000] {logging_mixin.py:188} INFO - [2025-07-24T20:37:14.530+0000] {dagbag.py:545} INFO - Filling up the DagBag from /home/airflow/.local/lib/python3.12/site-packages/airflow/example_dags/example_bash_operator.py
[2025-07-24T20:37:14.536+0000] {processor.py:840} INFO - DAG(s) 'example_bash_operator' retrieved from /home/airflow/.local/lib/python3.12/site-packages/airflow/example_dags/example_bash_operator.py
[2025-07-24T20:37:14.545+0000] {logging_mixin.py:188} INFO - [2025-07-24T20:37:14.544+0000] {dag.py:3096} INFO - Sync 1 DAGs
[2025-07-24T20:37:14.558+0000] {logging_mixin.py:188} INFO - [2025-07-24T20:37:14.558+0000] {dag.py:3954} INFO - Setting next_dagrun for example_bash_operator to 2025-07-23 00:00:00+00:00, run_after=2025-07-24 00:00:00+00:00
[2025-07-24T20:37:14.567+0000] {processor.py:183} INFO - Processing /home/airflow/.local/lib/python3.12/site-packages/airflow/example_dags/example_bash_operator.py took 0.043 seconds
[2025-07-24T20:37:45.245+0000] {processor.py:161} INFO - Started process (PID=161) to work on /home/airflow/.local/lib/python3.12/site-packages/airflow/example_dags/example_bash_operator.py
[2025-07-24T20:37:45.245+0000] {processor.py:830} INFO - Processing file /home/airflow/.local/lib/python3.12/site-packages/airflow/example_dags/example_bash_operator.py for tasks to queue
[2025-07-24T20:37:45.246+0000] {logging_mixin.py:188} INFO - [2025-07-24T20:37:45.246+0000] {dagbag.py:545} INFO - Filling up the DagBag from /home/airflow/.local/lib/python3.12/site-packages/airflow/example_dags/example_bash_operator.py
[2025-07-24T20:37:45.252+0000] {processor.py:840} INFO - DAG(s) 'example_bash_operator' retrieved from /home/airflow/.local/lib/python3.12/site-packages/airflow/example_dags/example_bash_operator.py
[2025-07-24T20:37:45.315+0000] {logging_mixin.py:188} INFO - [2025-07-24T20:37:45.315+0000] {dag.py:3096} INFO - Sync 1 DAGs
[2025-07-24T20:37:45.326+0000] {logging_mixin.py:188} INFO - [2025-07-24T20:37:45.326+0000] {dag.py:3954} INFO - Setting next_dagrun for example_bash_operator to 2025-07-23 00:00:00+00:00, run_after=2025-07-24 00:00:00+00:00
[2025-07-24T20:37:45.335+0000] {processor.py:183} INFO - Processing /home/airflow/.local/lib/python3.12/site-packages/airflow/example_dags/example_bash_operator.py took 0.094 seconds
[2025-07-24T20:38:15.931+0000] {processor.py:161} INFO - Started process (PID=219) to work on /home/airflow/.local/lib/python3.12/site-packages/airflow/example_dags/example_bash_operator.py
[2025-07-24T20:38:15.931+0000] {processor.py:830} INFO - Processing file /home/airflow/.local/lib/python3.12/site-packages/airflow/example_dags/example_bash_operator.py for tasks to queue
[2025-07-24T20:38:15.932+0000] {logging_mixin.py:188} INFO - [2025-07-24T20:38:15.932+0000] {dagbag.py:545} INFO - Filling up the DagBag from /home/airflow/.local/lib/python3.12/site-packages/airflow/example_dags/example_bash_operator.py
[2025-07-24T20:38:15.939+0000] {processor.py:840} INFO - DAG(s) 'example_bash_operator' retrieved from /home/airflow/.local/lib/python3.12/site-packages/airflow/example_dags/example_bash_operator.py
[2025-07-24T20:38:15.956+0000] {logging_mixin.py:188} INFO - [2025-07-24T20:38:15.956+0000] {dag.py:3096} INFO - Sync 1 DAGs
[2025-07-24T20:38:15.969+0000] {logging_mixin.py:188} INFO - [2025-07-24T20:38:15.969+0000] {dag.py:3954} INFO - Setting next_dagrun for example_bash_operator to 2025-07-23 00:00:00+00:00, run_after=2025-07-24 00:00:00+00:00
[2025-07-24T20:38:15.979+0000] {processor.py:183} INFO - Processing /home/airflow/.local/lib/python3.12/site-packages/airflow/example_dags/example_bash_operator.py took 0.052 seconds
[2025-07-24T20:38:46.701+0000] {processor.py:161} INFO - Started process (PID=277) to work on /home/airflow/.local/lib/python3.12/site-packages/airflow/example_dags/example_bash_operator.py
[2025-07-24T20:38:46.701+0000] {processor.py:830} INFO - Processing file /home/airflow/.local/lib/python3.12/site-packages/airflow/example_dags/example_bash_operator.py for tasks to queue
[2025-07-24T20:38:46.702+0000] {logging_mixin.py:188} INFO - [2025-07-24T20:38:46.702+0000] {dagbag.py:545} INFO - Filling up the DagBag from /home/airflow/.local/lib/python3.12/site-packages/airflow/example_dags/example_bash_operator.py
[2025-07-24T20:38:46.708+0000] {processor.py:840} INFO - DAG(s) 'example_bash_operator' retrieved from /home/airflow/.local/lib/python3.12/site-packages/airflow/example_dags/example_bash_operator.py
[2025-07-24T20:38:46.721+0000] {logging_mixin.py:188} INFO - [2025-07-24T20:38:46.721+0000] {dag.py:3096} INFO - Sync 1 DAGs
[2025-07-24T20:38:46.732+0000] {logging_mixin.py:188} INFO - [2025-07-24T20:38:46.731+0000] {dag.py:3954} INFO - Setting next_dagrun for example_bash_operator to 2025-07-23 00:00:00+00:00, run_after=2025-07-24 00:00:00+00:00
[2025-07-24T20:38:46.740+0000] {processor.py:183} INFO - Processing /home/airflow/.local/lib/python3.12/site-packages/airflow/example_dags/example_bash_operator.py took 0.042 seconds
[2025-07-24T20:39:17.433+0000] {processor.py:161} INFO - Started process (PID=341) to work on /home/airflow/.local/lib/python3.12/site-packages/airflow/example_dags/example_bash_operator.py
[2025-07-24T20:39:17.434+0000] {processor.py:830} INFO - Processing file /home/airflow/.local/lib/python3.12/site-packages/airflow/example_dags/example_bash_operator.py for tasks to queue
[2025-07-24T20:39:17.435+0000] {logging_mixin.py:188} INFO - [2025-07-24T20:39:17.435+0000] {dagbag.py:545} INFO - Filling up the DagBag from /home/airflow/.local/lib/python3.12/site-packages/airflow/example_dags/example_bash_operator.py
[2025-07-24T20:39:17.442+0000] {processor.py:840} INFO - DAG(s) 'example_bash_operator' retrieved from /home/airflow/.local/lib/python3.12/site-packages/airflow/example_dags/example_bash_operator.py
[2025-07-24T20:39:17.457+0000] {logging_mixin.py:188} INFO - [2025-07-24T20:39:17.457+0000] {dag.py:3096} INFO - Sync 1 DAGs
[2025-07-24T20:39:17.470+0000] {logging_mixin.py:188} INFO - [2025-07-24T20:39:17.470+0000] {dag.py:3954} INFO - Setting next_dagrun for example_bash_operator to 2025-07-23 00:00:00+00:00, run_after=2025-07-24 00:00:00+00:00
[2025-07-24T20:39:17.479+0000] {processor.py:183} INFO - Processing /home/airflow/.local/lib/python3.12/site-packages/airflow/example_dags/example_bash_operator.py took 0.049 seconds
[2025-07-24T20:39:48.192+0000] {processor.py:161} INFO - Started process (PID=399) to work on /home/airflow/.local/lib/python3.12/site-packages/airflow/example_dags/example_bash_operator.py
[2025-07-24T20:39:48.193+0000] {processor.py:830} INFO - Processing file /home/airflow/.local/lib/python3.12/site-packages/airflow/example_dags/example_bash_operator.py for tasks to queue
[2025-07-24T20:39:48.194+0000] {logging_mixin.py:188} INFO - [2025-07-24T20:39:48.194+0000] {dagbag.py:545} INFO - Filling up the DagBag from /home/airflow/.local/lib/python3.12/site-packages/airflow/example_dags/example_bash_operator.py
[2025-07-24T20:39:48.201+0000] {processor.py:840} INFO - DAG(s) 'example_bash_operator' retrieved from /home/airflow/.local/lib/python3.12/site-packages/airflow/example_dags/example_bash_operator.py
[2025-07-24T20:39:48.218+0000] {logging_mixin.py:188} INFO - [2025-07-24T20:39:48.218+0000] {dag.py:3096} INFO - Sync 1 DAGs
[2025-07-24T20:39:48.231+0000] {logging_mixin.py:188} INFO - [2025-07-24T20:39:48.231+0000] {dag.py:3954} INFO - Setting next_dagrun for example_bash_operator to 2025-07-23 00:00:00+00:00, run_after=2025-07-24 00:00:00+00:00
[2025-07-24T20:39:48.241+0000] {processor.py:183} INFO - Processing /home/airflow/.local/lib/python3.12/site-packages/airflow/example_dags/example_bash_operator.py took 0.053 seconds
[2025-07-24T20:40:18.870+0000] {processor.py:161} INFO - Started process (PID=457) to work on /home/airflow/.local/lib/python3.12/site-packages/airflow/example_dags/example_bash_operator.py
[2025-07-24T20:40:18.871+0000] {processor.py:830} INFO - Processing file /home/airflow/.local/lib/python3.12/site-packages/airflow/example_dags/example_bash_operator.py for tasks to queue
[2025-07-24T20:40:18.872+0000] {logging_mixin.py:188} INFO - [2025-07-24T20:40:18.872+0000] {dagbag.py:545} INFO - Filling up the DagBag from /home/airflow/.local/lib/python3.12/site-packages/airflow/example_dags/example_bash_operator.py
[2025-07-24T20:40:18.878+0000] {processor.py:840} INFO - DAG(s) 'example_bash_operator' retrieved from /home/airflow/.local/lib/python3.12/site-packages/airflow/example_dags/example_bash_operator.py
[2025-07-24T20:40:18.893+0000] {logging_mixin.py:188} INFO - [2025-07-24T20:40:18.893+0000] {dag.py:3096} INFO - Sync 1 DAGs
[2025-07-24T20:40:18.906+0000] {logging_mixin.py:188} INFO - [2025-07-24T20:40:18.906+0000] {dag.py:3954} INFO - Setting next_dagrun for example_bash_operator to 2025-07-23 00:00:00+00:00, run_after=2025-07-24 00:00:00+00:00
[2025-07-24T20:40:18.915+0000] {processor.py:183} INFO - Processing /home/airflow/.local/lib/python3.12/site-packages/airflow/example_dags/example_bash_operator.py took 0.048 seconds
[2025-07-24T20:40:49.832+0000] {processor.py:161} INFO - Started process (PID=515) to work on /home/airflow/.local/lib/python3.12/site-packages/airflow/example_dags/example_bash_operator.py
[2025-07-24T20:40:49.832+0000] {processor.py:830} INFO - Processing file /home/airflow/.local/lib/python3.12/site-packages/airflow/example_dags/example_bash_operator.py for tasks to queue
[2025-07-24T20:40:49.833+0000] {logging_mixin.py:188} INFO - [2025-07-24T20:40:49.833+0000] {dagbag.py:545} INFO - Filling up the DagBag from /home/airflow/.local/lib/python3.12/site-packages/airflow/example_dags/example_bash_operator.py
[2025-07-24T20:40:49.841+0000] {processor.py:840} INFO - DAG(s) 'example_bash_operator' retrieved from /home/airflow/.local/lib/python3.12/site-packages/airflow/example_dags/example_bash_operator.py
[2025-07-24T20:40:49.857+0000] {logging_mixin.py:188} INFO - [2025-07-24T20:40:49.856+0000] {dag.py:3096} INFO - Sync 1 DAGs
[2025-07-24T20:40:49.870+0000] {logging_mixin.py:188} INFO - [2025-07-24T20:40:49.869+0000] {dag.py:3954} INFO - Setting next_dagrun for example_bash_operator to 2025-07-23 00:00:00+00:00, run_after=2025-07-24 00:00:00+00:00
[2025-07-24T20:40:49.878+0000] {processor.py:183} INFO - Processing /home/airflow/.local/lib/python3.12/site-packages/airflow/example_dags/example_bash_operator.py took 0.050 seconds
[2025-07-24T20:41:20.809+0000] {processor.py:161} INFO - Started process (PID=573) to work on /home/airflow/.local/lib/python3.12/site-packages/airflow/example_dags/example_bash_operator.py
[2025-07-24T20:41:20.810+0000] {processor.py:830} INFO - Processing file /home/airflow/.local/lib/python3.12/site-packages/airflow/example_dags/example_bash_operator.py for tasks to queue
[2025-07-24T20:41:20.811+0000] {logging_mixin.py:188} INFO - [2025-07-24T20:41:20.810+0000] {dagbag.py:545} INFO - Filling up the DagBag from /home/airflow/.local/lib/python3.12/site-packages/airflow/example_dags/example_bash_operator.py
[2025-07-24T20:41:20.817+0000] {processor.py:840} INFO - DAG(s) 'example_bash_operator' retrieved from /home/airflow/.local/lib/python3.12/site-packages/airflow/example_dags/example_bash_operator.py
[2025-07-24T20:41:20.834+0000] {logging_mixin.py:188} INFO - [2025-07-24T20:41:20.834+0000] {dag.py:3096} INFO - Sync 1 DAGs
[2025-07-24T20:41:20.848+0000] {logging_mixin.py:188} INFO - [2025-07-24T20:41:20.848+0000] {dag.py:3954} INFO - Setting next_dagrun for example_bash_operator to 2025-07-23 00:00:00+00:00, run_after=2025-07-24 00:00:00+00:00
[2025-07-24T20:41:20.858+0000] {processor.py:183} INFO - Processing /home/airflow/.local/lib/python3.12/site-packages/airflow/example_dags/example_bash_operator.py took 0.052 seconds
[2025-07-24T20:41:51.592+0000] {processor.py:161} INFO - Started process (PID=631) to work on /home/airflow/.local/lib/python3.12/site-packages/airflow/example_dags/example_bash_operator.py
[2025-07-24T20:41:51.592+0000] {processor.py:830} INFO - Processing file /home/airflow/.local/lib/python3.12/site-packages/airflow/example_dags/example_bash_operator.py for tasks to queue
[2025-07-24T20:41:51.594+0000] {logging_mixin.py:188} INFO - [2025-07-24T20:41:51.593+0000] {dagbag.py:545} INFO - Filling up the DagBag from /home/airflow/.local/lib/python3.12/site-packages/airflow/example_dags/example_bash_operator.py
[2025-07-24T20:41:51.601+0000] {processor.py:840} INFO - DAG(s) 'example_bash_operator' retrieved from /home/airflow/.local/lib/python3.12/site-packages/airflow/example_dags/example_bash_operator.py
[2025-07-24T20:41:51.620+0000] {logging_mixin.py:188} INFO - [2025-07-24T20:41:51.620+0000] {dag.py:3096} INFO - Sync 1 DAGs
[2025-07-24T20:41:51.640+0000] {logging_mixin.py:188} INFO - [2025-07-24T20:41:51.640+0000] {dag.py:3954} INFO - Setting next_dagrun for example_bash_operator to 2025-07-23 00:00:00+00:00, run_after=2025-07-24 00:00:00+00:00
[2025-07-24T20:41:51.650+0000] {processor.py:183} INFO - Processing /home/airflow/.local/lib/python3.12/site-packages/airflow/example_dags/example_bash_operator.py took 0.063 seconds
[2025-07-24T20:42:22.544+0000] {processor.py:161} INFO - Started process (PID=689) to work on /home/airflow/.local/lib/python3.12/site-packages/airflow/example_dags/example_bash_operator.py
[2025-07-24T20:42:22.545+0000] {processor.py:830} INFO - Processing file /home/airflow/.local/lib/python3.12/site-packages/airflow/example_dags/example_bash_operator.py for tasks to queue
[2025-07-24T20:42:22.546+0000] {logging_mixin.py:188} INFO - [2025-07-24T20:42:22.546+0000] {dagbag.py:545} INFO - Filling up the DagBag from /home/airflow/.local/lib/python3.12/site-packages/airflow/example_dags/example_bash_operator.py
[2025-07-24T20:42:22.552+0000] {processor.py:840} INFO - DAG(s) 'example_bash_operator' retrieved from /home/airflow/.local/lib/python3.12/site-packages/airflow/example_dags/example_bash_operator.py
[2025-07-24T20:42:22.567+0000] {logging_mixin.py:188} INFO - [2025-07-24T20:42:22.567+0000] {dag.py:3096} INFO - Sync 1 DAGs
[2025-07-24T20:42:22.582+0000] {logging_mixin.py:188} INFO - [2025-07-24T20:42:22.581+0000] {dag.py:3954} INFO - Setting next_dagrun for example_bash_operator to 2025-07-23 00:00:00+00:00, run_after=2025-07-24 00:00:00+00:00
[2025-07-24T20:42:22.591+0000] {processor.py:183} INFO - Processing /home/airflow/.local/lib/python3.12/site-packages/airflow/example_dags/example_bash_operator.py took 0.050 seconds
[2025-07-24T20:43:16.426+0000] {processor.py:161} INFO - Started process (PID=45) to work on /home/airflow/.local/lib/python3.12/site-packages/airflow/example_dags/example_bash_operator.py
[2025-07-24T20:43:16.427+0000] {processor.py:830} INFO - Processing file /home/airflow/.local/lib/python3.12/site-packages/airflow/example_dags/example_bash_operator.py for tasks to queue
[2025-07-24T20:43:16.428+0000] {logging_mixin.py:188} INFO - [2025-07-24T20:43:16.428+0000] {dagbag.py:545} INFO - Filling up the DagBag from /home/airflow/.local/lib/python3.12/site-packages/airflow/example_dags/example_bash_operator.py
[2025-07-24T20:43:16.435+0000] {processor.py:840} INFO - DAG(s) 'example_bash_operator' retrieved from /home/airflow/.local/lib/python3.12/site-packages/airflow/example_dags/example_bash_operator.py
[2025-07-24T20:43:16.442+0000] {logging_mixin.py:188} INFO - [2025-07-24T20:43:16.441+0000] {dag.py:3096} INFO - Sync 1 DAGs
[2025-07-24T20:43:16.453+0000] {logging_mixin.py:188} INFO - [2025-07-24T20:43:16.453+0000] {dag.py:3954} INFO - Setting next_dagrun for example_bash_operator to 2025-07-23 00:00:00+00:00, run_after=2025-07-24 00:00:00+00:00
[2025-07-24T20:43:16.462+0000] {processor.py:183} INFO - Processing /home/airflow/.local/lib/python3.12/site-packages/airflow/example_dags/example_bash_operator.py took 0.040 seconds
[2025-07-24T20:43:47.145+0000] {processor.py:161} INFO - Started process (PID=103) to work on /home/airflow/.local/lib/python3.12/site-packages/airflow/example_dags/example_bash_operator.py
[2025-07-24T20:43:47.146+0000] {processor.py:830} INFO - Processing file /home/airflow/.local/lib/python3.12/site-packages/airflow/example_dags/example_bash_operator.py for tasks to queue
[2025-07-24T20:43:47.147+0000] {logging_mixin.py:188} INFO - [2025-07-24T20:43:47.147+0000] {dagbag.py:545} INFO - Filling up the DagBag from /home/airflow/.local/lib/python3.12/site-packages/airflow/example_dags/example_bash_operator.py
[2025-07-24T20:43:47.153+0000] {processor.py:840} INFO - DAG(s) 'example_bash_operator' retrieved from /home/airflow/.local/lib/python3.12/site-packages/airflow/example_dags/example_bash_operator.py
[2025-07-24T20:43:47.210+0000] {logging_mixin.py:188} INFO - [2025-07-24T20:43:47.210+0000] {dag.py:3096} INFO - Sync 1 DAGs
[2025-07-24T20:43:47.219+0000] {logging_mixin.py:188} INFO - [2025-07-24T20:43:47.219+0000] {dag.py:3954} INFO - Setting next_dagrun for example_bash_operator to 2025-07-23 00:00:00+00:00, run_after=2025-07-24 00:00:00+00:00
[2025-07-24T20:43:47.228+0000] {processor.py:183} INFO - Processing /home/airflow/.local/lib/python3.12/site-packages/airflow/example_dags/example_bash_operator.py took 0.086 seconds
[2025-07-24T20:44:18.236+0000] {processor.py:161} INFO - Started process (PID=161) to work on /home/airflow/.local/lib/python3.12/site-packages/airflow/example_dags/example_bash_operator.py
[2025-07-24T20:44:18.237+0000] {processor.py:830} INFO - Processing file /home/airflow/.local/lib/python3.12/site-packages/airflow/example_dags/example_bash_operator.py for tasks to queue
[2025-07-24T20:44:18.238+0000] {logging_mixin.py:188} INFO - [2025-07-24T20:44:18.238+0000] {dagbag.py:545} INFO - Filling up the DagBag from /home/airflow/.local/lib/python3.12/site-packages/airflow/example_dags/example_bash_operator.py
[2025-07-24T20:44:18.245+0000] {processor.py:840} INFO - DAG(s) 'example_bash_operator' retrieved from /home/airflow/.local/lib/python3.12/site-packages/airflow/example_dags/example_bash_operator.py
[2025-07-24T20:44:18.260+0000] {logging_mixin.py:188} INFO - [2025-07-24T20:44:18.260+0000] {dag.py:3096} INFO - Sync 1 DAGs
[2025-07-24T20:44:18.273+0000] {logging_mixin.py:188} INFO - [2025-07-24T20:44:18.273+0000] {dag.py:3954} INFO - Setting next_dagrun for example_bash_operator to 2025-07-23 00:00:00+00:00, run_after=2025-07-24 00:00:00+00:00
[2025-07-24T20:44:18.282+0000] {processor.py:183} INFO - Processing /home/airflow/.local/lib/python3.12/site-packages/airflow/example_dags/example_bash_operator.py took 0.049 seconds
[2025-07-24T20:44:48.366+0000] {processor.py:161} INFO - Started process (PID=219) to work on /home/airflow/.local/lib/python3.12/site-packages/airflow/example_dags/example_bash_operator.py
[2025-07-24T20:44:48.367+0000] {processor.py:830} INFO - Processing file /home/airflow/.local/lib/python3.12/site-packages/airflow/example_dags/example_bash_operator.py for tasks to queue
[2025-07-24T20:44:48.368+0000] {logging_mixin.py:188} INFO - [2025-07-24T20:44:48.368+0000] {dagbag.py:545} INFO - Filling up the DagBag from /home/airflow/.local/lib/python3.12/site-packages/airflow/example_dags/example_bash_operator.py
[2025-07-24T20:44:48.375+0000] {processor.py:840} INFO - DAG(s) 'example_bash_operator' retrieved from /home/airflow/.local/lib/python3.12/site-packages/airflow/example_dags/example_bash_operator.py
[2025-07-24T20:44:48.391+0000] {logging_mixin.py:188} INFO - [2025-07-24T20:44:48.391+0000] {dag.py:3096} INFO - Sync 1 DAGs
[2025-07-24T20:44:48.404+0000] {logging_mixin.py:188} INFO - [2025-07-24T20:44:48.404+0000] {dag.py:3954} INFO - Setting next_dagrun for example_bash_operator to 2025-07-23 00:00:00+00:00, run_after=2025-07-24 00:00:00+00:00
[2025-07-24T20:44:48.413+0000] {processor.py:183} INFO - Processing /home/airflow/.local/lib/python3.12/site-packages/airflow/example_dags/example_bash_operator.py took 0.050 seconds
[2025-07-24T20:45:18.503+0000] {processor.py:161} INFO - Started process (PID=277) to work on /home/airflow/.local/lib/python3.12/site-packages/airflow/example_dags/example_bash_operator.py
[2025-07-24T20:45:18.504+0000] {processor.py:830} INFO - Processing file /home/airflow/.local/lib/python3.12/site-packages/airflow/example_dags/example_bash_operator.py for tasks to queue
[2025-07-24T20:45:18.505+0000] {logging_mixin.py:188} INFO - [2025-07-24T20:45:18.505+0000] {dagbag.py:545} INFO - Filling up the DagBag from /home/airflow/.local/lib/python3.12/site-packages/airflow/example_dags/example_bash_operator.py
[2025-07-24T20:45:18.511+0000] {processor.py:840} INFO - DAG(s) 'example_bash_operator' retrieved from /home/airflow/.local/lib/python3.12/site-packages/airflow/example_dags/example_bash_operator.py
[2025-07-24T20:45:18.524+0000] {logging_mixin.py:188} INFO - [2025-07-24T20:45:18.524+0000] {dag.py:3096} INFO - Sync 1 DAGs
[2025-07-24T20:45:18.535+0000] {logging_mixin.py:188} INFO - [2025-07-24T20:45:18.535+0000] {dag.py:3954} INFO - Setting next_dagrun for example_bash_operator to 2025-07-23 00:00:00+00:00, run_after=2025-07-24 00:00:00+00:00
[2025-07-24T20:45:18.543+0000] {processor.py:183} INFO - Processing /home/airflow/.local/lib/python3.12/site-packages/airflow/example_dags/example_bash_operator.py took 0.043 seconds
[2025-07-24T20:45:49.045+0000] {processor.py:161} INFO - Started process (PID=335) to work on /home/airflow/.local/lib/python3.12/site-packages/airflow/example_dags/example_bash_operator.py
[2025-07-24T20:45:49.046+0000] {processor.py:830} INFO - Processing file /home/airflow/.local/lib/python3.12/site-packages/airflow/example_dags/example_bash_operator.py for tasks to queue
[2025-07-24T20:45:49.047+0000] {logging_mixin.py:188} INFO - [2025-07-24T20:45:49.046+0000] {dagbag.py:545} INFO - Filling up the DagBag from /home/airflow/.local/lib/python3.12/site-packages/airflow/example_dags/example_bash_operator.py
[2025-07-24T20:45:49.053+0000] {processor.py:840} INFO - DAG(s) 'example_bash_operator' retrieved from /home/airflow/.local/lib/python3.12/site-packages/airflow/example_dags/example_bash_operator.py
[2025-07-24T20:45:49.068+0000] {logging_mixin.py:188} INFO - [2025-07-24T20:45:49.068+0000] {dag.py:3096} INFO - Sync 1 DAGs
[2025-07-24T20:45:49.081+0000] {logging_mixin.py:188} INFO - [2025-07-24T20:45:49.081+0000] {dag.py:3954} INFO - Setting next_dagrun for example_bash_operator to 2025-07-23 00:00:00+00:00, run_after=2025-07-24 00:00:00+00:00
[2025-07-24T20:45:49.091+0000] {processor.py:183} INFO - Processing /home/airflow/.local/lib/python3.12/site-packages/airflow/example_dags/example_bash_operator.py took 0.050 seconds
[2025-07-24T20:46:19.690+0000] {processor.py:161} INFO - Started process (PID=393) to work on /home/airflow/.local/lib/python3.12/site-packages/airflow/example_dags/example_bash_operator.py
[2025-07-24T20:46:19.691+0000] {processor.py:830} INFO - Processing file /home/airflow/.local/lib/python3.12/site-packages/airflow/example_dags/example_bash_operator.py for tasks to queue
[2025-07-24T20:46:19.692+0000] {logging_mixin.py:188} INFO - [2025-07-24T20:46:19.692+0000] {dagbag.py:545} INFO - Filling up the DagBag from /home/airflow/.local/lib/python3.12/site-packages/airflow/example_dags/example_bash_operator.py
[2025-07-24T20:46:19.699+0000] {processor.py:840} INFO - DAG(s) 'example_bash_operator' retrieved from /home/airflow/.local/lib/python3.12/site-packages/airflow/example_dags/example_bash_operator.py
[2025-07-24T20:46:19.714+0000] {logging_mixin.py:188} INFO - [2025-07-24T20:46:19.714+0000] {dag.py:3096} INFO - Sync 1 DAGs
[2025-07-24T20:46:19.727+0000] {logging_mixin.py:188} INFO - [2025-07-24T20:46:19.727+0000] {dag.py:3954} INFO - Setting next_dagrun for example_bash_operator to 2025-07-23 00:00:00+00:00, run_after=2025-07-24 00:00:00+00:00
[2025-07-24T20:46:19.736+0000] {processor.py:183} INFO - Processing /home/airflow/.local/lib/python3.12/site-packages/airflow/example_dags/example_bash_operator.py took 0.050 seconds
[2025-07-24T20:46:50.420+0000] {processor.py:161} INFO - Started process (PID=457) to work on /home/airflow/.local/lib/python3.12/site-packages/airflow/example_dags/example_bash_operator.py
[2025-07-24T20:46:50.420+0000] {processor.py:830} INFO - Processing file /home/airflow/.local/lib/python3.12/site-packages/airflow/example_dags/example_bash_operator.py for tasks to queue
[2025-07-24T20:46:50.421+0000] {logging_mixin.py:188} INFO - [2025-07-24T20:46:50.421+0000] {dagbag.py:545} INFO - Filling up the DagBag from /home/airflow/.local/lib/python3.12/site-packages/airflow/example_dags/example_bash_operator.py
[2025-07-24T20:46:50.428+0000] {processor.py:840} INFO - DAG(s) 'example_bash_operator' retrieved from /home/airflow/.local/lib/python3.12/site-packages/airflow/example_dags/example_bash_operator.py
[2025-07-24T20:46:50.443+0000] {logging_mixin.py:188} INFO - [2025-07-24T20:46:50.443+0000] {dag.py:3096} INFO - Sync 1 DAGs
[2025-07-24T20:46:50.455+0000] {logging_mixin.py:188} INFO - [2025-07-24T20:46:50.455+0000] {dag.py:3954} INFO - Setting next_dagrun for example_bash_operator to 2025-07-23 00:00:00+00:00, run_after=2025-07-24 00:00:00+00:00
[2025-07-24T20:46:50.464+0000] {processor.py:183} INFO - Processing /home/airflow/.local/lib/python3.12/site-packages/airflow/example_dags/example_bash_operator.py took 0.047 seconds
[2025-07-24T20:47:21.023+0000] {processor.py:161} INFO - Started process (PID=515) to work on /home/airflow/.local/lib/python3.12/site-packages/airflow/example_dags/example_bash_operator.py
[2025-07-24T20:47:21.024+0000] {processor.py:830} INFO - Processing file /home/airflow/.local/lib/python3.12/site-packages/airflow/example_dags/example_bash_operator.py for tasks to queue
[2025-07-24T20:47:21.025+0000] {logging_mixin.py:188} INFO - [2025-07-24T20:47:21.024+0000] {dagbag.py:545} INFO - Filling up the DagBag from /home/airflow/.local/lib/python3.12/site-packages/airflow/example_dags/example_bash_operator.py
[2025-07-24T20:47:21.030+0000] {processor.py:840} INFO - DAG(s) 'example_bash_operator' retrieved from /home/airflow/.local/lib/python3.12/site-packages/airflow/example_dags/example_bash_operator.py
[2025-07-24T20:47:21.044+0000] {logging_mixin.py:188} INFO - [2025-07-24T20:47:21.044+0000] {dag.py:3096} INFO - Sync 1 DAGs
[2025-07-24T20:47:21.055+0000] {logging_mixin.py:188} INFO - [2025-07-24T20:47:21.055+0000] {dag.py:3954} INFO - Setting next_dagrun for example_bash_operator to 2025-07-23 00:00:00+00:00, run_after=2025-07-24 00:00:00+00:00
[2025-07-24T20:47:21.065+0000] {processor.py:183} INFO - Processing /home/airflow/.local/lib/python3.12/site-packages/airflow/example_dags/example_bash_operator.py took 0.045 seconds
[2025-07-24T20:47:51.790+0000] {processor.py:161} INFO - Started process (PID=573) to work on /home/airflow/.local/lib/python3.12/site-packages/airflow/example_dags/example_bash_operator.py
[2025-07-24T20:47:51.790+0000] {processor.py:830} INFO - Processing file /home/airflow/.local/lib/python3.12/site-packages/airflow/example_dags/example_bash_operator.py for tasks to queue
[2025-07-24T20:47:51.791+0000] {logging_mixin.py:188} INFO - [2025-07-24T20:47:51.791+0000] {dagbag.py:545} INFO - Filling up the DagBag from /home/airflow/.local/lib/python3.12/site-packages/airflow/example_dags/example_bash_operator.py
[2025-07-24T20:47:51.798+0000] {processor.py:840} INFO - DAG(s) 'example_bash_operator' retrieved from /home/airflow/.local/lib/python3.12/site-packages/airflow/example_dags/example_bash_operator.py
[2025-07-24T20:47:51.814+0000] {logging_mixin.py:188} INFO - [2025-07-24T20:47:51.814+0000] {dag.py:3096} INFO - Sync 1 DAGs
[2025-07-24T20:47:51.827+0000] {logging_mixin.py:188} INFO - [2025-07-24T20:47:51.827+0000] {dag.py:3954} INFO - Setting next_dagrun for example_bash_operator to 2025-07-23 00:00:00+00:00, run_after=2025-07-24 00:00:00+00:00
[2025-07-24T20:47:51.837+0000] {processor.py:183} INFO - Processing /home/airflow/.local/lib/python3.12/site-packages/airflow/example_dags/example_bash_operator.py took 0.050 seconds
[2025-07-24T20:48:22.413+0000] {processor.py:161} INFO - Started process (PID=631) to work on /home/airflow/.local/lib/python3.12/site-packages/airflow/example_dags/example_bash_operator.py
[2025-07-24T20:48:22.414+0000] {processor.py:830} INFO - Processing file /home/airflow/.local/lib/python3.12/site-packages/airflow/example_dags/example_bash_operator.py for tasks to queue
[2025-07-24T20:48:22.415+0000] {logging_mixin.py:188} INFO - [2025-07-24T20:48:22.415+0000] {dagbag.py:545} INFO - Filling up the DagBag from /home/airflow/.local/lib/python3.12/site-packages/airflow/example_dags/example_bash_operator.py
[2025-07-24T20:48:22.422+0000] {processor.py:840} INFO - DAG(s) 'example_bash_operator' retrieved from /home/airflow/.local/lib/python3.12/site-packages/airflow/example_dags/example_bash_operator.py
[2025-07-24T20:48:22.437+0000] {logging_mixin.py:188} INFO - [2025-07-24T20:48:22.437+0000] {dag.py:3096} INFO - Sync 1 DAGs
[2025-07-24T20:48:22.449+0000] {logging_mixin.py:188} INFO - [2025-07-24T20:48:22.449+0000] {dag.py:3954} INFO - Setting next_dagrun for example_bash_operator to 2025-07-23 00:00:00+00:00, run_after=2025-07-24 00:00:00+00:00
[2025-07-24T20:48:22.458+0000] {processor.py:183} INFO - Processing /home/airflow/.local/lib/python3.12/site-packages/airflow/example_dags/example_bash_operator.py took 0.048 seconds
[2025-07-24T20:48:53.066+0000] {processor.py:161} INFO - Started process (PID=689) to work on /home/airflow/.local/lib/python3.12/site-packages/airflow/example_dags/example_bash_operator.py
[2025-07-24T20:48:53.066+0000] {processor.py:830} INFO - Processing file /home/airflow/.local/lib/python3.12/site-packages/airflow/example_dags/example_bash_operator.py for tasks to queue
[2025-07-24T20:48:53.067+0000] {logging_mixin.py:188} INFO - [2025-07-24T20:48:53.067+0000] {dagbag.py:545} INFO - Filling up the DagBag from /home/airflow/.local/lib/python3.12/site-packages/airflow/example_dags/example_bash_operator.py
[2025-07-24T20:48:53.074+0000] {processor.py:840} INFO - DAG(s) 'example_bash_operator' retrieved from /home/airflow/.local/lib/python3.12/site-packages/airflow/example_dags/example_bash_operator.py
[2025-07-24T20:48:53.089+0000] {logging_mixin.py:188} INFO - [2025-07-24T20:48:53.089+0000] {dag.py:3096} INFO - Sync 1 DAGs
[2025-07-24T20:48:53.102+0000] {logging_mixin.py:188} INFO - [2025-07-24T20:48:53.101+0000] {dag.py:3954} INFO - Setting next_dagrun for example_bash_operator to 2025-07-23 00:00:00+00:00, run_after=2025-07-24 00:00:00+00:00
[2025-07-24T20:48:53.111+0000] {processor.py:183} INFO - Processing /home/airflow/.local/lib/python3.12/site-packages/airflow/example_dags/example_bash_operator.py took 0.048 seconds
[2025-07-24T20:49:23.706+0000] {processor.py:161} INFO - Started process (PID=747) to work on /home/airflow/.local/lib/python3.12/site-packages/airflow/example_dags/example_bash_operator.py
[2025-07-24T20:49:23.706+0000] {processor.py:830} INFO - Processing file /home/airflow/.local/lib/python3.12/site-packages/airflow/example_dags/example_bash_operator.py for tasks to queue
[2025-07-24T20:49:23.707+0000] {logging_mixin.py:188} INFO - [2025-07-24T20:49:23.707+0000] {dagbag.py:545} INFO - Filling up the DagBag from /home/airflow/.local/lib/python3.12/site-packages/airflow/example_dags/example_bash_operator.py
[2025-07-24T20:49:23.714+0000] {processor.py:840} INFO - DAG(s) 'example_bash_operator' retrieved from /home/airflow/.local/lib/python3.12/site-packages/airflow/example_dags/example_bash_operator.py
[2025-07-24T20:49:23.728+0000] {logging_mixin.py:188} INFO - [2025-07-24T20:49:23.728+0000] {dag.py:3096} INFO - Sync 1 DAGs
[2025-07-24T20:49:23.740+0000] {logging_mixin.py:188} INFO - [2025-07-24T20:49:23.740+0000] {dag.py:3954} INFO - Setting next_dagrun for example_bash_operator to 2025-07-23 00:00:00+00:00, run_after=2025-07-24 00:00:00+00:00
[2025-07-24T20:49:23.749+0000] {processor.py:183} INFO - Processing /home/airflow/.local/lib/python3.12/site-packages/airflow/example_dags/example_bash_operator.py took 0.047 seconds
[2025-07-24T20:49:54.305+0000] {processor.py:161} INFO - Started process (PID=805) to work on /home/airflow/.local/lib/python3.12/site-packages/airflow/example_dags/example_bash_operator.py
[2025-07-24T20:49:54.305+0000] {processor.py:830} INFO - Processing file /home/airflow/.local/lib/python3.12/site-packages/airflow/example_dags/example_bash_operator.py for tasks to queue
[2025-07-24T20:49:54.306+0000] {logging_mixin.py:188} INFO - [2025-07-24T20:49:54.306+0000] {dagbag.py:545} INFO - Filling up the DagBag from /home/airflow/.local/lib/python3.12/site-packages/airflow/example_dags/example_bash_operator.py
[2025-07-24T20:49:54.313+0000] {processor.py:840} INFO - DAG(s) 'example_bash_operator' retrieved from /home/airflow/.local/lib/python3.12/site-packages/airflow/example_dags/example_bash_operator.py
[2025-07-24T20:49:54.328+0000] {logging_mixin.py:188} INFO - [2025-07-24T20:49:54.328+0000] {dag.py:3096} INFO - Sync 1 DAGs
[2025-07-24T20:49:54.340+0000] {logging_mixin.py:188} INFO - [2025-07-24T20:49:54.340+0000] {dag.py:3954} INFO - Setting next_dagrun for example_bash_operator to 2025-07-23 00:00:00+00:00, run_after=2025-07-24 00:00:00+00:00
[2025-07-24T20:49:54.350+0000] {processor.py:183} INFO - Processing /home/airflow/.local/lib/python3.12/site-packages/airflow/example_dags/example_bash_operator.py took 0.048 seconds
[2025-07-24T20:50:25.008+0000] {processor.py:161} INFO - Started process (PID=863) to work on /home/airflow/.local/lib/python3.12/site-packages/airflow/example_dags/example_bash_operator.py
[2025-07-24T20:50:25.009+0000] {processor.py:830} INFO - Processing file /home/airflow/.local/lib/python3.12/site-packages/airflow/example_dags/example_bash_operator.py for tasks to queue
[2025-07-24T20:50:25.010+0000] {logging_mixin.py:188} INFO - [2025-07-24T20:50:25.010+0000] {dagbag.py:545} INFO - Filling up the DagBag from /home/airflow/.local/lib/python3.12/site-packages/airflow/example_dags/example_bash_operator.py
[2025-07-24T20:50:25.017+0000] {processor.py:840} INFO - DAG(s) 'example_bash_operator' retrieved from /home/airflow/.local/lib/python3.12/site-packages/airflow/example_dags/example_bash_operator.py
[2025-07-24T20:50:25.033+0000] {logging_mixin.py:188} INFO - [2025-07-24T20:50:25.033+0000] {dag.py:3096} INFO - Sync 1 DAGs
[2025-07-24T20:50:25.046+0000] {logging_mixin.py:188} INFO - [2025-07-24T20:50:25.046+0000] {dag.py:3954} INFO - Setting next_dagrun for example_bash_operator to 2025-07-23 00:00:00+00:00, run_after=2025-07-24 00:00:00+00:00
[2025-07-24T20:50:25.057+0000] {processor.py:183} INFO - Processing /home/airflow/.local/lib/python3.12/site-packages/airflow/example_dags/example_bash_operator.py took 0.052 seconds
[2025-07-24T20:50:55.157+0000] {processor.py:161} INFO - Started process (PID=921) to work on /home/airflow/.local/lib/python3.12/site-packages/airflow/example_dags/example_bash_operator.py
[2025-07-24T20:50:55.157+0000] {processor.py:830} INFO - Processing file /home/airflow/.local/lib/python3.12/site-packages/airflow/example_dags/example_bash_operator.py for tasks to queue
[2025-07-24T20:50:55.158+0000] {logging_mixin.py:188} INFO - [2025-07-24T20:50:55.158+0000] {dagbag.py:545} INFO - Filling up the DagBag from /home/airflow/.local/lib/python3.12/site-packages/airflow/example_dags/example_bash_operator.py
[2025-07-24T20:50:55.165+0000] {processor.py:840} INFO - DAG(s) 'example_bash_operator' retrieved from /home/airflow/.local/lib/python3.12/site-packages/airflow/example_dags/example_bash_operator.py
[2025-07-24T20:50:55.181+0000] {logging_mixin.py:188} INFO - [2025-07-24T20:50:55.180+0000] {dag.py:3096} INFO - Sync 1 DAGs
[2025-07-24T20:50:55.193+0000] {logging_mixin.py:188} INFO - [2025-07-24T20:50:55.193+0000] {dag.py:3954} INFO - Setting next_dagrun for example_bash_operator to 2025-07-23 00:00:00+00:00, run_after=2025-07-24 00:00:00+00:00
[2025-07-24T20:50:55.202+0000] {processor.py:183} INFO - Processing /home/airflow/.local/lib/python3.12/site-packages/airflow/example_dags/example_bash_operator.py took 0.049 seconds
[2025-07-24T20:51:25.929+0000] {processor.py:161} INFO - Started process (PID=979) to work on /home/airflow/.local/lib/python3.12/site-packages/airflow/example_dags/example_bash_operator.py
[2025-07-24T20:51:25.930+0000] {processor.py:830} INFO - Processing file /home/airflow/.local/lib/python3.12/site-packages/airflow/example_dags/example_bash_operator.py for tasks to queue
[2025-07-24T20:51:25.931+0000] {logging_mixin.py:188} INFO - [2025-07-24T20:51:25.931+0000] {dagbag.py:545} INFO - Filling up the DagBag from /home/airflow/.local/lib/python3.12/site-packages/airflow/example_dags/example_bash_operator.py
[2025-07-24T20:51:25.938+0000] {processor.py:840} INFO - DAG(s) 'example_bash_operator' retrieved from /home/airflow/.local/lib/python3.12/site-packages/airflow/example_dags/example_bash_operator.py
[2025-07-24T20:51:25.954+0000] {logging_mixin.py:188} INFO - [2025-07-24T20:51:25.954+0000] {dag.py:3096} INFO - Sync 1 DAGs
[2025-07-24T20:51:25.965+0000] {logging_mixin.py:188} INFO - [2025-07-24T20:51:25.965+0000] {dag.py:3954} INFO - Setting next_dagrun for example_bash_operator to 2025-07-23 00:00:00+00:00, run_after=2025-07-24 00:00:00+00:00
[2025-07-24T20:51:25.975+0000] {processor.py:183} INFO - Processing /home/airflow/.local/lib/python3.12/site-packages/airflow/example_dags/example_bash_operator.py took 0.050 seconds
[2025-07-24T20:51:56.649+0000] {processor.py:161} INFO - Started process (PID=1037) to work on /home/airflow/.local/lib/python3.12/site-packages/airflow/example_dags/example_bash_operator.py
[2025-07-24T20:51:56.649+0000] {processor.py:830} INFO - Processing file /home/airflow/.local/lib/python3.12/site-packages/airflow/example_dags/example_bash_operator.py for tasks to queue
[2025-07-24T20:51:56.650+0000] {logging_mixin.py:188} INFO - [2025-07-24T20:51:56.650+0000] {dagbag.py:545} INFO - Filling up the DagBag from /home/airflow/.local/lib/python3.12/site-packages/airflow/example_dags/example_bash_operator.py
[2025-07-24T20:51:56.657+0000] {processor.py:840} INFO - DAG(s) 'example_bash_operator' retrieved from /home/airflow/.local/lib/python3.12/site-packages/airflow/example_dags/example_bash_operator.py
[2025-07-24T20:51:56.672+0000] {logging_mixin.py:188} INFO - [2025-07-24T20:51:56.672+0000] {dag.py:3096} INFO - Sync 1 DAGs
[2025-07-24T20:51:56.684+0000] {logging_mixin.py:188} INFO - [2025-07-24T20:51:56.684+0000] {dag.py:3954} INFO - Setting next_dagrun for example_bash_operator to 2025-07-23 00:00:00+00:00, run_after=2025-07-24 00:00:00+00:00
[2025-07-24T20:51:56.693+0000] {processor.py:183} INFO - Processing /home/airflow/.local/lib/python3.12/site-packages/airflow/example_dags/example_bash_operator.py took 0.048 seconds
[2025-07-24T20:52:27.383+0000] {processor.py:161} INFO - Started process (PID=1095) to work on /home/airflow/.local/lib/python3.12/site-packages/airflow/example_dags/example_bash_operator.py
[2025-07-24T20:52:27.384+0000] {processor.py:830} INFO - Processing file /home/airflow/.local/lib/python3.12/site-packages/airflow/example_dags/example_bash_operator.py for tasks to queue
[2025-07-24T20:52:27.385+0000] {logging_mixin.py:188} INFO - [2025-07-24T20:52:27.384+0000] {dagbag.py:545} INFO - Filling up the DagBag from /home/airflow/.local/lib/python3.12/site-packages/airflow/example_dags/example_bash_operator.py
[2025-07-24T20:52:27.391+0000] {processor.py:840} INFO - DAG(s) 'example_bash_operator' retrieved from /home/airflow/.local/lib/python3.12/site-packages/airflow/example_dags/example_bash_operator.py
[2025-07-24T20:52:27.406+0000] {logging_mixin.py:188} INFO - [2025-07-24T20:52:27.406+0000] {dag.py:3096} INFO - Sync 1 DAGs
[2025-07-24T20:52:27.419+0000] {logging_mixin.py:188} INFO - [2025-07-24T20:52:27.418+0000] {dag.py:3954} INFO - Setting next_dagrun for example_bash_operator to 2025-07-23 00:00:00+00:00, run_after=2025-07-24 00:00:00+00:00
[2025-07-24T20:52:27.428+0000] {processor.py:183} INFO - Processing /home/airflow/.local/lib/python3.12/site-packages/airflow/example_dags/example_bash_operator.py took 0.048 seconds
[2025-07-24T20:52:58.106+0000] {processor.py:161} INFO - Started process (PID=1153) to work on /home/airflow/.local/lib/python3.12/site-packages/airflow/example_dags/example_bash_operator.py
[2025-07-24T20:52:58.106+0000] {processor.py:830} INFO - Processing file /home/airflow/.local/lib/python3.12/site-packages/airflow/example_dags/example_bash_operator.py for tasks to queue
[2025-07-24T20:52:58.107+0000] {logging_mixin.py:188} INFO - [2025-07-24T20:52:58.107+0000] {dagbag.py:545} INFO - Filling up the DagBag from /home/airflow/.local/lib/python3.12/site-packages/airflow/example_dags/example_bash_operator.py
[2025-07-24T20:52:58.114+0000] {processor.py:840} INFO - DAG(s) 'example_bash_operator' retrieved from /home/airflow/.local/lib/python3.12/site-packages/airflow/example_dags/example_bash_operator.py
[2025-07-24T20:52:58.129+0000] {logging_mixin.py:188} INFO - [2025-07-24T20:52:58.129+0000] {dag.py:3096} INFO - Sync 1 DAGs
[2025-07-24T20:52:58.142+0000] {logging_mixin.py:188} INFO - [2025-07-24T20:52:58.142+0000] {dag.py:3954} INFO - Setting next_dagrun for example_bash_operator to 2025-07-23 00:00:00+00:00, run_after=2025-07-24 00:00:00+00:00
[2025-07-24T20:52:58.151+0000] {processor.py:183} INFO - Processing /home/airflow/.local/lib/python3.12/site-packages/airflow/example_dags/example_bash_operator.py took 0.049 seconds
[2025-07-24T20:53:28.224+0000] {processor.py:161} INFO - Started process (PID=1211) to work on /home/airflow/.local/lib/python3.12/site-packages/airflow/example_dags/example_bash_operator.py
[2025-07-24T20:53:28.225+0000] {processor.py:830} INFO - Processing file /home/airflow/.local/lib/python3.12/site-packages/airflow/example_dags/example_bash_operator.py for tasks to queue
[2025-07-24T20:53:28.226+0000] {logging_mixin.py:188} INFO - [2025-07-24T20:53:28.226+0000] {dagbag.py:545} INFO - Filling up the DagBag from /home/airflow/.local/lib/python3.12/site-packages/airflow/example_dags/example_bash_operator.py
[2025-07-24T20:53:28.232+0000] {processor.py:840} INFO - DAG(s) 'example_bash_operator' retrieved from /home/airflow/.local/lib/python3.12/site-packages/airflow/example_dags/example_bash_operator.py
[2025-07-24T20:53:28.247+0000] {logging_mixin.py:188} INFO - [2025-07-24T20:53:28.246+0000] {dag.py:3096} INFO - Sync 1 DAGs
[2025-07-24T20:53:28.259+0000] {logging_mixin.py:188} INFO - [2025-07-24T20:53:28.259+0000] {dag.py:3954} INFO - Setting next_dagrun for example_bash_operator to 2025-07-23 00:00:00+00:00, run_after=2025-07-24 00:00:00+00:00
[2025-07-24T20:53:28.268+0000] {processor.py:183} INFO - Processing /home/airflow/.local/lib/python3.12/site-packages/airflow/example_dags/example_bash_operator.py took 0.047 seconds
[2025-07-24T20:53:58.329+0000] {processor.py:161} INFO - Started process (PID=1269) to work on /home/airflow/.local/lib/python3.12/site-packages/airflow/example_dags/example_bash_operator.py
[2025-07-24T20:53:58.330+0000] {processor.py:830} INFO - Processing file /home/airflow/.local/lib/python3.12/site-packages/airflow/example_dags/example_bash_operator.py for tasks to queue
[2025-07-24T20:53:58.331+0000] {logging_mixin.py:188} INFO - [2025-07-24T20:53:58.330+0000] {dagbag.py:545} INFO - Filling up the DagBag from /home/airflow/.local/lib/python3.12/site-packages/airflow/example_dags/example_bash_operator.py
[2025-07-24T20:53:58.337+0000] {processor.py:840} INFO - DAG(s) 'example_bash_operator' retrieved from /home/airflow/.local/lib/python3.12/site-packages/airflow/example_dags/example_bash_operator.py
[2025-07-24T20:53:58.354+0000] {logging_mixin.py:188} INFO - [2025-07-24T20:53:58.354+0000] {dag.py:3096} INFO - Sync 1 DAGs
[2025-07-24T20:53:58.367+0000] {logging_mixin.py:188} INFO - [2025-07-24T20:53:58.367+0000] {dag.py:3954} INFO - Setting next_dagrun for example_bash_operator to 2025-07-23 00:00:00+00:00, run_after=2025-07-24 00:00:00+00:00
[2025-07-24T20:53:58.378+0000] {processor.py:183} INFO - Processing /home/airflow/.local/lib/python3.12/site-packages/airflow/example_dags/example_bash_operator.py took 0.052 seconds
[2025-07-24T20:54:28.508+0000] {processor.py:161} INFO - Started process (PID=1327) to work on /home/airflow/.local/lib/python3.12/site-packages/airflow/example_dags/example_bash_operator.py
[2025-07-24T20:54:28.509+0000] {processor.py:830} INFO - Processing file /home/airflow/.local/lib/python3.12/site-packages/airflow/example_dags/example_bash_operator.py for tasks to queue
[2025-07-24T20:54:28.510+0000] {logging_mixin.py:188} INFO - [2025-07-24T20:54:28.510+0000] {dagbag.py:545} INFO - Filling up the DagBag from /home/airflow/.local/lib/python3.12/site-packages/airflow/example_dags/example_bash_operator.py
[2025-07-24T20:54:28.517+0000] {processor.py:840} INFO - DAG(s) 'example_bash_operator' retrieved from /home/airflow/.local/lib/python3.12/site-packages/airflow/example_dags/example_bash_operator.py
[2025-07-24T20:54:28.533+0000] {logging_mixin.py:188} INFO - [2025-07-24T20:54:28.533+0000] {dag.py:3096} INFO - Sync 1 DAGs
[2025-07-24T20:54:28.545+0000] {logging_mixin.py:188} INFO - [2025-07-24T20:54:28.545+0000] {dag.py:3954} INFO - Setting next_dagrun for example_bash_operator to 2025-07-23 00:00:00+00:00, run_after=2025-07-24 00:00:00+00:00
[2025-07-24T20:54:28.554+0000] {processor.py:183} INFO - Processing /home/airflow/.local/lib/python3.12/site-packages/airflow/example_dags/example_bash_operator.py took 0.049 seconds
[2025-07-24T20:54:59.401+0000] {processor.py:161} INFO - Started process (PID=1385) to work on /home/airflow/.local/lib/python3.12/site-packages/airflow/example_dags/example_bash_operator.py
[2025-07-24T20:54:59.401+0000] {processor.py:830} INFO - Processing file /home/airflow/.local/lib/python3.12/site-packages/airflow/example_dags/example_bash_operator.py for tasks to queue
[2025-07-24T20:54:59.403+0000] {logging_mixin.py:188} INFO - [2025-07-24T20:54:59.402+0000] {dagbag.py:545} INFO - Filling up the DagBag from /home/airflow/.local/lib/python3.12/site-packages/airflow/example_dags/example_bash_operator.py
[2025-07-24T20:54:59.409+0000] {processor.py:840} INFO - DAG(s) 'example_bash_operator' retrieved from /home/airflow/.local/lib/python3.12/site-packages/airflow/example_dags/example_bash_operator.py
[2025-07-24T20:54:59.424+0000] {logging_mixin.py:188} INFO - [2025-07-24T20:54:59.424+0000] {dag.py:3096} INFO - Sync 1 DAGs
[2025-07-24T20:54:59.436+0000] {logging_mixin.py:188} INFO - [2025-07-24T20:54:59.436+0000] {dag.py:3954} INFO - Setting next_dagrun for example_bash_operator to 2025-07-23 00:00:00+00:00, run_after=2025-07-24 00:00:00+00:00
[2025-07-24T20:54:59.446+0000] {processor.py:183} INFO - Processing /home/airflow/.local/lib/python3.12/site-packages/airflow/example_dags/example_bash_operator.py took 0.049 seconds
[2025-07-24T20:55:30.194+0000] {processor.py:161} INFO - Started process (PID=1443) to work on /home/airflow/.local/lib/python3.12/site-packages/airflow/example_dags/example_bash_operator.py
[2025-07-24T20:55:30.195+0000] {processor.py:830} INFO - Processing file /home/airflow/.local/lib/python3.12/site-packages/airflow/example_dags/example_bash_operator.py for tasks to queue
[2025-07-24T20:55:30.196+0000] {logging_mixin.py:188} INFO - [2025-07-24T20:55:30.196+0000] {dagbag.py:545} INFO - Filling up the DagBag from /home/airflow/.local/lib/python3.12/site-packages/airflow/example_dags/example_bash_operator.py
[2025-07-24T20:55:30.202+0000] {processor.py:840} INFO - DAG(s) 'example_bash_operator' retrieved from /home/airflow/.local/lib/python3.12/site-packages/airflow/example_dags/example_bash_operator.py
[2025-07-24T20:55:30.216+0000] {logging_mixin.py:188} INFO - [2025-07-24T20:55:30.216+0000] {dag.py:3096} INFO - Sync 1 DAGs
[2025-07-24T20:55:30.228+0000] {logging_mixin.py:188} INFO - [2025-07-24T20:55:30.228+0000] {dag.py:3954} INFO - Setting next_dagrun for example_bash_operator to 2025-07-23 00:00:00+00:00, run_after=2025-07-24 00:00:00+00:00
[2025-07-24T20:55:30.236+0000] {processor.py:183} INFO - Processing /home/airflow/.local/lib/python3.12/site-packages/airflow/example_dags/example_bash_operator.py took 0.045 seconds
[2025-07-24T20:56:01.127+0000] {processor.py:161} INFO - Started process (PID=1501) to work on /home/airflow/.local/lib/python3.12/site-packages/airflow/example_dags/example_bash_operator.py
[2025-07-24T20:56:01.129+0000] {processor.py:830} INFO - Processing file /home/airflow/.local/lib/python3.12/site-packages/airflow/example_dags/example_bash_operator.py for tasks to queue
[2025-07-24T20:56:01.131+0000] {logging_mixin.py:188} INFO - [2025-07-24T20:56:01.130+0000] {dagbag.py:545} INFO - Filling up the DagBag from /home/airflow/.local/lib/python3.12/site-packages/airflow/example_dags/example_bash_operator.py
[2025-07-24T20:56:01.136+0000] {processor.py:840} INFO - DAG(s) 'example_bash_operator' retrieved from /home/airflow/.local/lib/python3.12/site-packages/airflow/example_dags/example_bash_operator.py
[2025-07-24T20:56:01.151+0000] {logging_mixin.py:188} INFO - [2025-07-24T20:56:01.151+0000] {dag.py:3096} INFO - Sync 1 DAGs
