[2025-07-24T20:31:48.369+0000] {processor.py:161} INFO - Started process (PID=61) to work on /home/airflow/.local/lib/python3.12/site-packages/airflow/example_dags/example_python_operator.py
[2025-07-24T20:31:48.370+0000] {processor.py:830} INFO - Processing file /home/airflow/.local/lib/python3.12/site-packages/airflow/example_dags/example_python_operator.py for tasks to queue
[2025-07-24T20:31:48.371+0000] {logging_mixin.py:188} INFO - [2025-07-24T20:31:48.370+0000] {dagbag.py:545} INFO - Filling up the DagBag from /home/airflow/.local/lib/python3.12/site-packages/airflow/example_dags/example_python_operator.py
[2025-07-24T20:31:48.381+0000] {processor.py:840} INFO - DAG(s) 'example_python_operator' retrieved from /home/airflow/.local/lib/python3.12/site-packages/airflow/example_dags/example_python_operator.py
[2025-07-24T20:31:48.389+0000] {logging_mixin.py:188} INFO - [2025-07-24T20:31:48.389+0000] {dag.py:3096} INFO - Sync 1 DAGs
[2025-07-24T20:31:48.401+0000] {logging_mixin.py:188} INFO - [2025-07-24T20:31:48.401+0000] {dag.py:3954} INFO - Setting next_dagrun for example_python_operator to None, run_after=None
[2025-07-24T20:31:48.412+0000] {processor.py:183} INFO - Processing /home/airflow/.local/lib/python3.12/site-packages/airflow/example_dags/example_python_operator.py took 0.046 seconds
[2025-07-24T20:32:19.602+0000] {processor.py:161} INFO - Started process (PID=119) to work on /home/airflow/.local/lib/python3.12/site-packages/airflow/example_dags/example_python_operator.py
[2025-07-24T20:32:19.602+0000] {processor.py:830} INFO - Processing file /home/airflow/.local/lib/python3.12/site-packages/airflow/example_dags/example_python_operator.py for tasks to queue
[2025-07-24T20:32:19.603+0000] {logging_mixin.py:188} INFO - [2025-07-24T20:32:19.603+0000] {dagbag.py:545} INFO - Filling up the DagBag from /home/airflow/.local/lib/python3.12/site-packages/airflow/example_dags/example_python_operator.py
[2025-07-24T20:32:19.608+0000] {processor.py:840} INFO - DAG(s) 'example_python_operator' retrieved from /home/airflow/.local/lib/python3.12/site-packages/airflow/example_dags/example_python_operator.py
[2025-07-24T20:32:19.663+0000] {logging_mixin.py:188} INFO - [2025-07-24T20:32:19.663+0000] {dag.py:3096} INFO - Sync 1 DAGs
[2025-07-24T20:32:19.669+0000] {logging_mixin.py:188} INFO - [2025-07-24T20:32:19.669+0000] {dag.py:3954} INFO - Setting next_dagrun for example_python_operator to None, run_after=None
[2025-07-24T20:32:19.679+0000] {processor.py:183} INFO - Processing /home/airflow/.local/lib/python3.12/site-packages/airflow/example_dags/example_python_operator.py took 0.081 seconds
[2025-07-24T20:32:50.459+0000] {processor.py:161} INFO - Started process (PID=177) to work on /home/airflow/.local/lib/python3.12/site-packages/airflow/example_dags/example_python_operator.py
[2025-07-24T20:32:50.459+0000] {processor.py:830} INFO - Processing file /home/airflow/.local/lib/python3.12/site-packages/airflow/example_dags/example_python_operator.py for tasks to queue
[2025-07-24T20:32:50.461+0000] {logging_mixin.py:188} INFO - [2025-07-24T20:32:50.460+0000] {dagbag.py:545} INFO - Filling up the DagBag from /home/airflow/.local/lib/python3.12/site-packages/airflow/example_dags/example_python_operator.py
[2025-07-24T20:32:50.467+0000] {processor.py:840} INFO - DAG(s) 'example_python_operator' retrieved from /home/airflow/.local/lib/python3.12/site-packages/airflow/example_dags/example_python_operator.py
[2025-07-24T20:32:50.479+0000] {logging_mixin.py:188} INFO - [2025-07-24T20:32:50.479+0000] {dag.py:3096} INFO - Sync 1 DAGs
[2025-07-24T20:32:50.486+0000] {logging_mixin.py:188} INFO - [2025-07-24T20:32:50.486+0000] {dag.py:3954} INFO - Setting next_dagrun for example_python_operator to None, run_after=None
[2025-07-24T20:32:50.496+0000] {processor.py:183} INFO - Processing /home/airflow/.local/lib/python3.12/site-packages/airflow/example_dags/example_python_operator.py took 0.041 seconds
[2025-07-24T20:33:21.179+0000] {processor.py:161} INFO - Started process (PID=235) to work on /home/airflow/.local/lib/python3.12/site-packages/airflow/example_dags/example_python_operator.py
[2025-07-24T20:33:21.179+0000] {processor.py:830} INFO - Processing file /home/airflow/.local/lib/python3.12/site-packages/airflow/example_dags/example_python_operator.py for tasks to queue
[2025-07-24T20:33:21.180+0000] {logging_mixin.py:188} INFO - [2025-07-24T20:33:21.180+0000] {dagbag.py:545} INFO - Filling up the DagBag from /home/airflow/.local/lib/python3.12/site-packages/airflow/example_dags/example_python_operator.py
[2025-07-24T20:33:21.187+0000] {processor.py:840} INFO - DAG(s) 'example_python_operator' retrieved from /home/airflow/.local/lib/python3.12/site-packages/airflow/example_dags/example_python_operator.py
[2025-07-24T20:33:21.202+0000] {logging_mixin.py:188} INFO - [2025-07-24T20:33:21.202+0000] {dag.py:3096} INFO - Sync 1 DAGs
[2025-07-24T20:33:21.209+0000] {logging_mixin.py:188} INFO - [2025-07-24T20:33:21.209+0000] {dag.py:3954} INFO - Setting next_dagrun for example_python_operator to None, run_after=None
[2025-07-24T20:33:21.219+0000] {processor.py:183} INFO - Processing /home/airflow/.local/lib/python3.12/site-packages/airflow/example_dags/example_python_operator.py took 0.045 seconds
[2025-07-24T20:33:51.945+0000] {processor.py:161} INFO - Started process (PID=293) to work on /home/airflow/.local/lib/python3.12/site-packages/airflow/example_dags/example_python_operator.py
[2025-07-24T20:33:51.946+0000] {processor.py:830} INFO - Processing file /home/airflow/.local/lib/python3.12/site-packages/airflow/example_dags/example_python_operator.py for tasks to queue
[2025-07-24T20:33:51.947+0000] {logging_mixin.py:188} INFO - [2025-07-24T20:33:51.947+0000] {dagbag.py:545} INFO - Filling up the DagBag from /home/airflow/.local/lib/python3.12/site-packages/airflow/example_dags/example_python_operator.py
[2025-07-24T20:33:51.955+0000] {processor.py:840} INFO - DAG(s) 'example_python_operator' retrieved from /home/airflow/.local/lib/python3.12/site-packages/airflow/example_dags/example_python_operator.py
[2025-07-24T20:33:51.968+0000] {logging_mixin.py:188} INFO - [2025-07-24T20:33:51.968+0000] {dag.py:3096} INFO - Sync 1 DAGs
[2025-07-24T20:33:51.976+0000] {logging_mixin.py:188} INFO - [2025-07-24T20:33:51.976+0000] {dag.py:3954} INFO - Setting next_dagrun for example_python_operator to None, run_after=None
[2025-07-24T20:33:51.987+0000] {processor.py:183} INFO - Processing /home/airflow/.local/lib/python3.12/site-packages/airflow/example_dags/example_python_operator.py took 0.045 seconds
[2025-07-24T20:34:22.664+0000] {processor.py:161} INFO - Started process (PID=351) to work on /home/airflow/.local/lib/python3.12/site-packages/airflow/example_dags/example_python_operator.py
[2025-07-24T20:34:22.665+0000] {processor.py:830} INFO - Processing file /home/airflow/.local/lib/python3.12/site-packages/airflow/example_dags/example_python_operator.py for tasks to queue
[2025-07-24T20:34:22.666+0000] {logging_mixin.py:188} INFO - [2025-07-24T20:34:22.666+0000] {dagbag.py:545} INFO - Filling up the DagBag from /home/airflow/.local/lib/python3.12/site-packages/airflow/example_dags/example_python_operator.py
[2025-07-24T20:34:22.674+0000] {processor.py:840} INFO - DAG(s) 'example_python_operator' retrieved from /home/airflow/.local/lib/python3.12/site-packages/airflow/example_dags/example_python_operator.py
[2025-07-24T20:34:22.688+0000] {logging_mixin.py:188} INFO - [2025-07-24T20:34:22.688+0000] {dag.py:3096} INFO - Sync 1 DAGs
[2025-07-24T20:34:22.697+0000] {logging_mixin.py:188} INFO - [2025-07-24T20:34:22.696+0000] {dag.py:3954} INFO - Setting next_dagrun for example_python_operator to None, run_after=None
[2025-07-24T20:34:22.707+0000] {processor.py:183} INFO - Processing /home/airflow/.local/lib/python3.12/site-packages/airflow/example_dags/example_python_operator.py took 0.046 seconds
[2025-07-24T20:34:53.489+0000] {processor.py:161} INFO - Started process (PID=409) to work on /home/airflow/.local/lib/python3.12/site-packages/airflow/example_dags/example_python_operator.py
[2025-07-24T20:34:53.490+0000] {processor.py:830} INFO - Processing file /home/airflow/.local/lib/python3.12/site-packages/airflow/example_dags/example_python_operator.py for tasks to queue
[2025-07-24T20:34:53.491+0000] {logging_mixin.py:188} INFO - [2025-07-24T20:34:53.491+0000] {dagbag.py:545} INFO - Filling up the DagBag from /home/airflow/.local/lib/python3.12/site-packages/airflow/example_dags/example_python_operator.py
[2025-07-24T20:34:53.498+0000] {processor.py:840} INFO - DAG(s) 'example_python_operator' retrieved from /home/airflow/.local/lib/python3.12/site-packages/airflow/example_dags/example_python_operator.py
[2025-07-24T20:34:53.511+0000] {logging_mixin.py:188} INFO - [2025-07-24T20:34:53.511+0000] {dag.py:3096} INFO - Sync 1 DAGs
[2025-07-24T20:34:53.519+0000] {logging_mixin.py:188} INFO - [2025-07-24T20:34:53.519+0000] {dag.py:3954} INFO - Setting next_dagrun for example_python_operator to None, run_after=None
[2025-07-24T20:34:53.528+0000] {processor.py:183} INFO - Processing /home/airflow/.local/lib/python3.12/site-packages/airflow/example_dags/example_python_operator.py took 0.043 seconds
[2025-07-24T20:35:24.249+0000] {processor.py:161} INFO - Started process (PID=467) to work on /home/airflow/.local/lib/python3.12/site-packages/airflow/example_dags/example_python_operator.py
[2025-07-24T20:35:24.249+0000] {processor.py:830} INFO - Processing file /home/airflow/.local/lib/python3.12/site-packages/airflow/example_dags/example_python_operator.py for tasks to queue
[2025-07-24T20:35:24.250+0000] {logging_mixin.py:188} INFO - [2025-07-24T20:35:24.250+0000] {dagbag.py:545} INFO - Filling up the DagBag from /home/airflow/.local/lib/python3.12/site-packages/airflow/example_dags/example_python_operator.py
[2025-07-24T20:35:24.256+0000] {processor.py:840} INFO - DAG(s) 'example_python_operator' retrieved from /home/airflow/.local/lib/python3.12/site-packages/airflow/example_dags/example_python_operator.py
[2025-07-24T20:35:24.269+0000] {logging_mixin.py:188} INFO - [2025-07-24T20:35:24.269+0000] {dag.py:3096} INFO - Sync 1 DAGs
[2025-07-24T20:35:24.276+0000] {logging_mixin.py:188} INFO - [2025-07-24T20:35:24.276+0000] {dag.py:3954} INFO - Setting next_dagrun for example_python_operator to None, run_after=None
[2025-07-24T20:35:24.286+0000] {processor.py:183} INFO - Processing /home/airflow/.local/lib/python3.12/site-packages/airflow/example_dags/example_python_operator.py took 0.040 seconds
[2025-07-24T20:36:44.174+0000] {processor.py:161} INFO - Started process (PID=54) to work on /home/airflow/.local/lib/python3.12/site-packages/airflow/example_dags/example_python_operator.py
[2025-07-24T20:36:44.175+0000] {processor.py:830} INFO - Processing file /home/airflow/.local/lib/python3.12/site-packages/airflow/example_dags/example_python_operator.py for tasks to queue
[2025-07-24T20:36:44.176+0000] {logging_mixin.py:188} INFO - [2025-07-24T20:36:44.176+0000] {dagbag.py:545} INFO - Filling up the DagBag from /home/airflow/.local/lib/python3.12/site-packages/airflow/example_dags/example_python_operator.py
[2025-07-24T20:36:44.182+0000] {processor.py:840} INFO - DAG(s) 'example_python_operator' retrieved from /home/airflow/.local/lib/python3.12/site-packages/airflow/example_dags/example_python_operator.py
[2025-07-24T20:36:44.189+0000] {logging_mixin.py:188} INFO - [2025-07-24T20:36:44.189+0000] {dag.py:3096} INFO - Sync 1 DAGs
[2025-07-24T20:36:44.198+0000] {logging_mixin.py:188} INFO - [2025-07-24T20:36:44.198+0000] {dag.py:3954} INFO - Setting next_dagrun for example_python_operator to None, run_after=None
[2025-07-24T20:36:44.207+0000] {processor.py:183} INFO - Processing /home/airflow/.local/lib/python3.12/site-packages/airflow/example_dags/example_python_operator.py took 0.036 seconds
[2025-07-24T20:37:14.805+0000] {processor.py:161} INFO - Started process (PID=112) to work on /home/airflow/.local/lib/python3.12/site-packages/airflow/example_dags/example_python_operator.py
[2025-07-24T20:37:14.806+0000] {processor.py:830} INFO - Processing file /home/airflow/.local/lib/python3.12/site-packages/airflow/example_dags/example_python_operator.py for tasks to queue
[2025-07-24T20:37:14.807+0000] {logging_mixin.py:188} INFO - [2025-07-24T20:37:14.807+0000] {dagbag.py:545} INFO - Filling up the DagBag from /home/airflow/.local/lib/python3.12/site-packages/airflow/example_dags/example_python_operator.py
[2025-07-24T20:37:14.814+0000] {processor.py:840} INFO - DAG(s) 'example_python_operator' retrieved from /home/airflow/.local/lib/python3.12/site-packages/airflow/example_dags/example_python_operator.py
[2025-07-24T20:37:14.821+0000] {logging_mixin.py:188} INFO - [2025-07-24T20:37:14.821+0000] {dag.py:3096} INFO - Sync 1 DAGs
[2025-07-24T20:37:14.829+0000] {logging_mixin.py:188} INFO - [2025-07-24T20:37:14.828+0000] {dag.py:3954} INFO - Setting next_dagrun for example_python_operator to None, run_after=None
[2025-07-24T20:37:14.838+0000] {processor.py:183} INFO - Processing /home/airflow/.local/lib/python3.12/site-packages/airflow/example_dags/example_python_operator.py took 0.036 seconds
[2025-07-24T20:37:45.764+0000] {processor.py:161} INFO - Started process (PID=170) to work on /home/airflow/.local/lib/python3.12/site-packages/airflow/example_dags/example_python_operator.py
[2025-07-24T20:37:45.764+0000] {processor.py:830} INFO - Processing file /home/airflow/.local/lib/python3.12/site-packages/airflow/example_dags/example_python_operator.py for tasks to queue
[2025-07-24T20:37:45.765+0000] {logging_mixin.py:188} INFO - [2025-07-24T20:37:45.765+0000] {dagbag.py:545} INFO - Filling up the DagBag from /home/airflow/.local/lib/python3.12/site-packages/airflow/example_dags/example_python_operator.py
[2025-07-24T20:37:45.772+0000] {processor.py:840} INFO - DAG(s) 'example_python_operator' retrieved from /home/airflow/.local/lib/python3.12/site-packages/airflow/example_dags/example_python_operator.py
[2025-07-24T20:37:45.829+0000] {logging_mixin.py:188} INFO - [2025-07-24T20:37:45.829+0000] {dag.py:3096} INFO - Sync 1 DAGs
[2025-07-24T20:37:45.834+0000] {logging_mixin.py:188} INFO - [2025-07-24T20:37:45.834+0000] {dag.py:3954} INFO - Setting next_dagrun for example_python_operator to None, run_after=None
[2025-07-24T20:37:45.844+0000] {processor.py:183} INFO - Processing /home/airflow/.local/lib/python3.12/site-packages/airflow/example_dags/example_python_operator.py took 0.083 seconds
[2025-07-24T20:38:16.227+0000] {processor.py:161} INFO - Started process (PID=228) to work on /home/airflow/.local/lib/python3.12/site-packages/airflow/example_dags/example_python_operator.py
[2025-07-24T20:38:16.227+0000] {processor.py:830} INFO - Processing file /home/airflow/.local/lib/python3.12/site-packages/airflow/example_dags/example_python_operator.py for tasks to queue
[2025-07-24T20:38:16.228+0000] {logging_mixin.py:188} INFO - [2025-07-24T20:38:16.228+0000] {dagbag.py:545} INFO - Filling up the DagBag from /home/airflow/.local/lib/python3.12/site-packages/airflow/example_dags/example_python_operator.py
[2025-07-24T20:38:16.234+0000] {processor.py:840} INFO - DAG(s) 'example_python_operator' retrieved from /home/airflow/.local/lib/python3.12/site-packages/airflow/example_dags/example_python_operator.py
[2025-07-24T20:38:16.247+0000] {logging_mixin.py:188} INFO - [2025-07-24T20:38:16.247+0000] {dag.py:3096} INFO - Sync 1 DAGs
[2025-07-24T20:38:16.256+0000] {logging_mixin.py:188} INFO - [2025-07-24T20:38:16.255+0000] {dag.py:3954} INFO - Setting next_dagrun for example_python_operator to None, run_after=None
[2025-07-24T20:38:16.266+0000] {processor.py:183} INFO - Processing /home/airflow/.local/lib/python3.12/site-packages/airflow/example_dags/example_python_operator.py took 0.043 seconds
[2025-07-24T20:38:46.962+0000] {processor.py:161} INFO - Started process (PID=286) to work on /home/airflow/.local/lib/python3.12/site-packages/airflow/example_dags/example_python_operator.py
[2025-07-24T20:38:46.963+0000] {processor.py:830} INFO - Processing file /home/airflow/.local/lib/python3.12/site-packages/airflow/example_dags/example_python_operator.py for tasks to queue
[2025-07-24T20:38:46.964+0000] {logging_mixin.py:188} INFO - [2025-07-24T20:38:46.964+0000] {dagbag.py:545} INFO - Filling up the DagBag from /home/airflow/.local/lib/python3.12/site-packages/airflow/example_dags/example_python_operator.py
[2025-07-24T20:38:46.969+0000] {processor.py:840} INFO - DAG(s) 'example_python_operator' retrieved from /home/airflow/.local/lib/python3.12/site-packages/airflow/example_dags/example_python_operator.py
[2025-07-24T20:38:46.981+0000] {logging_mixin.py:188} INFO - [2025-07-24T20:38:46.981+0000] {dag.py:3096} INFO - Sync 1 DAGs
[2025-07-24T20:38:46.987+0000] {logging_mixin.py:188} INFO - [2025-07-24T20:38:46.987+0000] {dag.py:3954} INFO - Setting next_dagrun for example_python_operator to None, run_after=None
[2025-07-24T20:38:46.997+0000] {processor.py:183} INFO - Processing /home/airflow/.local/lib/python3.12/site-packages/airflow/example_dags/example_python_operator.py took 0.038 seconds
[2025-07-24T20:39:17.723+0000] {processor.py:161} INFO - Started process (PID=350) to work on /home/airflow/.local/lib/python3.12/site-packages/airflow/example_dags/example_python_operator.py
[2025-07-24T20:39:17.723+0000] {processor.py:830} INFO - Processing file /home/airflow/.local/lib/python3.12/site-packages/airflow/example_dags/example_python_operator.py for tasks to queue
[2025-07-24T20:39:17.724+0000] {logging_mixin.py:188} INFO - [2025-07-24T20:39:17.724+0000] {dagbag.py:545} INFO - Filling up the DagBag from /home/airflow/.local/lib/python3.12/site-packages/airflow/example_dags/example_python_operator.py
[2025-07-24T20:39:17.730+0000] {processor.py:840} INFO - DAG(s) 'example_python_operator' retrieved from /home/airflow/.local/lib/python3.12/site-packages/airflow/example_dags/example_python_operator.py
[2025-07-24T20:39:17.744+0000] {logging_mixin.py:188} INFO - [2025-07-24T20:39:17.743+0000] {dag.py:3096} INFO - Sync 1 DAGs
[2025-07-24T20:39:17.751+0000] {logging_mixin.py:188} INFO - [2025-07-24T20:39:17.751+0000] {dag.py:3954} INFO - Setting next_dagrun for example_python_operator to None, run_after=None
[2025-07-24T20:39:17.762+0000] {processor.py:183} INFO - Processing /home/airflow/.local/lib/python3.12/site-packages/airflow/example_dags/example_python_operator.py took 0.043 seconds
[2025-07-24T20:39:48.498+0000] {processor.py:161} INFO - Started process (PID=408) to work on /home/airflow/.local/lib/python3.12/site-packages/airflow/example_dags/example_python_operator.py
[2025-07-24T20:39:48.499+0000] {processor.py:830} INFO - Processing file /home/airflow/.local/lib/python3.12/site-packages/airflow/example_dags/example_python_operator.py for tasks to queue
[2025-07-24T20:39:48.500+0000] {logging_mixin.py:188} INFO - [2025-07-24T20:39:48.500+0000] {dagbag.py:545} INFO - Filling up the DagBag from /home/airflow/.local/lib/python3.12/site-packages/airflow/example_dags/example_python_operator.py
[2025-07-24T20:39:48.506+0000] {processor.py:840} INFO - DAG(s) 'example_python_operator' retrieved from /home/airflow/.local/lib/python3.12/site-packages/airflow/example_dags/example_python_operator.py
[2025-07-24T20:39:48.519+0000] {logging_mixin.py:188} INFO - [2025-07-24T20:39:48.519+0000] {dag.py:3096} INFO - Sync 1 DAGs
[2025-07-24T20:39:48.526+0000] {logging_mixin.py:188} INFO - [2025-07-24T20:39:48.526+0000] {dag.py:3954} INFO - Setting next_dagrun for example_python_operator to None, run_after=None
[2025-07-24T20:39:48.536+0000] {processor.py:183} INFO - Processing /home/airflow/.local/lib/python3.12/site-packages/airflow/example_dags/example_python_operator.py took 0.042 seconds
[2025-07-24T20:40:19.141+0000] {processor.py:161} INFO - Started process (PID=466) to work on /home/airflow/.local/lib/python3.12/site-packages/airflow/example_dags/example_python_operator.py
[2025-07-24T20:40:19.141+0000] {processor.py:830} INFO - Processing file /home/airflow/.local/lib/python3.12/site-packages/airflow/example_dags/example_python_operator.py for tasks to queue
[2025-07-24T20:40:19.142+0000] {logging_mixin.py:188} INFO - [2025-07-24T20:40:19.142+0000] {dagbag.py:545} INFO - Filling up the DagBag from /home/airflow/.local/lib/python3.12/site-packages/airflow/example_dags/example_python_operator.py
[2025-07-24T20:40:19.148+0000] {processor.py:840} INFO - DAG(s) 'example_python_operator' retrieved from /home/airflow/.local/lib/python3.12/site-packages/airflow/example_dags/example_python_operator.py
[2025-07-24T20:40:19.160+0000] {logging_mixin.py:188} INFO - [2025-07-24T20:40:19.160+0000] {dag.py:3096} INFO - Sync 1 DAGs
[2025-07-24T20:40:19.168+0000] {logging_mixin.py:188} INFO - [2025-07-24T20:40:19.167+0000] {dag.py:3954} INFO - Setting next_dagrun for example_python_operator to None, run_after=None
[2025-07-24T20:40:19.177+0000] {processor.py:183} INFO - Processing /home/airflow/.local/lib/python3.12/site-packages/airflow/example_dags/example_python_operator.py took 0.040 seconds
[2025-07-24T20:40:50.111+0000] {processor.py:161} INFO - Started process (PID=524) to work on /home/airflow/.local/lib/python3.12/site-packages/airflow/example_dags/example_python_operator.py
[2025-07-24T20:40:50.111+0000] {processor.py:830} INFO - Processing file /home/airflow/.local/lib/python3.12/site-packages/airflow/example_dags/example_python_operator.py for tasks to queue
[2025-07-24T20:40:50.112+0000] {logging_mixin.py:188} INFO - [2025-07-24T20:40:50.112+0000] {dagbag.py:545} INFO - Filling up the DagBag from /home/airflow/.local/lib/python3.12/site-packages/airflow/example_dags/example_python_operator.py
[2025-07-24T20:40:50.118+0000] {processor.py:840} INFO - DAG(s) 'example_python_operator' retrieved from /home/airflow/.local/lib/python3.12/site-packages/airflow/example_dags/example_python_operator.py
[2025-07-24T20:40:50.131+0000] {logging_mixin.py:188} INFO - [2025-07-24T20:40:50.131+0000] {dag.py:3096} INFO - Sync 1 DAGs
[2025-07-24T20:40:50.138+0000] {logging_mixin.py:188} INFO - [2025-07-24T20:40:50.137+0000] {dag.py:3954} INFO - Setting next_dagrun for example_python_operator to None, run_after=None
[2025-07-24T20:40:50.147+0000] {processor.py:183} INFO - Processing /home/airflow/.local/lib/python3.12/site-packages/airflow/example_dags/example_python_operator.py took 0.040 seconds
[2025-07-24T20:41:21.127+0000] {processor.py:161} INFO - Started process (PID=582) to work on /home/airflow/.local/lib/python3.12/site-packages/airflow/example_dags/example_python_operator.py
[2025-07-24T20:41:21.128+0000] {processor.py:830} INFO - Processing file /home/airflow/.local/lib/python3.12/site-packages/airflow/example_dags/example_python_operator.py for tasks to queue
[2025-07-24T20:41:21.129+0000] {logging_mixin.py:188} INFO - [2025-07-24T20:41:21.129+0000] {dagbag.py:545} INFO - Filling up the DagBag from /home/airflow/.local/lib/python3.12/site-packages/airflow/example_dags/example_python_operator.py
[2025-07-24T20:41:21.136+0000] {processor.py:840} INFO - DAG(s) 'example_python_operator' retrieved from /home/airflow/.local/lib/python3.12/site-packages/airflow/example_dags/example_python_operator.py
[2025-07-24T20:41:21.149+0000] {logging_mixin.py:188} INFO - [2025-07-24T20:41:21.149+0000] {dag.py:3096} INFO - Sync 1 DAGs
[2025-07-24T20:41:21.156+0000] {logging_mixin.py:188} INFO - [2025-07-24T20:41:21.156+0000] {dag.py:3954} INFO - Setting next_dagrun for example_python_operator to None, run_after=None
[2025-07-24T20:41:21.166+0000] {processor.py:183} INFO - Processing /home/airflow/.local/lib/python3.12/site-packages/airflow/example_dags/example_python_operator.py took 0.043 seconds
[2025-07-24T20:41:51.878+0000] {processor.py:161} INFO - Started process (PID=640) to work on /home/airflow/.local/lib/python3.12/site-packages/airflow/example_dags/example_python_operator.py
[2025-07-24T20:41:51.878+0000] {processor.py:830} INFO - Processing file /home/airflow/.local/lib/python3.12/site-packages/airflow/example_dags/example_python_operator.py for tasks to queue
[2025-07-24T20:41:51.879+0000] {logging_mixin.py:188} INFO - [2025-07-24T20:41:51.879+0000] {dagbag.py:545} INFO - Filling up the DagBag from /home/airflow/.local/lib/python3.12/site-packages/airflow/example_dags/example_python_operator.py
[2025-07-24T20:41:51.884+0000] {processor.py:840} INFO - DAG(s) 'example_python_operator' retrieved from /home/airflow/.local/lib/python3.12/site-packages/airflow/example_dags/example_python_operator.py
[2025-07-24T20:41:51.895+0000] {logging_mixin.py:188} INFO - [2025-07-24T20:41:51.895+0000] {dag.py:3096} INFO - Sync 1 DAGs
[2025-07-24T20:41:51.902+0000] {logging_mixin.py:188} INFO - [2025-07-24T20:41:51.901+0000] {dag.py:3954} INFO - Setting next_dagrun for example_python_operator to None, run_after=None
[2025-07-24T20:41:51.910+0000] {processor.py:183} INFO - Processing /home/airflow/.local/lib/python3.12/site-packages/airflow/example_dags/example_python_operator.py took 0.036 seconds
[2025-07-24T20:42:22.824+0000] {processor.py:161} INFO - Started process (PID=698) to work on /home/airflow/.local/lib/python3.12/site-packages/airflow/example_dags/example_python_operator.py
[2025-07-24T20:42:22.825+0000] {processor.py:830} INFO - Processing file /home/airflow/.local/lib/python3.12/site-packages/airflow/example_dags/example_python_operator.py for tasks to queue
[2025-07-24T20:42:22.826+0000] {logging_mixin.py:188} INFO - [2025-07-24T20:42:22.825+0000] {dagbag.py:545} INFO - Filling up the DagBag from /home/airflow/.local/lib/python3.12/site-packages/airflow/example_dags/example_python_operator.py
[2025-07-24T20:42:22.832+0000] {processor.py:840} INFO - DAG(s) 'example_python_operator' retrieved from /home/airflow/.local/lib/python3.12/site-packages/airflow/example_dags/example_python_operator.py
[2025-07-24T20:42:22.844+0000] {logging_mixin.py:188} INFO - [2025-07-24T20:42:22.844+0000] {dag.py:3096} INFO - Sync 1 DAGs
[2025-07-24T20:42:22.852+0000] {logging_mixin.py:188} INFO - [2025-07-24T20:42:22.852+0000] {dag.py:3954} INFO - Setting next_dagrun for example_python_operator to None, run_after=None
[2025-07-24T20:42:22.861+0000] {processor.py:183} INFO - Processing /home/airflow/.local/lib/python3.12/site-packages/airflow/example_dags/example_python_operator.py took 0.040 seconds
[2025-07-24T20:43:16.691+0000] {processor.py:161} INFO - Started process (PID=54) to work on /home/airflow/.local/lib/python3.12/site-packages/airflow/example_dags/example_python_operator.py
[2025-07-24T20:43:16.692+0000] {processor.py:830} INFO - Processing file /home/airflow/.local/lib/python3.12/site-packages/airflow/example_dags/example_python_operator.py for tasks to queue
[2025-07-24T20:43:16.692+0000] {logging_mixin.py:188} INFO - [2025-07-24T20:43:16.692+0000] {dagbag.py:545} INFO - Filling up the DagBag from /home/airflow/.local/lib/python3.12/site-packages/airflow/example_dags/example_python_operator.py
[2025-07-24T20:43:16.698+0000] {processor.py:840} INFO - DAG(s) 'example_python_operator' retrieved from /home/airflow/.local/lib/python3.12/site-packages/airflow/example_dags/example_python_operator.py
[2025-07-24T20:43:16.704+0000] {logging_mixin.py:188} INFO - [2025-07-24T20:43:16.704+0000] {dag.py:3096} INFO - Sync 1 DAGs
[2025-07-24T20:43:16.712+0000] {logging_mixin.py:188} INFO - [2025-07-24T20:43:16.712+0000] {dag.py:3954} INFO - Setting next_dagrun for example_python_operator to None, run_after=None
[2025-07-24T20:43:16.721+0000] {processor.py:183} INFO - Processing /home/airflow/.local/lib/python3.12/site-packages/airflow/example_dags/example_python_operator.py took 0.032 seconds
[2025-07-24T20:43:47.723+0000] {processor.py:161} INFO - Started process (PID=112) to work on /home/airflow/.local/lib/python3.12/site-packages/airflow/example_dags/example_python_operator.py
[2025-07-24T20:43:47.724+0000] {processor.py:830} INFO - Processing file /home/airflow/.local/lib/python3.12/site-packages/airflow/example_dags/example_python_operator.py for tasks to queue
[2025-07-24T20:43:47.725+0000] {logging_mixin.py:188} INFO - [2025-07-24T20:43:47.725+0000] {dagbag.py:545} INFO - Filling up the DagBag from /home/airflow/.local/lib/python3.12/site-packages/airflow/example_dags/example_python_operator.py
[2025-07-24T20:43:47.731+0000] {processor.py:840} INFO - DAG(s) 'example_python_operator' retrieved from /home/airflow/.local/lib/python3.12/site-packages/airflow/example_dags/example_python_operator.py
[2025-07-24T20:43:47.792+0000] {logging_mixin.py:188} INFO - [2025-07-24T20:43:47.792+0000] {dag.py:3096} INFO - Sync 1 DAGs
[2025-07-24T20:43:47.797+0000] {logging_mixin.py:188} INFO - [2025-07-24T20:43:47.797+0000] {dag.py:3954} INFO - Setting next_dagrun for example_python_operator to None, run_after=None
[2025-07-24T20:43:47.807+0000] {processor.py:183} INFO - Processing /home/airflow/.local/lib/python3.12/site-packages/airflow/example_dags/example_python_operator.py took 0.087 seconds
[2025-07-24T20:44:18.505+0000] {processor.py:161} INFO - Started process (PID=170) to work on /home/airflow/.local/lib/python3.12/site-packages/airflow/example_dags/example_python_operator.py
[2025-07-24T20:44:18.505+0000] {processor.py:830} INFO - Processing file /home/airflow/.local/lib/python3.12/site-packages/airflow/example_dags/example_python_operator.py for tasks to queue
[2025-07-24T20:44:18.506+0000] {logging_mixin.py:188} INFO - [2025-07-24T20:44:18.506+0000] {dagbag.py:545} INFO - Filling up the DagBag from /home/airflow/.local/lib/python3.12/site-packages/airflow/example_dags/example_python_operator.py
[2025-07-24T20:44:18.511+0000] {processor.py:840} INFO - DAG(s) 'example_python_operator' retrieved from /home/airflow/.local/lib/python3.12/site-packages/airflow/example_dags/example_python_operator.py
[2025-07-24T20:44:18.523+0000] {logging_mixin.py:188} INFO - [2025-07-24T20:44:18.523+0000] {dag.py:3096} INFO - Sync 1 DAGs
[2025-07-24T20:44:18.529+0000] {logging_mixin.py:188} INFO - [2025-07-24T20:44:18.529+0000] {dag.py:3954} INFO - Setting next_dagrun for example_python_operator to None, run_after=None
[2025-07-24T20:44:18.538+0000] {processor.py:183} INFO - Processing /home/airflow/.local/lib/python3.12/site-packages/airflow/example_dags/example_python_operator.py took 0.036 seconds
[2025-07-24T20:44:48.655+0000] {processor.py:161} INFO - Started process (PID=228) to work on /home/airflow/.local/lib/python3.12/site-packages/airflow/example_dags/example_python_operator.py
[2025-07-24T20:44:48.655+0000] {processor.py:830} INFO - Processing file /home/airflow/.local/lib/python3.12/site-packages/airflow/example_dags/example_python_operator.py for tasks to queue
[2025-07-24T20:44:48.656+0000] {logging_mixin.py:188} INFO - [2025-07-24T20:44:48.656+0000] {dagbag.py:545} INFO - Filling up the DagBag from /home/airflow/.local/lib/python3.12/site-packages/airflow/example_dags/example_python_operator.py
[2025-07-24T20:44:48.662+0000] {processor.py:840} INFO - DAG(s) 'example_python_operator' retrieved from /home/airflow/.local/lib/python3.12/site-packages/airflow/example_dags/example_python_operator.py
[2025-07-24T20:44:48.675+0000] {logging_mixin.py:188} INFO - [2025-07-24T20:44:48.675+0000] {dag.py:3096} INFO - Sync 1 DAGs
[2025-07-24T20:44:48.682+0000] {logging_mixin.py:188} INFO - [2025-07-24T20:44:48.682+0000] {dag.py:3954} INFO - Setting next_dagrun for example_python_operator to None, run_after=None
[2025-07-24T20:44:48.692+0000] {processor.py:183} INFO - Processing /home/airflow/.local/lib/python3.12/site-packages/airflow/example_dags/example_python_operator.py took 0.041 seconds
[2025-07-24T20:45:18.756+0000] {processor.py:161} INFO - Started process (PID=286) to work on /home/airflow/.local/lib/python3.12/site-packages/airflow/example_dags/example_python_operator.py
[2025-07-24T20:45:18.757+0000] {processor.py:830} INFO - Processing file /home/airflow/.local/lib/python3.12/site-packages/airflow/example_dags/example_python_operator.py for tasks to queue
[2025-07-24T20:45:18.758+0000] {logging_mixin.py:188} INFO - [2025-07-24T20:45:18.758+0000] {dagbag.py:545} INFO - Filling up the DagBag from /home/airflow/.local/lib/python3.12/site-packages/airflow/example_dags/example_python_operator.py
[2025-07-24T20:45:18.763+0000] {processor.py:840} INFO - DAG(s) 'example_python_operator' retrieved from /home/airflow/.local/lib/python3.12/site-packages/airflow/example_dags/example_python_operator.py
[2025-07-24T20:45:18.774+0000] {logging_mixin.py:188} INFO - [2025-07-24T20:45:18.774+0000] {dag.py:3096} INFO - Sync 1 DAGs
[2025-07-24T20:45:18.780+0000] {logging_mixin.py:188} INFO - [2025-07-24T20:45:18.780+0000] {dag.py:3954} INFO - Setting next_dagrun for example_python_operator to None, run_after=None
[2025-07-24T20:45:18.789+0000] {processor.py:183} INFO - Processing /home/airflow/.local/lib/python3.12/site-packages/airflow/example_dags/example_python_operator.py took 0.036 seconds
[2025-07-24T20:45:49.324+0000] {processor.py:161} INFO - Started process (PID=344) to work on /home/airflow/.local/lib/python3.12/site-packages/airflow/example_dags/example_python_operator.py
[2025-07-24T20:45:49.324+0000] {processor.py:830} INFO - Processing file /home/airflow/.local/lib/python3.12/site-packages/airflow/example_dags/example_python_operator.py for tasks to queue
[2025-07-24T20:45:49.325+0000] {logging_mixin.py:188} INFO - [2025-07-24T20:45:49.325+0000] {dagbag.py:545} INFO - Filling up the DagBag from /home/airflow/.local/lib/python3.12/site-packages/airflow/example_dags/example_python_operator.py
[2025-07-24T20:45:49.331+0000] {processor.py:840} INFO - DAG(s) 'example_python_operator' retrieved from /home/airflow/.local/lib/python3.12/site-packages/airflow/example_dags/example_python_operator.py
[2025-07-24T20:45:49.345+0000] {logging_mixin.py:188} INFO - [2025-07-24T20:45:49.345+0000] {dag.py:3096} INFO - Sync 1 DAGs
[2025-07-24T20:45:49.352+0000] {logging_mixin.py:188} INFO - [2025-07-24T20:45:49.352+0000] {dag.py:3954} INFO - Setting next_dagrun for example_python_operator to None, run_after=None
[2025-07-24T20:45:49.362+0000] {processor.py:183} INFO - Processing /home/airflow/.local/lib/python3.12/site-packages/airflow/example_dags/example_python_operator.py took 0.042 seconds
[2025-07-24T20:46:19.977+0000] {processor.py:161} INFO - Started process (PID=402) to work on /home/airflow/.local/lib/python3.12/site-packages/airflow/example_dags/example_python_operator.py
[2025-07-24T20:46:19.978+0000] {processor.py:830} INFO - Processing file /home/airflow/.local/lib/python3.12/site-packages/airflow/example_dags/example_python_operator.py for tasks to queue
[2025-07-24T20:46:19.979+0000] {logging_mixin.py:188} INFO - [2025-07-24T20:46:19.979+0000] {dagbag.py:545} INFO - Filling up the DagBag from /home/airflow/.local/lib/python3.12/site-packages/airflow/example_dags/example_python_operator.py
[2025-07-24T20:46:19.985+0000] {processor.py:840} INFO - DAG(s) 'example_python_operator' retrieved from /home/airflow/.local/lib/python3.12/site-packages/airflow/example_dags/example_python_operator.py
[2025-07-24T20:46:19.999+0000] {logging_mixin.py:188} INFO - [2025-07-24T20:46:19.999+0000] {dag.py:3096} INFO - Sync 1 DAGs
[2025-07-24T20:46:20.006+0000] {logging_mixin.py:188} INFO - [2025-07-24T20:46:20.006+0000] {dag.py:3954} INFO - Setting next_dagrun for example_python_operator to None, run_after=None
[2025-07-24T20:46:20.018+0000] {processor.py:183} INFO - Processing /home/airflow/.local/lib/python3.12/site-packages/airflow/example_dags/example_python_operator.py took 0.044 seconds
[2025-07-24T20:46:50.696+0000] {processor.py:161} INFO - Started process (PID=466) to work on /home/airflow/.local/lib/python3.12/site-packages/airflow/example_dags/example_python_operator.py
[2025-07-24T20:46:50.696+0000] {processor.py:830} INFO - Processing file /home/airflow/.local/lib/python3.12/site-packages/airflow/example_dags/example_python_operator.py for tasks to queue
[2025-07-24T20:46:50.697+0000] {logging_mixin.py:188} INFO - [2025-07-24T20:46:50.697+0000] {dagbag.py:545} INFO - Filling up the DagBag from /home/airflow/.local/lib/python3.12/site-packages/airflow/example_dags/example_python_operator.py
[2025-07-24T20:46:50.703+0000] {processor.py:840} INFO - DAG(s) 'example_python_operator' retrieved from /home/airflow/.local/lib/python3.12/site-packages/airflow/example_dags/example_python_operator.py
[2025-07-24T20:46:50.716+0000] {logging_mixin.py:188} INFO - [2025-07-24T20:46:50.716+0000] {dag.py:3096} INFO - Sync 1 DAGs
[2025-07-24T20:46:50.723+0000] {logging_mixin.py:188} INFO - [2025-07-24T20:46:50.723+0000] {dag.py:3954} INFO - Setting next_dagrun for example_python_operator to None, run_after=None
[2025-07-24T20:46:50.733+0000] {processor.py:183} INFO - Processing /home/airflow/.local/lib/python3.12/site-packages/airflow/example_dags/example_python_operator.py took 0.040 seconds
[2025-07-24T20:47:21.319+0000] {processor.py:161} INFO - Started process (PID=524) to work on /home/airflow/.local/lib/python3.12/site-packages/airflow/example_dags/example_python_operator.py
[2025-07-24T20:47:21.320+0000] {processor.py:830} INFO - Processing file /home/airflow/.local/lib/python3.12/site-packages/airflow/example_dags/example_python_operator.py for tasks to queue
[2025-07-24T20:47:21.321+0000] {logging_mixin.py:188} INFO - [2025-07-24T20:47:21.321+0000] {dagbag.py:545} INFO - Filling up the DagBag from /home/airflow/.local/lib/python3.12/site-packages/airflow/example_dags/example_python_operator.py
[2025-07-24T20:47:21.327+0000] {processor.py:840} INFO - DAG(s) 'example_python_operator' retrieved from /home/airflow/.local/lib/python3.12/site-packages/airflow/example_dags/example_python_operator.py
[2025-07-24T20:47:21.342+0000] {logging_mixin.py:188} INFO - [2025-07-24T20:47:21.341+0000] {dag.py:3096} INFO - Sync 1 DAGs
[2025-07-24T20:47:21.349+0000] {logging_mixin.py:188} INFO - [2025-07-24T20:47:21.349+0000] {dag.py:3954} INFO - Setting next_dagrun for example_python_operator to None, run_after=None
[2025-07-24T20:47:21.358+0000] {processor.py:183} INFO - Processing /home/airflow/.local/lib/python3.12/site-packages/airflow/example_dags/example_python_operator.py took 0.044 seconds
[2025-07-24T20:47:52.083+0000] {processor.py:161} INFO - Started process (PID=582) to work on /home/airflow/.local/lib/python3.12/site-packages/airflow/example_dags/example_python_operator.py
[2025-07-24T20:47:52.083+0000] {processor.py:830} INFO - Processing file /home/airflow/.local/lib/python3.12/site-packages/airflow/example_dags/example_python_operator.py for tasks to queue
[2025-07-24T20:47:52.085+0000] {logging_mixin.py:188} INFO - [2025-07-24T20:47:52.084+0000] {dagbag.py:545} INFO - Filling up the DagBag from /home/airflow/.local/lib/python3.12/site-packages/airflow/example_dags/example_python_operator.py
[2025-07-24T20:47:52.091+0000] {processor.py:840} INFO - DAG(s) 'example_python_operator' retrieved from /home/airflow/.local/lib/python3.12/site-packages/airflow/example_dags/example_python_operator.py
[2025-07-24T20:47:52.103+0000] {logging_mixin.py:188} INFO - [2025-07-24T20:47:52.103+0000] {dag.py:3096} INFO - Sync 1 DAGs
[2025-07-24T20:47:52.110+0000] {logging_mixin.py:188} INFO - [2025-07-24T20:47:52.110+0000] {dag.py:3954} INFO - Setting next_dagrun for example_python_operator to None, run_after=None
[2025-07-24T20:47:52.120+0000] {processor.py:183} INFO - Processing /home/airflow/.local/lib/python3.12/site-packages/airflow/example_dags/example_python_operator.py took 0.040 seconds
[2025-07-24T20:48:22.702+0000] {processor.py:161} INFO - Started process (PID=640) to work on /home/airflow/.local/lib/python3.12/site-packages/airflow/example_dags/example_python_operator.py
[2025-07-24T20:48:22.703+0000] {processor.py:830} INFO - Processing file /home/airflow/.local/lib/python3.12/site-packages/airflow/example_dags/example_python_operator.py for tasks to queue
[2025-07-24T20:48:22.704+0000] {logging_mixin.py:188} INFO - [2025-07-24T20:48:22.703+0000] {dagbag.py:545} INFO - Filling up the DagBag from /home/airflow/.local/lib/python3.12/site-packages/airflow/example_dags/example_python_operator.py
[2025-07-24T20:48:22.710+0000] {processor.py:840} INFO - DAG(s) 'example_python_operator' retrieved from /home/airflow/.local/lib/python3.12/site-packages/airflow/example_dags/example_python_operator.py
[2025-07-24T20:48:22.722+0000] {logging_mixin.py:188} INFO - [2025-07-24T20:48:22.722+0000] {dag.py:3096} INFO - Sync 1 DAGs
[2025-07-24T20:48:22.729+0000] {logging_mixin.py:188} INFO - [2025-07-24T20:48:22.729+0000] {dag.py:3954} INFO - Setting next_dagrun for example_python_operator to None, run_after=None
[2025-07-24T20:48:22.738+0000] {processor.py:183} INFO - Processing /home/airflow/.local/lib/python3.12/site-packages/airflow/example_dags/example_python_operator.py took 0.040 seconds
[2025-07-24T20:48:53.358+0000] {processor.py:161} INFO - Started process (PID=698) to work on /home/airflow/.local/lib/python3.12/site-packages/airflow/example_dags/example_python_operator.py
[2025-07-24T20:48:53.359+0000] {processor.py:830} INFO - Processing file /home/airflow/.local/lib/python3.12/site-packages/airflow/example_dags/example_python_operator.py for tasks to queue
[2025-07-24T20:48:53.360+0000] {logging_mixin.py:188} INFO - [2025-07-24T20:48:53.360+0000] {dagbag.py:545} INFO - Filling up the DagBag from /home/airflow/.local/lib/python3.12/site-packages/airflow/example_dags/example_python_operator.py
[2025-07-24T20:48:53.366+0000] {processor.py:840} INFO - DAG(s) 'example_python_operator' retrieved from /home/airflow/.local/lib/python3.12/site-packages/airflow/example_dags/example_python_operator.py
[2025-07-24T20:48:53.379+0000] {logging_mixin.py:188} INFO - [2025-07-24T20:48:53.379+0000] {dag.py:3096} INFO - Sync 1 DAGs
[2025-07-24T20:48:53.387+0000] {logging_mixin.py:188} INFO - [2025-07-24T20:48:53.386+0000] {dag.py:3954} INFO - Setting next_dagrun for example_python_operator to None, run_after=None
[2025-07-24T20:48:53.396+0000] {processor.py:183} INFO - Processing /home/airflow/.local/lib/python3.12/site-packages/airflow/example_dags/example_python_operator.py took 0.042 seconds
[2025-07-24T20:49:23.984+0000] {processor.py:161} INFO - Started process (PID=756) to work on /home/airflow/.local/lib/python3.12/site-packages/airflow/example_dags/example_python_operator.py
[2025-07-24T20:49:23.984+0000] {processor.py:830} INFO - Processing file /home/airflow/.local/lib/python3.12/site-packages/airflow/example_dags/example_python_operator.py for tasks to queue
[2025-07-24T20:49:23.985+0000] {logging_mixin.py:188} INFO - [2025-07-24T20:49:23.985+0000] {dagbag.py:545} INFO - Filling up the DagBag from /home/airflow/.local/lib/python3.12/site-packages/airflow/example_dags/example_python_operator.py
[2025-07-24T20:49:23.991+0000] {processor.py:840} INFO - DAG(s) 'example_python_operator' retrieved from /home/airflow/.local/lib/python3.12/site-packages/airflow/example_dags/example_python_operator.py
[2025-07-24T20:49:24.003+0000] {logging_mixin.py:188} INFO - [2025-07-24T20:49:24.003+0000] {dag.py:3096} INFO - Sync 1 DAGs
[2025-07-24T20:49:24.011+0000] {logging_mixin.py:188} INFO - [2025-07-24T20:49:24.011+0000] {dag.py:3954} INFO - Setting next_dagrun for example_python_operator to None, run_after=None
[2025-07-24T20:49:24.020+0000] {processor.py:183} INFO - Processing /home/airflow/.local/lib/python3.12/site-packages/airflow/example_dags/example_python_operator.py took 0.039 seconds
[2025-07-24T20:49:54.584+0000] {processor.py:161} INFO - Started process (PID=814) to work on /home/airflow/.local/lib/python3.12/site-packages/airflow/example_dags/example_python_operator.py
[2025-07-24T20:49:54.585+0000] {processor.py:830} INFO - Processing file /home/airflow/.local/lib/python3.12/site-packages/airflow/example_dags/example_python_operator.py for tasks to queue
[2025-07-24T20:49:54.586+0000] {logging_mixin.py:188} INFO - [2025-07-24T20:49:54.586+0000] {dagbag.py:545} INFO - Filling up the DagBag from /home/airflow/.local/lib/python3.12/site-packages/airflow/example_dags/example_python_operator.py
[2025-07-24T20:49:54.592+0000] {processor.py:840} INFO - DAG(s) 'example_python_operator' retrieved from /home/airflow/.local/lib/python3.12/site-packages/airflow/example_dags/example_python_operator.py
[2025-07-24T20:49:54.605+0000] {logging_mixin.py:188} INFO - [2025-07-24T20:49:54.605+0000] {dag.py:3096} INFO - Sync 1 DAGs
[2025-07-24T20:49:54.612+0000] {logging_mixin.py:188} INFO - [2025-07-24T20:49:54.612+0000] {dag.py:3954} INFO - Setting next_dagrun for example_python_operator to None, run_after=None
[2025-07-24T20:49:54.621+0000] {processor.py:183} INFO - Processing /home/airflow/.local/lib/python3.12/site-packages/airflow/example_dags/example_python_operator.py took 0.040 seconds
[2025-07-24T20:50:25.320+0000] {processor.py:161} INFO - Started process (PID=872) to work on /home/airflow/.local/lib/python3.12/site-packages/airflow/example_dags/example_python_operator.py
[2025-07-24T20:50:25.321+0000] {processor.py:830} INFO - Processing file /home/airflow/.local/lib/python3.12/site-packages/airflow/example_dags/example_python_operator.py for tasks to queue
[2025-07-24T20:50:25.322+0000] {logging_mixin.py:188} INFO - [2025-07-24T20:50:25.322+0000] {dagbag.py:545} INFO - Filling up the DagBag from /home/airflow/.local/lib/python3.12/site-packages/airflow/example_dags/example_python_operator.py
[2025-07-24T20:50:25.329+0000] {processor.py:840} INFO - DAG(s) 'example_python_operator' retrieved from /home/airflow/.local/lib/python3.12/site-packages/airflow/example_dags/example_python_operator.py
[2025-07-24T20:50:25.342+0000] {logging_mixin.py:188} INFO - [2025-07-24T20:50:25.342+0000] {dag.py:3096} INFO - Sync 1 DAGs
[2025-07-24T20:50:25.350+0000] {logging_mixin.py:188} INFO - [2025-07-24T20:50:25.350+0000] {dag.py:3954} INFO - Setting next_dagrun for example_python_operator to None, run_after=None
[2025-07-24T20:50:25.360+0000] {processor.py:183} INFO - Processing /home/airflow/.local/lib/python3.12/site-packages/airflow/example_dags/example_python_operator.py took 0.044 seconds
[2025-07-24T20:50:55.444+0000] {processor.py:161} INFO - Started process (PID=930) to work on /home/airflow/.local/lib/python3.12/site-packages/airflow/example_dags/example_python_operator.py
[2025-07-24T20:50:55.444+0000] {processor.py:830} INFO - Processing file /home/airflow/.local/lib/python3.12/site-packages/airflow/example_dags/example_python_operator.py for tasks to queue
[2025-07-24T20:50:55.445+0000] {logging_mixin.py:188} INFO - [2025-07-24T20:50:55.445+0000] {dagbag.py:545} INFO - Filling up the DagBag from /home/airflow/.local/lib/python3.12/site-packages/airflow/example_dags/example_python_operator.py
[2025-07-24T20:50:55.451+0000] {processor.py:840} INFO - DAG(s) 'example_python_operator' retrieved from /home/airflow/.local/lib/python3.12/site-packages/airflow/example_dags/example_python_operator.py
[2025-07-24T20:50:55.464+0000] {logging_mixin.py:188} INFO - [2025-07-24T20:50:55.464+0000] {dag.py:3096} INFO - Sync 1 DAGs
[2025-07-24T20:50:55.472+0000] {logging_mixin.py:188} INFO - [2025-07-24T20:50:55.471+0000] {dag.py:3954} INFO - Setting next_dagrun for example_python_operator to None, run_after=None
[2025-07-24T20:50:55.481+0000] {processor.py:183} INFO - Processing /home/airflow/.local/lib/python3.12/site-packages/airflow/example_dags/example_python_operator.py took 0.041 seconds
[2025-07-24T20:51:26.208+0000] {processor.py:161} INFO - Started process (PID=988) to work on /home/airflow/.local/lib/python3.12/site-packages/airflow/example_dags/example_python_operator.py
[2025-07-24T20:51:26.209+0000] {processor.py:830} INFO - Processing file /home/airflow/.local/lib/python3.12/site-packages/airflow/example_dags/example_python_operator.py for tasks to queue
[2025-07-24T20:51:26.210+0000] {logging_mixin.py:188} INFO - [2025-07-24T20:51:26.210+0000] {dagbag.py:545} INFO - Filling up the DagBag from /home/airflow/.local/lib/python3.12/site-packages/airflow/example_dags/example_python_operator.py
[2025-07-24T20:51:26.216+0000] {processor.py:840} INFO - DAG(s) 'example_python_operator' retrieved from /home/airflow/.local/lib/python3.12/site-packages/airflow/example_dags/example_python_operator.py
[2025-07-24T20:51:26.228+0000] {logging_mixin.py:188} INFO - [2025-07-24T20:51:26.228+0000] {dag.py:3096} INFO - Sync 1 DAGs
[2025-07-24T20:51:26.235+0000] {logging_mixin.py:188} INFO - [2025-07-24T20:51:26.235+0000] {dag.py:3954} INFO - Setting next_dagrun for example_python_operator to None, run_after=None
[2025-07-24T20:51:26.244+0000] {processor.py:183} INFO - Processing /home/airflow/.local/lib/python3.12/site-packages/airflow/example_dags/example_python_operator.py took 0.039 seconds
[2025-07-24T20:51:56.928+0000] {processor.py:161} INFO - Started process (PID=1046) to work on /home/airflow/.local/lib/python3.12/site-packages/airflow/example_dags/example_python_operator.py
[2025-07-24T20:51:56.928+0000] {processor.py:830} INFO - Processing file /home/airflow/.local/lib/python3.12/site-packages/airflow/example_dags/example_python_operator.py for tasks to queue
[2025-07-24T20:51:56.930+0000] {logging_mixin.py:188} INFO - [2025-07-24T20:51:56.930+0000] {dagbag.py:545} INFO - Filling up the DagBag from /home/airflow/.local/lib/python3.12/site-packages/airflow/example_dags/example_python_operator.py
[2025-07-24T20:51:56.936+0000] {processor.py:840} INFO - DAG(s) 'example_python_operator' retrieved from /home/airflow/.local/lib/python3.12/site-packages/airflow/example_dags/example_python_operator.py
[2025-07-24T20:51:56.948+0000] {logging_mixin.py:188} INFO - [2025-07-24T20:51:56.948+0000] {dag.py:3096} INFO - Sync 1 DAGs
[2025-07-24T20:51:56.956+0000] {logging_mixin.py:188} INFO - [2025-07-24T20:51:56.955+0000] {dag.py:3954} INFO - Setting next_dagrun for example_python_operator to None, run_after=None
[2025-07-24T20:51:56.965+0000] {processor.py:183} INFO - Processing /home/airflow/.local/lib/python3.12/site-packages/airflow/example_dags/example_python_operator.py took 0.040 seconds
[2025-07-24T20:52:27.660+0000] {processor.py:161} INFO - Started process (PID=1104) to work on /home/airflow/.local/lib/python3.12/site-packages/airflow/example_dags/example_python_operator.py
[2025-07-24T20:52:27.661+0000] {processor.py:830} INFO - Processing file /home/airflow/.local/lib/python3.12/site-packages/airflow/example_dags/example_python_operator.py for tasks to queue
[2025-07-24T20:52:27.662+0000] {logging_mixin.py:188} INFO - [2025-07-24T20:52:27.662+0000] {dagbag.py:545} INFO - Filling up the DagBag from /home/airflow/.local/lib/python3.12/site-packages/airflow/example_dags/example_python_operator.py
[2025-07-24T20:52:27.667+0000] {processor.py:840} INFO - DAG(s) 'example_python_operator' retrieved from /home/airflow/.local/lib/python3.12/site-packages/airflow/example_dags/example_python_operator.py
[2025-07-24T20:52:27.680+0000] {logging_mixin.py:188} INFO - [2025-07-24T20:52:27.680+0000] {dag.py:3096} INFO - Sync 1 DAGs
[2025-07-24T20:52:27.687+0000] {logging_mixin.py:188} INFO - [2025-07-24T20:52:27.687+0000] {dag.py:3954} INFO - Setting next_dagrun for example_python_operator to None, run_after=None
[2025-07-24T20:52:27.696+0000] {processor.py:183} INFO - Processing /home/airflow/.local/lib/python3.12/site-packages/airflow/example_dags/example_python_operator.py took 0.038 seconds
[2025-07-24T20:52:58.392+0000] {processor.py:161} INFO - Started process (PID=1162) to work on /home/airflow/.local/lib/python3.12/site-packages/airflow/example_dags/example_python_operator.py
[2025-07-24T20:52:58.393+0000] {processor.py:830} INFO - Processing file /home/airflow/.local/lib/python3.12/site-packages/airflow/example_dags/example_python_operator.py for tasks to queue
[2025-07-24T20:52:58.394+0000] {logging_mixin.py:188} INFO - [2025-07-24T20:52:58.394+0000] {dagbag.py:545} INFO - Filling up the DagBag from /home/airflow/.local/lib/python3.12/site-packages/airflow/example_dags/example_python_operator.py
[2025-07-24T20:52:58.400+0000] {processor.py:840} INFO - DAG(s) 'example_python_operator' retrieved from /home/airflow/.local/lib/python3.12/site-packages/airflow/example_dags/example_python_operator.py
[2025-07-24T20:52:58.413+0000] {logging_mixin.py:188} INFO - [2025-07-24T20:52:58.413+0000] {dag.py:3096} INFO - Sync 1 DAGs
[2025-07-24T20:52:58.421+0000] {logging_mixin.py:188} INFO - [2025-07-24T20:52:58.421+0000] {dag.py:3954} INFO - Setting next_dagrun for example_python_operator to None, run_after=None
[2025-07-24T20:52:58.431+0000] {processor.py:183} INFO - Processing /home/airflow/.local/lib/python3.12/site-packages/airflow/example_dags/example_python_operator.py took 0.042 seconds
[2025-07-24T20:53:28.542+0000] {processor.py:161} INFO - Started process (PID=1220) to work on /home/airflow/.local/lib/python3.12/site-packages/airflow/example_dags/example_python_operator.py
[2025-07-24T20:53:28.542+0000] {processor.py:830} INFO - Processing file /home/airflow/.local/lib/python3.12/site-packages/airflow/example_dags/example_python_operator.py for tasks to queue
[2025-07-24T20:53:28.543+0000] {logging_mixin.py:188} INFO - [2025-07-24T20:53:28.543+0000] {dagbag.py:545} INFO - Filling up the DagBag from /home/airflow/.local/lib/python3.12/site-packages/airflow/example_dags/example_python_operator.py
[2025-07-24T20:53:28.548+0000] {processor.py:840} INFO - DAG(s) 'example_python_operator' retrieved from /home/airflow/.local/lib/python3.12/site-packages/airflow/example_dags/example_python_operator.py
[2025-07-24T20:53:28.561+0000] {logging_mixin.py:188} INFO - [2025-07-24T20:53:28.561+0000] {dag.py:3096} INFO - Sync 1 DAGs
[2025-07-24T20:53:28.567+0000] {logging_mixin.py:188} INFO - [2025-07-24T20:53:28.567+0000] {dag.py:3954} INFO - Setting next_dagrun for example_python_operator to None, run_after=None
[2025-07-24T20:53:28.576+0000] {processor.py:183} INFO - Processing /home/airflow/.local/lib/python3.12/site-packages/airflow/example_dags/example_python_operator.py took 0.037 seconds
[2025-07-24T20:53:58.631+0000] {processor.py:161} INFO - Started process (PID=1278) to work on /home/airflow/.local/lib/python3.12/site-packages/airflow/example_dags/example_python_operator.py
[2025-07-24T20:53:58.631+0000] {processor.py:830} INFO - Processing file /home/airflow/.local/lib/python3.12/site-packages/airflow/example_dags/example_python_operator.py for tasks to queue
[2025-07-24T20:53:58.632+0000] {logging_mixin.py:188} INFO - [2025-07-24T20:53:58.632+0000] {dagbag.py:545} INFO - Filling up the DagBag from /home/airflow/.local/lib/python3.12/site-packages/airflow/example_dags/example_python_operator.py
[2025-07-24T20:53:58.638+0000] {processor.py:840} INFO - DAG(s) 'example_python_operator' retrieved from /home/airflow/.local/lib/python3.12/site-packages/airflow/example_dags/example_python_operator.py
[2025-07-24T20:53:58.650+0000] {logging_mixin.py:188} INFO - [2025-07-24T20:53:58.650+0000] {dag.py:3096} INFO - Sync 1 DAGs
[2025-07-24T20:53:58.657+0000] {logging_mixin.py:188} INFO - [2025-07-24T20:53:58.657+0000] {dag.py:3954} INFO - Setting next_dagrun for example_python_operator to None, run_after=None
[2025-07-24T20:53:58.667+0000] {processor.py:183} INFO - Processing /home/airflow/.local/lib/python3.12/site-packages/airflow/example_dags/example_python_operator.py took 0.039 seconds
[2025-07-24T20:54:28.754+0000] {processor.py:161} INFO - Started process (PID=1336) to work on /home/airflow/.local/lib/python3.12/site-packages/airflow/example_dags/example_python_operator.py
[2025-07-24T20:54:28.755+0000] {processor.py:830} INFO - Processing file /home/airflow/.local/lib/python3.12/site-packages/airflow/example_dags/example_python_operator.py for tasks to queue
[2025-07-24T20:54:28.756+0000] {logging_mixin.py:188} INFO - [2025-07-24T20:54:28.756+0000] {dagbag.py:545} INFO - Filling up the DagBag from /home/airflow/.local/lib/python3.12/site-packages/airflow/example_dags/example_python_operator.py
[2025-07-24T20:54:28.762+0000] {processor.py:840} INFO - DAG(s) 'example_python_operator' retrieved from /home/airflow/.local/lib/python3.12/site-packages/airflow/example_dags/example_python_operator.py
[2025-07-24T20:54:28.774+0000] {logging_mixin.py:188} INFO - [2025-07-24T20:54:28.774+0000] {dag.py:3096} INFO - Sync 1 DAGs
[2025-07-24T20:54:28.781+0000] {logging_mixin.py:188} INFO - [2025-07-24T20:54:28.781+0000] {dag.py:3954} INFO - Setting next_dagrun for example_python_operator to None, run_after=None
[2025-07-24T20:54:28.790+0000] {processor.py:183} INFO - Processing /home/airflow/.local/lib/python3.12/site-packages/airflow/example_dags/example_python_operator.py took 0.039 seconds
[2025-07-24T20:54:59.682+0000] {processor.py:161} INFO - Started process (PID=1394) to work on /home/airflow/.local/lib/python3.12/site-packages/airflow/example_dags/example_python_operator.py
[2025-07-24T20:54:59.683+0000] {processor.py:830} INFO - Processing file /home/airflow/.local/lib/python3.12/site-packages/airflow/example_dags/example_python_operator.py for tasks to queue
[2025-07-24T20:54:59.684+0000] {logging_mixin.py:188} INFO - [2025-07-24T20:54:59.683+0000] {dagbag.py:545} INFO - Filling up the DagBag from /home/airflow/.local/lib/python3.12/site-packages/airflow/example_dags/example_python_operator.py
[2025-07-24T20:54:59.690+0000] {processor.py:840} INFO - DAG(s) 'example_python_operator' retrieved from /home/airflow/.local/lib/python3.12/site-packages/airflow/example_dags/example_python_operator.py
[2025-07-24T20:54:59.702+0000] {logging_mixin.py:188} INFO - [2025-07-24T20:54:59.702+0000] {dag.py:3096} INFO - Sync 1 DAGs
[2025-07-24T20:54:59.710+0000] {logging_mixin.py:188} INFO - [2025-07-24T20:54:59.709+0000] {dag.py:3954} INFO - Setting next_dagrun for example_python_operator to None, run_after=None
[2025-07-24T20:54:59.719+0000] {processor.py:183} INFO - Processing /home/airflow/.local/lib/python3.12/site-packages/airflow/example_dags/example_python_operator.py took 0.040 seconds
[2025-07-24T20:55:30.460+0000] {processor.py:161} INFO - Started process (PID=1452) to work on /home/airflow/.local/lib/python3.12/site-packages/airflow/example_dags/example_python_operator.py
[2025-07-24T20:55:30.461+0000] {processor.py:830} INFO - Processing file /home/airflow/.local/lib/python3.12/site-packages/airflow/example_dags/example_python_operator.py for tasks to queue
[2025-07-24T20:55:30.462+0000] {logging_mixin.py:188} INFO - [2025-07-24T20:55:30.462+0000] {dagbag.py:545} INFO - Filling up the DagBag from /home/airflow/.local/lib/python3.12/site-packages/airflow/example_dags/example_python_operator.py
[2025-07-24T20:55:30.467+0000] {processor.py:840} INFO - DAG(s) 'example_python_operator' retrieved from /home/airflow/.local/lib/python3.12/site-packages/airflow/example_dags/example_python_operator.py
[2025-07-24T20:55:30.480+0000] {logging_mixin.py:188} INFO - [2025-07-24T20:55:30.479+0000] {dag.py:3096} INFO - Sync 1 DAGs
[2025-07-24T20:55:30.486+0000] {logging_mixin.py:188} INFO - [2025-07-24T20:55:30.486+0000] {dag.py:3954} INFO - Setting next_dagrun for example_python_operator to None, run_after=None
[2025-07-24T20:55:30.496+0000] {processor.py:183} INFO - Processing /home/airflow/.local/lib/python3.12/site-packages/airflow/example_dags/example_python_operator.py took 0.039 seconds
