[2025-07-24T20:31:48.127+0000] {processor.py:161} INFO - Started process (PID=54) to work on /home/airflow/.local/lib/python3.12/site-packages/airflow/example_dags/example_external_task_marker_dag.py
[2025-07-24T20:31:48.127+0000] {processor.py:830} INFO - Processing file /home/airflow/.local/lib/python3.12/site-packages/airflow/example_dags/example_external_task_marker_dag.py for tasks to queue
[2025-07-24T20:31:48.128+0000] {logging_mixin.py:188} INFO - [2025-07-24T20:31:48.128+0000] {dagbag.py:545} INFO - Filling up the DagBag from /home/airflow/.local/lib/python3.12/site-packages/airflow/example_dags/example_external_task_marker_dag.py
[2025-07-24T20:31:48.133+0000] {processor.py:840} INFO - DAG(s) 'example_external_task_marker_child', 'example_external_task_marker_parent' retrieved from /home/airflow/.local/lib/python3.12/site-packages/airflow/example_dags/example_external_task_marker_dag.py
[2025-07-24T20:31:48.140+0000] {logging_mixin.py:188} INFO - [2025-07-24T20:31:48.140+0000] {dag.py:3096} INFO - Sync 2 DAGs
[2025-07-24T20:31:48.151+0000] {logging_mixin.py:188} INFO - [2025-07-24T20:31:48.150+0000] {dag.py:3954} INFO - Setting next_dagrun for example_external_task_marker_child to None, run_after=None
[2025-07-24T20:31:48.153+0000] {logging_mixin.py:188} INFO - [2025-07-24T20:31:48.153+0000] {dag.py:3954} INFO - Setting next_dagrun for example_external_task_marker_parent to None, run_after=None
[2025-07-24T20:31:48.162+0000] {processor.py:183} INFO - Processing /home/airflow/.local/lib/python3.12/site-packages/airflow/example_dags/example_external_task_marker_dag.py took 0.039 seconds
[2025-07-24T20:32:19.188+0000] {processor.py:161} INFO - Started process (PID=112) to work on /home/airflow/.local/lib/python3.12/site-packages/airflow/example_dags/example_external_task_marker_dag.py
[2025-07-24T20:32:19.188+0000] {processor.py:830} INFO - Processing file /home/airflow/.local/lib/python3.12/site-packages/airflow/example_dags/example_external_task_marker_dag.py for tasks to queue
[2025-07-24T20:32:19.189+0000] {logging_mixin.py:188} INFO - [2025-07-24T20:32:19.189+0000] {dagbag.py:545} INFO - Filling up the DagBag from /home/airflow/.local/lib/python3.12/site-packages/airflow/example_dags/example_external_task_marker_dag.py
[2025-07-24T20:32:19.193+0000] {processor.py:840} INFO - DAG(s) 'example_external_task_marker_parent', 'example_external_task_marker_child' retrieved from /home/airflow/.local/lib/python3.12/site-packages/airflow/example_dags/example_external_task_marker_dag.py
[2025-07-24T20:32:19.259+0000] {logging_mixin.py:188} INFO - [2025-07-24T20:32:19.259+0000] {dag.py:3096} INFO - Sync 2 DAGs
[2025-07-24T20:32:19.265+0000] {logging_mixin.py:188} INFO - [2025-07-24T20:32:19.265+0000] {dag.py:3954} INFO - Setting next_dagrun for example_external_task_marker_child to None, run_after=None
[2025-07-24T20:32:19.267+0000] {logging_mixin.py:188} INFO - [2025-07-24T20:32:19.267+0000] {dag.py:3954} INFO - Setting next_dagrun for example_external_task_marker_parent to None, run_after=None
[2025-07-24T20:32:19.276+0000] {processor.py:183} INFO - Processing /home/airflow/.local/lib/python3.12/site-packages/airflow/example_dags/example_external_task_marker_dag.py took 0.092 seconds
[2025-07-24T20:32:50.233+0000] {processor.py:161} INFO - Started process (PID=170) to work on /home/airflow/.local/lib/python3.12/site-packages/airflow/example_dags/example_external_task_marker_dag.py
[2025-07-24T20:32:50.234+0000] {processor.py:830} INFO - Processing file /home/airflow/.local/lib/python3.12/site-packages/airflow/example_dags/example_external_task_marker_dag.py for tasks to queue
[2025-07-24T20:32:50.235+0000] {logging_mixin.py:188} INFO - [2025-07-24T20:32:50.234+0000] {dagbag.py:545} INFO - Filling up the DagBag from /home/airflow/.local/lib/python3.12/site-packages/airflow/example_dags/example_external_task_marker_dag.py
[2025-07-24T20:32:50.238+0000] {processor.py:840} INFO - DAG(s) 'example_external_task_marker_parent', 'example_external_task_marker_child' retrieved from /home/airflow/.local/lib/python3.12/site-packages/airflow/example_dags/example_external_task_marker_dag.py
[2025-07-24T20:32:50.251+0000] {logging_mixin.py:188} INFO - [2025-07-24T20:32:50.251+0000] {dag.py:3096} INFO - Sync 2 DAGs
[2025-07-24T20:32:50.259+0000] {logging_mixin.py:188} INFO - [2025-07-24T20:32:50.258+0000] {dag.py:3954} INFO - Setting next_dagrun for example_external_task_marker_child to None, run_after=None
[2025-07-24T20:32:50.261+0000] {logging_mixin.py:188} INFO - [2025-07-24T20:32:50.261+0000] {dag.py:3954} INFO - Setting next_dagrun for example_external_task_marker_parent to None, run_after=None
[2025-07-24T20:32:50.269+0000] {processor.py:183} INFO - Processing /home/airflow/.local/lib/python3.12/site-packages/airflow/example_dags/example_external_task_marker_dag.py took 0.039 seconds
[2025-07-24T20:33:20.925+0000] {processor.py:161} INFO - Started process (PID=228) to work on /home/airflow/.local/lib/python3.12/site-packages/airflow/example_dags/example_external_task_marker_dag.py
[2025-07-24T20:33:20.925+0000] {processor.py:830} INFO - Processing file /home/airflow/.local/lib/python3.12/site-packages/airflow/example_dags/example_external_task_marker_dag.py for tasks to queue
[2025-07-24T20:33:20.926+0000] {logging_mixin.py:188} INFO - [2025-07-24T20:33:20.926+0000] {dagbag.py:545} INFO - Filling up the DagBag from /home/airflow/.local/lib/python3.12/site-packages/airflow/example_dags/example_external_task_marker_dag.py
[2025-07-24T20:33:20.930+0000] {processor.py:840} INFO - DAG(s) 'example_external_task_marker_parent', 'example_external_task_marker_child' retrieved from /home/airflow/.local/lib/python3.12/site-packages/airflow/example_dags/example_external_task_marker_dag.py
[2025-07-24T20:33:20.944+0000] {logging_mixin.py:188} INFO - [2025-07-24T20:33:20.944+0000] {dag.py:3096} INFO - Sync 2 DAGs
[2025-07-24T20:33:20.952+0000] {logging_mixin.py:188} INFO - [2025-07-24T20:33:20.952+0000] {dag.py:3954} INFO - Setting next_dagrun for example_external_task_marker_child to None, run_after=None
[2025-07-24T20:33:20.954+0000] {logging_mixin.py:188} INFO - [2025-07-24T20:33:20.954+0000] {dag.py:3954} INFO - Setting next_dagrun for example_external_task_marker_parent to None, run_after=None
[2025-07-24T20:33:20.963+0000] {processor.py:183} INFO - Processing /home/airflow/.local/lib/python3.12/site-packages/airflow/example_dags/example_external_task_marker_dag.py took 0.042 seconds
[2025-07-24T20:33:51.693+0000] {processor.py:161} INFO - Started process (PID=286) to work on /home/airflow/.local/lib/python3.12/site-packages/airflow/example_dags/example_external_task_marker_dag.py
[2025-07-24T20:33:51.693+0000] {processor.py:830} INFO - Processing file /home/airflow/.local/lib/python3.12/site-packages/airflow/example_dags/example_external_task_marker_dag.py for tasks to queue
[2025-07-24T20:33:51.694+0000] {logging_mixin.py:188} INFO - [2025-07-24T20:33:51.694+0000] {dagbag.py:545} INFO - Filling up the DagBag from /home/airflow/.local/lib/python3.12/site-packages/airflow/example_dags/example_external_task_marker_dag.py
[2025-07-24T20:33:51.698+0000] {processor.py:840} INFO - DAG(s) 'example_external_task_marker_parent', 'example_external_task_marker_child' retrieved from /home/airflow/.local/lib/python3.12/site-packages/airflow/example_dags/example_external_task_marker_dag.py
[2025-07-24T20:33:51.713+0000] {logging_mixin.py:188} INFO - [2025-07-24T20:33:51.713+0000] {dag.py:3096} INFO - Sync 2 DAGs
[2025-07-24T20:33:51.722+0000] {logging_mixin.py:188} INFO - [2025-07-24T20:33:51.722+0000] {dag.py:3954} INFO - Setting next_dagrun for example_external_task_marker_child to None, run_after=None
[2025-07-24T20:33:51.724+0000] {logging_mixin.py:188} INFO - [2025-07-24T20:33:51.724+0000] {dag.py:3954} INFO - Setting next_dagrun for example_external_task_marker_parent to None, run_after=None
[2025-07-24T20:33:51.734+0000] {processor.py:183} INFO - Processing /home/airflow/.local/lib/python3.12/site-packages/airflow/example_dags/example_external_task_marker_dag.py took 0.045 seconds
[2025-07-24T20:34:22.433+0000] {processor.py:161} INFO - Started process (PID=344) to work on /home/airflow/.local/lib/python3.12/site-packages/airflow/example_dags/example_external_task_marker_dag.py
[2025-07-24T20:34:22.433+0000] {processor.py:830} INFO - Processing file /home/airflow/.local/lib/python3.12/site-packages/airflow/example_dags/example_external_task_marker_dag.py for tasks to queue
[2025-07-24T20:34:22.434+0000] {logging_mixin.py:188} INFO - [2025-07-24T20:34:22.434+0000] {dagbag.py:545} INFO - Filling up the DagBag from /home/airflow/.local/lib/python3.12/site-packages/airflow/example_dags/example_external_task_marker_dag.py
[2025-07-24T20:34:22.438+0000] {processor.py:840} INFO - DAG(s) 'example_external_task_marker_parent', 'example_external_task_marker_child' retrieved from /home/airflow/.local/lib/python3.12/site-packages/airflow/example_dags/example_external_task_marker_dag.py
[2025-07-24T20:34:22.453+0000] {logging_mixin.py:188} INFO - [2025-07-24T20:34:22.452+0000] {dag.py:3096} INFO - Sync 2 DAGs
[2025-07-24T20:34:22.460+0000] {logging_mixin.py:188} INFO - [2025-07-24T20:34:22.460+0000] {dag.py:3954} INFO - Setting next_dagrun for example_external_task_marker_child to None, run_after=None
[2025-07-24T20:34:22.462+0000] {logging_mixin.py:188} INFO - [2025-07-24T20:34:22.462+0000] {dag.py:3954} INFO - Setting next_dagrun for example_external_task_marker_parent to None, run_after=None
[2025-07-24T20:34:22.471+0000] {processor.py:183} INFO - Processing /home/airflow/.local/lib/python3.12/site-packages/airflow/example_dags/example_external_task_marker_dag.py took 0.041 seconds
[2025-07-24T20:34:53.249+0000] {processor.py:161} INFO - Started process (PID=402) to work on /home/airflow/.local/lib/python3.12/site-packages/airflow/example_dags/example_external_task_marker_dag.py
[2025-07-24T20:34:53.249+0000] {processor.py:830} INFO - Processing file /home/airflow/.local/lib/python3.12/site-packages/airflow/example_dags/example_external_task_marker_dag.py for tasks to queue
[2025-07-24T20:34:53.250+0000] {logging_mixin.py:188} INFO - [2025-07-24T20:34:53.250+0000] {dagbag.py:545} INFO - Filling up the DagBag from /home/airflow/.local/lib/python3.12/site-packages/airflow/example_dags/example_external_task_marker_dag.py
[2025-07-24T20:34:53.254+0000] {processor.py:840} INFO - DAG(s) 'example_external_task_marker_child', 'example_external_task_marker_parent' retrieved from /home/airflow/.local/lib/python3.12/site-packages/airflow/example_dags/example_external_task_marker_dag.py
[2025-07-24T20:34:53.269+0000] {logging_mixin.py:188} INFO - [2025-07-24T20:34:53.268+0000] {dag.py:3096} INFO - Sync 2 DAGs
[2025-07-24T20:34:53.277+0000] {logging_mixin.py:188} INFO - [2025-07-24T20:34:53.277+0000] {dag.py:3954} INFO - Setting next_dagrun for example_external_task_marker_child to None, run_after=None
[2025-07-24T20:34:53.279+0000] {logging_mixin.py:188} INFO - [2025-07-24T20:34:53.279+0000] {dag.py:3954} INFO - Setting next_dagrun for example_external_task_marker_parent to None, run_after=None
[2025-07-24T20:34:53.288+0000] {processor.py:183} INFO - Processing /home/airflow/.local/lib/python3.12/site-packages/airflow/example_dags/example_external_task_marker_dag.py took 0.042 seconds
[2025-07-24T20:35:24.013+0000] {processor.py:161} INFO - Started process (PID=460) to work on /home/airflow/.local/lib/python3.12/site-packages/airflow/example_dags/example_external_task_marker_dag.py
[2025-07-24T20:35:24.013+0000] {processor.py:830} INFO - Processing file /home/airflow/.local/lib/python3.12/site-packages/airflow/example_dags/example_external_task_marker_dag.py for tasks to queue
[2025-07-24T20:35:24.014+0000] {logging_mixin.py:188} INFO - [2025-07-24T20:35:24.014+0000] {dagbag.py:545} INFO - Filling up the DagBag from /home/airflow/.local/lib/python3.12/site-packages/airflow/example_dags/example_external_task_marker_dag.py
[2025-07-24T20:35:24.018+0000] {processor.py:840} INFO - DAG(s) 'example_external_task_marker_parent', 'example_external_task_marker_child' retrieved from /home/airflow/.local/lib/python3.12/site-packages/airflow/example_dags/example_external_task_marker_dag.py
[2025-07-24T20:35:24.031+0000] {logging_mixin.py:188} INFO - [2025-07-24T20:35:24.030+0000] {dag.py:3096} INFO - Sync 2 DAGs
[2025-07-24T20:35:24.038+0000] {logging_mixin.py:188} INFO - [2025-07-24T20:35:24.038+0000] {dag.py:3954} INFO - Setting next_dagrun for example_external_task_marker_child to None, run_after=None
[2025-07-24T20:35:24.040+0000] {logging_mixin.py:188} INFO - [2025-07-24T20:35:24.040+0000] {dag.py:3954} INFO - Setting next_dagrun for example_external_task_marker_parent to None, run_after=None
[2025-07-24T20:35:24.060+0000] {processor.py:183} INFO - Processing /home/airflow/.local/lib/python3.12/site-packages/airflow/example_dags/example_external_task_marker_dag.py took 0.051 seconds
[2025-07-24T20:36:43.959+0000] {processor.py:161} INFO - Started process (PID=47) to work on /home/airflow/.local/lib/python3.12/site-packages/airflow/example_dags/example_external_task_marker_dag.py
[2025-07-24T20:36:43.960+0000] {processor.py:830} INFO - Processing file /home/airflow/.local/lib/python3.12/site-packages/airflow/example_dags/example_external_task_marker_dag.py for tasks to queue
[2025-07-24T20:36:43.961+0000] {logging_mixin.py:188} INFO - [2025-07-24T20:36:43.960+0000] {dagbag.py:545} INFO - Filling up the DagBag from /home/airflow/.local/lib/python3.12/site-packages/airflow/example_dags/example_external_task_marker_dag.py
[2025-07-24T20:36:43.966+0000] {processor.py:840} INFO - DAG(s) 'example_external_task_marker_parent', 'example_external_task_marker_child' retrieved from /home/airflow/.local/lib/python3.12/site-packages/airflow/example_dags/example_external_task_marker_dag.py
[2025-07-24T20:36:43.972+0000] {logging_mixin.py:188} INFO - [2025-07-24T20:36:43.972+0000] {dag.py:3096} INFO - Sync 2 DAGs
[2025-07-24T20:36:43.980+0000] {logging_mixin.py:188} INFO - [2025-07-24T20:36:43.980+0000] {dag.py:3954} INFO - Setting next_dagrun for example_external_task_marker_child to None, run_after=None
[2025-07-24T20:36:43.982+0000] {logging_mixin.py:188} INFO - [2025-07-24T20:36:43.982+0000] {dag.py:3954} INFO - Setting next_dagrun for example_external_task_marker_parent to None, run_after=None
[2025-07-24T20:36:43.992+0000] {processor.py:183} INFO - Processing /home/airflow/.local/lib/python3.12/site-packages/airflow/example_dags/example_external_task_marker_dag.py took 0.036 seconds
[2025-07-24T20:37:14.586+0000] {processor.py:161} INFO - Started process (PID=105) to work on /home/airflow/.local/lib/python3.12/site-packages/airflow/example_dags/example_external_task_marker_dag.py
[2025-07-24T20:37:14.586+0000] {processor.py:830} INFO - Processing file /home/airflow/.local/lib/python3.12/site-packages/airflow/example_dags/example_external_task_marker_dag.py for tasks to queue
[2025-07-24T20:37:14.587+0000] {logging_mixin.py:188} INFO - [2025-07-24T20:37:14.587+0000] {dagbag.py:545} INFO - Filling up the DagBag from /home/airflow/.local/lib/python3.12/site-packages/airflow/example_dags/example_external_task_marker_dag.py
[2025-07-24T20:37:14.592+0000] {processor.py:840} INFO - DAG(s) 'example_external_task_marker_parent', 'example_external_task_marker_child' retrieved from /home/airflow/.local/lib/python3.12/site-packages/airflow/example_dags/example_external_task_marker_dag.py
[2025-07-24T20:37:14.599+0000] {logging_mixin.py:188} INFO - [2025-07-24T20:37:14.599+0000] {dag.py:3096} INFO - Sync 2 DAGs
[2025-07-24T20:37:14.607+0000] {logging_mixin.py:188} INFO - [2025-07-24T20:37:14.607+0000] {dag.py:3954} INFO - Setting next_dagrun for example_external_task_marker_child to None, run_after=None
[2025-07-24T20:37:14.609+0000] {logging_mixin.py:188} INFO - [2025-07-24T20:37:14.609+0000] {dag.py:3954} INFO - Setting next_dagrun for example_external_task_marker_parent to None, run_after=None
[2025-07-24T20:37:14.632+0000] {processor.py:183} INFO - Processing /home/airflow/.local/lib/python3.12/site-packages/airflow/example_dags/example_external_task_marker_dag.py took 0.050 seconds
[2025-07-24T20:37:45.350+0000] {processor.py:161} INFO - Started process (PID=163) to work on /home/airflow/.local/lib/python3.12/site-packages/airflow/example_dags/example_external_task_marker_dag.py
[2025-07-24T20:37:45.351+0000] {processor.py:830} INFO - Processing file /home/airflow/.local/lib/python3.12/site-packages/airflow/example_dags/example_external_task_marker_dag.py for tasks to queue
[2025-07-24T20:37:45.352+0000] {logging_mixin.py:188} INFO - [2025-07-24T20:37:45.352+0000] {dagbag.py:545} INFO - Filling up the DagBag from /home/airflow/.local/lib/python3.12/site-packages/airflow/example_dags/example_external_task_marker_dag.py
[2025-07-24T20:37:45.356+0000] {processor.py:840} INFO - DAG(s) 'example_external_task_marker_child', 'example_external_task_marker_parent' retrieved from /home/airflow/.local/lib/python3.12/site-packages/airflow/example_dags/example_external_task_marker_dag.py
[2025-07-24T20:37:45.424+0000] {logging_mixin.py:188} INFO - [2025-07-24T20:37:45.424+0000] {dag.py:3096} INFO - Sync 2 DAGs
[2025-07-24T20:37:45.430+0000] {logging_mixin.py:188} INFO - [2025-07-24T20:37:45.430+0000] {dag.py:3954} INFO - Setting next_dagrun for example_external_task_marker_child to None, run_after=None
[2025-07-24T20:37:45.431+0000] {logging_mixin.py:188} INFO - [2025-07-24T20:37:45.431+0000] {dag.py:3954} INFO - Setting next_dagrun for example_external_task_marker_parent to None, run_after=None
[2025-07-24T20:37:45.441+0000] {processor.py:183} INFO - Processing /home/airflow/.local/lib/python3.12/site-packages/airflow/example_dags/example_external_task_marker_dag.py took 0.094 seconds
[2025-07-24T20:38:15.994+0000] {processor.py:161} INFO - Started process (PID=221) to work on /home/airflow/.local/lib/python3.12/site-packages/airflow/example_dags/example_external_task_marker_dag.py
[2025-07-24T20:38:15.994+0000] {processor.py:830} INFO - Processing file /home/airflow/.local/lib/python3.12/site-packages/airflow/example_dags/example_external_task_marker_dag.py for tasks to queue
[2025-07-24T20:38:15.996+0000] {logging_mixin.py:188} INFO - [2025-07-24T20:38:15.995+0000] {dagbag.py:545} INFO - Filling up the DagBag from /home/airflow/.local/lib/python3.12/site-packages/airflow/example_dags/example_external_task_marker_dag.py
[2025-07-24T20:38:15.999+0000] {processor.py:840} INFO - DAG(s) 'example_external_task_marker_parent', 'example_external_task_marker_child' retrieved from /home/airflow/.local/lib/python3.12/site-packages/airflow/example_dags/example_external_task_marker_dag.py
[2025-07-24T20:38:16.014+0000] {logging_mixin.py:188} INFO - [2025-07-24T20:38:16.013+0000] {dag.py:3096} INFO - Sync 2 DAGs
[2025-07-24T20:38:16.022+0000] {logging_mixin.py:188} INFO - [2025-07-24T20:38:16.022+0000] {dag.py:3954} INFO - Setting next_dagrun for example_external_task_marker_child to None, run_after=None
[2025-07-24T20:38:16.024+0000] {logging_mixin.py:188} INFO - [2025-07-24T20:38:16.024+0000] {dag.py:3954} INFO - Setting next_dagrun for example_external_task_marker_parent to None, run_after=None
[2025-07-24T20:38:16.032+0000] {processor.py:183} INFO - Processing /home/airflow/.local/lib/python3.12/site-packages/airflow/example_dags/example_external_task_marker_dag.py took 0.042 seconds
[2025-07-24T20:38:46.757+0000] {processor.py:161} INFO - Started process (PID=279) to work on /home/airflow/.local/lib/python3.12/site-packages/airflow/example_dags/example_external_task_marker_dag.py
[2025-07-24T20:38:46.757+0000] {processor.py:830} INFO - Processing file /home/airflow/.local/lib/python3.12/site-packages/airflow/example_dags/example_external_task_marker_dag.py for tasks to queue
[2025-07-24T20:38:46.758+0000] {logging_mixin.py:188} INFO - [2025-07-24T20:38:46.758+0000] {dagbag.py:545} INFO - Filling up the DagBag from /home/airflow/.local/lib/python3.12/site-packages/airflow/example_dags/example_external_task_marker_dag.py
[2025-07-24T20:38:46.761+0000] {processor.py:840} INFO - DAG(s) 'example_external_task_marker_parent', 'example_external_task_marker_child' retrieved from /home/airflow/.local/lib/python3.12/site-packages/airflow/example_dags/example_external_task_marker_dag.py
[2025-07-24T20:38:46.772+0000] {logging_mixin.py:188} INFO - [2025-07-24T20:38:46.772+0000] {dag.py:3096} INFO - Sync 2 DAGs
[2025-07-24T20:38:46.779+0000] {logging_mixin.py:188} INFO - [2025-07-24T20:38:46.779+0000] {dag.py:3954} INFO - Setting next_dagrun for example_external_task_marker_child to None, run_after=None
[2025-07-24T20:38:46.781+0000] {logging_mixin.py:188} INFO - [2025-07-24T20:38:46.781+0000] {dag.py:3954} INFO - Setting next_dagrun for example_external_task_marker_parent to None, run_after=None
[2025-07-24T20:38:46.788+0000] {processor.py:183} INFO - Processing /home/airflow/.local/lib/python3.12/site-packages/airflow/example_dags/example_external_task_marker_dag.py took 0.034 seconds
[2025-07-24T20:39:17.497+0000] {processor.py:161} INFO - Started process (PID=343) to work on /home/airflow/.local/lib/python3.12/site-packages/airflow/example_dags/example_external_task_marker_dag.py
[2025-07-24T20:39:17.497+0000] {processor.py:830} INFO - Processing file /home/airflow/.local/lib/python3.12/site-packages/airflow/example_dags/example_external_task_marker_dag.py for tasks to queue
[2025-07-24T20:39:17.499+0000] {logging_mixin.py:188} INFO - [2025-07-24T20:39:17.498+0000] {dagbag.py:545} INFO - Filling up the DagBag from /home/airflow/.local/lib/python3.12/site-packages/airflow/example_dags/example_external_task_marker_dag.py
[2025-07-24T20:39:17.502+0000] {processor.py:840} INFO - DAG(s) 'example_external_task_marker_child', 'example_external_task_marker_parent' retrieved from /home/airflow/.local/lib/python3.12/site-packages/airflow/example_dags/example_external_task_marker_dag.py
[2025-07-24T20:39:17.515+0000] {logging_mixin.py:188} INFO - [2025-07-24T20:39:17.515+0000] {dag.py:3096} INFO - Sync 2 DAGs
[2025-07-24T20:39:17.522+0000] {logging_mixin.py:188} INFO - [2025-07-24T20:39:17.522+0000] {dag.py:3954} INFO - Setting next_dagrun for example_external_task_marker_child to None, run_after=None
[2025-07-24T20:39:17.524+0000] {logging_mixin.py:188} INFO - [2025-07-24T20:39:17.524+0000] {dag.py:3954} INFO - Setting next_dagrun for example_external_task_marker_parent to None, run_after=None
[2025-07-24T20:39:17.532+0000] {processor.py:183} INFO - Processing /home/airflow/.local/lib/python3.12/site-packages/airflow/example_dags/example_external_task_marker_dag.py took 0.039 seconds
[2025-07-24T20:39:48.260+0000] {processor.py:161} INFO - Started process (PID=401) to work on /home/airflow/.local/lib/python3.12/site-packages/airflow/example_dags/example_external_task_marker_dag.py
[2025-07-24T20:39:48.261+0000] {processor.py:830} INFO - Processing file /home/airflow/.local/lib/python3.12/site-packages/airflow/example_dags/example_external_task_marker_dag.py for tasks to queue
[2025-07-24T20:39:48.262+0000] {logging_mixin.py:188} INFO - [2025-07-24T20:39:48.262+0000] {dagbag.py:545} INFO - Filling up the DagBag from /home/airflow/.local/lib/python3.12/site-packages/airflow/example_dags/example_external_task_marker_dag.py
[2025-07-24T20:39:48.267+0000] {processor.py:840} INFO - DAG(s) 'example_external_task_marker_parent', 'example_external_task_marker_child' retrieved from /home/airflow/.local/lib/python3.12/site-packages/airflow/example_dags/example_external_task_marker_dag.py
[2025-07-24T20:39:48.281+0000] {logging_mixin.py:188} INFO - [2025-07-24T20:39:48.281+0000] {dag.py:3096} INFO - Sync 2 DAGs
[2025-07-24T20:39:48.289+0000] {logging_mixin.py:188} INFO - [2025-07-24T20:39:48.289+0000] {dag.py:3954} INFO - Setting next_dagrun for example_external_task_marker_child to None, run_after=None
[2025-07-24T20:39:48.291+0000] {logging_mixin.py:188} INFO - [2025-07-24T20:39:48.291+0000] {dag.py:3954} INFO - Setting next_dagrun for example_external_task_marker_parent to None, run_after=None
[2025-07-24T20:39:48.300+0000] {processor.py:183} INFO - Processing /home/airflow/.local/lib/python3.12/site-packages/airflow/example_dags/example_external_task_marker_dag.py took 0.044 seconds
[2025-07-24T20:40:18.931+0000] {processor.py:161} INFO - Started process (PID=459) to work on /home/airflow/.local/lib/python3.12/site-packages/airflow/example_dags/example_external_task_marker_dag.py
[2025-07-24T20:40:18.931+0000] {processor.py:830} INFO - Processing file /home/airflow/.local/lib/python3.12/site-packages/airflow/example_dags/example_external_task_marker_dag.py for tasks to queue
[2025-07-24T20:40:18.932+0000] {logging_mixin.py:188} INFO - [2025-07-24T20:40:18.932+0000] {dagbag.py:545} INFO - Filling up the DagBag from /home/airflow/.local/lib/python3.12/site-packages/airflow/example_dags/example_external_task_marker_dag.py
[2025-07-24T20:40:18.935+0000] {processor.py:840} INFO - DAG(s) 'example_external_task_marker_parent', 'example_external_task_marker_child' retrieved from /home/airflow/.local/lib/python3.12/site-packages/airflow/example_dags/example_external_task_marker_dag.py
[2025-07-24T20:40:18.948+0000] {logging_mixin.py:188} INFO - [2025-07-24T20:40:18.948+0000] {dag.py:3096} INFO - Sync 2 DAGs
[2025-07-24T20:40:18.955+0000] {logging_mixin.py:188} INFO - [2025-07-24T20:40:18.955+0000] {dag.py:3954} INFO - Setting next_dagrun for example_external_task_marker_child to None, run_after=None
[2025-07-24T20:40:18.957+0000] {logging_mixin.py:188} INFO - [2025-07-24T20:40:18.957+0000] {dag.py:3954} INFO - Setting next_dagrun for example_external_task_marker_parent to None, run_after=None
[2025-07-24T20:40:18.965+0000] {processor.py:183} INFO - Processing /home/airflow/.local/lib/python3.12/site-packages/airflow/example_dags/example_external_task_marker_dag.py took 0.038 seconds
[2025-07-24T20:40:49.896+0000] {processor.py:161} INFO - Started process (PID=517) to work on /home/airflow/.local/lib/python3.12/site-packages/airflow/example_dags/example_external_task_marker_dag.py
[2025-07-24T20:40:49.898+0000] {processor.py:830} INFO - Processing file /home/airflow/.local/lib/python3.12/site-packages/airflow/example_dags/example_external_task_marker_dag.py for tasks to queue
[2025-07-24T20:40:49.898+0000] {logging_mixin.py:188} INFO - [2025-07-24T20:40:49.898+0000] {dagbag.py:545} INFO - Filling up the DagBag from /home/airflow/.local/lib/python3.12/site-packages/airflow/example_dags/example_external_task_marker_dag.py
[2025-07-24T20:40:49.902+0000] {processor.py:840} INFO - DAG(s) 'example_external_task_marker_parent', 'example_external_task_marker_child' retrieved from /home/airflow/.local/lib/python3.12/site-packages/airflow/example_dags/example_external_task_marker_dag.py
[2025-07-24T20:40:49.914+0000] {logging_mixin.py:188} INFO - [2025-07-24T20:40:49.914+0000] {dag.py:3096} INFO - Sync 2 DAGs
[2025-07-24T20:40:49.921+0000] {logging_mixin.py:188} INFO - [2025-07-24T20:40:49.920+0000] {dag.py:3954} INFO - Setting next_dagrun for example_external_task_marker_child to None, run_after=None
[2025-07-24T20:40:49.922+0000] {logging_mixin.py:188} INFO - [2025-07-24T20:40:49.922+0000] {dag.py:3954} INFO - Setting next_dagrun for example_external_task_marker_parent to None, run_after=None
[2025-07-24T20:40:49.929+0000] {processor.py:183} INFO - Processing /home/airflow/.local/lib/python3.12/site-packages/airflow/example_dags/example_external_task_marker_dag.py took 0.038 seconds
[2025-07-24T20:41:20.873+0000] {processor.py:161} INFO - Started process (PID=575) to work on /home/airflow/.local/lib/python3.12/site-packages/airflow/example_dags/example_external_task_marker_dag.py
[2025-07-24T20:41:20.873+0000] {processor.py:830} INFO - Processing file /home/airflow/.local/lib/python3.12/site-packages/airflow/example_dags/example_external_task_marker_dag.py for tasks to queue
[2025-07-24T20:41:20.874+0000] {logging_mixin.py:188} INFO - [2025-07-24T20:41:20.874+0000] {dagbag.py:545} INFO - Filling up the DagBag from /home/airflow/.local/lib/python3.12/site-packages/airflow/example_dags/example_external_task_marker_dag.py
[2025-07-24T20:41:20.878+0000] {processor.py:840} INFO - DAG(s) 'example_external_task_marker_parent', 'example_external_task_marker_child' retrieved from /home/airflow/.local/lib/python3.12/site-packages/airflow/example_dags/example_external_task_marker_dag.py
[2025-07-24T20:41:20.892+0000] {logging_mixin.py:188} INFO - [2025-07-24T20:41:20.892+0000] {dag.py:3096} INFO - Sync 2 DAGs
[2025-07-24T20:41:20.900+0000] {logging_mixin.py:188} INFO - [2025-07-24T20:41:20.900+0000] {dag.py:3954} INFO - Setting next_dagrun for example_external_task_marker_child to None, run_after=None
[2025-07-24T20:41:20.902+0000] {logging_mixin.py:188} INFO - [2025-07-24T20:41:20.902+0000] {dag.py:3954} INFO - Setting next_dagrun for example_external_task_marker_parent to None, run_after=None
[2025-07-24T20:41:20.911+0000] {processor.py:183} INFO - Processing /home/airflow/.local/lib/python3.12/site-packages/airflow/example_dags/example_external_task_marker_dag.py took 0.042 seconds
[2025-07-24T20:41:51.673+0000] {processor.py:161} INFO - Started process (PID=633) to work on /home/airflow/.local/lib/python3.12/site-packages/airflow/example_dags/example_external_task_marker_dag.py
[2025-07-24T20:41:51.674+0000] {processor.py:830} INFO - Processing file /home/airflow/.local/lib/python3.12/site-packages/airflow/example_dags/example_external_task_marker_dag.py for tasks to queue
[2025-07-24T20:41:51.676+0000] {logging_mixin.py:188} INFO - [2025-07-24T20:41:51.676+0000] {dagbag.py:545} INFO - Filling up the DagBag from /home/airflow/.local/lib/python3.12/site-packages/airflow/example_dags/example_external_task_marker_dag.py
[2025-07-24T20:41:51.680+0000] {processor.py:840} INFO - DAG(s) 'example_external_task_marker_child', 'example_external_task_marker_parent' retrieved from /home/airflow/.local/lib/python3.12/site-packages/airflow/example_dags/example_external_task_marker_dag.py
[2025-07-24T20:41:51.693+0000] {logging_mixin.py:188} INFO - [2025-07-24T20:41:51.693+0000] {dag.py:3096} INFO - Sync 2 DAGs
[2025-07-24T20:41:51.700+0000] {logging_mixin.py:188} INFO - [2025-07-24T20:41:51.699+0000] {dag.py:3954} INFO - Setting next_dagrun for example_external_task_marker_child to None, run_after=None
[2025-07-24T20:41:51.701+0000] {logging_mixin.py:188} INFO - [2025-07-24T20:41:51.701+0000] {dag.py:3954} INFO - Setting next_dagrun for example_external_task_marker_parent to None, run_after=None
[2025-07-24T20:41:51.709+0000] {processor.py:183} INFO - Processing /home/airflow/.local/lib/python3.12/site-packages/airflow/example_dags/example_external_task_marker_dag.py took 0.039 seconds
[2025-07-24T20:42:22.607+0000] {processor.py:161} INFO - Started process (PID=691) to work on /home/airflow/.local/lib/python3.12/site-packages/airflow/example_dags/example_external_task_marker_dag.py
[2025-07-24T20:42:22.607+0000] {processor.py:830} INFO - Processing file /home/airflow/.local/lib/python3.12/site-packages/airflow/example_dags/example_external_task_marker_dag.py for tasks to queue
[2025-07-24T20:42:22.608+0000] {logging_mixin.py:188} INFO - [2025-07-24T20:42:22.608+0000] {dagbag.py:545} INFO - Filling up the DagBag from /home/airflow/.local/lib/python3.12/site-packages/airflow/example_dags/example_external_task_marker_dag.py
[2025-07-24T20:42:22.612+0000] {processor.py:840} INFO - DAG(s) 'example_external_task_marker_child', 'example_external_task_marker_parent' retrieved from /home/airflow/.local/lib/python3.12/site-packages/airflow/example_dags/example_external_task_marker_dag.py
[2025-07-24T20:42:22.625+0000] {logging_mixin.py:188} INFO - [2025-07-24T20:42:22.625+0000] {dag.py:3096} INFO - Sync 2 DAGs
[2025-07-24T20:42:22.633+0000] {logging_mixin.py:188} INFO - [2025-07-24T20:42:22.633+0000] {dag.py:3954} INFO - Setting next_dagrun for example_external_task_marker_child to None, run_after=None
[2025-07-24T20:42:22.635+0000] {logging_mixin.py:188} INFO - [2025-07-24T20:42:22.635+0000] {dag.py:3954} INFO - Setting next_dagrun for example_external_task_marker_parent to None, run_after=None
[2025-07-24T20:42:22.643+0000] {processor.py:183} INFO - Processing /home/airflow/.local/lib/python3.12/site-packages/airflow/example_dags/example_external_task_marker_dag.py took 0.040 seconds
[2025-07-24T20:43:16.483+0000] {processor.py:161} INFO - Started process (PID=47) to work on /home/airflow/.local/lib/python3.12/site-packages/airflow/example_dags/example_external_task_marker_dag.py
[2025-07-24T20:43:16.483+0000] {processor.py:830} INFO - Processing file /home/airflow/.local/lib/python3.12/site-packages/airflow/example_dags/example_external_task_marker_dag.py for tasks to queue
[2025-07-24T20:43:16.484+0000] {logging_mixin.py:188} INFO - [2025-07-24T20:43:16.484+0000] {dagbag.py:545} INFO - Filling up the DagBag from /home/airflow/.local/lib/python3.12/site-packages/airflow/example_dags/example_external_task_marker_dag.py
[2025-07-24T20:43:16.488+0000] {processor.py:840} INFO - DAG(s) 'example_external_task_marker_parent', 'example_external_task_marker_child' retrieved from /home/airflow/.local/lib/python3.12/site-packages/airflow/example_dags/example_external_task_marker_dag.py
[2025-07-24T20:43:16.495+0000] {logging_mixin.py:188} INFO - [2025-07-24T20:43:16.495+0000] {dag.py:3096} INFO - Sync 2 DAGs
[2025-07-24T20:43:16.502+0000] {logging_mixin.py:188} INFO - [2025-07-24T20:43:16.502+0000] {dag.py:3954} INFO - Setting next_dagrun for example_external_task_marker_child to None, run_after=None
[2025-07-24T20:43:16.504+0000] {logging_mixin.py:188} INFO - [2025-07-24T20:43:16.504+0000] {dag.py:3954} INFO - Setting next_dagrun for example_external_task_marker_parent to None, run_after=None
[2025-07-24T20:43:16.512+0000] {processor.py:183} INFO - Processing /home/airflow/.local/lib/python3.12/site-packages/airflow/example_dags/example_external_task_marker_dag.py took 0.032 seconds
[2025-07-24T20:43:47.251+0000] {processor.py:161} INFO - Started process (PID=105) to work on /home/airflow/.local/lib/python3.12/site-packages/airflow/example_dags/example_external_task_marker_dag.py
[2025-07-24T20:43:47.252+0000] {processor.py:830} INFO - Processing file /home/airflow/.local/lib/python3.12/site-packages/airflow/example_dags/example_external_task_marker_dag.py for tasks to queue
[2025-07-24T20:43:47.252+0000] {logging_mixin.py:188} INFO - [2025-07-24T20:43:47.252+0000] {dagbag.py:545} INFO - Filling up the DagBag from /home/airflow/.local/lib/python3.12/site-packages/airflow/example_dags/example_external_task_marker_dag.py
[2025-07-24T20:43:47.256+0000] {processor.py:840} INFO - DAG(s) 'example_external_task_marker_parent', 'example_external_task_marker_child' retrieved from /home/airflow/.local/lib/python3.12/site-packages/airflow/example_dags/example_external_task_marker_dag.py
[2025-07-24T20:43:47.315+0000] {logging_mixin.py:188} INFO - [2025-07-24T20:43:47.314+0000] {dag.py:3096} INFO - Sync 2 DAGs
[2025-07-24T20:43:47.320+0000] {logging_mixin.py:188} INFO - [2025-07-24T20:43:47.320+0000] {dag.py:3954} INFO - Setting next_dagrun for example_external_task_marker_child to None, run_after=None
[2025-07-24T20:43:47.321+0000] {logging_mixin.py:188} INFO - [2025-07-24T20:43:47.321+0000] {dag.py:3954} INFO - Setting next_dagrun for example_external_task_marker_parent to None, run_after=None
[2025-07-24T20:43:47.329+0000] {processor.py:183} INFO - Processing /home/airflow/.local/lib/python3.12/site-packages/airflow/example_dags/example_external_task_marker_dag.py took 0.081 seconds
[2025-07-24T20:44:18.290+0000] {processor.py:161} INFO - Started process (PID=163) to work on /home/airflow/.local/lib/python3.12/site-packages/airflow/example_dags/example_external_task_marker_dag.py
[2025-07-24T20:44:18.290+0000] {processor.py:830} INFO - Processing file /home/airflow/.local/lib/python3.12/site-packages/airflow/example_dags/example_external_task_marker_dag.py for tasks to queue
[2025-07-24T20:44:18.291+0000] {logging_mixin.py:188} INFO - [2025-07-24T20:44:18.291+0000] {dagbag.py:545} INFO - Filling up the DagBag from /home/airflow/.local/lib/python3.12/site-packages/airflow/example_dags/example_external_task_marker_dag.py
[2025-07-24T20:44:18.295+0000] {processor.py:840} INFO - DAG(s) 'example_external_task_marker_parent', 'example_external_task_marker_child' retrieved from /home/airflow/.local/lib/python3.12/site-packages/airflow/example_dags/example_external_task_marker_dag.py
[2025-07-24T20:44:18.308+0000] {logging_mixin.py:188} INFO - [2025-07-24T20:44:18.308+0000] {dag.py:3096} INFO - Sync 2 DAGs
[2025-07-24T20:44:18.316+0000] {logging_mixin.py:188} INFO - [2025-07-24T20:44:18.316+0000] {dag.py:3954} INFO - Setting next_dagrun for example_external_task_marker_child to None, run_after=None
[2025-07-24T20:44:18.318+0000] {logging_mixin.py:188} INFO - [2025-07-24T20:44:18.318+0000] {dag.py:3954} INFO - Setting next_dagrun for example_external_task_marker_parent to None, run_after=None
[2025-07-24T20:44:18.326+0000] {processor.py:183} INFO - Processing /home/airflow/.local/lib/python3.12/site-packages/airflow/example_dags/example_external_task_marker_dag.py took 0.040 seconds
[2025-07-24T20:44:48.421+0000] {processor.py:161} INFO - Started process (PID=221) to work on /home/airflow/.local/lib/python3.12/site-packages/airflow/example_dags/example_external_task_marker_dag.py
[2025-07-24T20:44:48.421+0000] {processor.py:830} INFO - Processing file /home/airflow/.local/lib/python3.12/site-packages/airflow/example_dags/example_external_task_marker_dag.py for tasks to queue
[2025-07-24T20:44:48.422+0000] {logging_mixin.py:188} INFO - [2025-07-24T20:44:48.422+0000] {dagbag.py:545} INFO - Filling up the DagBag from /home/airflow/.local/lib/python3.12/site-packages/airflow/example_dags/example_external_task_marker_dag.py
[2025-07-24T20:44:48.426+0000] {processor.py:840} INFO - DAG(s) 'example_external_task_marker_child', 'example_external_task_marker_parent' retrieved from /home/airflow/.local/lib/python3.12/site-packages/airflow/example_dags/example_external_task_marker_dag.py
[2025-07-24T20:44:48.438+0000] {logging_mixin.py:188} INFO - [2025-07-24T20:44:48.438+0000] {dag.py:3096} INFO - Sync 2 DAGs
[2025-07-24T20:44:48.446+0000] {logging_mixin.py:188} INFO - [2025-07-24T20:44:48.446+0000] {dag.py:3954} INFO - Setting next_dagrun for example_external_task_marker_child to None, run_after=None
[2025-07-24T20:44:48.448+0000] {logging_mixin.py:188} INFO - [2025-07-24T20:44:48.448+0000] {dag.py:3954} INFO - Setting next_dagrun for example_external_task_marker_parent to None, run_after=None
[2025-07-24T20:44:48.457+0000] {processor.py:183} INFO - Processing /home/airflow/.local/lib/python3.12/site-packages/airflow/example_dags/example_external_task_marker_dag.py took 0.040 seconds
[2025-07-24T20:45:18.551+0000] {processor.py:161} INFO - Started process (PID=279) to work on /home/airflow/.local/lib/python3.12/site-packages/airflow/example_dags/example_external_task_marker_dag.py
[2025-07-24T20:45:18.552+0000] {processor.py:830} INFO - Processing file /home/airflow/.local/lib/python3.12/site-packages/airflow/example_dags/example_external_task_marker_dag.py for tasks to queue
[2025-07-24T20:45:18.553+0000] {logging_mixin.py:188} INFO - [2025-07-24T20:45:18.553+0000] {dagbag.py:545} INFO - Filling up the DagBag from /home/airflow/.local/lib/python3.12/site-packages/airflow/example_dags/example_external_task_marker_dag.py
[2025-07-24T20:45:18.556+0000] {processor.py:840} INFO - DAG(s) 'example_external_task_marker_parent', 'example_external_task_marker_child' retrieved from /home/airflow/.local/lib/python3.12/site-packages/airflow/example_dags/example_external_task_marker_dag.py
[2025-07-24T20:45:18.568+0000] {logging_mixin.py:188} INFO - [2025-07-24T20:45:18.568+0000] {dag.py:3096} INFO - Sync 2 DAGs
[2025-07-24T20:45:18.575+0000] {logging_mixin.py:188} INFO - [2025-07-24T20:45:18.575+0000] {dag.py:3954} INFO - Setting next_dagrun for example_external_task_marker_child to None, run_after=None
[2025-07-24T20:45:18.577+0000] {logging_mixin.py:188} INFO - [2025-07-24T20:45:18.577+0000] {dag.py:3954} INFO - Setting next_dagrun for example_external_task_marker_parent to None, run_after=None
[2025-07-24T20:45:18.585+0000] {processor.py:183} INFO - Processing /home/airflow/.local/lib/python3.12/site-packages/airflow/example_dags/example_external_task_marker_dag.py took 0.036 seconds
[2025-07-24T20:45:49.100+0000] {processor.py:161} INFO - Started process (PID=337) to work on /home/airflow/.local/lib/python3.12/site-packages/airflow/example_dags/example_external_task_marker_dag.py
[2025-07-24T20:45:49.100+0000] {processor.py:830} INFO - Processing file /home/airflow/.local/lib/python3.12/site-packages/airflow/example_dags/example_external_task_marker_dag.py for tasks to queue
[2025-07-24T20:45:49.101+0000] {logging_mixin.py:188} INFO - [2025-07-24T20:45:49.101+0000] {dagbag.py:545} INFO - Filling up the DagBag from /home/airflow/.local/lib/python3.12/site-packages/airflow/example_dags/example_external_task_marker_dag.py
[2025-07-24T20:45:49.105+0000] {processor.py:840} INFO - DAG(s) 'example_external_task_marker_child', 'example_external_task_marker_parent' retrieved from /home/airflow/.local/lib/python3.12/site-packages/airflow/example_dags/example_external_task_marker_dag.py
[2025-07-24T20:45:49.118+0000] {logging_mixin.py:188} INFO - [2025-07-24T20:45:49.118+0000] {dag.py:3096} INFO - Sync 2 DAGs
[2025-07-24T20:45:49.125+0000] {logging_mixin.py:188} INFO - [2025-07-24T20:45:49.125+0000] {dag.py:3954} INFO - Setting next_dagrun for example_external_task_marker_child to None, run_after=None
[2025-07-24T20:45:49.127+0000] {logging_mixin.py:188} INFO - [2025-07-24T20:45:49.127+0000] {dag.py:3954} INFO - Setting next_dagrun for example_external_task_marker_parent to None, run_after=None
[2025-07-24T20:45:49.136+0000] {processor.py:183} INFO - Processing /home/airflow/.local/lib/python3.12/site-packages/airflow/example_dags/example_external_task_marker_dag.py took 0.039 seconds
[2025-07-24T20:46:19.745+0000] {processor.py:161} INFO - Started process (PID=395) to work on /home/airflow/.local/lib/python3.12/site-packages/airflow/example_dags/example_external_task_marker_dag.py
[2025-07-24T20:46:19.745+0000] {processor.py:830} INFO - Processing file /home/airflow/.local/lib/python3.12/site-packages/airflow/example_dags/example_external_task_marker_dag.py for tasks to queue
[2025-07-24T20:46:19.746+0000] {logging_mixin.py:188} INFO - [2025-07-24T20:46:19.746+0000] {dagbag.py:545} INFO - Filling up the DagBag from /home/airflow/.local/lib/python3.12/site-packages/airflow/example_dags/example_external_task_marker_dag.py
[2025-07-24T20:46:19.750+0000] {processor.py:840} INFO - DAG(s) 'example_external_task_marker_parent', 'example_external_task_marker_child' retrieved from /home/airflow/.local/lib/python3.12/site-packages/airflow/example_dags/example_external_task_marker_dag.py
[2025-07-24T20:46:19.762+0000] {logging_mixin.py:188} INFO - [2025-07-24T20:46:19.762+0000] {dag.py:3096} INFO - Sync 2 DAGs
[2025-07-24T20:46:19.771+0000] {logging_mixin.py:188} INFO - [2025-07-24T20:46:19.770+0000] {dag.py:3954} INFO - Setting next_dagrun for example_external_task_marker_child to None, run_after=None
[2025-07-24T20:46:19.773+0000] {logging_mixin.py:188} INFO - [2025-07-24T20:46:19.772+0000] {dag.py:3954} INFO - Setting next_dagrun for example_external_task_marker_parent to None, run_after=None
[2025-07-24T20:46:19.781+0000] {processor.py:183} INFO - Processing /home/airflow/.local/lib/python3.12/site-packages/airflow/example_dags/example_external_task_marker_dag.py took 0.039 seconds
[2025-07-24T20:46:50.473+0000] {processor.py:161} INFO - Started process (PID=459) to work on /home/airflow/.local/lib/python3.12/site-packages/airflow/example_dags/example_external_task_marker_dag.py
[2025-07-24T20:46:50.473+0000] {processor.py:830} INFO - Processing file /home/airflow/.local/lib/python3.12/site-packages/airflow/example_dags/example_external_task_marker_dag.py for tasks to queue
[2025-07-24T20:46:50.474+0000] {logging_mixin.py:188} INFO - [2025-07-24T20:46:50.474+0000] {dagbag.py:545} INFO - Filling up the DagBag from /home/airflow/.local/lib/python3.12/site-packages/airflow/example_dags/example_external_task_marker_dag.py
[2025-07-24T20:46:50.477+0000] {processor.py:840} INFO - DAG(s) 'example_external_task_marker_parent', 'example_external_task_marker_child' retrieved from /home/airflow/.local/lib/python3.12/site-packages/airflow/example_dags/example_external_task_marker_dag.py
[2025-07-24T20:46:50.490+0000] {logging_mixin.py:188} INFO - [2025-07-24T20:46:50.490+0000] {dag.py:3096} INFO - Sync 2 DAGs
[2025-07-24T20:46:50.498+0000] {logging_mixin.py:188} INFO - [2025-07-24T20:46:50.498+0000] {dag.py:3954} INFO - Setting next_dagrun for example_external_task_marker_child to None, run_after=None
[2025-07-24T20:46:50.500+0000] {logging_mixin.py:188} INFO - [2025-07-24T20:46:50.500+0000] {dag.py:3954} INFO - Setting next_dagrun for example_external_task_marker_parent to None, run_after=None
[2025-07-24T20:46:50.508+0000] {processor.py:183} INFO - Processing /home/airflow/.local/lib/python3.12/site-packages/airflow/example_dags/example_external_task_marker_dag.py took 0.039 seconds
[2025-07-24T20:47:21.075+0000] {processor.py:161} INFO - Started process (PID=517) to work on /home/airflow/.local/lib/python3.12/site-packages/airflow/example_dags/example_external_task_marker_dag.py
[2025-07-24T20:47:21.076+0000] {processor.py:830} INFO - Processing file /home/airflow/.local/lib/python3.12/site-packages/airflow/example_dags/example_external_task_marker_dag.py for tasks to queue
[2025-07-24T20:47:21.076+0000] {logging_mixin.py:188} INFO - [2025-07-24T20:47:21.076+0000] {dagbag.py:545} INFO - Filling up the DagBag from /home/airflow/.local/lib/python3.12/site-packages/airflow/example_dags/example_external_task_marker_dag.py
[2025-07-24T20:47:21.080+0000] {processor.py:840} INFO - DAG(s) 'example_external_task_marker_child', 'example_external_task_marker_parent' retrieved from /home/airflow/.local/lib/python3.12/site-packages/airflow/example_dags/example_external_task_marker_dag.py
[2025-07-24T20:47:21.093+0000] {logging_mixin.py:188} INFO - [2025-07-24T20:47:21.093+0000] {dag.py:3096} INFO - Sync 2 DAGs
[2025-07-24T20:47:21.101+0000] {logging_mixin.py:188} INFO - [2025-07-24T20:47:21.100+0000] {dag.py:3954} INFO - Setting next_dagrun for example_external_task_marker_child to None, run_after=None
[2025-07-24T20:47:21.103+0000] {logging_mixin.py:188} INFO - [2025-07-24T20:47:21.103+0000] {dag.py:3954} INFO - Setting next_dagrun for example_external_task_marker_parent to None, run_after=None
[2025-07-24T20:47:21.111+0000] {processor.py:183} INFO - Processing /home/airflow/.local/lib/python3.12/site-packages/airflow/example_dags/example_external_task_marker_dag.py took 0.039 seconds
[2025-07-24T20:47:51.847+0000] {processor.py:161} INFO - Started process (PID=575) to work on /home/airflow/.local/lib/python3.12/site-packages/airflow/example_dags/example_external_task_marker_dag.py
[2025-07-24T20:47:51.847+0000] {processor.py:830} INFO - Processing file /home/airflow/.local/lib/python3.12/site-packages/airflow/example_dags/example_external_task_marker_dag.py for tasks to queue
[2025-07-24T20:47:51.849+0000] {logging_mixin.py:188} INFO - [2025-07-24T20:47:51.848+0000] {dagbag.py:545} INFO - Filling up the DagBag from /home/airflow/.local/lib/python3.12/site-packages/airflow/example_dags/example_external_task_marker_dag.py
[2025-07-24T20:47:51.853+0000] {processor.py:840} INFO - DAG(s) 'example_external_task_marker_parent', 'example_external_task_marker_child' retrieved from /home/airflow/.local/lib/python3.12/site-packages/airflow/example_dags/example_external_task_marker_dag.py
[2025-07-24T20:47:51.866+0000] {logging_mixin.py:188} INFO - [2025-07-24T20:47:51.866+0000] {dag.py:3096} INFO - Sync 2 DAGs
[2025-07-24T20:47:51.875+0000] {logging_mixin.py:188} INFO - [2025-07-24T20:47:51.875+0000] {dag.py:3954} INFO - Setting next_dagrun for example_external_task_marker_child to None, run_after=None
[2025-07-24T20:47:51.877+0000] {logging_mixin.py:188} INFO - [2025-07-24T20:47:51.877+0000] {dag.py:3954} INFO - Setting next_dagrun for example_external_task_marker_parent to None, run_after=None
[2025-07-24T20:47:51.885+0000] {processor.py:183} INFO - Processing /home/airflow/.local/lib/python3.12/site-packages/airflow/example_dags/example_external_task_marker_dag.py took 0.042 seconds
[2025-07-24T20:48:22.473+0000] {processor.py:161} INFO - Started process (PID=633) to work on /home/airflow/.local/lib/python3.12/site-packages/airflow/example_dags/example_external_task_marker_dag.py
[2025-07-24T20:48:22.474+0000] {processor.py:830} INFO - Processing file /home/airflow/.local/lib/python3.12/site-packages/airflow/example_dags/example_external_task_marker_dag.py for tasks to queue
[2025-07-24T20:48:22.475+0000] {logging_mixin.py:188} INFO - [2025-07-24T20:48:22.475+0000] {dagbag.py:545} INFO - Filling up the DagBag from /home/airflow/.local/lib/python3.12/site-packages/airflow/example_dags/example_external_task_marker_dag.py
[2025-07-24T20:48:22.479+0000] {processor.py:840} INFO - DAG(s) 'example_external_task_marker_parent', 'example_external_task_marker_child' retrieved from /home/airflow/.local/lib/python3.12/site-packages/airflow/example_dags/example_external_task_marker_dag.py
[2025-07-24T20:48:22.492+0000] {logging_mixin.py:188} INFO - [2025-07-24T20:48:22.492+0000] {dag.py:3096} INFO - Sync 2 DAGs
[2025-07-24T20:48:22.499+0000] {logging_mixin.py:188} INFO - [2025-07-24T20:48:22.499+0000] {dag.py:3954} INFO - Setting next_dagrun for example_external_task_marker_child to None, run_after=None
[2025-07-24T20:48:22.501+0000] {logging_mixin.py:188} INFO - [2025-07-24T20:48:22.501+0000] {dag.py:3954} INFO - Setting next_dagrun for example_external_task_marker_parent to None, run_after=None
[2025-07-24T20:48:22.511+0000] {processor.py:183} INFO - Processing /home/airflow/.local/lib/python3.12/site-packages/airflow/example_dags/example_external_task_marker_dag.py took 0.041 seconds
[2025-07-24T20:48:53.125+0000] {processor.py:161} INFO - Started process (PID=691) to work on /home/airflow/.local/lib/python3.12/site-packages/airflow/example_dags/example_external_task_marker_dag.py
[2025-07-24T20:48:53.126+0000] {processor.py:830} INFO - Processing file /home/airflow/.local/lib/python3.12/site-packages/airflow/example_dags/example_external_task_marker_dag.py for tasks to queue
[2025-07-24T20:48:53.127+0000] {logging_mixin.py:188} INFO - [2025-07-24T20:48:53.126+0000] {dagbag.py:545} INFO - Filling up the DagBag from /home/airflow/.local/lib/python3.12/site-packages/airflow/example_dags/example_external_task_marker_dag.py
[2025-07-24T20:48:53.130+0000] {processor.py:840} INFO - DAG(s) 'example_external_task_marker_child', 'example_external_task_marker_parent' retrieved from /home/airflow/.local/lib/python3.12/site-packages/airflow/example_dags/example_external_task_marker_dag.py
[2025-07-24T20:48:53.145+0000] {logging_mixin.py:188} INFO - [2025-07-24T20:48:53.144+0000] {dag.py:3096} INFO - Sync 2 DAGs
[2025-07-24T20:48:53.152+0000] {logging_mixin.py:188} INFO - [2025-07-24T20:48:53.152+0000] {dag.py:3954} INFO - Setting next_dagrun for example_external_task_marker_child to None, run_after=None
[2025-07-24T20:48:53.154+0000] {logging_mixin.py:188} INFO - [2025-07-24T20:48:53.154+0000] {dag.py:3954} INFO - Setting next_dagrun for example_external_task_marker_parent to None, run_after=None
[2025-07-24T20:48:53.163+0000] {processor.py:183} INFO - Processing /home/airflow/.local/lib/python3.12/site-packages/airflow/example_dags/example_external_task_marker_dag.py took 0.041 seconds
[2025-07-24T20:49:23.754+0000] {processor.py:161} INFO - Started process (PID=749) to work on /home/airflow/.local/lib/python3.12/site-packages/airflow/example_dags/example_external_task_marker_dag.py
[2025-07-24T20:49:23.754+0000] {processor.py:830} INFO - Processing file /home/airflow/.local/lib/python3.12/site-packages/airflow/example_dags/example_external_task_marker_dag.py for tasks to queue
[2025-07-24T20:49:23.755+0000] {logging_mixin.py:188} INFO - [2025-07-24T20:49:23.755+0000] {dagbag.py:545} INFO - Filling up the DagBag from /home/airflow/.local/lib/python3.12/site-packages/airflow/example_dags/example_external_task_marker_dag.py
[2025-07-24T20:49:23.758+0000] {processor.py:840} INFO - DAG(s) 'example_external_task_marker_child', 'example_external_task_marker_parent' retrieved from /home/airflow/.local/lib/python3.12/site-packages/airflow/example_dags/example_external_task_marker_dag.py
[2025-07-24T20:49:23.770+0000] {logging_mixin.py:188} INFO - [2025-07-24T20:49:23.770+0000] {dag.py:3096} INFO - Sync 2 DAGs
[2025-07-24T20:49:23.777+0000] {logging_mixin.py:188} INFO - [2025-07-24T20:49:23.777+0000] {dag.py:3954} INFO - Setting next_dagrun for example_external_task_marker_child to None, run_after=None
[2025-07-24T20:49:23.780+0000] {logging_mixin.py:188} INFO - [2025-07-24T20:49:23.780+0000] {dag.py:3954} INFO - Setting next_dagrun for example_external_task_marker_parent to None, run_after=None
[2025-07-24T20:49:23.789+0000] {processor.py:183} INFO - Processing /home/airflow/.local/lib/python3.12/site-packages/airflow/example_dags/example_external_task_marker_dag.py took 0.038 seconds
[2025-07-24T20:49:54.357+0000] {processor.py:161} INFO - Started process (PID=807) to work on /home/airflow/.local/lib/python3.12/site-packages/airflow/example_dags/example_external_task_marker_dag.py
[2025-07-24T20:49:54.358+0000] {processor.py:830} INFO - Processing file /home/airflow/.local/lib/python3.12/site-packages/airflow/example_dags/example_external_task_marker_dag.py for tasks to queue
[2025-07-24T20:49:54.359+0000] {logging_mixin.py:188} INFO - [2025-07-24T20:49:54.359+0000] {dagbag.py:545} INFO - Filling up the DagBag from /home/airflow/.local/lib/python3.12/site-packages/airflow/example_dags/example_external_task_marker_dag.py
[2025-07-24T20:49:54.362+0000] {processor.py:840} INFO - DAG(s) 'example_external_task_marker_parent', 'example_external_task_marker_child' retrieved from /home/airflow/.local/lib/python3.12/site-packages/airflow/example_dags/example_external_task_marker_dag.py
[2025-07-24T20:49:54.375+0000] {logging_mixin.py:188} INFO - [2025-07-24T20:49:54.375+0000] {dag.py:3096} INFO - Sync 2 DAGs
[2025-07-24T20:49:54.382+0000] {logging_mixin.py:188} INFO - [2025-07-24T20:49:54.382+0000] {dag.py:3954} INFO - Setting next_dagrun for example_external_task_marker_child to None, run_after=None
[2025-07-24T20:49:54.384+0000] {logging_mixin.py:188} INFO - [2025-07-24T20:49:54.384+0000] {dag.py:3954} INFO - Setting next_dagrun for example_external_task_marker_parent to None, run_after=None
[2025-07-24T20:49:54.392+0000] {processor.py:183} INFO - Processing /home/airflow/.local/lib/python3.12/site-packages/airflow/example_dags/example_external_task_marker_dag.py took 0.038 seconds
[2025-07-24T20:50:25.066+0000] {processor.py:161} INFO - Started process (PID=865) to work on /home/airflow/.local/lib/python3.12/site-packages/airflow/example_dags/example_external_task_marker_dag.py
[2025-07-24T20:50:25.067+0000] {processor.py:830} INFO - Processing file /home/airflow/.local/lib/python3.12/site-packages/airflow/example_dags/example_external_task_marker_dag.py for tasks to queue
[2025-07-24T20:50:25.068+0000] {logging_mixin.py:188} INFO - [2025-07-24T20:50:25.067+0000] {dagbag.py:545} INFO - Filling up the DagBag from /home/airflow/.local/lib/python3.12/site-packages/airflow/example_dags/example_external_task_marker_dag.py
[2025-07-24T20:50:25.072+0000] {processor.py:840} INFO - DAG(s) 'example_external_task_marker_parent', 'example_external_task_marker_child' retrieved from /home/airflow/.local/lib/python3.12/site-packages/airflow/example_dags/example_external_task_marker_dag.py
[2025-07-24T20:50:25.085+0000] {logging_mixin.py:188} INFO - [2025-07-24T20:50:25.085+0000] {dag.py:3096} INFO - Sync 2 DAGs
[2025-07-24T20:50:25.093+0000] {logging_mixin.py:188} INFO - [2025-07-24T20:50:25.093+0000] {dag.py:3954} INFO - Setting next_dagrun for example_external_task_marker_child to None, run_after=None
[2025-07-24T20:50:25.095+0000] {logging_mixin.py:188} INFO - [2025-07-24T20:50:25.095+0000] {dag.py:3954} INFO - Setting next_dagrun for example_external_task_marker_parent to None, run_after=None
[2025-07-24T20:50:25.104+0000] {processor.py:183} INFO - Processing /home/airflow/.local/lib/python3.12/site-packages/airflow/example_dags/example_external_task_marker_dag.py took 0.042 seconds
[2025-07-24T20:50:55.211+0000] {processor.py:161} INFO - Started process (PID=923) to work on /home/airflow/.local/lib/python3.12/site-packages/airflow/example_dags/example_external_task_marker_dag.py
[2025-07-24T20:50:55.212+0000] {processor.py:830} INFO - Processing file /home/airflow/.local/lib/python3.12/site-packages/airflow/example_dags/example_external_task_marker_dag.py for tasks to queue
[2025-07-24T20:50:55.213+0000] {logging_mixin.py:188} INFO - [2025-07-24T20:50:55.212+0000] {dagbag.py:545} INFO - Filling up the DagBag from /home/airflow/.local/lib/python3.12/site-packages/airflow/example_dags/example_external_task_marker_dag.py
[2025-07-24T20:50:55.216+0000] {processor.py:840} INFO - DAG(s) 'example_external_task_marker_child', 'example_external_task_marker_parent' retrieved from /home/airflow/.local/lib/python3.12/site-packages/airflow/example_dags/example_external_task_marker_dag.py
[2025-07-24T20:50:55.229+0000] {logging_mixin.py:188} INFO - [2025-07-24T20:50:55.228+0000] {dag.py:3096} INFO - Sync 2 DAGs
[2025-07-24T20:50:55.236+0000] {logging_mixin.py:188} INFO - [2025-07-24T20:50:55.236+0000] {dag.py:3954} INFO - Setting next_dagrun for example_external_task_marker_child to None, run_after=None
[2025-07-24T20:50:55.238+0000] {logging_mixin.py:188} INFO - [2025-07-24T20:50:55.238+0000] {dag.py:3954} INFO - Setting next_dagrun for example_external_task_marker_parent to None, run_after=None
[2025-07-24T20:50:55.248+0000] {processor.py:183} INFO - Processing /home/airflow/.local/lib/python3.12/site-packages/airflow/example_dags/example_external_task_marker_dag.py took 0.040 seconds
[2025-07-24T20:51:25.983+0000] {processor.py:161} INFO - Started process (PID=981) to work on /home/airflow/.local/lib/python3.12/site-packages/airflow/example_dags/example_external_task_marker_dag.py
[2025-07-24T20:51:25.983+0000] {processor.py:830} INFO - Processing file /home/airflow/.local/lib/python3.12/site-packages/airflow/example_dags/example_external_task_marker_dag.py for tasks to queue
[2025-07-24T20:51:25.984+0000] {logging_mixin.py:188} INFO - [2025-07-24T20:51:25.984+0000] {dagbag.py:545} INFO - Filling up the DagBag from /home/airflow/.local/lib/python3.12/site-packages/airflow/example_dags/example_external_task_marker_dag.py
[2025-07-24T20:51:25.987+0000] {processor.py:840} INFO - DAG(s) 'example_external_task_marker_parent', 'example_external_task_marker_child' retrieved from /home/airflow/.local/lib/python3.12/site-packages/airflow/example_dags/example_external_task_marker_dag.py
[2025-07-24T20:51:26.000+0000] {logging_mixin.py:188} INFO - [2025-07-24T20:51:26.000+0000] {dag.py:3096} INFO - Sync 2 DAGs
[2025-07-24T20:51:26.008+0000] {logging_mixin.py:188} INFO - [2025-07-24T20:51:26.008+0000] {dag.py:3954} INFO - Setting next_dagrun for example_external_task_marker_child to None, run_after=None
[2025-07-24T20:51:26.010+0000] {logging_mixin.py:188} INFO - [2025-07-24T20:51:26.010+0000] {dag.py:3954} INFO - Setting next_dagrun for example_external_task_marker_parent to None, run_after=None
[2025-07-24T20:51:26.019+0000] {processor.py:183} INFO - Processing /home/airflow/.local/lib/python3.12/site-packages/airflow/example_dags/example_external_task_marker_dag.py took 0.039 seconds
[2025-07-24T20:51:56.702+0000] {processor.py:161} INFO - Started process (PID=1039) to work on /home/airflow/.local/lib/python3.12/site-packages/airflow/example_dags/example_external_task_marker_dag.py
[2025-07-24T20:51:56.702+0000] {processor.py:830} INFO - Processing file /home/airflow/.local/lib/python3.12/site-packages/airflow/example_dags/example_external_task_marker_dag.py for tasks to queue
[2025-07-24T20:51:56.703+0000] {logging_mixin.py:188} INFO - [2025-07-24T20:51:56.703+0000] {dagbag.py:545} INFO - Filling up the DagBag from /home/airflow/.local/lib/python3.12/site-packages/airflow/example_dags/example_external_task_marker_dag.py
[2025-07-24T20:51:56.707+0000] {processor.py:840} INFO - DAG(s) 'example_external_task_marker_parent', 'example_external_task_marker_child' retrieved from /home/airflow/.local/lib/python3.12/site-packages/airflow/example_dags/example_external_task_marker_dag.py
[2025-07-24T20:51:56.720+0000] {logging_mixin.py:188} INFO - [2025-07-24T20:51:56.720+0000] {dag.py:3096} INFO - Sync 2 DAGs
[2025-07-24T20:51:56.728+0000] {logging_mixin.py:188} INFO - [2025-07-24T20:51:56.728+0000] {dag.py:3954} INFO - Setting next_dagrun for example_external_task_marker_child to None, run_after=None
[2025-07-24T20:51:56.730+0000] {logging_mixin.py:188} INFO - [2025-07-24T20:51:56.730+0000] {dag.py:3954} INFO - Setting next_dagrun for example_external_task_marker_parent to None, run_after=None
[2025-07-24T20:51:56.738+0000] {processor.py:183} INFO - Processing /home/airflow/.local/lib/python3.12/site-packages/airflow/example_dags/example_external_task_marker_dag.py took 0.040 seconds
[2025-07-24T20:52:27.436+0000] {processor.py:161} INFO - Started process (PID=1097) to work on /home/airflow/.local/lib/python3.12/site-packages/airflow/example_dags/example_external_task_marker_dag.py
[2025-07-24T20:52:27.436+0000] {processor.py:830} INFO - Processing file /home/airflow/.local/lib/python3.12/site-packages/airflow/example_dags/example_external_task_marker_dag.py for tasks to queue
[2025-07-24T20:52:27.437+0000] {logging_mixin.py:188} INFO - [2025-07-24T20:52:27.437+0000] {dagbag.py:545} INFO - Filling up the DagBag from /home/airflow/.local/lib/python3.12/site-packages/airflow/example_dags/example_external_task_marker_dag.py
[2025-07-24T20:52:27.441+0000] {processor.py:840} INFO - DAG(s) 'example_external_task_marker_child', 'example_external_task_marker_parent' retrieved from /home/airflow/.local/lib/python3.12/site-packages/airflow/example_dags/example_external_task_marker_dag.py
[2025-07-24T20:52:27.453+0000] {logging_mixin.py:188} INFO - [2025-07-24T20:52:27.453+0000] {dag.py:3096} INFO - Sync 2 DAGs
[2025-07-24T20:52:27.461+0000] {logging_mixin.py:188} INFO - [2025-07-24T20:52:27.460+0000] {dag.py:3954} INFO - Setting next_dagrun for example_external_task_marker_child to None, run_after=None
[2025-07-24T20:52:27.462+0000] {logging_mixin.py:188} INFO - [2025-07-24T20:52:27.462+0000] {dag.py:3954} INFO - Setting next_dagrun for example_external_task_marker_parent to None, run_after=None
[2025-07-24T20:52:27.470+0000] {processor.py:183} INFO - Processing /home/airflow/.local/lib/python3.12/site-packages/airflow/example_dags/example_external_task_marker_dag.py took 0.038 seconds
[2025-07-24T20:52:58.160+0000] {processor.py:161} INFO - Started process (PID=1155) to work on /home/airflow/.local/lib/python3.12/site-packages/airflow/example_dags/example_external_task_marker_dag.py
[2025-07-24T20:52:58.160+0000] {processor.py:830} INFO - Processing file /home/airflow/.local/lib/python3.12/site-packages/airflow/example_dags/example_external_task_marker_dag.py for tasks to queue
[2025-07-24T20:52:58.161+0000] {logging_mixin.py:188} INFO - [2025-07-24T20:52:58.161+0000] {dagbag.py:545} INFO - Filling up the DagBag from /home/airflow/.local/lib/python3.12/site-packages/airflow/example_dags/example_external_task_marker_dag.py
[2025-07-24T20:52:58.164+0000] {processor.py:840} INFO - DAG(s) 'example_external_task_marker_child', 'example_external_task_marker_parent' retrieved from /home/airflow/.local/lib/python3.12/site-packages/airflow/example_dags/example_external_task_marker_dag.py
[2025-07-24T20:52:58.177+0000] {logging_mixin.py:188} INFO - [2025-07-24T20:52:58.177+0000] {dag.py:3096} INFO - Sync 2 DAGs
[2025-07-24T20:52:58.185+0000] {logging_mixin.py:188} INFO - [2025-07-24T20:52:58.185+0000] {dag.py:3954} INFO - Setting next_dagrun for example_external_task_marker_child to None, run_after=None
[2025-07-24T20:52:58.187+0000] {logging_mixin.py:188} INFO - [2025-07-24T20:52:58.187+0000] {dag.py:3954} INFO - Setting next_dagrun for example_external_task_marker_parent to None, run_after=None
[2025-07-24T20:52:58.196+0000] {processor.py:183} INFO - Processing /home/airflow/.local/lib/python3.12/site-packages/airflow/example_dags/example_external_task_marker_dag.py took 0.039 seconds
[2025-07-24T20:53:28.278+0000] {processor.py:161} INFO - Started process (PID=1213) to work on /home/airflow/.local/lib/python3.12/site-packages/airflow/example_dags/example_external_task_marker_dag.py
[2025-07-24T20:53:28.279+0000] {processor.py:830} INFO - Processing file /home/airflow/.local/lib/python3.12/site-packages/airflow/example_dags/example_external_task_marker_dag.py for tasks to queue
[2025-07-24T20:53:28.280+0000] {logging_mixin.py:188} INFO - [2025-07-24T20:53:28.279+0000] {dagbag.py:545} INFO - Filling up the DagBag from /home/airflow/.local/lib/python3.12/site-packages/airflow/example_dags/example_external_task_marker_dag.py
[2025-07-24T20:53:28.283+0000] {processor.py:840} INFO - DAG(s) 'example_external_task_marker_child', 'example_external_task_marker_parent' retrieved from /home/airflow/.local/lib/python3.12/site-packages/airflow/example_dags/example_external_task_marker_dag.py
[2025-07-24T20:53:28.295+0000] {logging_mixin.py:188} INFO - [2025-07-24T20:53:28.295+0000] {dag.py:3096} INFO - Sync 2 DAGs
[2025-07-24T20:53:28.301+0000] {logging_mixin.py:188} INFO - [2025-07-24T20:53:28.301+0000] {dag.py:3954} INFO - Setting next_dagrun for example_external_task_marker_child to None, run_after=None
[2025-07-24T20:53:28.303+0000] {logging_mixin.py:188} INFO - [2025-07-24T20:53:28.303+0000] {dag.py:3954} INFO - Setting next_dagrun for example_external_task_marker_parent to None, run_after=None
[2025-07-24T20:53:28.310+0000] {processor.py:183} INFO - Processing /home/airflow/.local/lib/python3.12/site-packages/airflow/example_dags/example_external_task_marker_dag.py took 0.036 seconds
[2025-07-24T20:53:58.387+0000] {processor.py:161} INFO - Started process (PID=1271) to work on /home/airflow/.local/lib/python3.12/site-packages/airflow/example_dags/example_external_task_marker_dag.py
[2025-07-24T20:53:58.387+0000] {processor.py:830} INFO - Processing file /home/airflow/.local/lib/python3.12/site-packages/airflow/example_dags/example_external_task_marker_dag.py for tasks to queue
[2025-07-24T20:53:58.388+0000] {logging_mixin.py:188} INFO - [2025-07-24T20:53:58.388+0000] {dagbag.py:545} INFO - Filling up the DagBag from /home/airflow/.local/lib/python3.12/site-packages/airflow/example_dags/example_external_task_marker_dag.py
[2025-07-24T20:53:58.392+0000] {processor.py:840} INFO - DAG(s) 'example_external_task_marker_parent', 'example_external_task_marker_child' retrieved from /home/airflow/.local/lib/python3.12/site-packages/airflow/example_dags/example_external_task_marker_dag.py
[2025-07-24T20:53:58.405+0000] {logging_mixin.py:188} INFO - [2025-07-24T20:53:58.404+0000] {dag.py:3096} INFO - Sync 2 DAGs
[2025-07-24T20:53:58.412+0000] {logging_mixin.py:188} INFO - [2025-07-24T20:53:58.412+0000] {dag.py:3954} INFO - Setting next_dagrun for example_external_task_marker_child to None, run_after=None
[2025-07-24T20:53:58.414+0000] {logging_mixin.py:188} INFO - [2025-07-24T20:53:58.414+0000] {dag.py:3954} INFO - Setting next_dagrun for example_external_task_marker_parent to None, run_after=None
[2025-07-24T20:53:58.422+0000] {processor.py:183} INFO - Processing /home/airflow/.local/lib/python3.12/site-packages/airflow/example_dags/example_external_task_marker_dag.py took 0.039 seconds
[2025-07-24T20:54:28.562+0000] {processor.py:161} INFO - Started process (PID=1329) to work on /home/airflow/.local/lib/python3.12/site-packages/airflow/example_dags/example_external_task_marker_dag.py
[2025-07-24T20:54:28.562+0000] {processor.py:830} INFO - Processing file /home/airflow/.local/lib/python3.12/site-packages/airflow/example_dags/example_external_task_marker_dag.py for tasks to queue
[2025-07-24T20:54:28.563+0000] {logging_mixin.py:188} INFO - [2025-07-24T20:54:28.563+0000] {dagbag.py:545} INFO - Filling up the DagBag from /home/airflow/.local/lib/python3.12/site-packages/airflow/example_dags/example_external_task_marker_dag.py
[2025-07-24T20:54:28.567+0000] {processor.py:840} INFO - DAG(s) 'example_external_task_marker_child', 'example_external_task_marker_parent' retrieved from /home/airflow/.local/lib/python3.12/site-packages/airflow/example_dags/example_external_task_marker_dag.py
[2025-07-24T20:54:28.580+0000] {logging_mixin.py:188} INFO - [2025-07-24T20:54:28.580+0000] {dag.py:3096} INFO - Sync 2 DAGs
[2025-07-24T20:54:28.587+0000] {logging_mixin.py:188} INFO - [2025-07-24T20:54:28.587+0000] {dag.py:3954} INFO - Setting next_dagrun for example_external_task_marker_child to None, run_after=None
[2025-07-24T20:54:28.589+0000] {logging_mixin.py:188} INFO - [2025-07-24T20:54:28.589+0000] {dag.py:3954} INFO - Setting next_dagrun for example_external_task_marker_parent to None, run_after=None
[2025-07-24T20:54:28.597+0000] {processor.py:183} INFO - Processing /home/airflow/.local/lib/python3.12/site-packages/airflow/example_dags/example_external_task_marker_dag.py took 0.039 seconds
[2025-07-24T20:54:59.453+0000] {processor.py:161} INFO - Started process (PID=1387) to work on /home/airflow/.local/lib/python3.12/site-packages/airflow/example_dags/example_external_task_marker_dag.py
[2025-07-24T20:54:59.454+0000] {processor.py:830} INFO - Processing file /home/airflow/.local/lib/python3.12/site-packages/airflow/example_dags/example_external_task_marker_dag.py for tasks to queue
[2025-07-24T20:54:59.455+0000] {logging_mixin.py:188} INFO - [2025-07-24T20:54:59.455+0000] {dagbag.py:545} INFO - Filling up the DagBag from /home/airflow/.local/lib/python3.12/site-packages/airflow/example_dags/example_external_task_marker_dag.py
[2025-07-24T20:54:59.458+0000] {processor.py:840} INFO - DAG(s) 'example_external_task_marker_child', 'example_external_task_marker_parent' retrieved from /home/airflow/.local/lib/python3.12/site-packages/airflow/example_dags/example_external_task_marker_dag.py
[2025-07-24T20:54:59.471+0000] {logging_mixin.py:188} INFO - [2025-07-24T20:54:59.471+0000] {dag.py:3096} INFO - Sync 2 DAGs
[2025-07-24T20:54:59.478+0000] {logging_mixin.py:188} INFO - [2025-07-24T20:54:59.478+0000] {dag.py:3954} INFO - Setting next_dagrun for example_external_task_marker_child to None, run_after=None
[2025-07-24T20:54:59.480+0000] {logging_mixin.py:188} INFO - [2025-07-24T20:54:59.480+0000] {dag.py:3954} INFO - Setting next_dagrun for example_external_task_marker_parent to None, run_after=None
[2025-07-24T20:54:59.488+0000] {processor.py:183} INFO - Processing /home/airflow/.local/lib/python3.12/site-packages/airflow/example_dags/example_external_task_marker_dag.py took 0.038 seconds
[2025-07-24T20:55:30.244+0000] {processor.py:161} INFO - Started process (PID=1445) to work on /home/airflow/.local/lib/python3.12/site-packages/airflow/example_dags/example_external_task_marker_dag.py
[2025-07-24T20:55:30.244+0000] {processor.py:830} INFO - Processing file /home/airflow/.local/lib/python3.12/site-packages/airflow/example_dags/example_external_task_marker_dag.py for tasks to queue
[2025-07-24T20:55:30.245+0000] {logging_mixin.py:188} INFO - [2025-07-24T20:55:30.245+0000] {dagbag.py:545} INFO - Filling up the DagBag from /home/airflow/.local/lib/python3.12/site-packages/airflow/example_dags/example_external_task_marker_dag.py
[2025-07-24T20:55:30.248+0000] {processor.py:840} INFO - DAG(s) 'example_external_task_marker_parent', 'example_external_task_marker_child' retrieved from /home/airflow/.local/lib/python3.12/site-packages/airflow/example_dags/example_external_task_marker_dag.py
[2025-07-24T20:55:30.260+0000] {logging_mixin.py:188} INFO - [2025-07-24T20:55:30.260+0000] {dag.py:3096} INFO - Sync 2 DAGs
[2025-07-24T20:55:30.267+0000] {logging_mixin.py:188} INFO - [2025-07-24T20:55:30.267+0000] {dag.py:3954} INFO - Setting next_dagrun for example_external_task_marker_child to None, run_after=None
[2025-07-24T20:55:30.269+0000] {logging_mixin.py:188} INFO - [2025-07-24T20:55:30.269+0000] {dag.py:3954} INFO - Setting next_dagrun for example_external_task_marker_parent to None, run_after=None
[2025-07-24T20:55:30.277+0000] {processor.py:183} INFO - Processing /home/airflow/.local/lib/python3.12/site-packages/airflow/example_dags/example_external_task_marker_dag.py took 0.036 seconds
