[2025-07-24T20:31:49.482+0000] {processor.py:161} INFO - Started process (PID=88) to work on /home/airflow/.local/lib/python3.12/site-packages/airflow/example_dags/example_dynamic_task_mapping_with_no_taskflow_operators.py
[2025-07-24T20:31:49.482+0000] {processor.py:830} INFO - Processing file /home/airflow/.local/lib/python3.12/site-packages/airflow/example_dags/example_dynamic_task_mapping_with_no_taskflow_operators.py for tasks to queue
[2025-07-24T20:31:49.483+0000] {logging_mixin.py:188} INFO - [2025-07-24T20:31:49.483+0000] {dagbag.py:545} INFO - Filling up the DagBag from /home/airflow/.local/lib/python3.12/site-packages/airflow/example_dags/example_dynamic_task_mapping_with_no_taskflow_operators.py
[2025-07-24T20:31:49.488+0000] {processor.py:840} INFO - DAG(s) 'example_dynamic_task_mapping_with_no_taskflow_operators' retrieved from /home/airflow/.local/lib/python3.12/site-packages/airflow/example_dags/example_dynamic_task_mapping_with_no_taskflow_operators.py
[2025-07-24T20:31:49.496+0000] {logging_mixin.py:188} INFO - [2025-07-24T20:31:49.495+0000] {dag.py:3096} INFO - Sync 1 DAGs
[2025-07-24T20:31:49.507+0000] {logging_mixin.py:188} INFO - [2025-07-24T20:31:49.507+0000] {dag.py:3954} INFO - Setting next_dagrun for example_dynamic_task_mapping_with_no_taskflow_operators to 2025-07-23 00:00:00+00:00, run_after=2025-07-24 00:00:00+00:00
[2025-07-24T20:31:49.516+0000] {processor.py:183} INFO - Processing /home/airflow/.local/lib/python3.12/site-packages/airflow/example_dags/example_dynamic_task_mapping_with_no_taskflow_operators.py took 0.037 seconds
[2025-07-24T20:32:21.287+0000] {processor.py:161} INFO - Started process (PID=146) to work on /home/airflow/.local/lib/python3.12/site-packages/airflow/example_dags/example_dynamic_task_mapping_with_no_taskflow_operators.py
[2025-07-24T20:32:21.288+0000] {processor.py:830} INFO - Processing file /home/airflow/.local/lib/python3.12/site-packages/airflow/example_dags/example_dynamic_task_mapping_with_no_taskflow_operators.py for tasks to queue
[2025-07-24T20:32:21.288+0000] {logging_mixin.py:188} INFO - [2025-07-24T20:32:21.288+0000] {dagbag.py:545} INFO - Filling up the DagBag from /home/airflow/.local/lib/python3.12/site-packages/airflow/example_dags/example_dynamic_task_mapping_with_no_taskflow_operators.py
[2025-07-24T20:32:21.292+0000] {processor.py:840} INFO - DAG(s) 'example_dynamic_task_mapping_with_no_taskflow_operators' retrieved from /home/airflow/.local/lib/python3.12/site-packages/airflow/example_dags/example_dynamic_task_mapping_with_no_taskflow_operators.py
[2025-07-24T20:32:21.346+0000] {logging_mixin.py:188} INFO - [2025-07-24T20:32:21.346+0000] {dag.py:3096} INFO - Sync 1 DAGs
[2025-07-24T20:32:21.356+0000] {logging_mixin.py:188} INFO - [2025-07-24T20:32:21.355+0000] {dag.py:3954} INFO - Setting next_dagrun for example_dynamic_task_mapping_with_no_taskflow_operators to 2025-07-23 00:00:00+00:00, run_after=2025-07-24 00:00:00+00:00
[2025-07-24T20:32:21.365+0000] {processor.py:183} INFO - Processing /home/airflow/.local/lib/python3.12/site-packages/airflow/example_dags/example_dynamic_task_mapping_with_no_taskflow_operators.py took 0.082 seconds
[2025-07-24T20:32:52.362+0000] {processor.py:161} INFO - Started process (PID=204) to work on /home/airflow/.local/lib/python3.12/site-packages/airflow/example_dags/example_dynamic_task_mapping_with_no_taskflow_operators.py
[2025-07-24T20:32:52.362+0000] {processor.py:830} INFO - Processing file /home/airflow/.local/lib/python3.12/site-packages/airflow/example_dags/example_dynamic_task_mapping_with_no_taskflow_operators.py for tasks to queue
[2025-07-24T20:32:52.363+0000] {logging_mixin.py:188} INFO - [2025-07-24T20:32:52.363+0000] {dagbag.py:545} INFO - Filling up the DagBag from /home/airflow/.local/lib/python3.12/site-packages/airflow/example_dags/example_dynamic_task_mapping_with_no_taskflow_operators.py
[2025-07-24T20:32:52.367+0000] {processor.py:840} INFO - DAG(s) 'example_dynamic_task_mapping_with_no_taskflow_operators' retrieved from /home/airflow/.local/lib/python3.12/site-packages/airflow/example_dags/example_dynamic_task_mapping_with_no_taskflow_operators.py
[2025-07-24T20:32:52.378+0000] {logging_mixin.py:188} INFO - [2025-07-24T20:32:52.378+0000] {dag.py:3096} INFO - Sync 1 DAGs
[2025-07-24T20:32:52.390+0000] {logging_mixin.py:188} INFO - [2025-07-24T20:32:52.390+0000] {dag.py:3954} INFO - Setting next_dagrun for example_dynamic_task_mapping_with_no_taskflow_operators to 2025-07-23 00:00:00+00:00, run_after=2025-07-24 00:00:00+00:00
[2025-07-24T20:32:52.400+0000] {processor.py:183} INFO - Processing /home/airflow/.local/lib/python3.12/site-packages/airflow/example_dags/example_dynamic_task_mapping_with_no_taskflow_operators.py took 0.042 seconds
[2025-07-24T20:33:23.100+0000] {processor.py:161} INFO - Started process (PID=262) to work on /home/airflow/.local/lib/python3.12/site-packages/airflow/example_dags/example_dynamic_task_mapping_with_no_taskflow_operators.py
[2025-07-24T20:33:23.101+0000] {processor.py:830} INFO - Processing file /home/airflow/.local/lib/python3.12/site-packages/airflow/example_dags/example_dynamic_task_mapping_with_no_taskflow_operators.py for tasks to queue
[2025-07-24T20:33:23.102+0000] {logging_mixin.py:188} INFO - [2025-07-24T20:33:23.102+0000] {dagbag.py:545} INFO - Filling up the DagBag from /home/airflow/.local/lib/python3.12/site-packages/airflow/example_dags/example_dynamic_task_mapping_with_no_taskflow_operators.py
[2025-07-24T20:33:23.107+0000] {processor.py:840} INFO - DAG(s) 'example_dynamic_task_mapping_with_no_taskflow_operators' retrieved from /home/airflow/.local/lib/python3.12/site-packages/airflow/example_dags/example_dynamic_task_mapping_with_no_taskflow_operators.py
[2025-07-24T20:33:23.119+0000] {logging_mixin.py:188} INFO - [2025-07-24T20:33:23.118+0000] {dag.py:3096} INFO - Sync 1 DAGs
[2025-07-24T20:33:23.131+0000] {logging_mixin.py:188} INFO - [2025-07-24T20:33:23.131+0000] {dag.py:3954} INFO - Setting next_dagrun for example_dynamic_task_mapping_with_no_taskflow_operators to 2025-07-23 00:00:00+00:00, run_after=2025-07-24 00:00:00+00:00
[2025-07-24T20:33:23.141+0000] {processor.py:183} INFO - Processing /home/airflow/.local/lib/python3.12/site-packages/airflow/example_dags/example_dynamic_task_mapping_with_no_taskflow_operators.py took 0.044 seconds
[2025-07-24T20:33:53.902+0000] {processor.py:161} INFO - Started process (PID=320) to work on /home/airflow/.local/lib/python3.12/site-packages/airflow/example_dags/example_dynamic_task_mapping_with_no_taskflow_operators.py
[2025-07-24T20:33:53.903+0000] {processor.py:830} INFO - Processing file /home/airflow/.local/lib/python3.12/site-packages/airflow/example_dags/example_dynamic_task_mapping_with_no_taskflow_operators.py for tasks to queue
[2025-07-24T20:33:53.904+0000] {logging_mixin.py:188} INFO - [2025-07-24T20:33:53.904+0000] {dagbag.py:545} INFO - Filling up the DagBag from /home/airflow/.local/lib/python3.12/site-packages/airflow/example_dags/example_dynamic_task_mapping_with_no_taskflow_operators.py
[2025-07-24T20:33:53.908+0000] {processor.py:840} INFO - DAG(s) 'example_dynamic_task_mapping_with_no_taskflow_operators' retrieved from /home/airflow/.local/lib/python3.12/site-packages/airflow/example_dags/example_dynamic_task_mapping_with_no_taskflow_operators.py
[2025-07-24T20:33:53.920+0000] {logging_mixin.py:188} INFO - [2025-07-24T20:33:53.920+0000] {dag.py:3096} INFO - Sync 1 DAGs
[2025-07-24T20:33:53.932+0000] {logging_mixin.py:188} INFO - [2025-07-24T20:33:53.932+0000] {dag.py:3954} INFO - Setting next_dagrun for example_dynamic_task_mapping_with_no_taskflow_operators to 2025-07-23 00:00:00+00:00, run_after=2025-07-24 00:00:00+00:00
[2025-07-24T20:33:53.942+0000] {processor.py:183} INFO - Processing /home/airflow/.local/lib/python3.12/site-packages/airflow/example_dags/example_dynamic_task_mapping_with_no_taskflow_operators.py took 0.044 seconds
[2025-07-24T20:34:24.642+0000] {processor.py:161} INFO - Started process (PID=378) to work on /home/airflow/.local/lib/python3.12/site-packages/airflow/example_dags/example_dynamic_task_mapping_with_no_taskflow_operators.py
[2025-07-24T20:34:24.643+0000] {processor.py:830} INFO - Processing file /home/airflow/.local/lib/python3.12/site-packages/airflow/example_dags/example_dynamic_task_mapping_with_no_taskflow_operators.py for tasks to queue
[2025-07-24T20:34:24.644+0000] {logging_mixin.py:188} INFO - [2025-07-24T20:34:24.643+0000] {dagbag.py:545} INFO - Filling up the DagBag from /home/airflow/.local/lib/python3.12/site-packages/airflow/example_dags/example_dynamic_task_mapping_with_no_taskflow_operators.py
[2025-07-24T20:34:24.648+0000] {processor.py:840} INFO - DAG(s) 'example_dynamic_task_mapping_with_no_taskflow_operators' retrieved from /home/airflow/.local/lib/python3.12/site-packages/airflow/example_dags/example_dynamic_task_mapping_with_no_taskflow_operators.py
[2025-07-24T20:34:24.660+0000] {logging_mixin.py:188} INFO - [2025-07-24T20:34:24.660+0000] {dag.py:3096} INFO - Sync 1 DAGs
[2025-07-24T20:34:24.672+0000] {logging_mixin.py:188} INFO - [2025-07-24T20:34:24.672+0000] {dag.py:3954} INFO - Setting next_dagrun for example_dynamic_task_mapping_with_no_taskflow_operators to 2025-07-23 00:00:00+00:00, run_after=2025-07-24 00:00:00+00:00
[2025-07-24T20:34:24.683+0000] {processor.py:183} INFO - Processing /home/airflow/.local/lib/python3.12/site-packages/airflow/example_dags/example_dynamic_task_mapping_with_no_taskflow_operators.py took 0.045 seconds
[2025-07-24T20:34:55.412+0000] {processor.py:161} INFO - Started process (PID=436) to work on /home/airflow/.local/lib/python3.12/site-packages/airflow/example_dags/example_dynamic_task_mapping_with_no_taskflow_operators.py
[2025-07-24T20:34:55.413+0000] {processor.py:830} INFO - Processing file /home/airflow/.local/lib/python3.12/site-packages/airflow/example_dags/example_dynamic_task_mapping_with_no_taskflow_operators.py for tasks to queue
[2025-07-24T20:34:55.414+0000] {logging_mixin.py:188} INFO - [2025-07-24T20:34:55.414+0000] {dagbag.py:545} INFO - Filling up the DagBag from /home/airflow/.local/lib/python3.12/site-packages/airflow/example_dags/example_dynamic_task_mapping_with_no_taskflow_operators.py
[2025-07-24T20:34:55.418+0000] {processor.py:840} INFO - DAG(s) 'example_dynamic_task_mapping_with_no_taskflow_operators' retrieved from /home/airflow/.local/lib/python3.12/site-packages/airflow/example_dags/example_dynamic_task_mapping_with_no_taskflow_operators.py
[2025-07-24T20:34:55.432+0000] {logging_mixin.py:188} INFO - [2025-07-24T20:34:55.432+0000] {dag.py:3096} INFO - Sync 1 DAGs
[2025-07-24T20:34:55.446+0000] {logging_mixin.py:188} INFO - [2025-07-24T20:34:55.445+0000] {dag.py:3954} INFO - Setting next_dagrun for example_dynamic_task_mapping_with_no_taskflow_operators to 2025-07-23 00:00:00+00:00, run_after=2025-07-24 00:00:00+00:00
[2025-07-24T20:34:55.456+0000] {processor.py:183} INFO - Processing /home/airflow/.local/lib/python3.12/site-packages/airflow/example_dags/example_dynamic_task_mapping_with_no_taskflow_operators.py took 0.049 seconds
[2025-07-24T20:35:26.245+0000] {processor.py:161} INFO - Started process (PID=494) to work on /home/airflow/.local/lib/python3.12/site-packages/airflow/example_dags/example_dynamic_task_mapping_with_no_taskflow_operators.py
[2025-07-24T20:35:26.246+0000] {processor.py:830} INFO - Processing file /home/airflow/.local/lib/python3.12/site-packages/airflow/example_dags/example_dynamic_task_mapping_with_no_taskflow_operators.py for tasks to queue
[2025-07-24T20:35:26.247+0000] {logging_mixin.py:188} INFO - [2025-07-24T20:35:26.247+0000] {dagbag.py:545} INFO - Filling up the DagBag from /home/airflow/.local/lib/python3.12/site-packages/airflow/example_dags/example_dynamic_task_mapping_with_no_taskflow_operators.py
[2025-07-24T20:35:26.251+0000] {processor.py:840} INFO - DAG(s) 'example_dynamic_task_mapping_with_no_taskflow_operators' retrieved from /home/airflow/.local/lib/python3.12/site-packages/airflow/example_dags/example_dynamic_task_mapping_with_no_taskflow_operators.py
[2025-07-24T20:35:26.263+0000] {logging_mixin.py:188} INFO - [2025-07-24T20:35:26.263+0000] {dag.py:3096} INFO - Sync 1 DAGs
[2025-07-24T20:35:26.275+0000] {logging_mixin.py:188} INFO - [2025-07-24T20:35:26.275+0000] {dag.py:3954} INFO - Setting next_dagrun for example_dynamic_task_mapping_with_no_taskflow_operators to 2025-07-23 00:00:00+00:00, run_after=2025-07-24 00:00:00+00:00
[2025-07-24T20:35:26.285+0000] {processor.py:183} INFO - Processing /home/airflow/.local/lib/python3.12/site-packages/airflow/example_dags/example_dynamic_task_mapping_with_no_taskflow_operators.py took 0.043 seconds
[2025-07-24T20:36:45.033+0000] {processor.py:161} INFO - Started process (PID=81) to work on /home/airflow/.local/lib/python3.12/site-packages/airflow/example_dags/example_dynamic_task_mapping_with_no_taskflow_operators.py
[2025-07-24T20:36:45.033+0000] {processor.py:830} INFO - Processing file /home/airflow/.local/lib/python3.12/site-packages/airflow/example_dags/example_dynamic_task_mapping_with_no_taskflow_operators.py for tasks to queue
[2025-07-24T20:36:45.034+0000] {logging_mixin.py:188} INFO - [2025-07-24T20:36:45.034+0000] {dagbag.py:545} INFO - Filling up the DagBag from /home/airflow/.local/lib/python3.12/site-packages/airflow/example_dags/example_dynamic_task_mapping_with_no_taskflow_operators.py
[2025-07-24T20:36:45.039+0000] {processor.py:840} INFO - DAG(s) 'example_dynamic_task_mapping_with_no_taskflow_operators' retrieved from /home/airflow/.local/lib/python3.12/site-packages/airflow/example_dags/example_dynamic_task_mapping_with_no_taskflow_operators.py
[2025-07-24T20:36:45.046+0000] {logging_mixin.py:188} INFO - [2025-07-24T20:36:45.046+0000] {dag.py:3096} INFO - Sync 1 DAGs
[2025-07-24T20:36:45.060+0000] {logging_mixin.py:188} INFO - [2025-07-24T20:36:45.059+0000] {dag.py:3954} INFO - Setting next_dagrun for example_dynamic_task_mapping_with_no_taskflow_operators to 2025-07-23 00:00:00+00:00, run_after=2025-07-24 00:00:00+00:00
[2025-07-24T20:36:45.069+0000] {processor.py:183} INFO - Processing /home/airflow/.local/lib/python3.12/site-packages/airflow/example_dags/example_dynamic_task_mapping_with_no_taskflow_operators.py took 0.040 seconds
[2025-07-24T20:37:15.626+0000] {processor.py:161} INFO - Started process (PID=139) to work on /home/airflow/.local/lib/python3.12/site-packages/airflow/example_dags/example_dynamic_task_mapping_with_no_taskflow_operators.py
[2025-07-24T20:37:15.626+0000] {processor.py:830} INFO - Processing file /home/airflow/.local/lib/python3.12/site-packages/airflow/example_dags/example_dynamic_task_mapping_with_no_taskflow_operators.py for tasks to queue
[2025-07-24T20:37:15.627+0000] {logging_mixin.py:188} INFO - [2025-07-24T20:37:15.627+0000] {dagbag.py:545} INFO - Filling up the DagBag from /home/airflow/.local/lib/python3.12/site-packages/airflow/example_dags/example_dynamic_task_mapping_with_no_taskflow_operators.py
[2025-07-24T20:37:15.632+0000] {processor.py:840} INFO - DAG(s) 'example_dynamic_task_mapping_with_no_taskflow_operators' retrieved from /home/airflow/.local/lib/python3.12/site-packages/airflow/example_dags/example_dynamic_task_mapping_with_no_taskflow_operators.py
[2025-07-24T20:37:15.640+0000] {logging_mixin.py:188} INFO - [2025-07-24T20:37:15.639+0000] {dag.py:3096} INFO - Sync 1 DAGs
[2025-07-24T20:37:15.651+0000] {logging_mixin.py:188} INFO - [2025-07-24T20:37:15.651+0000] {dag.py:3954} INFO - Setting next_dagrun for example_dynamic_task_mapping_with_no_taskflow_operators to 2025-07-23 00:00:00+00:00, run_after=2025-07-24 00:00:00+00:00
[2025-07-24T20:37:15.660+0000] {processor.py:183} INFO - Processing /home/airflow/.local/lib/python3.12/site-packages/airflow/example_dags/example_dynamic_task_mapping_with_no_taskflow_operators.py took 0.037 seconds
[2025-07-24T20:37:47.362+0000] {processor.py:161} INFO - Started process (PID=203) to work on /home/airflow/.local/lib/python3.12/site-packages/airflow/example_dags/example_dynamic_task_mapping_with_no_taskflow_operators.py
[2025-07-24T20:37:47.362+0000] {processor.py:830} INFO - Processing file /home/airflow/.local/lib/python3.12/site-packages/airflow/example_dags/example_dynamic_task_mapping_with_no_taskflow_operators.py for tasks to queue
[2025-07-24T20:37:47.363+0000] {logging_mixin.py:188} INFO - [2025-07-24T20:37:47.363+0000] {dagbag.py:545} INFO - Filling up the DagBag from /home/airflow/.local/lib/python3.12/site-packages/airflow/example_dags/example_dynamic_task_mapping_with_no_taskflow_operators.py
[2025-07-24T20:37:47.366+0000] {processor.py:840} INFO - DAG(s) 'example_dynamic_task_mapping_with_no_taskflow_operators' retrieved from /home/airflow/.local/lib/python3.12/site-packages/airflow/example_dags/example_dynamic_task_mapping_with_no_taskflow_operators.py
[2025-07-24T20:37:47.420+0000] {logging_mixin.py:188} INFO - [2025-07-24T20:37:47.420+0000] {dag.py:3096} INFO - Sync 1 DAGs
[2025-07-24T20:37:47.429+0000] {logging_mixin.py:188} INFO - [2025-07-24T20:37:47.429+0000] {dag.py:3954} INFO - Setting next_dagrun for example_dynamic_task_mapping_with_no_taskflow_operators to 2025-07-23 00:00:00+00:00, run_after=2025-07-24 00:00:00+00:00
[2025-07-24T20:37:47.437+0000] {processor.py:183} INFO - Processing /home/airflow/.local/lib/python3.12/site-packages/airflow/example_dags/example_dynamic_task_mapping_with_no_taskflow_operators.py took 0.079 seconds
[2025-07-24T20:38:18.140+0000] {processor.py:161} INFO - Started process (PID=261) to work on /home/airflow/.local/lib/python3.12/site-packages/airflow/example_dags/example_dynamic_task_mapping_with_no_taskflow_operators.py
[2025-07-24T20:38:18.141+0000] {processor.py:830} INFO - Processing file /home/airflow/.local/lib/python3.12/site-packages/airflow/example_dags/example_dynamic_task_mapping_with_no_taskflow_operators.py for tasks to queue
[2025-07-24T20:38:18.142+0000] {logging_mixin.py:188} INFO - [2025-07-24T20:38:18.142+0000] {dagbag.py:545} INFO - Filling up the DagBag from /home/airflow/.local/lib/python3.12/site-packages/airflow/example_dags/example_dynamic_task_mapping_with_no_taskflow_operators.py
[2025-07-24T20:38:18.146+0000] {processor.py:840} INFO - DAG(s) 'example_dynamic_task_mapping_with_no_taskflow_operators' retrieved from /home/airflow/.local/lib/python3.12/site-packages/airflow/example_dags/example_dynamic_task_mapping_with_no_taskflow_operators.py
[2025-07-24T20:38:18.156+0000] {logging_mixin.py:188} INFO - [2025-07-24T20:38:18.156+0000] {dag.py:3096} INFO - Sync 1 DAGs
[2025-07-24T20:38:18.167+0000] {logging_mixin.py:188} INFO - [2025-07-24T20:38:18.166+0000] {dag.py:3954} INFO - Setting next_dagrun for example_dynamic_task_mapping_with_no_taskflow_operators to 2025-07-23 00:00:00+00:00, run_after=2025-07-24 00:00:00+00:00
[2025-07-24T20:38:18.175+0000] {processor.py:183} INFO - Processing /home/airflow/.local/lib/python3.12/site-packages/airflow/example_dags/example_dynamic_task_mapping_with_no_taskflow_operators.py took 0.038 seconds
[2025-07-24T20:38:48.894+0000] {processor.py:161} INFO - Started process (PID=319) to work on /home/airflow/.local/lib/python3.12/site-packages/airflow/example_dags/example_dynamic_task_mapping_with_no_taskflow_operators.py
[2025-07-24T20:38:48.895+0000] {processor.py:830} INFO - Processing file /home/airflow/.local/lib/python3.12/site-packages/airflow/example_dags/example_dynamic_task_mapping_with_no_taskflow_operators.py for tasks to queue
[2025-07-24T20:38:48.896+0000] {logging_mixin.py:188} INFO - [2025-07-24T20:38:48.896+0000] {dagbag.py:545} INFO - Filling up the DagBag from /home/airflow/.local/lib/python3.12/site-packages/airflow/example_dags/example_dynamic_task_mapping_with_no_taskflow_operators.py
[2025-07-24T20:38:48.900+0000] {processor.py:840} INFO - DAG(s) 'example_dynamic_task_mapping_with_no_taskflow_operators' retrieved from /home/airflow/.local/lib/python3.12/site-packages/airflow/example_dags/example_dynamic_task_mapping_with_no_taskflow_operators.py
[2025-07-24T20:38:48.911+0000] {logging_mixin.py:188} INFO - [2025-07-24T20:38:48.911+0000] {dag.py:3096} INFO - Sync 1 DAGs
[2025-07-24T20:38:48.924+0000] {logging_mixin.py:188} INFO - [2025-07-24T20:38:48.924+0000] {dag.py:3954} INFO - Setting next_dagrun for example_dynamic_task_mapping_with_no_taskflow_operators to 2025-07-23 00:00:00+00:00, run_after=2025-07-24 00:00:00+00:00
[2025-07-24T20:38:48.933+0000] {processor.py:183} INFO - Processing /home/airflow/.local/lib/python3.12/site-packages/airflow/example_dags/example_dynamic_task_mapping_with_no_taskflow_operators.py took 0.043 seconds
[2025-07-24T20:39:19.684+0000] {processor.py:161} INFO - Started process (PID=377) to work on /home/airflow/.local/lib/python3.12/site-packages/airflow/example_dags/example_dynamic_task_mapping_with_no_taskflow_operators.py
[2025-07-24T20:39:19.685+0000] {processor.py:830} INFO - Processing file /home/airflow/.local/lib/python3.12/site-packages/airflow/example_dags/example_dynamic_task_mapping_with_no_taskflow_operators.py for tasks to queue
[2025-07-24T20:39:19.686+0000] {logging_mixin.py:188} INFO - [2025-07-24T20:39:19.685+0000] {dagbag.py:545} INFO - Filling up the DagBag from /home/airflow/.local/lib/python3.12/site-packages/airflow/example_dags/example_dynamic_task_mapping_with_no_taskflow_operators.py
[2025-07-24T20:39:19.690+0000] {processor.py:840} INFO - DAG(s) 'example_dynamic_task_mapping_with_no_taskflow_operators' retrieved from /home/airflow/.local/lib/python3.12/site-packages/airflow/example_dags/example_dynamic_task_mapping_with_no_taskflow_operators.py
[2025-07-24T20:39:19.701+0000] {logging_mixin.py:188} INFO - [2025-07-24T20:39:19.701+0000] {dag.py:3096} INFO - Sync 1 DAGs
[2025-07-24T20:39:19.712+0000] {logging_mixin.py:188} INFO - [2025-07-24T20:39:19.712+0000] {dag.py:3954} INFO - Setting next_dagrun for example_dynamic_task_mapping_with_no_taskflow_operators to 2025-07-23 00:00:00+00:00, run_after=2025-07-24 00:00:00+00:00
[2025-07-24T20:39:19.722+0000] {processor.py:183} INFO - Processing /home/airflow/.local/lib/python3.12/site-packages/airflow/example_dags/example_dynamic_task_mapping_with_no_taskflow_operators.py took 0.042 seconds
[2025-07-24T20:39:50.378+0000] {processor.py:161} INFO - Started process (PID=435) to work on /home/airflow/.local/lib/python3.12/site-packages/airflow/example_dags/example_dynamic_task_mapping_with_no_taskflow_operators.py
[2025-07-24T20:39:50.378+0000] {processor.py:830} INFO - Processing file /home/airflow/.local/lib/python3.12/site-packages/airflow/example_dags/example_dynamic_task_mapping_with_no_taskflow_operators.py for tasks to queue
[2025-07-24T20:39:50.379+0000] {logging_mixin.py:188} INFO - [2025-07-24T20:39:50.379+0000] {dagbag.py:545} INFO - Filling up the DagBag from /home/airflow/.local/lib/python3.12/site-packages/airflow/example_dags/example_dynamic_task_mapping_with_no_taskflow_operators.py
[2025-07-24T20:39:50.383+0000] {processor.py:840} INFO - DAG(s) 'example_dynamic_task_mapping_with_no_taskflow_operators' retrieved from /home/airflow/.local/lib/python3.12/site-packages/airflow/example_dags/example_dynamic_task_mapping_with_no_taskflow_operators.py
[2025-07-24T20:39:50.394+0000] {logging_mixin.py:188} INFO - [2025-07-24T20:39:50.393+0000] {dag.py:3096} INFO - Sync 1 DAGs
[2025-07-24T20:39:50.405+0000] {logging_mixin.py:188} INFO - [2025-07-24T20:39:50.405+0000] {dag.py:3954} INFO - Setting next_dagrun for example_dynamic_task_mapping_with_no_taskflow_operators to 2025-07-23 00:00:00+00:00, run_after=2025-07-24 00:00:00+00:00
[2025-07-24T20:39:50.414+0000] {processor.py:183} INFO - Processing /home/airflow/.local/lib/python3.12/site-packages/airflow/example_dags/example_dynamic_task_mapping_with_no_taskflow_operators.py took 0.040 seconds
[2025-07-24T20:40:21.079+0000] {processor.py:161} INFO - Started process (PID=493) to work on /home/airflow/.local/lib/python3.12/site-packages/airflow/example_dags/example_dynamic_task_mapping_with_no_taskflow_operators.py
[2025-07-24T20:40:21.080+0000] {processor.py:830} INFO - Processing file /home/airflow/.local/lib/python3.12/site-packages/airflow/example_dags/example_dynamic_task_mapping_with_no_taskflow_operators.py for tasks to queue
[2025-07-24T20:40:21.081+0000] {logging_mixin.py:188} INFO - [2025-07-24T20:40:21.081+0000] {dagbag.py:545} INFO - Filling up the DagBag from /home/airflow/.local/lib/python3.12/site-packages/airflow/example_dags/example_dynamic_task_mapping_with_no_taskflow_operators.py
[2025-07-24T20:40:21.086+0000] {processor.py:840} INFO - DAG(s) 'example_dynamic_task_mapping_with_no_taskflow_operators' retrieved from /home/airflow/.local/lib/python3.12/site-packages/airflow/example_dags/example_dynamic_task_mapping_with_no_taskflow_operators.py
[2025-07-24T20:40:21.098+0000] {logging_mixin.py:188} INFO - [2025-07-24T20:40:21.098+0000] {dag.py:3096} INFO - Sync 1 DAGs
[2025-07-24T20:40:21.111+0000] {logging_mixin.py:188} INFO - [2025-07-24T20:40:21.110+0000] {dag.py:3954} INFO - Setting next_dagrun for example_dynamic_task_mapping_with_no_taskflow_operators to 2025-07-23 00:00:00+00:00, run_after=2025-07-24 00:00:00+00:00
[2025-07-24T20:40:21.121+0000] {processor.py:183} INFO - Processing /home/airflow/.local/lib/python3.12/site-packages/airflow/example_dags/example_dynamic_task_mapping_with_no_taskflow_operators.py took 0.045 seconds
[2025-07-24T20:40:52.049+0000] {processor.py:161} INFO - Started process (PID=551) to work on /home/airflow/.local/lib/python3.12/site-packages/airflow/example_dags/example_dynamic_task_mapping_with_no_taskflow_operators.py
[2025-07-24T20:40:52.050+0000] {processor.py:830} INFO - Processing file /home/airflow/.local/lib/python3.12/site-packages/airflow/example_dags/example_dynamic_task_mapping_with_no_taskflow_operators.py for tasks to queue
[2025-07-24T20:40:52.051+0000] {logging_mixin.py:188} INFO - [2025-07-24T20:40:52.051+0000] {dagbag.py:545} INFO - Filling up the DagBag from /home/airflow/.local/lib/python3.12/site-packages/airflow/example_dags/example_dynamic_task_mapping_with_no_taskflow_operators.py
[2025-07-24T20:40:52.055+0000] {processor.py:840} INFO - DAG(s) 'example_dynamic_task_mapping_with_no_taskflow_operators' retrieved from /home/airflow/.local/lib/python3.12/site-packages/airflow/example_dags/example_dynamic_task_mapping_with_no_taskflow_operators.py
[2025-07-24T20:40:52.066+0000] {logging_mixin.py:188} INFO - [2025-07-24T20:40:52.066+0000] {dag.py:3096} INFO - Sync 1 DAGs
[2025-07-24T20:40:52.076+0000] {logging_mixin.py:188} INFO - [2025-07-24T20:40:52.076+0000] {dag.py:3954} INFO - Setting next_dagrun for example_dynamic_task_mapping_with_no_taskflow_operators to 2025-07-23 00:00:00+00:00, run_after=2025-07-24 00:00:00+00:00
[2025-07-24T20:40:52.085+0000] {processor.py:183} INFO - Processing /home/airflow/.local/lib/python3.12/site-packages/airflow/example_dags/example_dynamic_task_mapping_with_no_taskflow_operators.py took 0.039 seconds
[2025-07-24T20:41:23.061+0000] {processor.py:161} INFO - Started process (PID=609) to work on /home/airflow/.local/lib/python3.12/site-packages/airflow/example_dags/example_dynamic_task_mapping_with_no_taskflow_operators.py
[2025-07-24T20:41:23.061+0000] {processor.py:830} INFO - Processing file /home/airflow/.local/lib/python3.12/site-packages/airflow/example_dags/example_dynamic_task_mapping_with_no_taskflow_operators.py for tasks to queue
[2025-07-24T20:41:23.062+0000] {logging_mixin.py:188} INFO - [2025-07-24T20:41:23.062+0000] {dagbag.py:545} INFO - Filling up the DagBag from /home/airflow/.local/lib/python3.12/site-packages/airflow/example_dags/example_dynamic_task_mapping_with_no_taskflow_operators.py
[2025-07-24T20:41:23.066+0000] {processor.py:840} INFO - DAG(s) 'example_dynamic_task_mapping_with_no_taskflow_operators' retrieved from /home/airflow/.local/lib/python3.12/site-packages/airflow/example_dags/example_dynamic_task_mapping_with_no_taskflow_operators.py
[2025-07-24T20:41:23.078+0000] {logging_mixin.py:188} INFO - [2025-07-24T20:41:23.078+0000] {dag.py:3096} INFO - Sync 1 DAGs
[2025-07-24T20:41:23.091+0000] {logging_mixin.py:188} INFO - [2025-07-24T20:41:23.091+0000] {dag.py:3954} INFO - Setting next_dagrun for example_dynamic_task_mapping_with_no_taskflow_operators to 2025-07-23 00:00:00+00:00, run_after=2025-07-24 00:00:00+00:00
[2025-07-24T20:41:23.100+0000] {processor.py:183} INFO - Processing /home/airflow/.local/lib/python3.12/site-packages/airflow/example_dags/example_dynamic_task_mapping_with_no_taskflow_operators.py took 0.043 seconds
[2025-07-24T20:41:53.808+0000] {processor.py:161} INFO - Started process (PID=667) to work on /home/airflow/.local/lib/python3.12/site-packages/airflow/example_dags/example_dynamic_task_mapping_with_no_taskflow_operators.py
[2025-07-24T20:41:53.809+0000] {processor.py:830} INFO - Processing file /home/airflow/.local/lib/python3.12/site-packages/airflow/example_dags/example_dynamic_task_mapping_with_no_taskflow_operators.py for tasks to queue
[2025-07-24T20:41:53.810+0000] {logging_mixin.py:188} INFO - [2025-07-24T20:41:53.810+0000] {dagbag.py:545} INFO - Filling up the DagBag from /home/airflow/.local/lib/python3.12/site-packages/airflow/example_dags/example_dynamic_task_mapping_with_no_taskflow_operators.py
[2025-07-24T20:41:53.814+0000] {processor.py:840} INFO - DAG(s) 'example_dynamic_task_mapping_with_no_taskflow_operators' retrieved from /home/airflow/.local/lib/python3.12/site-packages/airflow/example_dags/example_dynamic_task_mapping_with_no_taskflow_operators.py
[2025-07-24T20:41:53.824+0000] {logging_mixin.py:188} INFO - [2025-07-24T20:41:53.824+0000] {dag.py:3096} INFO - Sync 1 DAGs
[2025-07-24T20:41:53.835+0000] {logging_mixin.py:188} INFO - [2025-07-24T20:41:53.835+0000] {dag.py:3954} INFO - Setting next_dagrun for example_dynamic_task_mapping_with_no_taskflow_operators to 2025-07-23 00:00:00+00:00, run_after=2025-07-24 00:00:00+00:00
[2025-07-24T20:41:53.843+0000] {processor.py:183} INFO - Processing /home/airflow/.local/lib/python3.12/site-packages/airflow/example_dags/example_dynamic_task_mapping_with_no_taskflow_operators.py took 0.039 seconds
[2025-07-24T20:42:24.785+0000] {processor.py:161} INFO - Started process (PID=725) to work on /home/airflow/.local/lib/python3.12/site-packages/airflow/example_dags/example_dynamic_task_mapping_with_no_taskflow_operators.py
[2025-07-24T20:42:24.785+0000] {processor.py:830} INFO - Processing file /home/airflow/.local/lib/python3.12/site-packages/airflow/example_dags/example_dynamic_task_mapping_with_no_taskflow_operators.py for tasks to queue
[2025-07-24T20:42:24.786+0000] {logging_mixin.py:188} INFO - [2025-07-24T20:42:24.786+0000] {dagbag.py:545} INFO - Filling up the DagBag from /home/airflow/.local/lib/python3.12/site-packages/airflow/example_dags/example_dynamic_task_mapping_with_no_taskflow_operators.py
[2025-07-24T20:42:24.790+0000] {processor.py:840} INFO - DAG(s) 'example_dynamic_task_mapping_with_no_taskflow_operators' retrieved from /home/airflow/.local/lib/python3.12/site-packages/airflow/example_dags/example_dynamic_task_mapping_with_no_taskflow_operators.py
[2025-07-24T20:42:24.802+0000] {logging_mixin.py:188} INFO - [2025-07-24T20:42:24.802+0000] {dag.py:3096} INFO - Sync 1 DAGs
[2025-07-24T20:42:24.814+0000] {logging_mixin.py:188} INFO - [2025-07-24T20:42:24.814+0000] {dag.py:3954} INFO - Setting next_dagrun for example_dynamic_task_mapping_with_no_taskflow_operators to 2025-07-23 00:00:00+00:00, run_after=2025-07-24 00:00:00+00:00
[2025-07-24T20:42:24.823+0000] {processor.py:183} INFO - Processing /home/airflow/.local/lib/python3.12/site-packages/airflow/example_dags/example_dynamic_task_mapping_with_no_taskflow_operators.py took 0.042 seconds
[2025-07-24T20:43:17.544+0000] {processor.py:161} INFO - Started process (PID=81) to work on /home/airflow/.local/lib/python3.12/site-packages/airflow/example_dags/example_dynamic_task_mapping_with_no_taskflow_operators.py
[2025-07-24T20:43:17.545+0000] {processor.py:830} INFO - Processing file /home/airflow/.local/lib/python3.12/site-packages/airflow/example_dags/example_dynamic_task_mapping_with_no_taskflow_operators.py for tasks to queue
[2025-07-24T20:43:17.546+0000] {logging_mixin.py:188} INFO - [2025-07-24T20:43:17.546+0000] {dagbag.py:545} INFO - Filling up the DagBag from /home/airflow/.local/lib/python3.12/site-packages/airflow/example_dags/example_dynamic_task_mapping_with_no_taskflow_operators.py
[2025-07-24T20:43:17.550+0000] {processor.py:840} INFO - DAG(s) 'example_dynamic_task_mapping_with_no_taskflow_operators' retrieved from /home/airflow/.local/lib/python3.12/site-packages/airflow/example_dags/example_dynamic_task_mapping_with_no_taskflow_operators.py
[2025-07-24T20:43:17.557+0000] {logging_mixin.py:188} INFO - [2025-07-24T20:43:17.557+0000] {dag.py:3096} INFO - Sync 1 DAGs
[2025-07-24T20:43:17.569+0000] {logging_mixin.py:188} INFO - [2025-07-24T20:43:17.569+0000] {dag.py:3954} INFO - Setting next_dagrun for example_dynamic_task_mapping_with_no_taskflow_operators to 2025-07-23 00:00:00+00:00, run_after=2025-07-24 00:00:00+00:00
[2025-07-24T20:43:17.578+0000] {processor.py:183} INFO - Processing /home/airflow/.local/lib/python3.12/site-packages/airflow/example_dags/example_dynamic_task_mapping_with_no_taskflow_operators.py took 0.037 seconds
[2025-07-24T20:43:49.255+0000] {processor.py:161} INFO - Started process (PID=139) to work on /home/airflow/.local/lib/python3.12/site-packages/airflow/example_dags/example_dynamic_task_mapping_with_no_taskflow_operators.py
[2025-07-24T20:43:49.255+0000] {processor.py:830} INFO - Processing file /home/airflow/.local/lib/python3.12/site-packages/airflow/example_dags/example_dynamic_task_mapping_with_no_taskflow_operators.py for tasks to queue
[2025-07-24T20:43:49.257+0000] {logging_mixin.py:188} INFO - [2025-07-24T20:43:49.256+0000] {dagbag.py:545} INFO - Filling up the DagBag from /home/airflow/.local/lib/python3.12/site-packages/airflow/example_dags/example_dynamic_task_mapping_with_no_taskflow_operators.py
[2025-07-24T20:43:49.260+0000] {processor.py:840} INFO - DAG(s) 'example_dynamic_task_mapping_with_no_taskflow_operators' retrieved from /home/airflow/.local/lib/python3.12/site-packages/airflow/example_dags/example_dynamic_task_mapping_with_no_taskflow_operators.py
[2025-07-24T20:43:49.315+0000] {logging_mixin.py:188} INFO - [2025-07-24T20:43:49.315+0000] {dag.py:3096} INFO - Sync 1 DAGs
[2025-07-24T20:43:49.325+0000] {logging_mixin.py:188} INFO - [2025-07-24T20:43:49.325+0000] {dag.py:3954} INFO - Setting next_dagrun for example_dynamic_task_mapping_with_no_taskflow_operators to 2025-07-23 00:00:00+00:00, run_after=2025-07-24 00:00:00+00:00
[2025-07-24T20:43:49.334+0000] {processor.py:183} INFO - Processing /home/airflow/.local/lib/python3.12/site-packages/airflow/example_dags/example_dynamic_task_mapping_with_no_taskflow_operators.py took 0.083 seconds
[2025-07-24T20:44:19.560+0000] {processor.py:161} INFO - Started process (PID=197) to work on /home/airflow/.local/lib/python3.12/site-packages/airflow/example_dags/example_dynamic_task_mapping_with_no_taskflow_operators.py
[2025-07-24T20:44:19.560+0000] {processor.py:830} INFO - Processing file /home/airflow/.local/lib/python3.12/site-packages/airflow/example_dags/example_dynamic_task_mapping_with_no_taskflow_operators.py for tasks to queue
[2025-07-24T20:44:19.561+0000] {logging_mixin.py:188} INFO - [2025-07-24T20:44:19.561+0000] {dagbag.py:545} INFO - Filling up the DagBag from /home/airflow/.local/lib/python3.12/site-packages/airflow/example_dags/example_dynamic_task_mapping_with_no_taskflow_operators.py
[2025-07-24T20:44:19.564+0000] {processor.py:840} INFO - DAG(s) 'example_dynamic_task_mapping_with_no_taskflow_operators' retrieved from /home/airflow/.local/lib/python3.12/site-packages/airflow/example_dags/example_dynamic_task_mapping_with_no_taskflow_operators.py
[2025-07-24T20:44:19.574+0000] {logging_mixin.py:188} INFO - [2025-07-24T20:44:19.574+0000] {dag.py:3096} INFO - Sync 1 DAGs
[2025-07-24T20:44:19.585+0000] {logging_mixin.py:188} INFO - [2025-07-24T20:44:19.584+0000] {dag.py:3954} INFO - Setting next_dagrun for example_dynamic_task_mapping_with_no_taskflow_operators to 2025-07-23 00:00:00+00:00, run_after=2025-07-24 00:00:00+00:00
[2025-07-24T20:44:19.593+0000] {processor.py:183} INFO - Processing /home/airflow/.local/lib/python3.12/site-packages/airflow/example_dags/example_dynamic_task_mapping_with_no_taskflow_operators.py took 0.037 seconds
[2025-07-24T20:44:49.733+0000] {processor.py:161} INFO - Started process (PID=255) to work on /home/airflow/.local/lib/python3.12/site-packages/airflow/example_dags/example_dynamic_task_mapping_with_no_taskflow_operators.py
[2025-07-24T20:44:49.733+0000] {processor.py:830} INFO - Processing file /home/airflow/.local/lib/python3.12/site-packages/airflow/example_dags/example_dynamic_task_mapping_with_no_taskflow_operators.py for tasks to queue
[2025-07-24T20:44:49.734+0000] {logging_mixin.py:188} INFO - [2025-07-24T20:44:49.734+0000] {dagbag.py:545} INFO - Filling up the DagBag from /home/airflow/.local/lib/python3.12/site-packages/airflow/example_dags/example_dynamic_task_mapping_with_no_taskflow_operators.py
[2025-07-24T20:44:49.738+0000] {processor.py:840} INFO - DAG(s) 'example_dynamic_task_mapping_with_no_taskflow_operators' retrieved from /home/airflow/.local/lib/python3.12/site-packages/airflow/example_dags/example_dynamic_task_mapping_with_no_taskflow_operators.py
[2025-07-24T20:44:49.749+0000] {logging_mixin.py:188} INFO - [2025-07-24T20:44:49.749+0000] {dag.py:3096} INFO - Sync 1 DAGs
[2025-07-24T20:44:49.761+0000] {logging_mixin.py:188} INFO - [2025-07-24T20:44:49.761+0000] {dag.py:3954} INFO - Setting next_dagrun for example_dynamic_task_mapping_with_no_taskflow_operators to 2025-07-23 00:00:00+00:00, run_after=2025-07-24 00:00:00+00:00
[2025-07-24T20:44:49.770+0000] {processor.py:183} INFO - Processing /home/airflow/.local/lib/python3.12/site-packages/airflow/example_dags/example_dynamic_task_mapping_with_no_taskflow_operators.py took 0.040 seconds
[2025-07-24T20:45:20.571+0000] {processor.py:161} INFO - Started process (PID=319) to work on /home/airflow/.local/lib/python3.12/site-packages/airflow/example_dags/example_dynamic_task_mapping_with_no_taskflow_operators.py
[2025-07-24T20:45:20.571+0000] {processor.py:830} INFO - Processing file /home/airflow/.local/lib/python3.12/site-packages/airflow/example_dags/example_dynamic_task_mapping_with_no_taskflow_operators.py for tasks to queue
[2025-07-24T20:45:20.572+0000] {logging_mixin.py:188} INFO - [2025-07-24T20:45:20.572+0000] {dagbag.py:545} INFO - Filling up the DagBag from /home/airflow/.local/lib/python3.12/site-packages/airflow/example_dags/example_dynamic_task_mapping_with_no_taskflow_operators.py
[2025-07-24T20:45:20.575+0000] {processor.py:840} INFO - DAG(s) 'example_dynamic_task_mapping_with_no_taskflow_operators' retrieved from /home/airflow/.local/lib/python3.12/site-packages/airflow/example_dags/example_dynamic_task_mapping_with_no_taskflow_operators.py
[2025-07-24T20:45:20.585+0000] {logging_mixin.py:188} INFO - [2025-07-24T20:45:20.585+0000] {dag.py:3096} INFO - Sync 1 DAGs
[2025-07-24T20:45:20.595+0000] {logging_mixin.py:188} INFO - [2025-07-24T20:45:20.595+0000] {dag.py:3954} INFO - Setting next_dagrun for example_dynamic_task_mapping_with_no_taskflow_operators to 2025-07-23 00:00:00+00:00, run_after=2025-07-24 00:00:00+00:00
[2025-07-24T20:45:20.603+0000] {processor.py:183} INFO - Processing /home/airflow/.local/lib/python3.12/site-packages/airflow/example_dags/example_dynamic_task_mapping_with_no_taskflow_operators.py took 0.036 seconds
[2025-07-24T20:45:51.194+0000] {processor.py:161} INFO - Started process (PID=377) to work on /home/airflow/.local/lib/python3.12/site-packages/airflow/example_dags/example_dynamic_task_mapping_with_no_taskflow_operators.py
[2025-07-24T20:45:51.195+0000] {processor.py:830} INFO - Processing file /home/airflow/.local/lib/python3.12/site-packages/airflow/example_dags/example_dynamic_task_mapping_with_no_taskflow_operators.py for tasks to queue
[2025-07-24T20:45:51.196+0000] {logging_mixin.py:188} INFO - [2025-07-24T20:45:51.196+0000] {dagbag.py:545} INFO - Filling up the DagBag from /home/airflow/.local/lib/python3.12/site-packages/airflow/example_dags/example_dynamic_task_mapping_with_no_taskflow_operators.py
[2025-07-24T20:45:51.200+0000] {processor.py:840} INFO - DAG(s) 'example_dynamic_task_mapping_with_no_taskflow_operators' retrieved from /home/airflow/.local/lib/python3.12/site-packages/airflow/example_dags/example_dynamic_task_mapping_with_no_taskflow_operators.py
[2025-07-24T20:45:51.211+0000] {logging_mixin.py:188} INFO - [2025-07-24T20:45:51.211+0000] {dag.py:3096} INFO - Sync 1 DAGs
[2025-07-24T20:45:51.222+0000] {logging_mixin.py:188} INFO - [2025-07-24T20:45:51.222+0000] {dag.py:3954} INFO - Setting next_dagrun for example_dynamic_task_mapping_with_no_taskflow_operators to 2025-07-23 00:00:00+00:00, run_after=2025-07-24 00:00:00+00:00
[2025-07-24T20:45:51.232+0000] {processor.py:183} INFO - Processing /home/airflow/.local/lib/python3.12/site-packages/airflow/example_dags/example_dynamic_task_mapping_with_no_taskflow_operators.py took 0.041 seconds
[2025-07-24T20:46:21.903+0000] {processor.py:161} INFO - Started process (PID=435) to work on /home/airflow/.local/lib/python3.12/site-packages/airflow/example_dags/example_dynamic_task_mapping_with_no_taskflow_operators.py
[2025-07-24T20:46:21.903+0000] {processor.py:830} INFO - Processing file /home/airflow/.local/lib/python3.12/site-packages/airflow/example_dags/example_dynamic_task_mapping_with_no_taskflow_operators.py for tasks to queue
[2025-07-24T20:46:21.905+0000] {logging_mixin.py:188} INFO - [2025-07-24T20:46:21.904+0000] {dagbag.py:545} INFO - Filling up the DagBag from /home/airflow/.local/lib/python3.12/site-packages/airflow/example_dags/example_dynamic_task_mapping_with_no_taskflow_operators.py
[2025-07-24T20:46:21.908+0000] {processor.py:840} INFO - DAG(s) 'example_dynamic_task_mapping_with_no_taskflow_operators' retrieved from /home/airflow/.local/lib/python3.12/site-packages/airflow/example_dags/example_dynamic_task_mapping_with_no_taskflow_operators.py
[2025-07-24T20:46:21.918+0000] {logging_mixin.py:188} INFO - [2025-07-24T20:46:21.918+0000] {dag.py:3096} INFO - Sync 1 DAGs
[2025-07-24T20:46:21.929+0000] {logging_mixin.py:188} INFO - [2025-07-24T20:46:21.928+0000] {dag.py:3954} INFO - Setting next_dagrun for example_dynamic_task_mapping_with_no_taskflow_operators to 2025-07-23 00:00:00+00:00, run_after=2025-07-24 00:00:00+00:00
[2025-07-24T20:46:21.937+0000] {processor.py:183} INFO - Processing /home/airflow/.local/lib/python3.12/site-packages/airflow/example_dags/example_dynamic_task_mapping_with_no_taskflow_operators.py took 0.037 seconds
[2025-07-24T20:46:52.551+0000] {processor.py:161} INFO - Started process (PID=493) to work on /home/airflow/.local/lib/python3.12/site-packages/airflow/example_dags/example_dynamic_task_mapping_with_no_taskflow_operators.py
[2025-07-24T20:46:52.551+0000] {processor.py:830} INFO - Processing file /home/airflow/.local/lib/python3.12/site-packages/airflow/example_dags/example_dynamic_task_mapping_with_no_taskflow_operators.py for tasks to queue
[2025-07-24T20:46:52.552+0000] {logging_mixin.py:188} INFO - [2025-07-24T20:46:52.552+0000] {dagbag.py:545} INFO - Filling up the DagBag from /home/airflow/.local/lib/python3.12/site-packages/airflow/example_dags/example_dynamic_task_mapping_with_no_taskflow_operators.py
[2025-07-24T20:46:52.556+0000] {processor.py:840} INFO - DAG(s) 'example_dynamic_task_mapping_with_no_taskflow_operators' retrieved from /home/airflow/.local/lib/python3.12/site-packages/airflow/example_dags/example_dynamic_task_mapping_with_no_taskflow_operators.py
[2025-07-24T20:46:52.566+0000] {logging_mixin.py:188} INFO - [2025-07-24T20:46:52.566+0000] {dag.py:3096} INFO - Sync 1 DAGs
[2025-07-24T20:46:52.576+0000] {logging_mixin.py:188} INFO - [2025-07-24T20:46:52.576+0000] {dag.py:3954} INFO - Setting next_dagrun for example_dynamic_task_mapping_with_no_taskflow_operators to 2025-07-23 00:00:00+00:00, run_after=2025-07-24 00:00:00+00:00
[2025-07-24T20:46:52.585+0000] {processor.py:183} INFO - Processing /home/airflow/.local/lib/python3.12/site-packages/airflow/example_dags/example_dynamic_task_mapping_with_no_taskflow_operators.py took 0.038 seconds
[2025-07-24T20:47:23.301+0000] {processor.py:161} INFO - Started process (PID=551) to work on /home/airflow/.local/lib/python3.12/site-packages/airflow/example_dags/example_dynamic_task_mapping_with_no_taskflow_operators.py
[2025-07-24T20:47:23.301+0000] {processor.py:830} INFO - Processing file /home/airflow/.local/lib/python3.12/site-packages/airflow/example_dags/example_dynamic_task_mapping_with_no_taskflow_operators.py for tasks to queue
[2025-07-24T20:47:23.302+0000] {logging_mixin.py:188} INFO - [2025-07-24T20:47:23.302+0000] {dagbag.py:545} INFO - Filling up the DagBag from /home/airflow/.local/lib/python3.12/site-packages/airflow/example_dags/example_dynamic_task_mapping_with_no_taskflow_operators.py
[2025-07-24T20:47:23.306+0000] {processor.py:840} INFO - DAG(s) 'example_dynamic_task_mapping_with_no_taskflow_operators' retrieved from /home/airflow/.local/lib/python3.12/site-packages/airflow/example_dags/example_dynamic_task_mapping_with_no_taskflow_operators.py
[2025-07-24T20:47:23.316+0000] {logging_mixin.py:188} INFO - [2025-07-24T20:47:23.316+0000] {dag.py:3096} INFO - Sync 1 DAGs
[2025-07-24T20:47:23.327+0000] {logging_mixin.py:188} INFO - [2025-07-24T20:47:23.327+0000] {dag.py:3954} INFO - Setting next_dagrun for example_dynamic_task_mapping_with_no_taskflow_operators to 2025-07-23 00:00:00+00:00, run_after=2025-07-24 00:00:00+00:00
[2025-07-24T20:47:23.336+0000] {processor.py:183} INFO - Processing /home/airflow/.local/lib/python3.12/site-packages/airflow/example_dags/example_dynamic_task_mapping_with_no_taskflow_operators.py took 0.039 seconds
[2025-07-24T20:47:53.949+0000] {processor.py:161} INFO - Started process (PID=609) to work on /home/airflow/.local/lib/python3.12/site-packages/airflow/example_dags/example_dynamic_task_mapping_with_no_taskflow_operators.py
[2025-07-24T20:47:53.950+0000] {processor.py:830} INFO - Processing file /home/airflow/.local/lib/python3.12/site-packages/airflow/example_dags/example_dynamic_task_mapping_with_no_taskflow_operators.py for tasks to queue
[2025-07-24T20:47:53.951+0000] {logging_mixin.py:188} INFO - [2025-07-24T20:47:53.951+0000] {dagbag.py:545} INFO - Filling up the DagBag from /home/airflow/.local/lib/python3.12/site-packages/airflow/example_dags/example_dynamic_task_mapping_with_no_taskflow_operators.py
[2025-07-24T20:47:53.954+0000] {processor.py:840} INFO - DAG(s) 'example_dynamic_task_mapping_with_no_taskflow_operators' retrieved from /home/airflow/.local/lib/python3.12/site-packages/airflow/example_dags/example_dynamic_task_mapping_with_no_taskflow_operators.py
[2025-07-24T20:47:53.966+0000] {logging_mixin.py:188} INFO - [2025-07-24T20:47:53.965+0000] {dag.py:3096} INFO - Sync 1 DAGs
[2025-07-24T20:47:53.977+0000] {logging_mixin.py:188} INFO - [2025-07-24T20:47:53.977+0000] {dag.py:3954} INFO - Setting next_dagrun for example_dynamic_task_mapping_with_no_taskflow_operators to 2025-07-23 00:00:00+00:00, run_after=2025-07-24 00:00:00+00:00
[2025-07-24T20:47:53.986+0000] {processor.py:183} INFO - Processing /home/airflow/.local/lib/python3.12/site-packages/airflow/example_dags/example_dynamic_task_mapping_with_no_taskflow_operators.py took 0.040 seconds
[2025-07-24T20:48:24.627+0000] {processor.py:161} INFO - Started process (PID=667) to work on /home/airflow/.local/lib/python3.12/site-packages/airflow/example_dags/example_dynamic_task_mapping_with_no_taskflow_operators.py
[2025-07-24T20:48:24.628+0000] {processor.py:830} INFO - Processing file /home/airflow/.local/lib/python3.12/site-packages/airflow/example_dags/example_dynamic_task_mapping_with_no_taskflow_operators.py for tasks to queue
[2025-07-24T20:48:24.629+0000] {logging_mixin.py:188} INFO - [2025-07-24T20:48:24.628+0000] {dagbag.py:545} INFO - Filling up the DagBag from /home/airflow/.local/lib/python3.12/site-packages/airflow/example_dags/example_dynamic_task_mapping_with_no_taskflow_operators.py
[2025-07-24T20:48:24.632+0000] {processor.py:840} INFO - DAG(s) 'example_dynamic_task_mapping_with_no_taskflow_operators' retrieved from /home/airflow/.local/lib/python3.12/site-packages/airflow/example_dags/example_dynamic_task_mapping_with_no_taskflow_operators.py
[2025-07-24T20:48:24.642+0000] {logging_mixin.py:188} INFO - [2025-07-24T20:48:24.641+0000] {dag.py:3096} INFO - Sync 1 DAGs
[2025-07-24T20:48:24.653+0000] {logging_mixin.py:188} INFO - [2025-07-24T20:48:24.652+0000] {dag.py:3954} INFO - Setting next_dagrun for example_dynamic_task_mapping_with_no_taskflow_operators to 2025-07-23 00:00:00+00:00, run_after=2025-07-24 00:00:00+00:00
[2025-07-24T20:48:24.662+0000] {processor.py:183} INFO - Processing /home/airflow/.local/lib/python3.12/site-packages/airflow/example_dags/example_dynamic_task_mapping_with_no_taskflow_operators.py took 0.038 seconds
[2025-07-24T20:48:55.228+0000] {processor.py:161} INFO - Started process (PID=725) to work on /home/airflow/.local/lib/python3.12/site-packages/airflow/example_dags/example_dynamic_task_mapping_with_no_taskflow_operators.py
[2025-07-24T20:48:55.228+0000] {processor.py:830} INFO - Processing file /home/airflow/.local/lib/python3.12/site-packages/airflow/example_dags/example_dynamic_task_mapping_with_no_taskflow_operators.py for tasks to queue
[2025-07-24T20:48:55.229+0000] {logging_mixin.py:188} INFO - [2025-07-24T20:48:55.229+0000] {dagbag.py:545} INFO - Filling up the DagBag from /home/airflow/.local/lib/python3.12/site-packages/airflow/example_dags/example_dynamic_task_mapping_with_no_taskflow_operators.py
[2025-07-24T20:48:55.233+0000] {processor.py:840} INFO - DAG(s) 'example_dynamic_task_mapping_with_no_taskflow_operators' retrieved from /home/airflow/.local/lib/python3.12/site-packages/airflow/example_dags/example_dynamic_task_mapping_with_no_taskflow_operators.py
[2025-07-24T20:48:55.243+0000] {logging_mixin.py:188} INFO - [2025-07-24T20:48:55.243+0000] {dag.py:3096} INFO - Sync 1 DAGs
[2025-07-24T20:48:55.254+0000] {logging_mixin.py:188} INFO - [2025-07-24T20:48:55.254+0000] {dag.py:3954} INFO - Setting next_dagrun for example_dynamic_task_mapping_with_no_taskflow_operators to 2025-07-23 00:00:00+00:00, run_after=2025-07-24 00:00:00+00:00
[2025-07-24T20:48:55.262+0000] {processor.py:183} INFO - Processing /home/airflow/.local/lib/python3.12/site-packages/airflow/example_dags/example_dynamic_task_mapping_with_no_taskflow_operators.py took 0.038 seconds
[2025-07-24T20:49:25.849+0000] {processor.py:161} INFO - Started process (PID=783) to work on /home/airflow/.local/lib/python3.12/site-packages/airflow/example_dags/example_dynamic_task_mapping_with_no_taskflow_operators.py
[2025-07-24T20:49:25.849+0000] {processor.py:830} INFO - Processing file /home/airflow/.local/lib/python3.12/site-packages/airflow/example_dags/example_dynamic_task_mapping_with_no_taskflow_operators.py for tasks to queue
[2025-07-24T20:49:25.850+0000] {logging_mixin.py:188} INFO - [2025-07-24T20:49:25.850+0000] {dagbag.py:545} INFO - Filling up the DagBag from /home/airflow/.local/lib/python3.12/site-packages/airflow/example_dags/example_dynamic_task_mapping_with_no_taskflow_operators.py
[2025-07-24T20:49:25.854+0000] {processor.py:840} INFO - DAG(s) 'example_dynamic_task_mapping_with_no_taskflow_operators' retrieved from /home/airflow/.local/lib/python3.12/site-packages/airflow/example_dags/example_dynamic_task_mapping_with_no_taskflow_operators.py
[2025-07-24T20:49:25.863+0000] {logging_mixin.py:188} INFO - [2025-07-24T20:49:25.863+0000] {dag.py:3096} INFO - Sync 1 DAGs
[2025-07-24T20:49:25.875+0000] {logging_mixin.py:188} INFO - [2025-07-24T20:49:25.875+0000] {dag.py:3954} INFO - Setting next_dagrun for example_dynamic_task_mapping_with_no_taskflow_operators to 2025-07-23 00:00:00+00:00, run_after=2025-07-24 00:00:00+00:00
[2025-07-24T20:49:25.884+0000] {processor.py:183} INFO - Processing /home/airflow/.local/lib/python3.12/site-packages/airflow/example_dags/example_dynamic_task_mapping_with_no_taskflow_operators.py took 0.039 seconds
[2025-07-24T20:49:56.510+0000] {processor.py:161} INFO - Started process (PID=841) to work on /home/airflow/.local/lib/python3.12/site-packages/airflow/example_dags/example_dynamic_task_mapping_with_no_taskflow_operators.py
[2025-07-24T20:49:56.510+0000] {processor.py:830} INFO - Processing file /home/airflow/.local/lib/python3.12/site-packages/airflow/example_dags/example_dynamic_task_mapping_with_no_taskflow_operators.py for tasks to queue
[2025-07-24T20:49:56.511+0000] {logging_mixin.py:188} INFO - [2025-07-24T20:49:56.511+0000] {dagbag.py:545} INFO - Filling up the DagBag from /home/airflow/.local/lib/python3.12/site-packages/airflow/example_dags/example_dynamic_task_mapping_with_no_taskflow_operators.py
[2025-07-24T20:49:56.515+0000] {processor.py:840} INFO - DAG(s) 'example_dynamic_task_mapping_with_no_taskflow_operators' retrieved from /home/airflow/.local/lib/python3.12/site-packages/airflow/example_dags/example_dynamic_task_mapping_with_no_taskflow_operators.py
[2025-07-24T20:49:56.525+0000] {logging_mixin.py:188} INFO - [2025-07-24T20:49:56.525+0000] {dag.py:3096} INFO - Sync 1 DAGs
[2025-07-24T20:49:56.536+0000] {logging_mixin.py:188} INFO - [2025-07-24T20:49:56.536+0000] {dag.py:3954} INFO - Setting next_dagrun for example_dynamic_task_mapping_with_no_taskflow_operators to 2025-07-23 00:00:00+00:00, run_after=2025-07-24 00:00:00+00:00
[2025-07-24T20:49:56.544+0000] {processor.py:183} INFO - Processing /home/airflow/.local/lib/python3.12/site-packages/airflow/example_dags/example_dynamic_task_mapping_with_no_taskflow_operators.py took 0.038 seconds
[2025-07-24T20:50:27.361+0000] {processor.py:161} INFO - Started process (PID=899) to work on /home/airflow/.local/lib/python3.12/site-packages/airflow/example_dags/example_dynamic_task_mapping_with_no_taskflow_operators.py
[2025-07-24T20:50:27.361+0000] {processor.py:830} INFO - Processing file /home/airflow/.local/lib/python3.12/site-packages/airflow/example_dags/example_dynamic_task_mapping_with_no_taskflow_operators.py for tasks to queue
[2025-07-24T20:50:27.362+0000] {logging_mixin.py:188} INFO - [2025-07-24T20:50:27.362+0000] {dagbag.py:545} INFO - Filling up the DagBag from /home/airflow/.local/lib/python3.12/site-packages/airflow/example_dags/example_dynamic_task_mapping_with_no_taskflow_operators.py
[2025-07-24T20:50:27.366+0000] {processor.py:840} INFO - DAG(s) 'example_dynamic_task_mapping_with_no_taskflow_operators' retrieved from /home/airflow/.local/lib/python3.12/site-packages/airflow/example_dags/example_dynamic_task_mapping_with_no_taskflow_operators.py
[2025-07-24T20:50:27.377+0000] {logging_mixin.py:188} INFO - [2025-07-24T20:50:27.377+0000] {dag.py:3096} INFO - Sync 1 DAGs
[2025-07-24T20:50:27.389+0000] {logging_mixin.py:188} INFO - [2025-07-24T20:50:27.389+0000] {dag.py:3954} INFO - Setting next_dagrun for example_dynamic_task_mapping_with_no_taskflow_operators to 2025-07-23 00:00:00+00:00, run_after=2025-07-24 00:00:00+00:00
[2025-07-24T20:50:27.399+0000] {processor.py:183} INFO - Processing /home/airflow/.local/lib/python3.12/site-packages/airflow/example_dags/example_dynamic_task_mapping_with_no_taskflow_operators.py took 0.042 seconds
[2025-07-24T20:50:58.374+0000] {processor.py:161} INFO - Started process (PID=957) to work on /home/airflow/.local/lib/python3.12/site-packages/airflow/example_dags/example_dynamic_task_mapping_with_no_taskflow_operators.py
[2025-07-24T20:50:58.375+0000] {processor.py:830} INFO - Processing file /home/airflow/.local/lib/python3.12/site-packages/airflow/example_dags/example_dynamic_task_mapping_with_no_taskflow_operators.py for tasks to queue
[2025-07-24T20:50:58.376+0000] {logging_mixin.py:188} INFO - [2025-07-24T20:50:58.375+0000] {dagbag.py:545} INFO - Filling up the DagBag from /home/airflow/.local/lib/python3.12/site-packages/airflow/example_dags/example_dynamic_task_mapping_with_no_taskflow_operators.py
[2025-07-24T20:50:58.379+0000] {processor.py:840} INFO - DAG(s) 'example_dynamic_task_mapping_with_no_taskflow_operators' retrieved from /home/airflow/.local/lib/python3.12/site-packages/airflow/example_dags/example_dynamic_task_mapping_with_no_taskflow_operators.py
[2025-07-24T20:50:58.390+0000] {logging_mixin.py:188} INFO - [2025-07-24T20:50:58.390+0000] {dag.py:3096} INFO - Sync 1 DAGs
[2025-07-24T20:50:58.404+0000] {logging_mixin.py:188} INFO - [2025-07-24T20:50:58.404+0000] {dag.py:3954} INFO - Setting next_dagrun for example_dynamic_task_mapping_with_no_taskflow_operators to 2025-07-23 00:00:00+00:00, run_after=2025-07-24 00:00:00+00:00
[2025-07-24T20:50:58.413+0000] {processor.py:183} INFO - Processing /home/airflow/.local/lib/python3.12/site-packages/airflow/example_dags/example_dynamic_task_mapping_with_no_taskflow_operators.py took 0.042 seconds
[2025-07-24T20:51:29.112+0000] {processor.py:161} INFO - Started process (PID=1015) to work on /home/airflow/.local/lib/python3.12/site-packages/airflow/example_dags/example_dynamic_task_mapping_with_no_taskflow_operators.py
[2025-07-24T20:51:29.113+0000] {processor.py:830} INFO - Processing file /home/airflow/.local/lib/python3.12/site-packages/airflow/example_dags/example_dynamic_task_mapping_with_no_taskflow_operators.py for tasks to queue
[2025-07-24T20:51:29.114+0000] {logging_mixin.py:188} INFO - [2025-07-24T20:51:29.114+0000] {dagbag.py:545} INFO - Filling up the DagBag from /home/airflow/.local/lib/python3.12/site-packages/airflow/example_dags/example_dynamic_task_mapping_with_no_taskflow_operators.py
[2025-07-24T20:51:29.117+0000] {processor.py:840} INFO - DAG(s) 'example_dynamic_task_mapping_with_no_taskflow_operators' retrieved from /home/airflow/.local/lib/python3.12/site-packages/airflow/example_dags/example_dynamic_task_mapping_with_no_taskflow_operators.py
[2025-07-24T20:51:29.128+0000] {logging_mixin.py:188} INFO - [2025-07-24T20:51:29.127+0000] {dag.py:3096} INFO - Sync 1 DAGs
[2025-07-24T20:51:29.139+0000] {logging_mixin.py:188} INFO - [2025-07-24T20:51:29.139+0000] {dag.py:3954} INFO - Setting next_dagrun for example_dynamic_task_mapping_with_no_taskflow_operators to 2025-07-23 00:00:00+00:00, run_after=2025-07-24 00:00:00+00:00
[2025-07-24T20:51:29.148+0000] {processor.py:183} INFO - Processing /home/airflow/.local/lib/python3.12/site-packages/airflow/example_dags/example_dynamic_task_mapping_with_no_taskflow_operators.py took 0.039 seconds
[2025-07-24T20:51:59.855+0000] {processor.py:161} INFO - Started process (PID=1073) to work on /home/airflow/.local/lib/python3.12/site-packages/airflow/example_dags/example_dynamic_task_mapping_with_no_taskflow_operators.py
[2025-07-24T20:51:59.856+0000] {processor.py:830} INFO - Processing file /home/airflow/.local/lib/python3.12/site-packages/airflow/example_dags/example_dynamic_task_mapping_with_no_taskflow_operators.py for tasks to queue
[2025-07-24T20:51:59.857+0000] {logging_mixin.py:188} INFO - [2025-07-24T20:51:59.856+0000] {dagbag.py:545} INFO - Filling up the DagBag from /home/airflow/.local/lib/python3.12/site-packages/airflow/example_dags/example_dynamic_task_mapping_with_no_taskflow_operators.py
[2025-07-24T20:51:59.860+0000] {processor.py:840} INFO - DAG(s) 'example_dynamic_task_mapping_with_no_taskflow_operators' retrieved from /home/airflow/.local/lib/python3.12/site-packages/airflow/example_dags/example_dynamic_task_mapping_with_no_taskflow_operators.py
[2025-07-24T20:51:59.871+0000] {logging_mixin.py:188} INFO - [2025-07-24T20:51:59.871+0000] {dag.py:3096} INFO - Sync 1 DAGs
[2025-07-24T20:51:59.883+0000] {logging_mixin.py:188} INFO - [2025-07-24T20:51:59.883+0000] {dag.py:3954} INFO - Setting next_dagrun for example_dynamic_task_mapping_with_no_taskflow_operators to 2025-07-23 00:00:00+00:00, run_after=2025-07-24 00:00:00+00:00
[2025-07-24T20:51:59.893+0000] {processor.py:183} INFO - Processing /home/airflow/.local/lib/python3.12/site-packages/airflow/example_dags/example_dynamic_task_mapping_with_no_taskflow_operators.py took 0.041 seconds
[2025-07-24T20:52:30.558+0000] {processor.py:161} INFO - Started process (PID=1131) to work on /home/airflow/.local/lib/python3.12/site-packages/airflow/example_dags/example_dynamic_task_mapping_with_no_taskflow_operators.py
[2025-07-24T20:52:30.559+0000] {processor.py:830} INFO - Processing file /home/airflow/.local/lib/python3.12/site-packages/airflow/example_dags/example_dynamic_task_mapping_with_no_taskflow_operators.py for tasks to queue
[2025-07-24T20:52:30.560+0000] {logging_mixin.py:188} INFO - [2025-07-24T20:52:30.559+0000] {dagbag.py:545} INFO - Filling up the DagBag from /home/airflow/.local/lib/python3.12/site-packages/airflow/example_dags/example_dynamic_task_mapping_with_no_taskflow_operators.py
[2025-07-24T20:52:30.564+0000] {processor.py:840} INFO - DAG(s) 'example_dynamic_task_mapping_with_no_taskflow_operators' retrieved from /home/airflow/.local/lib/python3.12/site-packages/airflow/example_dags/example_dynamic_task_mapping_with_no_taskflow_operators.py
[2025-07-24T20:52:30.575+0000] {logging_mixin.py:188} INFO - [2025-07-24T20:52:30.575+0000] {dag.py:3096} INFO - Sync 1 DAGs
[2025-07-24T20:52:30.588+0000] {logging_mixin.py:188} INFO - [2025-07-24T20:52:30.588+0000] {dag.py:3954} INFO - Setting next_dagrun for example_dynamic_task_mapping_with_no_taskflow_operators to 2025-07-23 00:00:00+00:00, run_after=2025-07-24 00:00:00+00:00
[2025-07-24T20:52:30.598+0000] {processor.py:183} INFO - Processing /home/airflow/.local/lib/python3.12/site-packages/airflow/example_dags/example_dynamic_task_mapping_with_no_taskflow_operators.py took 0.044 seconds
[2025-07-24T20:53:01.336+0000] {processor.py:161} INFO - Started process (PID=1189) to work on /home/airflow/.local/lib/python3.12/site-packages/airflow/example_dags/example_dynamic_task_mapping_with_no_taskflow_operators.py
[2025-07-24T20:53:01.337+0000] {processor.py:830} INFO - Processing file /home/airflow/.local/lib/python3.12/site-packages/airflow/example_dags/example_dynamic_task_mapping_with_no_taskflow_operators.py for tasks to queue
[2025-07-24T20:53:01.338+0000] {logging_mixin.py:188} INFO - [2025-07-24T20:53:01.337+0000] {dagbag.py:545} INFO - Filling up the DagBag from /home/airflow/.local/lib/python3.12/site-packages/airflow/example_dags/example_dynamic_task_mapping_with_no_taskflow_operators.py
[2025-07-24T20:53:01.342+0000] {processor.py:840} INFO - DAG(s) 'example_dynamic_task_mapping_with_no_taskflow_operators' retrieved from /home/airflow/.local/lib/python3.12/site-packages/airflow/example_dags/example_dynamic_task_mapping_with_no_taskflow_operators.py
[2025-07-24T20:53:01.353+0000] {logging_mixin.py:188} INFO - [2025-07-24T20:53:01.353+0000] {dag.py:3096} INFO - Sync 1 DAGs
[2025-07-24T20:53:01.366+0000] {logging_mixin.py:188} INFO - [2025-07-24T20:53:01.366+0000] {dag.py:3954} INFO - Setting next_dagrun for example_dynamic_task_mapping_with_no_taskflow_operators to 2025-07-23 00:00:00+00:00, run_after=2025-07-24 00:00:00+00:00
[2025-07-24T20:53:01.376+0000] {processor.py:183} INFO - Processing /home/airflow/.local/lib/python3.12/site-packages/airflow/example_dags/example_dynamic_task_mapping_with_no_taskflow_operators.py took 0.043 seconds
[2025-07-24T20:53:31.460+0000] {processor.py:161} INFO - Started process (PID=1247) to work on /home/airflow/.local/lib/python3.12/site-packages/airflow/example_dags/example_dynamic_task_mapping_with_no_taskflow_operators.py
[2025-07-24T20:53:31.460+0000] {processor.py:830} INFO - Processing file /home/airflow/.local/lib/python3.12/site-packages/airflow/example_dags/example_dynamic_task_mapping_with_no_taskflow_operators.py for tasks to queue
[2025-07-24T20:53:31.461+0000] {logging_mixin.py:188} INFO - [2025-07-24T20:53:31.461+0000] {dagbag.py:545} INFO - Filling up the DagBag from /home/airflow/.local/lib/python3.12/site-packages/airflow/example_dags/example_dynamic_task_mapping_with_no_taskflow_operators.py
[2025-07-24T20:53:31.465+0000] {processor.py:840} INFO - DAG(s) 'example_dynamic_task_mapping_with_no_taskflow_operators' retrieved from /home/airflow/.local/lib/python3.12/site-packages/airflow/example_dags/example_dynamic_task_mapping_with_no_taskflow_operators.py
[2025-07-24T20:53:31.475+0000] {logging_mixin.py:188} INFO - [2025-07-24T20:53:31.475+0000] {dag.py:3096} INFO - Sync 1 DAGs
[2025-07-24T20:53:31.485+0000] {logging_mixin.py:188} INFO - [2025-07-24T20:53:31.485+0000] {dag.py:3954} INFO - Setting next_dagrun for example_dynamic_task_mapping_with_no_taskflow_operators to 2025-07-23 00:00:00+00:00, run_after=2025-07-24 00:00:00+00:00
[2025-07-24T20:53:31.493+0000] {processor.py:183} INFO - Processing /home/airflow/.local/lib/python3.12/site-packages/airflow/example_dags/example_dynamic_task_mapping_with_no_taskflow_operators.py took 0.037 seconds
[2025-07-24T20:54:01.544+0000] {processor.py:161} INFO - Started process (PID=1304) to work on /home/airflow/.local/lib/python3.12/site-packages/airflow/example_dags/example_dynamic_task_mapping_with_no_taskflow_operators.py
[2025-07-24T20:54:01.544+0000] {processor.py:830} INFO - Processing file /home/airflow/.local/lib/python3.12/site-packages/airflow/example_dags/example_dynamic_task_mapping_with_no_taskflow_operators.py for tasks to queue
[2025-07-24T20:54:01.545+0000] {logging_mixin.py:188} INFO - [2025-07-24T20:54:01.545+0000] {dagbag.py:545} INFO - Filling up the DagBag from /home/airflow/.local/lib/python3.12/site-packages/airflow/example_dags/example_dynamic_task_mapping_with_no_taskflow_operators.py
[2025-07-24T20:54:01.549+0000] {processor.py:840} INFO - DAG(s) 'example_dynamic_task_mapping_with_no_taskflow_operators' retrieved from /home/airflow/.local/lib/python3.12/site-packages/airflow/example_dags/example_dynamic_task_mapping_with_no_taskflow_operators.py
[2025-07-24T20:54:01.560+0000] {logging_mixin.py:188} INFO - [2025-07-24T20:54:01.560+0000] {dag.py:3096} INFO - Sync 1 DAGs
[2025-07-24T20:54:01.571+0000] {logging_mixin.py:188} INFO - [2025-07-24T20:54:01.571+0000] {dag.py:3954} INFO - Setting next_dagrun for example_dynamic_task_mapping_with_no_taskflow_operators to 2025-07-23 00:00:00+00:00, run_after=2025-07-24 00:00:00+00:00
[2025-07-24T20:54:01.581+0000] {processor.py:183} INFO - Processing /home/airflow/.local/lib/python3.12/site-packages/airflow/example_dags/example_dynamic_task_mapping_with_no_taskflow_operators.py took 0.041 seconds
[2025-07-24T20:54:31.644+0000] {processor.py:161} INFO - Started process (PID=1362) to work on /home/airflow/.local/lib/python3.12/site-packages/airflow/example_dags/example_dynamic_task_mapping_with_no_taskflow_operators.py
[2025-07-24T20:54:31.645+0000] {processor.py:830} INFO - Processing file /home/airflow/.local/lib/python3.12/site-packages/airflow/example_dags/example_dynamic_task_mapping_with_no_taskflow_operators.py for tasks to queue
[2025-07-24T20:54:31.646+0000] {logging_mixin.py:188} INFO - [2025-07-24T20:54:31.646+0000] {dagbag.py:545} INFO - Filling up the DagBag from /home/airflow/.local/lib/python3.12/site-packages/airflow/example_dags/example_dynamic_task_mapping_with_no_taskflow_operators.py
[2025-07-24T20:54:31.650+0000] {processor.py:840} INFO - DAG(s) 'example_dynamic_task_mapping_with_no_taskflow_operators' retrieved from /home/airflow/.local/lib/python3.12/site-packages/airflow/example_dags/example_dynamic_task_mapping_with_no_taskflow_operators.py
[2025-07-24T20:54:31.661+0000] {logging_mixin.py:188} INFO - [2025-07-24T20:54:31.660+0000] {dag.py:3096} INFO - Sync 1 DAGs
[2025-07-24T20:54:31.672+0000] {logging_mixin.py:188} INFO - [2025-07-24T20:54:31.672+0000] {dag.py:3954} INFO - Setting next_dagrun for example_dynamic_task_mapping_with_no_taskflow_operators to 2025-07-23 00:00:00+00:00, run_after=2025-07-24 00:00:00+00:00
[2025-07-24T20:54:31.681+0000] {processor.py:183} INFO - Processing /home/airflow/.local/lib/python3.12/site-packages/airflow/example_dags/example_dynamic_task_mapping_with_no_taskflow_operators.py took 0.041 seconds
[2025-07-24T20:55:02.487+0000] {processor.py:161} INFO - Started process (PID=1420) to work on /home/airflow/.local/lib/python3.12/site-packages/airflow/example_dags/example_dynamic_task_mapping_with_no_taskflow_operators.py
[2025-07-24T20:55:02.488+0000] {processor.py:830} INFO - Processing file /home/airflow/.local/lib/python3.12/site-packages/airflow/example_dags/example_dynamic_task_mapping_with_no_taskflow_operators.py for tasks to queue
[2025-07-24T20:55:02.489+0000] {logging_mixin.py:188} INFO - [2025-07-24T20:55:02.489+0000] {dagbag.py:545} INFO - Filling up the DagBag from /home/airflow/.local/lib/python3.12/site-packages/airflow/example_dags/example_dynamic_task_mapping_with_no_taskflow_operators.py
[2025-07-24T20:55:02.493+0000] {processor.py:840} INFO - DAG(s) 'example_dynamic_task_mapping_with_no_taskflow_operators' retrieved from /home/airflow/.local/lib/python3.12/site-packages/airflow/example_dags/example_dynamic_task_mapping_with_no_taskflow_operators.py
[2025-07-24T20:55:02.505+0000] {logging_mixin.py:188} INFO - [2025-07-24T20:55:02.505+0000] {dag.py:3096} INFO - Sync 1 DAGs
[2025-07-24T20:55:02.517+0000] {logging_mixin.py:188} INFO - [2025-07-24T20:55:02.517+0000] {dag.py:3954} INFO - Setting next_dagrun for example_dynamic_task_mapping_with_no_taskflow_operators to 2025-07-23 00:00:00+00:00, run_after=2025-07-24 00:00:00+00:00
[2025-07-24T20:55:02.527+0000] {processor.py:183} INFO - Processing /home/airflow/.local/lib/python3.12/site-packages/airflow/example_dags/example_dynamic_task_mapping_with_no_taskflow_operators.py took 0.044 seconds
[2025-07-24T20:55:33.344+0000] {processor.py:161} INFO - Started process (PID=1478) to work on /home/airflow/.local/lib/python3.12/site-packages/airflow/example_dags/example_dynamic_task_mapping_with_no_taskflow_operators.py
[2025-07-24T20:55:33.345+0000] {processor.py:830} INFO - Processing file /home/airflow/.local/lib/python3.12/site-packages/airflow/example_dags/example_dynamic_task_mapping_with_no_taskflow_operators.py for tasks to queue
[2025-07-24T20:55:33.346+0000] {logging_mixin.py:188} INFO - [2025-07-24T20:55:33.346+0000] {dagbag.py:545} INFO - Filling up the DagBag from /home/airflow/.local/lib/python3.12/site-packages/airflow/example_dags/example_dynamic_task_mapping_with_no_taskflow_operators.py
[2025-07-24T20:55:33.350+0000] {processor.py:840} INFO - DAG(s) 'example_dynamic_task_mapping_with_no_taskflow_operators' retrieved from /home/airflow/.local/lib/python3.12/site-packages/airflow/example_dags/example_dynamic_task_mapping_with_no_taskflow_operators.py
[2025-07-24T20:55:33.361+0000] {logging_mixin.py:188} INFO - [2025-07-24T20:55:33.361+0000] {dag.py:3096} INFO - Sync 1 DAGs
[2025-07-24T20:55:33.373+0000] {logging_mixin.py:188} INFO - [2025-07-24T20:55:33.373+0000] {dag.py:3954} INFO - Setting next_dagrun for example_dynamic_task_mapping_with_no_taskflow_operators to 2025-07-23 00:00:00+00:00, run_after=2025-07-24 00:00:00+00:00
[2025-07-24T20:55:33.495+0000] {processor.py:183} INFO - Processing /home/airflow/.local/lib/python3.12/site-packages/airflow/example_dags/example_dynamic_task_mapping_with_no_taskflow_operators.py took 0.155 seconds
