[2025-07-24T20:31:49.309+0000] {processor.py:161} INFO - Started process (PID=83) to work on /home/airflow/.local/lib/python3.12/site-packages/airflow/example_dags/example_branch_datetime_operator.py
[2025-07-24T20:31:49.309+0000] {processor.py:830} INFO - Processing file /home/airflow/.local/lib/python3.12/site-packages/airflow/example_dags/example_branch_datetime_operator.py for tasks to queue
[2025-07-24T20:31:49.310+0000] {logging_mixin.py:188} INFO - [2025-07-24T20:31:49.310+0000] {dagbag.py:545} INFO - Filling up the DagBag from /home/airflow/.local/lib/python3.12/site-packages/airflow/example_dags/example_branch_datetime_operator.py
[2025-07-24T20:31:49.317+0000] {processor.py:840} INFO - DAG(s) 'example_branch_datetime_operator', 'example_branch_datetime_operator_2', 'example_branch_datetime_operator_3' retrieved from /home/airflow/.local/lib/python3.12/site-packages/airflow/example_dags/example_branch_datetime_operator.py
[2025-07-24T20:31:49.325+0000] {logging_mixin.py:188} INFO - [2025-07-24T20:31:49.325+0000] {dag.py:3096} INFO - Sync 3 DAGs
[2025-07-24T20:31:49.340+0000] {logging_mixin.py:188} INFO - [2025-07-24T20:31:49.340+0000] {dag.py:3954} INFO - Setting next_dagrun for example_branch_datetime_operator to 2025-07-23 00:00:00+00:00, run_after=2025-07-24 00:00:00+00:00
[2025-07-24T20:31:49.342+0000] {logging_mixin.py:188} INFO - [2025-07-24T20:31:49.342+0000] {dag.py:3954} INFO - Setting next_dagrun for example_branch_datetime_operator_2 to 2025-07-23 00:00:00+00:00, run_after=2025-07-24 00:00:00+00:00
[2025-07-24T20:31:49.343+0000] {logging_mixin.py:188} INFO - [2025-07-24T20:31:49.343+0000] {dag.py:3954} INFO - Setting next_dagrun for example_branch_datetime_operator_3 to 2025-07-23 00:00:00+00:00, run_after=2025-07-24 00:00:00+00:00
[2025-07-24T20:31:49.351+0000] {processor.py:183} INFO - Processing /home/airflow/.local/lib/python3.12/site-packages/airflow/example_dags/example_branch_datetime_operator.py took 0.046 seconds
[2025-07-24T20:32:20.880+0000] {processor.py:161} INFO - Started process (PID=141) to work on /home/airflow/.local/lib/python3.12/site-packages/airflow/example_dags/example_branch_datetime_operator.py
[2025-07-24T20:32:20.880+0000] {processor.py:830} INFO - Processing file /home/airflow/.local/lib/python3.12/site-packages/airflow/example_dags/example_branch_datetime_operator.py for tasks to queue
[2025-07-24T20:32:20.881+0000] {logging_mixin.py:188} INFO - [2025-07-24T20:32:20.881+0000] {dagbag.py:545} INFO - Filling up the DagBag from /home/airflow/.local/lib/python3.12/site-packages/airflow/example_dags/example_branch_datetime_operator.py
[2025-07-24T20:32:20.886+0000] {processor.py:840} INFO - DAG(s) 'example_branch_datetime_operator_3', 'example_branch_datetime_operator', 'example_branch_datetime_operator_2' retrieved from /home/airflow/.local/lib/python3.12/site-packages/airflow/example_dags/example_branch_datetime_operator.py
[2025-07-24T20:32:20.955+0000] {logging_mixin.py:188} INFO - [2025-07-24T20:32:20.955+0000] {dag.py:3096} INFO - Sync 3 DAGs
[2025-07-24T20:32:20.967+0000] {logging_mixin.py:188} INFO - [2025-07-24T20:32:20.966+0000] {dag.py:3954} INFO - Setting next_dagrun for example_branch_datetime_operator to 2025-07-23 00:00:00+00:00, run_after=2025-07-24 00:00:00+00:00
[2025-07-24T20:32:20.969+0000] {logging_mixin.py:188} INFO - [2025-07-24T20:32:20.969+0000] {dag.py:3954} INFO - Setting next_dagrun for example_branch_datetime_operator_2 to 2025-07-23 00:00:00+00:00, run_after=2025-07-24 00:00:00+00:00
[2025-07-24T20:32:20.970+0000] {logging_mixin.py:188} INFO - [2025-07-24T20:32:20.970+0000] {dag.py:3954} INFO - Setting next_dagrun for example_branch_datetime_operator_3 to 2025-07-23 00:00:00+00:00, run_after=2025-07-24 00:00:00+00:00
[2025-07-24T20:32:20.995+0000] {processor.py:183} INFO - Processing /home/airflow/.local/lib/python3.12/site-packages/airflow/example_dags/example_branch_datetime_operator.py took 0.120 seconds
[2025-07-24T20:32:51.134+0000] {processor.py:161} INFO - Started process (PID=198) to work on /home/airflow/.local/lib/python3.12/site-packages/airflow/example_dags/example_branch_datetime_operator.py
[2025-07-24T20:32:51.135+0000] {processor.py:830} INFO - Processing file /home/airflow/.local/lib/python3.12/site-packages/airflow/example_dags/example_branch_datetime_operator.py for tasks to queue
[2025-07-24T20:32:51.136+0000] {logging_mixin.py:188} INFO - [2025-07-24T20:32:51.136+0000] {dagbag.py:545} INFO - Filling up the DagBag from /home/airflow/.local/lib/python3.12/site-packages/airflow/example_dags/example_branch_datetime_operator.py
[2025-07-24T20:32:51.140+0000] {processor.py:840} INFO - DAG(s) 'example_branch_datetime_operator_3', 'example_branch_datetime_operator_2', 'example_branch_datetime_operator' retrieved from /home/airflow/.local/lib/python3.12/site-packages/airflow/example_dags/example_branch_datetime_operator.py
[2025-07-24T20:32:51.154+0000] {logging_mixin.py:188} INFO - [2025-07-24T20:32:51.154+0000] {dag.py:3096} INFO - Sync 3 DAGs
[2025-07-24T20:32:51.166+0000] {logging_mixin.py:188} INFO - [2025-07-24T20:32:51.166+0000] {dag.py:3954} INFO - Setting next_dagrun for example_branch_datetime_operator to 2025-07-23 00:00:00+00:00, run_after=2025-07-24 00:00:00+00:00
[2025-07-24T20:32:51.168+0000] {logging_mixin.py:188} INFO - [2025-07-24T20:32:51.168+0000] {dag.py:3954} INFO - Setting next_dagrun for example_branch_datetime_operator_2 to 2025-07-23 00:00:00+00:00, run_after=2025-07-24 00:00:00+00:00
[2025-07-24T20:32:51.169+0000] {logging_mixin.py:188} INFO - [2025-07-24T20:32:51.169+0000] {dag.py:3954} INFO - Setting next_dagrun for example_branch_datetime_operator_3 to 2025-07-23 00:00:00+00:00, run_after=2025-07-24 00:00:00+00:00
[2025-07-24T20:32:51.177+0000] {processor.py:183} INFO - Processing /home/airflow/.local/lib/python3.12/site-packages/airflow/example_dags/example_branch_datetime_operator.py took 0.046 seconds
[2025-07-24T20:33:21.905+0000] {processor.py:161} INFO - Started process (PID=257) to work on /home/airflow/.local/lib/python3.12/site-packages/airflow/example_dags/example_branch_datetime_operator.py
[2025-07-24T20:33:21.906+0000] {processor.py:830} INFO - Processing file /home/airflow/.local/lib/python3.12/site-packages/airflow/example_dags/example_branch_datetime_operator.py for tasks to queue
[2025-07-24T20:33:21.907+0000] {logging_mixin.py:188} INFO - [2025-07-24T20:33:21.907+0000] {dagbag.py:545} INFO - Filling up the DagBag from /home/airflow/.local/lib/python3.12/site-packages/airflow/example_dags/example_branch_datetime_operator.py
[2025-07-24T20:33:21.913+0000] {processor.py:840} INFO - DAG(s) 'example_branch_datetime_operator_3', 'example_branch_datetime_operator_2', 'example_branch_datetime_operator' retrieved from /home/airflow/.local/lib/python3.12/site-packages/airflow/example_dags/example_branch_datetime_operator.py
[2025-07-24T20:33:21.929+0000] {logging_mixin.py:188} INFO - [2025-07-24T20:33:21.929+0000] {dag.py:3096} INFO - Sync 3 DAGs
[2025-07-24T20:33:21.941+0000] {logging_mixin.py:188} INFO - [2025-07-24T20:33:21.941+0000] {dag.py:3954} INFO - Setting next_dagrun for example_branch_datetime_operator to 2025-07-23 00:00:00+00:00, run_after=2025-07-24 00:00:00+00:00
[2025-07-24T20:33:21.943+0000] {logging_mixin.py:188} INFO - [2025-07-24T20:33:21.943+0000] {dag.py:3954} INFO - Setting next_dagrun for example_branch_datetime_operator_2 to 2025-07-23 00:00:00+00:00, run_after=2025-07-24 00:00:00+00:00
[2025-07-24T20:33:21.944+0000] {logging_mixin.py:188} INFO - [2025-07-24T20:33:21.944+0000] {dag.py:3954} INFO - Setting next_dagrun for example_branch_datetime_operator_3 to 2025-07-23 00:00:00+00:00, run_after=2025-07-24 00:00:00+00:00
[2025-07-24T20:33:21.952+0000] {processor.py:183} INFO - Processing /home/airflow/.local/lib/python3.12/site-packages/airflow/example_dags/example_branch_datetime_operator.py took 0.050 seconds
[2025-07-24T20:33:52.704+0000] {processor.py:161} INFO - Started process (PID=315) to work on /home/airflow/.local/lib/python3.12/site-packages/airflow/example_dags/example_branch_datetime_operator.py
[2025-07-24T20:33:52.705+0000] {processor.py:830} INFO - Processing file /home/airflow/.local/lib/python3.12/site-packages/airflow/example_dags/example_branch_datetime_operator.py for tasks to queue
[2025-07-24T20:33:52.706+0000] {logging_mixin.py:188} INFO - [2025-07-24T20:33:52.706+0000] {dagbag.py:545} INFO - Filling up the DagBag from /home/airflow/.local/lib/python3.12/site-packages/airflow/example_dags/example_branch_datetime_operator.py
[2025-07-24T20:33:52.712+0000] {processor.py:840} INFO - DAG(s) 'example_branch_datetime_operator_3', 'example_branch_datetime_operator', 'example_branch_datetime_operator_2' retrieved from /home/airflow/.local/lib/python3.12/site-packages/airflow/example_dags/example_branch_datetime_operator.py
[2025-07-24T20:33:52.727+0000] {logging_mixin.py:188} INFO - [2025-07-24T20:33:52.727+0000] {dag.py:3096} INFO - Sync 3 DAGs
[2025-07-24T20:33:52.739+0000] {logging_mixin.py:188} INFO - [2025-07-24T20:33:52.739+0000] {dag.py:3954} INFO - Setting next_dagrun for example_branch_datetime_operator to 2025-07-23 00:00:00+00:00, run_after=2025-07-24 00:00:00+00:00
[2025-07-24T20:33:52.741+0000] {logging_mixin.py:188} INFO - [2025-07-24T20:33:52.741+0000] {dag.py:3954} INFO - Setting next_dagrun for example_branch_datetime_operator_2 to 2025-07-23 00:00:00+00:00, run_after=2025-07-24 00:00:00+00:00
[2025-07-24T20:33:52.742+0000] {logging_mixin.py:188} INFO - [2025-07-24T20:33:52.742+0000] {dag.py:3954} INFO - Setting next_dagrun for example_branch_datetime_operator_3 to 2025-07-23 00:00:00+00:00, run_after=2025-07-24 00:00:00+00:00
[2025-07-24T20:33:52.750+0000] {processor.py:183} INFO - Processing /home/airflow/.local/lib/python3.12/site-packages/airflow/example_dags/example_branch_datetime_operator.py took 0.051 seconds
[2025-07-24T20:34:23.439+0000] {processor.py:161} INFO - Started process (PID=373) to work on /home/airflow/.local/lib/python3.12/site-packages/airflow/example_dags/example_branch_datetime_operator.py
[2025-07-24T20:34:23.440+0000] {processor.py:830} INFO - Processing file /home/airflow/.local/lib/python3.12/site-packages/airflow/example_dags/example_branch_datetime_operator.py for tasks to queue
[2025-07-24T20:34:23.440+0000] {logging_mixin.py:188} INFO - [2025-07-24T20:34:23.440+0000] {dagbag.py:545} INFO - Filling up the DagBag from /home/airflow/.local/lib/python3.12/site-packages/airflow/example_dags/example_branch_datetime_operator.py
[2025-07-24T20:34:23.445+0000] {processor.py:840} INFO - DAG(s) 'example_branch_datetime_operator_3', 'example_branch_datetime_operator_2', 'example_branch_datetime_operator' retrieved from /home/airflow/.local/lib/python3.12/site-packages/airflow/example_dags/example_branch_datetime_operator.py
[2025-07-24T20:34:23.461+0000] {logging_mixin.py:188} INFO - [2025-07-24T20:34:23.461+0000] {dag.py:3096} INFO - Sync 3 DAGs
[2025-07-24T20:34:23.472+0000] {logging_mixin.py:188} INFO - [2025-07-24T20:34:23.472+0000] {dag.py:3954} INFO - Setting next_dagrun for example_branch_datetime_operator to 2025-07-23 00:00:00+00:00, run_after=2025-07-24 00:00:00+00:00
[2025-07-24T20:34:23.474+0000] {logging_mixin.py:188} INFO - [2025-07-24T20:34:23.474+0000] {dag.py:3954} INFO - Setting next_dagrun for example_branch_datetime_operator_2 to 2025-07-23 00:00:00+00:00, run_after=2025-07-24 00:00:00+00:00
[2025-07-24T20:34:23.475+0000] {logging_mixin.py:188} INFO - [2025-07-24T20:34:23.475+0000] {dag.py:3954} INFO - Setting next_dagrun for example_branch_datetime_operator_3 to 2025-07-23 00:00:00+00:00, run_after=2025-07-24 00:00:00+00:00
[2025-07-24T20:34:23.483+0000] {processor.py:183} INFO - Processing /home/airflow/.local/lib/python3.12/site-packages/airflow/example_dags/example_branch_datetime_operator.py took 0.047 seconds
[2025-07-24T20:34:54.277+0000] {processor.py:161} INFO - Started process (PID=431) to work on /home/airflow/.local/lib/python3.12/site-packages/airflow/example_dags/example_branch_datetime_operator.py
[2025-07-24T20:34:54.277+0000] {processor.py:830} INFO - Processing file /home/airflow/.local/lib/python3.12/site-packages/airflow/example_dags/example_branch_datetime_operator.py for tasks to queue
[2025-07-24T20:34:54.278+0000] {logging_mixin.py:188} INFO - [2025-07-24T20:34:54.278+0000] {dagbag.py:545} INFO - Filling up the DagBag from /home/airflow/.local/lib/python3.12/site-packages/airflow/example_dags/example_branch_datetime_operator.py
[2025-07-24T20:34:54.284+0000] {processor.py:840} INFO - DAG(s) 'example_branch_datetime_operator_3', 'example_branch_datetime_operator', 'example_branch_datetime_operator_2' retrieved from /home/airflow/.local/lib/python3.12/site-packages/airflow/example_dags/example_branch_datetime_operator.py
[2025-07-24T20:34:54.298+0000] {logging_mixin.py:188} INFO - [2025-07-24T20:34:54.298+0000] {dag.py:3096} INFO - Sync 3 DAGs
[2025-07-24T20:34:54.309+0000] {logging_mixin.py:188} INFO - [2025-07-24T20:34:54.309+0000] {dag.py:3954} INFO - Setting next_dagrun for example_branch_datetime_operator to 2025-07-23 00:00:00+00:00, run_after=2025-07-24 00:00:00+00:00
[2025-07-24T20:34:54.312+0000] {logging_mixin.py:188} INFO - [2025-07-24T20:34:54.312+0000] {dag.py:3954} INFO - Setting next_dagrun for example_branch_datetime_operator_2 to 2025-07-23 00:00:00+00:00, run_after=2025-07-24 00:00:00+00:00
[2025-07-24T20:34:54.313+0000] {logging_mixin.py:188} INFO - [2025-07-24T20:34:54.313+0000] {dag.py:3954} INFO - Setting next_dagrun for example_branch_datetime_operator_3 to 2025-07-23 00:00:00+00:00, run_after=2025-07-24 00:00:00+00:00
[2025-07-24T20:34:54.320+0000] {processor.py:183} INFO - Processing /home/airflow/.local/lib/python3.12/site-packages/airflow/example_dags/example_branch_datetime_operator.py took 0.046 seconds
[2025-07-24T20:35:25.045+0000] {processor.py:161} INFO - Started process (PID=489) to work on /home/airflow/.local/lib/python3.12/site-packages/airflow/example_dags/example_branch_datetime_operator.py
[2025-07-24T20:35:25.045+0000] {processor.py:830} INFO - Processing file /home/airflow/.local/lib/python3.12/site-packages/airflow/example_dags/example_branch_datetime_operator.py for tasks to queue
[2025-07-24T20:35:25.046+0000] {logging_mixin.py:188} INFO - [2025-07-24T20:35:25.046+0000] {dagbag.py:545} INFO - Filling up the DagBag from /home/airflow/.local/lib/python3.12/site-packages/airflow/example_dags/example_branch_datetime_operator.py
[2025-07-24T20:35:25.053+0000] {processor.py:840} INFO - DAG(s) 'example_branch_datetime_operator_2', 'example_branch_datetime_operator', 'example_branch_datetime_operator_3' retrieved from /home/airflow/.local/lib/python3.12/site-packages/airflow/example_dags/example_branch_datetime_operator.py
[2025-07-24T20:35:25.069+0000] {logging_mixin.py:188} INFO - [2025-07-24T20:35:25.069+0000] {dag.py:3096} INFO - Sync 3 DAGs
[2025-07-24T20:35:25.081+0000] {logging_mixin.py:188} INFO - [2025-07-24T20:35:25.081+0000] {dag.py:3954} INFO - Setting next_dagrun for example_branch_datetime_operator to 2025-07-23 00:00:00+00:00, run_after=2025-07-24 00:00:00+00:00
[2025-07-24T20:35:25.083+0000] {logging_mixin.py:188} INFO - [2025-07-24T20:35:25.083+0000] {dag.py:3954} INFO - Setting next_dagrun for example_branch_datetime_operator_2 to 2025-07-23 00:00:00+00:00, run_after=2025-07-24 00:00:00+00:00
[2025-07-24T20:35:25.084+0000] {logging_mixin.py:188} INFO - [2025-07-24T20:35:25.084+0000] {dag.py:3954} INFO - Setting next_dagrun for example_branch_datetime_operator_3 to 2025-07-23 00:00:00+00:00, run_after=2025-07-24 00:00:00+00:00
[2025-07-24T20:35:25.094+0000] {processor.py:183} INFO - Processing /home/airflow/.local/lib/python3.12/site-packages/airflow/example_dags/example_branch_datetime_operator.py took 0.053 seconds
[2025-07-24T20:36:44.861+0000] {processor.py:161} INFO - Started process (PID=76) to work on /home/airflow/.local/lib/python3.12/site-packages/airflow/example_dags/example_branch_datetime_operator.py
[2025-07-24T20:36:44.862+0000] {processor.py:830} INFO - Processing file /home/airflow/.local/lib/python3.12/site-packages/airflow/example_dags/example_branch_datetime_operator.py for tasks to queue
[2025-07-24T20:36:44.863+0000] {logging_mixin.py:188} INFO - [2025-07-24T20:36:44.863+0000] {dagbag.py:545} INFO - Filling up the DagBag from /home/airflow/.local/lib/python3.12/site-packages/airflow/example_dags/example_branch_datetime_operator.py
[2025-07-24T20:36:44.869+0000] {processor.py:840} INFO - DAG(s) 'example_branch_datetime_operator_2', 'example_branch_datetime_operator_3', 'example_branch_datetime_operator' retrieved from /home/airflow/.local/lib/python3.12/site-packages/airflow/example_dags/example_branch_datetime_operator.py
[2025-07-24T20:36:44.877+0000] {logging_mixin.py:188} INFO - [2025-07-24T20:36:44.877+0000] {dag.py:3096} INFO - Sync 3 DAGs
[2025-07-24T20:36:44.892+0000] {logging_mixin.py:188} INFO - [2025-07-24T20:36:44.892+0000] {dag.py:3954} INFO - Setting next_dagrun for example_branch_datetime_operator to 2025-07-23 00:00:00+00:00, run_after=2025-07-24 00:00:00+00:00
[2025-07-24T20:36:44.894+0000] {logging_mixin.py:188} INFO - [2025-07-24T20:36:44.894+0000] {dag.py:3954} INFO - Setting next_dagrun for example_branch_datetime_operator_2 to 2025-07-23 00:00:00+00:00, run_after=2025-07-24 00:00:00+00:00
[2025-07-24T20:36:44.895+0000] {logging_mixin.py:188} INFO - [2025-07-24T20:36:44.895+0000] {dag.py:3954} INFO - Setting next_dagrun for example_branch_datetime_operator_3 to 2025-07-23 00:00:00+00:00, run_after=2025-07-24 00:00:00+00:00
[2025-07-24T20:36:44.903+0000] {processor.py:183} INFO - Processing /home/airflow/.local/lib/python3.12/site-packages/airflow/example_dags/example_branch_datetime_operator.py took 0.045 seconds
[2025-07-24T20:37:15.419+0000] {processor.py:161} INFO - Started process (PID=134) to work on /home/airflow/.local/lib/python3.12/site-packages/airflow/example_dags/example_branch_datetime_operator.py
[2025-07-24T20:37:15.420+0000] {processor.py:830} INFO - Processing file /home/airflow/.local/lib/python3.12/site-packages/airflow/example_dags/example_branch_datetime_operator.py for tasks to queue
[2025-07-24T20:37:15.421+0000] {logging_mixin.py:188} INFO - [2025-07-24T20:37:15.421+0000] {dagbag.py:545} INFO - Filling up the DagBag from /home/airflow/.local/lib/python3.12/site-packages/airflow/example_dags/example_branch_datetime_operator.py
[2025-07-24T20:37:15.426+0000] {processor.py:840} INFO - DAG(s) 'example_branch_datetime_operator_2', 'example_branch_datetime_operator', 'example_branch_datetime_operator_3' retrieved from /home/airflow/.local/lib/python3.12/site-packages/airflow/example_dags/example_branch_datetime_operator.py
[2025-07-24T20:37:15.434+0000] {logging_mixin.py:188} INFO - [2025-07-24T20:37:15.434+0000] {dag.py:3096} INFO - Sync 3 DAGs
[2025-07-24T20:37:15.447+0000] {logging_mixin.py:188} INFO - [2025-07-24T20:37:15.447+0000] {dag.py:3954} INFO - Setting next_dagrun for example_branch_datetime_operator to 2025-07-23 00:00:00+00:00, run_after=2025-07-24 00:00:00+00:00
[2025-07-24T20:37:15.450+0000] {logging_mixin.py:188} INFO - [2025-07-24T20:37:15.449+0000] {dag.py:3954} INFO - Setting next_dagrun for example_branch_datetime_operator_2 to 2025-07-23 00:00:00+00:00, run_after=2025-07-24 00:00:00+00:00
[2025-07-24T20:37:15.451+0000] {logging_mixin.py:188} INFO - [2025-07-24T20:37:15.451+0000] {dag.py:3954} INFO - Setting next_dagrun for example_branch_datetime_operator_3 to 2025-07-23 00:00:00+00:00, run_after=2025-07-24 00:00:00+00:00
[2025-07-24T20:37:15.459+0000] {processor.py:183} INFO - Processing /home/airflow/.local/lib/python3.12/site-packages/airflow/example_dags/example_branch_datetime_operator.py took 0.043 seconds
[2025-07-24T20:37:47.060+0000] {processor.py:161} INFO - Started process (PID=192) to work on /home/airflow/.local/lib/python3.12/site-packages/airflow/example_dags/example_branch_datetime_operator.py
[2025-07-24T20:37:47.060+0000] {processor.py:830} INFO - Processing file /home/airflow/.local/lib/python3.12/site-packages/airflow/example_dags/example_branch_datetime_operator.py for tasks to queue
[2025-07-24T20:37:47.061+0000] {logging_mixin.py:188} INFO - [2025-07-24T20:37:47.061+0000] {dagbag.py:545} INFO - Filling up the DagBag from /home/airflow/.local/lib/python3.12/site-packages/airflow/example_dags/example_branch_datetime_operator.py
[2025-07-24T20:37:47.067+0000] {processor.py:840} INFO - DAG(s) 'example_branch_datetime_operator_2', 'example_branch_datetime_operator', 'example_branch_datetime_operator_3' retrieved from /home/airflow/.local/lib/python3.12/site-packages/airflow/example_dags/example_branch_datetime_operator.py
[2025-07-24T20:37:47.128+0000] {logging_mixin.py:188} INFO - [2025-07-24T20:37:47.128+0000] {dag.py:3096} INFO - Sync 3 DAGs
[2025-07-24T20:37:47.139+0000] {logging_mixin.py:188} INFO - [2025-07-24T20:37:47.139+0000] {dag.py:3954} INFO - Setting next_dagrun for example_branch_datetime_operator to 2025-07-23 00:00:00+00:00, run_after=2025-07-24 00:00:00+00:00
[2025-07-24T20:37:47.141+0000] {logging_mixin.py:188} INFO - [2025-07-24T20:37:47.141+0000] {dag.py:3954} INFO - Setting next_dagrun for example_branch_datetime_operator_2 to 2025-07-23 00:00:00+00:00, run_after=2025-07-24 00:00:00+00:00
[2025-07-24T20:37:47.142+0000] {logging_mixin.py:188} INFO - [2025-07-24T20:37:47.142+0000] {dag.py:3954} INFO - Setting next_dagrun for example_branch_datetime_operator_3 to 2025-07-23 00:00:00+00:00, run_after=2025-07-24 00:00:00+00:00
[2025-07-24T20:37:47.150+0000] {processor.py:183} INFO - Processing /home/airflow/.local/lib/python3.12/site-packages/airflow/example_dags/example_branch_datetime_operator.py took 0.094 seconds
[2025-07-24T20:38:17.946+0000] {processor.py:161} INFO - Started process (PID=256) to work on /home/airflow/.local/lib/python3.12/site-packages/airflow/example_dags/example_branch_datetime_operator.py
[2025-07-24T20:38:17.946+0000] {processor.py:830} INFO - Processing file /home/airflow/.local/lib/python3.12/site-packages/airflow/example_dags/example_branch_datetime_operator.py for tasks to queue
[2025-07-24T20:38:17.947+0000] {logging_mixin.py:188} INFO - [2025-07-24T20:38:17.947+0000] {dagbag.py:545} INFO - Filling up the DagBag from /home/airflow/.local/lib/python3.12/site-packages/airflow/example_dags/example_branch_datetime_operator.py
[2025-07-24T20:38:17.952+0000] {processor.py:840} INFO - DAG(s) 'example_branch_datetime_operator_2', 'example_branch_datetime_operator_3', 'example_branch_datetime_operator' retrieved from /home/airflow/.local/lib/python3.12/site-packages/airflow/example_dags/example_branch_datetime_operator.py
[2025-07-24T20:38:17.968+0000] {logging_mixin.py:188} INFO - [2025-07-24T20:38:17.968+0000] {dag.py:3096} INFO - Sync 3 DAGs
[2025-07-24T20:38:17.981+0000] {logging_mixin.py:188} INFO - [2025-07-24T20:38:17.981+0000] {dag.py:3954} INFO - Setting next_dagrun for example_branch_datetime_operator to 2025-07-23 00:00:00+00:00, run_after=2025-07-24 00:00:00+00:00
[2025-07-24T20:38:17.984+0000] {logging_mixin.py:188} INFO - [2025-07-24T20:38:17.984+0000] {dag.py:3954} INFO - Setting next_dagrun for example_branch_datetime_operator_2 to 2025-07-23 00:00:00+00:00, run_after=2025-07-24 00:00:00+00:00
[2025-07-24T20:38:17.985+0000] {logging_mixin.py:188} INFO - [2025-07-24T20:38:17.985+0000] {dag.py:3954} INFO - Setting next_dagrun for example_branch_datetime_operator_3 to 2025-07-23 00:00:00+00:00, run_after=2025-07-24 00:00:00+00:00
[2025-07-24T20:38:17.993+0000] {processor.py:183} INFO - Processing /home/airflow/.local/lib/python3.12/site-packages/airflow/example_dags/example_branch_datetime_operator.py took 0.051 seconds
[2025-07-24T20:38:48.671+0000] {processor.py:161} INFO - Started process (PID=314) to work on /home/airflow/.local/lib/python3.12/site-packages/airflow/example_dags/example_branch_datetime_operator.py
[2025-07-24T20:38:48.672+0000] {processor.py:830} INFO - Processing file /home/airflow/.local/lib/python3.12/site-packages/airflow/example_dags/example_branch_datetime_operator.py for tasks to queue
[2025-07-24T20:38:48.673+0000] {logging_mixin.py:188} INFO - [2025-07-24T20:38:48.673+0000] {dagbag.py:545} INFO - Filling up the DagBag from /home/airflow/.local/lib/python3.12/site-packages/airflow/example_dags/example_branch_datetime_operator.py
[2025-07-24T20:38:48.679+0000] {processor.py:840} INFO - DAG(s) 'example_branch_datetime_operator_3', 'example_branch_datetime_operator_2', 'example_branch_datetime_operator' retrieved from /home/airflow/.local/lib/python3.12/site-packages/airflow/example_dags/example_branch_datetime_operator.py
[2025-07-24T20:38:48.695+0000] {logging_mixin.py:188} INFO - [2025-07-24T20:38:48.695+0000] {dag.py:3096} INFO - Sync 3 DAGs
[2025-07-24T20:38:48.709+0000] {logging_mixin.py:188} INFO - [2025-07-24T20:38:48.709+0000] {dag.py:3954} INFO - Setting next_dagrun for example_branch_datetime_operator to 2025-07-23 00:00:00+00:00, run_after=2025-07-24 00:00:00+00:00
[2025-07-24T20:38:48.712+0000] {logging_mixin.py:188} INFO - [2025-07-24T20:38:48.711+0000] {dag.py:3954} INFO - Setting next_dagrun for example_branch_datetime_operator_2 to 2025-07-23 00:00:00+00:00, run_after=2025-07-24 00:00:00+00:00
[2025-07-24T20:38:48.713+0000] {logging_mixin.py:188} INFO - [2025-07-24T20:38:48.713+0000] {dag.py:3954} INFO - Setting next_dagrun for example_branch_datetime_operator_3 to 2025-07-23 00:00:00+00:00, run_after=2025-07-24 00:00:00+00:00
[2025-07-24T20:38:48.722+0000] {processor.py:183} INFO - Processing /home/airflow/.local/lib/python3.12/site-packages/airflow/example_dags/example_branch_datetime_operator.py took 0.054 seconds
[2025-07-24T20:39:19.463+0000] {processor.py:161} INFO - Started process (PID=372) to work on /home/airflow/.local/lib/python3.12/site-packages/airflow/example_dags/example_branch_datetime_operator.py
[2025-07-24T20:39:19.463+0000] {processor.py:830} INFO - Processing file /home/airflow/.local/lib/python3.12/site-packages/airflow/example_dags/example_branch_datetime_operator.py for tasks to queue
[2025-07-24T20:39:19.464+0000] {logging_mixin.py:188} INFO - [2025-07-24T20:39:19.464+0000] {dagbag.py:545} INFO - Filling up the DagBag from /home/airflow/.local/lib/python3.12/site-packages/airflow/example_dags/example_branch_datetime_operator.py
[2025-07-24T20:39:19.470+0000] {processor.py:840} INFO - DAG(s) 'example_branch_datetime_operator_3', 'example_branch_datetime_operator_2', 'example_branch_datetime_operator' retrieved from /home/airflow/.local/lib/python3.12/site-packages/airflow/example_dags/example_branch_datetime_operator.py
[2025-07-24T20:39:19.486+0000] {logging_mixin.py:188} INFO - [2025-07-24T20:39:19.486+0000] {dag.py:3096} INFO - Sync 3 DAGs
[2025-07-24T20:39:19.499+0000] {logging_mixin.py:188} INFO - [2025-07-24T20:39:19.499+0000] {dag.py:3954} INFO - Setting next_dagrun for example_branch_datetime_operator to 2025-07-23 00:00:00+00:00, run_after=2025-07-24 00:00:00+00:00
[2025-07-24T20:39:19.501+0000] {logging_mixin.py:188} INFO - [2025-07-24T20:39:19.501+0000] {dag.py:3954} INFO - Setting next_dagrun for example_branch_datetime_operator_2 to 2025-07-23 00:00:00+00:00, run_after=2025-07-24 00:00:00+00:00
[2025-07-24T20:39:19.503+0000] {logging_mixin.py:188} INFO - [2025-07-24T20:39:19.503+0000] {dag.py:3954} INFO - Setting next_dagrun for example_branch_datetime_operator_3 to 2025-07-23 00:00:00+00:00, run_after=2025-07-24 00:00:00+00:00
[2025-07-24T20:39:19.511+0000] {processor.py:183} INFO - Processing /home/airflow/.local/lib/python3.12/site-packages/airflow/example_dags/example_branch_datetime_operator.py took 0.052 seconds
[2025-07-24T20:39:50.157+0000] {processor.py:161} INFO - Started process (PID=430) to work on /home/airflow/.local/lib/python3.12/site-packages/airflow/example_dags/example_branch_datetime_operator.py
[2025-07-24T20:39:50.157+0000] {processor.py:830} INFO - Processing file /home/airflow/.local/lib/python3.12/site-packages/airflow/example_dags/example_branch_datetime_operator.py for tasks to queue
[2025-07-24T20:39:50.158+0000] {logging_mixin.py:188} INFO - [2025-07-24T20:39:50.158+0000] {dagbag.py:545} INFO - Filling up the DagBag from /home/airflow/.local/lib/python3.12/site-packages/airflow/example_dags/example_branch_datetime_operator.py
[2025-07-24T20:39:50.164+0000] {processor.py:840} INFO - DAG(s) 'example_branch_datetime_operator_3', 'example_branch_datetime_operator_2', 'example_branch_datetime_operator' retrieved from /home/airflow/.local/lib/python3.12/site-packages/airflow/example_dags/example_branch_datetime_operator.py
[2025-07-24T20:39:50.178+0000] {logging_mixin.py:188} INFO - [2025-07-24T20:39:50.178+0000] {dag.py:3096} INFO - Sync 3 DAGs
[2025-07-24T20:39:50.191+0000] {logging_mixin.py:188} INFO - [2025-07-24T20:39:50.190+0000] {dag.py:3954} INFO - Setting next_dagrun for example_branch_datetime_operator to 2025-07-23 00:00:00+00:00, run_after=2025-07-24 00:00:00+00:00
[2025-07-24T20:39:50.193+0000] {logging_mixin.py:188} INFO - [2025-07-24T20:39:50.193+0000] {dag.py:3954} INFO - Setting next_dagrun for example_branch_datetime_operator_2 to 2025-07-23 00:00:00+00:00, run_after=2025-07-24 00:00:00+00:00
[2025-07-24T20:39:50.194+0000] {logging_mixin.py:188} INFO - [2025-07-24T20:39:50.194+0000] {dag.py:3954} INFO - Setting next_dagrun for example_branch_datetime_operator_3 to 2025-07-23 00:00:00+00:00, run_after=2025-07-24 00:00:00+00:00
[2025-07-24T20:39:50.203+0000] {processor.py:183} INFO - Processing /home/airflow/.local/lib/python3.12/site-packages/airflow/example_dags/example_branch_datetime_operator.py took 0.050 seconds
[2025-07-24T20:40:20.848+0000] {processor.py:161} INFO - Started process (PID=488) to work on /home/airflow/.local/lib/python3.12/site-packages/airflow/example_dags/example_branch_datetime_operator.py
[2025-07-24T20:40:20.849+0000] {processor.py:830} INFO - Processing file /home/airflow/.local/lib/python3.12/site-packages/airflow/example_dags/example_branch_datetime_operator.py for tasks to queue
[2025-07-24T20:40:20.850+0000] {logging_mixin.py:188} INFO - [2025-07-24T20:40:20.849+0000] {dagbag.py:545} INFO - Filling up the DagBag from /home/airflow/.local/lib/python3.12/site-packages/airflow/example_dags/example_branch_datetime_operator.py
[2025-07-24T20:40:20.855+0000] {processor.py:840} INFO - DAG(s) 'example_branch_datetime_operator', 'example_branch_datetime_operator_2', 'example_branch_datetime_operator_3' retrieved from /home/airflow/.local/lib/python3.12/site-packages/airflow/example_dags/example_branch_datetime_operator.py
[2025-07-24T20:40:20.871+0000] {logging_mixin.py:188} INFO - [2025-07-24T20:40:20.871+0000] {dag.py:3096} INFO - Sync 3 DAGs
[2025-07-24T20:40:20.885+0000] {logging_mixin.py:188} INFO - [2025-07-24T20:40:20.885+0000] {dag.py:3954} INFO - Setting next_dagrun for example_branch_datetime_operator to 2025-07-23 00:00:00+00:00, run_after=2025-07-24 00:00:00+00:00
[2025-07-24T20:40:20.888+0000] {logging_mixin.py:188} INFO - [2025-07-24T20:40:20.888+0000] {dag.py:3954} INFO - Setting next_dagrun for example_branch_datetime_operator_2 to 2025-07-23 00:00:00+00:00, run_after=2025-07-24 00:00:00+00:00
[2025-07-24T20:40:20.889+0000] {logging_mixin.py:188} INFO - [2025-07-24T20:40:20.889+0000] {dag.py:3954} INFO - Setting next_dagrun for example_branch_datetime_operator_3 to 2025-07-23 00:00:00+00:00, run_after=2025-07-24 00:00:00+00:00
[2025-07-24T20:40:20.899+0000] {processor.py:183} INFO - Processing /home/airflow/.local/lib/python3.12/site-packages/airflow/example_dags/example_branch_datetime_operator.py took 0.055 seconds
[2025-07-24T20:40:51.807+0000] {processor.py:161} INFO - Started process (PID=546) to work on /home/airflow/.local/lib/python3.12/site-packages/airflow/example_dags/example_branch_datetime_operator.py
[2025-07-24T20:40:51.808+0000] {processor.py:830} INFO - Processing file /home/airflow/.local/lib/python3.12/site-packages/airflow/example_dags/example_branch_datetime_operator.py for tasks to queue
[2025-07-24T20:40:51.809+0000] {logging_mixin.py:188} INFO - [2025-07-24T20:40:51.809+0000] {dagbag.py:545} INFO - Filling up the DagBag from /home/airflow/.local/lib/python3.12/site-packages/airflow/example_dags/example_branch_datetime_operator.py
[2025-07-24T20:40:51.815+0000] {processor.py:840} INFO - DAG(s) 'example_branch_datetime_operator_2', 'example_branch_datetime_operator', 'example_branch_datetime_operator_3' retrieved from /home/airflow/.local/lib/python3.12/site-packages/airflow/example_dags/example_branch_datetime_operator.py
[2025-07-24T20:40:51.832+0000] {logging_mixin.py:188} INFO - [2025-07-24T20:40:51.832+0000] {dag.py:3096} INFO - Sync 3 DAGs
[2025-07-24T20:40:51.845+0000] {logging_mixin.py:188} INFO - [2025-07-24T20:40:51.845+0000] {dag.py:3954} INFO - Setting next_dagrun for example_branch_datetime_operator to 2025-07-23 00:00:00+00:00, run_after=2025-07-24 00:00:00+00:00
[2025-07-24T20:40:51.848+0000] {logging_mixin.py:188} INFO - [2025-07-24T20:40:51.848+0000] {dag.py:3954} INFO - Setting next_dagrun for example_branch_datetime_operator_2 to 2025-07-23 00:00:00+00:00, run_after=2025-07-24 00:00:00+00:00
[2025-07-24T20:40:51.849+0000] {logging_mixin.py:188} INFO - [2025-07-24T20:40:51.849+0000] {dag.py:3954} INFO - Setting next_dagrun for example_branch_datetime_operator_3 to 2025-07-23 00:00:00+00:00, run_after=2025-07-24 00:00:00+00:00
[2025-07-24T20:40:51.858+0000] {processor.py:183} INFO - Processing /home/airflow/.local/lib/python3.12/site-packages/airflow/example_dags/example_branch_datetime_operator.py took 0.054 seconds
[2025-07-24T20:41:22.834+0000] {processor.py:161} INFO - Started process (PID=604) to work on /home/airflow/.local/lib/python3.12/site-packages/airflow/example_dags/example_branch_datetime_operator.py
[2025-07-24T20:41:22.835+0000] {processor.py:830} INFO - Processing file /home/airflow/.local/lib/python3.12/site-packages/airflow/example_dags/example_branch_datetime_operator.py for tasks to queue
[2025-07-24T20:41:22.836+0000] {logging_mixin.py:188} INFO - [2025-07-24T20:41:22.836+0000] {dagbag.py:545} INFO - Filling up the DagBag from /home/airflow/.local/lib/python3.12/site-packages/airflow/example_dags/example_branch_datetime_operator.py
[2025-07-24T20:41:22.842+0000] {processor.py:840} INFO - DAG(s) 'example_branch_datetime_operator_3', 'example_branch_datetime_operator', 'example_branch_datetime_operator_2' retrieved from /home/airflow/.local/lib/python3.12/site-packages/airflow/example_dags/example_branch_datetime_operator.py
[2025-07-24T20:41:22.857+0000] {logging_mixin.py:188} INFO - [2025-07-24T20:41:22.857+0000] {dag.py:3096} INFO - Sync 3 DAGs
[2025-07-24T20:41:22.870+0000] {logging_mixin.py:188} INFO - [2025-07-24T20:41:22.870+0000] {dag.py:3954} INFO - Setting next_dagrun for example_branch_datetime_operator to 2025-07-23 00:00:00+00:00, run_after=2025-07-24 00:00:00+00:00
[2025-07-24T20:41:22.873+0000] {logging_mixin.py:188} INFO - [2025-07-24T20:41:22.873+0000] {dag.py:3954} INFO - Setting next_dagrun for example_branch_datetime_operator_2 to 2025-07-23 00:00:00+00:00, run_after=2025-07-24 00:00:00+00:00
[2025-07-24T20:41:22.874+0000] {logging_mixin.py:188} INFO - [2025-07-24T20:41:22.874+0000] {dag.py:3954} INFO - Setting next_dagrun for example_branch_datetime_operator_3 to 2025-07-23 00:00:00+00:00, run_after=2025-07-24 00:00:00+00:00
[2025-07-24T20:41:22.883+0000] {processor.py:183} INFO - Processing /home/airflow/.local/lib/python3.12/site-packages/airflow/example_dags/example_branch_datetime_operator.py took 0.052 seconds
[2025-07-24T20:41:53.596+0000] {processor.py:161} INFO - Started process (PID=662) to work on /home/airflow/.local/lib/python3.12/site-packages/airflow/example_dags/example_branch_datetime_operator.py
[2025-07-24T20:41:53.596+0000] {processor.py:830} INFO - Processing file /home/airflow/.local/lib/python3.12/site-packages/airflow/example_dags/example_branch_datetime_operator.py for tasks to queue
[2025-07-24T20:41:53.597+0000] {logging_mixin.py:188} INFO - [2025-07-24T20:41:53.597+0000] {dagbag.py:545} INFO - Filling up the DagBag from /home/airflow/.local/lib/python3.12/site-packages/airflow/example_dags/example_branch_datetime_operator.py
[2025-07-24T20:41:53.604+0000] {processor.py:840} INFO - DAG(s) 'example_branch_datetime_operator', 'example_branch_datetime_operator_2', 'example_branch_datetime_operator_3' retrieved from /home/airflow/.local/lib/python3.12/site-packages/airflow/example_dags/example_branch_datetime_operator.py
[2025-07-24T20:41:53.618+0000] {logging_mixin.py:188} INFO - [2025-07-24T20:41:53.618+0000] {dag.py:3096} INFO - Sync 3 DAGs
[2025-07-24T20:41:53.631+0000] {logging_mixin.py:188} INFO - [2025-07-24T20:41:53.631+0000] {dag.py:3954} INFO - Setting next_dagrun for example_branch_datetime_operator to 2025-07-23 00:00:00+00:00, run_after=2025-07-24 00:00:00+00:00
[2025-07-24T20:41:53.634+0000] {logging_mixin.py:188} INFO - [2025-07-24T20:41:53.634+0000] {dag.py:3954} INFO - Setting next_dagrun for example_branch_datetime_operator_2 to 2025-07-23 00:00:00+00:00, run_after=2025-07-24 00:00:00+00:00
[2025-07-24T20:41:53.635+0000] {logging_mixin.py:188} INFO - [2025-07-24T20:41:53.635+0000] {dag.py:3954} INFO - Setting next_dagrun for example_branch_datetime_operator_3 to 2025-07-23 00:00:00+00:00, run_after=2025-07-24 00:00:00+00:00
[2025-07-24T20:41:53.643+0000] {processor.py:183} INFO - Processing /home/airflow/.local/lib/python3.12/site-packages/airflow/example_dags/example_branch_datetime_operator.py took 0.051 seconds
[2025-07-24T20:42:24.467+0000] {processor.py:161} INFO - Started process (PID=720) to work on /home/airflow/.local/lib/python3.12/site-packages/airflow/example_dags/example_branch_datetime_operator.py
[2025-07-24T20:42:24.468+0000] {processor.py:830} INFO - Processing file /home/airflow/.local/lib/python3.12/site-packages/airflow/example_dags/example_branch_datetime_operator.py for tasks to queue
[2025-07-24T20:42:24.469+0000] {logging_mixin.py:188} INFO - [2025-07-24T20:42:24.469+0000] {dagbag.py:545} INFO - Filling up the DagBag from /home/airflow/.local/lib/python3.12/site-packages/airflow/example_dags/example_branch_datetime_operator.py
[2025-07-24T20:42:24.475+0000] {processor.py:840} INFO - DAG(s) 'example_branch_datetime_operator_3', 'example_branch_datetime_operator', 'example_branch_datetime_operator_2' retrieved from /home/airflow/.local/lib/python3.12/site-packages/airflow/example_dags/example_branch_datetime_operator.py
[2025-07-24T20:42:24.490+0000] {logging_mixin.py:188} INFO - [2025-07-24T20:42:24.490+0000] {dag.py:3096} INFO - Sync 3 DAGs
[2025-07-24T20:42:24.503+0000] {logging_mixin.py:188} INFO - [2025-07-24T20:42:24.503+0000] {dag.py:3954} INFO - Setting next_dagrun for example_branch_datetime_operator to 2025-07-23 00:00:00+00:00, run_after=2025-07-24 00:00:00+00:00
[2025-07-24T20:42:24.506+0000] {logging_mixin.py:188} INFO - [2025-07-24T20:42:24.506+0000] {dag.py:3954} INFO - Setting next_dagrun for example_branch_datetime_operator_2 to 2025-07-23 00:00:00+00:00, run_after=2025-07-24 00:00:00+00:00
[2025-07-24T20:42:24.507+0000] {logging_mixin.py:188} INFO - [2025-07-24T20:42:24.507+0000] {dag.py:3954} INFO - Setting next_dagrun for example_branch_datetime_operator_3 to 2025-07-23 00:00:00+00:00, run_after=2025-07-24 00:00:00+00:00
[2025-07-24T20:42:24.517+0000] {processor.py:183} INFO - Processing /home/airflow/.local/lib/python3.12/site-packages/airflow/example_dags/example_branch_datetime_operator.py took 0.053 seconds
[2025-07-24T20:43:17.397+0000] {processor.py:161} INFO - Started process (PID=76) to work on /home/airflow/.local/lib/python3.12/site-packages/airflow/example_dags/example_branch_datetime_operator.py
[2025-07-24T20:43:17.398+0000] {processor.py:830} INFO - Processing file /home/airflow/.local/lib/python3.12/site-packages/airflow/example_dags/example_branch_datetime_operator.py for tasks to queue
[2025-07-24T20:43:17.399+0000] {logging_mixin.py:188} INFO - [2025-07-24T20:43:17.399+0000] {dagbag.py:545} INFO - Filling up the DagBag from /home/airflow/.local/lib/python3.12/site-packages/airflow/example_dags/example_branch_datetime_operator.py
[2025-07-24T20:43:17.406+0000] {processor.py:840} INFO - DAG(s) 'example_branch_datetime_operator_2', 'example_branch_datetime_operator_3', 'example_branch_datetime_operator' retrieved from /home/airflow/.local/lib/python3.12/site-packages/airflow/example_dags/example_branch_datetime_operator.py
[2025-07-24T20:43:17.412+0000] {logging_mixin.py:188} INFO - [2025-07-24T20:43:17.412+0000] {dag.py:3096} INFO - Sync 3 DAGs
[2025-07-24T20:43:17.425+0000] {logging_mixin.py:188} INFO - [2025-07-24T20:43:17.425+0000] {dag.py:3954} INFO - Setting next_dagrun for example_branch_datetime_operator to 2025-07-23 00:00:00+00:00, run_after=2025-07-24 00:00:00+00:00
[2025-07-24T20:43:17.427+0000] {logging_mixin.py:188} INFO - [2025-07-24T20:43:17.427+0000] {dag.py:3954} INFO - Setting next_dagrun for example_branch_datetime_operator_2 to 2025-07-23 00:00:00+00:00, run_after=2025-07-24 00:00:00+00:00
[2025-07-24T20:43:17.428+0000] {logging_mixin.py:188} INFO - [2025-07-24T20:43:17.428+0000] {dag.py:3954} INFO - Setting next_dagrun for example_branch_datetime_operator_3 to 2025-07-23 00:00:00+00:00, run_after=2025-07-24 00:00:00+00:00
[2025-07-24T20:43:17.436+0000] {processor.py:183} INFO - Processing /home/airflow/.local/lib/python3.12/site-packages/airflow/example_dags/example_branch_datetime_operator.py took 0.042 seconds
[2025-07-24T20:43:48.835+0000] {processor.py:161} INFO - Started process (PID=134) to work on /home/airflow/.local/lib/python3.12/site-packages/airflow/example_dags/example_branch_datetime_operator.py
[2025-07-24T20:43:48.836+0000] {processor.py:830} INFO - Processing file /home/airflow/.local/lib/python3.12/site-packages/airflow/example_dags/example_branch_datetime_operator.py for tasks to queue
[2025-07-24T20:43:48.837+0000] {logging_mixin.py:188} INFO - [2025-07-24T20:43:48.836+0000] {dagbag.py:545} INFO - Filling up the DagBag from /home/airflow/.local/lib/python3.12/site-packages/airflow/example_dags/example_branch_datetime_operator.py
[2025-07-24T20:43:48.842+0000] {processor.py:840} INFO - DAG(s) 'example_branch_datetime_operator', 'example_branch_datetime_operator_2', 'example_branch_datetime_operator_3' retrieved from /home/airflow/.local/lib/python3.12/site-packages/airflow/example_dags/example_branch_datetime_operator.py
[2025-07-24T20:43:48.908+0000] {logging_mixin.py:188} INFO - [2025-07-24T20:43:48.908+0000] {dag.py:3096} INFO - Sync 3 DAGs
[2025-07-24T20:43:48.919+0000] {logging_mixin.py:188} INFO - [2025-07-24T20:43:48.919+0000] {dag.py:3954} INFO - Setting next_dagrun for example_branch_datetime_operator to 2025-07-23 00:00:00+00:00, run_after=2025-07-24 00:00:00+00:00
[2025-07-24T20:43:48.922+0000] {logging_mixin.py:188} INFO - [2025-07-24T20:43:48.922+0000] {dag.py:3954} INFO - Setting next_dagrun for example_branch_datetime_operator_2 to 2025-07-23 00:00:00+00:00, run_after=2025-07-24 00:00:00+00:00
[2025-07-24T20:43:48.923+0000] {logging_mixin.py:188} INFO - [2025-07-24T20:43:48.923+0000] {dag.py:3954} INFO - Setting next_dagrun for example_branch_datetime_operator_3 to 2025-07-23 00:00:00+00:00, run_after=2025-07-24 00:00:00+00:00
[2025-07-24T20:43:48.931+0000] {processor.py:183} INFO - Processing /home/airflow/.local/lib/python3.12/site-packages/airflow/example_dags/example_branch_datetime_operator.py took 0.100 seconds
[2025-07-24T20:44:19.363+0000] {processor.py:161} INFO - Started process (PID=192) to work on /home/airflow/.local/lib/python3.12/site-packages/airflow/example_dags/example_branch_datetime_operator.py
[2025-07-24T20:44:19.364+0000] {processor.py:830} INFO - Processing file /home/airflow/.local/lib/python3.12/site-packages/airflow/example_dags/example_branch_datetime_operator.py for tasks to queue
[2025-07-24T20:44:19.365+0000] {logging_mixin.py:188} INFO - [2025-07-24T20:44:19.365+0000] {dagbag.py:545} INFO - Filling up the DagBag from /home/airflow/.local/lib/python3.12/site-packages/airflow/example_dags/example_branch_datetime_operator.py
[2025-07-24T20:44:19.371+0000] {processor.py:840} INFO - DAG(s) 'example_branch_datetime_operator_2', 'example_branch_datetime_operator_3', 'example_branch_datetime_operator' retrieved from /home/airflow/.local/lib/python3.12/site-packages/airflow/example_dags/example_branch_datetime_operator.py
[2025-07-24T20:44:19.388+0000] {logging_mixin.py:188} INFO - [2025-07-24T20:44:19.388+0000] {dag.py:3096} INFO - Sync 3 DAGs
[2025-07-24T20:44:19.403+0000] {logging_mixin.py:188} INFO - [2025-07-24T20:44:19.403+0000] {dag.py:3954} INFO - Setting next_dagrun for example_branch_datetime_operator to 2025-07-23 00:00:00+00:00, run_after=2025-07-24 00:00:00+00:00
[2025-07-24T20:44:19.406+0000] {logging_mixin.py:188} INFO - [2025-07-24T20:44:19.406+0000] {dag.py:3954} INFO - Setting next_dagrun for example_branch_datetime_operator_2 to 2025-07-23 00:00:00+00:00, run_after=2025-07-24 00:00:00+00:00
[2025-07-24T20:44:19.408+0000] {logging_mixin.py:188} INFO - [2025-07-24T20:44:19.407+0000] {dag.py:3954} INFO - Setting next_dagrun for example_branch_datetime_operator_3 to 2025-07-23 00:00:00+00:00, run_after=2025-07-24 00:00:00+00:00
[2025-07-24T20:44:19.416+0000] {processor.py:183} INFO - Processing /home/airflow/.local/lib/python3.12/site-packages/airflow/example_dags/example_branch_datetime_operator.py took 0.056 seconds
[2025-07-24T20:44:49.545+0000] {processor.py:161} INFO - Started process (PID=250) to work on /home/airflow/.local/lib/python3.12/site-packages/airflow/example_dags/example_branch_datetime_operator.py
[2025-07-24T20:44:49.545+0000] {processor.py:830} INFO - Processing file /home/airflow/.local/lib/python3.12/site-packages/airflow/example_dags/example_branch_datetime_operator.py for tasks to queue
[2025-07-24T20:44:49.547+0000] {logging_mixin.py:188} INFO - [2025-07-24T20:44:49.546+0000] {dagbag.py:545} INFO - Filling up the DagBag from /home/airflow/.local/lib/python3.12/site-packages/airflow/example_dags/example_branch_datetime_operator.py
[2025-07-24T20:44:49.553+0000] {processor.py:840} INFO - DAG(s) 'example_branch_datetime_operator_3', 'example_branch_datetime_operator_2', 'example_branch_datetime_operator' retrieved from /home/airflow/.local/lib/python3.12/site-packages/airflow/example_dags/example_branch_datetime_operator.py
[2025-07-24T20:44:49.568+0000] {logging_mixin.py:188} INFO - [2025-07-24T20:44:49.568+0000] {dag.py:3096} INFO - Sync 3 DAGs
[2025-07-24T20:44:49.581+0000] {logging_mixin.py:188} INFO - [2025-07-24T20:44:49.581+0000] {dag.py:3954} INFO - Setting next_dagrun for example_branch_datetime_operator to 2025-07-23 00:00:00+00:00, run_after=2025-07-24 00:00:00+00:00
[2025-07-24T20:44:49.584+0000] {logging_mixin.py:188} INFO - [2025-07-24T20:44:49.584+0000] {dag.py:3954} INFO - Setting next_dagrun for example_branch_datetime_operator_2 to 2025-07-23 00:00:00+00:00, run_after=2025-07-24 00:00:00+00:00
[2025-07-24T20:44:49.585+0000] {logging_mixin.py:188} INFO - [2025-07-24T20:44:49.585+0000] {dag.py:3954} INFO - Setting next_dagrun for example_branch_datetime_operator_3 to 2025-07-23 00:00:00+00:00, run_after=2025-07-24 00:00:00+00:00
[2025-07-24T20:44:49.594+0000] {processor.py:183} INFO - Processing /home/airflow/.local/lib/python3.12/site-packages/airflow/example_dags/example_branch_datetime_operator.py took 0.053 seconds
[2025-07-24T20:45:20.391+0000] {processor.py:161} INFO - Started process (PID=314) to work on /home/airflow/.local/lib/python3.12/site-packages/airflow/example_dags/example_branch_datetime_operator.py
[2025-07-24T20:45:20.392+0000] {processor.py:830} INFO - Processing file /home/airflow/.local/lib/python3.12/site-packages/airflow/example_dags/example_branch_datetime_operator.py for tasks to queue
[2025-07-24T20:45:20.393+0000] {logging_mixin.py:188} INFO - [2025-07-24T20:45:20.393+0000] {dagbag.py:545} INFO - Filling up the DagBag from /home/airflow/.local/lib/python3.12/site-packages/airflow/example_dags/example_branch_datetime_operator.py
[2025-07-24T20:45:20.399+0000] {processor.py:840} INFO - DAG(s) 'example_branch_datetime_operator', 'example_branch_datetime_operator_2', 'example_branch_datetime_operator_3' retrieved from /home/airflow/.local/lib/python3.12/site-packages/airflow/example_dags/example_branch_datetime_operator.py
[2025-07-24T20:45:20.413+0000] {logging_mixin.py:188} INFO - [2025-07-24T20:45:20.412+0000] {dag.py:3096} INFO - Sync 3 DAGs
[2025-07-24T20:45:20.425+0000] {logging_mixin.py:188} INFO - [2025-07-24T20:45:20.425+0000] {dag.py:3954} INFO - Setting next_dagrun for example_branch_datetime_operator to 2025-07-23 00:00:00+00:00, run_after=2025-07-24 00:00:00+00:00
[2025-07-24T20:45:20.428+0000] {logging_mixin.py:188} INFO - [2025-07-24T20:45:20.428+0000] {dag.py:3954} INFO - Setting next_dagrun for example_branch_datetime_operator_2 to 2025-07-23 00:00:00+00:00, run_after=2025-07-24 00:00:00+00:00
[2025-07-24T20:45:20.429+0000] {logging_mixin.py:188} INFO - [2025-07-24T20:45:20.429+0000] {dag.py:3954} INFO - Setting next_dagrun for example_branch_datetime_operator_3 to 2025-07-23 00:00:00+00:00, run_after=2025-07-24 00:00:00+00:00
[2025-07-24T20:45:20.437+0000] {processor.py:183} INFO - Processing /home/airflow/.local/lib/python3.12/site-packages/airflow/example_dags/example_branch_datetime_operator.py took 0.049 seconds
[2025-07-24T20:45:50.953+0000] {processor.py:161} INFO - Started process (PID=372) to work on /home/airflow/.local/lib/python3.12/site-packages/airflow/example_dags/example_branch_datetime_operator.py
[2025-07-24T20:45:50.953+0000] {processor.py:830} INFO - Processing file /home/airflow/.local/lib/python3.12/site-packages/airflow/example_dags/example_branch_datetime_operator.py for tasks to queue
[2025-07-24T20:45:50.954+0000] {logging_mixin.py:188} INFO - [2025-07-24T20:45:50.954+0000] {dagbag.py:545} INFO - Filling up the DagBag from /home/airflow/.local/lib/python3.12/site-packages/airflow/example_dags/example_branch_datetime_operator.py
[2025-07-24T20:45:50.960+0000] {processor.py:840} INFO - DAG(s) 'example_branch_datetime_operator', 'example_branch_datetime_operator_3', 'example_branch_datetime_operator_2' retrieved from /home/airflow/.local/lib/python3.12/site-packages/airflow/example_dags/example_branch_datetime_operator.py
[2025-07-24T20:45:50.976+0000] {logging_mixin.py:188} INFO - [2025-07-24T20:45:50.976+0000] {dag.py:3096} INFO - Sync 3 DAGs
[2025-07-24T20:45:50.989+0000] {logging_mixin.py:188} INFO - [2025-07-24T20:45:50.989+0000] {dag.py:3954} INFO - Setting next_dagrun for example_branch_datetime_operator to 2025-07-23 00:00:00+00:00, run_after=2025-07-24 00:00:00+00:00
[2025-07-24T20:45:50.992+0000] {logging_mixin.py:188} INFO - [2025-07-24T20:45:50.992+0000] {dag.py:3954} INFO - Setting next_dagrun for example_branch_datetime_operator_2 to 2025-07-23 00:00:00+00:00, run_after=2025-07-24 00:00:00+00:00
[2025-07-24T20:45:50.993+0000] {logging_mixin.py:188} INFO - [2025-07-24T20:45:50.993+0000] {dag.py:3954} INFO - Setting next_dagrun for example_branch_datetime_operator_3 to 2025-07-23 00:00:00+00:00, run_after=2025-07-24 00:00:00+00:00
[2025-07-24T20:45:51.001+0000] {processor.py:183} INFO - Processing /home/airflow/.local/lib/python3.12/site-packages/airflow/example_dags/example_branch_datetime_operator.py took 0.052 seconds
[2025-07-24T20:46:21.696+0000] {processor.py:161} INFO - Started process (PID=430) to work on /home/airflow/.local/lib/python3.12/site-packages/airflow/example_dags/example_branch_datetime_operator.py
[2025-07-24T20:46:21.697+0000] {processor.py:830} INFO - Processing file /home/airflow/.local/lib/python3.12/site-packages/airflow/example_dags/example_branch_datetime_operator.py for tasks to queue
[2025-07-24T20:46:21.698+0000] {logging_mixin.py:188} INFO - [2025-07-24T20:46:21.698+0000] {dagbag.py:545} INFO - Filling up the DagBag from /home/airflow/.local/lib/python3.12/site-packages/airflow/example_dags/example_branch_datetime_operator.py
[2025-07-24T20:46:21.704+0000] {processor.py:840} INFO - DAG(s) 'example_branch_datetime_operator_2', 'example_branch_datetime_operator_3', 'example_branch_datetime_operator' retrieved from /home/airflow/.local/lib/python3.12/site-packages/airflow/example_dags/example_branch_datetime_operator.py
[2025-07-24T20:46:21.719+0000] {logging_mixin.py:188} INFO - [2025-07-24T20:46:21.719+0000] {dag.py:3096} INFO - Sync 3 DAGs
[2025-07-24T20:46:21.733+0000] {logging_mixin.py:188} INFO - [2025-07-24T20:46:21.733+0000] {dag.py:3954} INFO - Setting next_dagrun for example_branch_datetime_operator to 2025-07-23 00:00:00+00:00, run_after=2025-07-24 00:00:00+00:00
[2025-07-24T20:46:21.736+0000] {logging_mixin.py:188} INFO - [2025-07-24T20:46:21.736+0000] {dag.py:3954} INFO - Setting next_dagrun for example_branch_datetime_operator_2 to 2025-07-23 00:00:00+00:00, run_after=2025-07-24 00:00:00+00:00
[2025-07-24T20:46:21.737+0000] {logging_mixin.py:188} INFO - [2025-07-24T20:46:21.737+0000] {dag.py:3954} INFO - Setting next_dagrun for example_branch_datetime_operator_3 to 2025-07-23 00:00:00+00:00, run_after=2025-07-24 00:00:00+00:00
[2025-07-24T20:46:21.745+0000] {processor.py:183} INFO - Processing /home/airflow/.local/lib/python3.12/site-packages/airflow/example_dags/example_branch_datetime_operator.py took 0.053 seconds
[2025-07-24T20:46:52.370+0000] {processor.py:161} INFO - Started process (PID=488) to work on /home/airflow/.local/lib/python3.12/site-packages/airflow/example_dags/example_branch_datetime_operator.py
[2025-07-24T20:46:52.371+0000] {processor.py:830} INFO - Processing file /home/airflow/.local/lib/python3.12/site-packages/airflow/example_dags/example_branch_datetime_operator.py for tasks to queue
[2025-07-24T20:46:52.372+0000] {logging_mixin.py:188} INFO - [2025-07-24T20:46:52.372+0000] {dagbag.py:545} INFO - Filling up the DagBag from /home/airflow/.local/lib/python3.12/site-packages/airflow/example_dags/example_branch_datetime_operator.py
[2025-07-24T20:46:52.378+0000] {processor.py:840} INFO - DAG(s) 'example_branch_datetime_operator_3', 'example_branch_datetime_operator_2', 'example_branch_datetime_operator' retrieved from /home/airflow/.local/lib/python3.12/site-packages/airflow/example_dags/example_branch_datetime_operator.py
[2025-07-24T20:46:52.392+0000] {logging_mixin.py:188} INFO - [2025-07-24T20:46:52.392+0000] {dag.py:3096} INFO - Sync 3 DAGs
[2025-07-24T20:46:52.405+0000] {logging_mixin.py:188} INFO - [2025-07-24T20:46:52.405+0000] {dag.py:3954} INFO - Setting next_dagrun for example_branch_datetime_operator to 2025-07-23 00:00:00+00:00, run_after=2025-07-24 00:00:00+00:00
[2025-07-24T20:46:52.408+0000] {logging_mixin.py:188} INFO - [2025-07-24T20:46:52.407+0000] {dag.py:3954} INFO - Setting next_dagrun for example_branch_datetime_operator_2 to 2025-07-23 00:00:00+00:00, run_after=2025-07-24 00:00:00+00:00
[2025-07-24T20:46:52.409+0000] {logging_mixin.py:188} INFO - [2025-07-24T20:46:52.409+0000] {dag.py:3954} INFO - Setting next_dagrun for example_branch_datetime_operator_3 to 2025-07-23 00:00:00+00:00, run_after=2025-07-24 00:00:00+00:00
[2025-07-24T20:46:52.417+0000] {processor.py:183} INFO - Processing /home/airflow/.local/lib/python3.12/site-packages/airflow/example_dags/example_branch_datetime_operator.py took 0.051 seconds
[2025-07-24T20:47:23.140+0000] {processor.py:161} INFO - Started process (PID=546) to work on /home/airflow/.local/lib/python3.12/site-packages/airflow/example_dags/example_branch_datetime_operator.py
[2025-07-24T20:47:23.140+0000] {processor.py:830} INFO - Processing file /home/airflow/.local/lib/python3.12/site-packages/airflow/example_dags/example_branch_datetime_operator.py for tasks to queue
[2025-07-24T20:47:23.141+0000] {logging_mixin.py:188} INFO - [2025-07-24T20:47:23.141+0000] {dagbag.py:545} INFO - Filling up the DagBag from /home/airflow/.local/lib/python3.12/site-packages/airflow/example_dags/example_branch_datetime_operator.py
[2025-07-24T20:47:23.147+0000] {processor.py:840} INFO - DAG(s) 'example_branch_datetime_operator_3', 'example_branch_datetime_operator_2', 'example_branch_datetime_operator' retrieved from /home/airflow/.local/lib/python3.12/site-packages/airflow/example_dags/example_branch_datetime_operator.py
[2025-07-24T20:47:23.161+0000] {logging_mixin.py:188} INFO - [2025-07-24T20:47:23.160+0000] {dag.py:3096} INFO - Sync 3 DAGs
[2025-07-24T20:47:23.172+0000] {logging_mixin.py:188} INFO - [2025-07-24T20:47:23.171+0000] {dag.py:3954} INFO - Setting next_dagrun for example_branch_datetime_operator to 2025-07-23 00:00:00+00:00, run_after=2025-07-24 00:00:00+00:00
[2025-07-24T20:47:23.174+0000] {logging_mixin.py:188} INFO - [2025-07-24T20:47:23.174+0000] {dag.py:3954} INFO - Setting next_dagrun for example_branch_datetime_operator_2 to 2025-07-23 00:00:00+00:00, run_after=2025-07-24 00:00:00+00:00
[2025-07-24T20:47:23.175+0000] {logging_mixin.py:188} INFO - [2025-07-24T20:47:23.175+0000] {dag.py:3954} INFO - Setting next_dagrun for example_branch_datetime_operator_3 to 2025-07-23 00:00:00+00:00, run_after=2025-07-24 00:00:00+00:00
[2025-07-24T20:47:23.182+0000] {processor.py:183} INFO - Processing /home/airflow/.local/lib/python3.12/site-packages/airflow/example_dags/example_branch_datetime_operator.py took 0.046 seconds
[2025-07-24T20:47:53.776+0000] {processor.py:161} INFO - Started process (PID=604) to work on /home/airflow/.local/lib/python3.12/site-packages/airflow/example_dags/example_branch_datetime_operator.py
[2025-07-24T20:47:53.776+0000] {processor.py:830} INFO - Processing file /home/airflow/.local/lib/python3.12/site-packages/airflow/example_dags/example_branch_datetime_operator.py for tasks to queue
[2025-07-24T20:47:53.777+0000] {logging_mixin.py:188} INFO - [2025-07-24T20:47:53.777+0000] {dagbag.py:545} INFO - Filling up the DagBag from /home/airflow/.local/lib/python3.12/site-packages/airflow/example_dags/example_branch_datetime_operator.py
[2025-07-24T20:47:53.782+0000] {processor.py:840} INFO - DAG(s) 'example_branch_datetime_operator_3', 'example_branch_datetime_operator_2', 'example_branch_datetime_operator' retrieved from /home/airflow/.local/lib/python3.12/site-packages/airflow/example_dags/example_branch_datetime_operator.py
[2025-07-24T20:47:53.795+0000] {logging_mixin.py:188} INFO - [2025-07-24T20:47:53.794+0000] {dag.py:3096} INFO - Sync 3 DAGs
[2025-07-24T20:47:53.806+0000] {logging_mixin.py:188} INFO - [2025-07-24T20:47:53.806+0000] {dag.py:3954} INFO - Setting next_dagrun for example_branch_datetime_operator to 2025-07-23 00:00:00+00:00, run_after=2025-07-24 00:00:00+00:00
[2025-07-24T20:47:53.808+0000] {logging_mixin.py:188} INFO - [2025-07-24T20:47:53.808+0000] {dag.py:3954} INFO - Setting next_dagrun for example_branch_datetime_operator_2 to 2025-07-23 00:00:00+00:00, run_after=2025-07-24 00:00:00+00:00
[2025-07-24T20:47:53.809+0000] {logging_mixin.py:188} INFO - [2025-07-24T20:47:53.809+0000] {dag.py:3954} INFO - Setting next_dagrun for example_branch_datetime_operator_3 to 2025-07-23 00:00:00+00:00, run_after=2025-07-24 00:00:00+00:00
[2025-07-24T20:47:53.817+0000] {processor.py:183} INFO - Processing /home/airflow/.local/lib/python3.12/site-packages/airflow/example_dags/example_branch_datetime_operator.py took 0.044 seconds
[2025-07-24T20:48:24.353+0000] {processor.py:161} INFO - Started process (PID=662) to work on /home/airflow/.local/lib/python3.12/site-packages/airflow/example_dags/example_branch_datetime_operator.py
[2025-07-24T20:48:24.354+0000] {processor.py:830} INFO - Processing file /home/airflow/.local/lib/python3.12/site-packages/airflow/example_dags/example_branch_datetime_operator.py for tasks to queue
[2025-07-24T20:48:24.355+0000] {logging_mixin.py:188} INFO - [2025-07-24T20:48:24.355+0000] {dagbag.py:545} INFO - Filling up the DagBag from /home/airflow/.local/lib/python3.12/site-packages/airflow/example_dags/example_branch_datetime_operator.py
[2025-07-24T20:48:24.361+0000] {processor.py:840} INFO - DAG(s) 'example_branch_datetime_operator_3', 'example_branch_datetime_operator', 'example_branch_datetime_operator_2' retrieved from /home/airflow/.local/lib/python3.12/site-packages/airflow/example_dags/example_branch_datetime_operator.py
[2025-07-24T20:48:24.375+0000] {logging_mixin.py:188} INFO - [2025-07-24T20:48:24.375+0000] {dag.py:3096} INFO - Sync 3 DAGs
[2025-07-24T20:48:24.388+0000] {logging_mixin.py:188} INFO - [2025-07-24T20:48:24.388+0000] {dag.py:3954} INFO - Setting next_dagrun for example_branch_datetime_operator to 2025-07-23 00:00:00+00:00, run_after=2025-07-24 00:00:00+00:00
[2025-07-24T20:48:24.391+0000] {logging_mixin.py:188} INFO - [2025-07-24T20:48:24.391+0000] {dag.py:3954} INFO - Setting next_dagrun for example_branch_datetime_operator_2 to 2025-07-23 00:00:00+00:00, run_after=2025-07-24 00:00:00+00:00
[2025-07-24T20:48:24.392+0000] {logging_mixin.py:188} INFO - [2025-07-24T20:48:24.392+0000] {dag.py:3954} INFO - Setting next_dagrun for example_branch_datetime_operator_3 to 2025-07-23 00:00:00+00:00, run_after=2025-07-24 00:00:00+00:00
[2025-07-24T20:48:24.400+0000] {processor.py:183} INFO - Processing /home/airflow/.local/lib/python3.12/site-packages/airflow/example_dags/example_branch_datetime_operator.py took 0.051 seconds
[2025-07-24T20:48:54.990+0000] {processor.py:161} INFO - Started process (PID=720) to work on /home/airflow/.local/lib/python3.12/site-packages/airflow/example_dags/example_branch_datetime_operator.py
[2025-07-24T20:48:54.990+0000] {processor.py:830} INFO - Processing file /home/airflow/.local/lib/python3.12/site-packages/airflow/example_dags/example_branch_datetime_operator.py for tasks to queue
[2025-07-24T20:48:54.991+0000] {logging_mixin.py:188} INFO - [2025-07-24T20:48:54.991+0000] {dagbag.py:545} INFO - Filling up the DagBag from /home/airflow/.local/lib/python3.12/site-packages/airflow/example_dags/example_branch_datetime_operator.py
[2025-07-24T20:48:54.997+0000] {processor.py:840} INFO - DAG(s) 'example_branch_datetime_operator', 'example_branch_datetime_operator_2', 'example_branch_datetime_operator_3' retrieved from /home/airflow/.local/lib/python3.12/site-packages/airflow/example_dags/example_branch_datetime_operator.py
[2025-07-24T20:48:55.010+0000] {logging_mixin.py:188} INFO - [2025-07-24T20:48:55.010+0000] {dag.py:3096} INFO - Sync 3 DAGs
[2025-07-24T20:48:55.023+0000] {logging_mixin.py:188} INFO - [2025-07-24T20:48:55.023+0000] {dag.py:3954} INFO - Setting next_dagrun for example_branch_datetime_operator to 2025-07-23 00:00:00+00:00, run_after=2025-07-24 00:00:00+00:00
[2025-07-24T20:48:55.025+0000] {logging_mixin.py:188} INFO - [2025-07-24T20:48:55.025+0000] {dag.py:3954} INFO - Setting next_dagrun for example_branch_datetime_operator_2 to 2025-07-23 00:00:00+00:00, run_after=2025-07-24 00:00:00+00:00
[2025-07-24T20:48:55.026+0000] {logging_mixin.py:188} INFO - [2025-07-24T20:48:55.026+0000] {dag.py:3954} INFO - Setting next_dagrun for example_branch_datetime_operator_3 to 2025-07-23 00:00:00+00:00, run_after=2025-07-24 00:00:00+00:00
[2025-07-24T20:48:55.034+0000] {processor.py:183} INFO - Processing /home/airflow/.local/lib/python3.12/site-packages/airflow/example_dags/example_branch_datetime_operator.py took 0.048 seconds
[2025-07-24T20:49:25.611+0000] {processor.py:161} INFO - Started process (PID=778) to work on /home/airflow/.local/lib/python3.12/site-packages/airflow/example_dags/example_branch_datetime_operator.py
[2025-07-24T20:49:25.612+0000] {processor.py:830} INFO - Processing file /home/airflow/.local/lib/python3.12/site-packages/airflow/example_dags/example_branch_datetime_operator.py for tasks to queue
[2025-07-24T20:49:25.613+0000] {logging_mixin.py:188} INFO - [2025-07-24T20:49:25.613+0000] {dagbag.py:545} INFO - Filling up the DagBag from /home/airflow/.local/lib/python3.12/site-packages/airflow/example_dags/example_branch_datetime_operator.py
[2025-07-24T20:49:25.619+0000] {processor.py:840} INFO - DAG(s) 'example_branch_datetime_operator', 'example_branch_datetime_operator_3', 'example_branch_datetime_operator_2' retrieved from /home/airflow/.local/lib/python3.12/site-packages/airflow/example_dags/example_branch_datetime_operator.py
[2025-07-24T20:49:25.631+0000] {logging_mixin.py:188} INFO - [2025-07-24T20:49:25.631+0000] {dag.py:3096} INFO - Sync 3 DAGs
[2025-07-24T20:49:25.643+0000] {logging_mixin.py:188} INFO - [2025-07-24T20:49:25.643+0000] {dag.py:3954} INFO - Setting next_dagrun for example_branch_datetime_operator to 2025-07-23 00:00:00+00:00, run_after=2025-07-24 00:00:00+00:00
[2025-07-24T20:49:25.645+0000] {logging_mixin.py:188} INFO - [2025-07-24T20:49:25.645+0000] {dag.py:3954} INFO - Setting next_dagrun for example_branch_datetime_operator_2 to 2025-07-23 00:00:00+00:00, run_after=2025-07-24 00:00:00+00:00
[2025-07-24T20:49:25.646+0000] {logging_mixin.py:188} INFO - [2025-07-24T20:49:25.646+0000] {dag.py:3954} INFO - Setting next_dagrun for example_branch_datetime_operator_3 to 2025-07-23 00:00:00+00:00, run_after=2025-07-24 00:00:00+00:00
[2025-07-24T20:49:25.654+0000] {processor.py:183} INFO - Processing /home/airflow/.local/lib/python3.12/site-packages/airflow/example_dags/example_branch_datetime_operator.py took 0.046 seconds
[2025-07-24T20:49:56.248+0000] {processor.py:161} INFO - Started process (PID=836) to work on /home/airflow/.local/lib/python3.12/site-packages/airflow/example_dags/example_branch_datetime_operator.py
[2025-07-24T20:49:56.248+0000] {processor.py:830} INFO - Processing file /home/airflow/.local/lib/python3.12/site-packages/airflow/example_dags/example_branch_datetime_operator.py for tasks to queue
[2025-07-24T20:49:56.250+0000] {logging_mixin.py:188} INFO - [2025-07-24T20:49:56.249+0000] {dagbag.py:545} INFO - Filling up the DagBag from /home/airflow/.local/lib/python3.12/site-packages/airflow/example_dags/example_branch_datetime_operator.py
[2025-07-24T20:49:56.256+0000] {processor.py:840} INFO - DAG(s) 'example_branch_datetime_operator', 'example_branch_datetime_operator_3', 'example_branch_datetime_operator_2' retrieved from /home/airflow/.local/lib/python3.12/site-packages/airflow/example_dags/example_branch_datetime_operator.py
[2025-07-24T20:49:56.270+0000] {logging_mixin.py:188} INFO - [2025-07-24T20:49:56.270+0000] {dag.py:3096} INFO - Sync 3 DAGs
[2025-07-24T20:49:56.283+0000] {logging_mixin.py:188} INFO - [2025-07-24T20:49:56.283+0000] {dag.py:3954} INFO - Setting next_dagrun for example_branch_datetime_operator to 2025-07-23 00:00:00+00:00, run_after=2025-07-24 00:00:00+00:00
[2025-07-24T20:49:56.286+0000] {logging_mixin.py:188} INFO - [2025-07-24T20:49:56.286+0000] {dag.py:3954} INFO - Setting next_dagrun for example_branch_datetime_operator_2 to 2025-07-23 00:00:00+00:00, run_after=2025-07-24 00:00:00+00:00
[2025-07-24T20:49:56.287+0000] {logging_mixin.py:188} INFO - [2025-07-24T20:49:56.287+0000] {dag.py:3954} INFO - Setting next_dagrun for example_branch_datetime_operator_3 to 2025-07-23 00:00:00+00:00, run_after=2025-07-24 00:00:00+00:00
[2025-07-24T20:49:56.296+0000] {processor.py:183} INFO - Processing /home/airflow/.local/lib/python3.12/site-packages/airflow/example_dags/example_branch_datetime_operator.py took 0.052 seconds
[2025-07-24T20:50:27.051+0000] {processor.py:161} INFO - Started process (PID=894) to work on /home/airflow/.local/lib/python3.12/site-packages/airflow/example_dags/example_branch_datetime_operator.py
[2025-07-24T20:50:27.052+0000] {processor.py:830} INFO - Processing file /home/airflow/.local/lib/python3.12/site-packages/airflow/example_dags/example_branch_datetime_operator.py for tasks to queue
[2025-07-24T20:50:27.053+0000] {logging_mixin.py:188} INFO - [2025-07-24T20:50:27.053+0000] {dagbag.py:545} INFO - Filling up the DagBag from /home/airflow/.local/lib/python3.12/site-packages/airflow/example_dags/example_branch_datetime_operator.py
[2025-07-24T20:50:27.060+0000] {processor.py:840} INFO - DAG(s) 'example_branch_datetime_operator', 'example_branch_datetime_operator_3', 'example_branch_datetime_operator_2' retrieved from /home/airflow/.local/lib/python3.12/site-packages/airflow/example_dags/example_branch_datetime_operator.py
[2025-07-24T20:50:27.077+0000] {logging_mixin.py:188} INFO - [2025-07-24T20:50:27.077+0000] {dag.py:3096} INFO - Sync 3 DAGs
[2025-07-24T20:50:27.092+0000] {logging_mixin.py:188} INFO - [2025-07-24T20:50:27.092+0000] {dag.py:3954} INFO - Setting next_dagrun for example_branch_datetime_operator to 2025-07-23 00:00:00+00:00, run_after=2025-07-24 00:00:00+00:00
[2025-07-24T20:50:27.096+0000] {logging_mixin.py:188} INFO - [2025-07-24T20:50:27.096+0000] {dag.py:3954} INFO - Setting next_dagrun for example_branch_datetime_operator_2 to 2025-07-23 00:00:00+00:00, run_after=2025-07-24 00:00:00+00:00
[2025-07-24T20:50:27.097+0000] {logging_mixin.py:188} INFO - [2025-07-24T20:50:27.097+0000] {dag.py:3954} INFO - Setting next_dagrun for example_branch_datetime_operator_3 to 2025-07-23 00:00:00+00:00, run_after=2025-07-24 00:00:00+00:00
[2025-07-24T20:50:27.108+0000] {processor.py:183} INFO - Processing /home/airflow/.local/lib/python3.12/site-packages/airflow/example_dags/example_branch_datetime_operator.py took 0.061 seconds
[2025-07-24T20:50:57.144+0000] {processor.py:161} INFO - Started process (PID=951) to work on /home/airflow/.local/lib/python3.12/site-packages/airflow/example_dags/example_branch_datetime_operator.py
[2025-07-24T20:50:57.144+0000] {processor.py:830} INFO - Processing file /home/airflow/.local/lib/python3.12/site-packages/airflow/example_dags/example_branch_datetime_operator.py for tasks to queue
[2025-07-24T20:50:57.145+0000] {logging_mixin.py:188} INFO - [2025-07-24T20:50:57.145+0000] {dagbag.py:545} INFO - Filling up the DagBag from /home/airflow/.local/lib/python3.12/site-packages/airflow/example_dags/example_branch_datetime_operator.py
[2025-07-24T20:50:57.151+0000] {processor.py:840} INFO - DAG(s) 'example_branch_datetime_operator_3', 'example_branch_datetime_operator', 'example_branch_datetime_operator_2' retrieved from /home/airflow/.local/lib/python3.12/site-packages/airflow/example_dags/example_branch_datetime_operator.py
[2025-07-24T20:50:57.166+0000] {logging_mixin.py:188} INFO - [2025-07-24T20:50:57.166+0000] {dag.py:3096} INFO - Sync 3 DAGs
[2025-07-24T20:50:57.179+0000] {logging_mixin.py:188} INFO - [2025-07-24T20:50:57.179+0000] {dag.py:3954} INFO - Setting next_dagrun for example_branch_datetime_operator to 2025-07-23 00:00:00+00:00, run_after=2025-07-24 00:00:00+00:00
[2025-07-24T20:50:57.182+0000] {logging_mixin.py:188} INFO - [2025-07-24T20:50:57.182+0000] {dag.py:3954} INFO - Setting next_dagrun for example_branch_datetime_operator_2 to 2025-07-23 00:00:00+00:00, run_after=2025-07-24 00:00:00+00:00
[2025-07-24T20:50:57.183+0000] {logging_mixin.py:188} INFO - [2025-07-24T20:50:57.183+0000] {dag.py:3954} INFO - Setting next_dagrun for example_branch_datetime_operator_3 to 2025-07-23 00:00:00+00:00, run_after=2025-07-24 00:00:00+00:00
[2025-07-24T20:50:57.192+0000] {processor.py:183} INFO - Processing /home/airflow/.local/lib/python3.12/site-packages/airflow/example_dags/example_branch_datetime_operator.py took 0.051 seconds
[2025-07-24T20:51:27.851+0000] {processor.py:161} INFO - Started process (PID=1009) to work on /home/airflow/.local/lib/python3.12/site-packages/airflow/example_dags/example_branch_datetime_operator.py
[2025-07-24T20:51:27.852+0000] {processor.py:830} INFO - Processing file /home/airflow/.local/lib/python3.12/site-packages/airflow/example_dags/example_branch_datetime_operator.py for tasks to queue
[2025-07-24T20:51:27.853+0000] {logging_mixin.py:188} INFO - [2025-07-24T20:51:27.853+0000] {dagbag.py:545} INFO - Filling up the DagBag from /home/airflow/.local/lib/python3.12/site-packages/airflow/example_dags/example_branch_datetime_operator.py
[2025-07-24T20:51:27.859+0000] {processor.py:840} INFO - DAG(s) 'example_branch_datetime_operator', 'example_branch_datetime_operator_2', 'example_branch_datetime_operator_3' retrieved from /home/airflow/.local/lib/python3.12/site-packages/airflow/example_dags/example_branch_datetime_operator.py
[2025-07-24T20:51:27.876+0000] {logging_mixin.py:188} INFO - [2025-07-24T20:51:27.876+0000] {dag.py:3096} INFO - Sync 3 DAGs
[2025-07-24T20:51:27.889+0000] {logging_mixin.py:188} INFO - [2025-07-24T20:51:27.888+0000] {dag.py:3954} INFO - Setting next_dagrun for example_branch_datetime_operator to 2025-07-23 00:00:00+00:00, run_after=2025-07-24 00:00:00+00:00
[2025-07-24T20:51:27.891+0000] {logging_mixin.py:188} INFO - [2025-07-24T20:51:27.891+0000] {dag.py:3954} INFO - Setting next_dagrun for example_branch_datetime_operator_2 to 2025-07-23 00:00:00+00:00, run_after=2025-07-24 00:00:00+00:00
[2025-07-24T20:51:27.892+0000] {logging_mixin.py:188} INFO - [2025-07-24T20:51:27.892+0000] {dag.py:3954} INFO - Setting next_dagrun for example_branch_datetime_operator_3 to 2025-07-23 00:00:00+00:00, run_after=2025-07-24 00:00:00+00:00
[2025-07-24T20:51:27.901+0000] {processor.py:183} INFO - Processing /home/airflow/.local/lib/python3.12/site-packages/airflow/example_dags/example_branch_datetime_operator.py took 0.054 seconds
[2025-07-24T20:51:58.589+0000] {processor.py:161} INFO - Started process (PID=1067) to work on /home/airflow/.local/lib/python3.12/site-packages/airflow/example_dags/example_branch_datetime_operator.py
[2025-07-24T20:51:58.590+0000] {processor.py:830} INFO - Processing file /home/airflow/.local/lib/python3.12/site-packages/airflow/example_dags/example_branch_datetime_operator.py for tasks to queue
[2025-07-24T20:51:58.591+0000] {logging_mixin.py:188} INFO - [2025-07-24T20:51:58.591+0000] {dagbag.py:545} INFO - Filling up the DagBag from /home/airflow/.local/lib/python3.12/site-packages/airflow/example_dags/example_branch_datetime_operator.py
[2025-07-24T20:51:58.597+0000] {processor.py:840} INFO - DAG(s) 'example_branch_datetime_operator_2', 'example_branch_datetime_operator_3', 'example_branch_datetime_operator' retrieved from /home/airflow/.local/lib/python3.12/site-packages/airflow/example_dags/example_branch_datetime_operator.py
[2025-07-24T20:51:58.612+0000] {logging_mixin.py:188} INFO - [2025-07-24T20:51:58.612+0000] {dag.py:3096} INFO - Sync 3 DAGs
[2025-07-24T20:51:58.625+0000] {logging_mixin.py:188} INFO - [2025-07-24T20:51:58.625+0000] {dag.py:3954} INFO - Setting next_dagrun for example_branch_datetime_operator to 2025-07-23 00:00:00+00:00, run_after=2025-07-24 00:00:00+00:00
[2025-07-24T20:51:58.628+0000] {logging_mixin.py:188} INFO - [2025-07-24T20:51:58.628+0000] {dag.py:3954} INFO - Setting next_dagrun for example_branch_datetime_operator_2 to 2025-07-23 00:00:00+00:00, run_after=2025-07-24 00:00:00+00:00
[2025-07-24T20:51:58.629+0000] {logging_mixin.py:188} INFO - [2025-07-24T20:51:58.629+0000] {dag.py:3954} INFO - Setting next_dagrun for example_branch_datetime_operator_3 to 2025-07-23 00:00:00+00:00, run_after=2025-07-24 00:00:00+00:00
[2025-07-24T20:51:58.638+0000] {processor.py:183} INFO - Processing /home/airflow/.local/lib/python3.12/site-packages/airflow/example_dags/example_branch_datetime_operator.py took 0.052 seconds
[2025-07-24T20:52:29.278+0000] {processor.py:161} INFO - Started process (PID=1125) to work on /home/airflow/.local/lib/python3.12/site-packages/airflow/example_dags/example_branch_datetime_operator.py
[2025-07-24T20:52:29.278+0000] {processor.py:830} INFO - Processing file /home/airflow/.local/lib/python3.12/site-packages/airflow/example_dags/example_branch_datetime_operator.py for tasks to queue
[2025-07-24T20:52:29.279+0000] {logging_mixin.py:188} INFO - [2025-07-24T20:52:29.279+0000] {dagbag.py:545} INFO - Filling up the DagBag from /home/airflow/.local/lib/python3.12/site-packages/airflow/example_dags/example_branch_datetime_operator.py
[2025-07-24T20:52:29.285+0000] {processor.py:840} INFO - DAG(s) 'example_branch_datetime_operator_2', 'example_branch_datetime_operator_3', 'example_branch_datetime_operator' retrieved from /home/airflow/.local/lib/python3.12/site-packages/airflow/example_dags/example_branch_datetime_operator.py
[2025-07-24T20:52:29.301+0000] {logging_mixin.py:188} INFO - [2025-07-24T20:52:29.301+0000] {dag.py:3096} INFO - Sync 3 DAGs
[2025-07-24T20:52:29.315+0000] {logging_mixin.py:188} INFO - [2025-07-24T20:52:29.315+0000] {dag.py:3954} INFO - Setting next_dagrun for example_branch_datetime_operator to 2025-07-23 00:00:00+00:00, run_after=2025-07-24 00:00:00+00:00
[2025-07-24T20:52:29.318+0000] {logging_mixin.py:188} INFO - [2025-07-24T20:52:29.318+0000] {dag.py:3954} INFO - Setting next_dagrun for example_branch_datetime_operator_2 to 2025-07-23 00:00:00+00:00, run_after=2025-07-24 00:00:00+00:00
[2025-07-24T20:52:29.319+0000] {logging_mixin.py:188} INFO - [2025-07-24T20:52:29.319+0000] {dag.py:3954} INFO - Setting next_dagrun for example_branch_datetime_operator_3 to 2025-07-23 00:00:00+00:00, run_after=2025-07-24 00:00:00+00:00
[2025-07-24T20:52:29.329+0000] {processor.py:183} INFO - Processing /home/airflow/.local/lib/python3.12/site-packages/airflow/example_dags/example_branch_datetime_operator.py took 0.055 seconds
[2025-07-24T20:53:00.039+0000] {processor.py:161} INFO - Started process (PID=1183) to work on /home/airflow/.local/lib/python3.12/site-packages/airflow/example_dags/example_branch_datetime_operator.py
[2025-07-24T20:53:00.040+0000] {processor.py:830} INFO - Processing file /home/airflow/.local/lib/python3.12/site-packages/airflow/example_dags/example_branch_datetime_operator.py for tasks to queue
[2025-07-24T20:53:00.041+0000] {logging_mixin.py:188} INFO - [2025-07-24T20:53:00.040+0000] {dagbag.py:545} INFO - Filling up the DagBag from /home/airflow/.local/lib/python3.12/site-packages/airflow/example_dags/example_branch_datetime_operator.py
[2025-07-24T20:53:00.047+0000] {processor.py:840} INFO - DAG(s) 'example_branch_datetime_operator_3', 'example_branch_datetime_operator', 'example_branch_datetime_operator_2' retrieved from /home/airflow/.local/lib/python3.12/site-packages/airflow/example_dags/example_branch_datetime_operator.py
[2025-07-24T20:53:00.061+0000] {logging_mixin.py:188} INFO - [2025-07-24T20:53:00.061+0000] {dag.py:3096} INFO - Sync 3 DAGs
[2025-07-24T20:53:00.076+0000] {logging_mixin.py:188} INFO - [2025-07-24T20:53:00.076+0000] {dag.py:3954} INFO - Setting next_dagrun for example_branch_datetime_operator to 2025-07-23 00:00:00+00:00, run_after=2025-07-24 00:00:00+00:00
[2025-07-24T20:53:00.079+0000] {logging_mixin.py:188} INFO - [2025-07-24T20:53:00.079+0000] {dag.py:3954} INFO - Setting next_dagrun for example_branch_datetime_operator_2 to 2025-07-23 00:00:00+00:00, run_after=2025-07-24 00:00:00+00:00
[2025-07-24T20:53:00.080+0000] {logging_mixin.py:188} INFO - [2025-07-24T20:53:00.080+0000] {dag.py:3954} INFO - Setting next_dagrun for example_branch_datetime_operator_3 to 2025-07-23 00:00:00+00:00, run_after=2025-07-24 00:00:00+00:00
[2025-07-24T20:53:00.089+0000] {processor.py:183} INFO - Processing /home/airflow/.local/lib/python3.12/site-packages/airflow/example_dags/example_branch_datetime_operator.py took 0.054 seconds
[2025-07-24T20:53:30.266+0000] {processor.py:161} INFO - Started process (PID=1241) to work on /home/airflow/.local/lib/python3.12/site-packages/airflow/example_dags/example_branch_datetime_operator.py
[2025-07-24T20:53:30.267+0000] {processor.py:830} INFO - Processing file /home/airflow/.local/lib/python3.12/site-packages/airflow/example_dags/example_branch_datetime_operator.py for tasks to queue
[2025-07-24T20:53:30.268+0000] {logging_mixin.py:188} INFO - [2025-07-24T20:53:30.268+0000] {dagbag.py:545} INFO - Filling up the DagBag from /home/airflow/.local/lib/python3.12/site-packages/airflow/example_dags/example_branch_datetime_operator.py
[2025-07-24T20:53:30.273+0000] {processor.py:840} INFO - DAG(s) 'example_branch_datetime_operator_3', 'example_branch_datetime_operator_2', 'example_branch_datetime_operator' retrieved from /home/airflow/.local/lib/python3.12/site-packages/airflow/example_dags/example_branch_datetime_operator.py
[2025-07-24T20:53:30.287+0000] {logging_mixin.py:188} INFO - [2025-07-24T20:53:30.287+0000] {dag.py:3096} INFO - Sync 3 DAGs
[2025-07-24T20:53:30.299+0000] {logging_mixin.py:188} INFO - [2025-07-24T20:53:30.299+0000] {dag.py:3954} INFO - Setting next_dagrun for example_branch_datetime_operator to 2025-07-23 00:00:00+00:00, run_after=2025-07-24 00:00:00+00:00
[2025-07-24T20:53:30.302+0000] {logging_mixin.py:188} INFO - [2025-07-24T20:53:30.302+0000] {dag.py:3954} INFO - Setting next_dagrun for example_branch_datetime_operator_2 to 2025-07-23 00:00:00+00:00, run_after=2025-07-24 00:00:00+00:00
[2025-07-24T20:53:30.303+0000] {logging_mixin.py:188} INFO - [2025-07-24T20:53:30.303+0000] {dag.py:3954} INFO - Setting next_dagrun for example_branch_datetime_operator_3 to 2025-07-23 00:00:00+00:00, run_after=2025-07-24 00:00:00+00:00
[2025-07-24T20:53:30.311+0000] {processor.py:183} INFO - Processing /home/airflow/.local/lib/python3.12/site-packages/airflow/example_dags/example_branch_datetime_operator.py took 0.048 seconds
[2025-07-24T20:54:00.342+0000] {processor.py:161} INFO - Started process (PID=1299) to work on /home/airflow/.local/lib/python3.12/site-packages/airflow/example_dags/example_branch_datetime_operator.py
[2025-07-24T20:54:00.342+0000] {processor.py:830} INFO - Processing file /home/airflow/.local/lib/python3.12/site-packages/airflow/example_dags/example_branch_datetime_operator.py for tasks to queue
[2025-07-24T20:54:00.343+0000] {logging_mixin.py:188} INFO - [2025-07-24T20:54:00.343+0000] {dagbag.py:545} INFO - Filling up the DagBag from /home/airflow/.local/lib/python3.12/site-packages/airflow/example_dags/example_branch_datetime_operator.py
[2025-07-24T20:54:00.349+0000] {processor.py:840} INFO - DAG(s) 'example_branch_datetime_operator_2', 'example_branch_datetime_operator_3', 'example_branch_datetime_operator' retrieved from /home/airflow/.local/lib/python3.12/site-packages/airflow/example_dags/example_branch_datetime_operator.py
[2025-07-24T20:54:00.365+0000] {logging_mixin.py:188} INFO - [2025-07-24T20:54:00.365+0000] {dag.py:3096} INFO - Sync 3 DAGs
[2025-07-24T20:54:00.378+0000] {logging_mixin.py:188} INFO - [2025-07-24T20:54:00.378+0000] {dag.py:3954} INFO - Setting next_dagrun for example_branch_datetime_operator to 2025-07-23 00:00:00+00:00, run_after=2025-07-24 00:00:00+00:00
[2025-07-24T20:54:00.381+0000] {logging_mixin.py:188} INFO - [2025-07-24T20:54:00.381+0000] {dag.py:3954} INFO - Setting next_dagrun for example_branch_datetime_operator_2 to 2025-07-23 00:00:00+00:00, run_after=2025-07-24 00:00:00+00:00
[2025-07-24T20:54:00.382+0000] {logging_mixin.py:188} INFO - [2025-07-24T20:54:00.382+0000] {dag.py:3954} INFO - Setting next_dagrun for example_branch_datetime_operator_3 to 2025-07-23 00:00:00+00:00, run_after=2025-07-24 00:00:00+00:00
[2025-07-24T20:54:00.390+0000] {processor.py:183} INFO - Processing /home/airflow/.local/lib/python3.12/site-packages/airflow/example_dags/example_branch_datetime_operator.py took 0.052 seconds
[2025-07-24T20:54:30.443+0000] {processor.py:161} INFO - Started process (PID=1357) to work on /home/airflow/.local/lib/python3.12/site-packages/airflow/example_dags/example_branch_datetime_operator.py
[2025-07-24T20:54:30.443+0000] {processor.py:830} INFO - Processing file /home/airflow/.local/lib/python3.12/site-packages/airflow/example_dags/example_branch_datetime_operator.py for tasks to queue
[2025-07-24T20:54:30.444+0000] {logging_mixin.py:188} INFO - [2025-07-24T20:54:30.444+0000] {dagbag.py:545} INFO - Filling up the DagBag from /home/airflow/.local/lib/python3.12/site-packages/airflow/example_dags/example_branch_datetime_operator.py
[2025-07-24T20:54:30.450+0000] {processor.py:840} INFO - DAG(s) 'example_branch_datetime_operator', 'example_branch_datetime_operator_3', 'example_branch_datetime_operator_2' retrieved from /home/airflow/.local/lib/python3.12/site-packages/airflow/example_dags/example_branch_datetime_operator.py
[2025-07-24T20:54:30.464+0000] {logging_mixin.py:188} INFO - [2025-07-24T20:54:30.464+0000] {dag.py:3096} INFO - Sync 3 DAGs
[2025-07-24T20:54:30.478+0000] {logging_mixin.py:188} INFO - [2025-07-24T20:54:30.478+0000] {dag.py:3954} INFO - Setting next_dagrun for example_branch_datetime_operator to 2025-07-23 00:00:00+00:00, run_after=2025-07-24 00:00:00+00:00
[2025-07-24T20:54:30.481+0000] {logging_mixin.py:188} INFO - [2025-07-24T20:54:30.481+0000] {dag.py:3954} INFO - Setting next_dagrun for example_branch_datetime_operator_2 to 2025-07-23 00:00:00+00:00, run_after=2025-07-24 00:00:00+00:00
[2025-07-24T20:54:30.482+0000] {logging_mixin.py:188} INFO - [2025-07-24T20:54:30.482+0000] {dag.py:3954} INFO - Setting next_dagrun for example_branch_datetime_operator_3 to 2025-07-23 00:00:00+00:00, run_after=2025-07-24 00:00:00+00:00
[2025-07-24T20:54:30.491+0000] {processor.py:183} INFO - Processing /home/airflow/.local/lib/python3.12/site-packages/airflow/example_dags/example_branch_datetime_operator.py took 0.052 seconds
[2025-07-24T20:55:01.320+0000] {processor.py:161} INFO - Started process (PID=1415) to work on /home/airflow/.local/lib/python3.12/site-packages/airflow/example_dags/example_branch_datetime_operator.py
[2025-07-24T20:55:01.320+0000] {processor.py:830} INFO - Processing file /home/airflow/.local/lib/python3.12/site-packages/airflow/example_dags/example_branch_datetime_operator.py for tasks to queue
[2025-07-24T20:55:01.321+0000] {logging_mixin.py:188} INFO - [2025-07-24T20:55:01.321+0000] {dagbag.py:545} INFO - Filling up the DagBag from /home/airflow/.local/lib/python3.12/site-packages/airflow/example_dags/example_branch_datetime_operator.py
[2025-07-24T20:55:01.327+0000] {processor.py:840} INFO - DAG(s) 'example_branch_datetime_operator', 'example_branch_datetime_operator_2', 'example_branch_datetime_operator_3' retrieved from /home/airflow/.local/lib/python3.12/site-packages/airflow/example_dags/example_branch_datetime_operator.py
[2025-07-24T20:55:01.342+0000] {logging_mixin.py:188} INFO - [2025-07-24T20:55:01.342+0000] {dag.py:3096} INFO - Sync 3 DAGs
[2025-07-24T20:55:01.356+0000] {logging_mixin.py:188} INFO - [2025-07-24T20:55:01.356+0000] {dag.py:3954} INFO - Setting next_dagrun for example_branch_datetime_operator to 2025-07-23 00:00:00+00:00, run_after=2025-07-24 00:00:00+00:00
[2025-07-24T20:55:01.359+0000] {logging_mixin.py:188} INFO - [2025-07-24T20:55:01.359+0000] {dag.py:3954} INFO - Setting next_dagrun for example_branch_datetime_operator_2 to 2025-07-23 00:00:00+00:00, run_after=2025-07-24 00:00:00+00:00
[2025-07-24T20:55:01.360+0000] {logging_mixin.py:188} INFO - [2025-07-24T20:55:01.360+0000] {dag.py:3954} INFO - Setting next_dagrun for example_branch_datetime_operator_3 to 2025-07-23 00:00:00+00:00, run_after=2025-07-24 00:00:00+00:00
[2025-07-24T20:55:01.369+0000] {processor.py:183} INFO - Processing /home/airflow/.local/lib/python3.12/site-packages/airflow/example_dags/example_branch_datetime_operator.py took 0.053 seconds
[2025-07-24T20:55:32.152+0000] {processor.py:161} INFO - Started process (PID=1473) to work on /home/airflow/.local/lib/python3.12/site-packages/airflow/example_dags/example_branch_datetime_operator.py
[2025-07-24T20:55:32.152+0000] {processor.py:830} INFO - Processing file /home/airflow/.local/lib/python3.12/site-packages/airflow/example_dags/example_branch_datetime_operator.py for tasks to queue
[2025-07-24T20:55:32.154+0000] {logging_mixin.py:188} INFO - [2025-07-24T20:55:32.153+0000] {dagbag.py:545} INFO - Filling up the DagBag from /home/airflow/.local/lib/python3.12/site-packages/airflow/example_dags/example_branch_datetime_operator.py
[2025-07-24T20:55:32.159+0000] {processor.py:840} INFO - DAG(s) 'example_branch_datetime_operator_3', 'example_branch_datetime_operator', 'example_branch_datetime_operator_2' retrieved from /home/airflow/.local/lib/python3.12/site-packages/airflow/example_dags/example_branch_datetime_operator.py
[2025-07-24T20:55:32.174+0000] {logging_mixin.py:188} INFO - [2025-07-24T20:55:32.174+0000] {dag.py:3096} INFO - Sync 3 DAGs
[2025-07-24T20:55:32.186+0000] {logging_mixin.py:188} INFO - [2025-07-24T20:55:32.186+0000] {dag.py:3954} INFO - Setting next_dagrun for example_branch_datetime_operator to 2025-07-23 00:00:00+00:00, run_after=2025-07-24 00:00:00+00:00
[2025-07-24T20:55:32.188+0000] {logging_mixin.py:188} INFO - [2025-07-24T20:55:32.188+0000] {dag.py:3954} INFO - Setting next_dagrun for example_branch_datetime_operator_2 to 2025-07-23 00:00:00+00:00, run_after=2025-07-24 00:00:00+00:00
[2025-07-24T20:55:32.189+0000] {logging_mixin.py:188} INFO - [2025-07-24T20:55:32.189+0000] {dag.py:3954} INFO - Setting next_dagrun for example_branch_datetime_operator_3 to 2025-07-23 00:00:00+00:00, run_after=2025-07-24 00:00:00+00:00
[2025-07-24T20:55:32.198+0000] {processor.py:183} INFO - Processing /home/airflow/.local/lib/python3.12/site-packages/airflow/example_dags/example_branch_datetime_operator.py took 0.050 seconds
