[2025-07-24T20:31:48.775+0000] {processor.py:161} INFO - Started process (PID=73) to work on /home/airflow/.local/lib/python3.12/site-packages/airflow/example_dags/example_complex.py
[2025-07-24T20:31:48.775+0000] {processor.py:830} INFO - Processing file /home/airflow/.local/lib/python3.12/site-packages/airflow/example_dags/example_complex.py for tasks to queue
[2025-07-24T20:31:48.776+0000] {logging_mixin.py:188} INFO - [2025-07-24T20:31:48.776+0000] {dagbag.py:545} INFO - Filling up the DagBag from /home/airflow/.local/lib/python3.12/site-packages/airflow/example_dags/example_complex.py
[2025-07-24T20:31:48.783+0000] {processor.py:840} INFO - DAG(s) 'example_complex' retrieved from /home/airflow/.local/lib/python3.12/site-packages/airflow/example_dags/example_complex.py
[2025-07-24T20:31:48.791+0000] {logging_mixin.py:188} INFO - [2025-07-24T20:31:48.791+0000] {dag.py:3096} INFO - Sync 1 DAGs
[2025-07-24T20:31:48.799+0000] {logging_mixin.py:188} INFO - [2025-07-24T20:31:48.799+0000] {dag.py:3954} INFO - Setting next_dagrun for example_complex to None, run_after=None
[2025-07-24T20:31:48.809+0000] {processor.py:183} INFO - Processing /home/airflow/.local/lib/python3.12/site-packages/airflow/example_dags/example_complex.py took 0.039 seconds
[2025-07-24T20:32:20.286+0000] {processor.py:161} INFO - Started process (PID=131) to work on /home/airflow/.local/lib/python3.12/site-packages/airflow/example_dags/example_complex.py
[2025-07-24T20:32:20.286+0000] {processor.py:830} INFO - Processing file /home/airflow/.local/lib/python3.12/site-packages/airflow/example_dags/example_complex.py for tasks to queue
[2025-07-24T20:32:20.287+0000] {logging_mixin.py:188} INFO - [2025-07-24T20:32:20.287+0000] {dagbag.py:545} INFO - Filling up the DagBag from /home/airflow/.local/lib/python3.12/site-packages/airflow/example_dags/example_complex.py
[2025-07-24T20:32:20.292+0000] {processor.py:840} INFO - DAG(s) 'example_complex' retrieved from /home/airflow/.local/lib/python3.12/site-packages/airflow/example_dags/example_complex.py
[2025-07-24T20:32:20.350+0000] {logging_mixin.py:188} INFO - [2025-07-24T20:32:20.350+0000] {dag.py:3096} INFO - Sync 1 DAGs
[2025-07-24T20:32:20.356+0000] {logging_mixin.py:188} INFO - [2025-07-24T20:32:20.356+0000] {dag.py:3954} INFO - Setting next_dagrun for example_complex to None, run_after=None
[2025-07-24T20:32:20.365+0000] {processor.py:183} INFO - Processing /home/airflow/.local/lib/python3.12/site-packages/airflow/example_dags/example_complex.py took 0.082 seconds
[2025-07-24T20:32:50.860+0000] {processor.py:161} INFO - Started process (PID=189) to work on /home/airflow/.local/lib/python3.12/site-packages/airflow/example_dags/example_complex.py
[2025-07-24T20:32:50.861+0000] {processor.py:830} INFO - Processing file /home/airflow/.local/lib/python3.12/site-packages/airflow/example_dags/example_complex.py for tasks to queue
[2025-07-24T20:32:50.862+0000] {logging_mixin.py:188} INFO - [2025-07-24T20:32:50.861+0000] {dagbag.py:545} INFO - Filling up the DagBag from /home/airflow/.local/lib/python3.12/site-packages/airflow/example_dags/example_complex.py
[2025-07-24T20:32:50.867+0000] {processor.py:840} INFO - DAG(s) 'example_complex' retrieved from /home/airflow/.local/lib/python3.12/site-packages/airflow/example_dags/example_complex.py
[2025-07-24T20:32:50.883+0000] {logging_mixin.py:188} INFO - [2025-07-24T20:32:50.883+0000] {dag.py:3096} INFO - Sync 1 DAGs
[2025-07-24T20:32:50.890+0000] {logging_mixin.py:188} INFO - [2025-07-24T20:32:50.889+0000] {dag.py:3954} INFO - Setting next_dagrun for example_complex to None, run_after=None
[2025-07-24T20:32:50.899+0000] {processor.py:183} INFO - Processing /home/airflow/.local/lib/python3.12/site-packages/airflow/example_dags/example_complex.py took 0.042 seconds
[2025-07-24T20:33:21.630+0000] {processor.py:161} INFO - Started process (PID=247) to work on /home/airflow/.local/lib/python3.12/site-packages/airflow/example_dags/example_complex.py
[2025-07-24T20:33:21.630+0000] {processor.py:830} INFO - Processing file /home/airflow/.local/lib/python3.12/site-packages/airflow/example_dags/example_complex.py for tasks to queue
[2025-07-24T20:33:21.631+0000] {logging_mixin.py:188} INFO - [2025-07-24T20:33:21.631+0000] {dagbag.py:545} INFO - Filling up the DagBag from /home/airflow/.local/lib/python3.12/site-packages/airflow/example_dags/example_complex.py
[2025-07-24T20:33:21.636+0000] {processor.py:840} INFO - DAG(s) 'example_complex' retrieved from /home/airflow/.local/lib/python3.12/site-packages/airflow/example_dags/example_complex.py
[2025-07-24T20:33:21.656+0000] {logging_mixin.py:188} INFO - [2025-07-24T20:33:21.656+0000] {dag.py:3096} INFO - Sync 1 DAGs
[2025-07-24T20:33:21.662+0000] {logging_mixin.py:188} INFO - [2025-07-24T20:33:21.662+0000] {dag.py:3954} INFO - Setting next_dagrun for example_complex to None, run_after=None
[2025-07-24T20:33:21.672+0000] {processor.py:183} INFO - Processing /home/airflow/.local/lib/python3.12/site-packages/airflow/example_dags/example_complex.py took 0.046 seconds
[2025-07-24T20:33:52.387+0000] {processor.py:161} INFO - Started process (PID=305) to work on /home/airflow/.local/lib/python3.12/site-packages/airflow/example_dags/example_complex.py
[2025-07-24T20:33:52.388+0000] {processor.py:830} INFO - Processing file /home/airflow/.local/lib/python3.12/site-packages/airflow/example_dags/example_complex.py for tasks to queue
[2025-07-24T20:33:52.389+0000] {logging_mixin.py:188} INFO - [2025-07-24T20:33:52.389+0000] {dagbag.py:545} INFO - Filling up the DagBag from /home/airflow/.local/lib/python3.12/site-packages/airflow/example_dags/example_complex.py
[2025-07-24T20:33:52.394+0000] {processor.py:840} INFO - DAG(s) 'example_complex' retrieved from /home/airflow/.local/lib/python3.12/site-packages/airflow/example_dags/example_complex.py
[2025-07-24T20:33:52.410+0000] {logging_mixin.py:188} INFO - [2025-07-24T20:33:52.410+0000] {dag.py:3096} INFO - Sync 1 DAGs
[2025-07-24T20:33:52.417+0000] {logging_mixin.py:188} INFO - [2025-07-24T20:33:52.417+0000] {dag.py:3954} INFO - Setting next_dagrun for example_complex to None, run_after=None
[2025-07-24T20:33:52.426+0000] {processor.py:183} INFO - Processing /home/airflow/.local/lib/python3.12/site-packages/airflow/example_dags/example_complex.py took 0.042 seconds
[2025-07-24T20:34:23.107+0000] {processor.py:161} INFO - Started process (PID=363) to work on /home/airflow/.local/lib/python3.12/site-packages/airflow/example_dags/example_complex.py
[2025-07-24T20:34:23.108+0000] {processor.py:830} INFO - Processing file /home/airflow/.local/lib/python3.12/site-packages/airflow/example_dags/example_complex.py for tasks to queue
[2025-07-24T20:34:23.109+0000] {logging_mixin.py:188} INFO - [2025-07-24T20:34:23.108+0000] {dagbag.py:545} INFO - Filling up the DagBag from /home/airflow/.local/lib/python3.12/site-packages/airflow/example_dags/example_complex.py
[2025-07-24T20:34:23.114+0000] {processor.py:840} INFO - DAG(s) 'example_complex' retrieved from /home/airflow/.local/lib/python3.12/site-packages/airflow/example_dags/example_complex.py
[2025-07-24T20:34:23.132+0000] {logging_mixin.py:188} INFO - [2025-07-24T20:34:23.132+0000] {dag.py:3096} INFO - Sync 1 DAGs
[2025-07-24T20:34:23.140+0000] {logging_mixin.py:188} INFO - [2025-07-24T20:34:23.139+0000] {dag.py:3954} INFO - Setting next_dagrun for example_complex to None, run_after=None
[2025-07-24T20:34:23.150+0000] {processor.py:183} INFO - Processing /home/airflow/.local/lib/python3.12/site-packages/airflow/example_dags/example_complex.py took 0.047 seconds
[2025-07-24T20:34:53.884+0000] {processor.py:161} INFO - Started process (PID=421) to work on /home/airflow/.local/lib/python3.12/site-packages/airflow/example_dags/example_complex.py
[2025-07-24T20:34:53.884+0000] {processor.py:830} INFO - Processing file /home/airflow/.local/lib/python3.12/site-packages/airflow/example_dags/example_complex.py for tasks to queue
[2025-07-24T20:34:53.885+0000] {logging_mixin.py:188} INFO - [2025-07-24T20:34:53.885+0000] {dagbag.py:545} INFO - Filling up the DagBag from /home/airflow/.local/lib/python3.12/site-packages/airflow/example_dags/example_complex.py
[2025-07-24T20:34:53.890+0000] {processor.py:840} INFO - DAG(s) 'example_complex' retrieved from /home/airflow/.local/lib/python3.12/site-packages/airflow/example_dags/example_complex.py
[2025-07-24T20:34:53.907+0000] {logging_mixin.py:188} INFO - [2025-07-24T20:34:53.907+0000] {dag.py:3096} INFO - Sync 1 DAGs
[2025-07-24T20:34:53.913+0000] {logging_mixin.py:188} INFO - [2025-07-24T20:34:53.913+0000] {dag.py:3954} INFO - Setting next_dagrun for example_complex to None, run_after=None
[2025-07-24T20:34:53.922+0000] {processor.py:183} INFO - Processing /home/airflow/.local/lib/python3.12/site-packages/airflow/example_dags/example_complex.py took 0.042 seconds
[2025-07-24T20:35:24.621+0000] {processor.py:161} INFO - Started process (PID=479) to work on /home/airflow/.local/lib/python3.12/site-packages/airflow/example_dags/example_complex.py
[2025-07-24T20:35:24.621+0000] {processor.py:830} INFO - Processing file /home/airflow/.local/lib/python3.12/site-packages/airflow/example_dags/example_complex.py for tasks to queue
[2025-07-24T20:35:24.622+0000] {logging_mixin.py:188} INFO - [2025-07-24T20:35:24.622+0000] {dagbag.py:545} INFO - Filling up the DagBag from /home/airflow/.local/lib/python3.12/site-packages/airflow/example_dags/example_complex.py
[2025-07-24T20:35:24.627+0000] {processor.py:840} INFO - DAG(s) 'example_complex' retrieved from /home/airflow/.local/lib/python3.12/site-packages/airflow/example_dags/example_complex.py
[2025-07-24T20:35:24.643+0000] {logging_mixin.py:188} INFO - [2025-07-24T20:35:24.643+0000] {dag.py:3096} INFO - Sync 1 DAGs
[2025-07-24T20:35:24.649+0000] {logging_mixin.py:188} INFO - [2025-07-24T20:35:24.649+0000] {dag.py:3954} INFO - Setting next_dagrun for example_complex to None, run_after=None
[2025-07-24T20:35:24.657+0000] {processor.py:183} INFO - Processing /home/airflow/.local/lib/python3.12/site-packages/airflow/example_dags/example_complex.py took 0.040 seconds
[2025-07-24T20:36:44.554+0000] {processor.py:161} INFO - Started process (PID=66) to work on /home/airflow/.local/lib/python3.12/site-packages/airflow/example_dags/example_complex.py
[2025-07-24T20:36:44.554+0000] {processor.py:830} INFO - Processing file /home/airflow/.local/lib/python3.12/site-packages/airflow/example_dags/example_complex.py for tasks to queue
[2025-07-24T20:36:44.555+0000] {logging_mixin.py:188} INFO - [2025-07-24T20:36:44.555+0000] {dagbag.py:545} INFO - Filling up the DagBag from /home/airflow/.local/lib/python3.12/site-packages/airflow/example_dags/example_complex.py
[2025-07-24T20:36:44.561+0000] {processor.py:840} INFO - DAG(s) 'example_complex' retrieved from /home/airflow/.local/lib/python3.12/site-packages/airflow/example_dags/example_complex.py
[2025-07-24T20:36:44.568+0000] {logging_mixin.py:188} INFO - [2025-07-24T20:36:44.568+0000] {dag.py:3096} INFO - Sync 1 DAGs
[2025-07-24T20:36:44.576+0000] {logging_mixin.py:188} INFO - [2025-07-24T20:36:44.576+0000] {dag.py:3954} INFO - Setting next_dagrun for example_complex to None, run_after=None
[2025-07-24T20:36:44.587+0000] {processor.py:183} INFO - Processing /home/airflow/.local/lib/python3.12/site-packages/airflow/example_dags/example_complex.py took 0.036 seconds
[2025-07-24T20:37:15.129+0000] {processor.py:161} INFO - Started process (PID=124) to work on /home/airflow/.local/lib/python3.12/site-packages/airflow/example_dags/example_complex.py
[2025-07-24T20:37:15.130+0000] {processor.py:830} INFO - Processing file /home/airflow/.local/lib/python3.12/site-packages/airflow/example_dags/example_complex.py for tasks to queue
[2025-07-24T20:37:15.131+0000] {logging_mixin.py:188} INFO - [2025-07-24T20:37:15.131+0000] {dagbag.py:545} INFO - Filling up the DagBag from /home/airflow/.local/lib/python3.12/site-packages/airflow/example_dags/example_complex.py
[2025-07-24T20:37:15.136+0000] {processor.py:840} INFO - DAG(s) 'example_complex' retrieved from /home/airflow/.local/lib/python3.12/site-packages/airflow/example_dags/example_complex.py
[2025-07-24T20:37:15.143+0000] {logging_mixin.py:188} INFO - [2025-07-24T20:37:15.143+0000] {dag.py:3096} INFO - Sync 1 DAGs
[2025-07-24T20:37:15.150+0000] {logging_mixin.py:188} INFO - [2025-07-24T20:37:15.150+0000] {dag.py:3954} INFO - Setting next_dagrun for example_complex to None, run_after=None
[2025-07-24T20:37:15.160+0000] {processor.py:183} INFO - Processing /home/airflow/.local/lib/python3.12/site-packages/airflow/example_dags/example_complex.py took 0.034 seconds
[2025-07-24T20:37:46.466+0000] {processor.py:161} INFO - Started process (PID=182) to work on /home/airflow/.local/lib/python3.12/site-packages/airflow/example_dags/example_complex.py
[2025-07-24T20:37:46.466+0000] {processor.py:830} INFO - Processing file /home/airflow/.local/lib/python3.12/site-packages/airflow/example_dags/example_complex.py for tasks to queue
[2025-07-24T20:37:46.467+0000] {logging_mixin.py:188} INFO - [2025-07-24T20:37:46.467+0000] {dagbag.py:545} INFO - Filling up the DagBag from /home/airflow/.local/lib/python3.12/site-packages/airflow/example_dags/example_complex.py
[2025-07-24T20:37:46.473+0000] {processor.py:840} INFO - DAG(s) 'example_complex' retrieved from /home/airflow/.local/lib/python3.12/site-packages/airflow/example_dags/example_complex.py
[2025-07-24T20:37:46.538+0000] {logging_mixin.py:188} INFO - [2025-07-24T20:37:46.538+0000] {dag.py:3096} INFO - Sync 1 DAGs
[2025-07-24T20:37:46.544+0000] {logging_mixin.py:188} INFO - [2025-07-24T20:37:46.544+0000] {dag.py:3954} INFO - Setting next_dagrun for example_complex to None, run_after=None
[2025-07-24T20:37:46.554+0000] {processor.py:183} INFO - Processing /home/airflow/.local/lib/python3.12/site-packages/airflow/example_dags/example_complex.py took 0.092 seconds
[2025-07-24T20:38:16.627+0000] {processor.py:161} INFO - Started process (PID=240) to work on /home/airflow/.local/lib/python3.12/site-packages/airflow/example_dags/example_complex.py
[2025-07-24T20:38:16.627+0000] {processor.py:830} INFO - Processing file /home/airflow/.local/lib/python3.12/site-packages/airflow/example_dags/example_complex.py for tasks to queue
[2025-07-24T20:38:16.628+0000] {logging_mixin.py:188} INFO - [2025-07-24T20:38:16.628+0000] {dagbag.py:545} INFO - Filling up the DagBag from /home/airflow/.local/lib/python3.12/site-packages/airflow/example_dags/example_complex.py
[2025-07-24T20:38:16.634+0000] {processor.py:840} INFO - DAG(s) 'example_complex' retrieved from /home/airflow/.local/lib/python3.12/site-packages/airflow/example_dags/example_complex.py
[2025-07-24T20:38:16.651+0000] {logging_mixin.py:188} INFO - [2025-07-24T20:38:16.651+0000] {dag.py:3096} INFO - Sync 1 DAGs
[2025-07-24T20:38:16.659+0000] {logging_mixin.py:188} INFO - [2025-07-24T20:38:16.658+0000] {dag.py:3954} INFO - Setting next_dagrun for example_complex to None, run_after=None
[2025-07-24T20:38:16.669+0000] {processor.py:183} INFO - Processing /home/airflow/.local/lib/python3.12/site-packages/airflow/example_dags/example_complex.py took 0.045 seconds
[2025-07-24T20:38:47.340+0000] {processor.py:161} INFO - Started process (PID=298) to work on /home/airflow/.local/lib/python3.12/site-packages/airflow/example_dags/example_complex.py
[2025-07-24T20:38:47.340+0000] {processor.py:830} INFO - Processing file /home/airflow/.local/lib/python3.12/site-packages/airflow/example_dags/example_complex.py for tasks to queue
[2025-07-24T20:38:47.341+0000] {logging_mixin.py:188} INFO - [2025-07-24T20:38:47.341+0000] {dagbag.py:545} INFO - Filling up the DagBag from /home/airflow/.local/lib/python3.12/site-packages/airflow/example_dags/example_complex.py
[2025-07-24T20:38:47.347+0000] {processor.py:840} INFO - DAG(s) 'example_complex' retrieved from /home/airflow/.local/lib/python3.12/site-packages/airflow/example_dags/example_complex.py
[2025-07-24T20:38:47.364+0000] {logging_mixin.py:188} INFO - [2025-07-24T20:38:47.364+0000] {dag.py:3096} INFO - Sync 1 DAGs
[2025-07-24T20:38:47.371+0000] {logging_mixin.py:188} INFO - [2025-07-24T20:38:47.370+0000] {dag.py:3954} INFO - Setting next_dagrun for example_complex to None, run_after=None
[2025-07-24T20:38:47.381+0000] {processor.py:183} INFO - Processing /home/airflow/.local/lib/python3.12/site-packages/airflow/example_dags/example_complex.py took 0.044 seconds
[2025-07-24T20:39:18.130+0000] {processor.py:161} INFO - Started process (PID=362) to work on /home/airflow/.local/lib/python3.12/site-packages/airflow/example_dags/example_complex.py
[2025-07-24T20:39:18.130+0000] {processor.py:830} INFO - Processing file /home/airflow/.local/lib/python3.12/site-packages/airflow/example_dags/example_complex.py for tasks to queue
[2025-07-24T20:39:18.131+0000] {logging_mixin.py:188} INFO - [2025-07-24T20:39:18.131+0000] {dagbag.py:545} INFO - Filling up the DagBag from /home/airflow/.local/lib/python3.12/site-packages/airflow/example_dags/example_complex.py
[2025-07-24T20:39:18.137+0000] {processor.py:840} INFO - DAG(s) 'example_complex' retrieved from /home/airflow/.local/lib/python3.12/site-packages/airflow/example_dags/example_complex.py
[2025-07-24T20:39:18.153+0000] {logging_mixin.py:188} INFO - [2025-07-24T20:39:18.153+0000] {dag.py:3096} INFO - Sync 1 DAGs
[2025-07-24T20:39:18.161+0000] {logging_mixin.py:188} INFO - [2025-07-24T20:39:18.161+0000] {dag.py:3954} INFO - Setting next_dagrun for example_complex to None, run_after=None
[2025-07-24T20:39:18.170+0000] {processor.py:183} INFO - Processing /home/airflow/.local/lib/python3.12/site-packages/airflow/example_dags/example_complex.py took 0.044 seconds
[2025-07-24T20:39:48.832+0000] {processor.py:161} INFO - Started process (PID=420) to work on /home/airflow/.local/lib/python3.12/site-packages/airflow/example_dags/example_complex.py
[2025-07-24T20:39:48.833+0000] {processor.py:830} INFO - Processing file /home/airflow/.local/lib/python3.12/site-packages/airflow/example_dags/example_complex.py for tasks to queue
[2025-07-24T20:39:48.834+0000] {logging_mixin.py:188} INFO - [2025-07-24T20:39:48.834+0000] {dagbag.py:545} INFO - Filling up the DagBag from /home/airflow/.local/lib/python3.12/site-packages/airflow/example_dags/example_complex.py
[2025-07-24T20:39:48.839+0000] {processor.py:840} INFO - DAG(s) 'example_complex' retrieved from /home/airflow/.local/lib/python3.12/site-packages/airflow/example_dags/example_complex.py
[2025-07-24T20:39:48.855+0000] {logging_mixin.py:188} INFO - [2025-07-24T20:39:48.855+0000] {dag.py:3096} INFO - Sync 1 DAGs
[2025-07-24T20:39:48.861+0000] {logging_mixin.py:188} INFO - [2025-07-24T20:39:48.861+0000] {dag.py:3954} INFO - Setting next_dagrun for example_complex to None, run_after=None
[2025-07-24T20:39:48.870+0000] {processor.py:183} INFO - Processing /home/airflow/.local/lib/python3.12/site-packages/airflow/example_dags/example_complex.py took 0.041 seconds
[2025-07-24T20:40:19.524+0000] {processor.py:161} INFO - Started process (PID=478) to work on /home/airflow/.local/lib/python3.12/site-packages/airflow/example_dags/example_complex.py
[2025-07-24T20:40:19.525+0000] {processor.py:830} INFO - Processing file /home/airflow/.local/lib/python3.12/site-packages/airflow/example_dags/example_complex.py for tasks to queue
[2025-07-24T20:40:19.526+0000] {logging_mixin.py:188} INFO - [2025-07-24T20:40:19.525+0000] {dagbag.py:545} INFO - Filling up the DagBag from /home/airflow/.local/lib/python3.12/site-packages/airflow/example_dags/example_complex.py
[2025-07-24T20:40:19.530+0000] {processor.py:840} INFO - DAG(s) 'example_complex' retrieved from /home/airflow/.local/lib/python3.12/site-packages/airflow/example_dags/example_complex.py
[2025-07-24T20:40:19.546+0000] {logging_mixin.py:188} INFO - [2025-07-24T20:40:19.546+0000] {dag.py:3096} INFO - Sync 1 DAGs
[2025-07-24T20:40:19.552+0000] {logging_mixin.py:188} INFO - [2025-07-24T20:40:19.552+0000] {dag.py:3954} INFO - Setting next_dagrun for example_complex to None, run_after=None
[2025-07-24T20:40:19.561+0000] {processor.py:183} INFO - Processing /home/airflow/.local/lib/python3.12/site-packages/airflow/example_dags/example_complex.py took 0.040 seconds
[2025-07-24T20:40:50.455+0000] {processor.py:161} INFO - Started process (PID=536) to work on /home/airflow/.local/lib/python3.12/site-packages/airflow/example_dags/example_complex.py
[2025-07-24T20:40:50.456+0000] {processor.py:830} INFO - Processing file /home/airflow/.local/lib/python3.12/site-packages/airflow/example_dags/example_complex.py for tasks to queue
[2025-07-24T20:40:50.457+0000] {logging_mixin.py:188} INFO - [2025-07-24T20:40:50.457+0000] {dagbag.py:545} INFO - Filling up the DagBag from /home/airflow/.local/lib/python3.12/site-packages/airflow/example_dags/example_complex.py
[2025-07-24T20:40:50.462+0000] {processor.py:840} INFO - DAG(s) 'example_complex' retrieved from /home/airflow/.local/lib/python3.12/site-packages/airflow/example_dags/example_complex.py
[2025-07-24T20:40:50.478+0000] {logging_mixin.py:188} INFO - [2025-07-24T20:40:50.478+0000] {dag.py:3096} INFO - Sync 1 DAGs
[2025-07-24T20:40:50.485+0000] {logging_mixin.py:188} INFO - [2025-07-24T20:40:50.484+0000] {dag.py:3954} INFO - Setting next_dagrun for example_complex to None, run_after=None
[2025-07-24T20:40:50.493+0000] {processor.py:183} INFO - Processing /home/airflow/.local/lib/python3.12/site-packages/airflow/example_dags/example_complex.py took 0.041 seconds
[2025-07-24T20:41:21.473+0000] {processor.py:161} INFO - Started process (PID=594) to work on /home/airflow/.local/lib/python3.12/site-packages/airflow/example_dags/example_complex.py
[2025-07-24T20:41:21.473+0000] {processor.py:830} INFO - Processing file /home/airflow/.local/lib/python3.12/site-packages/airflow/example_dags/example_complex.py for tasks to queue
[2025-07-24T20:41:21.474+0000] {logging_mixin.py:188} INFO - [2025-07-24T20:41:21.474+0000] {dagbag.py:545} INFO - Filling up the DagBag from /home/airflow/.local/lib/python3.12/site-packages/airflow/example_dags/example_complex.py
[2025-07-24T20:41:21.479+0000] {processor.py:840} INFO - DAG(s) 'example_complex' retrieved from /home/airflow/.local/lib/python3.12/site-packages/airflow/example_dags/example_complex.py
[2025-07-24T20:41:21.495+0000] {logging_mixin.py:188} INFO - [2025-07-24T20:41:21.495+0000] {dag.py:3096} INFO - Sync 1 DAGs
[2025-07-24T20:41:21.502+0000] {logging_mixin.py:188} INFO - [2025-07-24T20:41:21.501+0000] {dag.py:3954} INFO - Setting next_dagrun for example_complex to None, run_after=None
[2025-07-24T20:41:21.510+0000] {processor.py:183} INFO - Processing /home/airflow/.local/lib/python3.12/site-packages/airflow/example_dags/example_complex.py took 0.041 seconds
[2025-07-24T20:41:52.297+0000] {processor.py:161} INFO - Started process (PID=652) to work on /home/airflow/.local/lib/python3.12/site-packages/airflow/example_dags/example_complex.py
[2025-07-24T20:41:52.298+0000] {processor.py:830} INFO - Processing file /home/airflow/.local/lib/python3.12/site-packages/airflow/example_dags/example_complex.py for tasks to queue
[2025-07-24T20:41:52.300+0000] {logging_mixin.py:188} INFO - [2025-07-24T20:41:52.300+0000] {dagbag.py:545} INFO - Filling up the DagBag from /home/airflow/.local/lib/python3.12/site-packages/airflow/example_dags/example_complex.py
[2025-07-24T20:41:52.305+0000] {processor.py:840} INFO - DAG(s) 'example_complex' retrieved from /home/airflow/.local/lib/python3.12/site-packages/airflow/example_dags/example_complex.py
[2025-07-24T20:41:52.325+0000] {logging_mixin.py:188} INFO - [2025-07-24T20:41:52.325+0000] {dag.py:3096} INFO - Sync 1 DAGs
[2025-07-24T20:41:52.332+0000] {logging_mixin.py:188} INFO - [2025-07-24T20:41:52.332+0000] {dag.py:3954} INFO - Setting next_dagrun for example_complex to None, run_after=None
[2025-07-24T20:41:52.342+0000] {processor.py:183} INFO - Processing /home/airflow/.local/lib/python3.12/site-packages/airflow/example_dags/example_complex.py took 0.049 seconds
[2025-07-24T20:42:23.200+0000] {processor.py:161} INFO - Started process (PID=710) to work on /home/airflow/.local/lib/python3.12/site-packages/airflow/example_dags/example_complex.py
[2025-07-24T20:42:23.200+0000] {processor.py:830} INFO - Processing file /home/airflow/.local/lib/python3.12/site-packages/airflow/example_dags/example_complex.py for tasks to queue
[2025-07-24T20:42:23.201+0000] {logging_mixin.py:188} INFO - [2025-07-24T20:42:23.201+0000] {dagbag.py:545} INFO - Filling up the DagBag from /home/airflow/.local/lib/python3.12/site-packages/airflow/example_dags/example_complex.py
[2025-07-24T20:42:23.206+0000] {processor.py:840} INFO - DAG(s) 'example_complex' retrieved from /home/airflow/.local/lib/python3.12/site-packages/airflow/example_dags/example_complex.py
[2025-07-24T20:42:23.222+0000] {logging_mixin.py:188} INFO - [2025-07-24T20:42:23.222+0000] {dag.py:3096} INFO - Sync 1 DAGs
[2025-07-24T20:42:23.228+0000] {logging_mixin.py:188} INFO - [2025-07-24T20:42:23.228+0000] {dag.py:3954} INFO - Setting next_dagrun for example_complex to None, run_after=None
[2025-07-24T20:42:23.237+0000] {processor.py:183} INFO - Processing /home/airflow/.local/lib/python3.12/site-packages/airflow/example_dags/example_complex.py took 0.041 seconds
[2025-07-24T20:43:17.063+0000] {processor.py:161} INFO - Started process (PID=66) to work on /home/airflow/.local/lib/python3.12/site-packages/airflow/example_dags/example_complex.py
[2025-07-24T20:43:17.063+0000] {processor.py:830} INFO - Processing file /home/airflow/.local/lib/python3.12/site-packages/airflow/example_dags/example_complex.py for tasks to queue
[2025-07-24T20:43:17.064+0000] {logging_mixin.py:188} INFO - [2025-07-24T20:43:17.064+0000] {dagbag.py:545} INFO - Filling up the DagBag from /home/airflow/.local/lib/python3.12/site-packages/airflow/example_dags/example_complex.py
[2025-07-24T20:43:17.070+0000] {processor.py:840} INFO - DAG(s) 'example_complex' retrieved from /home/airflow/.local/lib/python3.12/site-packages/airflow/example_dags/example_complex.py
[2025-07-24T20:43:17.077+0000] {logging_mixin.py:188} INFO - [2025-07-24T20:43:17.077+0000] {dag.py:3096} INFO - Sync 1 DAGs
[2025-07-24T20:43:17.085+0000] {logging_mixin.py:188} INFO - [2025-07-24T20:43:17.085+0000] {dag.py:3954} INFO - Setting next_dagrun for example_complex to None, run_after=None
[2025-07-24T20:43:17.096+0000] {processor.py:183} INFO - Processing /home/airflow/.local/lib/python3.12/site-packages/airflow/example_dags/example_complex.py took 0.036 seconds
[2025-07-24T20:43:48.330+0000] {processor.py:161} INFO - Started process (PID=124) to work on /home/airflow/.local/lib/python3.12/site-packages/airflow/example_dags/example_complex.py
[2025-07-24T20:43:48.330+0000] {processor.py:830} INFO - Processing file /home/airflow/.local/lib/python3.12/site-packages/airflow/example_dags/example_complex.py for tasks to queue
[2025-07-24T20:43:48.331+0000] {logging_mixin.py:188} INFO - [2025-07-24T20:43:48.331+0000] {dagbag.py:545} INFO - Filling up the DagBag from /home/airflow/.local/lib/python3.12/site-packages/airflow/example_dags/example_complex.py
[2025-07-24T20:43:48.337+0000] {processor.py:840} INFO - DAG(s) 'example_complex' retrieved from /home/airflow/.local/lib/python3.12/site-packages/airflow/example_dags/example_complex.py
[2025-07-24T20:43:48.397+0000] {logging_mixin.py:188} INFO - [2025-07-24T20:43:48.397+0000] {dag.py:3096} INFO - Sync 1 DAGs
[2025-07-24T20:43:48.403+0000] {logging_mixin.py:188} INFO - [2025-07-24T20:43:48.403+0000] {dag.py:3954} INFO - Setting next_dagrun for example_complex to None, run_after=None
[2025-07-24T20:43:48.412+0000] {processor.py:183} INFO - Processing /home/airflow/.local/lib/python3.12/site-packages/airflow/example_dags/example_complex.py took 0.087 seconds
[2025-07-24T20:44:18.952+0000] {processor.py:161} INFO - Started process (PID=182) to work on /home/airflow/.local/lib/python3.12/site-packages/airflow/example_dags/example_complex.py
[2025-07-24T20:44:18.953+0000] {processor.py:830} INFO - Processing file /home/airflow/.local/lib/python3.12/site-packages/airflow/example_dags/example_complex.py for tasks to queue
[2025-07-24T20:44:18.954+0000] {logging_mixin.py:188} INFO - [2025-07-24T20:44:18.954+0000] {dagbag.py:545} INFO - Filling up the DagBag from /home/airflow/.local/lib/python3.12/site-packages/airflow/example_dags/example_complex.py
[2025-07-24T20:44:18.959+0000] {processor.py:840} INFO - DAG(s) 'example_complex' retrieved from /home/airflow/.local/lib/python3.12/site-packages/airflow/example_dags/example_complex.py
[2025-07-24T20:44:18.977+0000] {logging_mixin.py:188} INFO - [2025-07-24T20:44:18.977+0000] {dag.py:3096} INFO - Sync 1 DAGs
[2025-07-24T20:44:18.984+0000] {logging_mixin.py:188} INFO - [2025-07-24T20:44:18.984+0000] {dag.py:3954} INFO - Setting next_dagrun for example_complex to None, run_after=None
[2025-07-24T20:44:18.993+0000] {processor.py:183} INFO - Processing /home/airflow/.local/lib/python3.12/site-packages/airflow/example_dags/example_complex.py took 0.044 seconds
[2025-07-24T20:44:49.050+0000] {processor.py:161} INFO - Started process (PID=240) to work on /home/airflow/.local/lib/python3.12/site-packages/airflow/example_dags/example_complex.py
[2025-07-24T20:44:49.051+0000] {processor.py:830} INFO - Processing file /home/airflow/.local/lib/python3.12/site-packages/airflow/example_dags/example_complex.py for tasks to queue
[2025-07-24T20:44:49.052+0000] {logging_mixin.py:188} INFO - [2025-07-24T20:44:49.052+0000] {dagbag.py:545} INFO - Filling up the DagBag from /home/airflow/.local/lib/python3.12/site-packages/airflow/example_dags/example_complex.py
[2025-07-24T20:44:49.058+0000] {processor.py:840} INFO - DAG(s) 'example_complex' retrieved from /home/airflow/.local/lib/python3.12/site-packages/airflow/example_dags/example_complex.py
[2025-07-24T20:44:49.076+0000] {logging_mixin.py:188} INFO - [2025-07-24T20:44:49.076+0000] {dag.py:3096} INFO - Sync 1 DAGs
[2025-07-24T20:44:49.083+0000] {logging_mixin.py:188} INFO - [2025-07-24T20:44:49.083+0000] {dag.py:3954} INFO - Setting next_dagrun for example_complex to None, run_after=None
[2025-07-24T20:44:49.092+0000] {processor.py:183} INFO - Processing /home/airflow/.local/lib/python3.12/site-packages/airflow/example_dags/example_complex.py took 0.046 seconds
[2025-07-24T20:45:19.121+0000] {processor.py:161} INFO - Started process (PID=298) to work on /home/airflow/.local/lib/python3.12/site-packages/airflow/example_dags/example_complex.py
[2025-07-24T20:45:19.122+0000] {processor.py:830} INFO - Processing file /home/airflow/.local/lib/python3.12/site-packages/airflow/example_dags/example_complex.py for tasks to queue
[2025-07-24T20:45:19.123+0000] {logging_mixin.py:188} INFO - [2025-07-24T20:45:19.122+0000] {dagbag.py:545} INFO - Filling up the DagBag from /home/airflow/.local/lib/python3.12/site-packages/airflow/example_dags/example_complex.py
[2025-07-24T20:45:19.127+0000] {processor.py:840} INFO - DAG(s) 'example_complex' retrieved from /home/airflow/.local/lib/python3.12/site-packages/airflow/example_dags/example_complex.py
[2025-07-24T20:45:19.143+0000] {logging_mixin.py:188} INFO - [2025-07-24T20:45:19.143+0000] {dag.py:3096} INFO - Sync 1 DAGs
[2025-07-24T20:45:19.149+0000] {logging_mixin.py:188} INFO - [2025-07-24T20:45:19.149+0000] {dag.py:3954} INFO - Setting next_dagrun for example_complex to None, run_after=None
[2025-07-24T20:45:19.158+0000] {processor.py:183} INFO - Processing /home/airflow/.local/lib/python3.12/site-packages/airflow/example_dags/example_complex.py took 0.040 seconds
[2025-07-24T20:45:49.724+0000] {processor.py:161} INFO - Started process (PID=356) to work on /home/airflow/.local/lib/python3.12/site-packages/airflow/example_dags/example_complex.py
[2025-07-24T20:45:49.724+0000] {processor.py:830} INFO - Processing file /home/airflow/.local/lib/python3.12/site-packages/airflow/example_dags/example_complex.py for tasks to queue
[2025-07-24T20:45:49.725+0000] {logging_mixin.py:188} INFO - [2025-07-24T20:45:49.725+0000] {dagbag.py:545} INFO - Filling up the DagBag from /home/airflow/.local/lib/python3.12/site-packages/airflow/example_dags/example_complex.py
[2025-07-24T20:45:49.730+0000] {processor.py:840} INFO - DAG(s) 'example_complex' retrieved from /home/airflow/.local/lib/python3.12/site-packages/airflow/example_dags/example_complex.py
[2025-07-24T20:45:49.746+0000] {logging_mixin.py:188} INFO - [2025-07-24T20:45:49.746+0000] {dag.py:3096} INFO - Sync 1 DAGs
[2025-07-24T20:45:49.752+0000] {logging_mixin.py:188} INFO - [2025-07-24T20:45:49.752+0000] {dag.py:3954} INFO - Setting next_dagrun for example_complex to None, run_after=None
[2025-07-24T20:45:49.761+0000] {processor.py:183} INFO - Processing /home/airflow/.local/lib/python3.12/site-packages/airflow/example_dags/example_complex.py took 0.040 seconds
[2025-07-24T20:46:20.393+0000] {processor.py:161} INFO - Started process (PID=420) to work on /home/airflow/.local/lib/python3.12/site-packages/airflow/example_dags/example_complex.py
[2025-07-24T20:46:20.394+0000] {processor.py:830} INFO - Processing file /home/airflow/.local/lib/python3.12/site-packages/airflow/example_dags/example_complex.py for tasks to queue
[2025-07-24T20:46:20.395+0000] {logging_mixin.py:188} INFO - [2025-07-24T20:46:20.395+0000] {dagbag.py:545} INFO - Filling up the DagBag from /home/airflow/.local/lib/python3.12/site-packages/airflow/example_dags/example_complex.py
[2025-07-24T20:46:20.401+0000] {processor.py:840} INFO - DAG(s) 'example_complex' retrieved from /home/airflow/.local/lib/python3.12/site-packages/airflow/example_dags/example_complex.py
[2025-07-24T20:46:20.420+0000] {logging_mixin.py:188} INFO - [2025-07-24T20:46:20.420+0000] {dag.py:3096} INFO - Sync 1 DAGs
[2025-07-24T20:46:20.427+0000] {logging_mixin.py:188} INFO - [2025-07-24T20:46:20.427+0000] {dag.py:3954} INFO - Setting next_dagrun for example_complex to None, run_after=None
[2025-07-24T20:46:20.437+0000] {processor.py:183} INFO - Processing /home/airflow/.local/lib/python3.12/site-packages/airflow/example_dags/example_complex.py took 0.047 seconds
[2025-07-24T20:46:51.097+0000] {processor.py:161} INFO - Started process (PID=478) to work on /home/airflow/.local/lib/python3.12/site-packages/airflow/example_dags/example_complex.py
[2025-07-24T20:46:51.098+0000] {processor.py:830} INFO - Processing file /home/airflow/.local/lib/python3.12/site-packages/airflow/example_dags/example_complex.py for tasks to queue
[2025-07-24T20:46:51.098+0000] {logging_mixin.py:188} INFO - [2025-07-24T20:46:51.098+0000] {dagbag.py:545} INFO - Filling up the DagBag from /home/airflow/.local/lib/python3.12/site-packages/airflow/example_dags/example_complex.py
[2025-07-24T20:46:51.103+0000] {processor.py:840} INFO - DAG(s) 'example_complex' retrieved from /home/airflow/.local/lib/python3.12/site-packages/airflow/example_dags/example_complex.py
[2025-07-24T20:46:51.120+0000] {logging_mixin.py:188} INFO - [2025-07-24T20:46:51.120+0000] {dag.py:3096} INFO - Sync 1 DAGs
[2025-07-24T20:46:51.126+0000] {logging_mixin.py:188} INFO - [2025-07-24T20:46:51.126+0000] {dag.py:3954} INFO - Setting next_dagrun for example_complex to None, run_after=None
[2025-07-24T20:46:51.135+0000] {processor.py:183} INFO - Processing /home/airflow/.local/lib/python3.12/site-packages/airflow/example_dags/example_complex.py took 0.041 seconds
[2025-07-24T20:47:21.751+0000] {processor.py:161} INFO - Started process (PID=536) to work on /home/airflow/.local/lib/python3.12/site-packages/airflow/example_dags/example_complex.py
[2025-07-24T20:47:21.751+0000] {processor.py:830} INFO - Processing file /home/airflow/.local/lib/python3.12/site-packages/airflow/example_dags/example_complex.py for tasks to queue
[2025-07-24T20:47:21.752+0000] {logging_mixin.py:188} INFO - [2025-07-24T20:47:21.752+0000] {dagbag.py:545} INFO - Filling up the DagBag from /home/airflow/.local/lib/python3.12/site-packages/airflow/example_dags/example_complex.py
[2025-07-24T20:47:21.757+0000] {processor.py:840} INFO - DAG(s) 'example_complex' retrieved from /home/airflow/.local/lib/python3.12/site-packages/airflow/example_dags/example_complex.py
[2025-07-24T20:47:21.774+0000] {logging_mixin.py:188} INFO - [2025-07-24T20:47:21.774+0000] {dag.py:3096} INFO - Sync 1 DAGs
[2025-07-24T20:47:21.780+0000] {logging_mixin.py:188} INFO - [2025-07-24T20:47:21.780+0000] {dag.py:3954} INFO - Setting next_dagrun for example_complex to None, run_after=None
[2025-07-24T20:47:21.789+0000] {processor.py:183} INFO - Processing /home/airflow/.local/lib/python3.12/site-packages/airflow/example_dags/example_complex.py took 0.042 seconds
[2025-07-24T20:47:52.490+0000] {processor.py:161} INFO - Started process (PID=594) to work on /home/airflow/.local/lib/python3.12/site-packages/airflow/example_dags/example_complex.py
[2025-07-24T20:47:52.490+0000] {processor.py:830} INFO - Processing file /home/airflow/.local/lib/python3.12/site-packages/airflow/example_dags/example_complex.py for tasks to queue
[2025-07-24T20:47:52.491+0000] {logging_mixin.py:188} INFO - [2025-07-24T20:47:52.491+0000] {dagbag.py:545} INFO - Filling up the DagBag from /home/airflow/.local/lib/python3.12/site-packages/airflow/example_dags/example_complex.py
[2025-07-24T20:47:52.497+0000] {processor.py:840} INFO - DAG(s) 'example_complex' retrieved from /home/airflow/.local/lib/python3.12/site-packages/airflow/example_dags/example_complex.py
[2025-07-24T20:47:52.516+0000] {logging_mixin.py:188} INFO - [2025-07-24T20:47:52.516+0000] {dag.py:3096} INFO - Sync 1 DAGs
[2025-07-24T20:47:52.523+0000] {logging_mixin.py:188} INFO - [2025-07-24T20:47:52.523+0000] {dag.py:3954} INFO - Setting next_dagrun for example_complex to None, run_after=None
[2025-07-24T20:47:52.532+0000] {processor.py:183} INFO - Processing /home/airflow/.local/lib/python3.12/site-packages/airflow/example_dags/example_complex.py took 0.046 seconds
[2025-07-24T20:48:23.122+0000] {processor.py:161} INFO - Started process (PID=652) to work on /home/airflow/.local/lib/python3.12/site-packages/airflow/example_dags/example_complex.py
[2025-07-24T20:48:23.122+0000] {processor.py:830} INFO - Processing file /home/airflow/.local/lib/python3.12/site-packages/airflow/example_dags/example_complex.py for tasks to queue
[2025-07-24T20:48:23.123+0000] {logging_mixin.py:188} INFO - [2025-07-24T20:48:23.123+0000] {dagbag.py:545} INFO - Filling up the DagBag from /home/airflow/.local/lib/python3.12/site-packages/airflow/example_dags/example_complex.py
[2025-07-24T20:48:23.129+0000] {processor.py:840} INFO - DAG(s) 'example_complex' retrieved from /home/airflow/.local/lib/python3.12/site-packages/airflow/example_dags/example_complex.py
[2025-07-24T20:48:23.146+0000] {logging_mixin.py:188} INFO - [2025-07-24T20:48:23.146+0000] {dag.py:3096} INFO - Sync 1 DAGs
[2025-07-24T20:48:23.152+0000] {logging_mixin.py:188} INFO - [2025-07-24T20:48:23.151+0000] {dag.py:3954} INFO - Setting next_dagrun for example_complex to None, run_after=None
[2025-07-24T20:48:23.161+0000] {processor.py:183} INFO - Processing /home/airflow/.local/lib/python3.12/site-packages/airflow/example_dags/example_complex.py took 0.043 seconds
[2025-07-24T20:48:53.720+0000] {processor.py:161} INFO - Started process (PID=710) to work on /home/airflow/.local/lib/python3.12/site-packages/airflow/example_dags/example_complex.py
[2025-07-24T20:48:53.720+0000] {processor.py:830} INFO - Processing file /home/airflow/.local/lib/python3.12/site-packages/airflow/example_dags/example_complex.py for tasks to queue
[2025-07-24T20:48:53.721+0000] {logging_mixin.py:188} INFO - [2025-07-24T20:48:53.721+0000] {dagbag.py:545} INFO - Filling up the DagBag from /home/airflow/.local/lib/python3.12/site-packages/airflow/example_dags/example_complex.py
[2025-07-24T20:48:53.726+0000] {processor.py:840} INFO - DAG(s) 'example_complex' retrieved from /home/airflow/.local/lib/python3.12/site-packages/airflow/example_dags/example_complex.py
[2025-07-24T20:48:53.742+0000] {logging_mixin.py:188} INFO - [2025-07-24T20:48:53.742+0000] {dag.py:3096} INFO - Sync 1 DAGs
[2025-07-24T20:48:53.748+0000] {logging_mixin.py:188} INFO - [2025-07-24T20:48:53.748+0000] {dag.py:3954} INFO - Setting next_dagrun for example_complex to None, run_after=None
[2025-07-24T20:48:53.756+0000] {processor.py:183} INFO - Processing /home/airflow/.local/lib/python3.12/site-packages/airflow/example_dags/example_complex.py took 0.039 seconds
[2025-07-24T20:49:24.340+0000] {processor.py:161} INFO - Started process (PID=768) to work on /home/airflow/.local/lib/python3.12/site-packages/airflow/example_dags/example_complex.py
[2025-07-24T20:49:24.341+0000] {processor.py:830} INFO - Processing file /home/airflow/.local/lib/python3.12/site-packages/airflow/example_dags/example_complex.py for tasks to queue
[2025-07-24T20:49:24.341+0000] {logging_mixin.py:188} INFO - [2025-07-24T20:49:24.341+0000] {dagbag.py:545} INFO - Filling up the DagBag from /home/airflow/.local/lib/python3.12/site-packages/airflow/example_dags/example_complex.py
[2025-07-24T20:49:24.346+0000] {processor.py:840} INFO - DAG(s) 'example_complex' retrieved from /home/airflow/.local/lib/python3.12/site-packages/airflow/example_dags/example_complex.py
[2025-07-24T20:49:24.363+0000] {logging_mixin.py:188} INFO - [2025-07-24T20:49:24.362+0000] {dag.py:3096} INFO - Sync 1 DAGs
[2025-07-24T20:49:24.369+0000] {logging_mixin.py:188} INFO - [2025-07-24T20:49:24.369+0000] {dag.py:3954} INFO - Setting next_dagrun for example_complex to None, run_after=None
[2025-07-24T20:49:24.377+0000] {processor.py:183} INFO - Processing /home/airflow/.local/lib/python3.12/site-packages/airflow/example_dags/example_complex.py took 0.041 seconds
[2025-07-24T20:49:54.967+0000] {processor.py:161} INFO - Started process (PID=826) to work on /home/airflow/.local/lib/python3.12/site-packages/airflow/example_dags/example_complex.py
[2025-07-24T20:49:54.967+0000] {processor.py:830} INFO - Processing file /home/airflow/.local/lib/python3.12/site-packages/airflow/example_dags/example_complex.py for tasks to queue
[2025-07-24T20:49:54.968+0000] {logging_mixin.py:188} INFO - [2025-07-24T20:49:54.968+0000] {dagbag.py:545} INFO - Filling up the DagBag from /home/airflow/.local/lib/python3.12/site-packages/airflow/example_dags/example_complex.py
[2025-07-24T20:49:54.973+0000] {processor.py:840} INFO - DAG(s) 'example_complex' retrieved from /home/airflow/.local/lib/python3.12/site-packages/airflow/example_dags/example_complex.py
[2025-07-24T20:49:54.990+0000] {logging_mixin.py:188} INFO - [2025-07-24T20:49:54.990+0000] {dag.py:3096} INFO - Sync 1 DAGs
[2025-07-24T20:49:54.997+0000] {logging_mixin.py:188} INFO - [2025-07-24T20:49:54.996+0000] {dag.py:3954} INFO - Setting next_dagrun for example_complex to None, run_after=None
[2025-07-24T20:49:55.006+0000] {processor.py:183} INFO - Processing /home/airflow/.local/lib/python3.12/site-packages/airflow/example_dags/example_complex.py took 0.043 seconds
[2025-07-24T20:50:25.745+0000] {processor.py:161} INFO - Started process (PID=884) to work on /home/airflow/.local/lib/python3.12/site-packages/airflow/example_dags/example_complex.py
[2025-07-24T20:50:25.746+0000] {processor.py:830} INFO - Processing file /home/airflow/.local/lib/python3.12/site-packages/airflow/example_dags/example_complex.py for tasks to queue
[2025-07-24T20:50:25.747+0000] {logging_mixin.py:188} INFO - [2025-07-24T20:50:25.746+0000] {dagbag.py:545} INFO - Filling up the DagBag from /home/airflow/.local/lib/python3.12/site-packages/airflow/example_dags/example_complex.py
[2025-07-24T20:50:25.752+0000] {processor.py:840} INFO - DAG(s) 'example_complex' retrieved from /home/airflow/.local/lib/python3.12/site-packages/airflow/example_dags/example_complex.py
[2025-07-24T20:50:25.769+0000] {logging_mixin.py:188} INFO - [2025-07-24T20:50:25.769+0000] {dag.py:3096} INFO - Sync 1 DAGs
[2025-07-24T20:50:25.776+0000] {logging_mixin.py:188} INFO - [2025-07-24T20:50:25.776+0000] {dag.py:3954} INFO - Setting next_dagrun for example_complex to None, run_after=None
[2025-07-24T20:50:25.786+0000] {processor.py:183} INFO - Processing /home/airflow/.local/lib/python3.12/site-packages/airflow/example_dags/example_complex.py took 0.045 seconds
[2025-07-24T20:50:55.811+0000] {processor.py:161} INFO - Started process (PID=942) to work on /home/airflow/.local/lib/python3.12/site-packages/airflow/example_dags/example_complex.py
[2025-07-24T20:50:55.811+0000] {processor.py:830} INFO - Processing file /home/airflow/.local/lib/python3.12/site-packages/airflow/example_dags/example_complex.py for tasks to queue
[2025-07-24T20:50:55.812+0000] {logging_mixin.py:188} INFO - [2025-07-24T20:50:55.812+0000] {dagbag.py:545} INFO - Filling up the DagBag from /home/airflow/.local/lib/python3.12/site-packages/airflow/example_dags/example_complex.py
[2025-07-24T20:50:55.818+0000] {processor.py:840} INFO - DAG(s) 'example_complex' retrieved from /home/airflow/.local/lib/python3.12/site-packages/airflow/example_dags/example_complex.py
[2025-07-24T20:50:55.834+0000] {logging_mixin.py:188} INFO - [2025-07-24T20:50:55.834+0000] {dag.py:3096} INFO - Sync 1 DAGs
[2025-07-24T20:50:55.840+0000] {logging_mixin.py:188} INFO - [2025-07-24T20:50:55.840+0000] {dag.py:3954} INFO - Setting next_dagrun for example_complex to None, run_after=None
[2025-07-24T20:50:55.855+0000] {processor.py:183} INFO - Processing /home/airflow/.local/lib/python3.12/site-packages/airflow/example_dags/example_complex.py took 0.047 seconds
[2025-07-24T20:51:26.615+0000] {processor.py:161} INFO - Started process (PID=1000) to work on /home/airflow/.local/lib/python3.12/site-packages/airflow/example_dags/example_complex.py
[2025-07-24T20:51:26.615+0000] {processor.py:830} INFO - Processing file /home/airflow/.local/lib/python3.12/site-packages/airflow/example_dags/example_complex.py for tasks to queue
[2025-07-24T20:51:26.616+0000] {logging_mixin.py:188} INFO - [2025-07-24T20:51:26.616+0000] {dagbag.py:545} INFO - Filling up the DagBag from /home/airflow/.local/lib/python3.12/site-packages/airflow/example_dags/example_complex.py
[2025-07-24T20:51:26.622+0000] {processor.py:840} INFO - DAG(s) 'example_complex' retrieved from /home/airflow/.local/lib/python3.12/site-packages/airflow/example_dags/example_complex.py
[2025-07-24T20:51:26.643+0000] {logging_mixin.py:188} INFO - [2025-07-24T20:51:26.643+0000] {dag.py:3096} INFO - Sync 1 DAGs
[2025-07-24T20:51:26.651+0000] {logging_mixin.py:188} INFO - [2025-07-24T20:51:26.650+0000] {dag.py:3954} INFO - Setting next_dagrun for example_complex to None, run_after=None
[2025-07-24T20:51:26.660+0000] {processor.py:183} INFO - Processing /home/airflow/.local/lib/python3.12/site-packages/airflow/example_dags/example_complex.py took 0.049 seconds
[2025-07-24T20:51:57.300+0000] {processor.py:161} INFO - Started process (PID=1058) to work on /home/airflow/.local/lib/python3.12/site-packages/airflow/example_dags/example_complex.py
[2025-07-24T20:51:57.301+0000] {processor.py:830} INFO - Processing file /home/airflow/.local/lib/python3.12/site-packages/airflow/example_dags/example_complex.py for tasks to queue
[2025-07-24T20:51:57.301+0000] {logging_mixin.py:188} INFO - [2025-07-24T20:51:57.301+0000] {dagbag.py:545} INFO - Filling up the DagBag from /home/airflow/.local/lib/python3.12/site-packages/airflow/example_dags/example_complex.py
[2025-07-24T20:51:57.306+0000] {processor.py:840} INFO - DAG(s) 'example_complex' retrieved from /home/airflow/.local/lib/python3.12/site-packages/airflow/example_dags/example_complex.py
[2025-07-24T20:51:57.323+0000] {logging_mixin.py:188} INFO - [2025-07-24T20:51:57.323+0000] {dag.py:3096} INFO - Sync 1 DAGs
[2025-07-24T20:51:57.329+0000] {logging_mixin.py:188} INFO - [2025-07-24T20:51:57.329+0000] {dag.py:3954} INFO - Setting next_dagrun for example_complex to None, run_after=None
[2025-07-24T20:51:57.338+0000] {processor.py:183} INFO - Processing /home/airflow/.local/lib/python3.12/site-packages/airflow/example_dags/example_complex.py took 0.041 seconds
[2025-07-24T20:52:28.029+0000] {processor.py:161} INFO - Started process (PID=1116) to work on /home/airflow/.local/lib/python3.12/site-packages/airflow/example_dags/example_complex.py
[2025-07-24T20:52:28.030+0000] {processor.py:830} INFO - Processing file /home/airflow/.local/lib/python3.12/site-packages/airflow/example_dags/example_complex.py for tasks to queue
[2025-07-24T20:52:28.031+0000] {logging_mixin.py:188} INFO - [2025-07-24T20:52:28.031+0000] {dagbag.py:545} INFO - Filling up the DagBag from /home/airflow/.local/lib/python3.12/site-packages/airflow/example_dags/example_complex.py
[2025-07-24T20:52:28.037+0000] {processor.py:840} INFO - DAG(s) 'example_complex' retrieved from /home/airflow/.local/lib/python3.12/site-packages/airflow/example_dags/example_complex.py
[2025-07-24T20:52:28.057+0000] {logging_mixin.py:188} INFO - [2025-07-24T20:52:28.057+0000] {dag.py:3096} INFO - Sync 1 DAGs
[2025-07-24T20:52:28.065+0000] {logging_mixin.py:188} INFO - [2025-07-24T20:52:28.065+0000] {dag.py:3954} INFO - Setting next_dagrun for example_complex to None, run_after=None
[2025-07-24T20:52:28.076+0000] {processor.py:183} INFO - Processing /home/airflow/.local/lib/python3.12/site-packages/airflow/example_dags/example_complex.py took 0.050 seconds
[2025-07-24T20:52:58.809+0000] {processor.py:161} INFO - Started process (PID=1174) to work on /home/airflow/.local/lib/python3.12/site-packages/airflow/example_dags/example_complex.py
[2025-07-24T20:52:58.809+0000] {processor.py:830} INFO - Processing file /home/airflow/.local/lib/python3.12/site-packages/airflow/example_dags/example_complex.py for tasks to queue
[2025-07-24T20:52:58.810+0000] {logging_mixin.py:188} INFO - [2025-07-24T20:52:58.810+0000] {dagbag.py:545} INFO - Filling up the DagBag from /home/airflow/.local/lib/python3.12/site-packages/airflow/example_dags/example_complex.py
[2025-07-24T20:52:58.815+0000] {processor.py:840} INFO - DAG(s) 'example_complex' retrieved from /home/airflow/.local/lib/python3.12/site-packages/airflow/example_dags/example_complex.py
[2025-07-24T20:52:58.832+0000] {logging_mixin.py:188} INFO - [2025-07-24T20:52:58.832+0000] {dag.py:3096} INFO - Sync 1 DAGs
[2025-07-24T20:52:58.838+0000] {logging_mixin.py:188} INFO - [2025-07-24T20:52:58.838+0000] {dag.py:3954} INFO - Setting next_dagrun for example_complex to None, run_after=None
[2025-07-24T20:52:58.846+0000] {processor.py:183} INFO - Processing /home/airflow/.local/lib/python3.12/site-packages/airflow/example_dags/example_complex.py took 0.040 seconds
[2025-07-24T20:53:29.001+0000] {processor.py:161} INFO - Started process (PID=1232) to work on /home/airflow/.local/lib/python3.12/site-packages/airflow/example_dags/example_complex.py
[2025-07-24T20:53:29.002+0000] {processor.py:830} INFO - Processing file /home/airflow/.local/lib/python3.12/site-packages/airflow/example_dags/example_complex.py for tasks to queue
[2025-07-24T20:53:29.003+0000] {logging_mixin.py:188} INFO - [2025-07-24T20:53:29.003+0000] {dagbag.py:545} INFO - Filling up the DagBag from /home/airflow/.local/lib/python3.12/site-packages/airflow/example_dags/example_complex.py
[2025-07-24T20:53:29.008+0000] {processor.py:840} INFO - DAG(s) 'example_complex' retrieved from /home/airflow/.local/lib/python3.12/site-packages/airflow/example_dags/example_complex.py
[2025-07-24T20:53:29.024+0000] {logging_mixin.py:188} INFO - [2025-07-24T20:53:29.024+0000] {dag.py:3096} INFO - Sync 1 DAGs
[2025-07-24T20:53:29.030+0000] {logging_mixin.py:188} INFO - [2025-07-24T20:53:29.030+0000] {dag.py:3954} INFO - Setting next_dagrun for example_complex to None, run_after=None
[2025-07-24T20:53:29.039+0000] {processor.py:183} INFO - Processing /home/airflow/.local/lib/python3.12/site-packages/airflow/example_dags/example_complex.py took 0.041 seconds
[2025-07-24T20:53:59.065+0000] {processor.py:161} INFO - Started process (PID=1290) to work on /home/airflow/.local/lib/python3.12/site-packages/airflow/example_dags/example_complex.py
[2025-07-24T20:53:59.065+0000] {processor.py:830} INFO - Processing file /home/airflow/.local/lib/python3.12/site-packages/airflow/example_dags/example_complex.py for tasks to queue
[2025-07-24T20:53:59.066+0000] {logging_mixin.py:188} INFO - [2025-07-24T20:53:59.066+0000] {dagbag.py:545} INFO - Filling up the DagBag from /home/airflow/.local/lib/python3.12/site-packages/airflow/example_dags/example_complex.py
[2025-07-24T20:53:59.071+0000] {processor.py:840} INFO - DAG(s) 'example_complex' retrieved from /home/airflow/.local/lib/python3.12/site-packages/airflow/example_dags/example_complex.py
[2025-07-24T20:53:59.087+0000] {logging_mixin.py:188} INFO - [2025-07-24T20:53:59.087+0000] {dag.py:3096} INFO - Sync 1 DAGs
[2025-07-24T20:53:59.093+0000] {logging_mixin.py:188} INFO - [2025-07-24T20:53:59.093+0000] {dag.py:3954} INFO - Setting next_dagrun for example_complex to None, run_after=None
[2025-07-24T20:53:59.103+0000] {processor.py:183} INFO - Processing /home/airflow/.local/lib/python3.12/site-packages/airflow/example_dags/example_complex.py took 0.042 seconds
[2025-07-24T20:54:29.162+0000] {processor.py:161} INFO - Started process (PID=1348) to work on /home/airflow/.local/lib/python3.12/site-packages/airflow/example_dags/example_complex.py
[2025-07-24T20:54:29.162+0000] {processor.py:830} INFO - Processing file /home/airflow/.local/lib/python3.12/site-packages/airflow/example_dags/example_complex.py for tasks to queue
[2025-07-24T20:54:29.163+0000] {logging_mixin.py:188} INFO - [2025-07-24T20:54:29.163+0000] {dagbag.py:545} INFO - Filling up the DagBag from /home/airflow/.local/lib/python3.12/site-packages/airflow/example_dags/example_complex.py
[2025-07-24T20:54:29.168+0000] {processor.py:840} INFO - DAG(s) 'example_complex' retrieved from /home/airflow/.local/lib/python3.12/site-packages/airflow/example_dags/example_complex.py
[2025-07-24T20:54:29.184+0000] {logging_mixin.py:188} INFO - [2025-07-24T20:54:29.184+0000] {dag.py:3096} INFO - Sync 1 DAGs
[2025-07-24T20:54:29.191+0000] {logging_mixin.py:188} INFO - [2025-07-24T20:54:29.191+0000] {dag.py:3954} INFO - Setting next_dagrun for example_complex to None, run_after=None
[2025-07-24T20:54:29.200+0000] {processor.py:183} INFO - Processing /home/airflow/.local/lib/python3.12/site-packages/airflow/example_dags/example_complex.py took 0.041 seconds
[2025-07-24T20:55:00.089+0000] {processor.py:161} INFO - Started process (PID=1406) to work on /home/airflow/.local/lib/python3.12/site-packages/airflow/example_dags/example_complex.py
[2025-07-24T20:55:00.090+0000] {processor.py:830} INFO - Processing file /home/airflow/.local/lib/python3.12/site-packages/airflow/example_dags/example_complex.py for tasks to queue
[2025-07-24T20:55:00.091+0000] {logging_mixin.py:188} INFO - [2025-07-24T20:55:00.091+0000] {dagbag.py:545} INFO - Filling up the DagBag from /home/airflow/.local/lib/python3.12/site-packages/airflow/example_dags/example_complex.py
[2025-07-24T20:55:00.096+0000] {processor.py:840} INFO - DAG(s) 'example_complex' retrieved from /home/airflow/.local/lib/python3.12/site-packages/airflow/example_dags/example_complex.py
[2025-07-24T20:55:00.112+0000] {logging_mixin.py:188} INFO - [2025-07-24T20:55:00.112+0000] {dag.py:3096} INFO - Sync 1 DAGs
[2025-07-24T20:55:00.118+0000] {logging_mixin.py:188} INFO - [2025-07-24T20:55:00.118+0000] {dag.py:3954} INFO - Setting next_dagrun for example_complex to None, run_after=None
[2025-07-24T20:55:00.127+0000] {processor.py:183} INFO - Processing /home/airflow/.local/lib/python3.12/site-packages/airflow/example_dags/example_complex.py took 0.041 seconds
[2025-07-24T20:55:30.855+0000] {processor.py:161} INFO - Started process (PID=1464) to work on /home/airflow/.local/lib/python3.12/site-packages/airflow/example_dags/example_complex.py
[2025-07-24T20:55:30.856+0000] {processor.py:830} INFO - Processing file /home/airflow/.local/lib/python3.12/site-packages/airflow/example_dags/example_complex.py for tasks to queue
[2025-07-24T20:55:30.857+0000] {logging_mixin.py:188} INFO - [2025-07-24T20:55:30.857+0000] {dagbag.py:545} INFO - Filling up the DagBag from /home/airflow/.local/lib/python3.12/site-packages/airflow/example_dags/example_complex.py
[2025-07-24T20:55:30.862+0000] {processor.py:840} INFO - DAG(s) 'example_complex' retrieved from /home/airflow/.local/lib/python3.12/site-packages/airflow/example_dags/example_complex.py
[2025-07-24T20:55:30.880+0000] {logging_mixin.py:188} INFO - [2025-07-24T20:55:30.880+0000] {dag.py:3096} INFO - Sync 1 DAGs
[2025-07-24T20:55:30.886+0000] {logging_mixin.py:188} INFO - [2025-07-24T20:55:30.886+0000] {dag.py:3954} INFO - Setting next_dagrun for example_complex to None, run_after=None
[2025-07-24T20:55:30.895+0000] {processor.py:183} INFO - Processing /home/airflow/.local/lib/python3.12/site-packages/airflow/example_dags/example_complex.py took 0.044 seconds
