[2025-07-24T20:31:48.830+0000] {processor.py:161} INFO - Started process (PID=75) to work on /home/airflow/.local/lib/python3.12/site-packages/airflow/example_dags/example_latest_only_with_trigger.py
[2025-07-24T20:31:48.830+0000] {processor.py:830} INFO - Processing file /home/airflow/.local/lib/python3.12/site-packages/airflow/example_dags/example_latest_only_with_trigger.py for tasks to queue
[2025-07-24T20:31:48.831+0000] {logging_mixin.py:188} INFO - [2025-07-24T20:31:48.831+0000] {dagbag.py:545} INFO - Filling up the DagBag from /home/airflow/.local/lib/python3.12/site-packages/airflow/example_dags/example_latest_only_with_trigger.py
[2025-07-24T20:31:48.835+0000] {processor.py:840} INFO - DAG(s) 'latest_only_with_trigger' retrieved from /home/airflow/.local/lib/python3.12/site-packages/airflow/example_dags/example_latest_only_with_trigger.py
[2025-07-24T20:31:48.842+0000] {logging_mixin.py:188} INFO - [2025-07-24T20:31:48.842+0000] {dag.py:3096} INFO - Sync 1 DAGs
[2025-07-24T20:31:48.854+0000] {logging_mixin.py:188} INFO - [2025-07-24T20:31:48.853+0000] {dag.py:3954} INFO - Setting next_dagrun for latest_only_with_trigger to 2025-07-24 16:00:00+00:00, run_after=2025-07-24 20:00:00+00:00
[2025-07-24T20:31:48.865+0000] {processor.py:183} INFO - Processing /home/airflow/.local/lib/python3.12/site-packages/airflow/example_dags/example_latest_only_with_trigger.py took 0.039 seconds
[2025-07-24T20:32:20.383+0000] {processor.py:161} INFO - Started process (PID=133) to work on /home/airflow/.local/lib/python3.12/site-packages/airflow/example_dags/example_latest_only_with_trigger.py
[2025-07-24T20:32:20.383+0000] {processor.py:830} INFO - Processing file /home/airflow/.local/lib/python3.12/site-packages/airflow/example_dags/example_latest_only_with_trigger.py for tasks to queue
[2025-07-24T20:32:20.384+0000] {logging_mixin.py:188} INFO - [2025-07-24T20:32:20.384+0000] {dagbag.py:545} INFO - Filling up the DagBag from /home/airflow/.local/lib/python3.12/site-packages/airflow/example_dags/example_latest_only_with_trigger.py
[2025-07-24T20:32:20.386+0000] {processor.py:840} INFO - DAG(s) 'latest_only_with_trigger' retrieved from /home/airflow/.local/lib/python3.12/site-packages/airflow/example_dags/example_latest_only_with_trigger.py
[2025-07-24T20:32:20.439+0000] {logging_mixin.py:188} INFO - [2025-07-24T20:32:20.439+0000] {dag.py:3096} INFO - Sync 1 DAGs
[2025-07-24T20:32:20.449+0000] {logging_mixin.py:188} INFO - [2025-07-24T20:32:20.449+0000] {dag.py:3954} INFO - Setting next_dagrun for latest_only_with_trigger to 2025-07-24 16:00:00+00:00, run_after=2025-07-24 20:00:00+00:00
[2025-07-24T20:32:20.457+0000] {processor.py:183} INFO - Processing /home/airflow/.local/lib/python3.12/site-packages/airflow/example_dags/example_latest_only_with_trigger.py took 0.078 seconds
[2025-07-24T20:32:50.913+0000] {processor.py:161} INFO - Started process (PID=191) to work on /home/airflow/.local/lib/python3.12/site-packages/airflow/example_dags/example_latest_only_with_trigger.py
[2025-07-24T20:32:50.914+0000] {processor.py:830} INFO - Processing file /home/airflow/.local/lib/python3.12/site-packages/airflow/example_dags/example_latest_only_with_trigger.py for tasks to queue
[2025-07-24T20:32:50.915+0000] {logging_mixin.py:188} INFO - [2025-07-24T20:32:50.914+0000] {dagbag.py:545} INFO - Filling up the DagBag from /home/airflow/.local/lib/python3.12/site-packages/airflow/example_dags/example_latest_only_with_trigger.py
[2025-07-24T20:32:50.917+0000] {processor.py:840} INFO - DAG(s) 'latest_only_with_trigger' retrieved from /home/airflow/.local/lib/python3.12/site-packages/airflow/example_dags/example_latest_only_with_trigger.py
[2025-07-24T20:32:50.928+0000] {logging_mixin.py:188} INFO - [2025-07-24T20:32:50.928+0000] {dag.py:3096} INFO - Sync 1 DAGs
[2025-07-24T20:32:50.939+0000] {logging_mixin.py:188} INFO - [2025-07-24T20:32:50.939+0000] {dag.py:3954} INFO - Setting next_dagrun for latest_only_with_trigger to 2025-07-24 16:00:00+00:00, run_after=2025-07-24 20:00:00+00:00
[2025-07-24T20:32:50.947+0000] {processor.py:183} INFO - Processing /home/airflow/.local/lib/python3.12/site-packages/airflow/example_dags/example_latest_only_with_trigger.py took 0.037 seconds
[2025-07-24T20:33:21.689+0000] {processor.py:161} INFO - Started process (PID=249) to work on /home/airflow/.local/lib/python3.12/site-packages/airflow/example_dags/example_latest_only_with_trigger.py
[2025-07-24T20:33:21.690+0000] {processor.py:830} INFO - Processing file /home/airflow/.local/lib/python3.12/site-packages/airflow/example_dags/example_latest_only_with_trigger.py for tasks to queue
[2025-07-24T20:33:21.691+0000] {logging_mixin.py:188} INFO - [2025-07-24T20:33:21.690+0000] {dagbag.py:545} INFO - Filling up the DagBag from /home/airflow/.local/lib/python3.12/site-packages/airflow/example_dags/example_latest_only_with_trigger.py
[2025-07-24T20:33:21.694+0000] {processor.py:840} INFO - DAG(s) 'latest_only_with_trigger' retrieved from /home/airflow/.local/lib/python3.12/site-packages/airflow/example_dags/example_latest_only_with_trigger.py
[2025-07-24T20:33:21.705+0000] {logging_mixin.py:188} INFO - [2025-07-24T20:33:21.705+0000] {dag.py:3096} INFO - Sync 1 DAGs
[2025-07-24T20:33:21.716+0000] {logging_mixin.py:188} INFO - [2025-07-24T20:33:21.716+0000] {dag.py:3954} INFO - Setting next_dagrun for latest_only_with_trigger to 2025-07-24 16:00:00+00:00, run_after=2025-07-24 20:00:00+00:00
[2025-07-24T20:33:21.726+0000] {processor.py:183} INFO - Processing /home/airflow/.local/lib/python3.12/site-packages/airflow/example_dags/example_latest_only_with_trigger.py took 0.040 seconds
[2025-07-24T20:33:52.443+0000] {processor.py:161} INFO - Started process (PID=307) to work on /home/airflow/.local/lib/python3.12/site-packages/airflow/example_dags/example_latest_only_with_trigger.py
[2025-07-24T20:33:52.443+0000] {processor.py:830} INFO - Processing file /home/airflow/.local/lib/python3.12/site-packages/airflow/example_dags/example_latest_only_with_trigger.py for tasks to queue
[2025-07-24T20:33:52.444+0000] {logging_mixin.py:188} INFO - [2025-07-24T20:33:52.444+0000] {dagbag.py:545} INFO - Filling up the DagBag from /home/airflow/.local/lib/python3.12/site-packages/airflow/example_dags/example_latest_only_with_trigger.py
[2025-07-24T20:33:52.447+0000] {processor.py:840} INFO - DAG(s) 'latest_only_with_trigger' retrieved from /home/airflow/.local/lib/python3.12/site-packages/airflow/example_dags/example_latest_only_with_trigger.py
[2025-07-24T20:33:52.458+0000] {logging_mixin.py:188} INFO - [2025-07-24T20:33:52.458+0000] {dag.py:3096} INFO - Sync 1 DAGs
[2025-07-24T20:33:52.468+0000] {logging_mixin.py:188} INFO - [2025-07-24T20:33:52.468+0000] {dag.py:3954} INFO - Setting next_dagrun for latest_only_with_trigger to 2025-07-24 16:00:00+00:00, run_after=2025-07-24 20:00:00+00:00
[2025-07-24T20:33:52.476+0000] {processor.py:183} INFO - Processing /home/airflow/.local/lib/python3.12/site-packages/airflow/example_dags/example_latest_only_with_trigger.py took 0.037 seconds
[2025-07-24T20:34:23.166+0000] {processor.py:161} INFO - Started process (PID=365) to work on /home/airflow/.local/lib/python3.12/site-packages/airflow/example_dags/example_latest_only_with_trigger.py
[2025-07-24T20:34:23.166+0000] {processor.py:830} INFO - Processing file /home/airflow/.local/lib/python3.12/site-packages/airflow/example_dags/example_latest_only_with_trigger.py for tasks to queue
[2025-07-24T20:34:23.167+0000] {logging_mixin.py:188} INFO - [2025-07-24T20:34:23.167+0000] {dagbag.py:545} INFO - Filling up the DagBag from /home/airflow/.local/lib/python3.12/site-packages/airflow/example_dags/example_latest_only_with_trigger.py
[2025-07-24T20:34:23.170+0000] {processor.py:840} INFO - DAG(s) 'latest_only_with_trigger' retrieved from /home/airflow/.local/lib/python3.12/site-packages/airflow/example_dags/example_latest_only_with_trigger.py
[2025-07-24T20:34:23.182+0000] {logging_mixin.py:188} INFO - [2025-07-24T20:34:23.182+0000] {dag.py:3096} INFO - Sync 1 DAGs
[2025-07-24T20:34:23.193+0000] {logging_mixin.py:188} INFO - [2025-07-24T20:34:23.193+0000] {dag.py:3954} INFO - Setting next_dagrun for latest_only_with_trigger to 2025-07-24 16:00:00+00:00, run_after=2025-07-24 20:00:00+00:00
[2025-07-24T20:34:23.202+0000] {processor.py:183} INFO - Processing /home/airflow/.local/lib/python3.12/site-packages/airflow/example_dags/example_latest_only_with_trigger.py took 0.040 seconds
[2025-07-24T20:34:53.940+0000] {processor.py:161} INFO - Started process (PID=423) to work on /home/airflow/.local/lib/python3.12/site-packages/airflow/example_dags/example_latest_only_with_trigger.py
[2025-07-24T20:34:53.941+0000] {processor.py:830} INFO - Processing file /home/airflow/.local/lib/python3.12/site-packages/airflow/example_dags/example_latest_only_with_trigger.py for tasks to queue
[2025-07-24T20:34:53.942+0000] {logging_mixin.py:188} INFO - [2025-07-24T20:34:53.941+0000] {dagbag.py:545} INFO - Filling up the DagBag from /home/airflow/.local/lib/python3.12/site-packages/airflow/example_dags/example_latest_only_with_trigger.py
[2025-07-24T20:34:53.944+0000] {processor.py:840} INFO - DAG(s) 'latest_only_with_trigger' retrieved from /home/airflow/.local/lib/python3.12/site-packages/airflow/example_dags/example_latest_only_with_trigger.py
[2025-07-24T20:34:53.955+0000] {logging_mixin.py:188} INFO - [2025-07-24T20:34:53.955+0000] {dag.py:3096} INFO - Sync 1 DAGs
[2025-07-24T20:34:53.966+0000] {logging_mixin.py:188} INFO - [2025-07-24T20:34:53.966+0000] {dag.py:3954} INFO - Setting next_dagrun for latest_only_with_trigger to 2025-07-24 16:00:00+00:00, run_after=2025-07-24 20:00:00+00:00
[2025-07-24T20:34:53.974+0000] {processor.py:183} INFO - Processing /home/airflow/.local/lib/python3.12/site-packages/airflow/example_dags/example_latest_only_with_trigger.py took 0.038 seconds
[2025-07-24T20:35:24.716+0000] {processor.py:161} INFO - Started process (PID=481) to work on /home/airflow/.local/lib/python3.12/site-packages/airflow/example_dags/example_latest_only_with_trigger.py
[2025-07-24T20:35:24.716+0000] {processor.py:830} INFO - Processing file /home/airflow/.local/lib/python3.12/site-packages/airflow/example_dags/example_latest_only_with_trigger.py for tasks to queue
[2025-07-24T20:35:24.717+0000] {logging_mixin.py:188} INFO - [2025-07-24T20:35:24.717+0000] {dagbag.py:545} INFO - Filling up the DagBag from /home/airflow/.local/lib/python3.12/site-packages/airflow/example_dags/example_latest_only_with_trigger.py
[2025-07-24T20:35:24.720+0000] {processor.py:840} INFO - DAG(s) 'latest_only_with_trigger' retrieved from /home/airflow/.local/lib/python3.12/site-packages/airflow/example_dags/example_latest_only_with_trigger.py
[2025-07-24T20:35:24.731+0000] {logging_mixin.py:188} INFO - [2025-07-24T20:35:24.730+0000] {dag.py:3096} INFO - Sync 1 DAGs
[2025-07-24T20:35:24.740+0000] {logging_mixin.py:188} INFO - [2025-07-24T20:35:24.740+0000] {dag.py:3954} INFO - Setting next_dagrun for latest_only_with_trigger to 2025-07-24 16:00:00+00:00, run_after=2025-07-24 20:00:00+00:00
[2025-07-24T20:35:24.748+0000] {processor.py:183} INFO - Processing /home/airflow/.local/lib/python3.12/site-packages/airflow/example_dags/example_latest_only_with_trigger.py took 0.035 seconds
[2025-07-24T20:36:44.608+0000] {processor.py:161} INFO - Started process (PID=68) to work on /home/airflow/.local/lib/python3.12/site-packages/airflow/example_dags/example_latest_only_with_trigger.py
[2025-07-24T20:36:44.608+0000] {processor.py:830} INFO - Processing file /home/airflow/.local/lib/python3.12/site-packages/airflow/example_dags/example_latest_only_with_trigger.py for tasks to queue
[2025-07-24T20:36:44.609+0000] {logging_mixin.py:188} INFO - [2025-07-24T20:36:44.609+0000] {dagbag.py:545} INFO - Filling up the DagBag from /home/airflow/.local/lib/python3.12/site-packages/airflow/example_dags/example_latest_only_with_trigger.py
[2025-07-24T20:36:44.613+0000] {processor.py:840} INFO - DAG(s) 'latest_only_with_trigger' retrieved from /home/airflow/.local/lib/python3.12/site-packages/airflow/example_dags/example_latest_only_with_trigger.py
[2025-07-24T20:36:44.619+0000] {logging_mixin.py:188} INFO - [2025-07-24T20:36:44.619+0000] {dag.py:3096} INFO - Sync 1 DAGs
[2025-07-24T20:36:44.631+0000] {logging_mixin.py:188} INFO - [2025-07-24T20:36:44.631+0000] {dag.py:3954} INFO - Setting next_dagrun for latest_only_with_trigger to 2025-07-24 16:00:00+00:00, run_after=2025-07-24 20:00:00+00:00
[2025-07-24T20:36:44.641+0000] {processor.py:183} INFO - Processing /home/airflow/.local/lib/python3.12/site-packages/airflow/example_dags/example_latest_only_with_trigger.py took 0.036 seconds
[2025-07-24T20:37:15.180+0000] {processor.py:161} INFO - Started process (PID=126) to work on /home/airflow/.local/lib/python3.12/site-packages/airflow/example_dags/example_latest_only_with_trigger.py
[2025-07-24T20:37:15.180+0000] {processor.py:830} INFO - Processing file /home/airflow/.local/lib/python3.12/site-packages/airflow/example_dags/example_latest_only_with_trigger.py for tasks to queue
[2025-07-24T20:37:15.181+0000] {logging_mixin.py:188} INFO - [2025-07-24T20:37:15.181+0000] {dagbag.py:545} INFO - Filling up the DagBag from /home/airflow/.local/lib/python3.12/site-packages/airflow/example_dags/example_latest_only_with_trigger.py
[2025-07-24T20:37:15.184+0000] {processor.py:840} INFO - DAG(s) 'latest_only_with_trigger' retrieved from /home/airflow/.local/lib/python3.12/site-packages/airflow/example_dags/example_latest_only_with_trigger.py
[2025-07-24T20:37:15.192+0000] {logging_mixin.py:188} INFO - [2025-07-24T20:37:15.191+0000] {dag.py:3096} INFO - Sync 1 DAGs
[2025-07-24T20:37:15.205+0000] {logging_mixin.py:188} INFO - [2025-07-24T20:37:15.205+0000] {dag.py:3954} INFO - Setting next_dagrun for latest_only_with_trigger to 2025-07-24 16:00:00+00:00, run_after=2025-07-24 20:00:00+00:00
[2025-07-24T20:37:15.214+0000] {processor.py:183} INFO - Processing /home/airflow/.local/lib/python3.12/site-packages/airflow/example_dags/example_latest_only_with_trigger.py took 0.038 seconds
[2025-07-24T20:37:46.568+0000] {processor.py:161} INFO - Started process (PID=184) to work on /home/airflow/.local/lib/python3.12/site-packages/airflow/example_dags/example_latest_only_with_trigger.py
[2025-07-24T20:37:46.568+0000] {processor.py:830} INFO - Processing file /home/airflow/.local/lib/python3.12/site-packages/airflow/example_dags/example_latest_only_with_trigger.py for tasks to queue
[2025-07-24T20:37:46.569+0000] {logging_mixin.py:188} INFO - [2025-07-24T20:37:46.569+0000] {dagbag.py:545} INFO - Filling up the DagBag from /home/airflow/.local/lib/python3.12/site-packages/airflow/example_dags/example_latest_only_with_trigger.py
[2025-07-24T20:37:46.573+0000] {processor.py:840} INFO - DAG(s) 'latest_only_with_trigger' retrieved from /home/airflow/.local/lib/python3.12/site-packages/airflow/example_dags/example_latest_only_with_trigger.py
[2025-07-24T20:37:46.629+0000] {logging_mixin.py:188} INFO - [2025-07-24T20:37:46.629+0000] {dag.py:3096} INFO - Sync 1 DAGs
[2025-07-24T20:37:46.639+0000] {logging_mixin.py:188} INFO - [2025-07-24T20:37:46.639+0000] {dag.py:3954} INFO - Setting next_dagrun for latest_only_with_trigger to 2025-07-24 16:00:00+00:00, run_after=2025-07-24 20:00:00+00:00
[2025-07-24T20:37:46.648+0000] {processor.py:183} INFO - Processing /home/airflow/.local/lib/python3.12/site-packages/airflow/example_dags/example_latest_only_with_trigger.py took 0.084 seconds
[2025-07-24T20:38:16.686+0000] {processor.py:161} INFO - Started process (PID=242) to work on /home/airflow/.local/lib/python3.12/site-packages/airflow/example_dags/example_latest_only_with_trigger.py
[2025-07-24T20:38:16.687+0000] {processor.py:830} INFO - Processing file /home/airflow/.local/lib/python3.12/site-packages/airflow/example_dags/example_latest_only_with_trigger.py for tasks to queue
[2025-07-24T20:38:16.688+0000] {logging_mixin.py:188} INFO - [2025-07-24T20:38:16.688+0000] {dagbag.py:545} INFO - Filling up the DagBag from /home/airflow/.local/lib/python3.12/site-packages/airflow/example_dags/example_latest_only_with_trigger.py
[2025-07-24T20:38:16.690+0000] {processor.py:840} INFO - DAG(s) 'latest_only_with_trigger' retrieved from /home/airflow/.local/lib/python3.12/site-packages/airflow/example_dags/example_latest_only_with_trigger.py
[2025-07-24T20:38:16.702+0000] {logging_mixin.py:188} INFO - [2025-07-24T20:38:16.701+0000] {dag.py:3096} INFO - Sync 1 DAGs
[2025-07-24T20:38:16.712+0000] {logging_mixin.py:188} INFO - [2025-07-24T20:38:16.712+0000] {dag.py:3954} INFO - Setting next_dagrun for latest_only_with_trigger to 2025-07-24 16:00:00+00:00, run_after=2025-07-24 20:00:00+00:00
[2025-07-24T20:38:16.721+0000] {processor.py:183} INFO - Processing /home/airflow/.local/lib/python3.12/site-packages/airflow/example_dags/example_latest_only_with_trigger.py took 0.038 seconds
[2025-07-24T20:38:47.401+0000] {processor.py:161} INFO - Started process (PID=306) to work on /home/airflow/.local/lib/python3.12/site-packages/airflow/example_dags/example_latest_only_with_trigger.py
[2025-07-24T20:38:47.401+0000] {processor.py:830} INFO - Processing file /home/airflow/.local/lib/python3.12/site-packages/airflow/example_dags/example_latest_only_with_trigger.py for tasks to queue
[2025-07-24T20:38:47.402+0000] {logging_mixin.py:188} INFO - [2025-07-24T20:38:47.402+0000] {dagbag.py:545} INFO - Filling up the DagBag from /home/airflow/.local/lib/python3.12/site-packages/airflow/example_dags/example_latest_only_with_trigger.py
[2025-07-24T20:38:47.405+0000] {processor.py:840} INFO - DAG(s) 'latest_only_with_trigger' retrieved from /home/airflow/.local/lib/python3.12/site-packages/airflow/example_dags/example_latest_only_with_trigger.py
[2025-07-24T20:38:47.417+0000] {logging_mixin.py:188} INFO - [2025-07-24T20:38:47.416+0000] {dag.py:3096} INFO - Sync 1 DAGs
[2025-07-24T20:38:47.428+0000] {logging_mixin.py:188} INFO - [2025-07-24T20:38:47.428+0000] {dag.py:3954} INFO - Setting next_dagrun for latest_only_with_trigger to 2025-07-24 16:00:00+00:00, run_after=2025-07-24 20:00:00+00:00
[2025-07-24T20:38:47.436+0000] {processor.py:183} INFO - Processing /home/airflow/.local/lib/python3.12/site-packages/airflow/example_dags/example_latest_only_with_trigger.py took 0.039 seconds
[2025-07-24T20:39:18.188+0000] {processor.py:161} INFO - Started process (PID=364) to work on /home/airflow/.local/lib/python3.12/site-packages/airflow/example_dags/example_latest_only_with_trigger.py
[2025-07-24T20:39:18.189+0000] {processor.py:830} INFO - Processing file /home/airflow/.local/lib/python3.12/site-packages/airflow/example_dags/example_latest_only_with_trigger.py for tasks to queue
[2025-07-24T20:39:18.190+0000] {logging_mixin.py:188} INFO - [2025-07-24T20:39:18.190+0000] {dagbag.py:545} INFO - Filling up the DagBag from /home/airflow/.local/lib/python3.12/site-packages/airflow/example_dags/example_latest_only_with_trigger.py
[2025-07-24T20:39:18.192+0000] {processor.py:840} INFO - DAG(s) 'latest_only_with_trigger' retrieved from /home/airflow/.local/lib/python3.12/site-packages/airflow/example_dags/example_latest_only_with_trigger.py
[2025-07-24T20:39:18.203+0000] {logging_mixin.py:188} INFO - [2025-07-24T20:39:18.203+0000] {dag.py:3096} INFO - Sync 1 DAGs
[2025-07-24T20:39:18.214+0000] {logging_mixin.py:188} INFO - [2025-07-24T20:39:18.214+0000] {dag.py:3954} INFO - Setting next_dagrun for latest_only_with_trigger to 2025-07-24 16:00:00+00:00, run_after=2025-07-24 20:00:00+00:00
[2025-07-24T20:39:18.222+0000] {processor.py:183} INFO - Processing /home/airflow/.local/lib/python3.12/site-packages/airflow/example_dags/example_latest_only_with_trigger.py took 0.037 seconds
[2025-07-24T20:39:48.886+0000] {processor.py:161} INFO - Started process (PID=422) to work on /home/airflow/.local/lib/python3.12/site-packages/airflow/example_dags/example_latest_only_with_trigger.py
[2025-07-24T20:39:48.886+0000] {processor.py:830} INFO - Processing file /home/airflow/.local/lib/python3.12/site-packages/airflow/example_dags/example_latest_only_with_trigger.py for tasks to queue
[2025-07-24T20:39:48.887+0000] {logging_mixin.py:188} INFO - [2025-07-24T20:39:48.887+0000] {dagbag.py:545} INFO - Filling up the DagBag from /home/airflow/.local/lib/python3.12/site-packages/airflow/example_dags/example_latest_only_with_trigger.py
[2025-07-24T20:39:48.890+0000] {processor.py:840} INFO - DAG(s) 'latest_only_with_trigger' retrieved from /home/airflow/.local/lib/python3.12/site-packages/airflow/example_dags/example_latest_only_with_trigger.py
[2025-07-24T20:39:48.901+0000] {logging_mixin.py:188} INFO - [2025-07-24T20:39:48.901+0000] {dag.py:3096} INFO - Sync 1 DAGs
[2025-07-24T20:39:48.911+0000] {logging_mixin.py:188} INFO - [2025-07-24T20:39:48.911+0000] {dag.py:3954} INFO - Setting next_dagrun for latest_only_with_trigger to 2025-07-24 16:00:00+00:00, run_after=2025-07-24 20:00:00+00:00
[2025-07-24T20:39:48.919+0000] {processor.py:183} INFO - Processing /home/airflow/.local/lib/python3.12/site-packages/airflow/example_dags/example_latest_only_with_trigger.py took 0.037 seconds
[2025-07-24T20:40:19.577+0000] {processor.py:161} INFO - Started process (PID=480) to work on /home/airflow/.local/lib/python3.12/site-packages/airflow/example_dags/example_latest_only_with_trigger.py
[2025-07-24T20:40:19.577+0000] {processor.py:830} INFO - Processing file /home/airflow/.local/lib/python3.12/site-packages/airflow/example_dags/example_latest_only_with_trigger.py for tasks to queue
[2025-07-24T20:40:19.578+0000] {logging_mixin.py:188} INFO - [2025-07-24T20:40:19.578+0000] {dagbag.py:545} INFO - Filling up the DagBag from /home/airflow/.local/lib/python3.12/site-packages/airflow/example_dags/example_latest_only_with_trigger.py
[2025-07-24T20:40:19.581+0000] {processor.py:840} INFO - DAG(s) 'latest_only_with_trigger' retrieved from /home/airflow/.local/lib/python3.12/site-packages/airflow/example_dags/example_latest_only_with_trigger.py
[2025-07-24T20:40:19.593+0000] {logging_mixin.py:188} INFO - [2025-07-24T20:40:19.593+0000] {dag.py:3096} INFO - Sync 1 DAGs
[2025-07-24T20:40:19.604+0000] {logging_mixin.py:188} INFO - [2025-07-24T20:40:19.604+0000] {dag.py:3954} INFO - Setting next_dagrun for latest_only_with_trigger to 2025-07-24 16:00:00+00:00, run_after=2025-07-24 20:00:00+00:00
[2025-07-24T20:40:19.612+0000] {processor.py:183} INFO - Processing /home/airflow/.local/lib/python3.12/site-packages/airflow/example_dags/example_latest_only_with_trigger.py took 0.039 seconds
[2025-07-24T20:40:50.512+0000] {processor.py:161} INFO - Started process (PID=538) to work on /home/airflow/.local/lib/python3.12/site-packages/airflow/example_dags/example_latest_only_with_trigger.py
[2025-07-24T20:40:50.513+0000] {processor.py:830} INFO - Processing file /home/airflow/.local/lib/python3.12/site-packages/airflow/example_dags/example_latest_only_with_trigger.py for tasks to queue
[2025-07-24T20:40:50.514+0000] {logging_mixin.py:188} INFO - [2025-07-24T20:40:50.514+0000] {dagbag.py:545} INFO - Filling up the DagBag from /home/airflow/.local/lib/python3.12/site-packages/airflow/example_dags/example_latest_only_with_trigger.py
[2025-07-24T20:40:50.517+0000] {processor.py:840} INFO - DAG(s) 'latest_only_with_trigger' retrieved from /home/airflow/.local/lib/python3.12/site-packages/airflow/example_dags/example_latest_only_with_trigger.py
[2025-07-24T20:40:50.527+0000] {logging_mixin.py:188} INFO - [2025-07-24T20:40:50.527+0000] {dag.py:3096} INFO - Sync 1 DAGs
[2025-07-24T20:40:50.538+0000] {logging_mixin.py:188} INFO - [2025-07-24T20:40:50.538+0000] {dag.py:3954} INFO - Setting next_dagrun for latest_only_with_trigger to 2025-07-24 16:00:00+00:00, run_after=2025-07-24 20:00:00+00:00
[2025-07-24T20:40:50.546+0000] {processor.py:183} INFO - Processing /home/airflow/.local/lib/python3.12/site-packages/airflow/example_dags/example_latest_only_with_trigger.py took 0.037 seconds
[2025-07-24T20:41:21.573+0000] {processor.py:161} INFO - Started process (PID=596) to work on /home/airflow/.local/lib/python3.12/site-packages/airflow/example_dags/example_latest_only_with_trigger.py
[2025-07-24T20:41:21.573+0000] {processor.py:830} INFO - Processing file /home/airflow/.local/lib/python3.12/site-packages/airflow/example_dags/example_latest_only_with_trigger.py for tasks to queue
[2025-07-24T20:41:21.574+0000] {logging_mixin.py:188} INFO - [2025-07-24T20:41:21.574+0000] {dagbag.py:545} INFO - Filling up the DagBag from /home/airflow/.local/lib/python3.12/site-packages/airflow/example_dags/example_latest_only_with_trigger.py
[2025-07-24T20:41:21.577+0000] {processor.py:840} INFO - DAG(s) 'latest_only_with_trigger' retrieved from /home/airflow/.local/lib/python3.12/site-packages/airflow/example_dags/example_latest_only_with_trigger.py
[2025-07-24T20:41:21.588+0000] {logging_mixin.py:188} INFO - [2025-07-24T20:41:21.588+0000] {dag.py:3096} INFO - Sync 1 DAGs
[2025-07-24T20:41:21.598+0000] {logging_mixin.py:188} INFO - [2025-07-24T20:41:21.598+0000] {dag.py:3954} INFO - Setting next_dagrun for latest_only_with_trigger to 2025-07-24 16:00:00+00:00, run_after=2025-07-24 20:00:00+00:00
[2025-07-24T20:41:21.606+0000] {processor.py:183} INFO - Processing /home/airflow/.local/lib/python3.12/site-packages/airflow/example_dags/example_latest_only_with_trigger.py took 0.036 seconds
[2025-07-24T20:41:52.360+0000] {processor.py:161} INFO - Started process (PID=654) to work on /home/airflow/.local/lib/python3.12/site-packages/airflow/example_dags/example_latest_only_with_trigger.py
[2025-07-24T20:41:52.360+0000] {processor.py:830} INFO - Processing file /home/airflow/.local/lib/python3.12/site-packages/airflow/example_dags/example_latest_only_with_trigger.py for tasks to queue
[2025-07-24T20:41:52.362+0000] {logging_mixin.py:188} INFO - [2025-07-24T20:41:52.361+0000] {dagbag.py:545} INFO - Filling up the DagBag from /home/airflow/.local/lib/python3.12/site-packages/airflow/example_dags/example_latest_only_with_trigger.py
[2025-07-24T20:41:52.364+0000] {processor.py:840} INFO - DAG(s) 'latest_only_with_trigger' retrieved from /home/airflow/.local/lib/python3.12/site-packages/airflow/example_dags/example_latest_only_with_trigger.py
[2025-07-24T20:41:52.376+0000] {logging_mixin.py:188} INFO - [2025-07-24T20:41:52.376+0000] {dag.py:3096} INFO - Sync 1 DAGs
[2025-07-24T20:41:52.389+0000] {logging_mixin.py:188} INFO - [2025-07-24T20:41:52.389+0000] {dag.py:3954} INFO - Setting next_dagrun for latest_only_with_trigger to 2025-07-24 16:00:00+00:00, run_after=2025-07-24 20:00:00+00:00
[2025-07-24T20:41:52.398+0000] {processor.py:183} INFO - Processing /home/airflow/.local/lib/python3.12/site-packages/airflow/example_dags/example_latest_only_with_trigger.py took 0.042 seconds
[2025-07-24T20:42:23.253+0000] {processor.py:161} INFO - Started process (PID=712) to work on /home/airflow/.local/lib/python3.12/site-packages/airflow/example_dags/example_latest_only_with_trigger.py
[2025-07-24T20:42:23.253+0000] {processor.py:830} INFO - Processing file /home/airflow/.local/lib/python3.12/site-packages/airflow/example_dags/example_latest_only_with_trigger.py for tasks to queue
[2025-07-24T20:42:23.254+0000] {logging_mixin.py:188} INFO - [2025-07-24T20:42:23.254+0000] {dagbag.py:545} INFO - Filling up the DagBag from /home/airflow/.local/lib/python3.12/site-packages/airflow/example_dags/example_latest_only_with_trigger.py
[2025-07-24T20:42:23.257+0000] {processor.py:840} INFO - DAG(s) 'latest_only_with_trigger' retrieved from /home/airflow/.local/lib/python3.12/site-packages/airflow/example_dags/example_latest_only_with_trigger.py
[2025-07-24T20:42:23.268+0000] {logging_mixin.py:188} INFO - [2025-07-24T20:42:23.268+0000] {dag.py:3096} INFO - Sync 1 DAGs
[2025-07-24T20:42:23.279+0000] {logging_mixin.py:188} INFO - [2025-07-24T20:42:23.279+0000] {dag.py:3954} INFO - Setting next_dagrun for latest_only_with_trigger to 2025-07-24 16:00:00+00:00, run_after=2025-07-24 20:00:00+00:00
[2025-07-24T20:42:23.287+0000] {processor.py:183} INFO - Processing /home/airflow/.local/lib/python3.12/site-packages/airflow/example_dags/example_latest_only_with_trigger.py took 0.037 seconds
[2025-07-24T20:43:17.115+0000] {processor.py:161} INFO - Started process (PID=68) to work on /home/airflow/.local/lib/python3.12/site-packages/airflow/example_dags/example_latest_only_with_trigger.py
[2025-07-24T20:43:17.115+0000] {processor.py:830} INFO - Processing file /home/airflow/.local/lib/python3.12/site-packages/airflow/example_dags/example_latest_only_with_trigger.py for tasks to queue
[2025-07-24T20:43:17.116+0000] {logging_mixin.py:188} INFO - [2025-07-24T20:43:17.116+0000] {dagbag.py:545} INFO - Filling up the DagBag from /home/airflow/.local/lib/python3.12/site-packages/airflow/example_dags/example_latest_only_with_trigger.py
[2025-07-24T20:43:17.119+0000] {processor.py:840} INFO - DAG(s) 'latest_only_with_trigger' retrieved from /home/airflow/.local/lib/python3.12/site-packages/airflow/example_dags/example_latest_only_with_trigger.py
[2025-07-24T20:43:17.126+0000] {logging_mixin.py:188} INFO - [2025-07-24T20:43:17.126+0000] {dag.py:3096} INFO - Sync 1 DAGs
[2025-07-24T20:43:17.139+0000] {logging_mixin.py:188} INFO - [2025-07-24T20:43:17.139+0000] {dag.py:3954} INFO - Setting next_dagrun for latest_only_with_trigger to 2025-07-24 16:00:00+00:00, run_after=2025-07-24 20:00:00+00:00
[2025-07-24T20:43:17.148+0000] {processor.py:183} INFO - Processing /home/airflow/.local/lib/python3.12/site-packages/airflow/example_dags/example_latest_only_with_trigger.py took 0.036 seconds
[2025-07-24T20:43:48.431+0000] {processor.py:161} INFO - Started process (PID=126) to work on /home/airflow/.local/lib/python3.12/site-packages/airflow/example_dags/example_latest_only_with_trigger.py
[2025-07-24T20:43:48.431+0000] {processor.py:830} INFO - Processing file /home/airflow/.local/lib/python3.12/site-packages/airflow/example_dags/example_latest_only_with_trigger.py for tasks to queue
[2025-07-24T20:43:48.432+0000] {logging_mixin.py:188} INFO - [2025-07-24T20:43:48.432+0000] {dagbag.py:545} INFO - Filling up the DagBag from /home/airflow/.local/lib/python3.12/site-packages/airflow/example_dags/example_latest_only_with_trigger.py
[2025-07-24T20:43:48.435+0000] {processor.py:840} INFO - DAG(s) 'latest_only_with_trigger' retrieved from /home/airflow/.local/lib/python3.12/site-packages/airflow/example_dags/example_latest_only_with_trigger.py
[2025-07-24T20:43:48.491+0000] {logging_mixin.py:188} INFO - [2025-07-24T20:43:48.491+0000] {dag.py:3096} INFO - Sync 1 DAGs
[2025-07-24T20:43:48.502+0000] {logging_mixin.py:188} INFO - [2025-07-24T20:43:48.502+0000] {dag.py:3954} INFO - Setting next_dagrun for latest_only_with_trigger to 2025-07-24 16:00:00+00:00, run_after=2025-07-24 20:00:00+00:00
[2025-07-24T20:43:48.511+0000] {processor.py:183} INFO - Processing /home/airflow/.local/lib/python3.12/site-packages/airflow/example_dags/example_latest_only_with_trigger.py took 0.084 seconds
[2025-07-24T20:44:19.010+0000] {processor.py:161} INFO - Started process (PID=184) to work on /home/airflow/.local/lib/python3.12/site-packages/airflow/example_dags/example_latest_only_with_trigger.py
[2025-07-24T20:44:19.011+0000] {processor.py:830} INFO - Processing file /home/airflow/.local/lib/python3.12/site-packages/airflow/example_dags/example_latest_only_with_trigger.py for tasks to queue
[2025-07-24T20:44:19.012+0000] {logging_mixin.py:188} INFO - [2025-07-24T20:44:19.011+0000] {dagbag.py:545} INFO - Filling up the DagBag from /home/airflow/.local/lib/python3.12/site-packages/airflow/example_dags/example_latest_only_with_trigger.py
[2025-07-24T20:44:19.014+0000] {processor.py:840} INFO - DAG(s) 'latest_only_with_trigger' retrieved from /home/airflow/.local/lib/python3.12/site-packages/airflow/example_dags/example_latest_only_with_trigger.py
[2025-07-24T20:44:19.027+0000] {logging_mixin.py:188} INFO - [2025-07-24T20:44:19.027+0000] {dag.py:3096} INFO - Sync 1 DAGs
[2025-07-24T20:44:19.039+0000] {logging_mixin.py:188} INFO - [2025-07-24T20:44:19.039+0000] {dag.py:3954} INFO - Setting next_dagrun for latest_only_with_trigger to 2025-07-24 16:00:00+00:00, run_after=2025-07-24 20:00:00+00:00
[2025-07-24T20:44:19.048+0000] {processor.py:183} INFO - Processing /home/airflow/.local/lib/python3.12/site-packages/airflow/example_dags/example_latest_only_with_trigger.py took 0.042 seconds
[2025-07-24T20:44:49.111+0000] {processor.py:161} INFO - Started process (PID=242) to work on /home/airflow/.local/lib/python3.12/site-packages/airflow/example_dags/example_latest_only_with_trigger.py
[2025-07-24T20:44:49.111+0000] {processor.py:830} INFO - Processing file /home/airflow/.local/lib/python3.12/site-packages/airflow/example_dags/example_latest_only_with_trigger.py for tasks to queue
[2025-07-24T20:44:49.112+0000] {logging_mixin.py:188} INFO - [2025-07-24T20:44:49.112+0000] {dagbag.py:545} INFO - Filling up the DagBag from /home/airflow/.local/lib/python3.12/site-packages/airflow/example_dags/example_latest_only_with_trigger.py
[2025-07-24T20:44:49.115+0000] {processor.py:840} INFO - DAG(s) 'latest_only_with_trigger' retrieved from /home/airflow/.local/lib/python3.12/site-packages/airflow/example_dags/example_latest_only_with_trigger.py
[2025-07-24T20:44:49.126+0000] {logging_mixin.py:188} INFO - [2025-07-24T20:44:49.126+0000] {dag.py:3096} INFO - Sync 1 DAGs
[2025-07-24T20:44:49.137+0000] {logging_mixin.py:188} INFO - [2025-07-24T20:44:49.137+0000] {dag.py:3954} INFO - Setting next_dagrun for latest_only_with_trigger to 2025-07-24 16:00:00+00:00, run_after=2025-07-24 20:00:00+00:00
[2025-07-24T20:44:49.147+0000] {processor.py:183} INFO - Processing /home/airflow/.local/lib/python3.12/site-packages/airflow/example_dags/example_latest_only_with_trigger.py took 0.039 seconds
[2025-07-24T20:45:19.173+0000] {processor.py:161} INFO - Started process (PID=300) to work on /home/airflow/.local/lib/python3.12/site-packages/airflow/example_dags/example_latest_only_with_trigger.py
[2025-07-24T20:45:19.173+0000] {processor.py:830} INFO - Processing file /home/airflow/.local/lib/python3.12/site-packages/airflow/example_dags/example_latest_only_with_trigger.py for tasks to queue
[2025-07-24T20:45:19.174+0000] {logging_mixin.py:188} INFO - [2025-07-24T20:45:19.174+0000] {dagbag.py:545} INFO - Filling up the DagBag from /home/airflow/.local/lib/python3.12/site-packages/airflow/example_dags/example_latest_only_with_trigger.py
[2025-07-24T20:45:19.177+0000] {processor.py:840} INFO - DAG(s) 'latest_only_with_trigger' retrieved from /home/airflow/.local/lib/python3.12/site-packages/airflow/example_dags/example_latest_only_with_trigger.py
[2025-07-24T20:45:19.187+0000] {logging_mixin.py:188} INFO - [2025-07-24T20:45:19.187+0000] {dag.py:3096} INFO - Sync 1 DAGs
[2025-07-24T20:45:19.196+0000] {logging_mixin.py:188} INFO - [2025-07-24T20:45:19.196+0000] {dag.py:3954} INFO - Setting next_dagrun for latest_only_with_trigger to 2025-07-24 16:00:00+00:00, run_after=2025-07-24 20:00:00+00:00
[2025-07-24T20:45:19.204+0000] {processor.py:183} INFO - Processing /home/airflow/.local/lib/python3.12/site-packages/airflow/example_dags/example_latest_only_with_trigger.py took 0.035 seconds
[2025-07-24T20:45:49.777+0000] {processor.py:161} INFO - Started process (PID=358) to work on /home/airflow/.local/lib/python3.12/site-packages/airflow/example_dags/example_latest_only_with_trigger.py
[2025-07-24T20:45:49.777+0000] {processor.py:830} INFO - Processing file /home/airflow/.local/lib/python3.12/site-packages/airflow/example_dags/example_latest_only_with_trigger.py for tasks to queue
[2025-07-24T20:45:49.778+0000] {logging_mixin.py:188} INFO - [2025-07-24T20:45:49.778+0000] {dagbag.py:545} INFO - Filling up the DagBag from /home/airflow/.local/lib/python3.12/site-packages/airflow/example_dags/example_latest_only_with_trigger.py
[2025-07-24T20:45:49.781+0000] {processor.py:840} INFO - DAG(s) 'latest_only_with_trigger' retrieved from /home/airflow/.local/lib/python3.12/site-packages/airflow/example_dags/example_latest_only_with_trigger.py
[2025-07-24T20:45:49.793+0000] {logging_mixin.py:188} INFO - [2025-07-24T20:45:49.792+0000] {dag.py:3096} INFO - Sync 1 DAGs
[2025-07-24T20:45:49.803+0000] {logging_mixin.py:188} INFO - [2025-07-24T20:45:49.803+0000] {dag.py:3954} INFO - Setting next_dagrun for latest_only_with_trigger to 2025-07-24 16:00:00+00:00, run_after=2025-07-24 20:00:00+00:00
[2025-07-24T20:45:49.812+0000] {processor.py:183} INFO - Processing /home/airflow/.local/lib/python3.12/site-packages/airflow/example_dags/example_latest_only_with_trigger.py took 0.039 seconds
[2025-07-24T20:46:20.456+0000] {processor.py:161} INFO - Started process (PID=422) to work on /home/airflow/.local/lib/python3.12/site-packages/airflow/example_dags/example_latest_only_with_trigger.py
[2025-07-24T20:46:20.457+0000] {processor.py:830} INFO - Processing file /home/airflow/.local/lib/python3.12/site-packages/airflow/example_dags/example_latest_only_with_trigger.py for tasks to queue
[2025-07-24T20:46:20.458+0000] {logging_mixin.py:188} INFO - [2025-07-24T20:46:20.457+0000] {dagbag.py:545} INFO - Filling up the DagBag from /home/airflow/.local/lib/python3.12/site-packages/airflow/example_dags/example_latest_only_with_trigger.py
[2025-07-24T20:46:20.461+0000] {processor.py:840} INFO - DAG(s) 'latest_only_with_trigger' retrieved from /home/airflow/.local/lib/python3.12/site-packages/airflow/example_dags/example_latest_only_with_trigger.py
[2025-07-24T20:46:20.474+0000] {logging_mixin.py:188} INFO - [2025-07-24T20:46:20.474+0000] {dag.py:3096} INFO - Sync 1 DAGs
[2025-07-24T20:46:20.487+0000] {logging_mixin.py:188} INFO - [2025-07-24T20:46:20.487+0000] {dag.py:3954} INFO - Setting next_dagrun for latest_only_with_trigger to 2025-07-24 16:00:00+00:00, run_after=2025-07-24 20:00:00+00:00
[2025-07-24T20:46:20.498+0000] {processor.py:183} INFO - Processing /home/airflow/.local/lib/python3.12/site-packages/airflow/example_dags/example_latest_only_with_trigger.py took 0.046 seconds
[2025-07-24T20:46:51.151+0000] {processor.py:161} INFO - Started process (PID=480) to work on /home/airflow/.local/lib/python3.12/site-packages/airflow/example_dags/example_latest_only_with_trigger.py
[2025-07-24T20:46:51.151+0000] {processor.py:830} INFO - Processing file /home/airflow/.local/lib/python3.12/site-packages/airflow/example_dags/example_latest_only_with_trigger.py for tasks to queue
[2025-07-24T20:46:51.152+0000] {logging_mixin.py:188} INFO - [2025-07-24T20:46:51.152+0000] {dagbag.py:545} INFO - Filling up the DagBag from /home/airflow/.local/lib/python3.12/site-packages/airflow/example_dags/example_latest_only_with_trigger.py
[2025-07-24T20:46:51.155+0000] {processor.py:840} INFO - DAG(s) 'latest_only_with_trigger' retrieved from /home/airflow/.local/lib/python3.12/site-packages/airflow/example_dags/example_latest_only_with_trigger.py
[2025-07-24T20:46:51.167+0000] {logging_mixin.py:188} INFO - [2025-07-24T20:46:51.167+0000] {dag.py:3096} INFO - Sync 1 DAGs
[2025-07-24T20:46:51.178+0000] {logging_mixin.py:188} INFO - [2025-07-24T20:46:51.178+0000] {dag.py:3954} INFO - Setting next_dagrun for latest_only_with_trigger to 2025-07-24 16:00:00+00:00, run_after=2025-07-24 20:00:00+00:00
[2025-07-24T20:46:51.186+0000] {processor.py:183} INFO - Processing /home/airflow/.local/lib/python3.12/site-packages/airflow/example_dags/example_latest_only_with_trigger.py took 0.039 seconds
[2025-07-24T20:47:21.807+0000] {processor.py:161} INFO - Started process (PID=538) to work on /home/airflow/.local/lib/python3.12/site-packages/airflow/example_dags/example_latest_only_with_trigger.py
[2025-07-24T20:47:21.807+0000] {processor.py:830} INFO - Processing file /home/airflow/.local/lib/python3.12/site-packages/airflow/example_dags/example_latest_only_with_trigger.py for tasks to queue
[2025-07-24T20:47:21.808+0000] {logging_mixin.py:188} INFO - [2025-07-24T20:47:21.808+0000] {dagbag.py:545} INFO - Filling up the DagBag from /home/airflow/.local/lib/python3.12/site-packages/airflow/example_dags/example_latest_only_with_trigger.py
[2025-07-24T20:47:21.810+0000] {processor.py:840} INFO - DAG(s) 'latest_only_with_trigger' retrieved from /home/airflow/.local/lib/python3.12/site-packages/airflow/example_dags/example_latest_only_with_trigger.py
[2025-07-24T20:47:21.821+0000] {logging_mixin.py:188} INFO - [2025-07-24T20:47:21.821+0000] {dag.py:3096} INFO - Sync 1 DAGs
[2025-07-24T20:47:21.831+0000] {logging_mixin.py:188} INFO - [2025-07-24T20:47:21.831+0000] {dag.py:3954} INFO - Setting next_dagrun for latest_only_with_trigger to 2025-07-24 16:00:00+00:00, run_after=2025-07-24 20:00:00+00:00
[2025-07-24T20:47:21.840+0000] {processor.py:183} INFO - Processing /home/airflow/.local/lib/python3.12/site-packages/airflow/example_dags/example_latest_only_with_trigger.py took 0.037 seconds
[2025-07-24T20:47:52.549+0000] {processor.py:161} INFO - Started process (PID=596) to work on /home/airflow/.local/lib/python3.12/site-packages/airflow/example_dags/example_latest_only_with_trigger.py
[2025-07-24T20:47:52.550+0000] {processor.py:830} INFO - Processing file /home/airflow/.local/lib/python3.12/site-packages/airflow/example_dags/example_latest_only_with_trigger.py for tasks to queue
[2025-07-24T20:47:52.551+0000] {logging_mixin.py:188} INFO - [2025-07-24T20:47:52.551+0000] {dagbag.py:545} INFO - Filling up the DagBag from /home/airflow/.local/lib/python3.12/site-packages/airflow/example_dags/example_latest_only_with_trigger.py
[2025-07-24T20:47:52.554+0000] {processor.py:840} INFO - DAG(s) 'latest_only_with_trigger' retrieved from /home/airflow/.local/lib/python3.12/site-packages/airflow/example_dags/example_latest_only_with_trigger.py
[2025-07-24T20:47:52.566+0000] {logging_mixin.py:188} INFO - [2025-07-24T20:47:52.566+0000] {dag.py:3096} INFO - Sync 1 DAGs
[2025-07-24T20:47:52.578+0000] {logging_mixin.py:188} INFO - [2025-07-24T20:47:52.577+0000] {dag.py:3954} INFO - Setting next_dagrun for latest_only_with_trigger to 2025-07-24 16:00:00+00:00, run_after=2025-07-24 20:00:00+00:00
[2025-07-24T20:47:52.587+0000] {processor.py:183} INFO - Processing /home/airflow/.local/lib/python3.12/site-packages/airflow/example_dags/example_latest_only_with_trigger.py took 0.041 seconds
[2025-07-24T20:48:23.177+0000] {processor.py:161} INFO - Started process (PID=654) to work on /home/airflow/.local/lib/python3.12/site-packages/airflow/example_dags/example_latest_only_with_trigger.py
[2025-07-24T20:48:23.178+0000] {processor.py:830} INFO - Processing file /home/airflow/.local/lib/python3.12/site-packages/airflow/example_dags/example_latest_only_with_trigger.py for tasks to queue
[2025-07-24T20:48:23.179+0000] {logging_mixin.py:188} INFO - [2025-07-24T20:48:23.179+0000] {dagbag.py:545} INFO - Filling up the DagBag from /home/airflow/.local/lib/python3.12/site-packages/airflow/example_dags/example_latest_only_with_trigger.py
[2025-07-24T20:48:23.182+0000] {processor.py:840} INFO - DAG(s) 'latest_only_with_trigger' retrieved from /home/airflow/.local/lib/python3.12/site-packages/airflow/example_dags/example_latest_only_with_trigger.py
[2025-07-24T20:48:23.194+0000] {logging_mixin.py:188} INFO - [2025-07-24T20:48:23.194+0000] {dag.py:3096} INFO - Sync 1 DAGs
[2025-07-24T20:48:23.205+0000] {logging_mixin.py:188} INFO - [2025-07-24T20:48:23.205+0000] {dag.py:3954} INFO - Setting next_dagrun for latest_only_with_trigger to 2025-07-24 16:00:00+00:00, run_after=2025-07-24 20:00:00+00:00
[2025-07-24T20:48:23.214+0000] {processor.py:183} INFO - Processing /home/airflow/.local/lib/python3.12/site-packages/airflow/example_dags/example_latest_only_with_trigger.py took 0.040 seconds
[2025-07-24T20:48:53.777+0000] {processor.py:161} INFO - Started process (PID=712) to work on /home/airflow/.local/lib/python3.12/site-packages/airflow/example_dags/example_latest_only_with_trigger.py
[2025-07-24T20:48:53.777+0000] {processor.py:830} INFO - Processing file /home/airflow/.local/lib/python3.12/site-packages/airflow/example_dags/example_latest_only_with_trigger.py for tasks to queue
[2025-07-24T20:48:53.778+0000] {logging_mixin.py:188} INFO - [2025-07-24T20:48:53.778+0000] {dagbag.py:545} INFO - Filling up the DagBag from /home/airflow/.local/lib/python3.12/site-packages/airflow/example_dags/example_latest_only_with_trigger.py
[2025-07-24T20:48:53.781+0000] {processor.py:840} INFO - DAG(s) 'latest_only_with_trigger' retrieved from /home/airflow/.local/lib/python3.12/site-packages/airflow/example_dags/example_latest_only_with_trigger.py
[2025-07-24T20:48:53.792+0000] {logging_mixin.py:188} INFO - [2025-07-24T20:48:53.792+0000] {dag.py:3096} INFO - Sync 1 DAGs
[2025-07-24T20:48:53.804+0000] {logging_mixin.py:188} INFO - [2025-07-24T20:48:53.804+0000] {dag.py:3954} INFO - Setting next_dagrun for latest_only_with_trigger to 2025-07-24 16:00:00+00:00, run_after=2025-07-24 20:00:00+00:00
[2025-07-24T20:48:53.812+0000] {processor.py:183} INFO - Processing /home/airflow/.local/lib/python3.12/site-packages/airflow/example_dags/example_latest_only_with_trigger.py took 0.038 seconds
[2025-07-24T20:49:24.401+0000] {processor.py:161} INFO - Started process (PID=770) to work on /home/airflow/.local/lib/python3.12/site-packages/airflow/example_dags/example_latest_only_with_trigger.py
[2025-07-24T20:49:24.401+0000] {processor.py:830} INFO - Processing file /home/airflow/.local/lib/python3.12/site-packages/airflow/example_dags/example_latest_only_with_trigger.py for tasks to queue
[2025-07-24T20:49:24.402+0000] {logging_mixin.py:188} INFO - [2025-07-24T20:49:24.402+0000] {dagbag.py:545} INFO - Filling up the DagBag from /home/airflow/.local/lib/python3.12/site-packages/airflow/example_dags/example_latest_only_with_trigger.py
[2025-07-24T20:49:24.405+0000] {processor.py:840} INFO - DAG(s) 'latest_only_with_trigger' retrieved from /home/airflow/.local/lib/python3.12/site-packages/airflow/example_dags/example_latest_only_with_trigger.py
[2025-07-24T20:49:24.417+0000] {logging_mixin.py:188} INFO - [2025-07-24T20:49:24.417+0000] {dag.py:3096} INFO - Sync 1 DAGs
[2025-07-24T20:49:24.429+0000] {logging_mixin.py:188} INFO - [2025-07-24T20:49:24.429+0000] {dag.py:3954} INFO - Setting next_dagrun for latest_only_with_trigger to 2025-07-24 16:00:00+00:00, run_after=2025-07-24 20:00:00+00:00
[2025-07-24T20:49:24.439+0000] {processor.py:183} INFO - Processing /home/airflow/.local/lib/python3.12/site-packages/airflow/example_dags/example_latest_only_with_trigger.py took 0.042 seconds
[2025-07-24T20:49:55.023+0000] {processor.py:161} INFO - Started process (PID=828) to work on /home/airflow/.local/lib/python3.12/site-packages/airflow/example_dags/example_latest_only_with_trigger.py
[2025-07-24T20:49:55.023+0000] {processor.py:830} INFO - Processing file /home/airflow/.local/lib/python3.12/site-packages/airflow/example_dags/example_latest_only_with_trigger.py for tasks to queue
[2025-07-24T20:49:55.024+0000] {logging_mixin.py:188} INFO - [2025-07-24T20:49:55.024+0000] {dagbag.py:545} INFO - Filling up the DagBag from /home/airflow/.local/lib/python3.12/site-packages/airflow/example_dags/example_latest_only_with_trigger.py
[2025-07-24T20:49:55.027+0000] {processor.py:840} INFO - DAG(s) 'latest_only_with_trigger' retrieved from /home/airflow/.local/lib/python3.12/site-packages/airflow/example_dags/example_latest_only_with_trigger.py
[2025-07-24T20:49:55.037+0000] {logging_mixin.py:188} INFO - [2025-07-24T20:49:55.037+0000] {dag.py:3096} INFO - Sync 1 DAGs
[2025-07-24T20:49:55.048+0000] {logging_mixin.py:188} INFO - [2025-07-24T20:49:55.048+0000] {dag.py:3954} INFO - Setting next_dagrun for latest_only_with_trigger to 2025-07-24 16:00:00+00:00, run_after=2025-07-24 20:00:00+00:00
[2025-07-24T20:49:55.057+0000] {processor.py:183} INFO - Processing /home/airflow/.local/lib/python3.12/site-packages/airflow/example_dags/example_latest_only_with_trigger.py took 0.038 seconds
[2025-07-24T20:50:25.803+0000] {processor.py:161} INFO - Started process (PID=886) to work on /home/airflow/.local/lib/python3.12/site-packages/airflow/example_dags/example_latest_only_with_trigger.py
[2025-07-24T20:50:25.804+0000] {processor.py:830} INFO - Processing file /home/airflow/.local/lib/python3.12/site-packages/airflow/example_dags/example_latest_only_with_trigger.py for tasks to queue
[2025-07-24T20:50:25.804+0000] {logging_mixin.py:188} INFO - [2025-07-24T20:50:25.804+0000] {dagbag.py:545} INFO - Filling up the DagBag from /home/airflow/.local/lib/python3.12/site-packages/airflow/example_dags/example_latest_only_with_trigger.py
[2025-07-24T20:50:25.807+0000] {processor.py:840} INFO - DAG(s) 'latest_only_with_trigger' retrieved from /home/airflow/.local/lib/python3.12/site-packages/airflow/example_dags/example_latest_only_with_trigger.py
[2025-07-24T20:50:25.818+0000] {logging_mixin.py:188} INFO - [2025-07-24T20:50:25.818+0000] {dag.py:3096} INFO - Sync 1 DAGs
[2025-07-24T20:50:25.829+0000] {logging_mixin.py:188} INFO - [2025-07-24T20:50:25.829+0000] {dag.py:3954} INFO - Setting next_dagrun for latest_only_with_trigger to 2025-07-24 16:00:00+00:00, run_after=2025-07-24 20:00:00+00:00
[2025-07-24T20:50:25.839+0000] {processor.py:183} INFO - Processing /home/airflow/.local/lib/python3.12/site-packages/airflow/example_dags/example_latest_only_with_trigger.py took 0.039 seconds
[2025-07-24T20:50:55.871+0000] {processor.py:161} INFO - Started process (PID=944) to work on /home/airflow/.local/lib/python3.12/site-packages/airflow/example_dags/example_latest_only_with_trigger.py
[2025-07-24T20:50:55.871+0000] {processor.py:830} INFO - Processing file /home/airflow/.local/lib/python3.12/site-packages/airflow/example_dags/example_latest_only_with_trigger.py for tasks to queue
[2025-07-24T20:50:55.872+0000] {logging_mixin.py:188} INFO - [2025-07-24T20:50:55.872+0000] {dagbag.py:545} INFO - Filling up the DagBag from /home/airflow/.local/lib/python3.12/site-packages/airflow/example_dags/example_latest_only_with_trigger.py
[2025-07-24T20:50:55.875+0000] {processor.py:840} INFO - DAG(s) 'latest_only_with_trigger' retrieved from /home/airflow/.local/lib/python3.12/site-packages/airflow/example_dags/example_latest_only_with_trigger.py
[2025-07-24T20:50:55.886+0000] {logging_mixin.py:188} INFO - [2025-07-24T20:50:55.886+0000] {dag.py:3096} INFO - Sync 1 DAGs
[2025-07-24T20:50:55.897+0000] {logging_mixin.py:188} INFO - [2025-07-24T20:50:55.897+0000] {dag.py:3954} INFO - Setting next_dagrun for latest_only_with_trigger to 2025-07-24 16:00:00+00:00, run_after=2025-07-24 20:00:00+00:00
[2025-07-24T20:50:55.906+0000] {processor.py:183} INFO - Processing /home/airflow/.local/lib/python3.12/site-packages/airflow/example_dags/example_latest_only_with_trigger.py took 0.038 seconds
[2025-07-24T20:51:26.680+0000] {processor.py:161} INFO - Started process (PID=1002) to work on /home/airflow/.local/lib/python3.12/site-packages/airflow/example_dags/example_latest_only_with_trigger.py
[2025-07-24T20:51:26.680+0000] {processor.py:830} INFO - Processing file /home/airflow/.local/lib/python3.12/site-packages/airflow/example_dags/example_latest_only_with_trigger.py for tasks to queue
[2025-07-24T20:51:26.681+0000] {logging_mixin.py:188} INFO - [2025-07-24T20:51:26.681+0000] {dagbag.py:545} INFO - Filling up the DagBag from /home/airflow/.local/lib/python3.12/site-packages/airflow/example_dags/example_latest_only_with_trigger.py
[2025-07-24T20:51:26.684+0000] {processor.py:840} INFO - DAG(s) 'latest_only_with_trigger' retrieved from /home/airflow/.local/lib/python3.12/site-packages/airflow/example_dags/example_latest_only_with_trigger.py
[2025-07-24T20:51:26.696+0000] {logging_mixin.py:188} INFO - [2025-07-24T20:51:26.696+0000] {dag.py:3096} INFO - Sync 1 DAGs
[2025-07-24T20:51:26.707+0000] {logging_mixin.py:188} INFO - [2025-07-24T20:51:26.707+0000] {dag.py:3954} INFO - Setting next_dagrun for latest_only_with_trigger to 2025-07-24 16:00:00+00:00, run_after=2025-07-24 20:00:00+00:00
[2025-07-24T20:51:26.716+0000] {processor.py:183} INFO - Processing /home/airflow/.local/lib/python3.12/site-packages/airflow/example_dags/example_latest_only_with_trigger.py took 0.040 seconds
[2025-07-24T20:51:57.356+0000] {processor.py:161} INFO - Started process (PID=1060) to work on /home/airflow/.local/lib/python3.12/site-packages/airflow/example_dags/example_latest_only_with_trigger.py
[2025-07-24T20:51:57.356+0000] {processor.py:830} INFO - Processing file /home/airflow/.local/lib/python3.12/site-packages/airflow/example_dags/example_latest_only_with_trigger.py for tasks to queue
[2025-07-24T20:51:57.357+0000] {logging_mixin.py:188} INFO - [2025-07-24T20:51:57.357+0000] {dagbag.py:545} INFO - Filling up the DagBag from /home/airflow/.local/lib/python3.12/site-packages/airflow/example_dags/example_latest_only_with_trigger.py
[2025-07-24T20:51:57.360+0000] {processor.py:840} INFO - DAG(s) 'latest_only_with_trigger' retrieved from /home/airflow/.local/lib/python3.12/site-packages/airflow/example_dags/example_latest_only_with_trigger.py
[2025-07-24T20:51:57.371+0000] {logging_mixin.py:188} INFO - [2025-07-24T20:51:57.371+0000] {dag.py:3096} INFO - Sync 1 DAGs
[2025-07-24T20:51:57.382+0000] {logging_mixin.py:188} INFO - [2025-07-24T20:51:57.382+0000] {dag.py:3954} INFO - Setting next_dagrun for latest_only_with_trigger to 2025-07-24 16:00:00+00:00, run_after=2025-07-24 20:00:00+00:00
[2025-07-24T20:51:57.391+0000] {processor.py:183} INFO - Processing /home/airflow/.local/lib/python3.12/site-packages/airflow/example_dags/example_latest_only_with_trigger.py took 0.039 seconds
[2025-07-24T20:52:28.096+0000] {processor.py:161} INFO - Started process (PID=1118) to work on /home/airflow/.local/lib/python3.12/site-packages/airflow/example_dags/example_latest_only_with_trigger.py
[2025-07-24T20:52:28.097+0000] {processor.py:830} INFO - Processing file /home/airflow/.local/lib/python3.12/site-packages/airflow/example_dags/example_latest_only_with_trigger.py for tasks to queue
[2025-07-24T20:52:28.098+0000] {logging_mixin.py:188} INFO - [2025-07-24T20:52:28.097+0000] {dagbag.py:545} INFO - Filling up the DagBag from /home/airflow/.local/lib/python3.12/site-packages/airflow/example_dags/example_latest_only_with_trigger.py
[2025-07-24T20:52:28.101+0000] {processor.py:840} INFO - DAG(s) 'latest_only_with_trigger' retrieved from /home/airflow/.local/lib/python3.12/site-packages/airflow/example_dags/example_latest_only_with_trigger.py
[2025-07-24T20:52:28.112+0000] {logging_mixin.py:188} INFO - [2025-07-24T20:52:28.112+0000] {dag.py:3096} INFO - Sync 1 DAGs
[2025-07-24T20:52:28.123+0000] {logging_mixin.py:188} INFO - [2025-07-24T20:52:28.123+0000] {dag.py:3954} INFO - Setting next_dagrun for latest_only_with_trigger to 2025-07-24 16:00:00+00:00, run_after=2025-07-24 20:00:00+00:00
[2025-07-24T20:52:28.132+0000] {processor.py:183} INFO - Processing /home/airflow/.local/lib/python3.12/site-packages/airflow/example_dags/example_latest_only_with_trigger.py took 0.040 seconds
[2025-07-24T20:52:58.867+0000] {processor.py:161} INFO - Started process (PID=1176) to work on /home/airflow/.local/lib/python3.12/site-packages/airflow/example_dags/example_latest_only_with_trigger.py
[2025-07-24T20:52:58.867+0000] {processor.py:830} INFO - Processing file /home/airflow/.local/lib/python3.12/site-packages/airflow/example_dags/example_latest_only_with_trigger.py for tasks to queue
[2025-07-24T20:52:58.868+0000] {logging_mixin.py:188} INFO - [2025-07-24T20:52:58.868+0000] {dagbag.py:545} INFO - Filling up the DagBag from /home/airflow/.local/lib/python3.12/site-packages/airflow/example_dags/example_latest_only_with_trigger.py
[2025-07-24T20:52:58.871+0000] {processor.py:840} INFO - DAG(s) 'latest_only_with_trigger' retrieved from /home/airflow/.local/lib/python3.12/site-packages/airflow/example_dags/example_latest_only_with_trigger.py
[2025-07-24T20:52:58.881+0000] {logging_mixin.py:188} INFO - [2025-07-24T20:52:58.881+0000] {dag.py:3096} INFO - Sync 1 DAGs
[2025-07-24T20:52:58.891+0000] {logging_mixin.py:188} INFO - [2025-07-24T20:52:58.891+0000] {dag.py:3954} INFO - Setting next_dagrun for latest_only_with_trigger to 2025-07-24 16:00:00+00:00, run_after=2025-07-24 20:00:00+00:00
[2025-07-24T20:52:58.901+0000] {processor.py:183} INFO - Processing /home/airflow/.local/lib/python3.12/site-packages/airflow/example_dags/example_latest_only_with_trigger.py took 0.037 seconds
[2025-07-24T20:53:29.056+0000] {processor.py:161} INFO - Started process (PID=1234) to work on /home/airflow/.local/lib/python3.12/site-packages/airflow/example_dags/example_latest_only_with_trigger.py
[2025-07-24T20:53:29.056+0000] {processor.py:830} INFO - Processing file /home/airflow/.local/lib/python3.12/site-packages/airflow/example_dags/example_latest_only_with_trigger.py for tasks to queue
[2025-07-24T20:53:29.057+0000] {logging_mixin.py:188} INFO - [2025-07-24T20:53:29.057+0000] {dagbag.py:545} INFO - Filling up the DagBag from /home/airflow/.local/lib/python3.12/site-packages/airflow/example_dags/example_latest_only_with_trigger.py
[2025-07-24T20:53:29.060+0000] {processor.py:840} INFO - DAG(s) 'latest_only_with_trigger' retrieved from /home/airflow/.local/lib/python3.12/site-packages/airflow/example_dags/example_latest_only_with_trigger.py
[2025-07-24T20:53:29.070+0000] {logging_mixin.py:188} INFO - [2025-07-24T20:53:29.070+0000] {dag.py:3096} INFO - Sync 1 DAGs
[2025-07-24T20:53:29.080+0000] {logging_mixin.py:188} INFO - [2025-07-24T20:53:29.080+0000] {dag.py:3954} INFO - Setting next_dagrun for latest_only_with_trigger to 2025-07-24 16:00:00+00:00, run_after=2025-07-24 20:00:00+00:00
[2025-07-24T20:53:29.089+0000] {processor.py:183} INFO - Processing /home/airflow/.local/lib/python3.12/site-packages/airflow/example_dags/example_latest_only_with_trigger.py took 0.036 seconds
[2025-07-24T20:53:59.121+0000] {processor.py:161} INFO - Started process (PID=1292) to work on /home/airflow/.local/lib/python3.12/site-packages/airflow/example_dags/example_latest_only_with_trigger.py
[2025-07-24T20:53:59.122+0000] {processor.py:830} INFO - Processing file /home/airflow/.local/lib/python3.12/site-packages/airflow/example_dags/example_latest_only_with_trigger.py for tasks to queue
[2025-07-24T20:53:59.123+0000] {logging_mixin.py:188} INFO - [2025-07-24T20:53:59.122+0000] {dagbag.py:545} INFO - Filling up the DagBag from /home/airflow/.local/lib/python3.12/site-packages/airflow/example_dags/example_latest_only_with_trigger.py
[2025-07-24T20:53:59.125+0000] {processor.py:840} INFO - DAG(s) 'latest_only_with_trigger' retrieved from /home/airflow/.local/lib/python3.12/site-packages/airflow/example_dags/example_latest_only_with_trigger.py
[2025-07-24T20:53:59.136+0000] {logging_mixin.py:188} INFO - [2025-07-24T20:53:59.136+0000] {dag.py:3096} INFO - Sync 1 DAGs
[2025-07-24T20:53:59.146+0000] {logging_mixin.py:188} INFO - [2025-07-24T20:53:59.146+0000] {dag.py:3954} INFO - Setting next_dagrun for latest_only_with_trigger to 2025-07-24 16:00:00+00:00, run_after=2025-07-24 20:00:00+00:00
[2025-07-24T20:53:59.155+0000] {processor.py:183} INFO - Processing /home/airflow/.local/lib/python3.12/site-packages/airflow/example_dags/example_latest_only_with_trigger.py took 0.037 seconds
[2025-07-24T20:54:29.267+0000] {processor.py:161} INFO - Started process (PID=1350) to work on /home/airflow/.local/lib/python3.12/site-packages/airflow/example_dags/example_latest_only_with_trigger.py
[2025-07-24T20:54:29.268+0000] {processor.py:830} INFO - Processing file /home/airflow/.local/lib/python3.12/site-packages/airflow/example_dags/example_latest_only_with_trigger.py for tasks to queue
[2025-07-24T20:54:29.269+0000] {logging_mixin.py:188} INFO - [2025-07-24T20:54:29.269+0000] {dagbag.py:545} INFO - Filling up the DagBag from /home/airflow/.local/lib/python3.12/site-packages/airflow/example_dags/example_latest_only_with_trigger.py
[2025-07-24T20:54:29.272+0000] {processor.py:840} INFO - DAG(s) 'latest_only_with_trigger' retrieved from /home/airflow/.local/lib/python3.12/site-packages/airflow/example_dags/example_latest_only_with_trigger.py
[2025-07-24T20:54:29.283+0000] {logging_mixin.py:188} INFO - [2025-07-24T20:54:29.283+0000] {dag.py:3096} INFO - Sync 1 DAGs
[2025-07-24T20:54:29.294+0000] {logging_mixin.py:188} INFO - [2025-07-24T20:54:29.293+0000] {dag.py:3954} INFO - Setting next_dagrun for latest_only_with_trigger to 2025-07-24 16:00:00+00:00, run_after=2025-07-24 20:00:00+00:00
[2025-07-24T20:54:29.302+0000] {processor.py:183} INFO - Processing /home/airflow/.local/lib/python3.12/site-packages/airflow/example_dags/example_latest_only_with_trigger.py took 0.038 seconds
[2025-07-24T20:55:00.147+0000] {processor.py:161} INFO - Started process (PID=1408) to work on /home/airflow/.local/lib/python3.12/site-packages/airflow/example_dags/example_latest_only_with_trigger.py
[2025-07-24T20:55:00.147+0000] {processor.py:830} INFO - Processing file /home/airflow/.local/lib/python3.12/site-packages/airflow/example_dags/example_latest_only_with_trigger.py for tasks to queue
[2025-07-24T20:55:00.148+0000] {logging_mixin.py:188} INFO - [2025-07-24T20:55:00.148+0000] {dagbag.py:545} INFO - Filling up the DagBag from /home/airflow/.local/lib/python3.12/site-packages/airflow/example_dags/example_latest_only_with_trigger.py
[2025-07-24T20:55:00.151+0000] {processor.py:840} INFO - DAG(s) 'latest_only_with_trigger' retrieved from /home/airflow/.local/lib/python3.12/site-packages/airflow/example_dags/example_latest_only_with_trigger.py
[2025-07-24T20:55:00.162+0000] {logging_mixin.py:188} INFO - [2025-07-24T20:55:00.162+0000] {dag.py:3096} INFO - Sync 1 DAGs
[2025-07-24T20:55:00.172+0000] {logging_mixin.py:188} INFO - [2025-07-24T20:55:00.172+0000] {dag.py:3954} INFO - Setting next_dagrun for latest_only_with_trigger to 2025-07-24 16:00:00+00:00, run_after=2025-07-24 20:00:00+00:00
[2025-07-24T20:55:00.180+0000] {processor.py:183} INFO - Processing /home/airflow/.local/lib/python3.12/site-packages/airflow/example_dags/example_latest_only_with_trigger.py took 0.037 seconds
[2025-07-24T20:55:30.926+0000] {processor.py:161} INFO - Started process (PID=1466) to work on /home/airflow/.local/lib/python3.12/site-packages/airflow/example_dags/example_latest_only_with_trigger.py
[2025-07-24T20:55:30.926+0000] {processor.py:830} INFO - Processing file /home/airflow/.local/lib/python3.12/site-packages/airflow/example_dags/example_latest_only_with_trigger.py for tasks to queue
[2025-07-24T20:55:30.927+0000] {logging_mixin.py:188} INFO - [2025-07-24T20:55:30.927+0000] {dagbag.py:545} INFO - Filling up the DagBag from /home/airflow/.local/lib/python3.12/site-packages/airflow/example_dags/example_latest_only_with_trigger.py
[2025-07-24T20:55:30.930+0000] {processor.py:840} INFO - DAG(s) 'latest_only_with_trigger' retrieved from /home/airflow/.local/lib/python3.12/site-packages/airflow/example_dags/example_latest_only_with_trigger.py
[2025-07-24T20:55:30.941+0000] {logging_mixin.py:188} INFO - [2025-07-24T20:55:30.941+0000] {dag.py:3096} INFO - Sync 1 DAGs
[2025-07-24T20:55:30.952+0000] {logging_mixin.py:188} INFO - [2025-07-24T20:55:30.952+0000] {dag.py:3954} INFO - Setting next_dagrun for latest_only_with_trigger to 2025-07-24 16:00:00+00:00, run_after=2025-07-24 20:00:00+00:00
[2025-07-24T20:55:30.960+0000] {processor.py:183} INFO - Processing /home/airflow/.local/lib/python3.12/site-packages/airflow/example_dags/example_latest_only_with_trigger.py took 0.038 seconds
