[2025-07-24T20:31:48.506+0000] {processor.py:161} INFO - Started process (PID=66) to work on /home/airflow/.local/lib/python3.12/site-packages/airflow/example_dags/example_params_trigger_ui.py
[2025-07-24T20:31:48.507+0000] {processor.py:830} INFO - Processing file /home/airflow/.local/lib/python3.12/site-packages/airflow/example_dags/example_params_trigger_ui.py for tasks to queue
[2025-07-24T20:31:48.508+0000] {logging_mixin.py:188} INFO - [2025-07-24T20:31:48.508+0000] {dagbag.py:545} INFO - Filling up the DagBag from /home/airflow/.local/lib/python3.12/site-packages/airflow/example_dags/example_params_trigger_ui.py
[2025-07-24T20:31:48.517+0000] {processor.py:840} INFO - DAG(s) 'example_params_trigger_ui' retrieved from /home/airflow/.local/lib/python3.12/site-packages/airflow/example_dags/example_params_trigger_ui.py
[2025-07-24T20:31:48.526+0000] {logging_mixin.py:188} INFO - [2025-07-24T20:31:48.526+0000] {dag.py:3096} INFO - Sync 1 DAGs
[2025-07-24T20:31:48.536+0000] {logging_mixin.py:188} INFO - [2025-07-24T20:31:48.536+0000] {dag.py:3954} INFO - Setting next_dagrun for example_params_trigger_ui to None, run_after=None
[2025-07-24T20:31:48.550+0000] {processor.py:183} INFO - Processing /home/airflow/.local/lib/python3.12/site-packages/airflow/example_dags/example_params_trigger_ui.py took 0.048 seconds
[2025-07-24T20:32:19.835+0000] {processor.py:161} INFO - Started process (PID=124) to work on /home/airflow/.local/lib/python3.12/site-packages/airflow/example_dags/example_params_trigger_ui.py
[2025-07-24T20:32:19.835+0000] {processor.py:830} INFO - Processing file /home/airflow/.local/lib/python3.12/site-packages/airflow/example_dags/example_params_trigger_ui.py for tasks to queue
[2025-07-24T20:32:19.836+0000] {logging_mixin.py:188} INFO - [2025-07-24T20:32:19.836+0000] {dagbag.py:545} INFO - Filling up the DagBag from /home/airflow/.local/lib/python3.12/site-packages/airflow/example_dags/example_params_trigger_ui.py
[2025-07-24T20:32:19.843+0000] {processor.py:840} INFO - DAG(s) 'example_params_trigger_ui' retrieved from /home/airflow/.local/lib/python3.12/site-packages/airflow/example_dags/example_params_trigger_ui.py
[2025-07-24T20:32:19.909+0000] {logging_mixin.py:188} INFO - [2025-07-24T20:32:19.909+0000] {dag.py:3096} INFO - Sync 1 DAGs
[2025-07-24T20:32:19.915+0000] {logging_mixin.py:188} INFO - [2025-07-24T20:32:19.915+0000] {dag.py:3954} INFO - Setting next_dagrun for example_params_trigger_ui to None, run_after=None
[2025-07-24T20:32:19.926+0000] {processor.py:183} INFO - Processing /home/airflow/.local/lib/python3.12/site-packages/airflow/example_dags/example_params_trigger_ui.py took 0.094 seconds
[2025-07-24T20:32:50.606+0000] {processor.py:161} INFO - Started process (PID=182) to work on /home/airflow/.local/lib/python3.12/site-packages/airflow/example_dags/example_params_trigger_ui.py
[2025-07-24T20:32:50.606+0000] {processor.py:830} INFO - Processing file /home/airflow/.local/lib/python3.12/site-packages/airflow/example_dags/example_params_trigger_ui.py for tasks to queue
[2025-07-24T20:32:50.607+0000] {logging_mixin.py:188} INFO - [2025-07-24T20:32:50.607+0000] {dagbag.py:545} INFO - Filling up the DagBag from /home/airflow/.local/lib/python3.12/site-packages/airflow/example_dags/example_params_trigger_ui.py
[2025-07-24T20:32:50.616+0000] {processor.py:840} INFO - DAG(s) 'example_params_trigger_ui' retrieved from /home/airflow/.local/lib/python3.12/site-packages/airflow/example_dags/example_params_trigger_ui.py
[2025-07-24T20:32:50.640+0000] {logging_mixin.py:188} INFO - [2025-07-24T20:32:50.640+0000] {dag.py:3096} INFO - Sync 1 DAGs
[2025-07-24T20:32:50.647+0000] {logging_mixin.py:188} INFO - [2025-07-24T20:32:50.647+0000] {dag.py:3954} INFO - Setting next_dagrun for example_params_trigger_ui to None, run_after=None
[2025-07-24T20:32:50.657+0000] {processor.py:183} INFO - Processing /home/airflow/.local/lib/python3.12/site-packages/airflow/example_dags/example_params_trigger_ui.py took 0.055 seconds
[2025-07-24T20:33:21.364+0000] {processor.py:161} INFO - Started process (PID=240) to work on /home/airflow/.local/lib/python3.12/site-packages/airflow/example_dags/example_params_trigger_ui.py
[2025-07-24T20:33:21.364+0000] {processor.py:830} INFO - Processing file /home/airflow/.local/lib/python3.12/site-packages/airflow/example_dags/example_params_trigger_ui.py for tasks to queue
[2025-07-24T20:33:21.365+0000] {logging_mixin.py:188} INFO - [2025-07-24T20:33:21.365+0000] {dagbag.py:545} INFO - Filling up the DagBag from /home/airflow/.local/lib/python3.12/site-packages/airflow/example_dags/example_params_trigger_ui.py
[2025-07-24T20:33:21.373+0000] {processor.py:840} INFO - DAG(s) 'example_params_trigger_ui' retrieved from /home/airflow/.local/lib/python3.12/site-packages/airflow/example_dags/example_params_trigger_ui.py
[2025-07-24T20:33:21.402+0000] {logging_mixin.py:188} INFO - [2025-07-24T20:33:21.402+0000] {dag.py:3096} INFO - Sync 1 DAGs
[2025-07-24T20:33:21.409+0000] {logging_mixin.py:188} INFO - [2025-07-24T20:33:21.409+0000] {dag.py:3954} INFO - Setting next_dagrun for example_params_trigger_ui to None, run_after=None
[2025-07-24T20:33:21.419+0000] {processor.py:183} INFO - Processing /home/airflow/.local/lib/python3.12/site-packages/airflow/example_dags/example_params_trigger_ui.py took 0.059 seconds
[2025-07-24T20:33:52.105+0000] {processor.py:161} INFO - Started process (PID=298) to work on /home/airflow/.local/lib/python3.12/site-packages/airflow/example_dags/example_params_trigger_ui.py
[2025-07-24T20:33:52.106+0000] {processor.py:830} INFO - Processing file /home/airflow/.local/lib/python3.12/site-packages/airflow/example_dags/example_params_trigger_ui.py for tasks to queue
[2025-07-24T20:33:52.107+0000] {logging_mixin.py:188} INFO - [2025-07-24T20:33:52.107+0000] {dagbag.py:545} INFO - Filling up the DagBag from /home/airflow/.local/lib/python3.12/site-packages/airflow/example_dags/example_params_trigger_ui.py
[2025-07-24T20:33:52.115+0000] {processor.py:840} INFO - DAG(s) 'example_params_trigger_ui' retrieved from /home/airflow/.local/lib/python3.12/site-packages/airflow/example_dags/example_params_trigger_ui.py
[2025-07-24T20:33:52.141+0000] {logging_mixin.py:188} INFO - [2025-07-24T20:33:52.141+0000] {dag.py:3096} INFO - Sync 1 DAGs
[2025-07-24T20:33:52.148+0000] {logging_mixin.py:188} INFO - [2025-07-24T20:33:52.148+0000] {dag.py:3954} INFO - Setting next_dagrun for example_params_trigger_ui to None, run_after=None
[2025-07-24T20:33:52.159+0000] {processor.py:183} INFO - Processing /home/airflow/.local/lib/python3.12/site-packages/airflow/example_dags/example_params_trigger_ui.py took 0.058 seconds
[2025-07-24T20:34:22.824+0000] {processor.py:161} INFO - Started process (PID=356) to work on /home/airflow/.local/lib/python3.12/site-packages/airflow/example_dags/example_params_trigger_ui.py
[2025-07-24T20:34:22.825+0000] {processor.py:830} INFO - Processing file /home/airflow/.local/lib/python3.12/site-packages/airflow/example_dags/example_params_trigger_ui.py for tasks to queue
[2025-07-24T20:34:22.826+0000] {logging_mixin.py:188} INFO - [2025-07-24T20:34:22.826+0000] {dagbag.py:545} INFO - Filling up the DagBag from /home/airflow/.local/lib/python3.12/site-packages/airflow/example_dags/example_params_trigger_ui.py
[2025-07-24T20:34:22.835+0000] {processor.py:840} INFO - DAG(s) 'example_params_trigger_ui' retrieved from /home/airflow/.local/lib/python3.12/site-packages/airflow/example_dags/example_params_trigger_ui.py
[2025-07-24T20:34:22.860+0000] {logging_mixin.py:188} INFO - [2025-07-24T20:34:22.859+0000] {dag.py:3096} INFO - Sync 1 DAGs
[2025-07-24T20:34:22.868+0000] {logging_mixin.py:188} INFO - [2025-07-24T20:34:22.868+0000] {dag.py:3954} INFO - Setting next_dagrun for example_params_trigger_ui to None, run_after=None
[2025-07-24T20:34:22.878+0000] {processor.py:183} INFO - Processing /home/airflow/.local/lib/python3.12/site-packages/airflow/example_dags/example_params_trigger_ui.py took 0.058 seconds
[2025-07-24T20:34:53.646+0000] {processor.py:161} INFO - Started process (PID=414) to work on /home/airflow/.local/lib/python3.12/site-packages/airflow/example_dags/example_params_trigger_ui.py
[2025-07-24T20:34:53.647+0000] {processor.py:830} INFO - Processing file /home/airflow/.local/lib/python3.12/site-packages/airflow/example_dags/example_params_trigger_ui.py for tasks to queue
[2025-07-24T20:34:53.648+0000] {logging_mixin.py:188} INFO - [2025-07-24T20:34:53.648+0000] {dagbag.py:545} INFO - Filling up the DagBag from /home/airflow/.local/lib/python3.12/site-packages/airflow/example_dags/example_params_trigger_ui.py
[2025-07-24T20:34:53.657+0000] {processor.py:840} INFO - DAG(s) 'example_params_trigger_ui' retrieved from /home/airflow/.local/lib/python3.12/site-packages/airflow/example_dags/example_params_trigger_ui.py
[2025-07-24T20:34:53.684+0000] {logging_mixin.py:188} INFO - [2025-07-24T20:34:53.683+0000] {dag.py:3096} INFO - Sync 1 DAGs
[2025-07-24T20:34:53.691+0000] {logging_mixin.py:188} INFO - [2025-07-24T20:34:53.691+0000] {dag.py:3954} INFO - Setting next_dagrun for example_params_trigger_ui to None, run_after=None
[2025-07-24T20:34:53.719+0000] {processor.py:183} INFO - Processing /home/airflow/.local/lib/python3.12/site-packages/airflow/example_dags/example_params_trigger_ui.py took 0.077 seconds
[2025-07-24T20:35:24.401+0000] {processor.py:161} INFO - Started process (PID=472) to work on /home/airflow/.local/lib/python3.12/site-packages/airflow/example_dags/example_params_trigger_ui.py
[2025-07-24T20:35:24.402+0000] {processor.py:830} INFO - Processing file /home/airflow/.local/lib/python3.12/site-packages/airflow/example_dags/example_params_trigger_ui.py for tasks to queue
[2025-07-24T20:35:24.403+0000] {logging_mixin.py:188} INFO - [2025-07-24T20:35:24.403+0000] {dagbag.py:545} INFO - Filling up the DagBag from /home/airflow/.local/lib/python3.12/site-packages/airflow/example_dags/example_params_trigger_ui.py
[2025-07-24T20:35:24.412+0000] {processor.py:840} INFO - DAG(s) 'example_params_trigger_ui' retrieved from /home/airflow/.local/lib/python3.12/site-packages/airflow/example_dags/example_params_trigger_ui.py
[2025-07-24T20:35:24.437+0000] {logging_mixin.py:188} INFO - [2025-07-24T20:35:24.437+0000] {dag.py:3096} INFO - Sync 1 DAGs
[2025-07-24T20:35:24.444+0000] {logging_mixin.py:188} INFO - [2025-07-24T20:35:24.444+0000] {dag.py:3954} INFO - Setting next_dagrun for example_params_trigger_ui to None, run_after=None
[2025-07-24T20:35:24.453+0000] {processor.py:183} INFO - Processing /home/airflow/.local/lib/python3.12/site-packages/airflow/example_dags/example_params_trigger_ui.py took 0.057 seconds
[2025-07-24T20:36:44.318+0000] {processor.py:161} INFO - Started process (PID=59) to work on /home/airflow/.local/lib/python3.12/site-packages/airflow/example_dags/example_params_trigger_ui.py
[2025-07-24T20:36:44.318+0000] {processor.py:830} INFO - Processing file /home/airflow/.local/lib/python3.12/site-packages/airflow/example_dags/example_params_trigger_ui.py for tasks to queue
[2025-07-24T20:36:44.319+0000] {logging_mixin.py:188} INFO - [2025-07-24T20:36:44.319+0000] {dagbag.py:545} INFO - Filling up the DagBag from /home/airflow/.local/lib/python3.12/site-packages/airflow/example_dags/example_params_trigger_ui.py
[2025-07-24T20:36:44.327+0000] {processor.py:840} INFO - DAG(s) 'example_params_trigger_ui' retrieved from /home/airflow/.local/lib/python3.12/site-packages/airflow/example_dags/example_params_trigger_ui.py
[2025-07-24T20:36:44.333+0000] {logging_mixin.py:188} INFO - [2025-07-24T20:36:44.333+0000] {dag.py:3096} INFO - Sync 1 DAGs
[2025-07-24T20:36:44.339+0000] {logging_mixin.py:188} INFO - [2025-07-24T20:36:44.339+0000] {dag.py:3954} INFO - Setting next_dagrun for example_params_trigger_ui to None, run_after=None
[2025-07-24T20:36:44.348+0000] {processor.py:183} INFO - Processing /home/airflow/.local/lib/python3.12/site-packages/airflow/example_dags/example_params_trigger_ui.py took 0.033 seconds
[2025-07-24T20:37:14.937+0000] {processor.py:161} INFO - Started process (PID=117) to work on /home/airflow/.local/lib/python3.12/site-packages/airflow/example_dags/example_params_trigger_ui.py
[2025-07-24T20:37:14.938+0000] {processor.py:830} INFO - Processing file /home/airflow/.local/lib/python3.12/site-packages/airflow/example_dags/example_params_trigger_ui.py for tasks to queue
[2025-07-24T20:37:14.939+0000] {logging_mixin.py:188} INFO - [2025-07-24T20:37:14.938+0000] {dagbag.py:545} INFO - Filling up the DagBag from /home/airflow/.local/lib/python3.12/site-packages/airflow/example_dags/example_params_trigger_ui.py
[2025-07-24T20:37:14.946+0000] {processor.py:840} INFO - DAG(s) 'example_params_trigger_ui' retrieved from /home/airflow/.local/lib/python3.12/site-packages/airflow/example_dags/example_params_trigger_ui.py
[2025-07-24T20:37:14.952+0000] {logging_mixin.py:188} INFO - [2025-07-24T20:37:14.952+0000] {dag.py:3096} INFO - Sync 1 DAGs
[2025-07-24T20:37:14.959+0000] {logging_mixin.py:188} INFO - [2025-07-24T20:37:14.959+0000] {dag.py:3954} INFO - Setting next_dagrun for example_params_trigger_ui to None, run_after=None
[2025-07-24T20:37:14.967+0000] {processor.py:183} INFO - Processing /home/airflow/.local/lib/python3.12/site-packages/airflow/example_dags/example_params_trigger_ui.py took 0.034 seconds
[2025-07-24T20:37:45.994+0000] {processor.py:161} INFO - Started process (PID=175) to work on /home/airflow/.local/lib/python3.12/site-packages/airflow/example_dags/example_params_trigger_ui.py
[2025-07-24T20:37:45.995+0000] {processor.py:830} INFO - Processing file /home/airflow/.local/lib/python3.12/site-packages/airflow/example_dags/example_params_trigger_ui.py for tasks to queue
[2025-07-24T20:37:45.996+0000] {logging_mixin.py:188} INFO - [2025-07-24T20:37:45.996+0000] {dagbag.py:545} INFO - Filling up the DagBag from /home/airflow/.local/lib/python3.12/site-packages/airflow/example_dags/example_params_trigger_ui.py
[2025-07-24T20:37:46.004+0000] {processor.py:840} INFO - DAG(s) 'example_params_trigger_ui' retrieved from /home/airflow/.local/lib/python3.12/site-packages/airflow/example_dags/example_params_trigger_ui.py
[2025-07-24T20:37:46.074+0000] {logging_mixin.py:188} INFO - [2025-07-24T20:37:46.073+0000] {dag.py:3096} INFO - Sync 1 DAGs
[2025-07-24T20:37:46.079+0000] {logging_mixin.py:188} INFO - [2025-07-24T20:37:46.079+0000] {dag.py:3954} INFO - Setting next_dagrun for example_params_trigger_ui to None, run_after=None
[2025-07-24T20:37:46.090+0000] {processor.py:183} INFO - Processing /home/airflow/.local/lib/python3.12/site-packages/airflow/example_dags/example_params_trigger_ui.py took 0.099 seconds
[2025-07-24T20:38:16.391+0000] {processor.py:161} INFO - Started process (PID=233) to work on /home/airflow/.local/lib/python3.12/site-packages/airflow/example_dags/example_params_trigger_ui.py
[2025-07-24T20:38:16.391+0000] {processor.py:830} INFO - Processing file /home/airflow/.local/lib/python3.12/site-packages/airflow/example_dags/example_params_trigger_ui.py for tasks to queue
[2025-07-24T20:38:16.392+0000] {logging_mixin.py:188} INFO - [2025-07-24T20:38:16.392+0000] {dagbag.py:545} INFO - Filling up the DagBag from /home/airflow/.local/lib/python3.12/site-packages/airflow/example_dags/example_params_trigger_ui.py
[2025-07-24T20:38:16.402+0000] {processor.py:840} INFO - DAG(s) 'example_params_trigger_ui' retrieved from /home/airflow/.local/lib/python3.12/site-packages/airflow/example_dags/example_params_trigger_ui.py
[2025-07-24T20:38:16.426+0000] {logging_mixin.py:188} INFO - [2025-07-24T20:38:16.425+0000] {dag.py:3096} INFO - Sync 1 DAGs
[2025-07-24T20:38:16.433+0000] {logging_mixin.py:188} INFO - [2025-07-24T20:38:16.433+0000] {dag.py:3954} INFO - Setting next_dagrun for example_params_trigger_ui to None, run_after=None
[2025-07-24T20:38:16.442+0000] {processor.py:183} INFO - Processing /home/airflow/.local/lib/python3.12/site-packages/airflow/example_dags/example_params_trigger_ui.py took 0.056 seconds
[2025-07-24T20:38:47.113+0000] {processor.py:161} INFO - Started process (PID=291) to work on /home/airflow/.local/lib/python3.12/site-packages/airflow/example_dags/example_params_trigger_ui.py
[2025-07-24T20:38:47.114+0000] {processor.py:830} INFO - Processing file /home/airflow/.local/lib/python3.12/site-packages/airflow/example_dags/example_params_trigger_ui.py for tasks to queue
[2025-07-24T20:38:47.114+0000] {logging_mixin.py:188} INFO - [2025-07-24T20:38:47.114+0000] {dagbag.py:545} INFO - Filling up the DagBag from /home/airflow/.local/lib/python3.12/site-packages/airflow/example_dags/example_params_trigger_ui.py
[2025-07-24T20:38:47.122+0000] {processor.py:840} INFO - DAG(s) 'example_params_trigger_ui' retrieved from /home/airflow/.local/lib/python3.12/site-packages/airflow/example_dags/example_params_trigger_ui.py
[2025-07-24T20:38:47.142+0000] {logging_mixin.py:188} INFO - [2025-07-24T20:38:47.142+0000] {dag.py:3096} INFO - Sync 1 DAGs
[2025-07-24T20:38:47.148+0000] {logging_mixin.py:188} INFO - [2025-07-24T20:38:47.148+0000] {dag.py:3954} INFO - Setting next_dagrun for example_params_trigger_ui to None, run_after=None
[2025-07-24T20:38:47.158+0000] {processor.py:183} INFO - Processing /home/airflow/.local/lib/python3.12/site-packages/airflow/example_dags/example_params_trigger_ui.py took 0.048 seconds
[2025-07-24T20:39:17.893+0000] {processor.py:161} INFO - Started process (PID=355) to work on /home/airflow/.local/lib/python3.12/site-packages/airflow/example_dags/example_params_trigger_ui.py
[2025-07-24T20:39:17.894+0000] {processor.py:830} INFO - Processing file /home/airflow/.local/lib/python3.12/site-packages/airflow/example_dags/example_params_trigger_ui.py for tasks to queue
[2025-07-24T20:39:17.895+0000] {logging_mixin.py:188} INFO - [2025-07-24T20:39:17.895+0000] {dagbag.py:545} INFO - Filling up the DagBag from /home/airflow/.local/lib/python3.12/site-packages/airflow/example_dags/example_params_trigger_ui.py
[2025-07-24T20:39:17.903+0000] {processor.py:840} INFO - DAG(s) 'example_params_trigger_ui' retrieved from /home/airflow/.local/lib/python3.12/site-packages/airflow/example_dags/example_params_trigger_ui.py
[2025-07-24T20:39:17.928+0000] {logging_mixin.py:188} INFO - [2025-07-24T20:39:17.928+0000] {dag.py:3096} INFO - Sync 1 DAGs
[2025-07-24T20:39:17.935+0000] {logging_mixin.py:188} INFO - [2025-07-24T20:39:17.935+0000] {dag.py:3954} INFO - Setting next_dagrun for example_params_trigger_ui to None, run_after=None
[2025-07-24T20:39:17.946+0000] {processor.py:183} INFO - Processing /home/airflow/.local/lib/python3.12/site-packages/airflow/example_dags/example_params_trigger_ui.py took 0.056 seconds
[2025-07-24T20:39:48.641+0000] {processor.py:161} INFO - Started process (PID=413) to work on /home/airflow/.local/lib/python3.12/site-packages/airflow/example_dags/example_params_trigger_ui.py
[2025-07-24T20:39:48.641+0000] {processor.py:830} INFO - Processing file /home/airflow/.local/lib/python3.12/site-packages/airflow/example_dags/example_params_trigger_ui.py for tasks to queue
[2025-07-24T20:39:48.642+0000] {logging_mixin.py:188} INFO - [2025-07-24T20:39:48.642+0000] {dagbag.py:545} INFO - Filling up the DagBag from /home/airflow/.local/lib/python3.12/site-packages/airflow/example_dags/example_params_trigger_ui.py
[2025-07-24T20:39:48.649+0000] {processor.py:840} INFO - DAG(s) 'example_params_trigger_ui' retrieved from /home/airflow/.local/lib/python3.12/site-packages/airflow/example_dags/example_params_trigger_ui.py
[2025-07-24T20:39:48.671+0000] {logging_mixin.py:188} INFO - [2025-07-24T20:39:48.671+0000] {dag.py:3096} INFO - Sync 1 DAGs
[2025-07-24T20:39:48.678+0000] {logging_mixin.py:188} INFO - [2025-07-24T20:39:48.678+0000] {dag.py:3954} INFO - Setting next_dagrun for example_params_trigger_ui to None, run_after=None
[2025-07-24T20:39:48.687+0000] {processor.py:183} INFO - Processing /home/airflow/.local/lib/python3.12/site-packages/airflow/example_dags/example_params_trigger_ui.py took 0.050 seconds
[2025-07-24T20:40:19.295+0000] {processor.py:161} INFO - Started process (PID=471) to work on /home/airflow/.local/lib/python3.12/site-packages/airflow/example_dags/example_params_trigger_ui.py
[2025-07-24T20:40:19.295+0000] {processor.py:830} INFO - Processing file /home/airflow/.local/lib/python3.12/site-packages/airflow/example_dags/example_params_trigger_ui.py for tasks to queue
[2025-07-24T20:40:19.297+0000] {logging_mixin.py:188} INFO - [2025-07-24T20:40:19.296+0000] {dagbag.py:545} INFO - Filling up the DagBag from /home/airflow/.local/lib/python3.12/site-packages/airflow/example_dags/example_params_trigger_ui.py
[2025-07-24T20:40:19.305+0000] {processor.py:840} INFO - DAG(s) 'example_params_trigger_ui' retrieved from /home/airflow/.local/lib/python3.12/site-packages/airflow/example_dags/example_params_trigger_ui.py
[2025-07-24T20:40:19.328+0000] {logging_mixin.py:188} INFO - [2025-07-24T20:40:19.328+0000] {dag.py:3096} INFO - Sync 1 DAGs
[2025-07-24T20:40:19.335+0000] {logging_mixin.py:188} INFO - [2025-07-24T20:40:19.335+0000] {dag.py:3954} INFO - Setting next_dagrun for example_params_trigger_ui to None, run_after=None
[2025-07-24T20:40:19.345+0000] {processor.py:183} INFO - Processing /home/airflow/.local/lib/python3.12/site-packages/airflow/example_dags/example_params_trigger_ui.py took 0.053 seconds
[2025-07-24T20:40:50.259+0000] {processor.py:161} INFO - Started process (PID=529) to work on /home/airflow/.local/lib/python3.12/site-packages/airflow/example_dags/example_params_trigger_ui.py
[2025-07-24T20:40:50.260+0000] {processor.py:830} INFO - Processing file /home/airflow/.local/lib/python3.12/site-packages/airflow/example_dags/example_params_trigger_ui.py for tasks to queue
[2025-07-24T20:40:50.261+0000] {logging_mixin.py:188} INFO - [2025-07-24T20:40:50.261+0000] {dagbag.py:545} INFO - Filling up the DagBag from /home/airflow/.local/lib/python3.12/site-packages/airflow/example_dags/example_params_trigger_ui.py
[2025-07-24T20:40:50.269+0000] {processor.py:840} INFO - DAG(s) 'example_params_trigger_ui' retrieved from /home/airflow/.local/lib/python3.12/site-packages/airflow/example_dags/example_params_trigger_ui.py
[2025-07-24T20:40:50.291+0000] {logging_mixin.py:188} INFO - [2025-07-24T20:40:50.291+0000] {dag.py:3096} INFO - Sync 1 DAGs
[2025-07-24T20:40:50.297+0000] {logging_mixin.py:188} INFO - [2025-07-24T20:40:50.297+0000] {dag.py:3954} INFO - Setting next_dagrun for example_params_trigger_ui to None, run_after=None
[2025-07-24T20:40:50.306+0000] {processor.py:183} INFO - Processing /home/airflow/.local/lib/python3.12/site-packages/airflow/example_dags/example_params_trigger_ui.py took 0.051 seconds
[2025-07-24T20:41:21.284+0000] {processor.py:161} INFO - Started process (PID=587) to work on /home/airflow/.local/lib/python3.12/site-packages/airflow/example_dags/example_params_trigger_ui.py
[2025-07-24T20:41:21.284+0000] {processor.py:830} INFO - Processing file /home/airflow/.local/lib/python3.12/site-packages/airflow/example_dags/example_params_trigger_ui.py for tasks to queue
[2025-07-24T20:41:21.285+0000] {logging_mixin.py:188} INFO - [2025-07-24T20:41:21.285+0000] {dagbag.py:545} INFO - Filling up the DagBag from /home/airflow/.local/lib/python3.12/site-packages/airflow/example_dags/example_params_trigger_ui.py
[2025-07-24T20:41:21.293+0000] {processor.py:840} INFO - DAG(s) 'example_params_trigger_ui' retrieved from /home/airflow/.local/lib/python3.12/site-packages/airflow/example_dags/example_params_trigger_ui.py
[2025-07-24T20:41:21.313+0000] {logging_mixin.py:188} INFO - [2025-07-24T20:41:21.313+0000] {dag.py:3096} INFO - Sync 1 DAGs
[2025-07-24T20:41:21.320+0000] {logging_mixin.py:188} INFO - [2025-07-24T20:41:21.320+0000] {dag.py:3954} INFO - Setting next_dagrun for example_params_trigger_ui to None, run_after=None
[2025-07-24T20:41:21.328+0000] {processor.py:183} INFO - Processing /home/airflow/.local/lib/python3.12/site-packages/airflow/example_dags/example_params_trigger_ui.py took 0.048 seconds
[2025-07-24T20:41:52.013+0000] {processor.py:161} INFO - Started process (PID=645) to work on /home/airflow/.local/lib/python3.12/site-packages/airflow/example_dags/example_params_trigger_ui.py
[2025-07-24T20:41:52.014+0000] {processor.py:830} INFO - Processing file /home/airflow/.local/lib/python3.12/site-packages/airflow/example_dags/example_params_trigger_ui.py for tasks to queue
[2025-07-24T20:41:52.015+0000] {logging_mixin.py:188} INFO - [2025-07-24T20:41:52.015+0000] {dagbag.py:545} INFO - Filling up the DagBag from /home/airflow/.local/lib/python3.12/site-packages/airflow/example_dags/example_params_trigger_ui.py
[2025-07-24T20:41:52.022+0000] {processor.py:840} INFO - DAG(s) 'example_params_trigger_ui' retrieved from /home/airflow/.local/lib/python3.12/site-packages/airflow/example_dags/example_params_trigger_ui.py
[2025-07-24T20:41:52.045+0000] {logging_mixin.py:188} INFO - [2025-07-24T20:41:52.045+0000] {dag.py:3096} INFO - Sync 1 DAGs
[2025-07-24T20:41:52.053+0000] {logging_mixin.py:188} INFO - [2025-07-24T20:41:52.052+0000] {dag.py:3954} INFO - Setting next_dagrun for example_params_trigger_ui to None, run_after=None
[2025-07-24T20:41:52.064+0000] {processor.py:183} INFO - Processing /home/airflow/.local/lib/python3.12/site-packages/airflow/example_dags/example_params_trigger_ui.py took 0.054 seconds
[2025-07-24T20:42:22.966+0000] {processor.py:161} INFO - Started process (PID=703) to work on /home/airflow/.local/lib/python3.12/site-packages/airflow/example_dags/example_params_trigger_ui.py
[2025-07-24T20:42:22.966+0000] {processor.py:830} INFO - Processing file /home/airflow/.local/lib/python3.12/site-packages/airflow/example_dags/example_params_trigger_ui.py for tasks to queue
[2025-07-24T20:42:22.967+0000] {logging_mixin.py:188} INFO - [2025-07-24T20:42:22.967+0000] {dagbag.py:545} INFO - Filling up the DagBag from /home/airflow/.local/lib/python3.12/site-packages/airflow/example_dags/example_params_trigger_ui.py
[2025-07-24T20:42:22.975+0000] {processor.py:840} INFO - DAG(s) 'example_params_trigger_ui' retrieved from /home/airflow/.local/lib/python3.12/site-packages/airflow/example_dags/example_params_trigger_ui.py
[2025-07-24T20:42:22.996+0000] {logging_mixin.py:188} INFO - [2025-07-24T20:42:22.996+0000] {dag.py:3096} INFO - Sync 1 DAGs
[2025-07-24T20:42:23.002+0000] {logging_mixin.py:188} INFO - [2025-07-24T20:42:23.002+0000] {dag.py:3954} INFO - Setting next_dagrun for example_params_trigger_ui to None, run_after=None
[2025-07-24T20:42:23.011+0000] {processor.py:183} INFO - Processing /home/airflow/.local/lib/python3.12/site-packages/airflow/example_dags/example_params_trigger_ui.py took 0.048 seconds
[2025-07-24T20:43:16.839+0000] {processor.py:161} INFO - Started process (PID=59) to work on /home/airflow/.local/lib/python3.12/site-packages/airflow/example_dags/example_params_trigger_ui.py
[2025-07-24T20:43:16.839+0000] {processor.py:830} INFO - Processing file /home/airflow/.local/lib/python3.12/site-packages/airflow/example_dags/example_params_trigger_ui.py for tasks to queue
[2025-07-24T20:43:16.840+0000] {logging_mixin.py:188} INFO - [2025-07-24T20:43:16.840+0000] {dagbag.py:545} INFO - Filling up the DagBag from /home/airflow/.local/lib/python3.12/site-packages/airflow/example_dags/example_params_trigger_ui.py
[2025-07-24T20:43:16.848+0000] {processor.py:840} INFO - DAG(s) 'example_params_trigger_ui' retrieved from /home/airflow/.local/lib/python3.12/site-packages/airflow/example_dags/example_params_trigger_ui.py
[2025-07-24T20:43:16.854+0000] {logging_mixin.py:188} INFO - [2025-07-24T20:43:16.854+0000] {dag.py:3096} INFO - Sync 1 DAGs
[2025-07-24T20:43:16.861+0000] {logging_mixin.py:188} INFO - [2025-07-24T20:43:16.861+0000] {dag.py:3954} INFO - Setting next_dagrun for example_params_trigger_ui to None, run_after=None
[2025-07-24T20:43:16.870+0000] {processor.py:183} INFO - Processing /home/airflow/.local/lib/python3.12/site-packages/airflow/example_dags/example_params_trigger_ui.py took 0.035 seconds
[2025-07-24T20:43:47.942+0000] {processor.py:161} INFO - Started process (PID=117) to work on /home/airflow/.local/lib/python3.12/site-packages/airflow/example_dags/example_params_trigger_ui.py
[2025-07-24T20:43:47.942+0000] {processor.py:830} INFO - Processing file /home/airflow/.local/lib/python3.12/site-packages/airflow/example_dags/example_params_trigger_ui.py for tasks to queue
[2025-07-24T20:43:47.943+0000] {logging_mixin.py:188} INFO - [2025-07-24T20:43:47.943+0000] {dagbag.py:545} INFO - Filling up the DagBag from /home/airflow/.local/lib/python3.12/site-packages/airflow/example_dags/example_params_trigger_ui.py
[2025-07-24T20:43:47.950+0000] {processor.py:840} INFO - DAG(s) 'example_params_trigger_ui' retrieved from /home/airflow/.local/lib/python3.12/site-packages/airflow/example_dags/example_params_trigger_ui.py
[2025-07-24T20:43:48.015+0000] {logging_mixin.py:188} INFO - [2025-07-24T20:43:48.015+0000] {dag.py:3096} INFO - Sync 1 DAGs
[2025-07-24T20:43:48.020+0000] {logging_mixin.py:188} INFO - [2025-07-24T20:43:48.020+0000] {dag.py:3954} INFO - Setting next_dagrun for example_params_trigger_ui to None, run_after=None
[2025-07-24T20:43:48.031+0000] {processor.py:183} INFO - Processing /home/airflow/.local/lib/python3.12/site-packages/airflow/example_dags/example_params_trigger_ui.py took 0.093 seconds
[2025-07-24T20:44:18.681+0000] {processor.py:161} INFO - Started process (PID=175) to work on /home/airflow/.local/lib/python3.12/site-packages/airflow/example_dags/example_params_trigger_ui.py
[2025-07-24T20:44:18.682+0000] {processor.py:830} INFO - Processing file /home/airflow/.local/lib/python3.12/site-packages/airflow/example_dags/example_params_trigger_ui.py for tasks to queue
[2025-07-24T20:44:18.683+0000] {logging_mixin.py:188} INFO - [2025-07-24T20:44:18.683+0000] {dagbag.py:545} INFO - Filling up the DagBag from /home/airflow/.local/lib/python3.12/site-packages/airflow/example_dags/example_params_trigger_ui.py
[2025-07-24T20:44:18.690+0000] {processor.py:840} INFO - DAG(s) 'example_params_trigger_ui' retrieved from /home/airflow/.local/lib/python3.12/site-packages/airflow/example_dags/example_params_trigger_ui.py
[2025-07-24T20:44:18.712+0000] {logging_mixin.py:188} INFO - [2025-07-24T20:44:18.712+0000] {dag.py:3096} INFO - Sync 1 DAGs
[2025-07-24T20:44:18.719+0000] {logging_mixin.py:188} INFO - [2025-07-24T20:44:18.719+0000] {dag.py:3954} INFO - Setting next_dagrun for example_params_trigger_ui to None, run_after=None
[2025-07-24T20:44:18.728+0000] {processor.py:183} INFO - Processing /home/airflow/.local/lib/python3.12/site-packages/airflow/example_dags/example_params_trigger_ui.py took 0.050 seconds
[2025-07-24T20:44:48.805+0000] {processor.py:161} INFO - Started process (PID=233) to work on /home/airflow/.local/lib/python3.12/site-packages/airflow/example_dags/example_params_trigger_ui.py
[2025-07-24T20:44:48.805+0000] {processor.py:830} INFO - Processing file /home/airflow/.local/lib/python3.12/site-packages/airflow/example_dags/example_params_trigger_ui.py for tasks to queue
[2025-07-24T20:44:48.806+0000] {logging_mixin.py:188} INFO - [2025-07-24T20:44:48.806+0000] {dagbag.py:545} INFO - Filling up the DagBag from /home/airflow/.local/lib/python3.12/site-packages/airflow/example_dags/example_params_trigger_ui.py
[2025-07-24T20:44:48.814+0000] {processor.py:840} INFO - DAG(s) 'example_params_trigger_ui' retrieved from /home/airflow/.local/lib/python3.12/site-packages/airflow/example_dags/example_params_trigger_ui.py
[2025-07-24T20:44:48.838+0000] {logging_mixin.py:188} INFO - [2025-07-24T20:44:48.838+0000] {dag.py:3096} INFO - Sync 1 DAGs
[2025-07-24T20:44:48.845+0000] {logging_mixin.py:188} INFO - [2025-07-24T20:44:48.845+0000] {dag.py:3954} INFO - Setting next_dagrun for example_params_trigger_ui to None, run_after=None
[2025-07-24T20:44:48.854+0000] {processor.py:183} INFO - Processing /home/airflow/.local/lib/python3.12/site-packages/airflow/example_dags/example_params_trigger_ui.py took 0.053 seconds
[2025-07-24T20:45:18.890+0000] {processor.py:161} INFO - Started process (PID=291) to work on /home/airflow/.local/lib/python3.12/site-packages/airflow/example_dags/example_params_trigger_ui.py
[2025-07-24T20:45:18.891+0000] {processor.py:830} INFO - Processing file /home/airflow/.local/lib/python3.12/site-packages/airflow/example_dags/example_params_trigger_ui.py for tasks to queue
[2025-07-24T20:45:18.892+0000] {logging_mixin.py:188} INFO - [2025-07-24T20:45:18.892+0000] {dagbag.py:545} INFO - Filling up the DagBag from /home/airflow/.local/lib/python3.12/site-packages/airflow/example_dags/example_params_trigger_ui.py
[2025-07-24T20:45:18.900+0000] {processor.py:840} INFO - DAG(s) 'example_params_trigger_ui' retrieved from /home/airflow/.local/lib/python3.12/site-packages/airflow/example_dags/example_params_trigger_ui.py
[2025-07-24T20:45:18.920+0000] {logging_mixin.py:188} INFO - [2025-07-24T20:45:18.920+0000] {dag.py:3096} INFO - Sync 1 DAGs
[2025-07-24T20:45:18.927+0000] {logging_mixin.py:188} INFO - [2025-07-24T20:45:18.927+0000] {dag.py:3954} INFO - Setting next_dagrun for example_params_trigger_ui to None, run_after=None
[2025-07-24T20:45:18.935+0000] {processor.py:183} INFO - Processing /home/airflow/.local/lib/python3.12/site-packages/airflow/example_dags/example_params_trigger_ui.py took 0.048 seconds
[2025-07-24T20:45:49.470+0000] {processor.py:161} INFO - Started process (PID=349) to work on /home/airflow/.local/lib/python3.12/site-packages/airflow/example_dags/example_params_trigger_ui.py
[2025-07-24T20:45:49.470+0000] {processor.py:830} INFO - Processing file /home/airflow/.local/lib/python3.12/site-packages/airflow/example_dags/example_params_trigger_ui.py for tasks to queue
[2025-07-24T20:45:49.471+0000] {logging_mixin.py:188} INFO - [2025-07-24T20:45:49.471+0000] {dagbag.py:545} INFO - Filling up the DagBag from /home/airflow/.local/lib/python3.12/site-packages/airflow/example_dags/example_params_trigger_ui.py
[2025-07-24T20:45:49.479+0000] {processor.py:840} INFO - DAG(s) 'example_params_trigger_ui' retrieved from /home/airflow/.local/lib/python3.12/site-packages/airflow/example_dags/example_params_trigger_ui.py
[2025-07-24T20:45:49.503+0000] {logging_mixin.py:188} INFO - [2025-07-24T20:45:49.503+0000] {dag.py:3096} INFO - Sync 1 DAGs
[2025-07-24T20:45:49.510+0000] {logging_mixin.py:188} INFO - [2025-07-24T20:45:49.510+0000] {dag.py:3954} INFO - Setting next_dagrun for example_params_trigger_ui to None, run_after=None
[2025-07-24T20:45:49.520+0000] {processor.py:183} INFO - Processing /home/airflow/.local/lib/python3.12/site-packages/airflow/example_dags/example_params_trigger_ui.py took 0.054 seconds
[2025-07-24T20:46:20.137+0000] {processor.py:161} INFO - Started process (PID=413) to work on /home/airflow/.local/lib/python3.12/site-packages/airflow/example_dags/example_params_trigger_ui.py
[2025-07-24T20:46:20.138+0000] {processor.py:830} INFO - Processing file /home/airflow/.local/lib/python3.12/site-packages/airflow/example_dags/example_params_trigger_ui.py for tasks to queue
[2025-07-24T20:46:20.139+0000] {logging_mixin.py:188} INFO - [2025-07-24T20:46:20.139+0000] {dagbag.py:545} INFO - Filling up the DagBag from /home/airflow/.local/lib/python3.12/site-packages/airflow/example_dags/example_params_trigger_ui.py
[2025-07-24T20:46:20.146+0000] {processor.py:840} INFO - DAG(s) 'example_params_trigger_ui' retrieved from /home/airflow/.local/lib/python3.12/site-packages/airflow/example_dags/example_params_trigger_ui.py
[2025-07-24T20:46:20.170+0000] {logging_mixin.py:188} INFO - [2025-07-24T20:46:20.170+0000] {dag.py:3096} INFO - Sync 1 DAGs
[2025-07-24T20:46:20.177+0000] {logging_mixin.py:188} INFO - [2025-07-24T20:46:20.177+0000] {dag.py:3954} INFO - Setting next_dagrun for example_params_trigger_ui to None, run_after=None
[2025-07-24T20:46:20.187+0000] {processor.py:183} INFO - Processing /home/airflow/.local/lib/python3.12/site-packages/airflow/example_dags/example_params_trigger_ui.py took 0.053 seconds
[2025-07-24T20:46:50.839+0000] {processor.py:161} INFO - Started process (PID=471) to work on /home/airflow/.local/lib/python3.12/site-packages/airflow/example_dags/example_params_trigger_ui.py
[2025-07-24T20:46:50.839+0000] {processor.py:830} INFO - Processing file /home/airflow/.local/lib/python3.12/site-packages/airflow/example_dags/example_params_trigger_ui.py for tasks to queue
[2025-07-24T20:46:50.840+0000] {logging_mixin.py:188} INFO - [2025-07-24T20:46:50.840+0000] {dagbag.py:545} INFO - Filling up the DagBag from /home/airflow/.local/lib/python3.12/site-packages/airflow/example_dags/example_params_trigger_ui.py
[2025-07-24T20:46:50.848+0000] {processor.py:840} INFO - DAG(s) 'example_params_trigger_ui' retrieved from /home/airflow/.local/lib/python3.12/site-packages/airflow/example_dags/example_params_trigger_ui.py
[2025-07-24T20:46:50.873+0000] {logging_mixin.py:188} INFO - [2025-07-24T20:46:50.873+0000] {dag.py:3096} INFO - Sync 1 DAGs
[2025-07-24T20:46:50.881+0000] {logging_mixin.py:188} INFO - [2025-07-24T20:46:50.881+0000] {dag.py:3954} INFO - Setting next_dagrun for example_params_trigger_ui to None, run_after=None
[2025-07-24T20:46:50.890+0000] {processor.py:183} INFO - Processing /home/airflow/.local/lib/python3.12/site-packages/airflow/example_dags/example_params_trigger_ui.py took 0.055 seconds
[2025-07-24T20:47:21.494+0000] {processor.py:161} INFO - Started process (PID=529) to work on /home/airflow/.local/lib/python3.12/site-packages/airflow/example_dags/example_params_trigger_ui.py
[2025-07-24T20:47:21.495+0000] {processor.py:830} INFO - Processing file /home/airflow/.local/lib/python3.12/site-packages/airflow/example_dags/example_params_trigger_ui.py for tasks to queue
[2025-07-24T20:47:21.496+0000] {logging_mixin.py:188} INFO - [2025-07-24T20:47:21.496+0000] {dagbag.py:545} INFO - Filling up the DagBag from /home/airflow/.local/lib/python3.12/site-packages/airflow/example_dags/example_params_trigger_ui.py
[2025-07-24T20:47:21.503+0000] {processor.py:840} INFO - DAG(s) 'example_params_trigger_ui' retrieved from /home/airflow/.local/lib/python3.12/site-packages/airflow/example_dags/example_params_trigger_ui.py
[2025-07-24T20:47:21.525+0000] {logging_mixin.py:188} INFO - [2025-07-24T20:47:21.524+0000] {dag.py:3096} INFO - Sync 1 DAGs
[2025-07-24T20:47:21.531+0000] {logging_mixin.py:188} INFO - [2025-07-24T20:47:21.531+0000] {dag.py:3954} INFO - Setting next_dagrun for example_params_trigger_ui to None, run_after=None
[2025-07-24T20:47:21.540+0000] {processor.py:183} INFO - Processing /home/airflow/.local/lib/python3.12/site-packages/airflow/example_dags/example_params_trigger_ui.py took 0.050 seconds
[2025-07-24T20:47:52.236+0000] {processor.py:161} INFO - Started process (PID=587) to work on /home/airflow/.local/lib/python3.12/site-packages/airflow/example_dags/example_params_trigger_ui.py
[2025-07-24T20:47:52.236+0000] {processor.py:830} INFO - Processing file /home/airflow/.local/lib/python3.12/site-packages/airflow/example_dags/example_params_trigger_ui.py for tasks to queue
[2025-07-24T20:47:52.237+0000] {logging_mixin.py:188} INFO - [2025-07-24T20:47:52.237+0000] {dagbag.py:545} INFO - Filling up the DagBag from /home/airflow/.local/lib/python3.12/site-packages/airflow/example_dags/example_params_trigger_ui.py
[2025-07-24T20:47:52.245+0000] {processor.py:840} INFO - DAG(s) 'example_params_trigger_ui' retrieved from /home/airflow/.local/lib/python3.12/site-packages/airflow/example_dags/example_params_trigger_ui.py
[2025-07-24T20:47:52.268+0000] {logging_mixin.py:188} INFO - [2025-07-24T20:47:52.268+0000] {dag.py:3096} INFO - Sync 1 DAGs
[2025-07-24T20:47:52.275+0000] {logging_mixin.py:188} INFO - [2025-07-24T20:47:52.275+0000] {dag.py:3954} INFO - Setting next_dagrun for example_params_trigger_ui to None, run_after=None
[2025-07-24T20:47:52.284+0000] {processor.py:183} INFO - Processing /home/airflow/.local/lib/python3.12/site-packages/airflow/example_dags/example_params_trigger_ui.py took 0.052 seconds
[2025-07-24T20:48:22.849+0000] {processor.py:161} INFO - Started process (PID=645) to work on /home/airflow/.local/lib/python3.12/site-packages/airflow/example_dags/example_params_trigger_ui.py
[2025-07-24T20:48:22.850+0000] {processor.py:830} INFO - Processing file /home/airflow/.local/lib/python3.12/site-packages/airflow/example_dags/example_params_trigger_ui.py for tasks to queue
[2025-07-24T20:48:22.851+0000] {logging_mixin.py:188} INFO - [2025-07-24T20:48:22.851+0000] {dagbag.py:545} INFO - Filling up the DagBag from /home/airflow/.local/lib/python3.12/site-packages/airflow/example_dags/example_params_trigger_ui.py
[2025-07-24T20:48:22.860+0000] {processor.py:840} INFO - DAG(s) 'example_params_trigger_ui' retrieved from /home/airflow/.local/lib/python3.12/site-packages/airflow/example_dags/example_params_trigger_ui.py
[2025-07-24T20:48:22.885+0000] {logging_mixin.py:188} INFO - [2025-07-24T20:48:22.885+0000] {dag.py:3096} INFO - Sync 1 DAGs
[2025-07-24T20:48:22.895+0000] {logging_mixin.py:188} INFO - [2025-07-24T20:48:22.894+0000] {dag.py:3954} INFO - Setting next_dagrun for example_params_trigger_ui to None, run_after=None
[2025-07-24T20:48:22.905+0000] {processor.py:183} INFO - Processing /home/airflow/.local/lib/python3.12/site-packages/airflow/example_dags/example_params_trigger_ui.py took 0.059 seconds
[2025-07-24T20:48:53.502+0000] {processor.py:161} INFO - Started process (PID=703) to work on /home/airflow/.local/lib/python3.12/site-packages/airflow/example_dags/example_params_trigger_ui.py
[2025-07-24T20:48:53.502+0000] {processor.py:830} INFO - Processing file /home/airflow/.local/lib/python3.12/site-packages/airflow/example_dags/example_params_trigger_ui.py for tasks to queue
[2025-07-24T20:48:53.503+0000] {logging_mixin.py:188} INFO - [2025-07-24T20:48:53.503+0000] {dagbag.py:545} INFO - Filling up the DagBag from /home/airflow/.local/lib/python3.12/site-packages/airflow/example_dags/example_params_trigger_ui.py
[2025-07-24T20:48:53.512+0000] {processor.py:840} INFO - DAG(s) 'example_params_trigger_ui' retrieved from /home/airflow/.local/lib/python3.12/site-packages/airflow/example_dags/example_params_trigger_ui.py
[2025-07-24T20:48:53.535+0000] {logging_mixin.py:188} INFO - [2025-07-24T20:48:53.535+0000] {dag.py:3096} INFO - Sync 1 DAGs
[2025-07-24T20:48:53.543+0000] {logging_mixin.py:188} INFO - [2025-07-24T20:48:53.542+0000] {dag.py:3954} INFO - Setting next_dagrun for example_params_trigger_ui to None, run_after=None
[2025-07-24T20:48:53.552+0000] {processor.py:183} INFO - Processing /home/airflow/.local/lib/python3.12/site-packages/airflow/example_dags/example_params_trigger_ui.py took 0.054 seconds
[2025-07-24T20:49:24.119+0000] {processor.py:161} INFO - Started process (PID=761) to work on /home/airflow/.local/lib/python3.12/site-packages/airflow/example_dags/example_params_trigger_ui.py
[2025-07-24T20:49:24.120+0000] {processor.py:830} INFO - Processing file /home/airflow/.local/lib/python3.12/site-packages/airflow/example_dags/example_params_trigger_ui.py for tasks to queue
[2025-07-24T20:49:24.121+0000] {logging_mixin.py:188} INFO - [2025-07-24T20:49:24.120+0000] {dagbag.py:545} INFO - Filling up the DagBag from /home/airflow/.local/lib/python3.12/site-packages/airflow/example_dags/example_params_trigger_ui.py
[2025-07-24T20:49:24.127+0000] {processor.py:840} INFO - DAG(s) 'example_params_trigger_ui' retrieved from /home/airflow/.local/lib/python3.12/site-packages/airflow/example_dags/example_params_trigger_ui.py
[2025-07-24T20:49:24.150+0000] {logging_mixin.py:188} INFO - [2025-07-24T20:49:24.150+0000] {dag.py:3096} INFO - Sync 1 DAGs
[2025-07-24T20:49:24.158+0000] {logging_mixin.py:188} INFO - [2025-07-24T20:49:24.158+0000] {dag.py:3954} INFO - Setting next_dagrun for example_params_trigger_ui to None, run_after=None
[2025-07-24T20:49:24.166+0000] {processor.py:183} INFO - Processing /home/airflow/.local/lib/python3.12/site-packages/airflow/example_dags/example_params_trigger_ui.py took 0.050 seconds
[2025-07-24T20:49:54.729+0000] {processor.py:161} INFO - Started process (PID=819) to work on /home/airflow/.local/lib/python3.12/site-packages/airflow/example_dags/example_params_trigger_ui.py
[2025-07-24T20:49:54.730+0000] {processor.py:830} INFO - Processing file /home/airflow/.local/lib/python3.12/site-packages/airflow/example_dags/example_params_trigger_ui.py for tasks to queue
[2025-07-24T20:49:54.731+0000] {logging_mixin.py:188} INFO - [2025-07-24T20:49:54.731+0000] {dagbag.py:545} INFO - Filling up the DagBag from /home/airflow/.local/lib/python3.12/site-packages/airflow/example_dags/example_params_trigger_ui.py
[2025-07-24T20:49:54.739+0000] {processor.py:840} INFO - DAG(s) 'example_params_trigger_ui' retrieved from /home/airflow/.local/lib/python3.12/site-packages/airflow/example_dags/example_params_trigger_ui.py
[2025-07-24T20:49:54.763+0000] {logging_mixin.py:188} INFO - [2025-07-24T20:49:54.763+0000] {dag.py:3096} INFO - Sync 1 DAGs
[2025-07-24T20:49:54.770+0000] {logging_mixin.py:188} INFO - [2025-07-24T20:49:54.770+0000] {dag.py:3954} INFO - Setting next_dagrun for example_params_trigger_ui to None, run_after=None
[2025-07-24T20:49:54.780+0000] {processor.py:183} INFO - Processing /home/airflow/.local/lib/python3.12/site-packages/airflow/example_dags/example_params_trigger_ui.py took 0.054 seconds
[2025-07-24T20:50:25.478+0000] {processor.py:161} INFO - Started process (PID=877) to work on /home/airflow/.local/lib/python3.12/site-packages/airflow/example_dags/example_params_trigger_ui.py
[2025-07-24T20:50:25.479+0000] {processor.py:830} INFO - Processing file /home/airflow/.local/lib/python3.12/site-packages/airflow/example_dags/example_params_trigger_ui.py for tasks to queue
[2025-07-24T20:50:25.480+0000] {logging_mixin.py:188} INFO - [2025-07-24T20:50:25.479+0000] {dagbag.py:545} INFO - Filling up the DagBag from /home/airflow/.local/lib/python3.12/site-packages/airflow/example_dags/example_params_trigger_ui.py
[2025-07-24T20:50:25.489+0000] {processor.py:840} INFO - DAG(s) 'example_params_trigger_ui' retrieved from /home/airflow/.local/lib/python3.12/site-packages/airflow/example_dags/example_params_trigger_ui.py
[2025-07-24T20:50:25.511+0000] {logging_mixin.py:188} INFO - [2025-07-24T20:50:25.511+0000] {dag.py:3096} INFO - Sync 1 DAGs
[2025-07-24T20:50:25.518+0000] {logging_mixin.py:188} INFO - [2025-07-24T20:50:25.517+0000] {dag.py:3954} INFO - Setting next_dagrun for example_params_trigger_ui to None, run_after=None
[2025-07-24T20:50:25.526+0000] {processor.py:183} INFO - Processing /home/airflow/.local/lib/python3.12/site-packages/airflow/example_dags/example_params_trigger_ui.py took 0.052 seconds
[2025-07-24T20:50:55.596+0000] {processor.py:161} INFO - Started process (PID=935) to work on /home/airflow/.local/lib/python3.12/site-packages/airflow/example_dags/example_params_trigger_ui.py
[2025-07-24T20:50:55.596+0000] {processor.py:830} INFO - Processing file /home/airflow/.local/lib/python3.12/site-packages/airflow/example_dags/example_params_trigger_ui.py for tasks to queue
[2025-07-24T20:50:55.598+0000] {logging_mixin.py:188} INFO - [2025-07-24T20:50:55.598+0000] {dagbag.py:545} INFO - Filling up the DagBag from /home/airflow/.local/lib/python3.12/site-packages/airflow/example_dags/example_params_trigger_ui.py
[2025-07-24T20:50:55.607+0000] {processor.py:840} INFO - DAG(s) 'example_params_trigger_ui' retrieved from /home/airflow/.local/lib/python3.12/site-packages/airflow/example_dags/example_params_trigger_ui.py
[2025-07-24T20:50:55.632+0000] {logging_mixin.py:188} INFO - [2025-07-24T20:50:55.632+0000] {dag.py:3096} INFO - Sync 1 DAGs
[2025-07-24T20:50:55.639+0000] {logging_mixin.py:188} INFO - [2025-07-24T20:50:55.639+0000] {dag.py:3954} INFO - Setting next_dagrun for example_params_trigger_ui to None, run_after=None
[2025-07-24T20:50:55.649+0000] {processor.py:183} INFO - Processing /home/airflow/.local/lib/python3.12/site-packages/airflow/example_dags/example_params_trigger_ui.py took 0.057 seconds
[2025-07-24T20:51:26.359+0000] {processor.py:161} INFO - Started process (PID=993) to work on /home/airflow/.local/lib/python3.12/site-packages/airflow/example_dags/example_params_trigger_ui.py
[2025-07-24T20:51:26.360+0000] {processor.py:830} INFO - Processing file /home/airflow/.local/lib/python3.12/site-packages/airflow/example_dags/example_params_trigger_ui.py for tasks to queue
[2025-07-24T20:51:26.361+0000] {logging_mixin.py:188} INFO - [2025-07-24T20:51:26.361+0000] {dagbag.py:545} INFO - Filling up the DagBag from /home/airflow/.local/lib/python3.12/site-packages/airflow/example_dags/example_params_trigger_ui.py
[2025-07-24T20:51:26.369+0000] {processor.py:840} INFO - DAG(s) 'example_params_trigger_ui' retrieved from /home/airflow/.local/lib/python3.12/site-packages/airflow/example_dags/example_params_trigger_ui.py
[2025-07-24T20:51:26.391+0000] {logging_mixin.py:188} INFO - [2025-07-24T20:51:26.391+0000] {dag.py:3096} INFO - Sync 1 DAGs
[2025-07-24T20:51:26.397+0000] {logging_mixin.py:188} INFO - [2025-07-24T20:51:26.397+0000] {dag.py:3954} INFO - Setting next_dagrun for example_params_trigger_ui to None, run_after=None
[2025-07-24T20:51:26.406+0000] {processor.py:183} INFO - Processing /home/airflow/.local/lib/python3.12/site-packages/airflow/example_dags/example_params_trigger_ui.py took 0.050 seconds
[2025-07-24T20:51:57.073+0000] {processor.py:161} INFO - Started process (PID=1051) to work on /home/airflow/.local/lib/python3.12/site-packages/airflow/example_dags/example_params_trigger_ui.py
[2025-07-24T20:51:57.073+0000] {processor.py:830} INFO - Processing file /home/airflow/.local/lib/python3.12/site-packages/airflow/example_dags/example_params_trigger_ui.py for tasks to queue
[2025-07-24T20:51:57.074+0000] {logging_mixin.py:188} INFO - [2025-07-24T20:51:57.074+0000] {dagbag.py:545} INFO - Filling up the DagBag from /home/airflow/.local/lib/python3.12/site-packages/airflow/example_dags/example_params_trigger_ui.py
[2025-07-24T20:51:57.082+0000] {processor.py:840} INFO - DAG(s) 'example_params_trigger_ui' retrieved from /home/airflow/.local/lib/python3.12/site-packages/airflow/example_dags/example_params_trigger_ui.py
[2025-07-24T20:51:57.106+0000] {logging_mixin.py:188} INFO - [2025-07-24T20:51:57.106+0000] {dag.py:3096} INFO - Sync 1 DAGs
[2025-07-24T20:51:57.113+0000] {logging_mixin.py:188} INFO - [2025-07-24T20:51:57.113+0000] {dag.py:3954} INFO - Setting next_dagrun for example_params_trigger_ui to None, run_after=None
[2025-07-24T20:51:57.123+0000] {processor.py:183} INFO - Processing /home/airflow/.local/lib/python3.12/site-packages/airflow/example_dags/example_params_trigger_ui.py took 0.053 seconds
[2025-07-24T20:52:27.809+0000] {processor.py:161} INFO - Started process (PID=1109) to work on /home/airflow/.local/lib/python3.12/site-packages/airflow/example_dags/example_params_trigger_ui.py
[2025-07-24T20:52:27.810+0000] {processor.py:830} INFO - Processing file /home/airflow/.local/lib/python3.12/site-packages/airflow/example_dags/example_params_trigger_ui.py for tasks to queue
[2025-07-24T20:52:27.811+0000] {logging_mixin.py:188} INFO - [2025-07-24T20:52:27.811+0000] {dagbag.py:545} INFO - Filling up the DagBag from /home/airflow/.local/lib/python3.12/site-packages/airflow/example_dags/example_params_trigger_ui.py
[2025-07-24T20:52:27.819+0000] {processor.py:840} INFO - DAG(s) 'example_params_trigger_ui' retrieved from /home/airflow/.local/lib/python3.12/site-packages/airflow/example_dags/example_params_trigger_ui.py
[2025-07-24T20:52:27.840+0000] {logging_mixin.py:188} INFO - [2025-07-24T20:52:27.840+0000] {dag.py:3096} INFO - Sync 1 DAGs
[2025-07-24T20:52:27.847+0000] {logging_mixin.py:188} INFO - [2025-07-24T20:52:27.847+0000] {dag.py:3954} INFO - Setting next_dagrun for example_params_trigger_ui to None, run_after=None
[2025-07-24T20:52:27.856+0000] {processor.py:183} INFO - Processing /home/airflow/.local/lib/python3.12/site-packages/airflow/example_dags/example_params_trigger_ui.py took 0.050 seconds
[2025-07-24T20:52:58.543+0000] {processor.py:161} INFO - Started process (PID=1167) to work on /home/airflow/.local/lib/python3.12/site-packages/airflow/example_dags/example_params_trigger_ui.py
[2025-07-24T20:52:58.543+0000] {processor.py:830} INFO - Processing file /home/airflow/.local/lib/python3.12/site-packages/airflow/example_dags/example_params_trigger_ui.py for tasks to queue
[2025-07-24T20:52:58.545+0000] {logging_mixin.py:188} INFO - [2025-07-24T20:52:58.545+0000] {dagbag.py:545} INFO - Filling up the DagBag from /home/airflow/.local/lib/python3.12/site-packages/airflow/example_dags/example_params_trigger_ui.py
[2025-07-24T20:52:58.553+0000] {processor.py:840} INFO - DAG(s) 'example_params_trigger_ui' retrieved from /home/airflow/.local/lib/python3.12/site-packages/airflow/example_dags/example_params_trigger_ui.py
[2025-07-24T20:52:58.580+0000] {logging_mixin.py:188} INFO - [2025-07-24T20:52:58.579+0000] {dag.py:3096} INFO - Sync 1 DAGs
[2025-07-24T20:52:58.587+0000] {logging_mixin.py:188} INFO - [2025-07-24T20:52:58.587+0000] {dag.py:3954} INFO - Setting next_dagrun for example_params_trigger_ui to None, run_after=None
[2025-07-24T20:52:58.597+0000] {processor.py:183} INFO - Processing /home/airflow/.local/lib/python3.12/site-packages/airflow/example_dags/example_params_trigger_ui.py took 0.060 seconds
[2025-07-24T20:53:28.724+0000] {processor.py:161} INFO - Started process (PID=1225) to work on /home/airflow/.local/lib/python3.12/site-packages/airflow/example_dags/example_params_trigger_ui.py
[2025-07-24T20:53:28.724+0000] {processor.py:830} INFO - Processing file /home/airflow/.local/lib/python3.12/site-packages/airflow/example_dags/example_params_trigger_ui.py for tasks to queue
[2025-07-24T20:53:28.725+0000] {logging_mixin.py:188} INFO - [2025-07-24T20:53:28.725+0000] {dagbag.py:545} INFO - Filling up the DagBag from /home/airflow/.local/lib/python3.12/site-packages/airflow/example_dags/example_params_trigger_ui.py
[2025-07-24T20:53:28.732+0000] {processor.py:840} INFO - DAG(s) 'example_params_trigger_ui' retrieved from /home/airflow/.local/lib/python3.12/site-packages/airflow/example_dags/example_params_trigger_ui.py
[2025-07-24T20:53:28.754+0000] {logging_mixin.py:188} INFO - [2025-07-24T20:53:28.754+0000] {dag.py:3096} INFO - Sync 1 DAGs
[2025-07-24T20:53:28.761+0000] {logging_mixin.py:188} INFO - [2025-07-24T20:53:28.761+0000] {dag.py:3954} INFO - Setting next_dagrun for example_params_trigger_ui to None, run_after=None
[2025-07-24T20:53:28.770+0000] {processor.py:183} INFO - Processing /home/airflow/.local/lib/python3.12/site-packages/airflow/example_dags/example_params_trigger_ui.py took 0.050 seconds
[2025-07-24T20:53:58.806+0000] {processor.py:161} INFO - Started process (PID=1283) to work on /home/airflow/.local/lib/python3.12/site-packages/airflow/example_dags/example_params_trigger_ui.py
[2025-07-24T20:53:58.806+0000] {processor.py:830} INFO - Processing file /home/airflow/.local/lib/python3.12/site-packages/airflow/example_dags/example_params_trigger_ui.py for tasks to queue
[2025-07-24T20:53:58.807+0000] {logging_mixin.py:188} INFO - [2025-07-24T20:53:58.807+0000] {dagbag.py:545} INFO - Filling up the DagBag from /home/airflow/.local/lib/python3.12/site-packages/airflow/example_dags/example_params_trigger_ui.py
[2025-07-24T20:53:58.815+0000] {processor.py:840} INFO - DAG(s) 'example_params_trigger_ui' retrieved from /home/airflow/.local/lib/python3.12/site-packages/airflow/example_dags/example_params_trigger_ui.py
[2025-07-24T20:53:58.839+0000] {logging_mixin.py:188} INFO - [2025-07-24T20:53:58.839+0000] {dag.py:3096} INFO - Sync 1 DAGs
[2025-07-24T20:53:58.846+0000] {logging_mixin.py:188} INFO - [2025-07-24T20:53:58.846+0000] {dag.py:3954} INFO - Setting next_dagrun for example_params_trigger_ui to None, run_after=None
[2025-07-24T20:53:58.858+0000] {processor.py:183} INFO - Processing /home/airflow/.local/lib/python3.12/site-packages/airflow/example_dags/example_params_trigger_ui.py took 0.056 seconds
[2025-07-24T20:54:28.939+0000] {processor.py:161} INFO - Started process (PID=1341) to work on /home/airflow/.local/lib/python3.12/site-packages/airflow/example_dags/example_params_trigger_ui.py
[2025-07-24T20:54:28.940+0000] {processor.py:830} INFO - Processing file /home/airflow/.local/lib/python3.12/site-packages/airflow/example_dags/example_params_trigger_ui.py for tasks to queue
[2025-07-24T20:54:28.941+0000] {logging_mixin.py:188} INFO - [2025-07-24T20:54:28.940+0000] {dagbag.py:545} INFO - Filling up the DagBag from /home/airflow/.local/lib/python3.12/site-packages/airflow/example_dags/example_params_trigger_ui.py
[2025-07-24T20:54:28.949+0000] {processor.py:840} INFO - DAG(s) 'example_params_trigger_ui' retrieved from /home/airflow/.local/lib/python3.12/site-packages/airflow/example_dags/example_params_trigger_ui.py
[2025-07-24T20:54:28.972+0000] {logging_mixin.py:188} INFO - [2025-07-24T20:54:28.972+0000] {dag.py:3096} INFO - Sync 1 DAGs
[2025-07-24T20:54:28.979+0000] {logging_mixin.py:188} INFO - [2025-07-24T20:54:28.979+0000] {dag.py:3954} INFO - Setting next_dagrun for example_params_trigger_ui to None, run_after=None
[2025-07-24T20:54:28.988+0000] {processor.py:183} INFO - Processing /home/airflow/.local/lib/python3.12/site-packages/airflow/example_dags/example_params_trigger_ui.py took 0.052 seconds
[2025-07-24T20:54:59.822+0000] {processor.py:161} INFO - Started process (PID=1399) to work on /home/airflow/.local/lib/python3.12/site-packages/airflow/example_dags/example_params_trigger_ui.py
[2025-07-24T20:54:59.823+0000] {processor.py:830} INFO - Processing file /home/airflow/.local/lib/python3.12/site-packages/airflow/example_dags/example_params_trigger_ui.py for tasks to queue
[2025-07-24T20:54:59.824+0000] {logging_mixin.py:188} INFO - [2025-07-24T20:54:59.824+0000] {dagbag.py:545} INFO - Filling up the DagBag from /home/airflow/.local/lib/python3.12/site-packages/airflow/example_dags/example_params_trigger_ui.py
[2025-07-24T20:54:59.831+0000] {processor.py:840} INFO - DAG(s) 'example_params_trigger_ui' retrieved from /home/airflow/.local/lib/python3.12/site-packages/airflow/example_dags/example_params_trigger_ui.py
[2025-07-24T20:54:59.853+0000] {logging_mixin.py:188} INFO - [2025-07-24T20:54:59.852+0000] {dag.py:3096} INFO - Sync 1 DAGs
[2025-07-24T20:54:59.859+0000] {logging_mixin.py:188} INFO - [2025-07-24T20:54:59.859+0000] {dag.py:3954} INFO - Setting next_dagrun for example_params_trigger_ui to None, run_after=None
[2025-07-24T20:54:59.867+0000] {processor.py:183} INFO - Processing /home/airflow/.local/lib/python3.12/site-packages/airflow/example_dags/example_params_trigger_ui.py took 0.049 seconds
[2025-07-24T20:55:30.611+0000] {processor.py:161} INFO - Started process (PID=1457) to work on /home/airflow/.local/lib/python3.12/site-packages/airflow/example_dags/example_params_trigger_ui.py
[2025-07-24T20:55:30.611+0000] {processor.py:830} INFO - Processing file /home/airflow/.local/lib/python3.12/site-packages/airflow/example_dags/example_params_trigger_ui.py for tasks to queue
[2025-07-24T20:55:30.612+0000] {logging_mixin.py:188} INFO - [2025-07-24T20:55:30.612+0000] {dagbag.py:545} INFO - Filling up the DagBag from /home/airflow/.local/lib/python3.12/site-packages/airflow/example_dags/example_params_trigger_ui.py
[2025-07-24T20:55:30.620+0000] {processor.py:840} INFO - DAG(s) 'example_params_trigger_ui' retrieved from /home/airflow/.local/lib/python3.12/site-packages/airflow/example_dags/example_params_trigger_ui.py
[2025-07-24T20:55:30.642+0000] {logging_mixin.py:188} INFO - [2025-07-24T20:55:30.642+0000] {dag.py:3096} INFO - Sync 1 DAGs
[2025-07-24T20:55:30.648+0000] {logging_mixin.py:188} INFO - [2025-07-24T20:55:30.648+0000] {dag.py:3954} INFO - Setting next_dagrun for example_params_trigger_ui to None, run_after=None
[2025-07-24T20:55:30.657+0000] {processor.py:183} INFO - Processing /home/airflow/.local/lib/python3.12/site-packages/airflow/example_dags/example_params_trigger_ui.py took 0.050 seconds
