[2025-07-24T20:31:49.020+0000] {processor.py:161} INFO - Started process (PID=79) to work on /home/airflow/.local/lib/python3.12/site-packages/airflow/example_dags/example_xcomargs.py
[2025-07-24T20:31:49.021+0000] {processor.py:830} INFO - Processing file /home/airflow/.local/lib/python3.12/site-packages/airflow/example_dags/example_xcomargs.py for tasks to queue
[2025-07-24T20:31:49.022+0000] {logging_mixin.py:188} INFO - [2025-07-24T20:31:49.022+0000] {dagbag.py:545} INFO - Filling up the DagBag from /home/airflow/.local/lib/python3.12/site-packages/airflow/example_dags/example_xcomargs.py
[2025-07-24T20:31:49.027+0000] {processor.py:840} INFO - DAG(s) 'example_xcom_args_with_operators', 'example_xcom_args' retrieved from /home/airflow/.local/lib/python3.12/site-packages/airflow/example_dags/example_xcomargs.py
[2025-07-24T20:31:49.034+0000] {logging_mixin.py:188} INFO - [2025-07-24T20:31:49.034+0000] {dag.py:3096} INFO - Sync 2 DAGs
[2025-07-24T20:31:49.042+0000] {logging_mixin.py:188} INFO - [2025-07-24T20:31:49.042+0000] {dag.py:3954} INFO - Setting next_dagrun for example_xcom_args to None, run_after=None
[2025-07-24T20:31:49.044+0000] {logging_mixin.py:188} INFO - [2025-07-24T20:31:49.044+0000] {dag.py:3954} INFO - Setting next_dagrun for example_xcom_args_with_operators to None, run_after=None
[2025-07-24T20:31:49.052+0000] {processor.py:183} INFO - Processing /home/airflow/.local/lib/python3.12/site-packages/airflow/example_dags/example_xcomargs.py took 0.035 seconds
[2025-07-24T20:32:20.660+0000] {processor.py:161} INFO - Started process (PID=137) to work on /home/airflow/.local/lib/python3.12/site-packages/airflow/example_dags/example_xcomargs.py
[2025-07-24T20:32:20.660+0000] {processor.py:830} INFO - Processing file /home/airflow/.local/lib/python3.12/site-packages/airflow/example_dags/example_xcomargs.py for tasks to queue
[2025-07-24T20:32:20.661+0000] {logging_mixin.py:188} INFO - [2025-07-24T20:32:20.661+0000] {dagbag.py:545} INFO - Filling up the DagBag from /home/airflow/.local/lib/python3.12/site-packages/airflow/example_dags/example_xcomargs.py
[2025-07-24T20:32:20.666+0000] {processor.py:840} INFO - DAG(s) 'example_xcom_args', 'example_xcom_args_with_operators' retrieved from /home/airflow/.local/lib/python3.12/site-packages/airflow/example_dags/example_xcomargs.py
[2025-07-24T20:32:20.725+0000] {logging_mixin.py:188} INFO - [2025-07-24T20:32:20.725+0000] {dag.py:3096} INFO - Sync 2 DAGs
[2025-07-24T20:32:20.731+0000] {logging_mixin.py:188} INFO - [2025-07-24T20:32:20.731+0000] {dag.py:3954} INFO - Setting next_dagrun for example_xcom_args to None, run_after=None
[2025-07-24T20:32:20.733+0000] {logging_mixin.py:188} INFO - [2025-07-24T20:32:20.733+0000] {dag.py:3954} INFO - Setting next_dagrun for example_xcom_args_with_operators to None, run_after=None
[2025-07-24T20:32:20.741+0000] {processor.py:183} INFO - Processing /home/airflow/.local/lib/python3.12/site-packages/airflow/example_dags/example_xcomargs.py took 0.085 seconds
[2025-07-24T20:32:51.061+0000] {processor.py:161} INFO - Started process (PID=195) to work on /home/airflow/.local/lib/python3.12/site-packages/airflow/example_dags/example_xcomargs.py
[2025-07-24T20:32:51.062+0000] {processor.py:830} INFO - Processing file /home/airflow/.local/lib/python3.12/site-packages/airflow/example_dags/example_xcomargs.py for tasks to queue
[2025-07-24T20:32:51.063+0000] {logging_mixin.py:188} INFO - [2025-07-24T20:32:51.063+0000] {dagbag.py:545} INFO - Filling up the DagBag from /home/airflow/.local/lib/python3.12/site-packages/airflow/example_dags/example_xcomargs.py
[2025-07-24T20:32:51.067+0000] {processor.py:840} INFO - DAG(s) 'example_xcom_args', 'example_xcom_args_with_operators' retrieved from /home/airflow/.local/lib/python3.12/site-packages/airflow/example_dags/example_xcomargs.py
[2025-07-24T20:32:51.079+0000] {logging_mixin.py:188} INFO - [2025-07-24T20:32:51.079+0000] {dag.py:3096} INFO - Sync 2 DAGs
[2025-07-24T20:32:51.086+0000] {logging_mixin.py:188} INFO - [2025-07-24T20:32:51.086+0000] {dag.py:3954} INFO - Setting next_dagrun for example_xcom_args to None, run_after=None
[2025-07-24T20:32:51.087+0000] {logging_mixin.py:188} INFO - [2025-07-24T20:32:51.087+0000] {dag.py:3954} INFO - Setting next_dagrun for example_xcom_args_with_operators to None, run_after=None
[2025-07-24T20:32:51.095+0000] {processor.py:183} INFO - Processing /home/airflow/.local/lib/python3.12/site-packages/airflow/example_dags/example_xcomargs.py took 0.036 seconds
[2025-07-24T20:33:21.796+0000] {processor.py:161} INFO - Started process (PID=253) to work on /home/airflow/.local/lib/python3.12/site-packages/airflow/example_dags/example_xcomargs.py
[2025-07-24T20:33:21.796+0000] {processor.py:830} INFO - Processing file /home/airflow/.local/lib/python3.12/site-packages/airflow/example_dags/example_xcomargs.py for tasks to queue
[2025-07-24T20:33:21.797+0000] {logging_mixin.py:188} INFO - [2025-07-24T20:33:21.797+0000] {dagbag.py:545} INFO - Filling up the DagBag from /home/airflow/.local/lib/python3.12/site-packages/airflow/example_dags/example_xcomargs.py
[2025-07-24T20:33:21.802+0000] {processor.py:840} INFO - DAG(s) 'example_xcom_args_with_operators', 'example_xcom_args' retrieved from /home/airflow/.local/lib/python3.12/site-packages/airflow/example_dags/example_xcomargs.py
[2025-07-24T20:33:21.813+0000] {logging_mixin.py:188} INFO - [2025-07-24T20:33:21.813+0000] {dag.py:3096} INFO - Sync 2 DAGs
[2025-07-24T20:33:21.820+0000] {logging_mixin.py:188} INFO - [2025-07-24T20:33:21.820+0000] {dag.py:3954} INFO - Setting next_dagrun for example_xcom_args to None, run_after=None
[2025-07-24T20:33:21.822+0000] {logging_mixin.py:188} INFO - [2025-07-24T20:33:21.822+0000] {dag.py:3954} INFO - Setting next_dagrun for example_xcom_args_with_operators to None, run_after=None
[2025-07-24T20:33:21.829+0000] {processor.py:183} INFO - Processing /home/airflow/.local/lib/python3.12/site-packages/airflow/example_dags/example_xcomargs.py took 0.037 seconds
[2025-07-24T20:33:52.596+0000] {processor.py:161} INFO - Started process (PID=311) to work on /home/airflow/.local/lib/python3.12/site-packages/airflow/example_dags/example_xcomargs.py
[2025-07-24T20:33:52.596+0000] {processor.py:830} INFO - Processing file /home/airflow/.local/lib/python3.12/site-packages/airflow/example_dags/example_xcomargs.py for tasks to queue
[2025-07-24T20:33:52.597+0000] {logging_mixin.py:188} INFO - [2025-07-24T20:33:52.597+0000] {dagbag.py:545} INFO - Filling up the DagBag from /home/airflow/.local/lib/python3.12/site-packages/airflow/example_dags/example_xcomargs.py
[2025-07-24T20:33:52.601+0000] {processor.py:840} INFO - DAG(s) 'example_xcom_args_with_operators', 'example_xcom_args' retrieved from /home/airflow/.local/lib/python3.12/site-packages/airflow/example_dags/example_xcomargs.py
[2025-07-24T20:33:52.614+0000] {logging_mixin.py:188} INFO - [2025-07-24T20:33:52.614+0000] {dag.py:3096} INFO - Sync 2 DAGs
[2025-07-24T20:33:52.621+0000] {logging_mixin.py:188} INFO - [2025-07-24T20:33:52.621+0000] {dag.py:3954} INFO - Setting next_dagrun for example_xcom_args to None, run_after=None
[2025-07-24T20:33:52.623+0000] {logging_mixin.py:188} INFO - [2025-07-24T20:33:52.623+0000] {dag.py:3954} INFO - Setting next_dagrun for example_xcom_args_with_operators to None, run_after=None
[2025-07-24T20:33:52.630+0000] {processor.py:183} INFO - Processing /home/airflow/.local/lib/python3.12/site-packages/airflow/example_dags/example_xcomargs.py took 0.038 seconds
[2025-07-24T20:34:23.326+0000] {processor.py:161} INFO - Started process (PID=369) to work on /home/airflow/.local/lib/python3.12/site-packages/airflow/example_dags/example_xcomargs.py
[2025-07-24T20:34:23.326+0000] {processor.py:830} INFO - Processing file /home/airflow/.local/lib/python3.12/site-packages/airflow/example_dags/example_xcomargs.py for tasks to queue
[2025-07-24T20:34:23.327+0000] {logging_mixin.py:188} INFO - [2025-07-24T20:34:23.327+0000] {dagbag.py:545} INFO - Filling up the DagBag from /home/airflow/.local/lib/python3.12/site-packages/airflow/example_dags/example_xcomargs.py
[2025-07-24T20:34:23.331+0000] {processor.py:840} INFO - DAG(s) 'example_xcom_args_with_operators', 'example_xcom_args' retrieved from /home/airflow/.local/lib/python3.12/site-packages/airflow/example_dags/example_xcomargs.py
[2025-07-24T20:34:23.344+0000] {logging_mixin.py:188} INFO - [2025-07-24T20:34:23.344+0000] {dag.py:3096} INFO - Sync 2 DAGs
[2025-07-24T20:34:23.352+0000] {logging_mixin.py:188} INFO - [2025-07-24T20:34:23.352+0000] {dag.py:3954} INFO - Setting next_dagrun for example_xcom_args to None, run_after=None
[2025-07-24T20:34:23.353+0000] {logging_mixin.py:188} INFO - [2025-07-24T20:34:23.353+0000] {dag.py:3954} INFO - Setting next_dagrun for example_xcom_args_with_operators to None, run_after=None
[2025-07-24T20:34:23.362+0000] {processor.py:183} INFO - Processing /home/airflow/.local/lib/python3.12/site-packages/airflow/example_dags/example_xcomargs.py took 0.040 seconds
[2025-07-24T20:34:54.045+0000] {processor.py:161} INFO - Started process (PID=427) to work on /home/airflow/.local/lib/python3.12/site-packages/airflow/example_dags/example_xcomargs.py
[2025-07-24T20:34:54.045+0000] {processor.py:830} INFO - Processing file /home/airflow/.local/lib/python3.12/site-packages/airflow/example_dags/example_xcomargs.py for tasks to queue
[2025-07-24T20:34:54.046+0000] {logging_mixin.py:188} INFO - [2025-07-24T20:34:54.046+0000] {dagbag.py:545} INFO - Filling up the DagBag from /home/airflow/.local/lib/python3.12/site-packages/airflow/example_dags/example_xcomargs.py
[2025-07-24T20:34:54.050+0000] {processor.py:840} INFO - DAG(s) 'example_xcom_args', 'example_xcom_args_with_operators' retrieved from /home/airflow/.local/lib/python3.12/site-packages/airflow/example_dags/example_xcomargs.py
[2025-07-24T20:34:54.063+0000] {logging_mixin.py:188} INFO - [2025-07-24T20:34:54.063+0000] {dag.py:3096} INFO - Sync 2 DAGs
[2025-07-24T20:34:54.070+0000] {logging_mixin.py:188} INFO - [2025-07-24T20:34:54.070+0000] {dag.py:3954} INFO - Setting next_dagrun for example_xcom_args to None, run_after=None
[2025-07-24T20:34:54.072+0000] {logging_mixin.py:188} INFO - [2025-07-24T20:34:54.072+0000] {dag.py:3954} INFO - Setting next_dagrun for example_xcom_args_with_operators to None, run_after=None
[2025-07-24T20:34:54.080+0000] {processor.py:183} INFO - Processing /home/airflow/.local/lib/python3.12/site-packages/airflow/example_dags/example_xcomargs.py took 0.038 seconds
[2025-07-24T20:35:24.818+0000] {processor.py:161} INFO - Started process (PID=485) to work on /home/airflow/.local/lib/python3.12/site-packages/airflow/example_dags/example_xcomargs.py
[2025-07-24T20:35:24.818+0000] {processor.py:830} INFO - Processing file /home/airflow/.local/lib/python3.12/site-packages/airflow/example_dags/example_xcomargs.py for tasks to queue
[2025-07-24T20:35:24.819+0000] {logging_mixin.py:188} INFO - [2025-07-24T20:35:24.819+0000] {dagbag.py:545} INFO - Filling up the DagBag from /home/airflow/.local/lib/python3.12/site-packages/airflow/example_dags/example_xcomargs.py
[2025-07-24T20:35:24.824+0000] {processor.py:840} INFO - DAG(s) 'example_xcom_args', 'example_xcom_args_with_operators' retrieved from /home/airflow/.local/lib/python3.12/site-packages/airflow/example_dags/example_xcomargs.py
[2025-07-24T20:35:24.839+0000] {logging_mixin.py:188} INFO - [2025-07-24T20:35:24.838+0000] {dag.py:3096} INFO - Sync 2 DAGs
[2025-07-24T20:35:24.846+0000] {logging_mixin.py:188} INFO - [2025-07-24T20:35:24.846+0000] {dag.py:3954} INFO - Setting next_dagrun for example_xcom_args to None, run_after=None
[2025-07-24T20:35:24.848+0000] {logging_mixin.py:188} INFO - [2025-07-24T20:35:24.848+0000] {dag.py:3954} INFO - Setting next_dagrun for example_xcom_args_with_operators to None, run_after=None
[2025-07-24T20:35:24.856+0000] {processor.py:183} INFO - Processing /home/airflow/.local/lib/python3.12/site-packages/airflow/example_dags/example_xcomargs.py took 0.043 seconds
[2025-07-24T20:36:44.750+0000] {processor.py:161} INFO - Started process (PID=72) to work on /home/airflow/.local/lib/python3.12/site-packages/airflow/example_dags/example_xcomargs.py
[2025-07-24T20:36:44.751+0000] {processor.py:830} INFO - Processing file /home/airflow/.local/lib/python3.12/site-packages/airflow/example_dags/example_xcomargs.py for tasks to queue
[2025-07-24T20:36:44.752+0000] {logging_mixin.py:188} INFO - [2025-07-24T20:36:44.752+0000] {dagbag.py:545} INFO - Filling up the DagBag from /home/airflow/.local/lib/python3.12/site-packages/airflow/example_dags/example_xcomargs.py
[2025-07-24T20:36:44.756+0000] {processor.py:840} INFO - DAG(s) 'example_xcom_args', 'example_xcom_args_with_operators' retrieved from /home/airflow/.local/lib/python3.12/site-packages/airflow/example_dags/example_xcomargs.py
[2025-07-24T20:36:44.763+0000] {logging_mixin.py:188} INFO - [2025-07-24T20:36:44.763+0000] {dag.py:3096} INFO - Sync 2 DAGs
[2025-07-24T20:36:44.772+0000] {logging_mixin.py:188} INFO - [2025-07-24T20:36:44.772+0000] {dag.py:3954} INFO - Setting next_dagrun for example_xcom_args to None, run_after=None
[2025-07-24T20:36:44.774+0000] {logging_mixin.py:188} INFO - [2025-07-24T20:36:44.774+0000] {dag.py:3954} INFO - Setting next_dagrun for example_xcom_args_with_operators to None, run_after=None
[2025-07-24T20:36:44.783+0000] {processor.py:183} INFO - Processing /home/airflow/.local/lib/python3.12/site-packages/airflow/example_dags/example_xcomargs.py took 0.036 seconds
[2025-07-24T20:37:15.313+0000] {processor.py:161} INFO - Started process (PID=130) to work on /home/airflow/.local/lib/python3.12/site-packages/airflow/example_dags/example_xcomargs.py
[2025-07-24T20:37:15.313+0000] {processor.py:830} INFO - Processing file /home/airflow/.local/lib/python3.12/site-packages/airflow/example_dags/example_xcomargs.py for tasks to queue
[2025-07-24T20:37:15.314+0000] {logging_mixin.py:188} INFO - [2025-07-24T20:37:15.314+0000] {dagbag.py:545} INFO - Filling up the DagBag from /home/airflow/.local/lib/python3.12/site-packages/airflow/example_dags/example_xcomargs.py
[2025-07-24T20:37:15.318+0000] {processor.py:840} INFO - DAG(s) 'example_xcom_args_with_operators', 'example_xcom_args' retrieved from /home/airflow/.local/lib/python3.12/site-packages/airflow/example_dags/example_xcomargs.py
[2025-07-24T20:37:15.327+0000] {logging_mixin.py:188} INFO - [2025-07-24T20:37:15.327+0000] {dag.py:3096} INFO - Sync 2 DAGs
[2025-07-24T20:37:15.335+0000] {logging_mixin.py:188} INFO - [2025-07-24T20:37:15.335+0000] {dag.py:3954} INFO - Setting next_dagrun for example_xcom_args to None, run_after=None
[2025-07-24T20:37:15.338+0000] {logging_mixin.py:188} INFO - [2025-07-24T20:37:15.337+0000] {dag.py:3954} INFO - Setting next_dagrun for example_xcom_args_with_operators to None, run_after=None
[2025-07-24T20:37:15.347+0000] {processor.py:183} INFO - Processing /home/airflow/.local/lib/python3.12/site-packages/airflow/example_dags/example_xcomargs.py took 0.038 seconds
[2025-07-24T20:37:46.859+0000] {processor.py:161} INFO - Started process (PID=188) to work on /home/airflow/.local/lib/python3.12/site-packages/airflow/example_dags/example_xcomargs.py
[2025-07-24T20:37:46.860+0000] {processor.py:830} INFO - Processing file /home/airflow/.local/lib/python3.12/site-packages/airflow/example_dags/example_xcomargs.py for tasks to queue
[2025-07-24T20:37:46.861+0000] {logging_mixin.py:188} INFO - [2025-07-24T20:37:46.861+0000] {dagbag.py:545} INFO - Filling up the DagBag from /home/airflow/.local/lib/python3.12/site-packages/airflow/example_dags/example_xcomargs.py
[2025-07-24T20:37:46.866+0000] {processor.py:840} INFO - DAG(s) 'example_xcom_args', 'example_xcom_args_with_operators' retrieved from /home/airflow/.local/lib/python3.12/site-packages/airflow/example_dags/example_xcomargs.py
[2025-07-24T20:37:46.931+0000] {logging_mixin.py:188} INFO - [2025-07-24T20:37:46.931+0000] {dag.py:3096} INFO - Sync 2 DAGs
[2025-07-24T20:37:46.938+0000] {logging_mixin.py:188} INFO - [2025-07-24T20:37:46.938+0000] {dag.py:3954} INFO - Setting next_dagrun for example_xcom_args to None, run_after=None
[2025-07-24T20:37:46.940+0000] {logging_mixin.py:188} INFO - [2025-07-24T20:37:46.940+0000] {dag.py:3954} INFO - Setting next_dagrun for example_xcom_args_with_operators to None, run_after=None
[2025-07-24T20:37:46.949+0000] {processor.py:183} INFO - Processing /home/airflow/.local/lib/python3.12/site-packages/airflow/example_dags/example_xcomargs.py took 0.093 seconds
[2025-07-24T20:38:17.826+0000] {processor.py:161} INFO - Started process (PID=252) to work on /home/airflow/.local/lib/python3.12/site-packages/airflow/example_dags/example_xcomargs.py
[2025-07-24T20:38:17.827+0000] {processor.py:830} INFO - Processing file /home/airflow/.local/lib/python3.12/site-packages/airflow/example_dags/example_xcomargs.py for tasks to queue
[2025-07-24T20:38:17.828+0000] {logging_mixin.py:188} INFO - [2025-07-24T20:38:17.828+0000] {dagbag.py:545} INFO - Filling up the DagBag from /home/airflow/.local/lib/python3.12/site-packages/airflow/example_dags/example_xcomargs.py
[2025-07-24T20:38:17.832+0000] {processor.py:840} INFO - DAG(s) 'example_xcom_args_with_operators', 'example_xcom_args' retrieved from /home/airflow/.local/lib/python3.12/site-packages/airflow/example_dags/example_xcomargs.py
[2025-07-24T20:38:17.846+0000] {logging_mixin.py:188} INFO - [2025-07-24T20:38:17.846+0000] {dag.py:3096} INFO - Sync 2 DAGs
[2025-07-24T20:38:17.853+0000] {logging_mixin.py:188} INFO - [2025-07-24T20:38:17.853+0000] {dag.py:3954} INFO - Setting next_dagrun for example_xcom_args to None, run_after=None
[2025-07-24T20:38:17.855+0000] {logging_mixin.py:188} INFO - [2025-07-24T20:38:17.855+0000] {dag.py:3954} INFO - Setting next_dagrun for example_xcom_args_with_operators to None, run_after=None
[2025-07-24T20:38:17.864+0000] {processor.py:183} INFO - Processing /home/airflow/.local/lib/python3.12/site-packages/airflow/example_dags/example_xcomargs.py took 0.040 seconds
[2025-07-24T20:38:48.544+0000] {processor.py:161} INFO - Started process (PID=310) to work on /home/airflow/.local/lib/python3.12/site-packages/airflow/example_dags/example_xcomargs.py
[2025-07-24T20:38:48.545+0000] {processor.py:830} INFO - Processing file /home/airflow/.local/lib/python3.12/site-packages/airflow/example_dags/example_xcomargs.py for tasks to queue
[2025-07-24T20:38:48.546+0000] {logging_mixin.py:188} INFO - [2025-07-24T20:38:48.546+0000] {dagbag.py:545} INFO - Filling up the DagBag from /home/airflow/.local/lib/python3.12/site-packages/airflow/example_dags/example_xcomargs.py
[2025-07-24T20:38:48.552+0000] {processor.py:840} INFO - DAG(s) 'example_xcom_args_with_operators', 'example_xcom_args' retrieved from /home/airflow/.local/lib/python3.12/site-packages/airflow/example_dags/example_xcomargs.py
[2025-07-24T20:38:48.566+0000] {logging_mixin.py:188} INFO - [2025-07-24T20:38:48.566+0000] {dag.py:3096} INFO - Sync 2 DAGs
[2025-07-24T20:38:48.574+0000] {logging_mixin.py:188} INFO - [2025-07-24T20:38:48.574+0000] {dag.py:3954} INFO - Setting next_dagrun for example_xcom_args to None, run_after=None
[2025-07-24T20:38:48.576+0000] {logging_mixin.py:188} INFO - [2025-07-24T20:38:48.576+0000] {dag.py:3954} INFO - Setting next_dagrun for example_xcom_args_with_operators to None, run_after=None
[2025-07-24T20:38:48.585+0000] {processor.py:183} INFO - Processing /home/airflow/.local/lib/python3.12/site-packages/airflow/example_dags/example_xcomargs.py took 0.045 seconds
[2025-07-24T20:39:19.339+0000] {processor.py:161} INFO - Started process (PID=368) to work on /home/airflow/.local/lib/python3.12/site-packages/airflow/example_dags/example_xcomargs.py
[2025-07-24T20:39:19.340+0000] {processor.py:830} INFO - Processing file /home/airflow/.local/lib/python3.12/site-packages/airflow/example_dags/example_xcomargs.py for tasks to queue
[2025-07-24T20:39:19.341+0000] {logging_mixin.py:188} INFO - [2025-07-24T20:39:19.340+0000] {dagbag.py:545} INFO - Filling up the DagBag from /home/airflow/.local/lib/python3.12/site-packages/airflow/example_dags/example_xcomargs.py
[2025-07-24T20:39:19.346+0000] {processor.py:840} INFO - DAG(s) 'example_xcom_args_with_operators', 'example_xcom_args' retrieved from /home/airflow/.local/lib/python3.12/site-packages/airflow/example_dags/example_xcomargs.py
[2025-07-24T20:39:19.360+0000] {logging_mixin.py:188} INFO - [2025-07-24T20:39:19.360+0000] {dag.py:3096} INFO - Sync 2 DAGs
[2025-07-24T20:39:19.369+0000] {logging_mixin.py:188} INFO - [2025-07-24T20:39:19.369+0000] {dag.py:3954} INFO - Setting next_dagrun for example_xcom_args to None, run_after=None
[2025-07-24T20:39:19.371+0000] {logging_mixin.py:188} INFO - [2025-07-24T20:39:19.371+0000] {dag.py:3954} INFO - Setting next_dagrun for example_xcom_args_with_operators to None, run_after=None
[2025-07-24T20:39:19.380+0000] {processor.py:183} INFO - Processing /home/airflow/.local/lib/python3.12/site-packages/airflow/example_dags/example_xcomargs.py took 0.045 seconds
[2025-07-24T20:39:50.045+0000] {processor.py:161} INFO - Started process (PID=426) to work on /home/airflow/.local/lib/python3.12/site-packages/airflow/example_dags/example_xcomargs.py
[2025-07-24T20:39:50.045+0000] {processor.py:830} INFO - Processing file /home/airflow/.local/lib/python3.12/site-packages/airflow/example_dags/example_xcomargs.py for tasks to queue
[2025-07-24T20:39:50.046+0000] {logging_mixin.py:188} INFO - [2025-07-24T20:39:50.046+0000] {dagbag.py:545} INFO - Filling up the DagBag from /home/airflow/.local/lib/python3.12/site-packages/airflow/example_dags/example_xcomargs.py
[2025-07-24T20:39:50.051+0000] {processor.py:840} INFO - DAG(s) 'example_xcom_args', 'example_xcom_args_with_operators' retrieved from /home/airflow/.local/lib/python3.12/site-packages/airflow/example_dags/example_xcomargs.py
[2025-07-24T20:39:50.064+0000] {logging_mixin.py:188} INFO - [2025-07-24T20:39:50.064+0000] {dag.py:3096} INFO - Sync 2 DAGs
[2025-07-24T20:39:50.071+0000] {logging_mixin.py:188} INFO - [2025-07-24T20:39:50.071+0000] {dag.py:3954} INFO - Setting next_dagrun for example_xcom_args to None, run_after=None
[2025-07-24T20:39:50.073+0000] {logging_mixin.py:188} INFO - [2025-07-24T20:39:50.073+0000] {dag.py:3954} INFO - Setting next_dagrun for example_xcom_args_with_operators to None, run_after=None
[2025-07-24T20:39:50.081+0000] {processor.py:183} INFO - Processing /home/airflow/.local/lib/python3.12/site-packages/airflow/example_dags/example_xcomargs.py took 0.040 seconds
[2025-07-24T20:40:20.728+0000] {processor.py:161} INFO - Started process (PID=484) to work on /home/airflow/.local/lib/python3.12/site-packages/airflow/example_dags/example_xcomargs.py
[2025-07-24T20:40:20.728+0000] {processor.py:830} INFO - Processing file /home/airflow/.local/lib/python3.12/site-packages/airflow/example_dags/example_xcomargs.py for tasks to queue
[2025-07-24T20:40:20.729+0000] {logging_mixin.py:188} INFO - [2025-07-24T20:40:20.729+0000] {dagbag.py:545} INFO - Filling up the DagBag from /home/airflow/.local/lib/python3.12/site-packages/airflow/example_dags/example_xcomargs.py
[2025-07-24T20:40:20.735+0000] {processor.py:840} INFO - DAG(s) 'example_xcom_args_with_operators', 'example_xcom_args' retrieved from /home/airflow/.local/lib/python3.12/site-packages/airflow/example_dags/example_xcomargs.py
[2025-07-24T20:40:20.749+0000] {logging_mixin.py:188} INFO - [2025-07-24T20:40:20.749+0000] {dag.py:3096} INFO - Sync 2 DAGs
[2025-07-24T20:40:20.757+0000] {logging_mixin.py:188} INFO - [2025-07-24T20:40:20.756+0000] {dag.py:3954} INFO - Setting next_dagrun for example_xcom_args to None, run_after=None
[2025-07-24T20:40:20.759+0000] {logging_mixin.py:188} INFO - [2025-07-24T20:40:20.759+0000] {dag.py:3954} INFO - Setting next_dagrun for example_xcom_args_with_operators to None, run_after=None
[2025-07-24T20:40:20.768+0000] {processor.py:183} INFO - Processing /home/airflow/.local/lib/python3.12/site-packages/airflow/example_dags/example_xcomargs.py took 0.044 seconds
[2025-07-24T20:40:51.681+0000] {processor.py:161} INFO - Started process (PID=542) to work on /home/airflow/.local/lib/python3.12/site-packages/airflow/example_dags/example_xcomargs.py
[2025-07-24T20:40:51.682+0000] {processor.py:830} INFO - Processing file /home/airflow/.local/lib/python3.12/site-packages/airflow/example_dags/example_xcomargs.py for tasks to queue
[2025-07-24T20:40:51.683+0000] {logging_mixin.py:188} INFO - [2025-07-24T20:40:51.683+0000] {dagbag.py:545} INFO - Filling up the DagBag from /home/airflow/.local/lib/python3.12/site-packages/airflow/example_dags/example_xcomargs.py
[2025-07-24T20:40:51.688+0000] {processor.py:840} INFO - DAG(s) 'example_xcom_args_with_operators', 'example_xcom_args' retrieved from /home/airflow/.local/lib/python3.12/site-packages/airflow/example_dags/example_xcomargs.py
[2025-07-24T20:40:51.702+0000] {logging_mixin.py:188} INFO - [2025-07-24T20:40:51.702+0000] {dag.py:3096} INFO - Sync 2 DAGs
[2025-07-24T20:40:51.710+0000] {logging_mixin.py:188} INFO - [2025-07-24T20:40:51.710+0000] {dag.py:3954} INFO - Setting next_dagrun for example_xcom_args to None, run_after=None
[2025-07-24T20:40:51.713+0000] {logging_mixin.py:188} INFO - [2025-07-24T20:40:51.713+0000] {dag.py:3954} INFO - Setting next_dagrun for example_xcom_args_with_operators to None, run_after=None
[2025-07-24T20:40:51.722+0000] {processor.py:183} INFO - Processing /home/airflow/.local/lib/python3.12/site-packages/airflow/example_dags/example_xcomargs.py took 0.044 seconds
[2025-07-24T20:41:21.766+0000] {processor.py:161} INFO - Started process (PID=600) to work on /home/airflow/.local/lib/python3.12/site-packages/airflow/example_dags/example_xcomargs.py
[2025-07-24T20:41:21.767+0000] {processor.py:830} INFO - Processing file /home/airflow/.local/lib/python3.12/site-packages/airflow/example_dags/example_xcomargs.py for tasks to queue
[2025-07-24T20:41:21.767+0000] {logging_mixin.py:188} INFO - [2025-07-24T20:41:21.767+0000] {dagbag.py:545} INFO - Filling up the DagBag from /home/airflow/.local/lib/python3.12/site-packages/airflow/example_dags/example_xcomargs.py
[2025-07-24T20:41:21.774+0000] {processor.py:840} INFO - DAG(s) 'example_xcom_args_with_operators', 'example_xcom_args' retrieved from /home/airflow/.local/lib/python3.12/site-packages/airflow/example_dags/example_xcomargs.py
[2025-07-24T20:41:21.787+0000] {logging_mixin.py:188} INFO - [2025-07-24T20:41:21.787+0000] {dag.py:3096} INFO - Sync 2 DAGs
[2025-07-24T20:41:21.794+0000] {logging_mixin.py:188} INFO - [2025-07-24T20:41:21.793+0000] {dag.py:3954} INFO - Setting next_dagrun for example_xcom_args to None, run_after=None
[2025-07-24T20:41:21.795+0000] {logging_mixin.py:188} INFO - [2025-07-24T20:41:21.795+0000] {dag.py:3954} INFO - Setting next_dagrun for example_xcom_args_with_operators to None, run_after=None
[2025-07-24T20:41:21.803+0000] {processor.py:183} INFO - Processing /home/airflow/.local/lib/python3.12/site-packages/airflow/example_dags/example_xcomargs.py took 0.040 seconds
[2025-07-24T20:41:52.522+0000] {processor.py:161} INFO - Started process (PID=658) to work on /home/airflow/.local/lib/python3.12/site-packages/airflow/example_dags/example_xcomargs.py
[2025-07-24T20:41:52.523+0000] {processor.py:830} INFO - Processing file /home/airflow/.local/lib/python3.12/site-packages/airflow/example_dags/example_xcomargs.py for tasks to queue
[2025-07-24T20:41:52.524+0000] {logging_mixin.py:188} INFO - [2025-07-24T20:41:52.524+0000] {dagbag.py:545} INFO - Filling up the DagBag from /home/airflow/.local/lib/python3.12/site-packages/airflow/example_dags/example_xcomargs.py
[2025-07-24T20:41:52.529+0000] {processor.py:840} INFO - DAG(s) 'example_xcom_args_with_operators', 'example_xcom_args' retrieved from /home/airflow/.local/lib/python3.12/site-packages/airflow/example_dags/example_xcomargs.py
[2025-07-24T20:41:52.545+0000] {logging_mixin.py:188} INFO - [2025-07-24T20:41:52.544+0000] {dag.py:3096} INFO - Sync 2 DAGs
[2025-07-24T20:41:52.552+0000] {logging_mixin.py:188} INFO - [2025-07-24T20:41:52.552+0000] {dag.py:3954} INFO - Setting next_dagrun for example_xcom_args to None, run_after=None
[2025-07-24T20:41:52.554+0000] {logging_mixin.py:188} INFO - [2025-07-24T20:41:52.554+0000] {dag.py:3954} INFO - Setting next_dagrun for example_xcom_args_with_operators to None, run_after=None
[2025-07-24T20:41:52.564+0000] {processor.py:183} INFO - Processing /home/airflow/.local/lib/python3.12/site-packages/airflow/example_dags/example_xcomargs.py took 0.045 seconds
[2025-07-24T20:42:23.400+0000] {processor.py:161} INFO - Started process (PID=716) to work on /home/airflow/.local/lib/python3.12/site-packages/airflow/example_dags/example_xcomargs.py
[2025-07-24T20:42:23.400+0000] {processor.py:830} INFO - Processing file /home/airflow/.local/lib/python3.12/site-packages/airflow/example_dags/example_xcomargs.py for tasks to queue
[2025-07-24T20:42:23.401+0000] {logging_mixin.py:188} INFO - [2025-07-24T20:42:23.401+0000] {dagbag.py:545} INFO - Filling up the DagBag from /home/airflow/.local/lib/python3.12/site-packages/airflow/example_dags/example_xcomargs.py
[2025-07-24T20:42:23.405+0000] {processor.py:840} INFO - DAG(s) 'example_xcom_args', 'example_xcom_args_with_operators' retrieved from /home/airflow/.local/lib/python3.12/site-packages/airflow/example_dags/example_xcomargs.py
[2025-07-24T20:42:23.417+0000] {logging_mixin.py:188} INFO - [2025-07-24T20:42:23.417+0000] {dag.py:3096} INFO - Sync 2 DAGs
[2025-07-24T20:42:23.424+0000] {logging_mixin.py:188} INFO - [2025-07-24T20:42:23.423+0000] {dag.py:3954} INFO - Setting next_dagrun for example_xcom_args to None, run_after=None
[2025-07-24T20:42:23.425+0000] {logging_mixin.py:188} INFO - [2025-07-24T20:42:23.425+0000] {dag.py:3954} INFO - Setting next_dagrun for example_xcom_args_with_operators to None, run_after=None
[2025-07-24T20:42:23.433+0000] {processor.py:183} INFO - Processing /home/airflow/.local/lib/python3.12/site-packages/airflow/example_dags/example_xcomargs.py took 0.037 seconds
[2025-07-24T20:43:17.250+0000] {processor.py:161} INFO - Started process (PID=72) to work on /home/airflow/.local/lib/python3.12/site-packages/airflow/example_dags/example_xcomargs.py
[2025-07-24T20:43:17.250+0000] {processor.py:830} INFO - Processing file /home/airflow/.local/lib/python3.12/site-packages/airflow/example_dags/example_xcomargs.py for tasks to queue
[2025-07-24T20:43:17.251+0000] {logging_mixin.py:188} INFO - [2025-07-24T20:43:17.251+0000] {dagbag.py:545} INFO - Filling up the DagBag from /home/airflow/.local/lib/python3.12/site-packages/airflow/example_dags/example_xcomargs.py
[2025-07-24T20:43:17.255+0000] {processor.py:840} INFO - DAG(s) 'example_xcom_args', 'example_xcom_args_with_operators' retrieved from /home/airflow/.local/lib/python3.12/site-packages/airflow/example_dags/example_xcomargs.py
[2025-07-24T20:43:17.261+0000] {logging_mixin.py:188} INFO - [2025-07-24T20:43:17.261+0000] {dag.py:3096} INFO - Sync 2 DAGs
[2025-07-24T20:43:17.267+0000] {logging_mixin.py:188} INFO - [2025-07-24T20:43:17.267+0000] {dag.py:3954} INFO - Setting next_dagrun for example_xcom_args to None, run_after=None
[2025-07-24T20:43:17.270+0000] {logging_mixin.py:188} INFO - [2025-07-24T20:43:17.270+0000] {dag.py:3954} INFO - Setting next_dagrun for example_xcom_args_with_operators to None, run_after=None
[2025-07-24T20:43:17.278+0000] {processor.py:183} INFO - Processing /home/airflow/.local/lib/python3.12/site-packages/airflow/example_dags/example_xcomargs.py took 0.031 seconds
[2025-07-24T20:43:48.625+0000] {processor.py:161} INFO - Started process (PID=130) to work on /home/airflow/.local/lib/python3.12/site-packages/airflow/example_dags/example_xcomargs.py
[2025-07-24T20:43:48.625+0000] {processor.py:830} INFO - Processing file /home/airflow/.local/lib/python3.12/site-packages/airflow/example_dags/example_xcomargs.py for tasks to queue
[2025-07-24T20:43:48.626+0000] {logging_mixin.py:188} INFO - [2025-07-24T20:43:48.626+0000] {dagbag.py:545} INFO - Filling up the DagBag from /home/airflow/.local/lib/python3.12/site-packages/airflow/example_dags/example_xcomargs.py
[2025-07-24T20:43:48.631+0000] {processor.py:840} INFO - DAG(s) 'example_xcom_args_with_operators', 'example_xcom_args' retrieved from /home/airflow/.local/lib/python3.12/site-packages/airflow/example_dags/example_xcomargs.py
[2025-07-24T20:43:48.688+0000] {logging_mixin.py:188} INFO - [2025-07-24T20:43:48.688+0000] {dag.py:3096} INFO - Sync 2 DAGs
[2025-07-24T20:43:48.694+0000] {logging_mixin.py:188} INFO - [2025-07-24T20:43:48.694+0000] {dag.py:3954} INFO - Setting next_dagrun for example_xcom_args to None, run_after=None
[2025-07-24T20:43:48.695+0000] {logging_mixin.py:188} INFO - [2025-07-24T20:43:48.695+0000] {dag.py:3954} INFO - Setting next_dagrun for example_xcom_args_with_operators to None, run_after=None
[2025-07-24T20:43:48.703+0000] {processor.py:183} INFO - Processing /home/airflow/.local/lib/python3.12/site-packages/airflow/example_dags/example_xcomargs.py took 0.082 seconds
[2025-07-24T20:44:19.117+0000] {processor.py:161} INFO - Started process (PID=188) to work on /home/airflow/.local/lib/python3.12/site-packages/airflow/example_dags/example_xcomargs.py
[2025-07-24T20:44:19.117+0000] {processor.py:830} INFO - Processing file /home/airflow/.local/lib/python3.12/site-packages/airflow/example_dags/example_xcomargs.py for tasks to queue
[2025-07-24T20:44:19.118+0000] {logging_mixin.py:188} INFO - [2025-07-24T20:44:19.118+0000] {dagbag.py:545} INFO - Filling up the DagBag from /home/airflow/.local/lib/python3.12/site-packages/airflow/example_dags/example_xcomargs.py
[2025-07-24T20:44:19.122+0000] {processor.py:840} INFO - DAG(s) 'example_xcom_args', 'example_xcom_args_with_operators' retrieved from /home/airflow/.local/lib/python3.12/site-packages/airflow/example_dags/example_xcomargs.py
[2025-07-24T20:44:19.133+0000] {logging_mixin.py:188} INFO - [2025-07-24T20:44:19.133+0000] {dag.py:3096} INFO - Sync 2 DAGs
[2025-07-24T20:44:19.139+0000] {logging_mixin.py:188} INFO - [2025-07-24T20:44:19.139+0000] {dag.py:3954} INFO - Setting next_dagrun for example_xcom_args to None, run_after=None
[2025-07-24T20:44:19.141+0000] {logging_mixin.py:188} INFO - [2025-07-24T20:44:19.141+0000] {dag.py:3954} INFO - Setting next_dagrun for example_xcom_args_with_operators to None, run_after=None
[2025-07-24T20:44:19.149+0000] {processor.py:183} INFO - Processing /home/airflow/.local/lib/python3.12/site-packages/airflow/example_dags/example_xcomargs.py took 0.035 seconds
[2025-07-24T20:44:49.275+0000] {processor.py:161} INFO - Started process (PID=246) to work on /home/airflow/.local/lib/python3.12/site-packages/airflow/example_dags/example_xcomargs.py
[2025-07-24T20:44:49.276+0000] {processor.py:830} INFO - Processing file /home/airflow/.local/lib/python3.12/site-packages/airflow/example_dags/example_xcomargs.py for tasks to queue
[2025-07-24T20:44:49.277+0000] {logging_mixin.py:188} INFO - [2025-07-24T20:44:49.276+0000] {dagbag.py:545} INFO - Filling up the DagBag from /home/airflow/.local/lib/python3.12/site-packages/airflow/example_dags/example_xcomargs.py
[2025-07-24T20:44:49.282+0000] {processor.py:840} INFO - DAG(s) 'example_xcom_args', 'example_xcom_args_with_operators' retrieved from /home/airflow/.local/lib/python3.12/site-packages/airflow/example_dags/example_xcomargs.py
[2025-07-24T20:44:49.296+0000] {logging_mixin.py:188} INFO - [2025-07-24T20:44:49.295+0000] {dag.py:3096} INFO - Sync 2 DAGs
[2025-07-24T20:44:49.304+0000] {logging_mixin.py:188} INFO - [2025-07-24T20:44:49.304+0000] {dag.py:3954} INFO - Setting next_dagrun for example_xcom_args to None, run_after=None
[2025-07-24T20:44:49.306+0000] {logging_mixin.py:188} INFO - [2025-07-24T20:44:49.306+0000] {dag.py:3954} INFO - Setting next_dagrun for example_xcom_args_with_operators to None, run_after=None
[2025-07-24T20:44:49.316+0000] {processor.py:183} INFO - Processing /home/airflow/.local/lib/python3.12/site-packages/airflow/example_dags/example_xcomargs.py took 0.044 seconds
[2025-07-24T20:45:20.280+0000] {processor.py:161} INFO - Started process (PID=310) to work on /home/airflow/.local/lib/python3.12/site-packages/airflow/example_dags/example_xcomargs.py
[2025-07-24T20:45:20.281+0000] {processor.py:830} INFO - Processing file /home/airflow/.local/lib/python3.12/site-packages/airflow/example_dags/example_xcomargs.py for tasks to queue
[2025-07-24T20:45:20.282+0000] {logging_mixin.py:188} INFO - [2025-07-24T20:45:20.282+0000] {dagbag.py:545} INFO - Filling up the DagBag from /home/airflow/.local/lib/python3.12/site-packages/airflow/example_dags/example_xcomargs.py
[2025-07-24T20:45:20.286+0000] {processor.py:840} INFO - DAG(s) 'example_xcom_args', 'example_xcom_args_with_operators' retrieved from /home/airflow/.local/lib/python3.12/site-packages/airflow/example_dags/example_xcomargs.py
[2025-07-24T20:45:20.299+0000] {logging_mixin.py:188} INFO - [2025-07-24T20:45:20.299+0000] {dag.py:3096} INFO - Sync 2 DAGs
[2025-07-24T20:45:20.307+0000] {logging_mixin.py:188} INFO - [2025-07-24T20:45:20.307+0000] {dag.py:3954} INFO - Setting next_dagrun for example_xcom_args to None, run_after=None
[2025-07-24T20:45:20.309+0000] {logging_mixin.py:188} INFO - [2025-07-24T20:45:20.309+0000] {dag.py:3954} INFO - Setting next_dagrun for example_xcom_args_with_operators to None, run_after=None
[2025-07-24T20:45:20.317+0000] {processor.py:183} INFO - Processing /home/airflow/.local/lib/python3.12/site-packages/airflow/example_dags/example_xcomargs.py took 0.040 seconds
[2025-07-24T20:45:50.840+0000] {processor.py:161} INFO - Started process (PID=368) to work on /home/airflow/.local/lib/python3.12/site-packages/airflow/example_dags/example_xcomargs.py
[2025-07-24T20:45:50.841+0000] {processor.py:830} INFO - Processing file /home/airflow/.local/lib/python3.12/site-packages/airflow/example_dags/example_xcomargs.py for tasks to queue
[2025-07-24T20:45:50.842+0000] {logging_mixin.py:188} INFO - [2025-07-24T20:45:50.842+0000] {dagbag.py:545} INFO - Filling up the DagBag from /home/airflow/.local/lib/python3.12/site-packages/airflow/example_dags/example_xcomargs.py
[2025-07-24T20:45:50.846+0000] {processor.py:840} INFO - DAG(s) 'example_xcom_args', 'example_xcom_args_with_operators' retrieved from /home/airflow/.local/lib/python3.12/site-packages/airflow/example_dags/example_xcomargs.py
[2025-07-24T20:45:50.860+0000] {logging_mixin.py:188} INFO - [2025-07-24T20:45:50.860+0000] {dag.py:3096} INFO - Sync 2 DAGs
[2025-07-24T20:45:50.867+0000] {logging_mixin.py:188} INFO - [2025-07-24T20:45:50.867+0000] {dag.py:3954} INFO - Setting next_dagrun for example_xcom_args to None, run_after=None
[2025-07-24T20:45:50.869+0000] {logging_mixin.py:188} INFO - [2025-07-24T20:45:50.869+0000] {dag.py:3954} INFO - Setting next_dagrun for example_xcom_args_with_operators to None, run_after=None
[2025-07-24T20:45:50.877+0000] {processor.py:183} INFO - Processing /home/airflow/.local/lib/python3.12/site-packages/airflow/example_dags/example_xcomargs.py took 0.040 seconds
[2025-07-24T20:46:21.579+0000] {processor.py:161} INFO - Started process (PID=426) to work on /home/airflow/.local/lib/python3.12/site-packages/airflow/example_dags/example_xcomargs.py
[2025-07-24T20:46:21.580+0000] {processor.py:830} INFO - Processing file /home/airflow/.local/lib/python3.12/site-packages/airflow/example_dags/example_xcomargs.py for tasks to queue
[2025-07-24T20:46:21.581+0000] {logging_mixin.py:188} INFO - [2025-07-24T20:46:21.581+0000] {dagbag.py:545} INFO - Filling up the DagBag from /home/airflow/.local/lib/python3.12/site-packages/airflow/example_dags/example_xcomargs.py
[2025-07-24T20:46:21.586+0000] {processor.py:840} INFO - DAG(s) 'example_xcom_args', 'example_xcom_args_with_operators' retrieved from /home/airflow/.local/lib/python3.12/site-packages/airflow/example_dags/example_xcomargs.py
[2025-07-24T20:46:21.601+0000] {logging_mixin.py:188} INFO - [2025-07-24T20:46:21.601+0000] {dag.py:3096} INFO - Sync 2 DAGs
[2025-07-24T20:46:21.608+0000] {logging_mixin.py:188} INFO - [2025-07-24T20:46:21.608+0000] {dag.py:3954} INFO - Setting next_dagrun for example_xcom_args to None, run_after=None
[2025-07-24T20:46:21.610+0000] {logging_mixin.py:188} INFO - [2025-07-24T20:46:21.610+0000] {dag.py:3954} INFO - Setting next_dagrun for example_xcom_args_with_operators to None, run_after=None
[2025-07-24T20:46:21.619+0000] {processor.py:183} INFO - Processing /home/airflow/.local/lib/python3.12/site-packages/airflow/example_dags/example_xcomargs.py took 0.044 seconds
[2025-07-24T20:46:52.258+0000] {processor.py:161} INFO - Started process (PID=484) to work on /home/airflow/.local/lib/python3.12/site-packages/airflow/example_dags/example_xcomargs.py
[2025-07-24T20:46:52.258+0000] {processor.py:830} INFO - Processing file /home/airflow/.local/lib/python3.12/site-packages/airflow/example_dags/example_xcomargs.py for tasks to queue
[2025-07-24T20:46:52.259+0000] {logging_mixin.py:188} INFO - [2025-07-24T20:46:52.259+0000] {dagbag.py:545} INFO - Filling up the DagBag from /home/airflow/.local/lib/python3.12/site-packages/airflow/example_dags/example_xcomargs.py
[2025-07-24T20:46:52.264+0000] {processor.py:840} INFO - DAG(s) 'example_xcom_args', 'example_xcom_args_with_operators' retrieved from /home/airflow/.local/lib/python3.12/site-packages/airflow/example_dags/example_xcomargs.py
[2025-07-24T20:46:52.277+0000] {logging_mixin.py:188} INFO - [2025-07-24T20:46:52.277+0000] {dag.py:3096} INFO - Sync 2 DAGs
[2025-07-24T20:46:52.284+0000] {logging_mixin.py:188} INFO - [2025-07-24T20:46:52.284+0000] {dag.py:3954} INFO - Setting next_dagrun for example_xcom_args to None, run_after=None
[2025-07-24T20:46:52.286+0000] {logging_mixin.py:188} INFO - [2025-07-24T20:46:52.286+0000] {dag.py:3954} INFO - Setting next_dagrun for example_xcom_args_with_operators to None, run_after=None
[2025-07-24T20:46:52.294+0000] {processor.py:183} INFO - Processing /home/airflow/.local/lib/python3.12/site-packages/airflow/example_dags/example_xcomargs.py took 0.040 seconds
[2025-07-24T20:47:22.912+0000] {processor.py:161} INFO - Started process (PID=542) to work on /home/airflow/.local/lib/python3.12/site-packages/airflow/example_dags/example_xcomargs.py
[2025-07-24T20:47:22.912+0000] {processor.py:830} INFO - Processing file /home/airflow/.local/lib/python3.12/site-packages/airflow/example_dags/example_xcomargs.py for tasks to queue
[2025-07-24T20:47:22.913+0000] {logging_mixin.py:188} INFO - [2025-07-24T20:47:22.913+0000] {dagbag.py:545} INFO - Filling up the DagBag from /home/airflow/.local/lib/python3.12/site-packages/airflow/example_dags/example_xcomargs.py
[2025-07-24T20:47:22.917+0000] {processor.py:840} INFO - DAG(s) 'example_xcom_args_with_operators', 'example_xcom_args' retrieved from /home/airflow/.local/lib/python3.12/site-packages/airflow/example_dags/example_xcomargs.py
[2025-07-24T20:47:22.928+0000] {logging_mixin.py:188} INFO - [2025-07-24T20:47:22.928+0000] {dag.py:3096} INFO - Sync 2 DAGs
[2025-07-24T20:47:22.934+0000] {logging_mixin.py:188} INFO - [2025-07-24T20:47:22.934+0000] {dag.py:3954} INFO - Setting next_dagrun for example_xcom_args to None, run_after=None
[2025-07-24T20:47:22.936+0000] {logging_mixin.py:188} INFO - [2025-07-24T20:47:22.936+0000] {dag.py:3954} INFO - Setting next_dagrun for example_xcom_args_with_operators to None, run_after=None
[2025-07-24T20:47:22.943+0000] {processor.py:183} INFO - Processing /home/airflow/.local/lib/python3.12/site-packages/airflow/example_dags/example_xcomargs.py took 0.034 seconds
[2025-07-24T20:47:53.668+0000] {processor.py:161} INFO - Started process (PID=600) to work on /home/airflow/.local/lib/python3.12/site-packages/airflow/example_dags/example_xcomargs.py
[2025-07-24T20:47:53.669+0000] {processor.py:830} INFO - Processing file /home/airflow/.local/lib/python3.12/site-packages/airflow/example_dags/example_xcomargs.py for tasks to queue
[2025-07-24T20:47:53.670+0000] {logging_mixin.py:188} INFO - [2025-07-24T20:47:53.670+0000] {dagbag.py:545} INFO - Filling up the DagBag from /home/airflow/.local/lib/python3.12/site-packages/airflow/example_dags/example_xcomargs.py
[2025-07-24T20:47:53.674+0000] {processor.py:840} INFO - DAG(s) 'example_xcom_args_with_operators', 'example_xcom_args' retrieved from /home/airflow/.local/lib/python3.12/site-packages/airflow/example_dags/example_xcomargs.py
[2025-07-24T20:47:53.687+0000] {logging_mixin.py:188} INFO - [2025-07-24T20:47:53.687+0000] {dag.py:3096} INFO - Sync 2 DAGs
[2025-07-24T20:47:53.695+0000] {logging_mixin.py:188} INFO - [2025-07-24T20:47:53.695+0000] {dag.py:3954} INFO - Setting next_dagrun for example_xcom_args to None, run_after=None
[2025-07-24T20:47:53.697+0000] {logging_mixin.py:188} INFO - [2025-07-24T20:47:53.697+0000] {dag.py:3954} INFO - Setting next_dagrun for example_xcom_args_with_operators to None, run_after=None
[2025-07-24T20:47:53.704+0000] {processor.py:183} INFO - Processing /home/airflow/.local/lib/python3.12/site-packages/airflow/example_dags/example_xcomargs.py took 0.040 seconds
[2025-07-24T20:48:24.239+0000] {processor.py:161} INFO - Started process (PID=658) to work on /home/airflow/.local/lib/python3.12/site-packages/airflow/example_dags/example_xcomargs.py
[2025-07-24T20:48:24.239+0000] {processor.py:830} INFO - Processing file /home/airflow/.local/lib/python3.12/site-packages/airflow/example_dags/example_xcomargs.py for tasks to queue
[2025-07-24T20:48:24.240+0000] {logging_mixin.py:188} INFO - [2025-07-24T20:48:24.240+0000] {dagbag.py:545} INFO - Filling up the DagBag from /home/airflow/.local/lib/python3.12/site-packages/airflow/example_dags/example_xcomargs.py
[2025-07-24T20:48:24.245+0000] {processor.py:840} INFO - DAG(s) 'example_xcom_args_with_operators', 'example_xcom_args' retrieved from /home/airflow/.local/lib/python3.12/site-packages/airflow/example_dags/example_xcomargs.py
[2025-07-24T20:48:24.258+0000] {logging_mixin.py:188} INFO - [2025-07-24T20:48:24.258+0000] {dag.py:3096} INFO - Sync 2 DAGs
[2025-07-24T20:48:24.265+0000] {logging_mixin.py:188} INFO - [2025-07-24T20:48:24.265+0000] {dag.py:3954} INFO - Setting next_dagrun for example_xcom_args to None, run_after=None
[2025-07-24T20:48:24.267+0000] {logging_mixin.py:188} INFO - [2025-07-24T20:48:24.267+0000] {dag.py:3954} INFO - Setting next_dagrun for example_xcom_args_with_operators to None, run_after=None
[2025-07-24T20:48:24.275+0000] {processor.py:183} INFO - Processing /home/airflow/.local/lib/python3.12/site-packages/airflow/example_dags/example_xcomargs.py took 0.040 seconds
[2025-07-24T20:48:54.883+0000] {processor.py:161} INFO - Started process (PID=716) to work on /home/airflow/.local/lib/python3.12/site-packages/airflow/example_dags/example_xcomargs.py
[2025-07-24T20:48:54.884+0000] {processor.py:830} INFO - Processing file /home/airflow/.local/lib/python3.12/site-packages/airflow/example_dags/example_xcomargs.py for tasks to queue
[2025-07-24T20:48:54.885+0000] {logging_mixin.py:188} INFO - [2025-07-24T20:48:54.885+0000] {dagbag.py:545} INFO - Filling up the DagBag from /home/airflow/.local/lib/python3.12/site-packages/airflow/example_dags/example_xcomargs.py
[2025-07-24T20:48:54.889+0000] {processor.py:840} INFO - DAG(s) 'example_xcom_args', 'example_xcom_args_with_operators' retrieved from /home/airflow/.local/lib/python3.12/site-packages/airflow/example_dags/example_xcomargs.py
[2025-07-24T20:48:54.901+0000] {logging_mixin.py:188} INFO - [2025-07-24T20:48:54.901+0000] {dag.py:3096} INFO - Sync 2 DAGs
[2025-07-24T20:48:54.909+0000] {logging_mixin.py:188} INFO - [2025-07-24T20:48:54.908+0000] {dag.py:3954} INFO - Setting next_dagrun for example_xcom_args to None, run_after=None
[2025-07-24T20:48:54.910+0000] {logging_mixin.py:188} INFO - [2025-07-24T20:48:54.910+0000] {dag.py:3954} INFO - Setting next_dagrun for example_xcom_args_with_operators to None, run_after=None
[2025-07-24T20:48:54.919+0000] {processor.py:183} INFO - Processing /home/airflow/.local/lib/python3.12/site-packages/airflow/example_dags/example_xcomargs.py took 0.039 seconds
[2025-07-24T20:49:25.510+0000] {processor.py:161} INFO - Started process (PID=774) to work on /home/airflow/.local/lib/python3.12/site-packages/airflow/example_dags/example_xcomargs.py
[2025-07-24T20:49:25.511+0000] {processor.py:830} INFO - Processing file /home/airflow/.local/lib/python3.12/site-packages/airflow/example_dags/example_xcomargs.py for tasks to queue
[2025-07-24T20:49:25.512+0000] {logging_mixin.py:188} INFO - [2025-07-24T20:49:25.511+0000] {dagbag.py:545} INFO - Filling up the DagBag from /home/airflow/.local/lib/python3.12/site-packages/airflow/example_dags/example_xcomargs.py
[2025-07-24T20:49:25.516+0000] {processor.py:840} INFO - DAG(s) 'example_xcom_args_with_operators', 'example_xcom_args' retrieved from /home/airflow/.local/lib/python3.12/site-packages/airflow/example_dags/example_xcomargs.py
[2025-07-24T20:49:25.528+0000] {logging_mixin.py:188} INFO - [2025-07-24T20:49:25.528+0000] {dag.py:3096} INFO - Sync 2 DAGs
[2025-07-24T20:49:25.534+0000] {logging_mixin.py:188} INFO - [2025-07-24T20:49:25.534+0000] {dag.py:3954} INFO - Setting next_dagrun for example_xcom_args to None, run_after=None
[2025-07-24T20:49:25.536+0000] {logging_mixin.py:188} INFO - [2025-07-24T20:49:25.536+0000] {dag.py:3954} INFO - Setting next_dagrun for example_xcom_args_with_operators to None, run_after=None
[2025-07-24T20:49:25.544+0000] {processor.py:183} INFO - Processing /home/airflow/.local/lib/python3.12/site-packages/airflow/example_dags/example_xcomargs.py took 0.036 seconds
[2025-07-24T20:49:56.130+0000] {processor.py:161} INFO - Started process (PID=832) to work on /home/airflow/.local/lib/python3.12/site-packages/airflow/example_dags/example_xcomargs.py
[2025-07-24T20:49:56.130+0000] {processor.py:830} INFO - Processing file /home/airflow/.local/lib/python3.12/site-packages/airflow/example_dags/example_xcomargs.py for tasks to queue
[2025-07-24T20:49:56.131+0000] {logging_mixin.py:188} INFO - [2025-07-24T20:49:56.131+0000] {dagbag.py:545} INFO - Filling up the DagBag from /home/airflow/.local/lib/python3.12/site-packages/airflow/example_dags/example_xcomargs.py
[2025-07-24T20:49:56.136+0000] {processor.py:840} INFO - DAG(s) 'example_xcom_args', 'example_xcom_args_with_operators' retrieved from /home/airflow/.local/lib/python3.12/site-packages/airflow/example_dags/example_xcomargs.py
[2025-07-24T20:49:56.149+0000] {logging_mixin.py:188} INFO - [2025-07-24T20:49:56.148+0000] {dag.py:3096} INFO - Sync 2 DAGs
[2025-07-24T20:49:56.156+0000] {logging_mixin.py:188} INFO - [2025-07-24T20:49:56.156+0000] {dag.py:3954} INFO - Setting next_dagrun for example_xcom_args to None, run_after=None
[2025-07-24T20:49:56.158+0000] {logging_mixin.py:188} INFO - [2025-07-24T20:49:56.158+0000] {dag.py:3954} INFO - Setting next_dagrun for example_xcom_args_with_operators to None, run_after=None
[2025-07-24T20:49:56.168+0000] {processor.py:183} INFO - Processing /home/airflow/.local/lib/python3.12/site-packages/airflow/example_dags/example_xcomargs.py took 0.041 seconds
[2025-07-24T20:50:26.918+0000] {processor.py:161} INFO - Started process (PID=890) to work on /home/airflow/.local/lib/python3.12/site-packages/airflow/example_dags/example_xcomargs.py
[2025-07-24T20:50:26.919+0000] {processor.py:830} INFO - Processing file /home/airflow/.local/lib/python3.12/site-packages/airflow/example_dags/example_xcomargs.py for tasks to queue
[2025-07-24T20:50:26.920+0000] {logging_mixin.py:188} INFO - [2025-07-24T20:50:26.920+0000] {dagbag.py:545} INFO - Filling up the DagBag from /home/airflow/.local/lib/python3.12/site-packages/airflow/example_dags/example_xcomargs.py
[2025-07-24T20:50:26.925+0000] {processor.py:840} INFO - DAG(s) 'example_xcom_args_with_operators', 'example_xcom_args' retrieved from /home/airflow/.local/lib/python3.12/site-packages/airflow/example_dags/example_xcomargs.py
[2025-07-24T20:50:26.938+0000] {logging_mixin.py:188} INFO - [2025-07-24T20:50:26.938+0000] {dag.py:3096} INFO - Sync 2 DAGs
[2025-07-24T20:50:26.945+0000] {logging_mixin.py:188} INFO - [2025-07-24T20:50:26.945+0000] {dag.py:3954} INFO - Setting next_dagrun for example_xcom_args to None, run_after=None
[2025-07-24T20:50:26.947+0000] {logging_mixin.py:188} INFO - [2025-07-24T20:50:26.947+0000] {dag.py:3954} INFO - Setting next_dagrun for example_xcom_args_with_operators to None, run_after=None
[2025-07-24T20:50:26.956+0000] {processor.py:183} INFO - Processing /home/airflow/.local/lib/python3.12/site-packages/airflow/example_dags/example_xcomargs.py took 0.042 seconds
[2025-07-24T20:50:57.030+0000] {processor.py:161} INFO - Started process (PID=948) to work on /home/airflow/.local/lib/python3.12/site-packages/airflow/example_dags/example_xcomargs.py
[2025-07-24T20:50:57.031+0000] {processor.py:830} INFO - Processing file /home/airflow/.local/lib/python3.12/site-packages/airflow/example_dags/example_xcomargs.py for tasks to queue
[2025-07-24T20:50:57.032+0000] {logging_mixin.py:188} INFO - [2025-07-24T20:50:57.031+0000] {dagbag.py:545} INFO - Filling up the DagBag from /home/airflow/.local/lib/python3.12/site-packages/airflow/example_dags/example_xcomargs.py
[2025-07-24T20:50:57.036+0000] {processor.py:840} INFO - DAG(s) 'example_xcom_args', 'example_xcom_args_with_operators' retrieved from /home/airflow/.local/lib/python3.12/site-packages/airflow/example_dags/example_xcomargs.py
[2025-07-24T20:50:57.049+0000] {logging_mixin.py:188} INFO - [2025-07-24T20:50:57.049+0000] {dag.py:3096} INFO - Sync 2 DAGs
[2025-07-24T20:50:57.056+0000] {logging_mixin.py:188} INFO - [2025-07-24T20:50:57.056+0000] {dag.py:3954} INFO - Setting next_dagrun for example_xcom_args to None, run_after=None
[2025-07-24T20:50:57.058+0000] {logging_mixin.py:188} INFO - [2025-07-24T20:50:57.058+0000] {dag.py:3954} INFO - Setting next_dagrun for example_xcom_args_with_operators to None, run_after=None
[2025-07-24T20:50:57.066+0000] {processor.py:183} INFO - Processing /home/airflow/.local/lib/python3.12/site-packages/airflow/example_dags/example_xcomargs.py took 0.040 seconds
[2025-07-24T20:51:27.788+0000] {processor.py:161} INFO - Started process (PID=1006) to work on /home/airflow/.local/lib/python3.12/site-packages/airflow/example_dags/example_xcomargs.py
[2025-07-24T20:51:27.788+0000] {processor.py:830} INFO - Processing file /home/airflow/.local/lib/python3.12/site-packages/airflow/example_dags/example_xcomargs.py for tasks to queue
[2025-07-24T20:51:27.789+0000] {logging_mixin.py:188} INFO - [2025-07-24T20:51:27.789+0000] {dagbag.py:545} INFO - Filling up the DagBag from /home/airflow/.local/lib/python3.12/site-packages/airflow/example_dags/example_xcomargs.py
[2025-07-24T20:51:27.793+0000] {processor.py:840} INFO - DAG(s) 'example_xcom_args_with_operators', 'example_xcom_args' retrieved from /home/airflow/.local/lib/python3.12/site-packages/airflow/example_dags/example_xcomargs.py
[2025-07-24T20:51:27.805+0000] {logging_mixin.py:188} INFO - [2025-07-24T20:51:27.805+0000] {dag.py:3096} INFO - Sync 2 DAGs
[2025-07-24T20:51:27.812+0000] {logging_mixin.py:188} INFO - [2025-07-24T20:51:27.812+0000] {dag.py:3954} INFO - Setting next_dagrun for example_xcom_args to None, run_after=None
[2025-07-24T20:51:27.814+0000] {logging_mixin.py:188} INFO - [2025-07-24T20:51:27.814+0000] {dag.py:3954} INFO - Setting next_dagrun for example_xcom_args_with_operators to None, run_after=None
[2025-07-24T20:51:27.822+0000] {processor.py:183} INFO - Processing /home/airflow/.local/lib/python3.12/site-packages/airflow/example_dags/example_xcomargs.py took 0.037 seconds
[2025-07-24T20:51:58.478+0000] {processor.py:161} INFO - Started process (PID=1064) to work on /home/airflow/.local/lib/python3.12/site-packages/airflow/example_dags/example_xcomargs.py
[2025-07-24T20:51:58.478+0000] {processor.py:830} INFO - Processing file /home/airflow/.local/lib/python3.12/site-packages/airflow/example_dags/example_xcomargs.py for tasks to queue
[2025-07-24T20:51:58.479+0000] {logging_mixin.py:188} INFO - [2025-07-24T20:51:58.479+0000] {dagbag.py:545} INFO - Filling up the DagBag from /home/airflow/.local/lib/python3.12/site-packages/airflow/example_dags/example_xcomargs.py
[2025-07-24T20:51:58.484+0000] {processor.py:840} INFO - DAG(s) 'example_xcom_args', 'example_xcom_args_with_operators' retrieved from /home/airflow/.local/lib/python3.12/site-packages/airflow/example_dags/example_xcomargs.py
[2025-07-24T20:51:58.497+0000] {logging_mixin.py:188} INFO - [2025-07-24T20:51:58.497+0000] {dag.py:3096} INFO - Sync 2 DAGs
[2025-07-24T20:51:58.504+0000] {logging_mixin.py:188} INFO - [2025-07-24T20:51:58.504+0000] {dag.py:3954} INFO - Setting next_dagrun for example_xcom_args to None, run_after=None
[2025-07-24T20:51:58.506+0000] {logging_mixin.py:188} INFO - [2025-07-24T20:51:58.506+0000] {dag.py:3954} INFO - Setting next_dagrun for example_xcom_args_with_operators to None, run_after=None
[2025-07-24T20:51:58.514+0000] {processor.py:183} INFO - Processing /home/airflow/.local/lib/python3.12/site-packages/airflow/example_dags/example_xcomargs.py took 0.040 seconds
[2025-07-24T20:52:29.208+0000] {processor.py:161} INFO - Started process (PID=1122) to work on /home/airflow/.local/lib/python3.12/site-packages/airflow/example_dags/example_xcomargs.py
[2025-07-24T20:52:29.209+0000] {processor.py:830} INFO - Processing file /home/airflow/.local/lib/python3.12/site-packages/airflow/example_dags/example_xcomargs.py for tasks to queue
[2025-07-24T20:52:29.210+0000] {logging_mixin.py:188} INFO - [2025-07-24T20:52:29.210+0000] {dagbag.py:545} INFO - Filling up the DagBag from /home/airflow/.local/lib/python3.12/site-packages/airflow/example_dags/example_xcomargs.py
[2025-07-24T20:52:29.214+0000] {processor.py:840} INFO - DAG(s) 'example_xcom_args_with_operators', 'example_xcom_args' retrieved from /home/airflow/.local/lib/python3.12/site-packages/airflow/example_dags/example_xcomargs.py
[2025-07-24T20:52:29.229+0000] {logging_mixin.py:188} INFO - [2025-07-24T20:52:29.228+0000] {dag.py:3096} INFO - Sync 2 DAGs
[2025-07-24T20:52:29.236+0000] {logging_mixin.py:188} INFO - [2025-07-24T20:52:29.236+0000] {dag.py:3954} INFO - Setting next_dagrun for example_xcom_args to None, run_after=None
[2025-07-24T20:52:29.238+0000] {logging_mixin.py:188} INFO - [2025-07-24T20:52:29.238+0000] {dag.py:3954} INFO - Setting next_dagrun for example_xcom_args_with_operators to None, run_after=None
[2025-07-24T20:52:29.246+0000] {processor.py:183} INFO - Processing /home/airflow/.local/lib/python3.12/site-packages/airflow/example_dags/example_xcomargs.py took 0.042 seconds
[2025-07-24T20:52:59.974+0000] {processor.py:161} INFO - Started process (PID=1180) to work on /home/airflow/.local/lib/python3.12/site-packages/airflow/example_dags/example_xcomargs.py
[2025-07-24T20:52:59.975+0000] {processor.py:830} INFO - Processing file /home/airflow/.local/lib/python3.12/site-packages/airflow/example_dags/example_xcomargs.py for tasks to queue
[2025-07-24T20:52:59.976+0000] {logging_mixin.py:188} INFO - [2025-07-24T20:52:59.976+0000] {dagbag.py:545} INFO - Filling up the DagBag from /home/airflow/.local/lib/python3.12/site-packages/airflow/example_dags/example_xcomargs.py
[2025-07-24T20:52:59.980+0000] {processor.py:840} INFO - DAG(s) 'example_xcom_args_with_operators', 'example_xcom_args' retrieved from /home/airflow/.local/lib/python3.12/site-packages/airflow/example_dags/example_xcomargs.py
[2025-07-24T20:52:59.993+0000] {logging_mixin.py:188} INFO - [2025-07-24T20:52:59.993+0000] {dag.py:3096} INFO - Sync 2 DAGs
[2025-07-24T20:53:00.001+0000] {logging_mixin.py:188} INFO - [2025-07-24T20:53:00.001+0000] {dag.py:3954} INFO - Setting next_dagrun for example_xcom_args to None, run_after=None
[2025-07-24T20:53:00.003+0000] {logging_mixin.py:188} INFO - [2025-07-24T20:53:00.002+0000] {dag.py:3954} INFO - Setting next_dagrun for example_xcom_args_with_operators to None, run_after=None
[2025-07-24T20:53:00.011+0000] {processor.py:183} INFO - Processing /home/airflow/.local/lib/python3.12/site-packages/airflow/example_dags/example_xcomargs.py took 0.040 seconds
[2025-07-24T20:53:30.164+0000] {processor.py:161} INFO - Started process (PID=1238) to work on /home/airflow/.local/lib/python3.12/site-packages/airflow/example_dags/example_xcomargs.py
[2025-07-24T20:53:30.165+0000] {processor.py:830} INFO - Processing file /home/airflow/.local/lib/python3.12/site-packages/airflow/example_dags/example_xcomargs.py for tasks to queue
[2025-07-24T20:53:30.166+0000] {logging_mixin.py:188} INFO - [2025-07-24T20:53:30.165+0000] {dagbag.py:545} INFO - Filling up the DagBag from /home/airflow/.local/lib/python3.12/site-packages/airflow/example_dags/example_xcomargs.py
[2025-07-24T20:53:30.169+0000] {processor.py:840} INFO - DAG(s) 'example_xcom_args_with_operators', 'example_xcom_args' retrieved from /home/airflow/.local/lib/python3.12/site-packages/airflow/example_dags/example_xcomargs.py
[2025-07-24T20:53:30.181+0000] {logging_mixin.py:188} INFO - [2025-07-24T20:53:30.181+0000] {dag.py:3096} INFO - Sync 2 DAGs
[2025-07-24T20:53:30.187+0000] {logging_mixin.py:188} INFO - [2025-07-24T20:53:30.187+0000] {dag.py:3954} INFO - Setting next_dagrun for example_xcom_args to None, run_after=None
[2025-07-24T20:53:30.189+0000] {logging_mixin.py:188} INFO - [2025-07-24T20:53:30.189+0000] {dag.py:3954} INFO - Setting next_dagrun for example_xcom_args_with_operators to None, run_after=None
[2025-07-24T20:53:30.196+0000] {processor.py:183} INFO - Processing /home/airflow/.local/lib/python3.12/site-packages/airflow/example_dags/example_xcomargs.py took 0.035 seconds
[2025-07-24T20:54:00.230+0000] {processor.py:161} INFO - Started process (PID=1296) to work on /home/airflow/.local/lib/python3.12/site-packages/airflow/example_dags/example_xcomargs.py
[2025-07-24T20:54:00.230+0000] {processor.py:830} INFO - Processing file /home/airflow/.local/lib/python3.12/site-packages/airflow/example_dags/example_xcomargs.py for tasks to queue
[2025-07-24T20:54:00.231+0000] {logging_mixin.py:188} INFO - [2025-07-24T20:54:00.231+0000] {dagbag.py:545} INFO - Filling up the DagBag from /home/airflow/.local/lib/python3.12/site-packages/airflow/example_dags/example_xcomargs.py
[2025-07-24T20:54:00.236+0000] {processor.py:840} INFO - DAG(s) 'example_xcom_args_with_operators', 'example_xcom_args' retrieved from /home/airflow/.local/lib/python3.12/site-packages/airflow/example_dags/example_xcomargs.py
[2025-07-24T20:54:00.248+0000] {logging_mixin.py:188} INFO - [2025-07-24T20:54:00.248+0000] {dag.py:3096} INFO - Sync 2 DAGs
[2025-07-24T20:54:00.256+0000] {logging_mixin.py:188} INFO - [2025-07-24T20:54:00.256+0000] {dag.py:3954} INFO - Setting next_dagrun for example_xcom_args to None, run_after=None
[2025-07-24T20:54:00.258+0000] {logging_mixin.py:188} INFO - [2025-07-24T20:54:00.258+0000] {dag.py:3954} INFO - Setting next_dagrun for example_xcom_args_with_operators to None, run_after=None
[2025-07-24T20:54:00.266+0000] {processor.py:183} INFO - Processing /home/airflow/.local/lib/python3.12/site-packages/airflow/example_dags/example_xcomargs.py took 0.040 seconds
[2025-07-24T20:54:30.377+0000] {processor.py:161} INFO - Started process (PID=1354) to work on /home/airflow/.local/lib/python3.12/site-packages/airflow/example_dags/example_xcomargs.py
[2025-07-24T20:54:30.378+0000] {processor.py:830} INFO - Processing file /home/airflow/.local/lib/python3.12/site-packages/airflow/example_dags/example_xcomargs.py for tasks to queue
[2025-07-24T20:54:30.379+0000] {logging_mixin.py:188} INFO - [2025-07-24T20:54:30.379+0000] {dagbag.py:545} INFO - Filling up the DagBag from /home/airflow/.local/lib/python3.12/site-packages/airflow/example_dags/example_xcomargs.py
[2025-07-24T20:54:30.384+0000] {processor.py:840} INFO - DAG(s) 'example_xcom_args', 'example_xcom_args_with_operators' retrieved from /home/airflow/.local/lib/python3.12/site-packages/airflow/example_dags/example_xcomargs.py
[2025-07-24T20:54:30.396+0000] {logging_mixin.py:188} INFO - [2025-07-24T20:54:30.396+0000] {dag.py:3096} INFO - Sync 2 DAGs
[2025-07-24T20:54:30.404+0000] {logging_mixin.py:188} INFO - [2025-07-24T20:54:30.404+0000] {dag.py:3954} INFO - Setting next_dagrun for example_xcom_args to None, run_after=None
[2025-07-24T20:54:30.406+0000] {logging_mixin.py:188} INFO - [2025-07-24T20:54:30.405+0000] {dag.py:3954} INFO - Setting next_dagrun for example_xcom_args_with_operators to None, run_after=None
[2025-07-24T20:54:30.414+0000] {processor.py:183} INFO - Processing /home/airflow/.local/lib/python3.12/site-packages/airflow/example_dags/example_xcomargs.py took 0.040 seconds
[2025-07-24T20:55:01.253+0000] {processor.py:161} INFO - Started process (PID=1412) to work on /home/airflow/.local/lib/python3.12/site-packages/airflow/example_dags/example_xcomargs.py
[2025-07-24T20:55:01.253+0000] {processor.py:830} INFO - Processing file /home/airflow/.local/lib/python3.12/site-packages/airflow/example_dags/example_xcomargs.py for tasks to queue
[2025-07-24T20:55:01.254+0000] {logging_mixin.py:188} INFO - [2025-07-24T20:55:01.254+0000] {dagbag.py:545} INFO - Filling up the DagBag from /home/airflow/.local/lib/python3.12/site-packages/airflow/example_dags/example_xcomargs.py
[2025-07-24T20:55:01.259+0000] {processor.py:840} INFO - DAG(s) 'example_xcom_args', 'example_xcom_args_with_operators' retrieved from /home/airflow/.local/lib/python3.12/site-packages/airflow/example_dags/example_xcomargs.py
[2025-07-24T20:55:01.271+0000] {logging_mixin.py:188} INFO - [2025-07-24T20:55:01.271+0000] {dag.py:3096} INFO - Sync 2 DAGs
[2025-07-24T20:55:01.279+0000] {logging_mixin.py:188} INFO - [2025-07-24T20:55:01.278+0000] {dag.py:3954} INFO - Setting next_dagrun for example_xcom_args to None, run_after=None
[2025-07-24T20:55:01.281+0000] {logging_mixin.py:188} INFO - [2025-07-24T20:55:01.280+0000] {dag.py:3954} INFO - Setting next_dagrun for example_xcom_args_with_operators to None, run_after=None
[2025-07-24T20:55:01.289+0000] {processor.py:183} INFO - Processing /home/airflow/.local/lib/python3.12/site-packages/airflow/example_dags/example_xcomargs.py took 0.040 seconds
[2025-07-24T20:55:32.034+0000] {processor.py:161} INFO - Started process (PID=1470) to work on /home/airflow/.local/lib/python3.12/site-packages/airflow/example_dags/example_xcomargs.py
[2025-07-24T20:55:32.035+0000] {processor.py:830} INFO - Processing file /home/airflow/.local/lib/python3.12/site-packages/airflow/example_dags/example_xcomargs.py for tasks to queue
[2025-07-24T20:55:32.036+0000] {logging_mixin.py:188} INFO - [2025-07-24T20:55:32.036+0000] {dagbag.py:545} INFO - Filling up the DagBag from /home/airflow/.local/lib/python3.12/site-packages/airflow/example_dags/example_xcomargs.py
[2025-07-24T20:55:32.041+0000] {processor.py:840} INFO - DAG(s) 'example_xcom_args', 'example_xcom_args_with_operators' retrieved from /home/airflow/.local/lib/python3.12/site-packages/airflow/example_dags/example_xcomargs.py
[2025-07-24T20:55:32.055+0000] {logging_mixin.py:188} INFO - [2025-07-24T20:55:32.054+0000] {dag.py:3096} INFO - Sync 2 DAGs
[2025-07-24T20:55:32.063+0000] {logging_mixin.py:188} INFO - [2025-07-24T20:55:32.063+0000] {dag.py:3954} INFO - Setting next_dagrun for example_xcom_args to None, run_after=None
[2025-07-24T20:55:32.065+0000] {logging_mixin.py:188} INFO - [2025-07-24T20:55:32.065+0000] {dag.py:3954} INFO - Setting next_dagrun for example_xcom_args_with_operators to None, run_after=None
[2025-07-24T20:55:32.082+0000] {processor.py:183} INFO - Processing /home/airflow/.local/lib/python3.12/site-packages/airflow/example_dags/example_xcomargs.py took 0.051 seconds
