[2025-07-24T20:31:48.184+0000] {processor.py:161} INFO - Started process (PID=56) to work on /home/airflow/.local/lib/python3.12/site-packages/airflow/example_dags/example_nested_branch_dag.py
[2025-07-24T20:31:48.185+0000] {processor.py:830} INFO - Processing file /home/airflow/.local/lib/python3.12/site-packages/airflow/example_dags/example_nested_branch_dag.py for tasks to queue
[2025-07-24T20:31:48.186+0000] {logging_mixin.py:188} INFO - [2025-07-24T20:31:48.185+0000] {dagbag.py:545} INFO - Filling up the DagBag from /home/airflow/.local/lib/python3.12/site-packages/airflow/example_dags/example_nested_branch_dag.py
[2025-07-24T20:31:48.193+0000] {processor.py:840} INFO - DAG(s) 'example_nested_branch_dag' retrieved from /home/airflow/.local/lib/python3.12/site-packages/airflow/example_dags/example_nested_branch_dag.py
[2025-07-24T20:31:48.201+0000] {logging_mixin.py:188} INFO - [2025-07-24T20:31:48.200+0000] {dag.py:3096} INFO - Sync 1 DAGs
[2025-07-24T20:31:48.216+0000] {logging_mixin.py:188} INFO - [2025-07-24T20:31:48.216+0000] {dag.py:3954} INFO - Setting next_dagrun for example_nested_branch_dag to 2025-07-23 00:00:00+00:00, run_after=2025-07-24 00:00:00+00:00
[2025-07-24T20:31:48.226+0000] {processor.py:183} INFO - Processing /home/airflow/.local/lib/python3.12/site-packages/airflow/example_dags/example_nested_branch_dag.py took 0.045 seconds
[2025-07-24T20:32:19.298+0000] {processor.py:161} INFO - Started process (PID=114) to work on /home/airflow/.local/lib/python3.12/site-packages/airflow/example_dags/example_nested_branch_dag.py
[2025-07-24T20:32:19.299+0000] {processor.py:830} INFO - Processing file /home/airflow/.local/lib/python3.12/site-packages/airflow/example_dags/example_nested_branch_dag.py for tasks to queue
[2025-07-24T20:32:19.300+0000] {logging_mixin.py:188} INFO - [2025-07-24T20:32:19.300+0000] {dagbag.py:545} INFO - Filling up the DagBag from /home/airflow/.local/lib/python3.12/site-packages/airflow/example_dags/example_nested_branch_dag.py
[2025-07-24T20:32:19.306+0000] {processor.py:840} INFO - DAG(s) 'example_nested_branch_dag' retrieved from /home/airflow/.local/lib/python3.12/site-packages/airflow/example_dags/example_nested_branch_dag.py
[2025-07-24T20:32:19.367+0000] {logging_mixin.py:188} INFO - [2025-07-24T20:32:19.367+0000] {dag.py:3096} INFO - Sync 1 DAGs
[2025-07-24T20:32:19.377+0000] {logging_mixin.py:188} INFO - [2025-07-24T20:32:19.377+0000] {dag.py:3954} INFO - Setting next_dagrun for example_nested_branch_dag to 2025-07-23 00:00:00+00:00, run_after=2025-07-24 00:00:00+00:00
[2025-07-24T20:32:19.387+0000] {processor.py:183} INFO - Processing /home/airflow/.local/lib/python3.12/site-packages/airflow/example_dags/example_nested_branch_dag.py took 0.092 seconds
[2025-07-24T20:32:50.286+0000] {processor.py:161} INFO - Started process (PID=172) to work on /home/airflow/.local/lib/python3.12/site-packages/airflow/example_dags/example_nested_branch_dag.py
[2025-07-24T20:32:50.287+0000] {processor.py:830} INFO - Processing file /home/airflow/.local/lib/python3.12/site-packages/airflow/example_dags/example_nested_branch_dag.py for tasks to queue
[2025-07-24T20:32:50.288+0000] {logging_mixin.py:188} INFO - [2025-07-24T20:32:50.288+0000] {dagbag.py:545} INFO - Filling up the DagBag from /home/airflow/.local/lib/python3.12/site-packages/airflow/example_dags/example_nested_branch_dag.py
[2025-07-24T20:32:50.294+0000] {processor.py:840} INFO - DAG(s) 'example_nested_branch_dag' retrieved from /home/airflow/.local/lib/python3.12/site-packages/airflow/example_dags/example_nested_branch_dag.py
[2025-07-24T20:32:50.306+0000] {logging_mixin.py:188} INFO - [2025-07-24T20:32:50.306+0000] {dag.py:3096} INFO - Sync 1 DAGs
[2025-07-24T20:32:50.318+0000] {logging_mixin.py:188} INFO - [2025-07-24T20:32:50.318+0000] {dag.py:3954} INFO - Setting next_dagrun for example_nested_branch_dag to 2025-07-23 00:00:00+00:00, run_after=2025-07-24 00:00:00+00:00
[2025-07-24T20:32:50.327+0000] {processor.py:183} INFO - Processing /home/airflow/.local/lib/python3.12/site-packages/airflow/example_dags/example_nested_branch_dag.py took 0.045 seconds
[2025-07-24T20:33:20.984+0000] {processor.py:161} INFO - Started process (PID=230) to work on /home/airflow/.local/lib/python3.12/site-packages/airflow/example_dags/example_nested_branch_dag.py
[2025-07-24T20:33:20.985+0000] {processor.py:830} INFO - Processing file /home/airflow/.local/lib/python3.12/site-packages/airflow/example_dags/example_nested_branch_dag.py for tasks to queue
[2025-07-24T20:33:20.986+0000] {logging_mixin.py:188} INFO - [2025-07-24T20:33:20.986+0000] {dagbag.py:545} INFO - Filling up the DagBag from /home/airflow/.local/lib/python3.12/site-packages/airflow/example_dags/example_nested_branch_dag.py
[2025-07-24T20:33:20.992+0000] {processor.py:840} INFO - DAG(s) 'example_nested_branch_dag' retrieved from /home/airflow/.local/lib/python3.12/site-packages/airflow/example_dags/example_nested_branch_dag.py
[2025-07-24T20:33:21.004+0000] {logging_mixin.py:188} INFO - [2025-07-24T20:33:21.004+0000] {dag.py:3096} INFO - Sync 1 DAGs
[2025-07-24T20:33:21.017+0000] {logging_mixin.py:188} INFO - [2025-07-24T20:33:21.017+0000] {dag.py:3954} INFO - Setting next_dagrun for example_nested_branch_dag to 2025-07-23 00:00:00+00:00, run_after=2025-07-24 00:00:00+00:00
[2025-07-24T20:33:21.027+0000] {processor.py:183} INFO - Processing /home/airflow/.local/lib/python3.12/site-packages/airflow/example_dags/example_nested_branch_dag.py took 0.048 seconds
[2025-07-24T20:33:51.754+0000] {processor.py:161} INFO - Started process (PID=288) to work on /home/airflow/.local/lib/python3.12/site-packages/airflow/example_dags/example_nested_branch_dag.py
[2025-07-24T20:33:51.755+0000] {processor.py:830} INFO - Processing file /home/airflow/.local/lib/python3.12/site-packages/airflow/example_dags/example_nested_branch_dag.py for tasks to queue
[2025-07-24T20:33:51.756+0000] {logging_mixin.py:188} INFO - [2025-07-24T20:33:51.756+0000] {dagbag.py:545} INFO - Filling up the DagBag from /home/airflow/.local/lib/python3.12/site-packages/airflow/example_dags/example_nested_branch_dag.py
[2025-07-24T20:33:51.762+0000] {processor.py:840} INFO - DAG(s) 'example_nested_branch_dag' retrieved from /home/airflow/.local/lib/python3.12/site-packages/airflow/example_dags/example_nested_branch_dag.py
[2025-07-24T20:33:51.775+0000] {logging_mixin.py:188} INFO - [2025-07-24T20:33:51.775+0000] {dag.py:3096} INFO - Sync 1 DAGs
[2025-07-24T20:33:51.789+0000] {logging_mixin.py:188} INFO - [2025-07-24T20:33:51.789+0000] {dag.py:3954} INFO - Setting next_dagrun for example_nested_branch_dag to 2025-07-23 00:00:00+00:00, run_after=2025-07-24 00:00:00+00:00
[2025-07-24T20:33:51.799+0000] {processor.py:183} INFO - Processing /home/airflow/.local/lib/python3.12/site-packages/airflow/example_dags/example_nested_branch_dag.py took 0.049 seconds
[2025-07-24T20:34:22.490+0000] {processor.py:161} INFO - Started process (PID=346) to work on /home/airflow/.local/lib/python3.12/site-packages/airflow/example_dags/example_nested_branch_dag.py
[2025-07-24T20:34:22.490+0000] {processor.py:830} INFO - Processing file /home/airflow/.local/lib/python3.12/site-packages/airflow/example_dags/example_nested_branch_dag.py for tasks to queue
[2025-07-24T20:34:22.491+0000] {logging_mixin.py:188} INFO - [2025-07-24T20:34:22.491+0000] {dagbag.py:545} INFO - Filling up the DagBag from /home/airflow/.local/lib/python3.12/site-packages/airflow/example_dags/example_nested_branch_dag.py
[2025-07-24T20:34:22.497+0000] {processor.py:840} INFO - DAG(s) 'example_nested_branch_dag' retrieved from /home/airflow/.local/lib/python3.12/site-packages/airflow/example_dags/example_nested_branch_dag.py
[2025-07-24T20:34:22.509+0000] {logging_mixin.py:188} INFO - [2025-07-24T20:34:22.509+0000] {dag.py:3096} INFO - Sync 1 DAGs
[2025-07-24T20:34:22.522+0000] {logging_mixin.py:188} INFO - [2025-07-24T20:34:22.521+0000] {dag.py:3954} INFO - Setting next_dagrun for example_nested_branch_dag to 2025-07-23 00:00:00+00:00, run_after=2025-07-24 00:00:00+00:00
[2025-07-24T20:34:22.531+0000] {processor.py:183} INFO - Processing /home/airflow/.local/lib/python3.12/site-packages/airflow/example_dags/example_nested_branch_dag.py took 0.045 seconds
[2025-07-24T20:34:53.307+0000] {processor.py:161} INFO - Started process (PID=404) to work on /home/airflow/.local/lib/python3.12/site-packages/airflow/example_dags/example_nested_branch_dag.py
[2025-07-24T20:34:53.308+0000] {processor.py:830} INFO - Processing file /home/airflow/.local/lib/python3.12/site-packages/airflow/example_dags/example_nested_branch_dag.py for tasks to queue
[2025-07-24T20:34:53.309+0000] {logging_mixin.py:188} INFO - [2025-07-24T20:34:53.309+0000] {dagbag.py:545} INFO - Filling up the DagBag from /home/airflow/.local/lib/python3.12/site-packages/airflow/example_dags/example_nested_branch_dag.py
[2025-07-24T20:34:53.315+0000] {processor.py:840} INFO - DAG(s) 'example_nested_branch_dag' retrieved from /home/airflow/.local/lib/python3.12/site-packages/airflow/example_dags/example_nested_branch_dag.py
[2025-07-24T20:34:53.327+0000] {logging_mixin.py:188} INFO - [2025-07-24T20:34:53.326+0000] {dag.py:3096} INFO - Sync 1 DAGs
[2025-07-24T20:34:53.340+0000] {logging_mixin.py:188} INFO - [2025-07-24T20:34:53.340+0000] {dag.py:3954} INFO - Setting next_dagrun for example_nested_branch_dag to 2025-07-23 00:00:00+00:00, run_after=2025-07-24 00:00:00+00:00
[2025-07-24T20:34:53.349+0000] {processor.py:183} INFO - Processing /home/airflow/.local/lib/python3.12/site-packages/airflow/example_dags/example_nested_branch_dag.py took 0.046 seconds
[2025-07-24T20:35:24.078+0000] {processor.py:161} INFO - Started process (PID=462) to work on /home/airflow/.local/lib/python3.12/site-packages/airflow/example_dags/example_nested_branch_dag.py
[2025-07-24T20:35:24.078+0000] {processor.py:830} INFO - Processing file /home/airflow/.local/lib/python3.12/site-packages/airflow/example_dags/example_nested_branch_dag.py for tasks to queue
[2025-07-24T20:35:24.079+0000] {logging_mixin.py:188} INFO - [2025-07-24T20:35:24.079+0000] {dagbag.py:545} INFO - Filling up the DagBag from /home/airflow/.local/lib/python3.12/site-packages/airflow/example_dags/example_nested_branch_dag.py
[2025-07-24T20:35:24.085+0000] {processor.py:840} INFO - DAG(s) 'example_nested_branch_dag' retrieved from /home/airflow/.local/lib/python3.12/site-packages/airflow/example_dags/example_nested_branch_dag.py
[2025-07-24T20:35:24.097+0000] {logging_mixin.py:188} INFO - [2025-07-24T20:35:24.097+0000] {dag.py:3096} INFO - Sync 1 DAGs
[2025-07-24T20:35:24.109+0000] {logging_mixin.py:188} INFO - [2025-07-24T20:35:24.109+0000] {dag.py:3954} INFO - Setting next_dagrun for example_nested_branch_dag to 2025-07-23 00:00:00+00:00, run_after=2025-07-24 00:00:00+00:00
[2025-07-24T20:35:24.118+0000] {processor.py:183} INFO - Processing /home/airflow/.local/lib/python3.12/site-packages/airflow/example_dags/example_nested_branch_dag.py took 0.044 seconds
[2025-07-24T20:36:44.010+0000] {processor.py:161} INFO - Started process (PID=49) to work on /home/airflow/.local/lib/python3.12/site-packages/airflow/example_dags/example_nested_branch_dag.py
[2025-07-24T20:36:44.010+0000] {processor.py:830} INFO - Processing file /home/airflow/.local/lib/python3.12/site-packages/airflow/example_dags/example_nested_branch_dag.py for tasks to queue
[2025-07-24T20:36:44.011+0000] {logging_mixin.py:188} INFO - [2025-07-24T20:36:44.011+0000] {dagbag.py:545} INFO - Filling up the DagBag from /home/airflow/.local/lib/python3.12/site-packages/airflow/example_dags/example_nested_branch_dag.py
[2025-07-24T20:36:44.018+0000] {processor.py:840} INFO - DAG(s) 'example_nested_branch_dag' retrieved from /home/airflow/.local/lib/python3.12/site-packages/airflow/example_dags/example_nested_branch_dag.py
[2025-07-24T20:36:44.024+0000] {logging_mixin.py:188} INFO - [2025-07-24T20:36:44.024+0000] {dag.py:3096} INFO - Sync 1 DAGs
[2025-07-24T20:36:44.039+0000] {logging_mixin.py:188} INFO - [2025-07-24T20:36:44.039+0000] {dag.py:3954} INFO - Setting next_dagrun for example_nested_branch_dag to 2025-07-23 00:00:00+00:00, run_after=2025-07-24 00:00:00+00:00
[2025-07-24T20:36:44.048+0000] {processor.py:183} INFO - Processing /home/airflow/.local/lib/python3.12/site-packages/airflow/example_dags/example_nested_branch_dag.py took 0.042 seconds
[2025-07-24T20:37:14.655+0000] {processor.py:161} INFO - Started process (PID=107) to work on /home/airflow/.local/lib/python3.12/site-packages/airflow/example_dags/example_nested_branch_dag.py
[2025-07-24T20:37:14.656+0000] {processor.py:830} INFO - Processing file /home/airflow/.local/lib/python3.12/site-packages/airflow/example_dags/example_nested_branch_dag.py for tasks to queue
[2025-07-24T20:37:14.657+0000] {logging_mixin.py:188} INFO - [2025-07-24T20:37:14.657+0000] {dagbag.py:545} INFO - Filling up the DagBag from /home/airflow/.local/lib/python3.12/site-packages/airflow/example_dags/example_nested_branch_dag.py
[2025-07-24T20:37:14.663+0000] {processor.py:840} INFO - DAG(s) 'example_nested_branch_dag' retrieved from /home/airflow/.local/lib/python3.12/site-packages/airflow/example_dags/example_nested_branch_dag.py
[2025-07-24T20:37:14.669+0000] {logging_mixin.py:188} INFO - [2025-07-24T20:37:14.669+0000] {dag.py:3096} INFO - Sync 1 DAGs
[2025-07-24T20:37:14.683+0000] {logging_mixin.py:188} INFO - [2025-07-24T20:37:14.683+0000] {dag.py:3954} INFO - Setting next_dagrun for example_nested_branch_dag to 2025-07-23 00:00:00+00:00, run_after=2025-07-24 00:00:00+00:00
[2025-07-24T20:37:14.693+0000] {processor.py:183} INFO - Processing /home/airflow/.local/lib/python3.12/site-packages/airflow/example_dags/example_nested_branch_dag.py took 0.041 seconds
[2025-07-24T20:37:45.466+0000] {processor.py:161} INFO - Started process (PID=165) to work on /home/airflow/.local/lib/python3.12/site-packages/airflow/example_dags/example_nested_branch_dag.py
[2025-07-24T20:37:45.466+0000] {processor.py:830} INFO - Processing file /home/airflow/.local/lib/python3.12/site-packages/airflow/example_dags/example_nested_branch_dag.py for tasks to queue
[2025-07-24T20:37:45.467+0000] {logging_mixin.py:188} INFO - [2025-07-24T20:37:45.467+0000] {dagbag.py:545} INFO - Filling up the DagBag from /home/airflow/.local/lib/python3.12/site-packages/airflow/example_dags/example_nested_branch_dag.py
[2025-07-24T20:37:45.474+0000] {processor.py:840} INFO - DAG(s) 'example_nested_branch_dag' retrieved from /home/airflow/.local/lib/python3.12/site-packages/airflow/example_dags/example_nested_branch_dag.py
[2025-07-24T20:37:45.534+0000] {logging_mixin.py:188} INFO - [2025-07-24T20:37:45.534+0000] {dag.py:3096} INFO - Sync 1 DAGs
[2025-07-24T20:37:45.547+0000] {logging_mixin.py:188} INFO - [2025-07-24T20:37:45.546+0000] {dag.py:3954} INFO - Setting next_dagrun for example_nested_branch_dag to 2025-07-23 00:00:00+00:00, run_after=2025-07-24 00:00:00+00:00
[2025-07-24T20:37:45.556+0000] {processor.py:183} INFO - Processing /home/airflow/.local/lib/python3.12/site-packages/airflow/example_dags/example_nested_branch_dag.py took 0.094 seconds
[2025-07-24T20:38:16.059+0000] {processor.py:161} INFO - Started process (PID=223) to work on /home/airflow/.local/lib/python3.12/site-packages/airflow/example_dags/example_nested_branch_dag.py
[2025-07-24T20:38:16.059+0000] {processor.py:830} INFO - Processing file /home/airflow/.local/lib/python3.12/site-packages/airflow/example_dags/example_nested_branch_dag.py for tasks to queue
[2025-07-24T20:38:16.060+0000] {logging_mixin.py:188} INFO - [2025-07-24T20:38:16.060+0000] {dagbag.py:545} INFO - Filling up the DagBag from /home/airflow/.local/lib/python3.12/site-packages/airflow/example_dags/example_nested_branch_dag.py
[2025-07-24T20:38:16.066+0000] {processor.py:840} INFO - DAG(s) 'example_nested_branch_dag' retrieved from /home/airflow/.local/lib/python3.12/site-packages/airflow/example_dags/example_nested_branch_dag.py
[2025-07-24T20:38:16.080+0000] {logging_mixin.py:188} INFO - [2025-07-24T20:38:16.079+0000] {dag.py:3096} INFO - Sync 1 DAGs
[2025-07-24T20:38:16.093+0000] {logging_mixin.py:188} INFO - [2025-07-24T20:38:16.093+0000] {dag.py:3954} INFO - Setting next_dagrun for example_nested_branch_dag to 2025-07-23 00:00:00+00:00, run_after=2025-07-24 00:00:00+00:00
[2025-07-24T20:38:16.102+0000] {processor.py:183} INFO - Processing /home/airflow/.local/lib/python3.12/site-packages/airflow/example_dags/example_nested_branch_dag.py took 0.048 seconds
[2025-07-24T20:38:46.812+0000] {processor.py:161} INFO - Started process (PID=281) to work on /home/airflow/.local/lib/python3.12/site-packages/airflow/example_dags/example_nested_branch_dag.py
[2025-07-24T20:38:46.812+0000] {processor.py:830} INFO - Processing file /home/airflow/.local/lib/python3.12/site-packages/airflow/example_dags/example_nested_branch_dag.py for tasks to queue
[2025-07-24T20:38:46.813+0000] {logging_mixin.py:188} INFO - [2025-07-24T20:38:46.813+0000] {dagbag.py:545} INFO - Filling up the DagBag from /home/airflow/.local/lib/python3.12/site-packages/airflow/example_dags/example_nested_branch_dag.py
[2025-07-24T20:38:46.819+0000] {processor.py:840} INFO - DAG(s) 'example_nested_branch_dag' retrieved from /home/airflow/.local/lib/python3.12/site-packages/airflow/example_dags/example_nested_branch_dag.py
[2025-07-24T20:38:46.831+0000] {logging_mixin.py:188} INFO - [2025-07-24T20:38:46.831+0000] {dag.py:3096} INFO - Sync 1 DAGs
[2025-07-24T20:38:46.842+0000] {logging_mixin.py:188} INFO - [2025-07-24T20:38:46.842+0000] {dag.py:3954} INFO - Setting next_dagrun for example_nested_branch_dag to 2025-07-23 00:00:00+00:00, run_after=2025-07-24 00:00:00+00:00
[2025-07-24T20:38:46.851+0000] {processor.py:183} INFO - Processing /home/airflow/.local/lib/python3.12/site-packages/airflow/example_dags/example_nested_branch_dag.py took 0.044 seconds
[2025-07-24T20:39:17.555+0000] {processor.py:161} INFO - Started process (PID=345) to work on /home/airflow/.local/lib/python3.12/site-packages/airflow/example_dags/example_nested_branch_dag.py
[2025-07-24T20:39:17.555+0000] {processor.py:830} INFO - Processing file /home/airflow/.local/lib/python3.12/site-packages/airflow/example_dags/example_nested_branch_dag.py for tasks to queue
[2025-07-24T20:39:17.556+0000] {logging_mixin.py:188} INFO - [2025-07-24T20:39:17.556+0000] {dagbag.py:545} INFO - Filling up the DagBag from /home/airflow/.local/lib/python3.12/site-packages/airflow/example_dags/example_nested_branch_dag.py
[2025-07-24T20:39:17.562+0000] {processor.py:840} INFO - DAG(s) 'example_nested_branch_dag' retrieved from /home/airflow/.local/lib/python3.12/site-packages/airflow/example_dags/example_nested_branch_dag.py
[2025-07-24T20:39:17.575+0000] {logging_mixin.py:188} INFO - [2025-07-24T20:39:17.575+0000] {dag.py:3096} INFO - Sync 1 DAGs
[2025-07-24T20:39:17.588+0000] {logging_mixin.py:188} INFO - [2025-07-24T20:39:17.588+0000] {dag.py:3954} INFO - Setting next_dagrun for example_nested_branch_dag to 2025-07-23 00:00:00+00:00, run_after=2025-07-24 00:00:00+00:00
[2025-07-24T20:39:17.598+0000] {processor.py:183} INFO - Processing /home/airflow/.local/lib/python3.12/site-packages/airflow/example_dags/example_nested_branch_dag.py took 0.047 seconds
[2025-07-24T20:39:48.318+0000] {processor.py:161} INFO - Started process (PID=403) to work on /home/airflow/.local/lib/python3.12/site-packages/airflow/example_dags/example_nested_branch_dag.py
[2025-07-24T20:39:48.318+0000] {processor.py:830} INFO - Processing file /home/airflow/.local/lib/python3.12/site-packages/airflow/example_dags/example_nested_branch_dag.py for tasks to queue
[2025-07-24T20:39:48.319+0000] {logging_mixin.py:188} INFO - [2025-07-24T20:39:48.319+0000] {dagbag.py:545} INFO - Filling up the DagBag from /home/airflow/.local/lib/python3.12/site-packages/airflow/example_dags/example_nested_branch_dag.py
[2025-07-24T20:39:48.326+0000] {processor.py:840} INFO - DAG(s) 'example_nested_branch_dag' retrieved from /home/airflow/.local/lib/python3.12/site-packages/airflow/example_dags/example_nested_branch_dag.py
[2025-07-24T20:39:48.339+0000] {logging_mixin.py:188} INFO - [2025-07-24T20:39:48.338+0000] {dag.py:3096} INFO - Sync 1 DAGs
[2025-07-24T20:39:48.351+0000] {logging_mixin.py:188} INFO - [2025-07-24T20:39:48.351+0000] {dag.py:3954} INFO - Setting next_dagrun for example_nested_branch_dag to 2025-07-23 00:00:00+00:00, run_after=2025-07-24 00:00:00+00:00
[2025-07-24T20:39:48.361+0000] {processor.py:183} INFO - Processing /home/airflow/.local/lib/python3.12/site-packages/airflow/example_dags/example_nested_branch_dag.py took 0.047 seconds
[2025-07-24T20:40:18.986+0000] {processor.py:161} INFO - Started process (PID=461) to work on /home/airflow/.local/lib/python3.12/site-packages/airflow/example_dags/example_nested_branch_dag.py
[2025-07-24T20:40:18.987+0000] {processor.py:830} INFO - Processing file /home/airflow/.local/lib/python3.12/site-packages/airflow/example_dags/example_nested_branch_dag.py for tasks to queue
[2025-07-24T20:40:18.988+0000] {logging_mixin.py:188} INFO - [2025-07-24T20:40:18.987+0000] {dagbag.py:545} INFO - Filling up the DagBag from /home/airflow/.local/lib/python3.12/site-packages/airflow/example_dags/example_nested_branch_dag.py
[2025-07-24T20:40:18.993+0000] {processor.py:840} INFO - DAG(s) 'example_nested_branch_dag' retrieved from /home/airflow/.local/lib/python3.12/site-packages/airflow/example_dags/example_nested_branch_dag.py
[2025-07-24T20:40:19.005+0000] {logging_mixin.py:188} INFO - [2025-07-24T20:40:19.005+0000] {dag.py:3096} INFO - Sync 1 DAGs
[2025-07-24T20:40:19.017+0000] {logging_mixin.py:188} INFO - [2025-07-24T20:40:19.017+0000] {dag.py:3954} INFO - Setting next_dagrun for example_nested_branch_dag to 2025-07-23 00:00:00+00:00, run_after=2025-07-24 00:00:00+00:00
[2025-07-24T20:40:19.027+0000] {processor.py:183} INFO - Processing /home/airflow/.local/lib/python3.12/site-packages/airflow/example_dags/example_nested_branch_dag.py took 0.044 seconds
[2025-07-24T20:40:49.950+0000] {processor.py:161} INFO - Started process (PID=519) to work on /home/airflow/.local/lib/python3.12/site-packages/airflow/example_dags/example_nested_branch_dag.py
[2025-07-24T20:40:49.950+0000] {processor.py:830} INFO - Processing file /home/airflow/.local/lib/python3.12/site-packages/airflow/example_dags/example_nested_branch_dag.py for tasks to queue
[2025-07-24T20:40:49.951+0000] {logging_mixin.py:188} INFO - [2025-07-24T20:40:49.951+0000] {dagbag.py:545} INFO - Filling up the DagBag from /home/airflow/.local/lib/python3.12/site-packages/airflow/example_dags/example_nested_branch_dag.py
[2025-07-24T20:40:49.956+0000] {processor.py:840} INFO - DAG(s) 'example_nested_branch_dag' retrieved from /home/airflow/.local/lib/python3.12/site-packages/airflow/example_dags/example_nested_branch_dag.py
[2025-07-24T20:40:49.967+0000] {logging_mixin.py:188} INFO - [2025-07-24T20:40:49.967+0000] {dag.py:3096} INFO - Sync 1 DAGs
[2025-07-24T20:40:49.978+0000] {logging_mixin.py:188} INFO - [2025-07-24T20:40:49.978+0000] {dag.py:3954} INFO - Setting next_dagrun for example_nested_branch_dag to 2025-07-23 00:00:00+00:00, run_after=2025-07-24 00:00:00+00:00
[2025-07-24T20:40:49.987+0000] {processor.py:183} INFO - Processing /home/airflow/.local/lib/python3.12/site-packages/airflow/example_dags/example_nested_branch_dag.py took 0.041 seconds
[2025-07-24T20:41:20.938+0000] {processor.py:161} INFO - Started process (PID=577) to work on /home/airflow/.local/lib/python3.12/site-packages/airflow/example_dags/example_nested_branch_dag.py
[2025-07-24T20:41:20.938+0000] {processor.py:830} INFO - Processing file /home/airflow/.local/lib/python3.12/site-packages/airflow/example_dags/example_nested_branch_dag.py for tasks to queue
[2025-07-24T20:41:20.939+0000] {logging_mixin.py:188} INFO - [2025-07-24T20:41:20.939+0000] {dagbag.py:545} INFO - Filling up the DagBag from /home/airflow/.local/lib/python3.12/site-packages/airflow/example_dags/example_nested_branch_dag.py
[2025-07-24T20:41:20.946+0000] {processor.py:840} INFO - DAG(s) 'example_nested_branch_dag' retrieved from /home/airflow/.local/lib/python3.12/site-packages/airflow/example_dags/example_nested_branch_dag.py
[2025-07-24T20:41:20.960+0000] {logging_mixin.py:188} INFO - [2025-07-24T20:41:20.960+0000] {dag.py:3096} INFO - Sync 1 DAGs
[2025-07-24T20:41:20.975+0000] {logging_mixin.py:188} INFO - [2025-07-24T20:41:20.974+0000] {dag.py:3954} INFO - Setting next_dagrun for example_nested_branch_dag to 2025-07-23 00:00:00+00:00, run_after=2025-07-24 00:00:00+00:00
[2025-07-24T20:41:20.985+0000] {processor.py:183} INFO - Processing /home/airflow/.local/lib/python3.12/site-packages/airflow/example_dags/example_nested_branch_dag.py took 0.051 seconds
[2025-07-24T20:41:51.729+0000] {processor.py:161} INFO - Started process (PID=635) to work on /home/airflow/.local/lib/python3.12/site-packages/airflow/example_dags/example_nested_branch_dag.py
[2025-07-24T20:41:51.730+0000] {processor.py:830} INFO - Processing file /home/airflow/.local/lib/python3.12/site-packages/airflow/example_dags/example_nested_branch_dag.py for tasks to queue
[2025-07-24T20:41:51.731+0000] {logging_mixin.py:188} INFO - [2025-07-24T20:41:51.731+0000] {dagbag.py:545} INFO - Filling up the DagBag from /home/airflow/.local/lib/python3.12/site-packages/airflow/example_dags/example_nested_branch_dag.py
[2025-07-24T20:41:51.735+0000] {processor.py:840} INFO - DAG(s) 'example_nested_branch_dag' retrieved from /home/airflow/.local/lib/python3.12/site-packages/airflow/example_dags/example_nested_branch_dag.py
[2025-07-24T20:41:51.745+0000] {logging_mixin.py:188} INFO - [2025-07-24T20:41:51.745+0000] {dag.py:3096} INFO - Sync 1 DAGs
[2025-07-24T20:41:51.756+0000] {logging_mixin.py:188} INFO - [2025-07-24T20:41:51.755+0000] {dag.py:3954} INFO - Setting next_dagrun for example_nested_branch_dag to 2025-07-23 00:00:00+00:00, run_after=2025-07-24 00:00:00+00:00
[2025-07-24T20:41:51.763+0000] {processor.py:183} INFO - Processing /home/airflow/.local/lib/python3.12/site-packages/airflow/example_dags/example_nested_branch_dag.py took 0.037 seconds
[2025-07-24T20:42:22.664+0000] {processor.py:161} INFO - Started process (PID=693) to work on /home/airflow/.local/lib/python3.12/site-packages/airflow/example_dags/example_nested_branch_dag.py
[2025-07-24T20:42:22.665+0000] {processor.py:830} INFO - Processing file /home/airflow/.local/lib/python3.12/site-packages/airflow/example_dags/example_nested_branch_dag.py for tasks to queue
[2025-07-24T20:42:22.666+0000] {logging_mixin.py:188} INFO - [2025-07-24T20:42:22.666+0000] {dagbag.py:545} INFO - Filling up the DagBag from /home/airflow/.local/lib/python3.12/site-packages/airflow/example_dags/example_nested_branch_dag.py
[2025-07-24T20:42:22.672+0000] {processor.py:840} INFO - DAG(s) 'example_nested_branch_dag' retrieved from /home/airflow/.local/lib/python3.12/site-packages/airflow/example_dags/example_nested_branch_dag.py
[2025-07-24T20:42:22.683+0000] {logging_mixin.py:188} INFO - [2025-07-24T20:42:22.683+0000] {dag.py:3096} INFO - Sync 1 DAGs
[2025-07-24T20:42:22.695+0000] {logging_mixin.py:188} INFO - [2025-07-24T20:42:22.695+0000] {dag.py:3954} INFO - Setting next_dagrun for example_nested_branch_dag to 2025-07-23 00:00:00+00:00, run_after=2025-07-24 00:00:00+00:00
[2025-07-24T20:42:22.704+0000] {processor.py:183} INFO - Processing /home/airflow/.local/lib/python3.12/site-packages/airflow/example_dags/example_nested_branch_dag.py took 0.043 seconds
[2025-07-24T20:43:16.528+0000] {processor.py:161} INFO - Started process (PID=49) to work on /home/airflow/.local/lib/python3.12/site-packages/airflow/example_dags/example_nested_branch_dag.py
[2025-07-24T20:43:16.528+0000] {processor.py:830} INFO - Processing file /home/airflow/.local/lib/python3.12/site-packages/airflow/example_dags/example_nested_branch_dag.py for tasks to queue
[2025-07-24T20:43:16.529+0000] {logging_mixin.py:188} INFO - [2025-07-24T20:43:16.529+0000] {dagbag.py:545} INFO - Filling up the DagBag from /home/airflow/.local/lib/python3.12/site-packages/airflow/example_dags/example_nested_branch_dag.py
[2025-07-24T20:43:16.536+0000] {processor.py:840} INFO - DAG(s) 'example_nested_branch_dag' retrieved from /home/airflow/.local/lib/python3.12/site-packages/airflow/example_dags/example_nested_branch_dag.py
[2025-07-24T20:43:16.543+0000] {logging_mixin.py:188} INFO - [2025-07-24T20:43:16.543+0000] {dag.py:3096} INFO - Sync 1 DAGs
[2025-07-24T20:43:16.557+0000] {logging_mixin.py:188} INFO - [2025-07-24T20:43:16.557+0000] {dag.py:3954} INFO - Setting next_dagrun for example_nested_branch_dag to 2025-07-23 00:00:00+00:00, run_after=2025-07-24 00:00:00+00:00
[2025-07-24T20:43:16.565+0000] {processor.py:183} INFO - Processing /home/airflow/.local/lib/python3.12/site-packages/airflow/example_dags/example_nested_branch_dag.py took 0.040 seconds
[2025-07-24T20:43:47.429+0000] {processor.py:161} INFO - Started process (PID=107) to work on /home/airflow/.local/lib/python3.12/site-packages/airflow/example_dags/example_nested_branch_dag.py
[2025-07-24T20:43:47.429+0000] {processor.py:830} INFO - Processing file /home/airflow/.local/lib/python3.12/site-packages/airflow/example_dags/example_nested_branch_dag.py for tasks to queue
[2025-07-24T20:43:47.430+0000] {logging_mixin.py:188} INFO - [2025-07-24T20:43:47.430+0000] {dagbag.py:545} INFO - Filling up the DagBag from /home/airflow/.local/lib/python3.12/site-packages/airflow/example_dags/example_nested_branch_dag.py
[2025-07-24T20:43:47.435+0000] {processor.py:840} INFO - DAG(s) 'example_nested_branch_dag' retrieved from /home/airflow/.local/lib/python3.12/site-packages/airflow/example_dags/example_nested_branch_dag.py
[2025-07-24T20:43:47.491+0000] {logging_mixin.py:188} INFO - [2025-07-24T20:43:47.491+0000] {dag.py:3096} INFO - Sync 1 DAGs
[2025-07-24T20:43:47.501+0000] {logging_mixin.py:188} INFO - [2025-07-24T20:43:47.500+0000] {dag.py:3954} INFO - Setting next_dagrun for example_nested_branch_dag to 2025-07-23 00:00:00+00:00, run_after=2025-07-24 00:00:00+00:00
[2025-07-24T20:43:47.509+0000] {processor.py:183} INFO - Processing /home/airflow/.local/lib/python3.12/site-packages/airflow/example_dags/example_nested_branch_dag.py took 0.084 seconds
[2025-07-24T20:44:18.345+0000] {processor.py:161} INFO - Started process (PID=165) to work on /home/airflow/.local/lib/python3.12/site-packages/airflow/example_dags/example_nested_branch_dag.py
[2025-07-24T20:44:18.346+0000] {processor.py:830} INFO - Processing file /home/airflow/.local/lib/python3.12/site-packages/airflow/example_dags/example_nested_branch_dag.py for tasks to queue
[2025-07-24T20:44:18.347+0000] {logging_mixin.py:188} INFO - [2025-07-24T20:44:18.347+0000] {dagbag.py:545} INFO - Filling up the DagBag from /home/airflow/.local/lib/python3.12/site-packages/airflow/example_dags/example_nested_branch_dag.py
[2025-07-24T20:44:18.352+0000] {processor.py:840} INFO - DAG(s) 'example_nested_branch_dag' retrieved from /home/airflow/.local/lib/python3.12/site-packages/airflow/example_dags/example_nested_branch_dag.py
[2025-07-24T20:44:18.364+0000] {logging_mixin.py:188} INFO - [2025-07-24T20:44:18.364+0000] {dag.py:3096} INFO - Sync 1 DAGs
[2025-07-24T20:44:18.374+0000] {logging_mixin.py:188} INFO - [2025-07-24T20:44:18.374+0000] {dag.py:3954} INFO - Setting next_dagrun for example_nested_branch_dag to 2025-07-23 00:00:00+00:00, run_after=2025-07-24 00:00:00+00:00
[2025-07-24T20:44:18.382+0000] {processor.py:183} INFO - Processing /home/airflow/.local/lib/python3.12/site-packages/airflow/example_dags/example_nested_branch_dag.py took 0.041 seconds
[2025-07-24T20:44:48.478+0000] {processor.py:161} INFO - Started process (PID=223) to work on /home/airflow/.local/lib/python3.12/site-packages/airflow/example_dags/example_nested_branch_dag.py
[2025-07-24T20:44:48.478+0000] {processor.py:830} INFO - Processing file /home/airflow/.local/lib/python3.12/site-packages/airflow/example_dags/example_nested_branch_dag.py for tasks to queue
[2025-07-24T20:44:48.479+0000] {logging_mixin.py:188} INFO - [2025-07-24T20:44:48.479+0000] {dagbag.py:545} INFO - Filling up the DagBag from /home/airflow/.local/lib/python3.12/site-packages/airflow/example_dags/example_nested_branch_dag.py
[2025-07-24T20:44:48.486+0000] {processor.py:840} INFO - DAG(s) 'example_nested_branch_dag' retrieved from /home/airflow/.local/lib/python3.12/site-packages/airflow/example_dags/example_nested_branch_dag.py
[2025-07-24T20:44:48.500+0000] {logging_mixin.py:188} INFO - [2025-07-24T20:44:48.499+0000] {dag.py:3096} INFO - Sync 1 DAGs
[2025-07-24T20:44:48.514+0000] {logging_mixin.py:188} INFO - [2025-07-24T20:44:48.514+0000] {dag.py:3954} INFO - Setting next_dagrun for example_nested_branch_dag to 2025-07-23 00:00:00+00:00, run_after=2025-07-24 00:00:00+00:00
[2025-07-24T20:44:48.524+0000] {processor.py:183} INFO - Processing /home/airflow/.local/lib/python3.12/site-packages/airflow/example_dags/example_nested_branch_dag.py took 0.050 seconds
[2025-07-24T20:45:18.601+0000] {processor.py:161} INFO - Started process (PID=281) to work on /home/airflow/.local/lib/python3.12/site-packages/airflow/example_dags/example_nested_branch_dag.py
[2025-07-24T20:45:18.602+0000] {processor.py:830} INFO - Processing file /home/airflow/.local/lib/python3.12/site-packages/airflow/example_dags/example_nested_branch_dag.py for tasks to queue
[2025-07-24T20:45:18.603+0000] {logging_mixin.py:188} INFO - [2025-07-24T20:45:18.603+0000] {dagbag.py:545} INFO - Filling up the DagBag from /home/airflow/.local/lib/python3.12/site-packages/airflow/example_dags/example_nested_branch_dag.py
[2025-07-24T20:45:18.608+0000] {processor.py:840} INFO - DAG(s) 'example_nested_branch_dag' retrieved from /home/airflow/.local/lib/python3.12/site-packages/airflow/example_dags/example_nested_branch_dag.py
[2025-07-24T20:45:18.619+0000] {logging_mixin.py:188} INFO - [2025-07-24T20:45:18.619+0000] {dag.py:3096} INFO - Sync 1 DAGs
[2025-07-24T20:45:18.629+0000] {logging_mixin.py:188} INFO - [2025-07-24T20:45:18.629+0000] {dag.py:3954} INFO - Setting next_dagrun for example_nested_branch_dag to 2025-07-23 00:00:00+00:00, run_after=2025-07-24 00:00:00+00:00
[2025-07-24T20:45:18.637+0000] {processor.py:183} INFO - Processing /home/airflow/.local/lib/python3.12/site-packages/airflow/example_dags/example_nested_branch_dag.py took 0.039 seconds
[2025-07-24T20:45:49.153+0000] {processor.py:161} INFO - Started process (PID=339) to work on /home/airflow/.local/lib/python3.12/site-packages/airflow/example_dags/example_nested_branch_dag.py
[2025-07-24T20:45:49.154+0000] {processor.py:830} INFO - Processing file /home/airflow/.local/lib/python3.12/site-packages/airflow/example_dags/example_nested_branch_dag.py for tasks to queue
[2025-07-24T20:45:49.155+0000] {logging_mixin.py:188} INFO - [2025-07-24T20:45:49.155+0000] {dagbag.py:545} INFO - Filling up the DagBag from /home/airflow/.local/lib/python3.12/site-packages/airflow/example_dags/example_nested_branch_dag.py
[2025-07-24T20:45:49.161+0000] {processor.py:840} INFO - DAG(s) 'example_nested_branch_dag' retrieved from /home/airflow/.local/lib/python3.12/site-packages/airflow/example_dags/example_nested_branch_dag.py
[2025-07-24T20:45:49.173+0000] {logging_mixin.py:188} INFO - [2025-07-24T20:45:49.173+0000] {dag.py:3096} INFO - Sync 1 DAGs
[2025-07-24T20:45:49.185+0000] {logging_mixin.py:188} INFO - [2025-07-24T20:45:49.185+0000] {dag.py:3954} INFO - Setting next_dagrun for example_nested_branch_dag to 2025-07-23 00:00:00+00:00, run_after=2025-07-24 00:00:00+00:00
[2025-07-24T20:45:49.194+0000] {processor.py:183} INFO - Processing /home/airflow/.local/lib/python3.12/site-packages/airflow/example_dags/example_nested_branch_dag.py took 0.044 seconds
[2025-07-24T20:46:19.798+0000] {processor.py:161} INFO - Started process (PID=397) to work on /home/airflow/.local/lib/python3.12/site-packages/airflow/example_dags/example_nested_branch_dag.py
[2025-07-24T20:46:19.799+0000] {processor.py:830} INFO - Processing file /home/airflow/.local/lib/python3.12/site-packages/airflow/example_dags/example_nested_branch_dag.py for tasks to queue
[2025-07-24T20:46:19.800+0000] {logging_mixin.py:188} INFO - [2025-07-24T20:46:19.799+0000] {dagbag.py:545} INFO - Filling up the DagBag from /home/airflow/.local/lib/python3.12/site-packages/airflow/example_dags/example_nested_branch_dag.py
[2025-07-24T20:46:19.806+0000] {processor.py:840} INFO - DAG(s) 'example_nested_branch_dag' retrieved from /home/airflow/.local/lib/python3.12/site-packages/airflow/example_dags/example_nested_branch_dag.py
[2025-07-24T20:46:19.818+0000] {logging_mixin.py:188} INFO - [2025-07-24T20:46:19.817+0000] {dag.py:3096} INFO - Sync 1 DAGs
[2025-07-24T20:46:19.830+0000] {logging_mixin.py:188} INFO - [2025-07-24T20:46:19.830+0000] {dag.py:3954} INFO - Setting next_dagrun for example_nested_branch_dag to 2025-07-23 00:00:00+00:00, run_after=2025-07-24 00:00:00+00:00
[2025-07-24T20:46:19.839+0000] {processor.py:183} INFO - Processing /home/airflow/.local/lib/python3.12/site-packages/airflow/example_dags/example_nested_branch_dag.py took 0.045 seconds
[2025-07-24T20:46:50.526+0000] {processor.py:161} INFO - Started process (PID=461) to work on /home/airflow/.local/lib/python3.12/site-packages/airflow/example_dags/example_nested_branch_dag.py
[2025-07-24T20:46:50.526+0000] {processor.py:830} INFO - Processing file /home/airflow/.local/lib/python3.12/site-packages/airflow/example_dags/example_nested_branch_dag.py for tasks to queue
[2025-07-24T20:46:50.527+0000] {logging_mixin.py:188} INFO - [2025-07-24T20:46:50.527+0000] {dagbag.py:545} INFO - Filling up the DagBag from /home/airflow/.local/lib/python3.12/site-packages/airflow/example_dags/example_nested_branch_dag.py
[2025-07-24T20:46:50.533+0000] {processor.py:840} INFO - DAG(s) 'example_nested_branch_dag' retrieved from /home/airflow/.local/lib/python3.12/site-packages/airflow/example_dags/example_nested_branch_dag.py
[2025-07-24T20:46:50.545+0000] {logging_mixin.py:188} INFO - [2025-07-24T20:46:50.545+0000] {dag.py:3096} INFO - Sync 1 DAGs
[2025-07-24T20:46:50.557+0000] {logging_mixin.py:188} INFO - [2025-07-24T20:46:50.557+0000] {dag.py:3954} INFO - Setting next_dagrun for example_nested_branch_dag to 2025-07-23 00:00:00+00:00, run_after=2025-07-24 00:00:00+00:00
[2025-07-24T20:46:50.566+0000] {processor.py:183} INFO - Processing /home/airflow/.local/lib/python3.12/site-packages/airflow/example_dags/example_nested_branch_dag.py took 0.044 seconds
[2025-07-24T20:47:21.134+0000] {processor.py:161} INFO - Started process (PID=519) to work on /home/airflow/.local/lib/python3.12/site-packages/airflow/example_dags/example_nested_branch_dag.py
[2025-07-24T20:47:21.134+0000] {processor.py:830} INFO - Processing file /home/airflow/.local/lib/python3.12/site-packages/airflow/example_dags/example_nested_branch_dag.py for tasks to queue
[2025-07-24T20:47:21.135+0000] {logging_mixin.py:188} INFO - [2025-07-24T20:47:21.135+0000] {dagbag.py:545} INFO - Filling up the DagBag from /home/airflow/.local/lib/python3.12/site-packages/airflow/example_dags/example_nested_branch_dag.py
[2025-07-24T20:47:21.142+0000] {processor.py:840} INFO - DAG(s) 'example_nested_branch_dag' retrieved from /home/airflow/.local/lib/python3.12/site-packages/airflow/example_dags/example_nested_branch_dag.py
[2025-07-24T20:47:21.157+0000] {logging_mixin.py:188} INFO - [2025-07-24T20:47:21.157+0000] {dag.py:3096} INFO - Sync 1 DAGs
[2025-07-24T20:47:21.170+0000] {logging_mixin.py:188} INFO - [2025-07-24T20:47:21.170+0000] {dag.py:3954} INFO - Setting next_dagrun for example_nested_branch_dag to 2025-07-23 00:00:00+00:00, run_after=2025-07-24 00:00:00+00:00
[2025-07-24T20:47:21.179+0000] {processor.py:183} INFO - Processing /home/airflow/.local/lib/python3.12/site-packages/airflow/example_dags/example_nested_branch_dag.py took 0.051 seconds
[2025-07-24T20:47:51.905+0000] {processor.py:161} INFO - Started process (PID=577) to work on /home/airflow/.local/lib/python3.12/site-packages/airflow/example_dags/example_nested_branch_dag.py
[2025-07-24T20:47:51.906+0000] {processor.py:830} INFO - Processing file /home/airflow/.local/lib/python3.12/site-packages/airflow/example_dags/example_nested_branch_dag.py for tasks to queue
[2025-07-24T20:47:51.907+0000] {logging_mixin.py:188} INFO - [2025-07-24T20:47:51.907+0000] {dagbag.py:545} INFO - Filling up the DagBag from /home/airflow/.local/lib/python3.12/site-packages/airflow/example_dags/example_nested_branch_dag.py
[2025-07-24T20:47:51.913+0000] {processor.py:840} INFO - DAG(s) 'example_nested_branch_dag' retrieved from /home/airflow/.local/lib/python3.12/site-packages/airflow/example_dags/example_nested_branch_dag.py
[2025-07-24T20:47:51.925+0000] {logging_mixin.py:188} INFO - [2025-07-24T20:47:51.925+0000] {dag.py:3096} INFO - Sync 1 DAGs
[2025-07-24T20:47:51.938+0000] {logging_mixin.py:188} INFO - [2025-07-24T20:47:51.938+0000] {dag.py:3954} INFO - Setting next_dagrun for example_nested_branch_dag to 2025-07-23 00:00:00+00:00, run_after=2025-07-24 00:00:00+00:00
[2025-07-24T20:47:51.947+0000] {processor.py:183} INFO - Processing /home/airflow/.local/lib/python3.12/site-packages/airflow/example_dags/example_nested_branch_dag.py took 0.045 seconds
[2025-07-24T20:48:22.527+0000] {processor.py:161} INFO - Started process (PID=635) to work on /home/airflow/.local/lib/python3.12/site-packages/airflow/example_dags/example_nested_branch_dag.py
[2025-07-24T20:48:22.528+0000] {processor.py:830} INFO - Processing file /home/airflow/.local/lib/python3.12/site-packages/airflow/example_dags/example_nested_branch_dag.py for tasks to queue
[2025-07-24T20:48:22.529+0000] {logging_mixin.py:188} INFO - [2025-07-24T20:48:22.528+0000] {dagbag.py:545} INFO - Filling up the DagBag from /home/airflow/.local/lib/python3.12/site-packages/airflow/example_dags/example_nested_branch_dag.py
[2025-07-24T20:48:22.535+0000] {processor.py:840} INFO - DAG(s) 'example_nested_branch_dag' retrieved from /home/airflow/.local/lib/python3.12/site-packages/airflow/example_dags/example_nested_branch_dag.py
[2025-07-24T20:48:22.547+0000] {logging_mixin.py:188} INFO - [2025-07-24T20:48:22.547+0000] {dag.py:3096} INFO - Sync 1 DAGs
[2025-07-24T20:48:22.559+0000] {logging_mixin.py:188} INFO - [2025-07-24T20:48:22.559+0000] {dag.py:3954} INFO - Setting next_dagrun for example_nested_branch_dag to 2025-07-23 00:00:00+00:00, run_after=2025-07-24 00:00:00+00:00
[2025-07-24T20:48:22.568+0000] {processor.py:183} INFO - Processing /home/airflow/.local/lib/python3.12/site-packages/airflow/example_dags/example_nested_branch_dag.py took 0.044 seconds
[2025-07-24T20:48:53.181+0000] {processor.py:161} INFO - Started process (PID=693) to work on /home/airflow/.local/lib/python3.12/site-packages/airflow/example_dags/example_nested_branch_dag.py
[2025-07-24T20:48:53.182+0000] {processor.py:830} INFO - Processing file /home/airflow/.local/lib/python3.12/site-packages/airflow/example_dags/example_nested_branch_dag.py for tasks to queue
[2025-07-24T20:48:53.183+0000] {logging_mixin.py:188} INFO - [2025-07-24T20:48:53.183+0000] {dagbag.py:545} INFO - Filling up the DagBag from /home/airflow/.local/lib/python3.12/site-packages/airflow/example_dags/example_nested_branch_dag.py
[2025-07-24T20:48:53.189+0000] {processor.py:840} INFO - DAG(s) 'example_nested_branch_dag' retrieved from /home/airflow/.local/lib/python3.12/site-packages/airflow/example_dags/example_nested_branch_dag.py
[2025-07-24T20:48:53.202+0000] {logging_mixin.py:188} INFO - [2025-07-24T20:48:53.202+0000] {dag.py:3096} INFO - Sync 1 DAGs
[2025-07-24T20:48:53.214+0000] {logging_mixin.py:188} INFO - [2025-07-24T20:48:53.214+0000] {dag.py:3954} INFO - Setting next_dagrun for example_nested_branch_dag to 2025-07-23 00:00:00+00:00, run_after=2025-07-24 00:00:00+00:00
[2025-07-24T20:48:53.224+0000] {processor.py:183} INFO - Processing /home/airflow/.local/lib/python3.12/site-packages/airflow/example_dags/example_nested_branch_dag.py took 0.046 seconds
[2025-07-24T20:49:23.806+0000] {processor.py:161} INFO - Started process (PID=751) to work on /home/airflow/.local/lib/python3.12/site-packages/airflow/example_dags/example_nested_branch_dag.py
[2025-07-24T20:49:23.807+0000] {processor.py:830} INFO - Processing file /home/airflow/.local/lib/python3.12/site-packages/airflow/example_dags/example_nested_branch_dag.py for tasks to queue
[2025-07-24T20:49:23.807+0000] {logging_mixin.py:188} INFO - [2025-07-24T20:49:23.807+0000] {dagbag.py:545} INFO - Filling up the DagBag from /home/airflow/.local/lib/python3.12/site-packages/airflow/example_dags/example_nested_branch_dag.py
[2025-07-24T20:49:23.812+0000] {processor.py:840} INFO - DAG(s) 'example_nested_branch_dag' retrieved from /home/airflow/.local/lib/python3.12/site-packages/airflow/example_dags/example_nested_branch_dag.py
[2025-07-24T20:49:23.824+0000] {logging_mixin.py:188} INFO - [2025-07-24T20:49:23.824+0000] {dag.py:3096} INFO - Sync 1 DAGs
[2025-07-24T20:49:23.835+0000] {logging_mixin.py:188} INFO - [2025-07-24T20:49:23.835+0000] {dag.py:3954} INFO - Setting next_dagrun for example_nested_branch_dag to 2025-07-23 00:00:00+00:00, run_after=2025-07-24 00:00:00+00:00
[2025-07-24T20:49:23.844+0000] {processor.py:183} INFO - Processing /home/airflow/.local/lib/python3.12/site-packages/airflow/example_dags/example_nested_branch_dag.py took 0.041 seconds
[2025-07-24T20:49:54.410+0000] {processor.py:161} INFO - Started process (PID=809) to work on /home/airflow/.local/lib/python3.12/site-packages/airflow/example_dags/example_nested_branch_dag.py
[2025-07-24T20:49:54.410+0000] {processor.py:830} INFO - Processing file /home/airflow/.local/lib/python3.12/site-packages/airflow/example_dags/example_nested_branch_dag.py for tasks to queue
[2025-07-24T20:49:54.412+0000] {logging_mixin.py:188} INFO - [2025-07-24T20:49:54.411+0000] {dagbag.py:545} INFO - Filling up the DagBag from /home/airflow/.local/lib/python3.12/site-packages/airflow/example_dags/example_nested_branch_dag.py
[2025-07-24T20:49:54.417+0000] {processor.py:840} INFO - DAG(s) 'example_nested_branch_dag' retrieved from /home/airflow/.local/lib/python3.12/site-packages/airflow/example_dags/example_nested_branch_dag.py
[2025-07-24T20:49:54.429+0000] {logging_mixin.py:188} INFO - [2025-07-24T20:49:54.429+0000] {dag.py:3096} INFO - Sync 1 DAGs
[2025-07-24T20:49:54.442+0000] {logging_mixin.py:188} INFO - [2025-07-24T20:49:54.441+0000] {dag.py:3954} INFO - Setting next_dagrun for example_nested_branch_dag to 2025-07-23 00:00:00+00:00, run_after=2025-07-24 00:00:00+00:00
[2025-07-24T20:49:54.451+0000] {processor.py:183} INFO - Processing /home/airflow/.local/lib/python3.12/site-packages/airflow/example_dags/example_nested_branch_dag.py took 0.044 seconds
[2025-07-24T20:50:25.123+0000] {processor.py:161} INFO - Started process (PID=867) to work on /home/airflow/.local/lib/python3.12/site-packages/airflow/example_dags/example_nested_branch_dag.py
[2025-07-24T20:50:25.124+0000] {processor.py:830} INFO - Processing file /home/airflow/.local/lib/python3.12/site-packages/airflow/example_dags/example_nested_branch_dag.py for tasks to queue
[2025-07-24T20:50:25.125+0000] {logging_mixin.py:188} INFO - [2025-07-24T20:50:25.124+0000] {dagbag.py:545} INFO - Filling up the DagBag from /home/airflow/.local/lib/python3.12/site-packages/airflow/example_dags/example_nested_branch_dag.py
[2025-07-24T20:50:25.130+0000] {processor.py:840} INFO - DAG(s) 'example_nested_branch_dag' retrieved from /home/airflow/.local/lib/python3.12/site-packages/airflow/example_dags/example_nested_branch_dag.py
[2025-07-24T20:50:25.143+0000] {logging_mixin.py:188} INFO - [2025-07-24T20:50:25.143+0000] {dag.py:3096} INFO - Sync 1 DAGs
[2025-07-24T20:50:25.156+0000] {logging_mixin.py:188} INFO - [2025-07-24T20:50:25.156+0000] {dag.py:3954} INFO - Setting next_dagrun for example_nested_branch_dag to 2025-07-23 00:00:00+00:00, run_after=2025-07-24 00:00:00+00:00
[2025-07-24T20:50:25.166+0000] {processor.py:183} INFO - Processing /home/airflow/.local/lib/python3.12/site-packages/airflow/example_dags/example_nested_branch_dag.py took 0.046 seconds
[2025-07-24T20:50:55.268+0000] {processor.py:161} INFO - Started process (PID=925) to work on /home/airflow/.local/lib/python3.12/site-packages/airflow/example_dags/example_nested_branch_dag.py
[2025-07-24T20:50:55.268+0000] {processor.py:830} INFO - Processing file /home/airflow/.local/lib/python3.12/site-packages/airflow/example_dags/example_nested_branch_dag.py for tasks to queue
[2025-07-24T20:50:55.269+0000] {logging_mixin.py:188} INFO - [2025-07-24T20:50:55.269+0000] {dagbag.py:545} INFO - Filling up the DagBag from /home/airflow/.local/lib/python3.12/site-packages/airflow/example_dags/example_nested_branch_dag.py
[2025-07-24T20:50:55.275+0000] {processor.py:840} INFO - DAG(s) 'example_nested_branch_dag' retrieved from /home/airflow/.local/lib/python3.12/site-packages/airflow/example_dags/example_nested_branch_dag.py
[2025-07-24T20:50:55.288+0000] {logging_mixin.py:188} INFO - [2025-07-24T20:50:55.288+0000] {dag.py:3096} INFO - Sync 1 DAGs
[2025-07-24T20:50:55.302+0000] {logging_mixin.py:188} INFO - [2025-07-24T20:50:55.301+0000] {dag.py:3954} INFO - Setting next_dagrun for example_nested_branch_dag to 2025-07-23 00:00:00+00:00, run_after=2025-07-24 00:00:00+00:00
[2025-07-24T20:50:55.311+0000] {processor.py:183} INFO - Processing /home/airflow/.local/lib/python3.12/site-packages/airflow/example_dags/example_nested_branch_dag.py took 0.047 seconds
[2025-07-24T20:51:26.037+0000] {processor.py:161} INFO - Started process (PID=983) to work on /home/airflow/.local/lib/python3.12/site-packages/airflow/example_dags/example_nested_branch_dag.py
[2025-07-24T20:51:26.038+0000] {processor.py:830} INFO - Processing file /home/airflow/.local/lib/python3.12/site-packages/airflow/example_dags/example_nested_branch_dag.py for tasks to queue
[2025-07-24T20:51:26.039+0000] {logging_mixin.py:188} INFO - [2025-07-24T20:51:26.039+0000] {dagbag.py:545} INFO - Filling up the DagBag from /home/airflow/.local/lib/python3.12/site-packages/airflow/example_dags/example_nested_branch_dag.py
[2025-07-24T20:51:26.044+0000] {processor.py:840} INFO - DAG(s) 'example_nested_branch_dag' retrieved from /home/airflow/.local/lib/python3.12/site-packages/airflow/example_dags/example_nested_branch_dag.py
[2025-07-24T20:51:26.056+0000] {logging_mixin.py:188} INFO - [2025-07-24T20:51:26.056+0000] {dag.py:3096} INFO - Sync 1 DAGs
[2025-07-24T20:51:26.068+0000] {logging_mixin.py:188} INFO - [2025-07-24T20:51:26.068+0000] {dag.py:3954} INFO - Setting next_dagrun for example_nested_branch_dag to 2025-07-23 00:00:00+00:00, run_after=2025-07-24 00:00:00+00:00
[2025-07-24T20:51:26.078+0000] {processor.py:183} INFO - Processing /home/airflow/.local/lib/python3.12/site-packages/airflow/example_dags/example_nested_branch_dag.py took 0.043 seconds
[2025-07-24T20:51:56.756+0000] {processor.py:161} INFO - Started process (PID=1041) to work on /home/airflow/.local/lib/python3.12/site-packages/airflow/example_dags/example_nested_branch_dag.py
[2025-07-24T20:51:56.756+0000] {processor.py:830} INFO - Processing file /home/airflow/.local/lib/python3.12/site-packages/airflow/example_dags/example_nested_branch_dag.py for tasks to queue
[2025-07-24T20:51:56.757+0000] {logging_mixin.py:188} INFO - [2025-07-24T20:51:56.757+0000] {dagbag.py:545} INFO - Filling up the DagBag from /home/airflow/.local/lib/python3.12/site-packages/airflow/example_dags/example_nested_branch_dag.py
[2025-07-24T20:51:56.763+0000] {processor.py:840} INFO - DAG(s) 'example_nested_branch_dag' retrieved from /home/airflow/.local/lib/python3.12/site-packages/airflow/example_dags/example_nested_branch_dag.py
[2025-07-24T20:51:56.775+0000] {logging_mixin.py:188} INFO - [2025-07-24T20:51:56.775+0000] {dag.py:3096} INFO - Sync 1 DAGs
[2025-07-24T20:51:56.788+0000] {logging_mixin.py:188} INFO - [2025-07-24T20:51:56.788+0000] {dag.py:3954} INFO - Setting next_dagrun for example_nested_branch_dag to 2025-07-23 00:00:00+00:00, run_after=2025-07-24 00:00:00+00:00
[2025-07-24T20:51:56.797+0000] {processor.py:183} INFO - Processing /home/airflow/.local/lib/python3.12/site-packages/airflow/example_dags/example_nested_branch_dag.py took 0.045 seconds
[2025-07-24T20:52:27.488+0000] {processor.py:161} INFO - Started process (PID=1099) to work on /home/airflow/.local/lib/python3.12/site-packages/airflow/example_dags/example_nested_branch_dag.py
[2025-07-24T20:52:27.488+0000] {processor.py:830} INFO - Processing file /home/airflow/.local/lib/python3.12/site-packages/airflow/example_dags/example_nested_branch_dag.py for tasks to queue
[2025-07-24T20:52:27.489+0000] {logging_mixin.py:188} INFO - [2025-07-24T20:52:27.489+0000] {dagbag.py:545} INFO - Filling up the DagBag from /home/airflow/.local/lib/python3.12/site-packages/airflow/example_dags/example_nested_branch_dag.py
[2025-07-24T20:52:27.495+0000] {processor.py:840} INFO - DAG(s) 'example_nested_branch_dag' retrieved from /home/airflow/.local/lib/python3.12/site-packages/airflow/example_dags/example_nested_branch_dag.py
[2025-07-24T20:52:27.507+0000] {logging_mixin.py:188} INFO - [2025-07-24T20:52:27.507+0000] {dag.py:3096} INFO - Sync 1 DAGs
[2025-07-24T20:52:27.519+0000] {logging_mixin.py:188} INFO - [2025-07-24T20:52:27.519+0000] {dag.py:3954} INFO - Setting next_dagrun for example_nested_branch_dag to 2025-07-23 00:00:00+00:00, run_after=2025-07-24 00:00:00+00:00
[2025-07-24T20:52:27.528+0000] {processor.py:183} INFO - Processing /home/airflow/.local/lib/python3.12/site-packages/airflow/example_dags/example_nested_branch_dag.py took 0.044 seconds
[2025-07-24T20:52:58.213+0000] {processor.py:161} INFO - Started process (PID=1157) to work on /home/airflow/.local/lib/python3.12/site-packages/airflow/example_dags/example_nested_branch_dag.py
[2025-07-24T20:52:58.214+0000] {processor.py:830} INFO - Processing file /home/airflow/.local/lib/python3.12/site-packages/airflow/example_dags/example_nested_branch_dag.py for tasks to queue
[2025-07-24T20:52:58.215+0000] {logging_mixin.py:188} INFO - [2025-07-24T20:52:58.214+0000] {dagbag.py:545} INFO - Filling up the DagBag from /home/airflow/.local/lib/python3.12/site-packages/airflow/example_dags/example_nested_branch_dag.py
[2025-07-24T20:52:58.220+0000] {processor.py:840} INFO - DAG(s) 'example_nested_branch_dag' retrieved from /home/airflow/.local/lib/python3.12/site-packages/airflow/example_dags/example_nested_branch_dag.py
[2025-07-24T20:52:58.232+0000] {logging_mixin.py:188} INFO - [2025-07-24T20:52:58.232+0000] {dag.py:3096} INFO - Sync 1 DAGs
[2025-07-24T20:52:58.244+0000] {logging_mixin.py:188} INFO - [2025-07-24T20:52:58.244+0000] {dag.py:3954} INFO - Setting next_dagrun for example_nested_branch_dag to 2025-07-23 00:00:00+00:00, run_after=2025-07-24 00:00:00+00:00
[2025-07-24T20:52:58.253+0000] {processor.py:183} INFO - Processing /home/airflow/.local/lib/python3.12/site-packages/airflow/example_dags/example_nested_branch_dag.py took 0.044 seconds
[2025-07-24T20:53:28.377+0000] {processor.py:161} INFO - Started process (PID=1215) to work on /home/airflow/.local/lib/python3.12/site-packages/airflow/example_dags/example_nested_branch_dag.py
[2025-07-24T20:53:28.378+0000] {processor.py:830} INFO - Processing file /home/airflow/.local/lib/python3.12/site-packages/airflow/example_dags/example_nested_branch_dag.py for tasks to queue
[2025-07-24T20:53:28.379+0000] {logging_mixin.py:188} INFO - [2025-07-24T20:53:28.379+0000] {dagbag.py:545} INFO - Filling up the DagBag from /home/airflow/.local/lib/python3.12/site-packages/airflow/example_dags/example_nested_branch_dag.py
[2025-07-24T20:53:28.384+0000] {processor.py:840} INFO - DAG(s) 'example_nested_branch_dag' retrieved from /home/airflow/.local/lib/python3.12/site-packages/airflow/example_dags/example_nested_branch_dag.py
[2025-07-24T20:53:28.396+0000] {logging_mixin.py:188} INFO - [2025-07-24T20:53:28.395+0000] {dag.py:3096} INFO - Sync 1 DAGs
[2025-07-24T20:53:28.406+0000] {logging_mixin.py:188} INFO - [2025-07-24T20:53:28.406+0000] {dag.py:3954} INFO - Setting next_dagrun for example_nested_branch_dag to 2025-07-23 00:00:00+00:00, run_after=2025-07-24 00:00:00+00:00
[2025-07-24T20:53:28.415+0000] {processor.py:183} INFO - Processing /home/airflow/.local/lib/python3.12/site-packages/airflow/example_dags/example_nested_branch_dag.py took 0.040 seconds
[2025-07-24T20:53:58.441+0000] {processor.py:161} INFO - Started process (PID=1273) to work on /home/airflow/.local/lib/python3.12/site-packages/airflow/example_dags/example_nested_branch_dag.py
[2025-07-24T20:53:58.441+0000] {processor.py:830} INFO - Processing file /home/airflow/.local/lib/python3.12/site-packages/airflow/example_dags/example_nested_branch_dag.py for tasks to queue
[2025-07-24T20:53:58.442+0000] {logging_mixin.py:188} INFO - [2025-07-24T20:53:58.442+0000] {dagbag.py:545} INFO - Filling up the DagBag from /home/airflow/.local/lib/python3.12/site-packages/airflow/example_dags/example_nested_branch_dag.py
[2025-07-24T20:53:58.448+0000] {processor.py:840} INFO - DAG(s) 'example_nested_branch_dag' retrieved from /home/airflow/.local/lib/python3.12/site-packages/airflow/example_dags/example_nested_branch_dag.py
[2025-07-24T20:53:58.461+0000] {logging_mixin.py:188} INFO - [2025-07-24T20:53:58.460+0000] {dag.py:3096} INFO - Sync 1 DAGs
[2025-07-24T20:53:58.473+0000] {logging_mixin.py:188} INFO - [2025-07-24T20:53:58.473+0000] {dag.py:3954} INFO - Setting next_dagrun for example_nested_branch_dag to 2025-07-23 00:00:00+00:00, run_after=2025-07-24 00:00:00+00:00
[2025-07-24T20:53:58.482+0000] {processor.py:183} INFO - Processing /home/airflow/.local/lib/python3.12/site-packages/airflow/example_dags/example_nested_branch_dag.py took 0.045 seconds
[2025-07-24T20:54:28.615+0000] {processor.py:161} INFO - Started process (PID=1331) to work on /home/airflow/.local/lib/python3.12/site-packages/airflow/example_dags/example_nested_branch_dag.py
[2025-07-24T20:54:28.618+0000] {processor.py:830} INFO - Processing file /home/airflow/.local/lib/python3.12/site-packages/airflow/example_dags/example_nested_branch_dag.py for tasks to queue
[2025-07-24T20:54:28.619+0000] {logging_mixin.py:188} INFO - [2025-07-24T20:54:28.619+0000] {dagbag.py:545} INFO - Filling up the DagBag from /home/airflow/.local/lib/python3.12/site-packages/airflow/example_dags/example_nested_branch_dag.py
[2025-07-24T20:54:28.625+0000] {processor.py:840} INFO - DAG(s) 'example_nested_branch_dag' retrieved from /home/airflow/.local/lib/python3.12/site-packages/airflow/example_dags/example_nested_branch_dag.py
[2025-07-24T20:54:28.638+0000] {logging_mixin.py:188} INFO - [2025-07-24T20:54:28.637+0000] {dag.py:3096} INFO - Sync 1 DAGs
[2025-07-24T20:54:28.650+0000] {logging_mixin.py:188} INFO - [2025-07-24T20:54:28.650+0000] {dag.py:3954} INFO - Setting next_dagrun for example_nested_branch_dag to 2025-07-23 00:00:00+00:00, run_after=2025-07-24 00:00:00+00:00
[2025-07-24T20:54:28.660+0000] {processor.py:183} INFO - Processing /home/airflow/.local/lib/python3.12/site-packages/airflow/example_dags/example_nested_branch_dag.py took 0.049 seconds
[2025-07-24T20:54:59.506+0000] {processor.py:161} INFO - Started process (PID=1389) to work on /home/airflow/.local/lib/python3.12/site-packages/airflow/example_dags/example_nested_branch_dag.py
[2025-07-24T20:54:59.507+0000] {processor.py:830} INFO - Processing file /home/airflow/.local/lib/python3.12/site-packages/airflow/example_dags/example_nested_branch_dag.py for tasks to queue
[2025-07-24T20:54:59.508+0000] {logging_mixin.py:188} INFO - [2025-07-24T20:54:59.508+0000] {dagbag.py:545} INFO - Filling up the DagBag from /home/airflow/.local/lib/python3.12/site-packages/airflow/example_dags/example_nested_branch_dag.py
[2025-07-24T20:54:59.514+0000] {processor.py:840} INFO - DAG(s) 'example_nested_branch_dag' retrieved from /home/airflow/.local/lib/python3.12/site-packages/airflow/example_dags/example_nested_branch_dag.py
[2025-07-24T20:54:59.526+0000] {logging_mixin.py:188} INFO - [2025-07-24T20:54:59.526+0000] {dag.py:3096} INFO - Sync 1 DAGs
[2025-07-24T20:54:59.538+0000] {logging_mixin.py:188} INFO - [2025-07-24T20:54:59.538+0000] {dag.py:3954} INFO - Setting next_dagrun for example_nested_branch_dag to 2025-07-23 00:00:00+00:00, run_after=2025-07-24 00:00:00+00:00
[2025-07-24T20:54:59.547+0000] {processor.py:183} INFO - Processing /home/airflow/.local/lib/python3.12/site-packages/airflow/example_dags/example_nested_branch_dag.py took 0.044 seconds
[2025-07-24T20:55:30.294+0000] {processor.py:161} INFO - Started process (PID=1447) to work on /home/airflow/.local/lib/python3.12/site-packages/airflow/example_dags/example_nested_branch_dag.py
[2025-07-24T20:55:30.294+0000] {processor.py:830} INFO - Processing file /home/airflow/.local/lib/python3.12/site-packages/airflow/example_dags/example_nested_branch_dag.py for tasks to queue
[2025-07-24T20:55:30.295+0000] {logging_mixin.py:188} INFO - [2025-07-24T20:55:30.295+0000] {dagbag.py:545} INFO - Filling up the DagBag from /home/airflow/.local/lib/python3.12/site-packages/airflow/example_dags/example_nested_branch_dag.py
[2025-07-24T20:55:30.300+0000] {processor.py:840} INFO - DAG(s) 'example_nested_branch_dag' retrieved from /home/airflow/.local/lib/python3.12/site-packages/airflow/example_dags/example_nested_branch_dag.py
[2025-07-24T20:55:30.312+0000] {logging_mixin.py:188} INFO - [2025-07-24T20:55:30.312+0000] {dag.py:3096} INFO - Sync 1 DAGs
[2025-07-24T20:55:30.322+0000] {logging_mixin.py:188} INFO - [2025-07-24T20:55:30.322+0000] {dag.py:3954} INFO - Setting next_dagrun for example_nested_branch_dag to 2025-07-23 00:00:00+00:00, run_after=2025-07-24 00:00:00+00:00
[2025-07-24T20:55:30.331+0000] {processor.py:183} INFO - Processing /home/airflow/.local/lib/python3.12/site-packages/airflow/example_dags/example_nested_branch_dag.py took 0.041 seconds
