[2025-07-24T20:31:48.377+0000] {processor.py:161} INFO - Started process (PID=62) to work on /home/airflow/.local/lib/python3.12/site-packages/airflow/example_dags/example_setup_teardown_taskflow.py
[2025-07-24T20:31:48.378+0000] {processor.py:830} INFO - Processing file /home/airflow/.local/lib/python3.12/site-packages/airflow/example_dags/example_setup_teardown_taskflow.py for tasks to queue
[2025-07-24T20:31:48.379+0000] {logging_mixin.py:188} INFO - [2025-07-24T20:31:48.379+0000] {dagbag.py:545} INFO - Filling up the DagBag from /home/airflow/.local/lib/python3.12/site-packages/airflow/example_dags/example_setup_teardown_taskflow.py
[2025-07-24T20:31:48.385+0000] {processor.py:840} INFO - DAG(s) 'example_setup_teardown_taskflow' retrieved from /home/airflow/.local/lib/python3.12/site-packages/airflow/example_dags/example_setup_teardown_taskflow.py
[2025-07-24T20:31:48.394+0000] {logging_mixin.py:188} INFO - [2025-07-24T20:31:48.393+0000] {dag.py:3096} INFO - Sync 1 DAGs
[2025-07-24T20:31:48.412+0000] {logging_mixin.py:188} INFO - [2025-07-24T20:31:48.412+0000] {dag.py:3954} INFO - Setting next_dagrun for example_setup_teardown_taskflow to 2025-07-23 00:00:00+00:00, run_after=2025-07-24 00:00:00+00:00
[2025-07-24T20:31:48.425+0000] {processor.py:183} INFO - Processing /home/airflow/.local/lib/python3.12/site-packages/airflow/example_dags/example_setup_teardown_taskflow.py took 0.051 seconds
[2025-07-24T20:32:19.620+0000] {processor.py:161} INFO - Started process (PID=120) to work on /home/airflow/.local/lib/python3.12/site-packages/airflow/example_dags/example_setup_teardown_taskflow.py
[2025-07-24T20:32:19.621+0000] {processor.py:830} INFO - Processing file /home/airflow/.local/lib/python3.12/site-packages/airflow/example_dags/example_setup_teardown_taskflow.py for tasks to queue
[2025-07-24T20:32:19.622+0000] {logging_mixin.py:188} INFO - [2025-07-24T20:32:19.621+0000] {dagbag.py:545} INFO - Filling up the DagBag from /home/airflow/.local/lib/python3.12/site-packages/airflow/example_dags/example_setup_teardown_taskflow.py
[2025-07-24T20:32:19.626+0000] {processor.py:840} INFO - DAG(s) 'example_setup_teardown_taskflow' retrieved from /home/airflow/.local/lib/python3.12/site-packages/airflow/example_dags/example_setup_teardown_taskflow.py
[2025-07-24T20:32:19.680+0000] {logging_mixin.py:188} INFO - [2025-07-24T20:32:19.680+0000] {dag.py:3096} INFO - Sync 1 DAGs
[2025-07-24T20:32:19.690+0000] {logging_mixin.py:188} INFO - [2025-07-24T20:32:19.690+0000] {dag.py:3954} INFO - Setting next_dagrun for example_setup_teardown_taskflow to 2025-07-23 00:00:00+00:00, run_after=2025-07-24 00:00:00+00:00
[2025-07-24T20:32:19.700+0000] {processor.py:183} INFO - Processing /home/airflow/.local/lib/python3.12/site-packages/airflow/example_dags/example_setup_teardown_taskflow.py took 0.083 seconds
[2025-07-24T20:32:50.469+0000] {processor.py:161} INFO - Started process (PID=178) to work on /home/airflow/.local/lib/python3.12/site-packages/airflow/example_dags/example_setup_teardown_taskflow.py
[2025-07-24T20:32:50.470+0000] {processor.py:830} INFO - Processing file /home/airflow/.local/lib/python3.12/site-packages/airflow/example_dags/example_setup_teardown_taskflow.py for tasks to queue
[2025-07-24T20:32:50.471+0000] {logging_mixin.py:188} INFO - [2025-07-24T20:32:50.471+0000] {dagbag.py:545} INFO - Filling up the DagBag from /home/airflow/.local/lib/python3.12/site-packages/airflow/example_dags/example_setup_teardown_taskflow.py
[2025-07-24T20:32:50.476+0000] {processor.py:840} INFO - DAG(s) 'example_setup_teardown_taskflow' retrieved from /home/airflow/.local/lib/python3.12/site-packages/airflow/example_dags/example_setup_teardown_taskflow.py
[2025-07-24T20:32:50.488+0000] {logging_mixin.py:188} INFO - [2025-07-24T20:32:50.488+0000] {dag.py:3096} INFO - Sync 1 DAGs
[2025-07-24T20:32:50.500+0000] {logging_mixin.py:188} INFO - [2025-07-24T20:32:50.500+0000] {dag.py:3954} INFO - Setting next_dagrun for example_setup_teardown_taskflow to 2025-07-23 00:00:00+00:00, run_after=2025-07-24 00:00:00+00:00
[2025-07-24T20:32:50.510+0000] {processor.py:183} INFO - Processing /home/airflow/.local/lib/python3.12/site-packages/airflow/example_dags/example_setup_teardown_taskflow.py took 0.044 seconds
[2025-07-24T20:33:21.185+0000] {processor.py:161} INFO - Started process (PID=236) to work on /home/airflow/.local/lib/python3.12/site-packages/airflow/example_dags/example_setup_teardown_taskflow.py
[2025-07-24T20:33:21.185+0000] {processor.py:830} INFO - Processing file /home/airflow/.local/lib/python3.12/site-packages/airflow/example_dags/example_setup_teardown_taskflow.py for tasks to queue
[2025-07-24T20:33:21.186+0000] {logging_mixin.py:188} INFO - [2025-07-24T20:33:21.186+0000] {dagbag.py:545} INFO - Filling up the DagBag from /home/airflow/.local/lib/python3.12/site-packages/airflow/example_dags/example_setup_teardown_taskflow.py
[2025-07-24T20:33:21.192+0000] {processor.py:840} INFO - DAG(s) 'example_setup_teardown_taskflow' retrieved from /home/airflow/.local/lib/python3.12/site-packages/airflow/example_dags/example_setup_teardown_taskflow.py
[2025-07-24T20:33:21.205+0000] {logging_mixin.py:188} INFO - [2025-07-24T20:33:21.205+0000] {dag.py:3096} INFO - Sync 1 DAGs
[2025-07-24T20:33:21.217+0000] {logging_mixin.py:188} INFO - [2025-07-24T20:33:21.217+0000] {dag.py:3954} INFO - Setting next_dagrun for example_setup_teardown_taskflow to 2025-07-23 00:00:00+00:00, run_after=2025-07-24 00:00:00+00:00
[2025-07-24T20:33:21.227+0000] {processor.py:183} INFO - Processing /home/airflow/.local/lib/python3.12/site-packages/airflow/example_dags/example_setup_teardown_taskflow.py took 0.046 seconds
[2025-07-24T20:33:51.960+0000] {processor.py:161} INFO - Started process (PID=294) to work on /home/airflow/.local/lib/python3.12/site-packages/airflow/example_dags/example_setup_teardown_taskflow.py
[2025-07-24T20:33:51.961+0000] {processor.py:830} INFO - Processing file /home/airflow/.local/lib/python3.12/site-packages/airflow/example_dags/example_setup_teardown_taskflow.py for tasks to queue
[2025-07-24T20:33:51.962+0000] {logging_mixin.py:188} INFO - [2025-07-24T20:33:51.962+0000] {dagbag.py:545} INFO - Filling up the DagBag from /home/airflow/.local/lib/python3.12/site-packages/airflow/example_dags/example_setup_teardown_taskflow.py
[2025-07-24T20:33:51.968+0000] {processor.py:840} INFO - DAG(s) 'example_setup_teardown_taskflow' retrieved from /home/airflow/.local/lib/python3.12/site-packages/airflow/example_dags/example_setup_teardown_taskflow.py
[2025-07-24T20:33:51.981+0000] {logging_mixin.py:188} INFO - [2025-07-24T20:33:51.981+0000] {dag.py:3096} INFO - Sync 1 DAGs
[2025-07-24T20:33:51.994+0000] {logging_mixin.py:188} INFO - [2025-07-24T20:33:51.994+0000] {dag.py:3954} INFO - Setting next_dagrun for example_setup_teardown_taskflow to 2025-07-23 00:00:00+00:00, run_after=2025-07-24 00:00:00+00:00
[2025-07-24T20:33:52.006+0000] {processor.py:183} INFO - Processing /home/airflow/.local/lib/python3.12/site-packages/airflow/example_dags/example_setup_teardown_taskflow.py took 0.049 seconds
[2025-07-24T20:34:22.681+0000] {processor.py:161} INFO - Started process (PID=352) to work on /home/airflow/.local/lib/python3.12/site-packages/airflow/example_dags/example_setup_teardown_taskflow.py
[2025-07-24T20:34:22.681+0000] {processor.py:830} INFO - Processing file /home/airflow/.local/lib/python3.12/site-packages/airflow/example_dags/example_setup_teardown_taskflow.py for tasks to queue
[2025-07-24T20:34:22.683+0000] {logging_mixin.py:188} INFO - [2025-07-24T20:34:22.683+0000] {dagbag.py:545} INFO - Filling up the DagBag from /home/airflow/.local/lib/python3.12/site-packages/airflow/example_dags/example_setup_teardown_taskflow.py
[2025-07-24T20:34:22.688+0000] {processor.py:840} INFO - DAG(s) 'example_setup_teardown_taskflow' retrieved from /home/airflow/.local/lib/python3.12/site-packages/airflow/example_dags/example_setup_teardown_taskflow.py
[2025-07-24T20:34:22.702+0000] {logging_mixin.py:188} INFO - [2025-07-24T20:34:22.702+0000] {dag.py:3096} INFO - Sync 1 DAGs
[2025-07-24T20:34:22.714+0000] {logging_mixin.py:188} INFO - [2025-07-24T20:34:22.714+0000] {dag.py:3954} INFO - Setting next_dagrun for example_setup_teardown_taskflow to 2025-07-23 00:00:00+00:00, run_after=2025-07-24 00:00:00+00:00
[2025-07-24T20:34:22.724+0000] {processor.py:183} INFO - Processing /home/airflow/.local/lib/python3.12/site-packages/airflow/example_dags/example_setup_teardown_taskflow.py took 0.047 seconds
[2025-07-24T20:34:53.507+0000] {processor.py:161} INFO - Started process (PID=410) to work on /home/airflow/.local/lib/python3.12/site-packages/airflow/example_dags/example_setup_teardown_taskflow.py
[2025-07-24T20:34:53.507+0000] {processor.py:830} INFO - Processing file /home/airflow/.local/lib/python3.12/site-packages/airflow/example_dags/example_setup_teardown_taskflow.py for tasks to queue
[2025-07-24T20:34:53.508+0000] {logging_mixin.py:188} INFO - [2025-07-24T20:34:53.508+0000] {dagbag.py:545} INFO - Filling up the DagBag from /home/airflow/.local/lib/python3.12/site-packages/airflow/example_dags/example_setup_teardown_taskflow.py
[2025-07-24T20:34:53.514+0000] {processor.py:840} INFO - DAG(s) 'example_setup_teardown_taskflow' retrieved from /home/airflow/.local/lib/python3.12/site-packages/airflow/example_dags/example_setup_teardown_taskflow.py
[2025-07-24T20:34:53.527+0000] {logging_mixin.py:188} INFO - [2025-07-24T20:34:53.526+0000] {dag.py:3096} INFO - Sync 1 DAGs
[2025-07-24T20:34:53.539+0000] {logging_mixin.py:188} INFO - [2025-07-24T20:34:53.539+0000] {dag.py:3954} INFO - Setting next_dagrun for example_setup_teardown_taskflow to 2025-07-23 00:00:00+00:00, run_after=2025-07-24 00:00:00+00:00
[2025-07-24T20:34:53.549+0000] {processor.py:183} INFO - Processing /home/airflow/.local/lib/python3.12/site-packages/airflow/example_dags/example_setup_teardown_taskflow.py took 0.046 seconds
[2025-07-24T20:35:24.262+0000] {processor.py:161} INFO - Started process (PID=468) to work on /home/airflow/.local/lib/python3.12/site-packages/airflow/example_dags/example_setup_teardown_taskflow.py
[2025-07-24T20:35:24.262+0000] {processor.py:830} INFO - Processing file /home/airflow/.local/lib/python3.12/site-packages/airflow/example_dags/example_setup_teardown_taskflow.py for tasks to queue
[2025-07-24T20:35:24.263+0000] {logging_mixin.py:188} INFO - [2025-07-24T20:35:24.263+0000] {dagbag.py:545} INFO - Filling up the DagBag from /home/airflow/.local/lib/python3.12/site-packages/airflow/example_dags/example_setup_teardown_taskflow.py
[2025-07-24T20:35:24.268+0000] {processor.py:840} INFO - DAG(s) 'example_setup_teardown_taskflow' retrieved from /home/airflow/.local/lib/python3.12/site-packages/airflow/example_dags/example_setup_teardown_taskflow.py
[2025-07-24T20:35:24.280+0000] {logging_mixin.py:188} INFO - [2025-07-24T20:35:24.280+0000] {dag.py:3096} INFO - Sync 1 DAGs
[2025-07-24T20:35:24.292+0000] {logging_mixin.py:188} INFO - [2025-07-24T20:35:24.292+0000] {dag.py:3954} INFO - Setting next_dagrun for example_setup_teardown_taskflow to 2025-07-23 00:00:00+00:00, run_after=2025-07-24 00:00:00+00:00
[2025-07-24T20:35:24.302+0000] {processor.py:183} INFO - Processing /home/airflow/.local/lib/python3.12/site-packages/airflow/example_dags/example_setup_teardown_taskflow.py took 0.044 seconds
[2025-07-24T20:36:44.180+0000] {processor.py:161} INFO - Started process (PID=55) to work on /home/airflow/.local/lib/python3.12/site-packages/airflow/example_dags/example_setup_teardown_taskflow.py
[2025-07-24T20:36:44.180+0000] {processor.py:830} INFO - Processing file /home/airflow/.local/lib/python3.12/site-packages/airflow/example_dags/example_setup_teardown_taskflow.py for tasks to queue
[2025-07-24T20:36:44.181+0000] {logging_mixin.py:188} INFO - [2025-07-24T20:36:44.181+0000] {dagbag.py:545} INFO - Filling up the DagBag from /home/airflow/.local/lib/python3.12/site-packages/airflow/example_dags/example_setup_teardown_taskflow.py
[2025-07-24T20:36:44.186+0000] {processor.py:840} INFO - DAG(s) 'example_setup_teardown_taskflow' retrieved from /home/airflow/.local/lib/python3.12/site-packages/airflow/example_dags/example_setup_teardown_taskflow.py
[2025-07-24T20:36:44.192+0000] {logging_mixin.py:188} INFO - [2025-07-24T20:36:44.192+0000] {dag.py:3096} INFO - Sync 1 DAGs
[2025-07-24T20:36:44.205+0000] {logging_mixin.py:188} INFO - [2025-07-24T20:36:44.205+0000] {dag.py:3954} INFO - Setting next_dagrun for example_setup_teardown_taskflow to 2025-07-23 00:00:00+00:00, run_after=2025-07-24 00:00:00+00:00
[2025-07-24T20:36:44.214+0000] {processor.py:183} INFO - Processing /home/airflow/.local/lib/python3.12/site-packages/airflow/example_dags/example_setup_teardown_taskflow.py took 0.038 seconds
[2025-07-24T20:37:14.827+0000] {processor.py:161} INFO - Started process (PID=113) to work on /home/airflow/.local/lib/python3.12/site-packages/airflow/example_dags/example_setup_teardown_taskflow.py
[2025-07-24T20:37:14.828+0000] {processor.py:830} INFO - Processing file /home/airflow/.local/lib/python3.12/site-packages/airflow/example_dags/example_setup_teardown_taskflow.py for tasks to queue
[2025-07-24T20:37:14.829+0000] {logging_mixin.py:188} INFO - [2025-07-24T20:37:14.829+0000] {dagbag.py:545} INFO - Filling up the DagBag from /home/airflow/.local/lib/python3.12/site-packages/airflow/example_dags/example_setup_teardown_taskflow.py
[2025-07-24T20:37:14.833+0000] {processor.py:840} INFO - DAG(s) 'example_setup_teardown_taskflow' retrieved from /home/airflow/.local/lib/python3.12/site-packages/airflow/example_dags/example_setup_teardown_taskflow.py
[2025-07-24T20:37:14.840+0000] {logging_mixin.py:188} INFO - [2025-07-24T20:37:14.840+0000] {dag.py:3096} INFO - Sync 1 DAGs
[2025-07-24T20:37:14.854+0000] {logging_mixin.py:188} INFO - [2025-07-24T20:37:14.854+0000] {dag.py:3954} INFO - Setting next_dagrun for example_setup_teardown_taskflow to 2025-07-23 00:00:00+00:00, run_after=2025-07-24 00:00:00+00:00
[2025-07-24T20:37:14.865+0000] {processor.py:183} INFO - Processing /home/airflow/.local/lib/python3.12/site-packages/airflow/example_dags/example_setup_teardown_taskflow.py took 0.041 seconds
[2025-07-24T20:37:45.784+0000] {processor.py:161} INFO - Started process (PID=171) to work on /home/airflow/.local/lib/python3.12/site-packages/airflow/example_dags/example_setup_teardown_taskflow.py
[2025-07-24T20:37:45.785+0000] {processor.py:830} INFO - Processing file /home/airflow/.local/lib/python3.12/site-packages/airflow/example_dags/example_setup_teardown_taskflow.py for tasks to queue
[2025-07-24T20:37:45.786+0000] {logging_mixin.py:188} INFO - [2025-07-24T20:37:45.786+0000] {dagbag.py:545} INFO - Filling up the DagBag from /home/airflow/.local/lib/python3.12/site-packages/airflow/example_dags/example_setup_teardown_taskflow.py
[2025-07-24T20:37:45.791+0000] {processor.py:840} INFO - DAG(s) 'example_setup_teardown_taskflow' retrieved from /home/airflow/.local/lib/python3.12/site-packages/airflow/example_dags/example_setup_teardown_taskflow.py
[2025-07-24T20:37:45.846+0000] {logging_mixin.py:188} INFO - [2025-07-24T20:37:45.846+0000] {dag.py:3096} INFO - Sync 1 DAGs
[2025-07-24T20:37:45.856+0000] {logging_mixin.py:188} INFO - [2025-07-24T20:37:45.856+0000] {dag.py:3954} INFO - Setting next_dagrun for example_setup_teardown_taskflow to 2025-07-23 00:00:00+00:00, run_after=2025-07-24 00:00:00+00:00
[2025-07-24T20:37:45.865+0000] {processor.py:183} INFO - Processing /home/airflow/.local/lib/python3.12/site-packages/airflow/example_dags/example_setup_teardown_taskflow.py took 0.084 seconds
[2025-07-24T20:38:16.247+0000] {processor.py:161} INFO - Started process (PID=229) to work on /home/airflow/.local/lib/python3.12/site-packages/airflow/example_dags/example_setup_teardown_taskflow.py
[2025-07-24T20:38:16.248+0000] {processor.py:830} INFO - Processing file /home/airflow/.local/lib/python3.12/site-packages/airflow/example_dags/example_setup_teardown_taskflow.py for tasks to queue
[2025-07-24T20:38:16.249+0000] {logging_mixin.py:188} INFO - [2025-07-24T20:38:16.248+0000] {dagbag.py:545} INFO - Filling up the DagBag from /home/airflow/.local/lib/python3.12/site-packages/airflow/example_dags/example_setup_teardown_taskflow.py
[2025-07-24T20:38:16.255+0000] {processor.py:840} INFO - DAG(s) 'example_setup_teardown_taskflow' retrieved from /home/airflow/.local/lib/python3.12/site-packages/airflow/example_dags/example_setup_teardown_taskflow.py
[2025-07-24T20:38:16.268+0000] {logging_mixin.py:188} INFO - [2025-07-24T20:38:16.268+0000] {dag.py:3096} INFO - Sync 1 DAGs
[2025-07-24T20:38:16.281+0000] {logging_mixin.py:188} INFO - [2025-07-24T20:38:16.281+0000] {dag.py:3954} INFO - Setting next_dagrun for example_setup_teardown_taskflow to 2025-07-23 00:00:00+00:00, run_after=2025-07-24 00:00:00+00:00
[2025-07-24T20:38:16.291+0000] {processor.py:183} INFO - Processing /home/airflow/.local/lib/python3.12/site-packages/airflow/example_dags/example_setup_teardown_taskflow.py took 0.047 seconds
[2025-07-24T20:38:46.988+0000] {processor.py:161} INFO - Started process (PID=287) to work on /home/airflow/.local/lib/python3.12/site-packages/airflow/example_dags/example_setup_teardown_taskflow.py
[2025-07-24T20:38:46.989+0000] {processor.py:830} INFO - Processing file /home/airflow/.local/lib/python3.12/site-packages/airflow/example_dags/example_setup_teardown_taskflow.py for tasks to queue
[2025-07-24T20:38:46.990+0000] {logging_mixin.py:188} INFO - [2025-07-24T20:38:46.990+0000] {dagbag.py:545} INFO - Filling up the DagBag from /home/airflow/.local/lib/python3.12/site-packages/airflow/example_dags/example_setup_teardown_taskflow.py
[2025-07-24T20:38:46.995+0000] {processor.py:840} INFO - DAG(s) 'example_setup_teardown_taskflow' retrieved from /home/airflow/.local/lib/python3.12/site-packages/airflow/example_dags/example_setup_teardown_taskflow.py
[2025-07-24T20:38:47.006+0000] {logging_mixin.py:188} INFO - [2025-07-24T20:38:47.006+0000] {dag.py:3096} INFO - Sync 1 DAGs
[2025-07-24T20:38:47.018+0000] {logging_mixin.py:188} INFO - [2025-07-24T20:38:47.018+0000] {dag.py:3954} INFO - Setting next_dagrun for example_setup_teardown_taskflow to 2025-07-23 00:00:00+00:00, run_after=2025-07-24 00:00:00+00:00
[2025-07-24T20:38:47.027+0000] {processor.py:183} INFO - Processing /home/airflow/.local/lib/python3.12/site-packages/airflow/example_dags/example_setup_teardown_taskflow.py took 0.043 seconds
[2025-07-24T20:39:17.750+0000] {processor.py:161} INFO - Started process (PID=351) to work on /home/airflow/.local/lib/python3.12/site-packages/airflow/example_dags/example_setup_teardown_taskflow.py
[2025-07-24T20:39:17.751+0000] {processor.py:830} INFO - Processing file /home/airflow/.local/lib/python3.12/site-packages/airflow/example_dags/example_setup_teardown_taskflow.py for tasks to queue
[2025-07-24T20:39:17.752+0000] {logging_mixin.py:188} INFO - [2025-07-24T20:39:17.752+0000] {dagbag.py:545} INFO - Filling up the DagBag from /home/airflow/.local/lib/python3.12/site-packages/airflow/example_dags/example_setup_teardown_taskflow.py
[2025-07-24T20:39:17.758+0000] {processor.py:840} INFO - DAG(s) 'example_setup_teardown_taskflow' retrieved from /home/airflow/.local/lib/python3.12/site-packages/airflow/example_dags/example_setup_teardown_taskflow.py
[2025-07-24T20:39:17.771+0000] {logging_mixin.py:188} INFO - [2025-07-24T20:39:17.771+0000] {dag.py:3096} INFO - Sync 1 DAGs
[2025-07-24T20:39:17.784+0000] {logging_mixin.py:188} INFO - [2025-07-24T20:39:17.784+0000] {dag.py:3954} INFO - Setting next_dagrun for example_setup_teardown_taskflow to 2025-07-23 00:00:00+00:00, run_after=2025-07-24 00:00:00+00:00
[2025-07-24T20:39:17.794+0000] {processor.py:183} INFO - Processing /home/airflow/.local/lib/python3.12/site-packages/airflow/example_dags/example_setup_teardown_taskflow.py took 0.047 seconds
[2025-07-24T20:39:48.511+0000] {processor.py:161} INFO - Started process (PID=409) to work on /home/airflow/.local/lib/python3.12/site-packages/airflow/example_dags/example_setup_teardown_taskflow.py
[2025-07-24T20:39:48.511+0000] {processor.py:830} INFO - Processing file /home/airflow/.local/lib/python3.12/site-packages/airflow/example_dags/example_setup_teardown_taskflow.py for tasks to queue
[2025-07-24T20:39:48.512+0000] {logging_mixin.py:188} INFO - [2025-07-24T20:39:48.512+0000] {dagbag.py:545} INFO - Filling up the DagBag from /home/airflow/.local/lib/python3.12/site-packages/airflow/example_dags/example_setup_teardown_taskflow.py
[2025-07-24T20:39:48.518+0000] {processor.py:840} INFO - DAG(s) 'example_setup_teardown_taskflow' retrieved from /home/airflow/.local/lib/python3.12/site-packages/airflow/example_dags/example_setup_teardown_taskflow.py
[2025-07-24T20:39:48.530+0000] {logging_mixin.py:188} INFO - [2025-07-24T20:39:48.530+0000] {dag.py:3096} INFO - Sync 1 DAGs
[2025-07-24T20:39:48.542+0000] {logging_mixin.py:188} INFO - [2025-07-24T20:39:48.542+0000] {dag.py:3954} INFO - Setting next_dagrun for example_setup_teardown_taskflow to 2025-07-23 00:00:00+00:00, run_after=2025-07-24 00:00:00+00:00
[2025-07-24T20:39:48.552+0000] {processor.py:183} INFO - Processing /home/airflow/.local/lib/python3.12/site-packages/airflow/example_dags/example_setup_teardown_taskflow.py took 0.045 seconds
[2025-07-24T20:40:19.163+0000] {processor.py:161} INFO - Started process (PID=467) to work on /home/airflow/.local/lib/python3.12/site-packages/airflow/example_dags/example_setup_teardown_taskflow.py
[2025-07-24T20:40:19.163+0000] {processor.py:830} INFO - Processing file /home/airflow/.local/lib/python3.12/site-packages/airflow/example_dags/example_setup_teardown_taskflow.py for tasks to queue
[2025-07-24T20:40:19.164+0000] {logging_mixin.py:188} INFO - [2025-07-24T20:40:19.164+0000] {dagbag.py:545} INFO - Filling up the DagBag from /home/airflow/.local/lib/python3.12/site-packages/airflow/example_dags/example_setup_teardown_taskflow.py
[2025-07-24T20:40:19.170+0000] {processor.py:840} INFO - DAG(s) 'example_setup_teardown_taskflow' retrieved from /home/airflow/.local/lib/python3.12/site-packages/airflow/example_dags/example_setup_teardown_taskflow.py
[2025-07-24T20:40:19.182+0000] {logging_mixin.py:188} INFO - [2025-07-24T20:40:19.182+0000] {dag.py:3096} INFO - Sync 1 DAGs
[2025-07-24T20:40:19.194+0000] {logging_mixin.py:188} INFO - [2025-07-24T20:40:19.194+0000] {dag.py:3954} INFO - Setting next_dagrun for example_setup_teardown_taskflow to 2025-07-23 00:00:00+00:00, run_after=2025-07-24 00:00:00+00:00
[2025-07-24T20:40:19.204+0000] {processor.py:183} INFO - Processing /home/airflow/.local/lib/python3.12/site-packages/airflow/example_dags/example_setup_teardown_taskflow.py took 0.044 seconds
[2025-07-24T20:40:50.131+0000] {processor.py:161} INFO - Started process (PID=525) to work on /home/airflow/.local/lib/python3.12/site-packages/airflow/example_dags/example_setup_teardown_taskflow.py
[2025-07-24T20:40:50.132+0000] {processor.py:830} INFO - Processing file /home/airflow/.local/lib/python3.12/site-packages/airflow/example_dags/example_setup_teardown_taskflow.py for tasks to queue
[2025-07-24T20:40:50.132+0000] {logging_mixin.py:188} INFO - [2025-07-24T20:40:50.132+0000] {dagbag.py:545} INFO - Filling up the DagBag from /home/airflow/.local/lib/python3.12/site-packages/airflow/example_dags/example_setup_teardown_taskflow.py
[2025-07-24T20:40:50.137+0000] {processor.py:840} INFO - DAG(s) 'example_setup_teardown_taskflow' retrieved from /home/airflow/.local/lib/python3.12/site-packages/airflow/example_dags/example_setup_teardown_taskflow.py
[2025-07-24T20:40:50.149+0000] {logging_mixin.py:188} INFO - [2025-07-24T20:40:50.149+0000] {dag.py:3096} INFO - Sync 1 DAGs
[2025-07-24T20:40:50.160+0000] {logging_mixin.py:188} INFO - [2025-07-24T20:40:50.160+0000] {dag.py:3954} INFO - Setting next_dagrun for example_setup_teardown_taskflow to 2025-07-23 00:00:00+00:00, run_after=2025-07-24 00:00:00+00:00
[2025-07-24T20:40:50.169+0000] {processor.py:183} INFO - Processing /home/airflow/.local/lib/python3.12/site-packages/airflow/example_dags/example_setup_teardown_taskflow.py took 0.041 seconds
[2025-07-24T20:41:21.148+0000] {processor.py:161} INFO - Started process (PID=583) to work on /home/airflow/.local/lib/python3.12/site-packages/airflow/example_dags/example_setup_teardown_taskflow.py
[2025-07-24T20:41:21.149+0000] {processor.py:830} INFO - Processing file /home/airflow/.local/lib/python3.12/site-packages/airflow/example_dags/example_setup_teardown_taskflow.py for tasks to queue
[2025-07-24T20:41:21.150+0000] {logging_mixin.py:188} INFO - [2025-07-24T20:41:21.150+0000] {dagbag.py:545} INFO - Filling up the DagBag from /home/airflow/.local/lib/python3.12/site-packages/airflow/example_dags/example_setup_teardown_taskflow.py
[2025-07-24T20:41:21.155+0000] {processor.py:840} INFO - DAG(s) 'example_setup_teardown_taskflow' retrieved from /home/airflow/.local/lib/python3.12/site-packages/airflow/example_dags/example_setup_teardown_taskflow.py
[2025-07-24T20:41:21.168+0000] {logging_mixin.py:188} INFO - [2025-07-24T20:41:21.168+0000] {dag.py:3096} INFO - Sync 1 DAGs
[2025-07-24T20:41:21.181+0000] {logging_mixin.py:188} INFO - [2025-07-24T20:41:21.181+0000] {dag.py:3954} INFO - Setting next_dagrun for example_setup_teardown_taskflow to 2025-07-23 00:00:00+00:00, run_after=2025-07-24 00:00:00+00:00
[2025-07-24T20:41:21.190+0000] {processor.py:183} INFO - Processing /home/airflow/.local/lib/python3.12/site-packages/airflow/example_dags/example_setup_teardown_taskflow.py took 0.046 seconds
[2025-07-24T20:41:51.891+0000] {processor.py:161} INFO - Started process (PID=641) to work on /home/airflow/.local/lib/python3.12/site-packages/airflow/example_dags/example_setup_teardown_taskflow.py
[2025-07-24T20:41:51.891+0000] {processor.py:830} INFO - Processing file /home/airflow/.local/lib/python3.12/site-packages/airflow/example_dags/example_setup_teardown_taskflow.py for tasks to queue
[2025-07-24T20:41:51.892+0000] {logging_mixin.py:188} INFO - [2025-07-24T20:41:51.892+0000] {dagbag.py:545} INFO - Filling up the DagBag from /home/airflow/.local/lib/python3.12/site-packages/airflow/example_dags/example_setup_teardown_taskflow.py
[2025-07-24T20:41:51.897+0000] {processor.py:840} INFO - DAG(s) 'example_setup_teardown_taskflow' retrieved from /home/airflow/.local/lib/python3.12/site-packages/airflow/example_dags/example_setup_teardown_taskflow.py
[2025-07-24T20:41:51.908+0000] {logging_mixin.py:188} INFO - [2025-07-24T20:41:51.908+0000] {dag.py:3096} INFO - Sync 1 DAGs
[2025-07-24T20:41:51.919+0000] {logging_mixin.py:188} INFO - [2025-07-24T20:41:51.919+0000] {dag.py:3954} INFO - Setting next_dagrun for example_setup_teardown_taskflow to 2025-07-23 00:00:00+00:00, run_after=2025-07-24 00:00:00+00:00
[2025-07-24T20:41:51.928+0000] {processor.py:183} INFO - Processing /home/airflow/.local/lib/python3.12/site-packages/airflow/example_dags/example_setup_teardown_taskflow.py took 0.041 seconds
[2025-07-24T20:42:22.841+0000] {processor.py:161} INFO - Started process (PID=699) to work on /home/airflow/.local/lib/python3.12/site-packages/airflow/example_dags/example_setup_teardown_taskflow.py
[2025-07-24T20:42:22.841+0000] {processor.py:830} INFO - Processing file /home/airflow/.local/lib/python3.12/site-packages/airflow/example_dags/example_setup_teardown_taskflow.py for tasks to queue
[2025-07-24T20:42:22.842+0000] {logging_mixin.py:188} INFO - [2025-07-24T20:42:22.842+0000] {dagbag.py:545} INFO - Filling up the DagBag from /home/airflow/.local/lib/python3.12/site-packages/airflow/example_dags/example_setup_teardown_taskflow.py
[2025-07-24T20:42:22.848+0000] {processor.py:840} INFO - DAG(s) 'example_setup_teardown_taskflow' retrieved from /home/airflow/.local/lib/python3.12/site-packages/airflow/example_dags/example_setup_teardown_taskflow.py
[2025-07-24T20:42:22.859+0000] {logging_mixin.py:188} INFO - [2025-07-24T20:42:22.859+0000] {dag.py:3096} INFO - Sync 1 DAGs
[2025-07-24T20:42:22.872+0000] {logging_mixin.py:188} INFO - [2025-07-24T20:42:22.872+0000] {dag.py:3954} INFO - Setting next_dagrun for example_setup_teardown_taskflow to 2025-07-23 00:00:00+00:00, run_after=2025-07-24 00:00:00+00:00
[2025-07-24T20:42:22.881+0000] {processor.py:183} INFO - Processing /home/airflow/.local/lib/python3.12/site-packages/airflow/example_dags/example_setup_teardown_taskflow.py took 0.043 seconds
[2025-07-24T20:43:16.736+0000] {processor.py:161} INFO - Started process (PID=55) to work on /home/airflow/.local/lib/python3.12/site-packages/airflow/example_dags/example_setup_teardown_taskflow.py
[2025-07-24T20:43:16.737+0000] {processor.py:830} INFO - Processing file /home/airflow/.local/lib/python3.12/site-packages/airflow/example_dags/example_setup_teardown_taskflow.py for tasks to queue
[2025-07-24T20:43:16.738+0000] {logging_mixin.py:188} INFO - [2025-07-24T20:43:16.738+0000] {dagbag.py:545} INFO - Filling up the DagBag from /home/airflow/.local/lib/python3.12/site-packages/airflow/example_dags/example_setup_teardown_taskflow.py
[2025-07-24T20:43:16.743+0000] {processor.py:840} INFO - DAG(s) 'example_setup_teardown_taskflow' retrieved from /home/airflow/.local/lib/python3.12/site-packages/airflow/example_dags/example_setup_teardown_taskflow.py
[2025-07-24T20:43:16.750+0000] {logging_mixin.py:188} INFO - [2025-07-24T20:43:16.750+0000] {dag.py:3096} INFO - Sync 1 DAGs
[2025-07-24T20:43:16.763+0000] {logging_mixin.py:188} INFO - [2025-07-24T20:43:16.763+0000] {dag.py:3954} INFO - Setting next_dagrun for example_setup_teardown_taskflow to 2025-07-23 00:00:00+00:00, run_after=2025-07-24 00:00:00+00:00
[2025-07-24T20:43:16.772+0000] {processor.py:183} INFO - Processing /home/airflow/.local/lib/python3.12/site-packages/airflow/example_dags/example_setup_teardown_taskflow.py took 0.038 seconds
[2025-07-24T20:43:47.735+0000] {processor.py:161} INFO - Started process (PID=113) to work on /home/airflow/.local/lib/python3.12/site-packages/airflow/example_dags/example_setup_teardown_taskflow.py
[2025-07-24T20:43:47.735+0000] {processor.py:830} INFO - Processing file /home/airflow/.local/lib/python3.12/site-packages/airflow/example_dags/example_setup_teardown_taskflow.py for tasks to queue
[2025-07-24T20:43:47.736+0000] {logging_mixin.py:188} INFO - [2025-07-24T20:43:47.736+0000] {dagbag.py:545} INFO - Filling up the DagBag from /home/airflow/.local/lib/python3.12/site-packages/airflow/example_dags/example_setup_teardown_taskflow.py
[2025-07-24T20:43:47.742+0000] {processor.py:840} INFO - DAG(s) 'example_setup_teardown_taskflow' retrieved from /home/airflow/.local/lib/python3.12/site-packages/airflow/example_dags/example_setup_teardown_taskflow.py
[2025-07-24T20:43:47.797+0000] {logging_mixin.py:188} INFO - [2025-07-24T20:43:47.797+0000] {dag.py:3096} INFO - Sync 1 DAGs
[2025-07-24T20:43:47.807+0000] {logging_mixin.py:188} INFO - [2025-07-24T20:43:47.807+0000] {dag.py:3954} INFO - Setting next_dagrun for example_setup_teardown_taskflow to 2025-07-23 00:00:00+00:00, run_after=2025-07-24 00:00:00+00:00
[2025-07-24T20:43:47.815+0000] {processor.py:183} INFO - Processing /home/airflow/.local/lib/python3.12/site-packages/airflow/example_dags/example_setup_teardown_taskflow.py took 0.084 seconds
[2025-07-24T20:44:18.554+0000] {processor.py:161} INFO - Started process (PID=171) to work on /home/airflow/.local/lib/python3.12/site-packages/airflow/example_dags/example_setup_teardown_taskflow.py
[2025-07-24T20:44:18.554+0000] {processor.py:830} INFO - Processing file /home/airflow/.local/lib/python3.12/site-packages/airflow/example_dags/example_setup_teardown_taskflow.py for tasks to queue
[2025-07-24T20:44:18.555+0000] {logging_mixin.py:188} INFO - [2025-07-24T20:44:18.555+0000] {dagbag.py:545} INFO - Filling up the DagBag from /home/airflow/.local/lib/python3.12/site-packages/airflow/example_dags/example_setup_teardown_taskflow.py
[2025-07-24T20:44:18.560+0000] {processor.py:840} INFO - DAG(s) 'example_setup_teardown_taskflow' retrieved from /home/airflow/.local/lib/python3.12/site-packages/airflow/example_dags/example_setup_teardown_taskflow.py
[2025-07-24T20:44:18.572+0000] {logging_mixin.py:188} INFO - [2025-07-24T20:44:18.571+0000] {dag.py:3096} INFO - Sync 1 DAGs
[2025-07-24T20:44:18.582+0000] {logging_mixin.py:188} INFO - [2025-07-24T20:44:18.582+0000] {dag.py:3954} INFO - Setting next_dagrun for example_setup_teardown_taskflow to 2025-07-23 00:00:00+00:00, run_after=2025-07-24 00:00:00+00:00
[2025-07-24T20:44:18.590+0000] {processor.py:183} INFO - Processing /home/airflow/.local/lib/python3.12/site-packages/airflow/example_dags/example_setup_teardown_taskflow.py took 0.040 seconds
[2025-07-24T20:44:48.668+0000] {processor.py:161} INFO - Started process (PID=229) to work on /home/airflow/.local/lib/python3.12/site-packages/airflow/example_dags/example_setup_teardown_taskflow.py
[2025-07-24T20:44:48.668+0000] {processor.py:830} INFO - Processing file /home/airflow/.local/lib/python3.12/site-packages/airflow/example_dags/example_setup_teardown_taskflow.py for tasks to queue
[2025-07-24T20:44:48.669+0000] {logging_mixin.py:188} INFO - [2025-07-24T20:44:48.669+0000] {dagbag.py:545} INFO - Filling up the DagBag from /home/airflow/.local/lib/python3.12/site-packages/airflow/example_dags/example_setup_teardown_taskflow.py
[2025-07-24T20:44:48.674+0000] {processor.py:840} INFO - DAG(s) 'example_setup_teardown_taskflow' retrieved from /home/airflow/.local/lib/python3.12/site-packages/airflow/example_dags/example_setup_teardown_taskflow.py
[2025-07-24T20:44:48.686+0000] {logging_mixin.py:188} INFO - [2025-07-24T20:44:48.686+0000] {dag.py:3096} INFO - Sync 1 DAGs
[2025-07-24T20:44:48.698+0000] {logging_mixin.py:188} INFO - [2025-07-24T20:44:48.698+0000] {dag.py:3954} INFO - Setting next_dagrun for example_setup_teardown_taskflow to 2025-07-23 00:00:00+00:00, run_after=2025-07-24 00:00:00+00:00
[2025-07-24T20:44:48.708+0000] {processor.py:183} INFO - Processing /home/airflow/.local/lib/python3.12/site-packages/airflow/example_dags/example_setup_teardown_taskflow.py took 0.043 seconds
[2025-07-24T20:45:18.769+0000] {processor.py:161} INFO - Started process (PID=287) to work on /home/airflow/.local/lib/python3.12/site-packages/airflow/example_dags/example_setup_teardown_taskflow.py
[2025-07-24T20:45:18.769+0000] {processor.py:830} INFO - Processing file /home/airflow/.local/lib/python3.12/site-packages/airflow/example_dags/example_setup_teardown_taskflow.py for tasks to queue
[2025-07-24T20:45:18.770+0000] {logging_mixin.py:188} INFO - [2025-07-24T20:45:18.770+0000] {dagbag.py:545} INFO - Filling up the DagBag from /home/airflow/.local/lib/python3.12/site-packages/airflow/example_dags/example_setup_teardown_taskflow.py
[2025-07-24T20:45:18.774+0000] {processor.py:840} INFO - DAG(s) 'example_setup_teardown_taskflow' retrieved from /home/airflow/.local/lib/python3.12/site-packages/airflow/example_dags/example_setup_teardown_taskflow.py
[2025-07-24T20:45:18.786+0000] {logging_mixin.py:188} INFO - [2025-07-24T20:45:18.786+0000] {dag.py:3096} INFO - Sync 1 DAGs
[2025-07-24T20:45:18.796+0000] {logging_mixin.py:188} INFO - [2025-07-24T20:45:18.796+0000] {dag.py:3954} INFO - Setting next_dagrun for example_setup_teardown_taskflow to 2025-07-23 00:00:00+00:00, run_after=2025-07-24 00:00:00+00:00
[2025-07-24T20:45:18.805+0000] {processor.py:183} INFO - Processing /home/airflow/.local/lib/python3.12/site-packages/airflow/example_dags/example_setup_teardown_taskflow.py took 0.039 seconds
[2025-07-24T20:45:49.337+0000] {processor.py:161} INFO - Started process (PID=345) to work on /home/airflow/.local/lib/python3.12/site-packages/airflow/example_dags/example_setup_teardown_taskflow.py
[2025-07-24T20:45:49.337+0000] {processor.py:830} INFO - Processing file /home/airflow/.local/lib/python3.12/site-packages/airflow/example_dags/example_setup_teardown_taskflow.py for tasks to queue
[2025-07-24T20:45:49.338+0000] {logging_mixin.py:188} INFO - [2025-07-24T20:45:49.338+0000] {dagbag.py:545} INFO - Filling up the DagBag from /home/airflow/.local/lib/python3.12/site-packages/airflow/example_dags/example_setup_teardown_taskflow.py
[2025-07-24T20:45:49.343+0000] {processor.py:840} INFO - DAG(s) 'example_setup_teardown_taskflow' retrieved from /home/airflow/.local/lib/python3.12/site-packages/airflow/example_dags/example_setup_teardown_taskflow.py
[2025-07-24T20:45:49.357+0000] {logging_mixin.py:188} INFO - [2025-07-24T20:45:49.357+0000] {dag.py:3096} INFO - Sync 1 DAGs
[2025-07-24T20:45:49.368+0000] {logging_mixin.py:188} INFO - [2025-07-24T20:45:49.368+0000] {dag.py:3954} INFO - Setting next_dagrun for example_setup_teardown_taskflow to 2025-07-23 00:00:00+00:00, run_after=2025-07-24 00:00:00+00:00
[2025-07-24T20:45:49.378+0000] {processor.py:183} INFO - Processing /home/airflow/.local/lib/python3.12/site-packages/airflow/example_dags/example_setup_teardown_taskflow.py took 0.046 seconds
[2025-07-24T20:46:19.997+0000] {processor.py:161} INFO - Started process (PID=409) to work on /home/airflow/.local/lib/python3.12/site-packages/airflow/example_dags/example_setup_teardown_taskflow.py
[2025-07-24T20:46:19.997+0000] {processor.py:830} INFO - Processing file /home/airflow/.local/lib/python3.12/site-packages/airflow/example_dags/example_setup_teardown_taskflow.py for tasks to queue
[2025-07-24T20:46:19.998+0000] {logging_mixin.py:188} INFO - [2025-07-24T20:46:19.998+0000] {dagbag.py:545} INFO - Filling up the DagBag from /home/airflow/.local/lib/python3.12/site-packages/airflow/example_dags/example_setup_teardown_taskflow.py
[2025-07-24T20:46:20.004+0000] {processor.py:840} INFO - DAG(s) 'example_setup_teardown_taskflow' retrieved from /home/airflow/.local/lib/python3.12/site-packages/airflow/example_dags/example_setup_teardown_taskflow.py
[2025-07-24T20:46:20.018+0000] {logging_mixin.py:188} INFO - [2025-07-24T20:46:20.018+0000] {dag.py:3096} INFO - Sync 1 DAGs
[2025-07-24T20:46:20.030+0000] {logging_mixin.py:188} INFO - [2025-07-24T20:46:20.030+0000] {dag.py:3954} INFO - Setting next_dagrun for example_setup_teardown_taskflow to 2025-07-23 00:00:00+00:00, run_after=2025-07-24 00:00:00+00:00
[2025-07-24T20:46:20.041+0000] {processor.py:183} INFO - Processing /home/airflow/.local/lib/python3.12/site-packages/airflow/example_dags/example_setup_teardown_taskflow.py took 0.048 seconds
[2025-07-24T20:46:50.708+0000] {processor.py:161} INFO - Started process (PID=467) to work on /home/airflow/.local/lib/python3.12/site-packages/airflow/example_dags/example_setup_teardown_taskflow.py
[2025-07-24T20:46:50.708+0000] {processor.py:830} INFO - Processing file /home/airflow/.local/lib/python3.12/site-packages/airflow/example_dags/example_setup_teardown_taskflow.py for tasks to queue
[2025-07-24T20:46:50.709+0000] {logging_mixin.py:188} INFO - [2025-07-24T20:46:50.709+0000] {dagbag.py:545} INFO - Filling up the DagBag from /home/airflow/.local/lib/python3.12/site-packages/airflow/example_dags/example_setup_teardown_taskflow.py
[2025-07-24T20:46:50.714+0000] {processor.py:840} INFO - DAG(s) 'example_setup_teardown_taskflow' retrieved from /home/airflow/.local/lib/python3.12/site-packages/airflow/example_dags/example_setup_teardown_taskflow.py
[2025-07-24T20:46:50.726+0000] {logging_mixin.py:188} INFO - [2025-07-24T20:46:50.726+0000] {dag.py:3096} INFO - Sync 1 DAGs
[2025-07-24T20:46:50.738+0000] {logging_mixin.py:188} INFO - [2025-07-24T20:46:50.738+0000] {dag.py:3954} INFO - Setting next_dagrun for example_setup_teardown_taskflow to 2025-07-23 00:00:00+00:00, run_after=2025-07-24 00:00:00+00:00
[2025-07-24T20:46:50.747+0000] {processor.py:183} INFO - Processing /home/airflow/.local/lib/python3.12/site-packages/airflow/example_dags/example_setup_teardown_taskflow.py took 0.043 seconds
[2025-07-24T20:47:21.324+0000] {processor.py:161} INFO - Started process (PID=525) to work on /home/airflow/.local/lib/python3.12/site-packages/airflow/example_dags/example_setup_teardown_taskflow.py
[2025-07-24T20:47:21.325+0000] {processor.py:830} INFO - Processing file /home/airflow/.local/lib/python3.12/site-packages/airflow/example_dags/example_setup_teardown_taskflow.py for tasks to queue
[2025-07-24T20:47:21.326+0000] {logging_mixin.py:188} INFO - [2025-07-24T20:47:21.326+0000] {dagbag.py:545} INFO - Filling up the DagBag from /home/airflow/.local/lib/python3.12/site-packages/airflow/example_dags/example_setup_teardown_taskflow.py
[2025-07-24T20:47:21.331+0000] {processor.py:840} INFO - DAG(s) 'example_setup_teardown_taskflow' retrieved from /home/airflow/.local/lib/python3.12/site-packages/airflow/example_dags/example_setup_teardown_taskflow.py
[2025-07-24T20:47:21.344+0000] {logging_mixin.py:188} INFO - [2025-07-24T20:47:21.344+0000] {dag.py:3096} INFO - Sync 1 DAGs
[2025-07-24T20:47:21.356+0000] {logging_mixin.py:188} INFO - [2025-07-24T20:47:21.355+0000] {dag.py:3954} INFO - Setting next_dagrun for example_setup_teardown_taskflow to 2025-07-23 00:00:00+00:00, run_after=2025-07-24 00:00:00+00:00
[2025-07-24T20:47:21.365+0000] {processor.py:183} INFO - Processing /home/airflow/.local/lib/python3.12/site-packages/airflow/example_dags/example_setup_teardown_taskflow.py took 0.044 seconds
[2025-07-24T20:47:52.096+0000] {processor.py:161} INFO - Started process (PID=583) to work on /home/airflow/.local/lib/python3.12/site-packages/airflow/example_dags/example_setup_teardown_taskflow.py
[2025-07-24T20:47:52.097+0000] {processor.py:830} INFO - Processing file /home/airflow/.local/lib/python3.12/site-packages/airflow/example_dags/example_setup_teardown_taskflow.py for tasks to queue
[2025-07-24T20:47:52.098+0000] {logging_mixin.py:188} INFO - [2025-07-24T20:47:52.098+0000] {dagbag.py:545} INFO - Filling up the DagBag from /home/airflow/.local/lib/python3.12/site-packages/airflow/example_dags/example_setup_teardown_taskflow.py
[2025-07-24T20:47:52.103+0000] {processor.py:840} INFO - DAG(s) 'example_setup_teardown_taskflow' retrieved from /home/airflow/.local/lib/python3.12/site-packages/airflow/example_dags/example_setup_teardown_taskflow.py
[2025-07-24T20:47:52.116+0000] {logging_mixin.py:188} INFO - [2025-07-24T20:47:52.116+0000] {dag.py:3096} INFO - Sync 1 DAGs
[2025-07-24T20:47:52.128+0000] {logging_mixin.py:188} INFO - [2025-07-24T20:47:52.128+0000] {dag.py:3954} INFO - Setting next_dagrun for example_setup_teardown_taskflow to 2025-07-23 00:00:00+00:00, run_after=2025-07-24 00:00:00+00:00
[2025-07-24T20:47:52.138+0000] {processor.py:183} INFO - Processing /home/airflow/.local/lib/python3.12/site-packages/airflow/example_dags/example_setup_teardown_taskflow.py took 0.045 seconds
[2025-07-24T20:48:22.715+0000] {processor.py:161} INFO - Started process (PID=641) to work on /home/airflow/.local/lib/python3.12/site-packages/airflow/example_dags/example_setup_teardown_taskflow.py
[2025-07-24T20:48:22.715+0000] {processor.py:830} INFO - Processing file /home/airflow/.local/lib/python3.12/site-packages/airflow/example_dags/example_setup_teardown_taskflow.py for tasks to queue
[2025-07-24T20:48:22.716+0000] {logging_mixin.py:188} INFO - [2025-07-24T20:48:22.716+0000] {dagbag.py:545} INFO - Filling up the DagBag from /home/airflow/.local/lib/python3.12/site-packages/airflow/example_dags/example_setup_teardown_taskflow.py
[2025-07-24T20:48:22.721+0000] {processor.py:840} INFO - DAG(s) 'example_setup_teardown_taskflow' retrieved from /home/airflow/.local/lib/python3.12/site-packages/airflow/example_dags/example_setup_teardown_taskflow.py
[2025-07-24T20:48:22.733+0000] {logging_mixin.py:188} INFO - [2025-07-24T20:48:22.733+0000] {dag.py:3096} INFO - Sync 1 DAGs
[2025-07-24T20:48:22.745+0000] {logging_mixin.py:188} INFO - [2025-07-24T20:48:22.745+0000] {dag.py:3954} INFO - Setting next_dagrun for example_setup_teardown_taskflow to 2025-07-23 00:00:00+00:00, run_after=2025-07-24 00:00:00+00:00
[2025-07-24T20:48:22.755+0000] {processor.py:183} INFO - Processing /home/airflow/.local/lib/python3.12/site-packages/airflow/example_dags/example_setup_teardown_taskflow.py took 0.044 seconds
[2025-07-24T20:48:53.370+0000] {processor.py:161} INFO - Started process (PID=699) to work on /home/airflow/.local/lib/python3.12/site-packages/airflow/example_dags/example_setup_teardown_taskflow.py
[2025-07-24T20:48:53.371+0000] {processor.py:830} INFO - Processing file /home/airflow/.local/lib/python3.12/site-packages/airflow/example_dags/example_setup_teardown_taskflow.py for tasks to queue
[2025-07-24T20:48:53.372+0000] {logging_mixin.py:188} INFO - [2025-07-24T20:48:53.371+0000] {dagbag.py:545} INFO - Filling up the DagBag from /home/airflow/.local/lib/python3.12/site-packages/airflow/example_dags/example_setup_teardown_taskflow.py
[2025-07-24T20:48:53.377+0000] {processor.py:840} INFO - DAG(s) 'example_setup_teardown_taskflow' retrieved from /home/airflow/.local/lib/python3.12/site-packages/airflow/example_dags/example_setup_teardown_taskflow.py
[2025-07-24T20:48:53.389+0000] {logging_mixin.py:188} INFO - [2025-07-24T20:48:53.389+0000] {dag.py:3096} INFO - Sync 1 DAGs
[2025-07-24T20:48:53.401+0000] {logging_mixin.py:188} INFO - [2025-07-24T20:48:53.401+0000] {dag.py:3954} INFO - Setting next_dagrun for example_setup_teardown_taskflow to 2025-07-23 00:00:00+00:00, run_after=2025-07-24 00:00:00+00:00
[2025-07-24T20:48:53.410+0000] {processor.py:183} INFO - Processing /home/airflow/.local/lib/python3.12/site-packages/airflow/example_dags/example_setup_teardown_taskflow.py took 0.043 seconds
[2025-07-24T20:49:23.994+0000] {processor.py:161} INFO - Started process (PID=757) to work on /home/airflow/.local/lib/python3.12/site-packages/airflow/example_dags/example_setup_teardown_taskflow.py
[2025-07-24T20:49:23.994+0000] {processor.py:830} INFO - Processing file /home/airflow/.local/lib/python3.12/site-packages/airflow/example_dags/example_setup_teardown_taskflow.py for tasks to queue
[2025-07-24T20:49:23.995+0000] {logging_mixin.py:188} INFO - [2025-07-24T20:49:23.995+0000] {dagbag.py:545} INFO - Filling up the DagBag from /home/airflow/.local/lib/python3.12/site-packages/airflow/example_dags/example_setup_teardown_taskflow.py
[2025-07-24T20:49:24.000+0000] {processor.py:840} INFO - DAG(s) 'example_setup_teardown_taskflow' retrieved from /home/airflow/.local/lib/python3.12/site-packages/airflow/example_dags/example_setup_teardown_taskflow.py
[2025-07-24T20:49:24.012+0000] {logging_mixin.py:188} INFO - [2025-07-24T20:49:24.011+0000] {dag.py:3096} INFO - Sync 1 DAGs
[2025-07-24T20:49:24.023+0000] {logging_mixin.py:188} INFO - [2025-07-24T20:49:24.023+0000] {dag.py:3954} INFO - Setting next_dagrun for example_setup_teardown_taskflow to 2025-07-23 00:00:00+00:00, run_after=2025-07-24 00:00:00+00:00
[2025-07-24T20:49:24.033+0000] {processor.py:183} INFO - Processing /home/airflow/.local/lib/python3.12/site-packages/airflow/example_dags/example_setup_teardown_taskflow.py took 0.042 seconds
[2025-07-24T20:49:54.597+0000] {processor.py:161} INFO - Started process (PID=815) to work on /home/airflow/.local/lib/python3.12/site-packages/airflow/example_dags/example_setup_teardown_taskflow.py
[2025-07-24T20:49:54.597+0000] {processor.py:830} INFO - Processing file /home/airflow/.local/lib/python3.12/site-packages/airflow/example_dags/example_setup_teardown_taskflow.py for tasks to queue
[2025-07-24T20:49:54.598+0000] {logging_mixin.py:188} INFO - [2025-07-24T20:49:54.598+0000] {dagbag.py:545} INFO - Filling up the DagBag from /home/airflow/.local/lib/python3.12/site-packages/airflow/example_dags/example_setup_teardown_taskflow.py
[2025-07-24T20:49:54.603+0000] {processor.py:840} INFO - DAG(s) 'example_setup_teardown_taskflow' retrieved from /home/airflow/.local/lib/python3.12/site-packages/airflow/example_dags/example_setup_teardown_taskflow.py
[2025-07-24T20:49:54.615+0000] {logging_mixin.py:188} INFO - [2025-07-24T20:49:54.615+0000] {dag.py:3096} INFO - Sync 1 DAGs
[2025-07-24T20:49:54.627+0000] {logging_mixin.py:188} INFO - [2025-07-24T20:49:54.627+0000] {dag.py:3954} INFO - Setting next_dagrun for example_setup_teardown_taskflow to 2025-07-23 00:00:00+00:00, run_after=2025-07-24 00:00:00+00:00
[2025-07-24T20:49:54.636+0000] {processor.py:183} INFO - Processing /home/airflow/.local/lib/python3.12/site-packages/airflow/example_dags/example_setup_teardown_taskflow.py took 0.043 seconds
[2025-07-24T20:50:25.339+0000] {processor.py:161} INFO - Started process (PID=873) to work on /home/airflow/.local/lib/python3.12/site-packages/airflow/example_dags/example_setup_teardown_taskflow.py
[2025-07-24T20:50:25.339+0000] {processor.py:830} INFO - Processing file /home/airflow/.local/lib/python3.12/site-packages/airflow/example_dags/example_setup_teardown_taskflow.py for tasks to queue
[2025-07-24T20:50:25.340+0000] {logging_mixin.py:188} INFO - [2025-07-24T20:50:25.340+0000] {dagbag.py:545} INFO - Filling up the DagBag from /home/airflow/.local/lib/python3.12/site-packages/airflow/example_dags/example_setup_teardown_taskflow.py
[2025-07-24T20:50:25.346+0000] {processor.py:840} INFO - DAG(s) 'example_setup_teardown_taskflow' retrieved from /home/airflow/.local/lib/python3.12/site-packages/airflow/example_dags/example_setup_teardown_taskflow.py
[2025-07-24T20:50:25.359+0000] {logging_mixin.py:188} INFO - [2025-07-24T20:50:25.359+0000] {dag.py:3096} INFO - Sync 1 DAGs
[2025-07-24T20:50:25.373+0000] {logging_mixin.py:188} INFO - [2025-07-24T20:50:25.373+0000] {dag.py:3954} INFO - Setting next_dagrun for example_setup_teardown_taskflow to 2025-07-23 00:00:00+00:00, run_after=2025-07-24 00:00:00+00:00
[2025-07-24T20:50:25.382+0000] {processor.py:183} INFO - Processing /home/airflow/.local/lib/python3.12/site-packages/airflow/example_dags/example_setup_teardown_taskflow.py took 0.048 seconds
[2025-07-24T20:50:55.458+0000] {processor.py:161} INFO - Started process (PID=931) to work on /home/airflow/.local/lib/python3.12/site-packages/airflow/example_dags/example_setup_teardown_taskflow.py
[2025-07-24T20:50:55.458+0000] {processor.py:830} INFO - Processing file /home/airflow/.local/lib/python3.12/site-packages/airflow/example_dags/example_setup_teardown_taskflow.py for tasks to queue
[2025-07-24T20:50:55.459+0000] {logging_mixin.py:188} INFO - [2025-07-24T20:50:55.459+0000] {dagbag.py:545} INFO - Filling up the DagBag from /home/airflow/.local/lib/python3.12/site-packages/airflow/example_dags/example_setup_teardown_taskflow.py
[2025-07-24T20:50:55.464+0000] {processor.py:840} INFO - DAG(s) 'example_setup_teardown_taskflow' retrieved from /home/airflow/.local/lib/python3.12/site-packages/airflow/example_dags/example_setup_teardown_taskflow.py
[2025-07-24T20:50:55.477+0000] {logging_mixin.py:188} INFO - [2025-07-24T20:50:55.477+0000] {dag.py:3096} INFO - Sync 1 DAGs
[2025-07-24T20:50:55.489+0000] {logging_mixin.py:188} INFO - [2025-07-24T20:50:55.489+0000] {dag.py:3954} INFO - Setting next_dagrun for example_setup_teardown_taskflow to 2025-07-23 00:00:00+00:00, run_after=2025-07-24 00:00:00+00:00
[2025-07-24T20:50:55.500+0000] {processor.py:183} INFO - Processing /home/airflow/.local/lib/python3.12/site-packages/airflow/example_dags/example_setup_teardown_taskflow.py took 0.046 seconds
[2025-07-24T20:51:26.226+0000] {processor.py:161} INFO - Started process (PID=989) to work on /home/airflow/.local/lib/python3.12/site-packages/airflow/example_dags/example_setup_teardown_taskflow.py
[2025-07-24T20:51:26.227+0000] {processor.py:830} INFO - Processing file /home/airflow/.local/lib/python3.12/site-packages/airflow/example_dags/example_setup_teardown_taskflow.py for tasks to queue
[2025-07-24T20:51:26.228+0000] {logging_mixin.py:188} INFO - [2025-07-24T20:51:26.228+0000] {dagbag.py:545} INFO - Filling up the DagBag from /home/airflow/.local/lib/python3.12/site-packages/airflow/example_dags/example_setup_teardown_taskflow.py
[2025-07-24T20:51:26.234+0000] {processor.py:840} INFO - DAG(s) 'example_setup_teardown_taskflow' retrieved from /home/airflow/.local/lib/python3.12/site-packages/airflow/example_dags/example_setup_teardown_taskflow.py
[2025-07-24T20:51:26.246+0000] {logging_mixin.py:188} INFO - [2025-07-24T20:51:26.246+0000] {dag.py:3096} INFO - Sync 1 DAGs
[2025-07-24T20:51:26.257+0000] {logging_mixin.py:188} INFO - [2025-07-24T20:51:26.257+0000] {dag.py:3954} INFO - Setting next_dagrun for example_setup_teardown_taskflow to 2025-07-23 00:00:00+00:00, run_after=2025-07-24 00:00:00+00:00
[2025-07-24T20:51:26.267+0000] {processor.py:183} INFO - Processing /home/airflow/.local/lib/python3.12/site-packages/airflow/example_dags/example_setup_teardown_taskflow.py took 0.044 seconds
[2025-07-24T20:51:56.941+0000] {processor.py:161} INFO - Started process (PID=1047) to work on /home/airflow/.local/lib/python3.12/site-packages/airflow/example_dags/example_setup_teardown_taskflow.py
[2025-07-24T20:51:56.942+0000] {processor.py:830} INFO - Processing file /home/airflow/.local/lib/python3.12/site-packages/airflow/example_dags/example_setup_teardown_taskflow.py for tasks to queue
[2025-07-24T20:51:56.943+0000] {logging_mixin.py:188} INFO - [2025-07-24T20:51:56.942+0000] {dagbag.py:545} INFO - Filling up the DagBag from /home/airflow/.local/lib/python3.12/site-packages/airflow/example_dags/example_setup_teardown_taskflow.py
[2025-07-24T20:51:56.948+0000] {processor.py:840} INFO - DAG(s) 'example_setup_teardown_taskflow' retrieved from /home/airflow/.local/lib/python3.12/site-packages/airflow/example_dags/example_setup_teardown_taskflow.py
[2025-07-24T20:51:56.960+0000] {logging_mixin.py:188} INFO - [2025-07-24T20:51:56.960+0000] {dag.py:3096} INFO - Sync 1 DAGs
[2025-07-24T20:51:56.971+0000] {logging_mixin.py:188} INFO - [2025-07-24T20:51:56.971+0000] {dag.py:3954} INFO - Setting next_dagrun for example_setup_teardown_taskflow to 2025-07-23 00:00:00+00:00, run_after=2025-07-24 00:00:00+00:00
[2025-07-24T20:51:56.980+0000] {processor.py:183} INFO - Processing /home/airflow/.local/lib/python3.12/site-packages/airflow/example_dags/example_setup_teardown_taskflow.py took 0.043 seconds
[2025-07-24T20:52:27.672+0000] {processor.py:161} INFO - Started process (PID=1105) to work on /home/airflow/.local/lib/python3.12/site-packages/airflow/example_dags/example_setup_teardown_taskflow.py
[2025-07-24T20:52:27.673+0000] {processor.py:830} INFO - Processing file /home/airflow/.local/lib/python3.12/site-packages/airflow/example_dags/example_setup_teardown_taskflow.py for tasks to queue
[2025-07-24T20:52:27.674+0000] {logging_mixin.py:188} INFO - [2025-07-24T20:52:27.674+0000] {dagbag.py:545} INFO - Filling up the DagBag from /home/airflow/.local/lib/python3.12/site-packages/airflow/example_dags/example_setup_teardown_taskflow.py
[2025-07-24T20:52:27.678+0000] {processor.py:840} INFO - DAG(s) 'example_setup_teardown_taskflow' retrieved from /home/airflow/.local/lib/python3.12/site-packages/airflow/example_dags/example_setup_teardown_taskflow.py
[2025-07-24T20:52:27.691+0000] {logging_mixin.py:188} INFO - [2025-07-24T20:52:27.691+0000] {dag.py:3096} INFO - Sync 1 DAGs
[2025-07-24T20:52:27.701+0000] {logging_mixin.py:188} INFO - [2025-07-24T20:52:27.701+0000] {dag.py:3954} INFO - Setting next_dagrun for example_setup_teardown_taskflow to 2025-07-23 00:00:00+00:00, run_after=2025-07-24 00:00:00+00:00
[2025-07-24T20:52:27.711+0000] {processor.py:183} INFO - Processing /home/airflow/.local/lib/python3.12/site-packages/airflow/example_dags/example_setup_teardown_taskflow.py took 0.043 seconds
[2025-07-24T20:52:58.404+0000] {processor.py:161} INFO - Started process (PID=1163) to work on /home/airflow/.local/lib/python3.12/site-packages/airflow/example_dags/example_setup_teardown_taskflow.py
[2025-07-24T20:52:58.404+0000] {processor.py:830} INFO - Processing file /home/airflow/.local/lib/python3.12/site-packages/airflow/example_dags/example_setup_teardown_taskflow.py for tasks to queue
[2025-07-24T20:52:58.405+0000] {logging_mixin.py:188} INFO - [2025-07-24T20:52:58.405+0000] {dagbag.py:545} INFO - Filling up the DagBag from /home/airflow/.local/lib/python3.12/site-packages/airflow/example_dags/example_setup_teardown_taskflow.py
[2025-07-24T20:52:58.411+0000] {processor.py:840} INFO - DAG(s) 'example_setup_teardown_taskflow' retrieved from /home/airflow/.local/lib/python3.12/site-packages/airflow/example_dags/example_setup_teardown_taskflow.py
[2025-07-24T20:52:58.423+0000] {logging_mixin.py:188} INFO - [2025-07-24T20:52:58.423+0000] {dag.py:3096} INFO - Sync 1 DAGs
[2025-07-24T20:52:58.436+0000] {logging_mixin.py:188} INFO - [2025-07-24T20:52:58.435+0000] {dag.py:3954} INFO - Setting next_dagrun for example_setup_teardown_taskflow to 2025-07-23 00:00:00+00:00, run_after=2025-07-24 00:00:00+00:00
[2025-07-24T20:52:58.446+0000] {processor.py:183} INFO - Processing /home/airflow/.local/lib/python3.12/site-packages/airflow/example_dags/example_setup_teardown_taskflow.py took 0.046 seconds
[2025-07-24T20:53:28.594+0000] {processor.py:161} INFO - Started process (PID=1221) to work on /home/airflow/.local/lib/python3.12/site-packages/airflow/example_dags/example_setup_teardown_taskflow.py
[2025-07-24T20:53:28.594+0000] {processor.py:830} INFO - Processing file /home/airflow/.local/lib/python3.12/site-packages/airflow/example_dags/example_setup_teardown_taskflow.py for tasks to queue
[2025-07-24T20:53:28.595+0000] {logging_mixin.py:188} INFO - [2025-07-24T20:53:28.595+0000] {dagbag.py:545} INFO - Filling up the DagBag from /home/airflow/.local/lib/python3.12/site-packages/airflow/example_dags/example_setup_teardown_taskflow.py
[2025-07-24T20:53:28.600+0000] {processor.py:840} INFO - DAG(s) 'example_setup_teardown_taskflow' retrieved from /home/airflow/.local/lib/python3.12/site-packages/airflow/example_dags/example_setup_teardown_taskflow.py
[2025-07-24T20:53:28.613+0000] {logging_mixin.py:188} INFO - [2025-07-24T20:53:28.612+0000] {dag.py:3096} INFO - Sync 1 DAGs
[2025-07-24T20:53:28.623+0000] {logging_mixin.py:188} INFO - [2025-07-24T20:53:28.623+0000] {dag.py:3954} INFO - Setting next_dagrun for example_setup_teardown_taskflow to 2025-07-23 00:00:00+00:00, run_after=2025-07-24 00:00:00+00:00
[2025-07-24T20:53:28.631+0000] {processor.py:183} INFO - Processing /home/airflow/.local/lib/python3.12/site-packages/airflow/example_dags/example_setup_teardown_taskflow.py took 0.040 seconds
[2025-07-24T20:53:58.673+0000] {processor.py:161} INFO - Started process (PID=1279) to work on /home/airflow/.local/lib/python3.12/site-packages/airflow/example_dags/example_setup_teardown_taskflow.py
[2025-07-24T20:53:58.673+0000] {processor.py:830} INFO - Processing file /home/airflow/.local/lib/python3.12/site-packages/airflow/example_dags/example_setup_teardown_taskflow.py for tasks to queue
[2025-07-24T20:53:58.674+0000] {logging_mixin.py:188} INFO - [2025-07-24T20:53:58.674+0000] {dagbag.py:545} INFO - Filling up the DagBag from /home/airflow/.local/lib/python3.12/site-packages/airflow/example_dags/example_setup_teardown_taskflow.py
[2025-07-24T20:53:58.680+0000] {processor.py:840} INFO - DAG(s) 'example_setup_teardown_taskflow' retrieved from /home/airflow/.local/lib/python3.12/site-packages/airflow/example_dags/example_setup_teardown_taskflow.py
[2025-07-24T20:53:58.691+0000] {logging_mixin.py:188} INFO - [2025-07-24T20:53:58.691+0000] {dag.py:3096} INFO - Sync 1 DAGs
[2025-07-24T20:53:58.703+0000] {logging_mixin.py:188} INFO - [2025-07-24T20:53:58.703+0000] {dag.py:3954} INFO - Setting next_dagrun for example_setup_teardown_taskflow to 2025-07-23 00:00:00+00:00, run_after=2025-07-24 00:00:00+00:00
[2025-07-24T20:53:58.712+0000] {processor.py:183} INFO - Processing /home/airflow/.local/lib/python3.12/site-packages/airflow/example_dags/example_setup_teardown_taskflow.py took 0.044 seconds
[2025-07-24T20:54:28.802+0000] {processor.py:161} INFO - Started process (PID=1337) to work on /home/airflow/.local/lib/python3.12/site-packages/airflow/example_dags/example_setup_teardown_taskflow.py
[2025-07-24T20:54:28.802+0000] {processor.py:830} INFO - Processing file /home/airflow/.local/lib/python3.12/site-packages/airflow/example_dags/example_setup_teardown_taskflow.py for tasks to queue
[2025-07-24T20:54:28.803+0000] {logging_mixin.py:188} INFO - [2025-07-24T20:54:28.803+0000] {dagbag.py:545} INFO - Filling up the DagBag from /home/airflow/.local/lib/python3.12/site-packages/airflow/example_dags/example_setup_teardown_taskflow.py
[2025-07-24T20:54:28.808+0000] {processor.py:840} INFO - DAG(s) 'example_setup_teardown_taskflow' retrieved from /home/airflow/.local/lib/python3.12/site-packages/airflow/example_dags/example_setup_teardown_taskflow.py
[2025-07-24T20:54:28.820+0000] {logging_mixin.py:188} INFO - [2025-07-24T20:54:28.820+0000] {dag.py:3096} INFO - Sync 1 DAGs
[2025-07-24T20:54:28.832+0000] {logging_mixin.py:188} INFO - [2025-07-24T20:54:28.832+0000] {dag.py:3954} INFO - Setting next_dagrun for example_setup_teardown_taskflow to 2025-07-23 00:00:00+00:00, run_after=2025-07-24 00:00:00+00:00
[2025-07-24T20:54:28.841+0000] {processor.py:183} INFO - Processing /home/airflow/.local/lib/python3.12/site-packages/airflow/example_dags/example_setup_teardown_taskflow.py took 0.043 seconds
[2025-07-24T20:54:59.696+0000] {processor.py:161} INFO - Started process (PID=1395) to work on /home/airflow/.local/lib/python3.12/site-packages/airflow/example_dags/example_setup_teardown_taskflow.py
[2025-07-24T20:54:59.697+0000] {processor.py:830} INFO - Processing file /home/airflow/.local/lib/python3.12/site-packages/airflow/example_dags/example_setup_teardown_taskflow.py for tasks to queue
[2025-07-24T20:54:59.698+0000] {logging_mixin.py:188} INFO - [2025-07-24T20:54:59.698+0000] {dagbag.py:545} INFO - Filling up the DagBag from /home/airflow/.local/lib/python3.12/site-packages/airflow/example_dags/example_setup_teardown_taskflow.py
[2025-07-24T20:54:59.703+0000] {processor.py:840} INFO - DAG(s) 'example_setup_teardown_taskflow' retrieved from /home/airflow/.local/lib/python3.12/site-packages/airflow/example_dags/example_setup_teardown_taskflow.py
[2025-07-24T20:54:59.715+0000] {logging_mixin.py:188} INFO - [2025-07-24T20:54:59.715+0000] {dag.py:3096} INFO - Sync 1 DAGs
[2025-07-24T20:54:59.727+0000] {logging_mixin.py:188} INFO - [2025-07-24T20:54:59.727+0000] {dag.py:3954} INFO - Setting next_dagrun for example_setup_teardown_taskflow to 2025-07-23 00:00:00+00:00, run_after=2025-07-24 00:00:00+00:00
[2025-07-24T20:54:59.736+0000] {processor.py:183} INFO - Processing /home/airflow/.local/lib/python3.12/site-packages/airflow/example_dags/example_setup_teardown_taskflow.py took 0.043 seconds
[2025-07-24T20:55:30.487+0000] {processor.py:161} INFO - Started process (PID=1453) to work on /home/airflow/.local/lib/python3.12/site-packages/airflow/example_dags/example_setup_teardown_taskflow.py
[2025-07-24T20:55:30.488+0000] {processor.py:830} INFO - Processing file /home/airflow/.local/lib/python3.12/site-packages/airflow/example_dags/example_setup_teardown_taskflow.py for tasks to queue
[2025-07-24T20:55:30.489+0000] {logging_mixin.py:188} INFO - [2025-07-24T20:55:30.488+0000] {dagbag.py:545} INFO - Filling up the DagBag from /home/airflow/.local/lib/python3.12/site-packages/airflow/example_dags/example_setup_teardown_taskflow.py
[2025-07-24T20:55:30.493+0000] {processor.py:840} INFO - DAG(s) 'example_setup_teardown_taskflow' retrieved from /home/airflow/.local/lib/python3.12/site-packages/airflow/example_dags/example_setup_teardown_taskflow.py
[2025-07-24T20:55:30.505+0000] {logging_mixin.py:188} INFO - [2025-07-24T20:55:30.505+0000] {dag.py:3096} INFO - Sync 1 DAGs
[2025-07-24T20:55:30.516+0000] {logging_mixin.py:188} INFO - [2025-07-24T20:55:30.515+0000] {dag.py:3954} INFO - Setting next_dagrun for example_setup_teardown_taskflow to 2025-07-23 00:00:00+00:00, run_after=2025-07-24 00:00:00+00:00
[2025-07-24T20:55:30.524+0000] {processor.py:183} INFO - Processing /home/airflow/.local/lib/python3.12/site-packages/airflow/example_dags/example_setup_teardown_taskflow.py took 0.041 seconds
