[2025-09-10T00:00:07.694+0000] {processor.py:161} INFO - Started process (PID=167) to work on /opt/airflow/dags/dag_traer_csv.py
[2025-09-10T00:00:07.695+0000] {processor.py:830} INFO - Processing file /opt/airflow/dags/dag_traer_csv.py for tasks to queue
[2025-09-10T00:00:07.696+0000] {logging_mixin.py:188} INFO - [2025-09-10T00:00:07.695+0000] {dagbag.py:540} INFO - Filling up the DagBag from /opt/airflow/dags/dag_traer_csv.py
[2025-09-10T00:00:07.698+0000] {logging_mixin.py:188} INFO - [2025-09-10T00:00:07.697+0000] {dagbag.py:350} ERROR - Failed to import: /opt/airflow/dags/dag_traer_csv.py
Traceback (most recent call last):
  File "/home/airflow/.local/lib/python3.10/site-packages/airflow/models/dagbag.py", line 346, in parse
    loader.exec_module(new_module)
  File "<frozen importlib._bootstrap_external>", line 883, in exec_module
  File "<frozen importlib._bootstrap>", line 241, in _call_with_frames_removed
  File "/opt/airflow/dags/dag_traer_csv.py", line 2, in <module>
    from playwright.sync_api import sync_playwright, expect
ModuleNotFoundError: No module named 'playwright'
[2025-09-10T00:00:07.698+0000] {processor.py:842} WARNING - No viable dags retrieved from /opt/airflow/dags/dag_traer_csv.py
[2025-09-10T00:00:07.709+0000] {processor.py:183} INFO - Processing /opt/airflow/dags/dag_traer_csv.py took 0.017 seconds
[2025-09-10T00:00:37.829+0000] {processor.py:161} INFO - Started process (PID=175) to work on /opt/airflow/dags/dag_traer_csv.py
[2025-09-10T00:00:37.829+0000] {processor.py:830} INFO - Processing file /opt/airflow/dags/dag_traer_csv.py for tasks to queue
[2025-09-10T00:00:37.830+0000] {logging_mixin.py:188} INFO - [2025-09-10T00:00:37.830+0000] {dagbag.py:540} INFO - Filling up the DagBag from /opt/airflow/dags/dag_traer_csv.py
[2025-09-10T00:00:37.833+0000] {logging_mixin.py:188} INFO - [2025-09-10T00:00:37.832+0000] {dagbag.py:350} ERROR - Failed to import: /opt/airflow/dags/dag_traer_csv.py
Traceback (most recent call last):
  File "/home/airflow/.local/lib/python3.10/site-packages/airflow/models/dagbag.py", line 346, in parse
    loader.exec_module(new_module)
  File "<frozen importlib._bootstrap_external>", line 883, in exec_module
  File "<frozen importlib._bootstrap>", line 241, in _call_with_frames_removed
  File "/opt/airflow/dags/dag_traer_csv.py", line 2, in <module>
    from playwright.sync_api import sync_playwright, expect
ModuleNotFoundError: No module named 'playwright'
[2025-09-10T00:00:37.833+0000] {processor.py:842} WARNING - No viable dags retrieved from /opt/airflow/dags/dag_traer_csv.py
[2025-09-10T00:00:37.844+0000] {processor.py:183} INFO - Processing /opt/airflow/dags/dag_traer_csv.py took 0.017 seconds
[2025-09-10T00:01:07.955+0000] {processor.py:161} INFO - Started process (PID=183) to work on /opt/airflow/dags/dag_traer_csv.py
[2025-09-10T00:01:07.956+0000] {processor.py:830} INFO - Processing file /opt/airflow/dags/dag_traer_csv.py for tasks to queue
[2025-09-10T00:01:07.957+0000] {logging_mixin.py:188} INFO - [2025-09-10T00:01:07.957+0000] {dagbag.py:540} INFO - Filling up the DagBag from /opt/airflow/dags/dag_traer_csv.py
[2025-09-10T00:01:07.959+0000] {logging_mixin.py:188} INFO - [2025-09-10T00:01:07.958+0000] {dagbag.py:350} ERROR - Failed to import: /opt/airflow/dags/dag_traer_csv.py
Traceback (most recent call last):
  File "/home/airflow/.local/lib/python3.10/site-packages/airflow/models/dagbag.py", line 346, in parse
    loader.exec_module(new_module)
  File "<frozen importlib._bootstrap_external>", line 883, in exec_module
  File "<frozen importlib._bootstrap>", line 241, in _call_with_frames_removed
  File "/opt/airflow/dags/dag_traer_csv.py", line 2, in <module>
    from playwright.sync_api import sync_playwright, expect
ModuleNotFoundError: No module named 'playwright'
[2025-09-10T00:01:07.959+0000] {processor.py:842} WARNING - No viable dags retrieved from /opt/airflow/dags/dag_traer_csv.py
[2025-09-10T00:01:07.971+0000] {processor.py:183} INFO - Processing /opt/airflow/dags/dag_traer_csv.py took 0.018 seconds
[2025-09-10T00:01:38.082+0000] {processor.py:161} INFO - Started process (PID=191) to work on /opt/airflow/dags/dag_traer_csv.py
[2025-09-10T00:01:38.082+0000] {processor.py:830} INFO - Processing file /opt/airflow/dags/dag_traer_csv.py for tasks to queue
[2025-09-10T00:01:38.083+0000] {logging_mixin.py:188} INFO - [2025-09-10T00:01:38.083+0000] {dagbag.py:540} INFO - Filling up the DagBag from /opt/airflow/dags/dag_traer_csv.py
[2025-09-10T00:01:38.086+0000] {logging_mixin.py:188} INFO - [2025-09-10T00:01:38.085+0000] {dagbag.py:350} ERROR - Failed to import: /opt/airflow/dags/dag_traer_csv.py
Traceback (most recent call last):
  File "/home/airflow/.local/lib/python3.10/site-packages/airflow/models/dagbag.py", line 346, in parse
    loader.exec_module(new_module)
  File "<frozen importlib._bootstrap_external>", line 883, in exec_module
  File "<frozen importlib._bootstrap>", line 241, in _call_with_frames_removed
  File "/opt/airflow/dags/dag_traer_csv.py", line 2, in <module>
    from playwright.sync_api import sync_playwright, expect
ModuleNotFoundError: No module named 'playwright'
[2025-09-10T00:01:38.086+0000] {processor.py:842} WARNING - No viable dags retrieved from /opt/airflow/dags/dag_traer_csv.py
[2025-09-10T00:01:38.097+0000] {processor.py:183} INFO - Processing /opt/airflow/dags/dag_traer_csv.py took 0.017 seconds
[2025-09-10T00:02:08.213+0000] {processor.py:161} INFO - Started process (PID=199) to work on /opt/airflow/dags/dag_traer_csv.py
[2025-09-10T00:02:08.214+0000] {processor.py:830} INFO - Processing file /opt/airflow/dags/dag_traer_csv.py for tasks to queue
[2025-09-10T00:02:08.215+0000] {logging_mixin.py:188} INFO - [2025-09-10T00:02:08.215+0000] {dagbag.py:540} INFO - Filling up the DagBag from /opt/airflow/dags/dag_traer_csv.py
[2025-09-10T00:02:08.217+0000] {logging_mixin.py:188} INFO - [2025-09-10T00:02:08.217+0000] {dagbag.py:350} ERROR - Failed to import: /opt/airflow/dags/dag_traer_csv.py
Traceback (most recent call last):
  File "/home/airflow/.local/lib/python3.10/site-packages/airflow/models/dagbag.py", line 346, in parse
    loader.exec_module(new_module)
  File "<frozen importlib._bootstrap_external>", line 883, in exec_module
  File "<frozen importlib._bootstrap>", line 241, in _call_with_frames_removed
  File "/opt/airflow/dags/dag_traer_csv.py", line 2, in <module>
    from playwright.sync_api import sync_playwright, expect
ModuleNotFoundError: No module named 'playwright'
[2025-09-10T00:02:08.217+0000] {processor.py:842} WARNING - No viable dags retrieved from /opt/airflow/dags/dag_traer_csv.py
[2025-09-10T00:02:08.228+0000] {processor.py:183} INFO - Processing /opt/airflow/dags/dag_traer_csv.py took 0.017 seconds
[2025-09-10T00:02:38.349+0000] {processor.py:161} INFO - Started process (PID=207) to work on /opt/airflow/dags/dag_traer_csv.py
[2025-09-10T00:02:38.350+0000] {processor.py:830} INFO - Processing file /opt/airflow/dags/dag_traer_csv.py for tasks to queue
[2025-09-10T00:02:38.351+0000] {logging_mixin.py:188} INFO - [2025-09-10T00:02:38.351+0000] {dagbag.py:540} INFO - Filling up the DagBag from /opt/airflow/dags/dag_traer_csv.py
[2025-09-10T00:02:38.353+0000] {logging_mixin.py:188} INFO - [2025-09-10T00:02:38.353+0000] {dagbag.py:350} ERROR - Failed to import: /opt/airflow/dags/dag_traer_csv.py
Traceback (most recent call last):
  File "/home/airflow/.local/lib/python3.10/site-packages/airflow/models/dagbag.py", line 346, in parse
    loader.exec_module(new_module)
  File "<frozen importlib._bootstrap_external>", line 883, in exec_module
  File "<frozen importlib._bootstrap>", line 241, in _call_with_frames_removed
  File "/opt/airflow/dags/dag_traer_csv.py", line 2, in <module>
    from playwright.sync_api import sync_playwright, expect
ModuleNotFoundError: No module named 'playwright'
[2025-09-10T00:02:38.353+0000] {processor.py:842} WARNING - No viable dags retrieved from /opt/airflow/dags/dag_traer_csv.py
[2025-09-10T00:02:38.364+0000] {processor.py:183} INFO - Processing /opt/airflow/dags/dag_traer_csv.py took 0.017 seconds
[2025-09-10T00:03:08.479+0000] {processor.py:161} INFO - Started process (PID=215) to work on /opt/airflow/dags/dag_traer_csv.py
[2025-09-10T00:03:08.480+0000] {processor.py:830} INFO - Processing file /opt/airflow/dags/dag_traer_csv.py for tasks to queue
[2025-09-10T00:03:08.481+0000] {logging_mixin.py:188} INFO - [2025-09-10T00:03:08.481+0000] {dagbag.py:540} INFO - Filling up the DagBag from /opt/airflow/dags/dag_traer_csv.py
[2025-09-10T00:03:08.483+0000] {logging_mixin.py:188} INFO - [2025-09-10T00:03:08.483+0000] {dagbag.py:350} ERROR - Failed to import: /opt/airflow/dags/dag_traer_csv.py
Traceback (most recent call last):
  File "/home/airflow/.local/lib/python3.10/site-packages/airflow/models/dagbag.py", line 346, in parse
    loader.exec_module(new_module)
  File "<frozen importlib._bootstrap_external>", line 883, in exec_module
  File "<frozen importlib._bootstrap>", line 241, in _call_with_frames_removed
  File "/opt/airflow/dags/dag_traer_csv.py", line 2, in <module>
    from playwright.sync_api import sync_playwright, expect
ModuleNotFoundError: No module named 'playwright'
[2025-09-10T00:03:08.483+0000] {processor.py:842} WARNING - No viable dags retrieved from /opt/airflow/dags/dag_traer_csv.py
[2025-09-10T00:03:08.494+0000] {processor.py:183} INFO - Processing /opt/airflow/dags/dag_traer_csv.py took 0.017 seconds
[2025-09-10T00:03:38.617+0000] {processor.py:161} INFO - Started process (PID=223) to work on /opt/airflow/dags/dag_traer_csv.py
[2025-09-10T00:03:38.618+0000] {processor.py:830} INFO - Processing file /opt/airflow/dags/dag_traer_csv.py for tasks to queue
[2025-09-10T00:03:38.619+0000] {logging_mixin.py:188} INFO - [2025-09-10T00:03:38.619+0000] {dagbag.py:540} INFO - Filling up the DagBag from /opt/airflow/dags/dag_traer_csv.py
[2025-09-10T00:03:38.622+0000] {logging_mixin.py:188} INFO - [2025-09-10T00:03:38.621+0000] {dagbag.py:350} ERROR - Failed to import: /opt/airflow/dags/dag_traer_csv.py
Traceback (most recent call last):
  File "/home/airflow/.local/lib/python3.10/site-packages/airflow/models/dagbag.py", line 346, in parse
    loader.exec_module(new_module)
  File "<frozen importlib._bootstrap_external>", line 883, in exec_module
  File "<frozen importlib._bootstrap>", line 241, in _call_with_frames_removed
  File "/opt/airflow/dags/dag_traer_csv.py", line 2, in <module>
    from playwright.sync_api import sync_playwright, expect
ModuleNotFoundError: No module named 'playwright'
[2025-09-10T00:03:38.622+0000] {processor.py:842} WARNING - No viable dags retrieved from /opt/airflow/dags/dag_traer_csv.py
[2025-09-10T00:03:38.633+0000] {processor.py:183} INFO - Processing /opt/airflow/dags/dag_traer_csv.py took 0.018 seconds
[2025-09-10T00:04:08.744+0000] {processor.py:161} INFO - Started process (PID=231) to work on /opt/airflow/dags/dag_traer_csv.py
[2025-09-10T00:04:08.745+0000] {processor.py:830} INFO - Processing file /opt/airflow/dags/dag_traer_csv.py for tasks to queue
[2025-09-10T00:04:08.746+0000] {logging_mixin.py:188} INFO - [2025-09-10T00:04:08.746+0000] {dagbag.py:540} INFO - Filling up the DagBag from /opt/airflow/dags/dag_traer_csv.py
[2025-09-10T00:04:08.748+0000] {logging_mixin.py:188} INFO - [2025-09-10T00:04:08.747+0000] {dagbag.py:350} ERROR - Failed to import: /opt/airflow/dags/dag_traer_csv.py
Traceback (most recent call last):
  File "/home/airflow/.local/lib/python3.10/site-packages/airflow/models/dagbag.py", line 346, in parse
    loader.exec_module(new_module)
  File "<frozen importlib._bootstrap_external>", line 883, in exec_module
  File "<frozen importlib._bootstrap>", line 241, in _call_with_frames_removed
  File "/opt/airflow/dags/dag_traer_csv.py", line 2, in <module>
    from playwright.sync_api import sync_playwright, expect
ModuleNotFoundError: No module named 'playwright'
[2025-09-10T00:04:08.748+0000] {processor.py:842} WARNING - No viable dags retrieved from /opt/airflow/dags/dag_traer_csv.py
[2025-09-10T00:04:08.758+0000] {processor.py:183} INFO - Processing /opt/airflow/dags/dag_traer_csv.py took 0.017 seconds
[2025-09-10T00:04:38.866+0000] {processor.py:161} INFO - Started process (PID=239) to work on /opt/airflow/dags/dag_traer_csv.py
[2025-09-10T00:04:38.867+0000] {processor.py:830} INFO - Processing file /opt/airflow/dags/dag_traer_csv.py for tasks to queue
[2025-09-10T00:04:38.868+0000] {logging_mixin.py:188} INFO - [2025-09-10T00:04:38.868+0000] {dagbag.py:540} INFO - Filling up the DagBag from /opt/airflow/dags/dag_traer_csv.py
[2025-09-10T00:04:38.870+0000] {logging_mixin.py:188} INFO - [2025-09-10T00:04:38.870+0000] {dagbag.py:350} ERROR - Failed to import: /opt/airflow/dags/dag_traer_csv.py
Traceback (most recent call last):
  File "/home/airflow/.local/lib/python3.10/site-packages/airflow/models/dagbag.py", line 346, in parse
    loader.exec_module(new_module)
  File "<frozen importlib._bootstrap_external>", line 883, in exec_module
  File "<frozen importlib._bootstrap>", line 241, in _call_with_frames_removed
  File "/opt/airflow/dags/dag_traer_csv.py", line 2, in <module>
    from playwright.sync_api import sync_playwright, expect
ModuleNotFoundError: No module named 'playwright'
[2025-09-10T00:04:38.870+0000] {processor.py:842} WARNING - No viable dags retrieved from /opt/airflow/dags/dag_traer_csv.py
[2025-09-10T00:04:38.881+0000] {processor.py:183} INFO - Processing /opt/airflow/dags/dag_traer_csv.py took 0.017 seconds
[2025-09-10T00:05:08.995+0000] {processor.py:161} INFO - Started process (PID=247) to work on /opt/airflow/dags/dag_traer_csv.py
[2025-09-10T00:05:08.996+0000] {processor.py:830} INFO - Processing file /opt/airflow/dags/dag_traer_csv.py for tasks to queue
[2025-09-10T00:05:08.997+0000] {logging_mixin.py:188} INFO - [2025-09-10T00:05:08.997+0000] {dagbag.py:540} INFO - Filling up the DagBag from /opt/airflow/dags/dag_traer_csv.py
[2025-09-10T00:05:08.999+0000] {logging_mixin.py:188} INFO - [2025-09-10T00:05:08.999+0000] {dagbag.py:350} ERROR - Failed to import: /opt/airflow/dags/dag_traer_csv.py
Traceback (most recent call last):
  File "/home/airflow/.local/lib/python3.10/site-packages/airflow/models/dagbag.py", line 346, in parse
    loader.exec_module(new_module)
  File "<frozen importlib._bootstrap_external>", line 883, in exec_module
  File "<frozen importlib._bootstrap>", line 241, in _call_with_frames_removed
  File "/opt/airflow/dags/dag_traer_csv.py", line 2, in <module>
    from playwright.sync_api import sync_playwright, expect
ModuleNotFoundError: No module named 'playwright'
[2025-09-10T00:05:09.000+0000] {processor.py:842} WARNING - No viable dags retrieved from /opt/airflow/dags/dag_traer_csv.py
[2025-09-10T00:05:09.010+0000] {processor.py:183} INFO - Processing /opt/airflow/dags/dag_traer_csv.py took 0.017 seconds
[2025-09-10T00:05:39.124+0000] {processor.py:161} INFO - Started process (PID=255) to work on /opt/airflow/dags/dag_traer_csv.py
[2025-09-10T00:05:39.125+0000] {processor.py:830} INFO - Processing file /opt/airflow/dags/dag_traer_csv.py for tasks to queue
[2025-09-10T00:05:39.126+0000] {logging_mixin.py:188} INFO - [2025-09-10T00:05:39.126+0000] {dagbag.py:540} INFO - Filling up the DagBag from /opt/airflow/dags/dag_traer_csv.py
[2025-09-10T00:05:39.128+0000] {logging_mixin.py:188} INFO - [2025-09-10T00:05:39.128+0000] {dagbag.py:350} ERROR - Failed to import: /opt/airflow/dags/dag_traer_csv.py
Traceback (most recent call last):
  File "/home/airflow/.local/lib/python3.10/site-packages/airflow/models/dagbag.py", line 346, in parse
    loader.exec_module(new_module)
  File "<frozen importlib._bootstrap_external>", line 883, in exec_module
  File "<frozen importlib._bootstrap>", line 241, in _call_with_frames_removed
  File "/opt/airflow/dags/dag_traer_csv.py", line 2, in <module>
    from playwright.sync_api import sync_playwright, expect
ModuleNotFoundError: No module named 'playwright'
[2025-09-10T00:05:39.128+0000] {processor.py:842} WARNING - No viable dags retrieved from /opt/airflow/dags/dag_traer_csv.py
[2025-09-10T00:05:39.139+0000] {processor.py:183} INFO - Processing /opt/airflow/dags/dag_traer_csv.py took 0.017 seconds
[2025-09-10T00:06:09.246+0000] {processor.py:161} INFO - Started process (PID=263) to work on /opt/airflow/dags/dag_traer_csv.py
[2025-09-10T00:06:09.247+0000] {processor.py:830} INFO - Processing file /opt/airflow/dags/dag_traer_csv.py for tasks to queue
[2025-09-10T00:06:09.248+0000] {logging_mixin.py:188} INFO - [2025-09-10T00:06:09.248+0000] {dagbag.py:540} INFO - Filling up the DagBag from /opt/airflow/dags/dag_traer_csv.py
[2025-09-10T00:06:09.250+0000] {logging_mixin.py:188} INFO - [2025-09-10T00:06:09.249+0000] {dagbag.py:350} ERROR - Failed to import: /opt/airflow/dags/dag_traer_csv.py
Traceback (most recent call last):
  File "/home/airflow/.local/lib/python3.10/site-packages/airflow/models/dagbag.py", line 346, in parse
    loader.exec_module(new_module)
  File "<frozen importlib._bootstrap_external>", line 883, in exec_module
  File "<frozen importlib._bootstrap>", line 241, in _call_with_frames_removed
  File "/opt/airflow/dags/dag_traer_csv.py", line 2, in <module>
    from playwright.sync_api import sync_playwright, expect
ModuleNotFoundError: No module named 'playwright'
[2025-09-10T00:06:09.250+0000] {processor.py:842} WARNING - No viable dags retrieved from /opt/airflow/dags/dag_traer_csv.py
[2025-09-10T00:06:09.261+0000] {processor.py:183} INFO - Processing /opt/airflow/dags/dag_traer_csv.py took 0.017 seconds
[2025-09-10T00:06:39.374+0000] {processor.py:161} INFO - Started process (PID=271) to work on /opt/airflow/dags/dag_traer_csv.py
[2025-09-10T00:06:39.374+0000] {processor.py:830} INFO - Processing file /opt/airflow/dags/dag_traer_csv.py for tasks to queue
[2025-09-10T00:06:39.375+0000] {logging_mixin.py:188} INFO - [2025-09-10T00:06:39.375+0000] {dagbag.py:540} INFO - Filling up the DagBag from /opt/airflow/dags/dag_traer_csv.py
[2025-09-10T00:06:39.377+0000] {logging_mixin.py:188} INFO - [2025-09-10T00:06:39.377+0000] {dagbag.py:350} ERROR - Failed to import: /opt/airflow/dags/dag_traer_csv.py
Traceback (most recent call last):
  File "/home/airflow/.local/lib/python3.10/site-packages/airflow/models/dagbag.py", line 346, in parse
    loader.exec_module(new_module)
  File "<frozen importlib._bootstrap_external>", line 883, in exec_module
  File "<frozen importlib._bootstrap>", line 241, in _call_with_frames_removed
  File "/opt/airflow/dags/dag_traer_csv.py", line 2, in <module>
    from playwright.sync_api import sync_playwright, expect
ModuleNotFoundError: No module named 'playwright'
[2025-09-10T00:06:39.378+0000] {processor.py:842} WARNING - No viable dags retrieved from /opt/airflow/dags/dag_traer_csv.py
[2025-09-10T00:06:39.388+0000] {processor.py:183} INFO - Processing /opt/airflow/dags/dag_traer_csv.py took 0.016 seconds
[2025-09-10T00:07:09.503+0000] {processor.py:161} INFO - Started process (PID=279) to work on /opt/airflow/dags/dag_traer_csv.py
[2025-09-10T00:07:09.504+0000] {processor.py:830} INFO - Processing file /opt/airflow/dags/dag_traer_csv.py for tasks to queue
[2025-09-10T00:07:09.505+0000] {logging_mixin.py:188} INFO - [2025-09-10T00:07:09.505+0000] {dagbag.py:540} INFO - Filling up the DagBag from /opt/airflow/dags/dag_traer_csv.py
[2025-09-10T00:07:09.507+0000] {logging_mixin.py:188} INFO - [2025-09-10T00:07:09.507+0000] {dagbag.py:350} ERROR - Failed to import: /opt/airflow/dags/dag_traer_csv.py
Traceback (most recent call last):
  File "/home/airflow/.local/lib/python3.10/site-packages/airflow/models/dagbag.py", line 346, in parse
    loader.exec_module(new_module)
  File "<frozen importlib._bootstrap_external>", line 883, in exec_module
  File "<frozen importlib._bootstrap>", line 241, in _call_with_frames_removed
  File "/opt/airflow/dags/dag_traer_csv.py", line 2, in <module>
    from playwright.sync_api import sync_playwright, expect
ModuleNotFoundError: No module named 'playwright'
[2025-09-10T00:07:09.507+0000] {processor.py:842} WARNING - No viable dags retrieved from /opt/airflow/dags/dag_traer_csv.py
[2025-09-10T00:07:09.518+0000] {processor.py:183} INFO - Processing /opt/airflow/dags/dag_traer_csv.py took 0.017 seconds
[2025-09-10T00:07:39.629+0000] {processor.py:161} INFO - Started process (PID=287) to work on /opt/airflow/dags/dag_traer_csv.py
[2025-09-10T00:07:39.629+0000] {processor.py:830} INFO - Processing file /opt/airflow/dags/dag_traer_csv.py for tasks to queue
[2025-09-10T00:07:39.630+0000] {logging_mixin.py:188} INFO - [2025-09-10T00:07:39.630+0000] {dagbag.py:540} INFO - Filling up the DagBag from /opt/airflow/dags/dag_traer_csv.py
[2025-09-10T00:07:39.633+0000] {logging_mixin.py:188} INFO - [2025-09-10T00:07:39.632+0000] {dagbag.py:350} ERROR - Failed to import: /opt/airflow/dags/dag_traer_csv.py
Traceback (most recent call last):
  File "/home/airflow/.local/lib/python3.10/site-packages/airflow/models/dagbag.py", line 346, in parse
    loader.exec_module(new_module)
  File "<frozen importlib._bootstrap_external>", line 883, in exec_module
  File "<frozen importlib._bootstrap>", line 241, in _call_with_frames_removed
  File "/opt/airflow/dags/dag_traer_csv.py", line 2, in <module>
    from playwright.sync_api import sync_playwright, expect
ModuleNotFoundError: No module named 'playwright'
[2025-09-10T00:07:39.633+0000] {processor.py:842} WARNING - No viable dags retrieved from /opt/airflow/dags/dag_traer_csv.py
[2025-09-10T00:07:39.643+0000] {processor.py:183} INFO - Processing /opt/airflow/dags/dag_traer_csv.py took 0.017 seconds
[2025-09-10T00:08:09.755+0000] {processor.py:161} INFO - Started process (PID=295) to work on /opt/airflow/dags/dag_traer_csv.py
[2025-09-10T00:08:09.756+0000] {processor.py:830} INFO - Processing file /opt/airflow/dags/dag_traer_csv.py for tasks to queue
[2025-09-10T00:08:09.757+0000] {logging_mixin.py:188} INFO - [2025-09-10T00:08:09.757+0000] {dagbag.py:540} INFO - Filling up the DagBag from /opt/airflow/dags/dag_traer_csv.py
[2025-09-10T00:08:09.759+0000] {logging_mixin.py:188} INFO - [2025-09-10T00:08:09.759+0000] {dagbag.py:350} ERROR - Failed to import: /opt/airflow/dags/dag_traer_csv.py
Traceback (most recent call last):
  File "/home/airflow/.local/lib/python3.10/site-packages/airflow/models/dagbag.py", line 346, in parse
    loader.exec_module(new_module)
  File "<frozen importlib._bootstrap_external>", line 883, in exec_module
  File "<frozen importlib._bootstrap>", line 241, in _call_with_frames_removed
  File "/opt/airflow/dags/dag_traer_csv.py", line 2, in <module>
    from playwright.sync_api import sync_playwright, expect
ModuleNotFoundError: No module named 'playwright'
[2025-09-10T00:08:09.760+0000] {processor.py:842} WARNING - No viable dags retrieved from /opt/airflow/dags/dag_traer_csv.py
[2025-09-10T00:08:09.770+0000] {processor.py:183} INFO - Processing /opt/airflow/dags/dag_traer_csv.py took 0.017 seconds
[2025-09-10T00:08:39.894+0000] {processor.py:161} INFO - Started process (PID=303) to work on /opt/airflow/dags/dag_traer_csv.py
[2025-09-10T00:08:39.894+0000] {processor.py:830} INFO - Processing file /opt/airflow/dags/dag_traer_csv.py for tasks to queue
[2025-09-10T00:08:39.895+0000] {logging_mixin.py:188} INFO - [2025-09-10T00:08:39.895+0000] {dagbag.py:540} INFO - Filling up the DagBag from /opt/airflow/dags/dag_traer_csv.py
[2025-09-10T00:08:39.897+0000] {logging_mixin.py:188} INFO - [2025-09-10T00:08:39.897+0000] {dagbag.py:350} ERROR - Failed to import: /opt/airflow/dags/dag_traer_csv.py
Traceback (most recent call last):
  File "/home/airflow/.local/lib/python3.10/site-packages/airflow/models/dagbag.py", line 346, in parse
    loader.exec_module(new_module)
  File "<frozen importlib._bootstrap_external>", line 883, in exec_module
  File "<frozen importlib._bootstrap>", line 241, in _call_with_frames_removed
  File "/opt/airflow/dags/dag_traer_csv.py", line 2, in <module>
    from playwright.sync_api import sync_playwright, expect
ModuleNotFoundError: No module named 'playwright'
[2025-09-10T00:08:39.898+0000] {processor.py:842} WARNING - No viable dags retrieved from /opt/airflow/dags/dag_traer_csv.py
[2025-09-10T00:08:39.908+0000] {processor.py:183} INFO - Processing /opt/airflow/dags/dag_traer_csv.py took 0.017 seconds
[2025-09-10T00:09:10.018+0000] {processor.py:161} INFO - Started process (PID=311) to work on /opt/airflow/dags/dag_traer_csv.py
[2025-09-10T00:09:10.019+0000] {processor.py:830} INFO - Processing file /opt/airflow/dags/dag_traer_csv.py for tasks to queue
[2025-09-10T00:09:10.020+0000] {logging_mixin.py:188} INFO - [2025-09-10T00:09:10.020+0000] {dagbag.py:540} INFO - Filling up the DagBag from /opt/airflow/dags/dag_traer_csv.py
[2025-09-10T00:09:10.023+0000] {logging_mixin.py:188} INFO - [2025-09-10T00:09:10.022+0000] {dagbag.py:350} ERROR - Failed to import: /opt/airflow/dags/dag_traer_csv.py
Traceback (most recent call last):
  File "/home/airflow/.local/lib/python3.10/site-packages/airflow/models/dagbag.py", line 346, in parse
    loader.exec_module(new_module)
  File "<frozen importlib._bootstrap_external>", line 883, in exec_module
  File "<frozen importlib._bootstrap>", line 241, in _call_with_frames_removed
  File "/opt/airflow/dags/dag_traer_csv.py", line 2, in <module>
    from playwright.sync_api import sync_playwright, expect
ModuleNotFoundError: No module named 'playwright'
[2025-09-10T00:09:10.023+0000] {processor.py:842} WARNING - No viable dags retrieved from /opt/airflow/dags/dag_traer_csv.py
[2025-09-10T00:09:10.034+0000] {processor.py:183} INFO - Processing /opt/airflow/dags/dag_traer_csv.py took 0.017 seconds
[2025-09-10T00:09:40.147+0000] {processor.py:161} INFO - Started process (PID=319) to work on /opt/airflow/dags/dag_traer_csv.py
[2025-09-10T00:09:40.148+0000] {processor.py:830} INFO - Processing file /opt/airflow/dags/dag_traer_csv.py for tasks to queue
[2025-09-10T00:09:40.149+0000] {logging_mixin.py:188} INFO - [2025-09-10T00:09:40.149+0000] {dagbag.py:540} INFO - Filling up the DagBag from /opt/airflow/dags/dag_traer_csv.py
[2025-09-10T00:09:40.151+0000] {logging_mixin.py:188} INFO - [2025-09-10T00:09:40.151+0000] {dagbag.py:350} ERROR - Failed to import: /opt/airflow/dags/dag_traer_csv.py
Traceback (most recent call last):
  File "/home/airflow/.local/lib/python3.10/site-packages/airflow/models/dagbag.py", line 346, in parse
    loader.exec_module(new_module)
  File "<frozen importlib._bootstrap_external>", line 883, in exec_module
  File "<frozen importlib._bootstrap>", line 241, in _call_with_frames_removed
  File "/opt/airflow/dags/dag_traer_csv.py", line 2, in <module>
    from playwright.sync_api import sync_playwright, expect
ModuleNotFoundError: No module named 'playwright'
[2025-09-10T00:09:40.151+0000] {processor.py:842} WARNING - No viable dags retrieved from /opt/airflow/dags/dag_traer_csv.py
[2025-09-10T00:09:40.162+0000] {processor.py:183} INFO - Processing /opt/airflow/dags/dag_traer_csv.py took 0.017 seconds
[2025-09-10T00:10:10.279+0000] {processor.py:161} INFO - Started process (PID=327) to work on /opt/airflow/dags/dag_traer_csv.py
[2025-09-10T00:10:10.280+0000] {processor.py:830} INFO - Processing file /opt/airflow/dags/dag_traer_csv.py for tasks to queue
[2025-09-10T00:10:10.281+0000] {logging_mixin.py:188} INFO - [2025-09-10T00:10:10.281+0000] {dagbag.py:540} INFO - Filling up the DagBag from /opt/airflow/dags/dag_traer_csv.py
[2025-09-10T00:10:10.284+0000] {logging_mixin.py:188} INFO - [2025-09-10T00:10:10.283+0000] {dagbag.py:350} ERROR - Failed to import: /opt/airflow/dags/dag_traer_csv.py
Traceback (most recent call last):
  File "/home/airflow/.local/lib/python3.10/site-packages/airflow/models/dagbag.py", line 346, in parse
    loader.exec_module(new_module)
  File "<frozen importlib._bootstrap_external>", line 883, in exec_module
  File "<frozen importlib._bootstrap>", line 241, in _call_with_frames_removed
  File "/opt/airflow/dags/dag_traer_csv.py", line 2, in <module>
    from playwright.sync_api import sync_playwright, expect
ModuleNotFoundError: No module named 'playwright'
[2025-09-10T00:10:10.284+0000] {processor.py:842} WARNING - No viable dags retrieved from /opt/airflow/dags/dag_traer_csv.py
[2025-09-10T00:10:10.294+0000] {processor.py:183} INFO - Processing /opt/airflow/dags/dag_traer_csv.py took 0.017 seconds
[2025-09-10T00:10:40.418+0000] {processor.py:161} INFO - Started process (PID=335) to work on /opt/airflow/dags/dag_traer_csv.py
[2025-09-10T00:10:40.419+0000] {processor.py:830} INFO - Processing file /opt/airflow/dags/dag_traer_csv.py for tasks to queue
[2025-09-10T00:10:40.420+0000] {logging_mixin.py:188} INFO - [2025-09-10T00:10:40.420+0000] {dagbag.py:540} INFO - Filling up the DagBag from /opt/airflow/dags/dag_traer_csv.py
[2025-09-10T00:10:40.422+0000] {logging_mixin.py:188} INFO - [2025-09-10T00:10:40.422+0000] {dagbag.py:350} ERROR - Failed to import: /opt/airflow/dags/dag_traer_csv.py
Traceback (most recent call last):
  File "/home/airflow/.local/lib/python3.10/site-packages/airflow/models/dagbag.py", line 346, in parse
    loader.exec_module(new_module)
  File "<frozen importlib._bootstrap_external>", line 883, in exec_module
  File "<frozen importlib._bootstrap>", line 241, in _call_with_frames_removed
  File "/opt/airflow/dags/dag_traer_csv.py", line 2, in <module>
    from playwright.sync_api import sync_playwright, expect
ModuleNotFoundError: No module named 'playwright'
[2025-09-10T00:10:40.423+0000] {processor.py:842} WARNING - No viable dags retrieved from /opt/airflow/dags/dag_traer_csv.py
[2025-09-10T00:10:40.433+0000] {processor.py:183} INFO - Processing /opt/airflow/dags/dag_traer_csv.py took 0.017 seconds
[2025-09-10T00:11:10.545+0000] {processor.py:161} INFO - Started process (PID=343) to work on /opt/airflow/dags/dag_traer_csv.py
[2025-09-10T00:11:10.547+0000] {processor.py:830} INFO - Processing file /opt/airflow/dags/dag_traer_csv.py for tasks to queue
[2025-09-10T00:11:10.547+0000] {logging_mixin.py:188} INFO - [2025-09-10T00:11:10.547+0000] {dagbag.py:540} INFO - Filling up the DagBag from /opt/airflow/dags/dag_traer_csv.py
[2025-09-10T00:11:10.549+0000] {logging_mixin.py:188} INFO - [2025-09-10T00:11:10.549+0000] {dagbag.py:350} ERROR - Failed to import: /opt/airflow/dags/dag_traer_csv.py
Traceback (most recent call last):
  File "/home/airflow/.local/lib/python3.10/site-packages/airflow/models/dagbag.py", line 346, in parse
    loader.exec_module(new_module)
  File "<frozen importlib._bootstrap_external>", line 883, in exec_module
  File "<frozen importlib._bootstrap>", line 241, in _call_with_frames_removed
  File "/opt/airflow/dags/dag_traer_csv.py", line 2, in <module>
    from playwright.sync_api import sync_playwright, expect
ModuleNotFoundError: No module named 'playwright'
[2025-09-10T00:11:10.550+0000] {processor.py:842} WARNING - No viable dags retrieved from /opt/airflow/dags/dag_traer_csv.py
[2025-09-10T00:11:10.559+0000] {processor.py:183} INFO - Processing /opt/airflow/dags/dag_traer_csv.py took 0.016 seconds
[2025-09-10T00:11:40.673+0000] {processor.py:161} INFO - Started process (PID=351) to work on /opt/airflow/dags/dag_traer_csv.py
[2025-09-10T00:11:40.674+0000] {processor.py:830} INFO - Processing file /opt/airflow/dags/dag_traer_csv.py for tasks to queue
[2025-09-10T00:11:40.675+0000] {logging_mixin.py:188} INFO - [2025-09-10T00:11:40.674+0000] {dagbag.py:540} INFO - Filling up the DagBag from /opt/airflow/dags/dag_traer_csv.py
[2025-09-10T00:11:40.677+0000] {logging_mixin.py:188} INFO - [2025-09-10T00:11:40.676+0000] {dagbag.py:350} ERROR - Failed to import: /opt/airflow/dags/dag_traer_csv.py
Traceback (most recent call last):
  File "/home/airflow/.local/lib/python3.10/site-packages/airflow/models/dagbag.py", line 346, in parse
    loader.exec_module(new_module)
  File "<frozen importlib._bootstrap_external>", line 883, in exec_module
  File "<frozen importlib._bootstrap>", line 241, in _call_with_frames_removed
  File "/opt/airflow/dags/dag_traer_csv.py", line 2, in <module>
    from playwright.sync_api import sync_playwright, expect
ModuleNotFoundError: No module named 'playwright'
[2025-09-10T00:11:40.677+0000] {processor.py:842} WARNING - No viable dags retrieved from /opt/airflow/dags/dag_traer_csv.py
[2025-09-10T00:11:40.688+0000] {processor.py:183} INFO - Processing /opt/airflow/dags/dag_traer_csv.py took 0.018 seconds
[2025-09-10T00:12:10.807+0000] {processor.py:161} INFO - Started process (PID=359) to work on /opt/airflow/dags/dag_traer_csv.py
[2025-09-10T00:12:10.808+0000] {processor.py:830} INFO - Processing file /opt/airflow/dags/dag_traer_csv.py for tasks to queue
[2025-09-10T00:12:10.809+0000] {logging_mixin.py:188} INFO - [2025-09-10T00:12:10.809+0000] {dagbag.py:540} INFO - Filling up the DagBag from /opt/airflow/dags/dag_traer_csv.py
[2025-09-10T00:12:10.812+0000] {logging_mixin.py:188} INFO - [2025-09-10T00:12:10.811+0000] {dagbag.py:350} ERROR - Failed to import: /opt/airflow/dags/dag_traer_csv.py
Traceback (most recent call last):
  File "/home/airflow/.local/lib/python3.10/site-packages/airflow/models/dagbag.py", line 346, in parse
    loader.exec_module(new_module)
  File "<frozen importlib._bootstrap_external>", line 883, in exec_module
  File "<frozen importlib._bootstrap>", line 241, in _call_with_frames_removed
  File "/opt/airflow/dags/dag_traer_csv.py", line 2, in <module>
    from playwright.sync_api import sync_playwright, expect
ModuleNotFoundError: No module named 'playwright'
[2025-09-10T00:12:10.812+0000] {processor.py:842} WARNING - No viable dags retrieved from /opt/airflow/dags/dag_traer_csv.py
[2025-09-10T00:12:10.828+0000] {processor.py:183} INFO - Processing /opt/airflow/dags/dag_traer_csv.py took 0.023 seconds
[2025-09-10T00:12:40.942+0000] {processor.py:161} INFO - Started process (PID=367) to work on /opt/airflow/dags/dag_traer_csv.py
[2025-09-10T00:12:40.943+0000] {processor.py:830} INFO - Processing file /opt/airflow/dags/dag_traer_csv.py for tasks to queue
[2025-09-10T00:12:40.944+0000] {logging_mixin.py:188} INFO - [2025-09-10T00:12:40.944+0000] {dagbag.py:540} INFO - Filling up the DagBag from /opt/airflow/dags/dag_traer_csv.py
[2025-09-10T00:12:40.946+0000] {logging_mixin.py:188} INFO - [2025-09-10T00:12:40.946+0000] {dagbag.py:350} ERROR - Failed to import: /opt/airflow/dags/dag_traer_csv.py
Traceback (most recent call last):
  File "/home/airflow/.local/lib/python3.10/site-packages/airflow/models/dagbag.py", line 346, in parse
    loader.exec_module(new_module)
  File "<frozen importlib._bootstrap_external>", line 883, in exec_module
  File "<frozen importlib._bootstrap>", line 241, in _call_with_frames_removed
  File "/opt/airflow/dags/dag_traer_csv.py", line 2, in <module>
    from playwright.sync_api import sync_playwright, expect
ModuleNotFoundError: No module named 'playwright'
[2025-09-10T00:12:40.946+0000] {processor.py:842} WARNING - No viable dags retrieved from /opt/airflow/dags/dag_traer_csv.py
[2025-09-10T00:12:40.958+0000] {processor.py:183} INFO - Processing /opt/airflow/dags/dag_traer_csv.py took 0.018 seconds
[2025-09-10T00:13:11.071+0000] {processor.py:161} INFO - Started process (PID=375) to work on /opt/airflow/dags/dag_traer_csv.py
[2025-09-10T00:13:11.071+0000] {processor.py:830} INFO - Processing file /opt/airflow/dags/dag_traer_csv.py for tasks to queue
[2025-09-10T00:13:11.072+0000] {logging_mixin.py:188} INFO - [2025-09-10T00:13:11.072+0000] {dagbag.py:540} INFO - Filling up the DagBag from /opt/airflow/dags/dag_traer_csv.py
[2025-09-10T00:13:11.075+0000] {logging_mixin.py:188} INFO - [2025-09-10T00:13:11.074+0000] {dagbag.py:350} ERROR - Failed to import: /opt/airflow/dags/dag_traer_csv.py
Traceback (most recent call last):
  File "/home/airflow/.local/lib/python3.10/site-packages/airflow/models/dagbag.py", line 346, in parse
    loader.exec_module(new_module)
  File "<frozen importlib._bootstrap_external>", line 883, in exec_module
  File "<frozen importlib._bootstrap>", line 241, in _call_with_frames_removed
  File "/opt/airflow/dags/dag_traer_csv.py", line 2, in <module>
    from playwright.sync_api import sync_playwright, expect
ModuleNotFoundError: No module named 'playwright'
[2025-09-10T00:13:11.075+0000] {processor.py:842} WARNING - No viable dags retrieved from /opt/airflow/dags/dag_traer_csv.py
[2025-09-10T00:13:11.086+0000] {processor.py:183} INFO - Processing /opt/airflow/dags/dag_traer_csv.py took 0.017 seconds
[2025-09-10T00:13:41.211+0000] {processor.py:161} INFO - Started process (PID=383) to work on /opt/airflow/dags/dag_traer_csv.py
[2025-09-10T00:13:41.212+0000] {processor.py:830} INFO - Processing file /opt/airflow/dags/dag_traer_csv.py for tasks to queue
[2025-09-10T00:13:41.213+0000] {logging_mixin.py:188} INFO - [2025-09-10T00:13:41.213+0000] {dagbag.py:540} INFO - Filling up the DagBag from /opt/airflow/dags/dag_traer_csv.py
[2025-09-10T00:13:41.215+0000] {logging_mixin.py:188} INFO - [2025-09-10T00:13:41.215+0000] {dagbag.py:350} ERROR - Failed to import: /opt/airflow/dags/dag_traer_csv.py
Traceback (most recent call last):
  File "/home/airflow/.local/lib/python3.10/site-packages/airflow/models/dagbag.py", line 346, in parse
    loader.exec_module(new_module)
  File "<frozen importlib._bootstrap_external>", line 883, in exec_module
  File "<frozen importlib._bootstrap>", line 241, in _call_with_frames_removed
  File "/opt/airflow/dags/dag_traer_csv.py", line 2, in <module>
    from playwright.sync_api import sync_playwright, expect
ModuleNotFoundError: No module named 'playwright'
[2025-09-10T00:13:41.216+0000] {processor.py:842} WARNING - No viable dags retrieved from /opt/airflow/dags/dag_traer_csv.py
[2025-09-10T00:13:41.226+0000] {processor.py:183} INFO - Processing /opt/airflow/dags/dag_traer_csv.py took 0.017 seconds
[2025-09-10T00:14:11.338+0000] {processor.py:161} INFO - Started process (PID=391) to work on /opt/airflow/dags/dag_traer_csv.py
[2025-09-10T00:14:11.339+0000] {processor.py:830} INFO - Processing file /opt/airflow/dags/dag_traer_csv.py for tasks to queue
[2025-09-10T00:14:11.340+0000] {logging_mixin.py:188} INFO - [2025-09-10T00:14:11.339+0000] {dagbag.py:540} INFO - Filling up the DagBag from /opt/airflow/dags/dag_traer_csv.py
[2025-09-10T00:14:11.342+0000] {logging_mixin.py:188} INFO - [2025-09-10T00:14:11.341+0000] {dagbag.py:350} ERROR - Failed to import: /opt/airflow/dags/dag_traer_csv.py
Traceback (most recent call last):
  File "/home/airflow/.local/lib/python3.10/site-packages/airflow/models/dagbag.py", line 346, in parse
    loader.exec_module(new_module)
  File "<frozen importlib._bootstrap_external>", line 883, in exec_module
  File "<frozen importlib._bootstrap>", line 241, in _call_with_frames_removed
  File "/opt/airflow/dags/dag_traer_csv.py", line 2, in <module>
    from playwright.sync_api import sync_playwright, expect
ModuleNotFoundError: No module named 'playwright'
[2025-09-10T00:14:11.342+0000] {processor.py:842} WARNING - No viable dags retrieved from /opt/airflow/dags/dag_traer_csv.py
[2025-09-10T00:14:11.353+0000] {processor.py:183} INFO - Processing /opt/airflow/dags/dag_traer_csv.py took 0.017 seconds
[2025-09-10T00:14:41.466+0000] {processor.py:161} INFO - Started process (PID=399) to work on /opt/airflow/dags/dag_traer_csv.py
[2025-09-10T00:14:41.466+0000] {processor.py:830} INFO - Processing file /opt/airflow/dags/dag_traer_csv.py for tasks to queue
[2025-09-10T00:14:41.468+0000] {logging_mixin.py:188} INFO - [2025-09-10T00:14:41.468+0000] {dagbag.py:540} INFO - Filling up the DagBag from /opt/airflow/dags/dag_traer_csv.py
[2025-09-10T00:14:41.470+0000] {logging_mixin.py:188} INFO - [2025-09-10T00:14:41.470+0000] {dagbag.py:350} ERROR - Failed to import: /opt/airflow/dags/dag_traer_csv.py
Traceback (most recent call last):
  File "/home/airflow/.local/lib/python3.10/site-packages/airflow/models/dagbag.py", line 346, in parse
    loader.exec_module(new_module)
  File "<frozen importlib._bootstrap_external>", line 883, in exec_module
  File "<frozen importlib._bootstrap>", line 241, in _call_with_frames_removed
  File "/opt/airflow/dags/dag_traer_csv.py", line 2, in <module>
    from playwright.sync_api import sync_playwright, expect
ModuleNotFoundError: No module named 'playwright'
[2025-09-10T00:14:41.470+0000] {processor.py:842} WARNING - No viable dags retrieved from /opt/airflow/dags/dag_traer_csv.py
[2025-09-10T00:14:41.481+0000] {processor.py:183} INFO - Processing /opt/airflow/dags/dag_traer_csv.py took 0.018 seconds
[2025-09-10T00:15:11.602+0000] {processor.py:161} INFO - Started process (PID=407) to work on /opt/airflow/dags/dag_traer_csv.py
[2025-09-10T00:15:11.602+0000] {processor.py:830} INFO - Processing file /opt/airflow/dags/dag_traer_csv.py for tasks to queue
[2025-09-10T00:15:11.603+0000] {logging_mixin.py:188} INFO - [2025-09-10T00:15:11.603+0000] {dagbag.py:540} INFO - Filling up the DagBag from /opt/airflow/dags/dag_traer_csv.py
[2025-09-10T00:15:11.605+0000] {logging_mixin.py:188} INFO - [2025-09-10T00:15:11.605+0000] {dagbag.py:350} ERROR - Failed to import: /opt/airflow/dags/dag_traer_csv.py
Traceback (most recent call last):
  File "/home/airflow/.local/lib/python3.10/site-packages/airflow/models/dagbag.py", line 346, in parse
    loader.exec_module(new_module)
  File "<frozen importlib._bootstrap_external>", line 883, in exec_module
  File "<frozen importlib._bootstrap>", line 241, in _call_with_frames_removed
  File "/opt/airflow/dags/dag_traer_csv.py", line 2, in <module>
    from playwright.sync_api import sync_playwright, expect
ModuleNotFoundError: No module named 'playwright'
[2025-09-10T00:15:11.606+0000] {processor.py:842} WARNING - No viable dags retrieved from /opt/airflow/dags/dag_traer_csv.py
[2025-09-10T00:15:11.617+0000] {processor.py:183} INFO - Processing /opt/airflow/dags/dag_traer_csv.py took 0.017 seconds
[2025-09-10T00:15:41.730+0000] {processor.py:161} INFO - Started process (PID=415) to work on /opt/airflow/dags/dag_traer_csv.py
[2025-09-10T00:15:41.731+0000] {processor.py:830} INFO - Processing file /opt/airflow/dags/dag_traer_csv.py for tasks to queue
[2025-09-10T00:15:41.732+0000] {logging_mixin.py:188} INFO - [2025-09-10T00:15:41.732+0000] {dagbag.py:540} INFO - Filling up the DagBag from /opt/airflow/dags/dag_traer_csv.py
[2025-09-10T00:15:41.735+0000] {logging_mixin.py:188} INFO - [2025-09-10T00:15:41.734+0000] {dagbag.py:350} ERROR - Failed to import: /opt/airflow/dags/dag_traer_csv.py
Traceback (most recent call last):
  File "/home/airflow/.local/lib/python3.10/site-packages/airflow/models/dagbag.py", line 346, in parse
    loader.exec_module(new_module)
  File "<frozen importlib._bootstrap_external>", line 883, in exec_module
  File "<frozen importlib._bootstrap>", line 241, in _call_with_frames_removed
  File "/opt/airflow/dags/dag_traer_csv.py", line 2, in <module>
    from playwright.sync_api import sync_playwright, expect
ModuleNotFoundError: No module named 'playwright'
[2025-09-10T00:15:41.735+0000] {processor.py:842} WARNING - No viable dags retrieved from /opt/airflow/dags/dag_traer_csv.py
[2025-09-10T00:15:41.746+0000] {processor.py:183} INFO - Processing /opt/airflow/dags/dag_traer_csv.py took 0.017 seconds
[2025-09-10T00:16:11.864+0000] {processor.py:161} INFO - Started process (PID=423) to work on /opt/airflow/dags/dag_traer_csv.py
[2025-09-10T00:16:11.865+0000] {processor.py:830} INFO - Processing file /opt/airflow/dags/dag_traer_csv.py for tasks to queue
[2025-09-10T00:16:11.866+0000] {logging_mixin.py:188} INFO - [2025-09-10T00:16:11.865+0000] {dagbag.py:540} INFO - Filling up the DagBag from /opt/airflow/dags/dag_traer_csv.py
[2025-09-10T00:16:11.868+0000] {logging_mixin.py:188} INFO - [2025-09-10T00:16:11.867+0000] {dagbag.py:350} ERROR - Failed to import: /opt/airflow/dags/dag_traer_csv.py
Traceback (most recent call last):
  File "/home/airflow/.local/lib/python3.10/site-packages/airflow/models/dagbag.py", line 346, in parse
    loader.exec_module(new_module)
  File "<frozen importlib._bootstrap_external>", line 883, in exec_module
  File "<frozen importlib._bootstrap>", line 241, in _call_with_frames_removed
  File "/opt/airflow/dags/dag_traer_csv.py", line 2, in <module>
    from playwright.sync_api import sync_playwright, expect
ModuleNotFoundError: No module named 'playwright'
[2025-09-10T00:16:11.868+0000] {processor.py:842} WARNING - No viable dags retrieved from /opt/airflow/dags/dag_traer_csv.py
[2025-09-10T00:16:11.879+0000] {processor.py:183} INFO - Processing /opt/airflow/dags/dag_traer_csv.py took 0.017 seconds
[2025-09-10T00:16:41.990+0000] {processor.py:161} INFO - Started process (PID=431) to work on /opt/airflow/dags/dag_traer_csv.py
[2025-09-10T00:16:41.991+0000] {processor.py:830} INFO - Processing file /opt/airflow/dags/dag_traer_csv.py for tasks to queue
[2025-09-10T00:16:41.992+0000] {logging_mixin.py:188} INFO - [2025-09-10T00:16:41.992+0000] {dagbag.py:540} INFO - Filling up the DagBag from /opt/airflow/dags/dag_traer_csv.py
[2025-09-10T00:16:41.994+0000] {logging_mixin.py:188} INFO - [2025-09-10T00:16:41.993+0000] {dagbag.py:350} ERROR - Failed to import: /opt/airflow/dags/dag_traer_csv.py
Traceback (most recent call last):
  File "/home/airflow/.local/lib/python3.10/site-packages/airflow/models/dagbag.py", line 346, in parse
    loader.exec_module(new_module)
  File "<frozen importlib._bootstrap_external>", line 883, in exec_module
  File "<frozen importlib._bootstrap>", line 241, in _call_with_frames_removed
  File "/opt/airflow/dags/dag_traer_csv.py", line 2, in <module>
    from playwright.sync_api import sync_playwright, expect
ModuleNotFoundError: No module named 'playwright'
[2025-09-10T00:16:41.994+0000] {processor.py:842} WARNING - No viable dags retrieved from /opt/airflow/dags/dag_traer_csv.py
[2025-09-10T00:16:42.005+0000] {processor.py:183} INFO - Processing /opt/airflow/dags/dag_traer_csv.py took 0.017 seconds
[2025-09-10T00:17:12.119+0000] {processor.py:161} INFO - Started process (PID=439) to work on /opt/airflow/dags/dag_traer_csv.py
[2025-09-10T00:17:12.120+0000] {processor.py:830} INFO - Processing file /opt/airflow/dags/dag_traer_csv.py for tasks to queue
[2025-09-10T00:17:12.121+0000] {logging_mixin.py:188} INFO - [2025-09-10T00:17:12.120+0000] {dagbag.py:540} INFO - Filling up the DagBag from /opt/airflow/dags/dag_traer_csv.py
[2025-09-10T00:17:12.123+0000] {logging_mixin.py:188} INFO - [2025-09-10T00:17:12.122+0000] {dagbag.py:350} ERROR - Failed to import: /opt/airflow/dags/dag_traer_csv.py
Traceback (most recent call last):
  File "/home/airflow/.local/lib/python3.10/site-packages/airflow/models/dagbag.py", line 346, in parse
    loader.exec_module(new_module)
  File "<frozen importlib._bootstrap_external>", line 883, in exec_module
  File "<frozen importlib._bootstrap>", line 241, in _call_with_frames_removed
  File "/opt/airflow/dags/dag_traer_csv.py", line 2, in <module>
    from playwright.sync_api import sync_playwright, expect
ModuleNotFoundError: No module named 'playwright'
[2025-09-10T00:17:12.123+0000] {processor.py:842} WARNING - No viable dags retrieved from /opt/airflow/dags/dag_traer_csv.py
[2025-09-10T00:17:12.134+0000] {processor.py:183} INFO - Processing /opt/airflow/dags/dag_traer_csv.py took 0.017 seconds
[2025-09-10T00:17:42.255+0000] {processor.py:161} INFO - Started process (PID=447) to work on /opt/airflow/dags/dag_traer_csv.py
[2025-09-10T00:17:42.255+0000] {processor.py:830} INFO - Processing file /opt/airflow/dags/dag_traer_csv.py for tasks to queue
[2025-09-10T00:17:42.257+0000] {logging_mixin.py:188} INFO - [2025-09-10T00:17:42.256+0000] {dagbag.py:540} INFO - Filling up the DagBag from /opt/airflow/dags/dag_traer_csv.py
[2025-09-10T00:17:42.259+0000] {logging_mixin.py:188} INFO - [2025-09-10T00:17:42.258+0000] {dagbag.py:350} ERROR - Failed to import: /opt/airflow/dags/dag_traer_csv.py
Traceback (most recent call last):
  File "/home/airflow/.local/lib/python3.10/site-packages/airflow/models/dagbag.py", line 346, in parse
    loader.exec_module(new_module)
  File "<frozen importlib._bootstrap_external>", line 883, in exec_module
  File "<frozen importlib._bootstrap>", line 241, in _call_with_frames_removed
  File "/opt/airflow/dags/dag_traer_csv.py", line 2, in <module>
    from playwright.sync_api import sync_playwright, expect
ModuleNotFoundError: No module named 'playwright'
[2025-09-10T00:17:42.259+0000] {processor.py:842} WARNING - No viable dags retrieved from /opt/airflow/dags/dag_traer_csv.py
[2025-09-10T00:17:42.269+0000] {processor.py:183} INFO - Processing /opt/airflow/dags/dag_traer_csv.py took 0.017 seconds
[2025-09-10T00:18:12.388+0000] {processor.py:161} INFO - Started process (PID=455) to work on /opt/airflow/dags/dag_traer_csv.py
[2025-09-10T00:18:12.389+0000] {processor.py:830} INFO - Processing file /opt/airflow/dags/dag_traer_csv.py for tasks to queue
[2025-09-10T00:18:12.390+0000] {logging_mixin.py:188} INFO - [2025-09-10T00:18:12.389+0000] {dagbag.py:540} INFO - Filling up the DagBag from /opt/airflow/dags/dag_traer_csv.py
[2025-09-10T00:18:12.392+0000] {logging_mixin.py:188} INFO - [2025-09-10T00:18:12.391+0000] {dagbag.py:350} ERROR - Failed to import: /opt/airflow/dags/dag_traer_csv.py
Traceback (most recent call last):
  File "/home/airflow/.local/lib/python3.10/site-packages/airflow/models/dagbag.py", line 346, in parse
    loader.exec_module(new_module)
  File "<frozen importlib._bootstrap_external>", line 883, in exec_module
  File "<frozen importlib._bootstrap>", line 241, in _call_with_frames_removed
  File "/opt/airflow/dags/dag_traer_csv.py", line 2, in <module>
    from playwright.sync_api import sync_playwright, expect
ModuleNotFoundError: No module named 'playwright'
[2025-09-10T00:18:12.392+0000] {processor.py:842} WARNING - No viable dags retrieved from /opt/airflow/dags/dag_traer_csv.py
[2025-09-10T00:18:12.403+0000] {processor.py:183} INFO - Processing /opt/airflow/dags/dag_traer_csv.py took 0.017 seconds
[2025-09-10T00:18:42.518+0000] {processor.py:161} INFO - Started process (PID=463) to work on /opt/airflow/dags/dag_traer_csv.py
[2025-09-10T00:18:42.519+0000] {processor.py:830} INFO - Processing file /opt/airflow/dags/dag_traer_csv.py for tasks to queue
[2025-09-10T00:18:42.520+0000] {logging_mixin.py:188} INFO - [2025-09-10T00:18:42.520+0000] {dagbag.py:540} INFO - Filling up the DagBag from /opt/airflow/dags/dag_traer_csv.py
[2025-09-10T00:18:42.522+0000] {logging_mixin.py:188} INFO - [2025-09-10T00:18:42.522+0000] {dagbag.py:350} ERROR - Failed to import: /opt/airflow/dags/dag_traer_csv.py
Traceback (most recent call last):
  File "/home/airflow/.local/lib/python3.10/site-packages/airflow/models/dagbag.py", line 346, in parse
    loader.exec_module(new_module)
  File "<frozen importlib._bootstrap_external>", line 883, in exec_module
  File "<frozen importlib._bootstrap>", line 241, in _call_with_frames_removed
  File "/opt/airflow/dags/dag_traer_csv.py", line 2, in <module>
    from playwright.sync_api import sync_playwright, expect
ModuleNotFoundError: No module named 'playwright'
[2025-09-10T00:18:42.522+0000] {processor.py:842} WARNING - No viable dags retrieved from /opt/airflow/dags/dag_traer_csv.py
[2025-09-10T00:18:42.533+0000] {processor.py:183} INFO - Processing /opt/airflow/dags/dag_traer_csv.py took 0.017 seconds
[2025-09-10T00:19:12.640+0000] {processor.py:161} INFO - Started process (PID=471) to work on /opt/airflow/dags/dag_traer_csv.py
[2025-09-10T00:19:12.641+0000] {processor.py:830} INFO - Processing file /opt/airflow/dags/dag_traer_csv.py for tasks to queue
[2025-09-10T00:19:12.642+0000] {logging_mixin.py:188} INFO - [2025-09-10T00:19:12.642+0000] {dagbag.py:540} INFO - Filling up the DagBag from /opt/airflow/dags/dag_traer_csv.py
[2025-09-10T00:19:12.644+0000] {logging_mixin.py:188} INFO - [2025-09-10T00:19:12.643+0000] {dagbag.py:350} ERROR - Failed to import: /opt/airflow/dags/dag_traer_csv.py
Traceback (most recent call last):
  File "/home/airflow/.local/lib/python3.10/site-packages/airflow/models/dagbag.py", line 346, in parse
    loader.exec_module(new_module)
  File "<frozen importlib._bootstrap_external>", line 883, in exec_module
  File "<frozen importlib._bootstrap>", line 241, in _call_with_frames_removed
  File "/opt/airflow/dags/dag_traer_csv.py", line 2, in <module>
    from playwright.sync_api import sync_playwright, expect
ModuleNotFoundError: No module named 'playwright'
[2025-09-10T00:19:12.644+0000] {processor.py:842} WARNING - No viable dags retrieved from /opt/airflow/dags/dag_traer_csv.py
[2025-09-10T00:19:12.655+0000] {processor.py:183} INFO - Processing /opt/airflow/dags/dag_traer_csv.py took 0.017 seconds
[2025-09-10T00:19:42.772+0000] {processor.py:161} INFO - Started process (PID=479) to work on /opt/airflow/dags/dag_traer_csv.py
[2025-09-10T00:19:42.773+0000] {processor.py:830} INFO - Processing file /opt/airflow/dags/dag_traer_csv.py for tasks to queue
[2025-09-10T00:19:42.774+0000] {logging_mixin.py:188} INFO - [2025-09-10T00:19:42.774+0000] {dagbag.py:540} INFO - Filling up the DagBag from /opt/airflow/dags/dag_traer_csv.py
[2025-09-10T00:19:42.777+0000] {logging_mixin.py:188} INFO - [2025-09-10T00:19:42.776+0000] {dagbag.py:350} ERROR - Failed to import: /opt/airflow/dags/dag_traer_csv.py
Traceback (most recent call last):
  File "/home/airflow/.local/lib/python3.10/site-packages/airflow/models/dagbag.py", line 346, in parse
    loader.exec_module(new_module)
  File "<frozen importlib._bootstrap_external>", line 883, in exec_module
  File "<frozen importlib._bootstrap>", line 241, in _call_with_frames_removed
  File "/opt/airflow/dags/dag_traer_csv.py", line 2, in <module>
    from playwright.sync_api import sync_playwright, expect
ModuleNotFoundError: No module named 'playwright'
[2025-09-10T00:19:42.777+0000] {processor.py:842} WARNING - No viable dags retrieved from /opt/airflow/dags/dag_traer_csv.py
[2025-09-10T00:19:42.788+0000] {processor.py:183} INFO - Processing /opt/airflow/dags/dag_traer_csv.py took 0.018 seconds
[2025-09-10T00:20:12.905+0000] {processor.py:161} INFO - Started process (PID=487) to work on /opt/airflow/dags/dag_traer_csv.py
[2025-09-10T00:20:12.906+0000] {processor.py:830} INFO - Processing file /opt/airflow/dags/dag_traer_csv.py for tasks to queue
[2025-09-10T00:20:12.907+0000] {logging_mixin.py:188} INFO - [2025-09-10T00:20:12.907+0000] {dagbag.py:540} INFO - Filling up the DagBag from /opt/airflow/dags/dag_traer_csv.py
[2025-09-10T00:20:12.909+0000] {logging_mixin.py:188} INFO - [2025-09-10T00:20:12.909+0000] {dagbag.py:350} ERROR - Failed to import: /opt/airflow/dags/dag_traer_csv.py
Traceback (most recent call last):
  File "/home/airflow/.local/lib/python3.10/site-packages/airflow/models/dagbag.py", line 346, in parse
    loader.exec_module(new_module)
  File "<frozen importlib._bootstrap_external>", line 883, in exec_module
  File "<frozen importlib._bootstrap>", line 241, in _call_with_frames_removed
  File "/opt/airflow/dags/dag_traer_csv.py", line 2, in <module>
    from playwright.sync_api import sync_playwright, expect
ModuleNotFoundError: No module named 'playwright'
[2025-09-10T00:20:12.909+0000] {processor.py:842} WARNING - No viable dags retrieved from /opt/airflow/dags/dag_traer_csv.py
[2025-09-10T00:20:12.920+0000] {processor.py:183} INFO - Processing /opt/airflow/dags/dag_traer_csv.py took 0.018 seconds
[2025-09-10T00:20:43.035+0000] {processor.py:161} INFO - Started process (PID=495) to work on /opt/airflow/dags/dag_traer_csv.py
[2025-09-10T00:20:43.035+0000] {processor.py:830} INFO - Processing file /opt/airflow/dags/dag_traer_csv.py for tasks to queue
[2025-09-10T00:20:43.037+0000] {logging_mixin.py:188} INFO - [2025-09-10T00:20:43.036+0000] {dagbag.py:540} INFO - Filling up the DagBag from /opt/airflow/dags/dag_traer_csv.py
[2025-09-10T00:20:43.039+0000] {logging_mixin.py:188} INFO - [2025-09-10T00:20:43.038+0000] {dagbag.py:350} ERROR - Failed to import: /opt/airflow/dags/dag_traer_csv.py
Traceback (most recent call last):
  File "/home/airflow/.local/lib/python3.10/site-packages/airflow/models/dagbag.py", line 346, in parse
    loader.exec_module(new_module)
  File "<frozen importlib._bootstrap_external>", line 883, in exec_module
  File "<frozen importlib._bootstrap>", line 241, in _call_with_frames_removed
  File "/opt/airflow/dags/dag_traer_csv.py", line 2, in <module>
    from playwright.sync_api import sync_playwright, expect
ModuleNotFoundError: No module named 'playwright'
[2025-09-10T00:20:43.039+0000] {processor.py:842} WARNING - No viable dags retrieved from /opt/airflow/dags/dag_traer_csv.py
[2025-09-10T00:20:43.050+0000] {processor.py:183} INFO - Processing /opt/airflow/dags/dag_traer_csv.py took 0.017 seconds
[2025-09-10T00:21:13.171+0000] {processor.py:161} INFO - Started process (PID=503) to work on /opt/airflow/dags/dag_traer_csv.py
[2025-09-10T00:21:13.171+0000] {processor.py:830} INFO - Processing file /opt/airflow/dags/dag_traer_csv.py for tasks to queue
[2025-09-10T00:21:13.172+0000] {logging_mixin.py:188} INFO - [2025-09-10T00:21:13.172+0000] {dagbag.py:540} INFO - Filling up the DagBag from /opt/airflow/dags/dag_traer_csv.py
[2025-09-10T00:21:13.175+0000] {logging_mixin.py:188} INFO - [2025-09-10T00:21:13.174+0000] {dagbag.py:350} ERROR - Failed to import: /opt/airflow/dags/dag_traer_csv.py
Traceback (most recent call last):
  File "/home/airflow/.local/lib/python3.10/site-packages/airflow/models/dagbag.py", line 346, in parse
    loader.exec_module(new_module)
  File "<frozen importlib._bootstrap_external>", line 883, in exec_module
  File "<frozen importlib._bootstrap>", line 241, in _call_with_frames_removed
  File "/opt/airflow/dags/dag_traer_csv.py", line 2, in <module>
    from playwright.sync_api import sync_playwright, expect
ModuleNotFoundError: No module named 'playwright'
[2025-09-10T00:21:13.175+0000] {processor.py:842} WARNING - No viable dags retrieved from /opt/airflow/dags/dag_traer_csv.py
[2025-09-10T00:21:13.187+0000] {processor.py:183} INFO - Processing /opt/airflow/dags/dag_traer_csv.py took 0.018 seconds
[2025-09-10T00:21:43.305+0000] {processor.py:161} INFO - Started process (PID=511) to work on /opt/airflow/dags/dag_traer_csv.py
[2025-09-10T00:21:43.306+0000] {processor.py:830} INFO - Processing file /opt/airflow/dags/dag_traer_csv.py for tasks to queue
[2025-09-10T00:21:43.307+0000] {logging_mixin.py:188} INFO - [2025-09-10T00:21:43.306+0000] {dagbag.py:540} INFO - Filling up the DagBag from /opt/airflow/dags/dag_traer_csv.py
[2025-09-10T00:21:43.309+0000] {logging_mixin.py:188} INFO - [2025-09-10T00:21:43.308+0000] {dagbag.py:350} ERROR - Failed to import: /opt/airflow/dags/dag_traer_csv.py
Traceback (most recent call last):
  File "/home/airflow/.local/lib/python3.10/site-packages/airflow/models/dagbag.py", line 346, in parse
    loader.exec_module(new_module)
  File "<frozen importlib._bootstrap_external>", line 883, in exec_module
  File "<frozen importlib._bootstrap>", line 241, in _call_with_frames_removed
  File "/opt/airflow/dags/dag_traer_csv.py", line 2, in <module>
    from playwright.sync_api import sync_playwright, expect
ModuleNotFoundError: No module named 'playwright'
[2025-09-10T00:21:43.309+0000] {processor.py:842} WARNING - No viable dags retrieved from /opt/airflow/dags/dag_traer_csv.py
[2025-09-10T00:21:43.319+0000] {processor.py:183} INFO - Processing /opt/airflow/dags/dag_traer_csv.py took 0.017 seconds
[2025-09-10T00:22:13.435+0000] {processor.py:161} INFO - Started process (PID=519) to work on /opt/airflow/dags/dag_traer_csv.py
[2025-09-10T00:22:13.436+0000] {processor.py:830} INFO - Processing file /opt/airflow/dags/dag_traer_csv.py for tasks to queue
[2025-09-10T00:22:13.437+0000] {logging_mixin.py:188} INFO - [2025-09-10T00:22:13.437+0000] {dagbag.py:540} INFO - Filling up the DagBag from /opt/airflow/dags/dag_traer_csv.py
[2025-09-10T00:22:13.439+0000] {logging_mixin.py:188} INFO - [2025-09-10T00:22:13.439+0000] {dagbag.py:350} ERROR - Failed to import: /opt/airflow/dags/dag_traer_csv.py
Traceback (most recent call last):
  File "/home/airflow/.local/lib/python3.10/site-packages/airflow/models/dagbag.py", line 346, in parse
    loader.exec_module(new_module)
  File "<frozen importlib._bootstrap_external>", line 883, in exec_module
  File "<frozen importlib._bootstrap>", line 241, in _call_with_frames_removed
  File "/opt/airflow/dags/dag_traer_csv.py", line 2, in <module>
    from playwright.sync_api import sync_playwright, expect
ModuleNotFoundError: No module named 'playwright'
[2025-09-10T00:22:13.439+0000] {processor.py:842} WARNING - No viable dags retrieved from /opt/airflow/dags/dag_traer_csv.py
[2025-09-10T00:22:13.450+0000] {processor.py:183} INFO - Processing /opt/airflow/dags/dag_traer_csv.py took 0.017 seconds
[2025-09-10T00:22:43.571+0000] {processor.py:161} INFO - Started process (PID=527) to work on /opt/airflow/dags/dag_traer_csv.py
[2025-09-10T00:22:43.572+0000] {processor.py:830} INFO - Processing file /opt/airflow/dags/dag_traer_csv.py for tasks to queue
[2025-09-10T00:22:43.573+0000] {logging_mixin.py:188} INFO - [2025-09-10T00:22:43.573+0000] {dagbag.py:540} INFO - Filling up the DagBag from /opt/airflow/dags/dag_traer_csv.py
[2025-09-10T00:22:43.575+0000] {logging_mixin.py:188} INFO - [2025-09-10T00:22:43.575+0000] {dagbag.py:350} ERROR - Failed to import: /opt/airflow/dags/dag_traer_csv.py
Traceback (most recent call last):
  File "/home/airflow/.local/lib/python3.10/site-packages/airflow/models/dagbag.py", line 346, in parse
    loader.exec_module(new_module)
  File "<frozen importlib._bootstrap_external>", line 883, in exec_module
  File "<frozen importlib._bootstrap>", line 241, in _call_with_frames_removed
  File "/opt/airflow/dags/dag_traer_csv.py", line 2, in <module>
    from playwright.sync_api import sync_playwright, expect
ModuleNotFoundError: No module named 'playwright'
[2025-09-10T00:22:43.575+0000] {processor.py:842} WARNING - No viable dags retrieved from /opt/airflow/dags/dag_traer_csv.py
[2025-09-10T00:22:43.587+0000] {processor.py:183} INFO - Processing /opt/airflow/dags/dag_traer_csv.py took 0.018 seconds
[2025-09-10T00:23:13.711+0000] {processor.py:161} INFO - Started process (PID=535) to work on /opt/airflow/dags/dag_traer_csv.py
[2025-09-10T00:23:13.712+0000] {processor.py:830} INFO - Processing file /opt/airflow/dags/dag_traer_csv.py for tasks to queue
[2025-09-10T00:23:13.713+0000] {logging_mixin.py:188} INFO - [2025-09-10T00:23:13.713+0000] {dagbag.py:540} INFO - Filling up the DagBag from /opt/airflow/dags/dag_traer_csv.py
[2025-09-10T00:23:13.715+0000] {logging_mixin.py:188} INFO - [2025-09-10T00:23:13.714+0000] {dagbag.py:350} ERROR - Failed to import: /opt/airflow/dags/dag_traer_csv.py
Traceback (most recent call last):
  File "/home/airflow/.local/lib/python3.10/site-packages/airflow/models/dagbag.py", line 346, in parse
    loader.exec_module(new_module)
  File "<frozen importlib._bootstrap_external>", line 883, in exec_module
  File "<frozen importlib._bootstrap>", line 241, in _call_with_frames_removed
  File "/opt/airflow/dags/dag_traer_csv.py", line 2, in <module>
    from playwright.sync_api import sync_playwright, expect
ModuleNotFoundError: No module named 'playwright'
[2025-09-10T00:23:13.715+0000] {processor.py:842} WARNING - No viable dags retrieved from /opt/airflow/dags/dag_traer_csv.py
[2025-09-10T00:23:13.726+0000] {processor.py:183} INFO - Processing /opt/airflow/dags/dag_traer_csv.py took 0.016 seconds
[2025-09-10T00:23:43.854+0000] {processor.py:161} INFO - Started process (PID=543) to work on /opt/airflow/dags/dag_traer_csv.py
[2025-09-10T00:23:43.855+0000] {processor.py:830} INFO - Processing file /opt/airflow/dags/dag_traer_csv.py for tasks to queue
[2025-09-10T00:23:43.856+0000] {logging_mixin.py:188} INFO - [2025-09-10T00:23:43.856+0000] {dagbag.py:540} INFO - Filling up the DagBag from /opt/airflow/dags/dag_traer_csv.py
[2025-09-10T00:23:43.859+0000] {logging_mixin.py:188} INFO - [2025-09-10T00:23:43.858+0000] {dagbag.py:350} ERROR - Failed to import: /opt/airflow/dags/dag_traer_csv.py
Traceback (most recent call last):
  File "/home/airflow/.local/lib/python3.10/site-packages/airflow/models/dagbag.py", line 346, in parse
    loader.exec_module(new_module)
  File "<frozen importlib._bootstrap_external>", line 883, in exec_module
  File "<frozen importlib._bootstrap>", line 241, in _call_with_frames_removed
  File "/opt/airflow/dags/dag_traer_csv.py", line 2, in <module>
    from playwright.sync_api import sync_playwright, expect
ModuleNotFoundError: No module named 'playwright'
[2025-09-10T00:23:43.859+0000] {processor.py:842} WARNING - No viable dags retrieved from /opt/airflow/dags/dag_traer_csv.py
[2025-09-10T00:23:43.869+0000] {processor.py:183} INFO - Processing /opt/airflow/dags/dag_traer_csv.py took 0.017 seconds
[2025-09-10T00:24:13.990+0000] {processor.py:161} INFO - Started process (PID=551) to work on /opt/airflow/dags/dag_traer_csv.py
[2025-09-10T00:24:13.990+0000] {processor.py:830} INFO - Processing file /opt/airflow/dags/dag_traer_csv.py for tasks to queue
[2025-09-10T00:24:13.991+0000] {logging_mixin.py:188} INFO - [2025-09-10T00:24:13.991+0000] {dagbag.py:540} INFO - Filling up the DagBag from /opt/airflow/dags/dag_traer_csv.py
[2025-09-10T00:24:13.994+0000] {logging_mixin.py:188} INFO - [2025-09-10T00:24:13.993+0000] {dagbag.py:350} ERROR - Failed to import: /opt/airflow/dags/dag_traer_csv.py
Traceback (most recent call last):
  File "/home/airflow/.local/lib/python3.10/site-packages/airflow/models/dagbag.py", line 346, in parse
    loader.exec_module(new_module)
  File "<frozen importlib._bootstrap_external>", line 883, in exec_module
  File "<frozen importlib._bootstrap>", line 241, in _call_with_frames_removed
  File "/opt/airflow/dags/dag_traer_csv.py", line 2, in <module>
    from playwright.sync_api import sync_playwright, expect
ModuleNotFoundError: No module named 'playwright'
[2025-09-10T00:24:13.994+0000] {processor.py:842} WARNING - No viable dags retrieved from /opt/airflow/dags/dag_traer_csv.py
[2025-09-10T00:24:14.005+0000] {processor.py:183} INFO - Processing /opt/airflow/dags/dag_traer_csv.py took 0.017 seconds
[2025-09-10T00:24:44.122+0000] {processor.py:161} INFO - Started process (PID=559) to work on /opt/airflow/dags/dag_traer_csv.py
[2025-09-10T00:24:44.122+0000] {processor.py:830} INFO - Processing file /opt/airflow/dags/dag_traer_csv.py for tasks to queue
[2025-09-10T00:24:44.123+0000] {logging_mixin.py:188} INFO - [2025-09-10T00:24:44.123+0000] {dagbag.py:540} INFO - Filling up the DagBag from /opt/airflow/dags/dag_traer_csv.py
[2025-09-10T00:24:44.126+0000] {logging_mixin.py:188} INFO - [2025-09-10T00:24:44.125+0000] {dagbag.py:350} ERROR - Failed to import: /opt/airflow/dags/dag_traer_csv.py
Traceback (most recent call last):
  File "/home/airflow/.local/lib/python3.10/site-packages/airflow/models/dagbag.py", line 346, in parse
    loader.exec_module(new_module)
  File "<frozen importlib._bootstrap_external>", line 883, in exec_module
  File "<frozen importlib._bootstrap>", line 241, in _call_with_frames_removed
  File "/opt/airflow/dags/dag_traer_csv.py", line 2, in <module>
    from playwright.sync_api import sync_playwright, expect
ModuleNotFoundError: No module named 'playwright'
[2025-09-10T00:24:44.126+0000] {processor.py:842} WARNING - No viable dags retrieved from /opt/airflow/dags/dag_traer_csv.py
[2025-09-10T00:24:44.136+0000] {processor.py:183} INFO - Processing /opt/airflow/dags/dag_traer_csv.py took 0.017 seconds
[2025-09-10T00:25:14.257+0000] {processor.py:161} INFO - Started process (PID=567) to work on /opt/airflow/dags/dag_traer_csv.py
[2025-09-10T00:25:14.258+0000] {processor.py:830} INFO - Processing file /opt/airflow/dags/dag_traer_csv.py for tasks to queue
[2025-09-10T00:25:14.259+0000] {logging_mixin.py:188} INFO - [2025-09-10T00:25:14.259+0000] {dagbag.py:540} INFO - Filling up the DagBag from /opt/airflow/dags/dag_traer_csv.py
[2025-09-10T00:25:14.261+0000] {logging_mixin.py:188} INFO - [2025-09-10T00:25:14.260+0000] {dagbag.py:350} ERROR - Failed to import: /opt/airflow/dags/dag_traer_csv.py
Traceback (most recent call last):
  File "/home/airflow/.local/lib/python3.10/site-packages/airflow/models/dagbag.py", line 346, in parse
    loader.exec_module(new_module)
  File "<frozen importlib._bootstrap_external>", line 883, in exec_module
  File "<frozen importlib._bootstrap>", line 241, in _call_with_frames_removed
  File "/opt/airflow/dags/dag_traer_csv.py", line 2, in <module>
    from playwright.sync_api import sync_playwright, expect
ModuleNotFoundError: No module named 'playwright'
[2025-09-10T00:25:14.261+0000] {processor.py:842} WARNING - No viable dags retrieved from /opt/airflow/dags/dag_traer_csv.py
[2025-09-10T00:25:14.272+0000] {processor.py:183} INFO - Processing /opt/airflow/dags/dag_traer_csv.py took 0.017 seconds
[2025-09-10T00:25:44.391+0000] {processor.py:161} INFO - Started process (PID=575) to work on /opt/airflow/dags/dag_traer_csv.py
[2025-09-10T00:25:44.392+0000] {processor.py:830} INFO - Processing file /opt/airflow/dags/dag_traer_csv.py for tasks to queue
[2025-09-10T00:25:44.393+0000] {logging_mixin.py:188} INFO - [2025-09-10T00:25:44.393+0000] {dagbag.py:540} INFO - Filling up the DagBag from /opt/airflow/dags/dag_traer_csv.py
[2025-09-10T00:25:44.396+0000] {logging_mixin.py:188} INFO - [2025-09-10T00:25:44.395+0000] {dagbag.py:350} ERROR - Failed to import: /opt/airflow/dags/dag_traer_csv.py
Traceback (most recent call last):
  File "/home/airflow/.local/lib/python3.10/site-packages/airflow/models/dagbag.py", line 346, in parse
    loader.exec_module(new_module)
  File "<frozen importlib._bootstrap_external>", line 883, in exec_module
  File "<frozen importlib._bootstrap>", line 241, in _call_with_frames_removed
  File "/opt/airflow/dags/dag_traer_csv.py", line 2, in <module>
    from playwright.sync_api import sync_playwright, expect
ModuleNotFoundError: No module named 'playwright'
[2025-09-10T00:25:44.396+0000] {processor.py:842} WARNING - No viable dags retrieved from /opt/airflow/dags/dag_traer_csv.py
[2025-09-10T00:25:44.408+0000] {processor.py:183} INFO - Processing /opt/airflow/dags/dag_traer_csv.py took 0.018 seconds
[2025-09-10T00:26:14.529+0000] {processor.py:161} INFO - Started process (PID=583) to work on /opt/airflow/dags/dag_traer_csv.py
[2025-09-10T00:26:14.530+0000] {processor.py:830} INFO - Processing file /opt/airflow/dags/dag_traer_csv.py for tasks to queue
[2025-09-10T00:26:14.531+0000] {logging_mixin.py:188} INFO - [2025-09-10T00:26:14.531+0000] {dagbag.py:540} INFO - Filling up the DagBag from /opt/airflow/dags/dag_traer_csv.py
[2025-09-10T00:26:14.533+0000] {logging_mixin.py:188} INFO - [2025-09-10T00:26:14.533+0000] {dagbag.py:350} ERROR - Failed to import: /opt/airflow/dags/dag_traer_csv.py
Traceback (most recent call last):
  File "/home/airflow/.local/lib/python3.10/site-packages/airflow/models/dagbag.py", line 346, in parse
    loader.exec_module(new_module)
  File "<frozen importlib._bootstrap_external>", line 883, in exec_module
  File "<frozen importlib._bootstrap>", line 241, in _call_with_frames_removed
  File "/opt/airflow/dags/dag_traer_csv.py", line 2, in <module>
    from playwright.sync_api import sync_playwright, expect
ModuleNotFoundError: No module named 'playwright'
[2025-09-10T00:26:14.534+0000] {processor.py:842} WARNING - No viable dags retrieved from /opt/airflow/dags/dag_traer_csv.py
[2025-09-10T00:26:14.544+0000] {processor.py:183} INFO - Processing /opt/airflow/dags/dag_traer_csv.py took 0.017 seconds
[2025-09-10T00:26:44.659+0000] {processor.py:161} INFO - Started process (PID=591) to work on /opt/airflow/dags/dag_traer_csv.py
[2025-09-10T00:26:44.660+0000] {processor.py:830} INFO - Processing file /opt/airflow/dags/dag_traer_csv.py for tasks to queue
[2025-09-10T00:26:44.661+0000] {logging_mixin.py:188} INFO - [2025-09-10T00:26:44.661+0000] {dagbag.py:540} INFO - Filling up the DagBag from /opt/airflow/dags/dag_traer_csv.py
[2025-09-10T00:26:44.663+0000] {logging_mixin.py:188} INFO - [2025-09-10T00:26:44.662+0000] {dagbag.py:350} ERROR - Failed to import: /opt/airflow/dags/dag_traer_csv.py
Traceback (most recent call last):
  File "/home/airflow/.local/lib/python3.10/site-packages/airflow/models/dagbag.py", line 346, in parse
    loader.exec_module(new_module)
  File "<frozen importlib._bootstrap_external>", line 883, in exec_module
  File "<frozen importlib._bootstrap>", line 241, in _call_with_frames_removed
  File "/opt/airflow/dags/dag_traer_csv.py", line 2, in <module>
    from playwright.sync_api import sync_playwright, expect
ModuleNotFoundError: No module named 'playwright'
[2025-09-10T00:26:44.663+0000] {processor.py:842} WARNING - No viable dags retrieved from /opt/airflow/dags/dag_traer_csv.py
[2025-09-10T00:26:44.674+0000] {processor.py:183} INFO - Processing /opt/airflow/dags/dag_traer_csv.py took 0.017 seconds
[2025-09-10T00:27:14.796+0000] {processor.py:161} INFO - Started process (PID=599) to work on /opt/airflow/dags/dag_traer_csv.py
[2025-09-10T00:27:14.797+0000] {processor.py:830} INFO - Processing file /opt/airflow/dags/dag_traer_csv.py for tasks to queue
[2025-09-10T00:27:14.798+0000] {logging_mixin.py:188} INFO - [2025-09-10T00:27:14.798+0000] {dagbag.py:540} INFO - Filling up the DagBag from /opt/airflow/dags/dag_traer_csv.py
[2025-09-10T00:27:14.800+0000] {logging_mixin.py:188} INFO - [2025-09-10T00:27:14.800+0000] {dagbag.py:350} ERROR - Failed to import: /opt/airflow/dags/dag_traer_csv.py
Traceback (most recent call last):
  File "/home/airflow/.local/lib/python3.10/site-packages/airflow/models/dagbag.py", line 346, in parse
    loader.exec_module(new_module)
  File "<frozen importlib._bootstrap_external>", line 883, in exec_module
  File "<frozen importlib._bootstrap>", line 241, in _call_with_frames_removed
  File "/opt/airflow/dags/dag_traer_csv.py", line 2, in <module>
    from playwright.sync_api import sync_playwright, expect
ModuleNotFoundError: No module named 'playwright'
[2025-09-10T00:27:14.801+0000] {processor.py:842} WARNING - No viable dags retrieved from /opt/airflow/dags/dag_traer_csv.py
[2025-09-10T00:27:14.813+0000] {processor.py:183} INFO - Processing /opt/airflow/dags/dag_traer_csv.py took 0.019 seconds
[2025-09-10T00:27:44.938+0000] {processor.py:161} INFO - Started process (PID=607) to work on /opt/airflow/dags/dag_traer_csv.py
[2025-09-10T00:27:44.938+0000] {processor.py:830} INFO - Processing file /opt/airflow/dags/dag_traer_csv.py for tasks to queue
[2025-09-10T00:27:44.939+0000] {logging_mixin.py:188} INFO - [2025-09-10T00:27:44.939+0000] {dagbag.py:540} INFO - Filling up the DagBag from /opt/airflow/dags/dag_traer_csv.py
[2025-09-10T00:27:44.941+0000] {logging_mixin.py:188} INFO - [2025-09-10T00:27:44.941+0000] {dagbag.py:350} ERROR - Failed to import: /opt/airflow/dags/dag_traer_csv.py
Traceback (most recent call last):
  File "/home/airflow/.local/lib/python3.10/site-packages/airflow/models/dagbag.py", line 346, in parse
    loader.exec_module(new_module)
  File "<frozen importlib._bootstrap_external>", line 883, in exec_module
  File "<frozen importlib._bootstrap>", line 241, in _call_with_frames_removed
  File "/opt/airflow/dags/dag_traer_csv.py", line 2, in <module>
    from playwright.sync_api import sync_playwright, expect
ModuleNotFoundError: No module named 'playwright'
[2025-09-10T00:27:44.942+0000] {processor.py:842} WARNING - No viable dags retrieved from /opt/airflow/dags/dag_traer_csv.py
[2025-09-10T00:27:44.952+0000] {processor.py:183} INFO - Processing /opt/airflow/dags/dag_traer_csv.py took 0.016 seconds
[2025-09-10T00:28:15.065+0000] {processor.py:161} INFO - Started process (PID=615) to work on /opt/airflow/dags/dag_traer_csv.py
[2025-09-10T00:28:15.066+0000] {processor.py:830} INFO - Processing file /opt/airflow/dags/dag_traer_csv.py for tasks to queue
[2025-09-10T00:28:15.067+0000] {logging_mixin.py:188} INFO - [2025-09-10T00:28:15.067+0000] {dagbag.py:540} INFO - Filling up the DagBag from /opt/airflow/dags/dag_traer_csv.py
[2025-09-10T00:28:15.069+0000] {logging_mixin.py:188} INFO - [2025-09-10T00:28:15.069+0000] {dagbag.py:350} ERROR - Failed to import: /opt/airflow/dags/dag_traer_csv.py
Traceback (most recent call last):
  File "/home/airflow/.local/lib/python3.10/site-packages/airflow/models/dagbag.py", line 346, in parse
    loader.exec_module(new_module)
  File "<frozen importlib._bootstrap_external>", line 883, in exec_module
  File "<frozen importlib._bootstrap>", line 241, in _call_with_frames_removed
  File "/opt/airflow/dags/dag_traer_csv.py", line 2, in <module>
    from playwright.sync_api import sync_playwright, expect
ModuleNotFoundError: No module named 'playwright'
[2025-09-10T00:28:15.069+0000] {processor.py:842} WARNING - No viable dags retrieved from /opt/airflow/dags/dag_traer_csv.py
[2025-09-10T00:28:15.080+0000] {processor.py:183} INFO - Processing /opt/airflow/dags/dag_traer_csv.py took 0.018 seconds
