[2026-01-15T15:48:28.639+0000] {processor.py:161} INFO - Started process (PID=39) to work on /opt/airflow/dags/dag_traer_csv.py
[2026-01-15T15:48:28.664+0000] {processor.py:830} INFO - Processing file /opt/airflow/dags/dag_traer_csv.py for tasks to queue
[2026-01-15T15:48:28.666+0000] {logging_mixin.py:188} INFO - [2026-01-15T15:48:28.666+0000] {dagbag.py:540} INFO - Filling up the DagBag from /opt/airflow/dags/dag_traer_csv.py
[2026-01-15T15:48:28.668+0000] {logging_mixin.py:188} INFO - [2026-01-15T15:48:28.667+0000] {dagbag.py:350} ERROR - Failed to import: /opt/airflow/dags/dag_traer_csv.py
Traceback (most recent call last):
  File "/home/airflow/.local/lib/python3.10/site-packages/airflow/models/dagbag.py", line 346, in parse
    loader.exec_module(new_module)
  File "<frozen importlib._bootstrap_external>", line 883, in exec_module
  File "<frozen importlib._bootstrap>", line 241, in _call_with_frames_removed
  File "/opt/airflow/dags/dag_traer_csv.py", line 2, in <module>
    from playwright.sync_api import sync_playwright, expect
ModuleNotFoundError: No module named 'playwright'
[2026-01-15T15:48:28.669+0000] {processor.py:842} WARNING - No viable dags retrieved from /opt/airflow/dags/dag_traer_csv.py
[2026-01-15T15:48:28.679+0000] {processor.py:183} INFO - Processing /opt/airflow/dags/dag_traer_csv.py took 0.042 seconds
[2026-01-15T15:48:59.235+0000] {processor.py:161} INFO - Started process (PID=77) to work on /opt/airflow/dags/dag_traer_csv.py
[2026-01-15T15:48:59.236+0000] {processor.py:830} INFO - Processing file /opt/airflow/dags/dag_traer_csv.py for tasks to queue
[2026-01-15T15:48:59.237+0000] {logging_mixin.py:188} INFO - [2026-01-15T15:48:59.237+0000] {dagbag.py:540} INFO - Filling up the DagBag from /opt/airflow/dags/dag_traer_csv.py
[2026-01-15T15:48:59.239+0000] {logging_mixin.py:188} INFO - [2026-01-15T15:48:59.239+0000] {dagbag.py:350} ERROR - Failed to import: /opt/airflow/dags/dag_traer_csv.py
Traceback (most recent call last):
  File "/home/airflow/.local/lib/python3.10/site-packages/airflow/models/dagbag.py", line 346, in parse
    loader.exec_module(new_module)
  File "<frozen importlib._bootstrap_external>", line 883, in exec_module
  File "<frozen importlib._bootstrap>", line 241, in _call_with_frames_removed
  File "/opt/airflow/dags/dag_traer_csv.py", line 2, in <module>
    from playwright.sync_api import sync_playwright, expect
ModuleNotFoundError: No module named 'playwright'
[2026-01-15T15:48:59.239+0000] {processor.py:842} WARNING - No viable dags retrieved from /opt/airflow/dags/dag_traer_csv.py
[2026-01-15T15:48:59.251+0000] {processor.py:183} INFO - Processing /opt/airflow/dags/dag_traer_csv.py took 0.018 seconds
[2026-01-15T15:49:29.368+0000] {processor.py:161} INFO - Started process (PID=85) to work on /opt/airflow/dags/dag_traer_csv.py
[2026-01-15T15:49:29.369+0000] {processor.py:830} INFO - Processing file /opt/airflow/dags/dag_traer_csv.py for tasks to queue
[2026-01-15T15:49:29.370+0000] {logging_mixin.py:188} INFO - [2026-01-15T15:49:29.370+0000] {dagbag.py:540} INFO - Filling up the DagBag from /opt/airflow/dags/dag_traer_csv.py
[2026-01-15T15:49:29.372+0000] {logging_mixin.py:188} INFO - [2026-01-15T15:49:29.372+0000] {dagbag.py:350} ERROR - Failed to import: /opt/airflow/dags/dag_traer_csv.py
Traceback (most recent call last):
  File "/home/airflow/.local/lib/python3.10/site-packages/airflow/models/dagbag.py", line 346, in parse
    loader.exec_module(new_module)
  File "<frozen importlib._bootstrap_external>", line 883, in exec_module
  File "<frozen importlib._bootstrap>", line 241, in _call_with_frames_removed
  File "/opt/airflow/dags/dag_traer_csv.py", line 2, in <module>
    from playwright.sync_api import sync_playwright, expect
ModuleNotFoundError: No module named 'playwright'
[2026-01-15T15:49:29.372+0000] {processor.py:842} WARNING - No viable dags retrieved from /opt/airflow/dags/dag_traer_csv.py
[2026-01-15T15:49:29.383+0000] {processor.py:183} INFO - Processing /opt/airflow/dags/dag_traer_csv.py took 0.017 seconds
[2026-01-15T15:49:59.499+0000] {processor.py:161} INFO - Started process (PID=93) to work on /opt/airflow/dags/dag_traer_csv.py
[2026-01-15T15:49:59.500+0000] {processor.py:830} INFO - Processing file /opt/airflow/dags/dag_traer_csv.py for tasks to queue
[2026-01-15T15:49:59.501+0000] {logging_mixin.py:188} INFO - [2026-01-15T15:49:59.501+0000] {dagbag.py:540} INFO - Filling up the DagBag from /opt/airflow/dags/dag_traer_csv.py
[2026-01-15T15:49:59.503+0000] {logging_mixin.py:188} INFO - [2026-01-15T15:49:59.503+0000] {dagbag.py:350} ERROR - Failed to import: /opt/airflow/dags/dag_traer_csv.py
Traceback (most recent call last):
  File "/home/airflow/.local/lib/python3.10/site-packages/airflow/models/dagbag.py", line 346, in parse
    loader.exec_module(new_module)
  File "<frozen importlib._bootstrap_external>", line 883, in exec_module
  File "<frozen importlib._bootstrap>", line 241, in _call_with_frames_removed
  File "/opt/airflow/dags/dag_traer_csv.py", line 2, in <module>
    from playwright.sync_api import sync_playwright, expect
ModuleNotFoundError: No module named 'playwright'
[2026-01-15T15:49:59.504+0000] {processor.py:842} WARNING - No viable dags retrieved from /opt/airflow/dags/dag_traer_csv.py
[2026-01-15T15:49:59.515+0000] {processor.py:183} INFO - Processing /opt/airflow/dags/dag_traer_csv.py took 0.018 seconds
[2026-01-15T15:50:29.627+0000] {processor.py:161} INFO - Started process (PID=101) to work on /opt/airflow/dags/dag_traer_csv.py
[2026-01-15T15:50:29.628+0000] {processor.py:830} INFO - Processing file /opt/airflow/dags/dag_traer_csv.py for tasks to queue
[2026-01-15T15:50:29.629+0000] {logging_mixin.py:188} INFO - [2026-01-15T15:50:29.629+0000] {dagbag.py:540} INFO - Filling up the DagBag from /opt/airflow/dags/dag_traer_csv.py
[2026-01-15T15:50:29.631+0000] {logging_mixin.py:188} INFO - [2026-01-15T15:50:29.630+0000] {dagbag.py:350} ERROR - Failed to import: /opt/airflow/dags/dag_traer_csv.py
Traceback (most recent call last):
  File "/home/airflow/.local/lib/python3.10/site-packages/airflow/models/dagbag.py", line 346, in parse
    loader.exec_module(new_module)
  File "<frozen importlib._bootstrap_external>", line 883, in exec_module
  File "<frozen importlib._bootstrap>", line 241, in _call_with_frames_removed
  File "/opt/airflow/dags/dag_traer_csv.py", line 2, in <module>
    from playwright.sync_api import sync_playwright, expect
ModuleNotFoundError: No module named 'playwright'
[2026-01-15T15:50:29.631+0000] {processor.py:842} WARNING - No viable dags retrieved from /opt/airflow/dags/dag_traer_csv.py
[2026-01-15T15:50:29.641+0000] {processor.py:183} INFO - Processing /opt/airflow/dags/dag_traer_csv.py took 0.016 seconds
[2026-01-15T15:50:59.760+0000] {processor.py:161} INFO - Started process (PID=109) to work on /opt/airflow/dags/dag_traer_csv.py
[2026-01-15T15:50:59.761+0000] {processor.py:830} INFO - Processing file /opt/airflow/dags/dag_traer_csv.py for tasks to queue
[2026-01-15T15:50:59.762+0000] {logging_mixin.py:188} INFO - [2026-01-15T15:50:59.762+0000] {dagbag.py:540} INFO - Filling up the DagBag from /opt/airflow/dags/dag_traer_csv.py
[2026-01-15T15:50:59.764+0000] {logging_mixin.py:188} INFO - [2026-01-15T15:50:59.764+0000] {dagbag.py:350} ERROR - Failed to import: /opt/airflow/dags/dag_traer_csv.py
Traceback (most recent call last):
  File "/home/airflow/.local/lib/python3.10/site-packages/airflow/models/dagbag.py", line 346, in parse
    loader.exec_module(new_module)
  File "<frozen importlib._bootstrap_external>", line 883, in exec_module
  File "<frozen importlib._bootstrap>", line 241, in _call_with_frames_removed
  File "/opt/airflow/dags/dag_traer_csv.py", line 2, in <module>
    from playwright.sync_api import sync_playwright, expect
ModuleNotFoundError: No module named 'playwright'
[2026-01-15T15:50:59.765+0000] {processor.py:842} WARNING - No viable dags retrieved from /opt/airflow/dags/dag_traer_csv.py
[2026-01-15T15:50:59.776+0000] {processor.py:183} INFO - Processing /opt/airflow/dags/dag_traer_csv.py took 0.018 seconds
[2026-01-15T15:51:29.886+0000] {processor.py:161} INFO - Started process (PID=117) to work on /opt/airflow/dags/dag_traer_csv.py
[2026-01-15T15:51:29.886+0000] {processor.py:830} INFO - Processing file /opt/airflow/dags/dag_traer_csv.py for tasks to queue
[2026-01-15T15:51:29.888+0000] {logging_mixin.py:188} INFO - [2026-01-15T15:51:29.888+0000] {dagbag.py:540} INFO - Filling up the DagBag from /opt/airflow/dags/dag_traer_csv.py
[2026-01-15T15:51:29.890+0000] {logging_mixin.py:188} INFO - [2026-01-15T15:51:29.890+0000] {dagbag.py:350} ERROR - Failed to import: /opt/airflow/dags/dag_traer_csv.py
Traceback (most recent call last):
  File "/home/airflow/.local/lib/python3.10/site-packages/airflow/models/dagbag.py", line 346, in parse
    loader.exec_module(new_module)
  File "<frozen importlib._bootstrap_external>", line 883, in exec_module
  File "<frozen importlib._bootstrap>", line 241, in _call_with_frames_removed
  File "/opt/airflow/dags/dag_traer_csv.py", line 2, in <module>
    from playwright.sync_api import sync_playwright, expect
ModuleNotFoundError: No module named 'playwright'
[2026-01-15T15:51:29.890+0000] {processor.py:842} WARNING - No viable dags retrieved from /opt/airflow/dags/dag_traer_csv.py
[2026-01-15T15:51:29.903+0000] {processor.py:183} INFO - Processing /opt/airflow/dags/dag_traer_csv.py took 0.020 seconds
[2026-01-15T15:52:00.004+0000] {processor.py:161} INFO - Started process (PID=125) to work on /opt/airflow/dags/dag_traer_csv.py
[2026-01-15T15:52:00.005+0000] {processor.py:830} INFO - Processing file /opt/airflow/dags/dag_traer_csv.py for tasks to queue
[2026-01-15T15:52:00.006+0000] {logging_mixin.py:188} INFO - [2026-01-15T15:52:00.006+0000] {dagbag.py:540} INFO - Filling up the DagBag from /opt/airflow/dags/dag_traer_csv.py
[2026-01-15T15:52:00.008+0000] {logging_mixin.py:188} INFO - [2026-01-15T15:52:00.008+0000] {dagbag.py:350} ERROR - Failed to import: /opt/airflow/dags/dag_traer_csv.py
Traceback (most recent call last):
  File "/home/airflow/.local/lib/python3.10/site-packages/airflow/models/dagbag.py", line 346, in parse
    loader.exec_module(new_module)
  File "<frozen importlib._bootstrap_external>", line 883, in exec_module
  File "<frozen importlib._bootstrap>", line 241, in _call_with_frames_removed
  File "/opt/airflow/dags/dag_traer_csv.py", line 2, in <module>
    from playwright.sync_api import sync_playwright, expect
ModuleNotFoundError: No module named 'playwright'
[2026-01-15T15:52:00.009+0000] {processor.py:842} WARNING - No viable dags retrieved from /opt/airflow/dags/dag_traer_csv.py
[2026-01-15T15:52:00.020+0000] {processor.py:183} INFO - Processing /opt/airflow/dags/dag_traer_csv.py took 0.018 seconds
[2026-01-15T15:52:30.119+0000] {processor.py:161} INFO - Started process (PID=133) to work on /opt/airflow/dags/dag_traer_csv.py
[2026-01-15T15:52:30.119+0000] {processor.py:830} INFO - Processing file /opt/airflow/dags/dag_traer_csv.py for tasks to queue
[2026-01-15T15:52:30.120+0000] {logging_mixin.py:188} INFO - [2026-01-15T15:52:30.120+0000] {dagbag.py:540} INFO - Filling up the DagBag from /opt/airflow/dags/dag_traer_csv.py
[2026-01-15T15:52:30.123+0000] {logging_mixin.py:188} INFO - [2026-01-15T15:52:30.122+0000] {dagbag.py:350} ERROR - Failed to import: /opt/airflow/dags/dag_traer_csv.py
Traceback (most recent call last):
  File "/home/airflow/.local/lib/python3.10/site-packages/airflow/models/dagbag.py", line 346, in parse
    loader.exec_module(new_module)
  File "<frozen importlib._bootstrap_external>", line 883, in exec_module
  File "<frozen importlib._bootstrap>", line 241, in _call_with_frames_removed
  File "/opt/airflow/dags/dag_traer_csv.py", line 2, in <module>
    from playwright.sync_api import sync_playwright, expect
ModuleNotFoundError: No module named 'playwright'
[2026-01-15T15:52:30.123+0000] {processor.py:842} WARNING - No viable dags retrieved from /opt/airflow/dags/dag_traer_csv.py
[2026-01-15T15:52:30.134+0000] {processor.py:183} INFO - Processing /opt/airflow/dags/dag_traer_csv.py took 0.017 seconds
[2026-01-15T15:53:00.239+0000] {processor.py:161} INFO - Started process (PID=141) to work on /opt/airflow/dags/dag_traer_csv.py
[2026-01-15T15:53:00.240+0000] {processor.py:830} INFO - Processing file /opt/airflow/dags/dag_traer_csv.py for tasks to queue
[2026-01-15T15:53:00.241+0000] {logging_mixin.py:188} INFO - [2026-01-15T15:53:00.241+0000] {dagbag.py:540} INFO - Filling up the DagBag from /opt/airflow/dags/dag_traer_csv.py
[2026-01-15T15:53:00.244+0000] {logging_mixin.py:188} INFO - [2026-01-15T15:53:00.243+0000] {dagbag.py:350} ERROR - Failed to import: /opt/airflow/dags/dag_traer_csv.py
Traceback (most recent call last):
  File "/home/airflow/.local/lib/python3.10/site-packages/airflow/models/dagbag.py", line 346, in parse
    loader.exec_module(new_module)
  File "<frozen importlib._bootstrap_external>", line 883, in exec_module
  File "<frozen importlib._bootstrap>", line 241, in _call_with_frames_removed
  File "/opt/airflow/dags/dag_traer_csv.py", line 2, in <module>
    from playwright.sync_api import sync_playwright, expect
ModuleNotFoundError: No module named 'playwright'
[2026-01-15T15:53:00.244+0000] {processor.py:842} WARNING - No viable dags retrieved from /opt/airflow/dags/dag_traer_csv.py
[2026-01-15T15:53:00.255+0000] {processor.py:183} INFO - Processing /opt/airflow/dags/dag_traer_csv.py took 0.018 seconds
[2026-01-15T15:53:30.367+0000] {processor.py:161} INFO - Started process (PID=149) to work on /opt/airflow/dags/dag_traer_csv.py
[2026-01-15T15:53:30.368+0000] {processor.py:830} INFO - Processing file /opt/airflow/dags/dag_traer_csv.py for tasks to queue
[2026-01-15T15:53:30.369+0000] {logging_mixin.py:188} INFO - [2026-01-15T15:53:30.369+0000] {dagbag.py:540} INFO - Filling up the DagBag from /opt/airflow/dags/dag_traer_csv.py
[2026-01-15T15:53:30.371+0000] {logging_mixin.py:188} INFO - [2026-01-15T15:53:30.371+0000] {dagbag.py:350} ERROR - Failed to import: /opt/airflow/dags/dag_traer_csv.py
Traceback (most recent call last):
  File "/home/airflow/.local/lib/python3.10/site-packages/airflow/models/dagbag.py", line 346, in parse
    loader.exec_module(new_module)
  File "<frozen importlib._bootstrap_external>", line 883, in exec_module
  File "<frozen importlib._bootstrap>", line 241, in _call_with_frames_removed
  File "/opt/airflow/dags/dag_traer_csv.py", line 2, in <module>
    from playwright.sync_api import sync_playwright, expect
ModuleNotFoundError: No module named 'playwright'
[2026-01-15T15:53:30.371+0000] {processor.py:842} WARNING - No viable dags retrieved from /opt/airflow/dags/dag_traer_csv.py
[2026-01-15T15:53:30.383+0000] {processor.py:183} INFO - Processing /opt/airflow/dags/dag_traer_csv.py took 0.019 seconds
[2026-01-15T15:54:00.487+0000] {processor.py:161} INFO - Started process (PID=157) to work on /opt/airflow/dags/dag_traer_csv.py
[2026-01-15T15:54:00.501+0000] {processor.py:830} INFO - Processing file /opt/airflow/dags/dag_traer_csv.py for tasks to queue
[2026-01-15T15:54:00.502+0000] {logging_mixin.py:188} INFO - [2026-01-15T15:54:00.502+0000] {dagbag.py:540} INFO - Filling up the DagBag from /opt/airflow/dags/dag_traer_csv.py
[2026-01-15T15:54:00.504+0000] {logging_mixin.py:188} INFO - [2026-01-15T15:54:00.504+0000] {dagbag.py:350} ERROR - Failed to import: /opt/airflow/dags/dag_traer_csv.py
Traceback (most recent call last):
  File "/home/airflow/.local/lib/python3.10/site-packages/airflow/models/dagbag.py", line 346, in parse
    loader.exec_module(new_module)
  File "<frozen importlib._bootstrap_external>", line 883, in exec_module
  File "<frozen importlib._bootstrap>", line 241, in _call_with_frames_removed
  File "/opt/airflow/dags/dag_traer_csv.py", line 2, in <module>
    from playwright.sync_api import sync_playwright, expect
ModuleNotFoundError: No module named 'playwright'
[2026-01-15T15:54:00.505+0000] {processor.py:842} WARNING - No viable dags retrieved from /opt/airflow/dags/dag_traer_csv.py
[2026-01-15T15:54:00.545+0000] {processor.py:183} INFO - Processing /opt/airflow/dags/dag_traer_csv.py took 0.060 seconds
[2026-01-15T15:54:30.649+0000] {processor.py:161} INFO - Started process (PID=165) to work on /opt/airflow/dags/dag_traer_csv.py
[2026-01-15T15:54:30.650+0000] {processor.py:830} INFO - Processing file /opt/airflow/dags/dag_traer_csv.py for tasks to queue
[2026-01-15T15:54:30.651+0000] {logging_mixin.py:188} INFO - [2026-01-15T15:54:30.651+0000] {dagbag.py:540} INFO - Filling up the DagBag from /opt/airflow/dags/dag_traer_csv.py
[2026-01-15T15:54:30.654+0000] {logging_mixin.py:188} INFO - [2026-01-15T15:54:30.653+0000] {dagbag.py:350} ERROR - Failed to import: /opt/airflow/dags/dag_traer_csv.py
Traceback (most recent call last):
  File "/home/airflow/.local/lib/python3.10/site-packages/airflow/models/dagbag.py", line 346, in parse
    loader.exec_module(new_module)
  File "<frozen importlib._bootstrap_external>", line 883, in exec_module
  File "<frozen importlib._bootstrap>", line 241, in _call_with_frames_removed
  File "/opt/airflow/dags/dag_traer_csv.py", line 2, in <module>
    from playwright.sync_api import sync_playwright, expect
ModuleNotFoundError: No module named 'playwright'
[2026-01-15T15:54:30.654+0000] {processor.py:842} WARNING - No viable dags retrieved from /opt/airflow/dags/dag_traer_csv.py
[2026-01-15T15:54:30.665+0000] {processor.py:183} INFO - Processing /opt/airflow/dags/dag_traer_csv.py took 0.018 seconds
[2026-01-15T15:55:00.771+0000] {processor.py:161} INFO - Started process (PID=173) to work on /opt/airflow/dags/dag_traer_csv.py
[2026-01-15T15:55:00.772+0000] {processor.py:830} INFO - Processing file /opt/airflow/dags/dag_traer_csv.py for tasks to queue
[2026-01-15T15:55:00.773+0000] {logging_mixin.py:188} INFO - [2026-01-15T15:55:00.773+0000] {dagbag.py:540} INFO - Filling up the DagBag from /opt/airflow/dags/dag_traer_csv.py
[2026-01-15T15:55:00.775+0000] {logging_mixin.py:188} INFO - [2026-01-15T15:55:00.775+0000] {dagbag.py:350} ERROR - Failed to import: /opt/airflow/dags/dag_traer_csv.py
Traceback (most recent call last):
  File "/home/airflow/.local/lib/python3.10/site-packages/airflow/models/dagbag.py", line 346, in parse
    loader.exec_module(new_module)
  File "<frozen importlib._bootstrap_external>", line 883, in exec_module
  File "<frozen importlib._bootstrap>", line 241, in _call_with_frames_removed
  File "/opt/airflow/dags/dag_traer_csv.py", line 2, in <module>
    from playwright.sync_api import sync_playwright, expect
ModuleNotFoundError: No module named 'playwright'
[2026-01-15T15:55:00.776+0000] {processor.py:842} WARNING - No viable dags retrieved from /opt/airflow/dags/dag_traer_csv.py
[2026-01-15T15:55:00.788+0000] {processor.py:183} INFO - Processing /opt/airflow/dags/dag_traer_csv.py took 0.019 seconds
[2026-01-15T15:55:30.902+0000] {processor.py:161} INFO - Started process (PID=181) to work on /opt/airflow/dags/dag_traer_csv.py
[2026-01-15T15:55:30.903+0000] {processor.py:830} INFO - Processing file /opt/airflow/dags/dag_traer_csv.py for tasks to queue
[2026-01-15T15:55:30.904+0000] {logging_mixin.py:188} INFO - [2026-01-15T15:55:30.904+0000] {dagbag.py:540} INFO - Filling up the DagBag from /opt/airflow/dags/dag_traer_csv.py
[2026-01-15T15:55:30.906+0000] {logging_mixin.py:188} INFO - [2026-01-15T15:55:30.906+0000] {dagbag.py:350} ERROR - Failed to import: /opt/airflow/dags/dag_traer_csv.py
Traceback (most recent call last):
  File "/home/airflow/.local/lib/python3.10/site-packages/airflow/models/dagbag.py", line 346, in parse
    loader.exec_module(new_module)
  File "<frozen importlib._bootstrap_external>", line 883, in exec_module
  File "<frozen importlib._bootstrap>", line 241, in _call_with_frames_removed
  File "/opt/airflow/dags/dag_traer_csv.py", line 2, in <module>
    from playwright.sync_api import sync_playwright, expect
ModuleNotFoundError: No module named 'playwright'
[2026-01-15T15:55:30.906+0000] {processor.py:842} WARNING - No viable dags retrieved from /opt/airflow/dags/dag_traer_csv.py
[2026-01-15T15:55:30.932+0000] {processor.py:183} INFO - Processing /opt/airflow/dags/dag_traer_csv.py took 0.031 seconds
[2026-01-15T15:56:01.048+0000] {processor.py:161} INFO - Started process (PID=189) to work on /opt/airflow/dags/dag_traer_csv.py
[2026-01-15T15:56:01.048+0000] {processor.py:830} INFO - Processing file /opt/airflow/dags/dag_traer_csv.py for tasks to queue
[2026-01-15T15:56:01.050+0000] {logging_mixin.py:188} INFO - [2026-01-15T15:56:01.050+0000] {dagbag.py:540} INFO - Filling up the DagBag from /opt/airflow/dags/dag_traer_csv.py
[2026-01-15T15:56:01.052+0000] {logging_mixin.py:188} INFO - [2026-01-15T15:56:01.051+0000] {dagbag.py:350} ERROR - Failed to import: /opt/airflow/dags/dag_traer_csv.py
Traceback (most recent call last):
  File "/home/airflow/.local/lib/python3.10/site-packages/airflow/models/dagbag.py", line 346, in parse
    loader.exec_module(new_module)
  File "<frozen importlib._bootstrap_external>", line 883, in exec_module
  File "<frozen importlib._bootstrap>", line 241, in _call_with_frames_removed
  File "/opt/airflow/dags/dag_traer_csv.py", line 2, in <module>
    from playwright.sync_api import sync_playwright, expect
ModuleNotFoundError: No module named 'playwright'
[2026-01-15T15:56:01.052+0000] {processor.py:842} WARNING - No viable dags retrieved from /opt/airflow/dags/dag_traer_csv.py
[2026-01-15T15:56:01.063+0000] {processor.py:183} INFO - Processing /opt/airflow/dags/dag_traer_csv.py took 0.018 seconds
[2026-01-15T15:56:31.181+0000] {processor.py:161} INFO - Started process (PID=197) to work on /opt/airflow/dags/dag_traer_csv.py
[2026-01-15T15:56:31.181+0000] {processor.py:830} INFO - Processing file /opt/airflow/dags/dag_traer_csv.py for tasks to queue
[2026-01-15T15:56:31.182+0000] {logging_mixin.py:188} INFO - [2026-01-15T15:56:31.182+0000] {dagbag.py:540} INFO - Filling up the DagBag from /opt/airflow/dags/dag_traer_csv.py
[2026-01-15T15:56:31.184+0000] {logging_mixin.py:188} INFO - [2026-01-15T15:56:31.184+0000] {dagbag.py:350} ERROR - Failed to import: /opt/airflow/dags/dag_traer_csv.py
Traceback (most recent call last):
  File "/home/airflow/.local/lib/python3.10/site-packages/airflow/models/dagbag.py", line 346, in parse
    loader.exec_module(new_module)
  File "<frozen importlib._bootstrap_external>", line 883, in exec_module
  File "<frozen importlib._bootstrap>", line 241, in _call_with_frames_removed
  File "/opt/airflow/dags/dag_traer_csv.py", line 2, in <module>
    from playwright.sync_api import sync_playwright, expect
ModuleNotFoundError: No module named 'playwright'
[2026-01-15T15:56:31.185+0000] {processor.py:842} WARNING - No viable dags retrieved from /opt/airflow/dags/dag_traer_csv.py
[2026-01-15T15:56:31.196+0000] {processor.py:183} INFO - Processing /opt/airflow/dags/dag_traer_csv.py took 0.018 seconds
[2026-01-15T15:57:01.311+0000] {processor.py:161} INFO - Started process (PID=205) to work on /opt/airflow/dags/dag_traer_csv.py
[2026-01-15T15:57:01.312+0000] {processor.py:830} INFO - Processing file /opt/airflow/dags/dag_traer_csv.py for tasks to queue
[2026-01-15T15:57:01.313+0000] {logging_mixin.py:188} INFO - [2026-01-15T15:57:01.313+0000] {dagbag.py:540} INFO - Filling up the DagBag from /opt/airflow/dags/dag_traer_csv.py
[2026-01-15T15:57:01.315+0000] {logging_mixin.py:188} INFO - [2026-01-15T15:57:01.315+0000] {dagbag.py:350} ERROR - Failed to import: /opt/airflow/dags/dag_traer_csv.py
Traceback (most recent call last):
  File "/home/airflow/.local/lib/python3.10/site-packages/airflow/models/dagbag.py", line 346, in parse
    loader.exec_module(new_module)
  File "<frozen importlib._bootstrap_external>", line 883, in exec_module
  File "<frozen importlib._bootstrap>", line 241, in _call_with_frames_removed
  File "/opt/airflow/dags/dag_traer_csv.py", line 2, in <module>
    from playwright.sync_api import sync_playwright, expect
ModuleNotFoundError: No module named 'playwright'
[2026-01-15T15:57:01.316+0000] {processor.py:842} WARNING - No viable dags retrieved from /opt/airflow/dags/dag_traer_csv.py
[2026-01-15T15:57:01.327+0000] {processor.py:183} INFO - Processing /opt/airflow/dags/dag_traer_csv.py took 0.018 seconds
[2026-01-15T15:57:31.445+0000] {processor.py:161} INFO - Started process (PID=213) to work on /opt/airflow/dags/dag_traer_csv.py
[2026-01-15T15:57:31.446+0000] {processor.py:830} INFO - Processing file /opt/airflow/dags/dag_traer_csv.py for tasks to queue
[2026-01-15T15:57:31.447+0000] {logging_mixin.py:188} INFO - [2026-01-15T15:57:31.447+0000] {dagbag.py:540} INFO - Filling up the DagBag from /opt/airflow/dags/dag_traer_csv.py
[2026-01-15T15:57:31.449+0000] {logging_mixin.py:188} INFO - [2026-01-15T15:57:31.449+0000] {dagbag.py:350} ERROR - Failed to import: /opt/airflow/dags/dag_traer_csv.py
Traceback (most recent call last):
  File "/home/airflow/.local/lib/python3.10/site-packages/airflow/models/dagbag.py", line 346, in parse
    loader.exec_module(new_module)
  File "<frozen importlib._bootstrap_external>", line 883, in exec_module
  File "<frozen importlib._bootstrap>", line 241, in _call_with_frames_removed
  File "/opt/airflow/dags/dag_traer_csv.py", line 2, in <module>
    from playwright.sync_api import sync_playwright, expect
ModuleNotFoundError: No module named 'playwright'
[2026-01-15T15:57:31.450+0000] {processor.py:842} WARNING - No viable dags retrieved from /opt/airflow/dags/dag_traer_csv.py
[2026-01-15T15:57:31.461+0000] {processor.py:183} INFO - Processing /opt/airflow/dags/dag_traer_csv.py took 0.018 seconds
[2026-01-15T15:58:01.568+0000] {processor.py:161} INFO - Started process (PID=221) to work on /opt/airflow/dags/dag_traer_csv.py
[2026-01-15T15:58:01.569+0000] {processor.py:830} INFO - Processing file /opt/airflow/dags/dag_traer_csv.py for tasks to queue
[2026-01-15T15:58:01.570+0000] {logging_mixin.py:188} INFO - [2026-01-15T15:58:01.570+0000] {dagbag.py:540} INFO - Filling up the DagBag from /opt/airflow/dags/dag_traer_csv.py
[2026-01-15T15:58:01.572+0000] {logging_mixin.py:188} INFO - [2026-01-15T15:58:01.572+0000] {dagbag.py:350} ERROR - Failed to import: /opt/airflow/dags/dag_traer_csv.py
Traceback (most recent call last):
  File "/home/airflow/.local/lib/python3.10/site-packages/airflow/models/dagbag.py", line 346, in parse
    loader.exec_module(new_module)
  File "<frozen importlib._bootstrap_external>", line 883, in exec_module
  File "<frozen importlib._bootstrap>", line 241, in _call_with_frames_removed
  File "/opt/airflow/dags/dag_traer_csv.py", line 2, in <module>
    from playwright.sync_api import sync_playwright, expect
ModuleNotFoundError: No module named 'playwright'
[2026-01-15T15:58:01.572+0000] {processor.py:842} WARNING - No viable dags retrieved from /opt/airflow/dags/dag_traer_csv.py
[2026-01-15T15:58:01.584+0000] {processor.py:183} INFO - Processing /opt/airflow/dags/dag_traer_csv.py took 0.018 seconds
[2026-01-15T15:58:31.701+0000] {processor.py:161} INFO - Started process (PID=229) to work on /opt/airflow/dags/dag_traer_csv.py
[2026-01-15T15:58:31.702+0000] {processor.py:830} INFO - Processing file /opt/airflow/dags/dag_traer_csv.py for tasks to queue
[2026-01-15T15:58:31.703+0000] {logging_mixin.py:188} INFO - [2026-01-15T15:58:31.702+0000] {dagbag.py:540} INFO - Filling up the DagBag from /opt/airflow/dags/dag_traer_csv.py
[2026-01-15T15:58:31.705+0000] {logging_mixin.py:188} INFO - [2026-01-15T15:58:31.704+0000] {dagbag.py:350} ERROR - Failed to import: /opt/airflow/dags/dag_traer_csv.py
Traceback (most recent call last):
  File "/home/airflow/.local/lib/python3.10/site-packages/airflow/models/dagbag.py", line 346, in parse
    loader.exec_module(new_module)
  File "<frozen importlib._bootstrap_external>", line 883, in exec_module
  File "<frozen importlib._bootstrap>", line 241, in _call_with_frames_removed
  File "/opt/airflow/dags/dag_traer_csv.py", line 2, in <module>
    from playwright.sync_api import sync_playwright, expect
ModuleNotFoundError: No module named 'playwright'
[2026-01-15T15:58:31.705+0000] {processor.py:842} WARNING - No viable dags retrieved from /opt/airflow/dags/dag_traer_csv.py
[2026-01-15T15:58:31.717+0000] {processor.py:183} INFO - Processing /opt/airflow/dags/dag_traer_csv.py took 0.019 seconds
[2026-01-15T15:59:01.830+0000] {processor.py:161} INFO - Started process (PID=237) to work on /opt/airflow/dags/dag_traer_csv.py
[2026-01-15T15:59:01.831+0000] {processor.py:830} INFO - Processing file /opt/airflow/dags/dag_traer_csv.py for tasks to queue
[2026-01-15T15:59:01.832+0000] {logging_mixin.py:188} INFO - [2026-01-15T15:59:01.832+0000] {dagbag.py:540} INFO - Filling up the DagBag from /opt/airflow/dags/dag_traer_csv.py
[2026-01-15T15:59:01.834+0000] {logging_mixin.py:188} INFO - [2026-01-15T15:59:01.834+0000] {dagbag.py:350} ERROR - Failed to import: /opt/airflow/dags/dag_traer_csv.py
Traceback (most recent call last):
  File "/home/airflow/.local/lib/python3.10/site-packages/airflow/models/dagbag.py", line 346, in parse
    loader.exec_module(new_module)
  File "<frozen importlib._bootstrap_external>", line 883, in exec_module
  File "<frozen importlib._bootstrap>", line 241, in _call_with_frames_removed
  File "/opt/airflow/dags/dag_traer_csv.py", line 2, in <module>
    from playwright.sync_api import sync_playwright, expect
ModuleNotFoundError: No module named 'playwright'
[2026-01-15T15:59:01.834+0000] {processor.py:842} WARNING - No viable dags retrieved from /opt/airflow/dags/dag_traer_csv.py
[2026-01-15T15:59:01.846+0000] {processor.py:183} INFO - Processing /opt/airflow/dags/dag_traer_csv.py took 0.018 seconds
[2026-01-15T15:59:31.957+0000] {processor.py:161} INFO - Started process (PID=245) to work on /opt/airflow/dags/dag_traer_csv.py
[2026-01-15T15:59:31.958+0000] {processor.py:830} INFO - Processing file /opt/airflow/dags/dag_traer_csv.py for tasks to queue
[2026-01-15T15:59:31.959+0000] {logging_mixin.py:188} INFO - [2026-01-15T15:59:31.959+0000] {dagbag.py:540} INFO - Filling up the DagBag from /opt/airflow/dags/dag_traer_csv.py
[2026-01-15T15:59:31.961+0000] {logging_mixin.py:188} INFO - [2026-01-15T15:59:31.961+0000] {dagbag.py:350} ERROR - Failed to import: /opt/airflow/dags/dag_traer_csv.py
Traceback (most recent call last):
  File "/home/airflow/.local/lib/python3.10/site-packages/airflow/models/dagbag.py", line 346, in parse
    loader.exec_module(new_module)
  File "<frozen importlib._bootstrap_external>", line 883, in exec_module
  File "<frozen importlib._bootstrap>", line 241, in _call_with_frames_removed
  File "/opt/airflow/dags/dag_traer_csv.py", line 2, in <module>
    from playwright.sync_api import sync_playwright, expect
ModuleNotFoundError: No module named 'playwright'
[2026-01-15T15:59:31.961+0000] {processor.py:842} WARNING - No viable dags retrieved from /opt/airflow/dags/dag_traer_csv.py
[2026-01-15T15:59:31.973+0000] {processor.py:183} INFO - Processing /opt/airflow/dags/dag_traer_csv.py took 0.018 seconds
[2026-01-15T16:00:02.084+0000] {processor.py:161} INFO - Started process (PID=253) to work on /opt/airflow/dags/dag_traer_csv.py
[2026-01-15T16:00:02.085+0000] {processor.py:830} INFO - Processing file /opt/airflow/dags/dag_traer_csv.py for tasks to queue
[2026-01-15T16:00:02.086+0000] {logging_mixin.py:188} INFO - [2026-01-15T16:00:02.086+0000] {dagbag.py:540} INFO - Filling up the DagBag from /opt/airflow/dags/dag_traer_csv.py
[2026-01-15T16:00:02.089+0000] {logging_mixin.py:188} INFO - [2026-01-15T16:00:02.088+0000] {dagbag.py:350} ERROR - Failed to import: /opt/airflow/dags/dag_traer_csv.py
Traceback (most recent call last):
  File "/home/airflow/.local/lib/python3.10/site-packages/airflow/models/dagbag.py", line 346, in parse
    loader.exec_module(new_module)
  File "<frozen importlib._bootstrap_external>", line 883, in exec_module
  File "<frozen importlib._bootstrap>", line 241, in _call_with_frames_removed
  File "/opt/airflow/dags/dag_traer_csv.py", line 2, in <module>
    from playwright.sync_api import sync_playwright, expect
ModuleNotFoundError: No module named 'playwright'
[2026-01-15T16:00:02.089+0000] {processor.py:842} WARNING - No viable dags retrieved from /opt/airflow/dags/dag_traer_csv.py
[2026-01-15T16:00:02.100+0000] {processor.py:183} INFO - Processing /opt/airflow/dags/dag_traer_csv.py took 0.018 seconds
[2026-01-15T16:00:32.209+0000] {processor.py:161} INFO - Started process (PID=261) to work on /opt/airflow/dags/dag_traer_csv.py
[2026-01-15T16:00:32.209+0000] {processor.py:830} INFO - Processing file /opt/airflow/dags/dag_traer_csv.py for tasks to queue
[2026-01-15T16:00:32.210+0000] {logging_mixin.py:188} INFO - [2026-01-15T16:00:32.210+0000] {dagbag.py:540} INFO - Filling up the DagBag from /opt/airflow/dags/dag_traer_csv.py
[2026-01-15T16:00:32.212+0000] {logging_mixin.py:188} INFO - [2026-01-15T16:00:32.212+0000] {dagbag.py:350} ERROR - Failed to import: /opt/airflow/dags/dag_traer_csv.py
Traceback (most recent call last):
  File "/home/airflow/.local/lib/python3.10/site-packages/airflow/models/dagbag.py", line 346, in parse
    loader.exec_module(new_module)
  File "<frozen importlib._bootstrap_external>", line 883, in exec_module
  File "<frozen importlib._bootstrap>", line 241, in _call_with_frames_removed
  File "/opt/airflow/dags/dag_traer_csv.py", line 2, in <module>
    from playwright.sync_api import sync_playwright, expect
ModuleNotFoundError: No module named 'playwright'
[2026-01-15T16:00:32.213+0000] {processor.py:842} WARNING - No viable dags retrieved from /opt/airflow/dags/dag_traer_csv.py
[2026-01-15T16:00:32.224+0000] {processor.py:183} INFO - Processing /opt/airflow/dags/dag_traer_csv.py took 0.017 seconds
[2026-01-15T16:01:02.328+0000] {processor.py:161} INFO - Started process (PID=269) to work on /opt/airflow/dags/dag_traer_csv.py
[2026-01-15T16:01:02.329+0000] {processor.py:830} INFO - Processing file /opt/airflow/dags/dag_traer_csv.py for tasks to queue
[2026-01-15T16:01:02.330+0000] {logging_mixin.py:188} INFO - [2026-01-15T16:01:02.330+0000] {dagbag.py:540} INFO - Filling up the DagBag from /opt/airflow/dags/dag_traer_csv.py
[2026-01-15T16:01:02.332+0000] {logging_mixin.py:188} INFO - [2026-01-15T16:01:02.331+0000] {dagbag.py:350} ERROR - Failed to import: /opt/airflow/dags/dag_traer_csv.py
Traceback (most recent call last):
  File "/home/airflow/.local/lib/python3.10/site-packages/airflow/models/dagbag.py", line 346, in parse
    loader.exec_module(new_module)
  File "<frozen importlib._bootstrap_external>", line 883, in exec_module
  File "<frozen importlib._bootstrap>", line 241, in _call_with_frames_removed
  File "/opt/airflow/dags/dag_traer_csv.py", line 2, in <module>
    from playwright.sync_api import sync_playwright, expect
ModuleNotFoundError: No module named 'playwright'
[2026-01-15T16:01:02.332+0000] {processor.py:842} WARNING - No viable dags retrieved from /opt/airflow/dags/dag_traer_csv.py
[2026-01-15T16:01:02.343+0000] {processor.py:183} INFO - Processing /opt/airflow/dags/dag_traer_csv.py took 0.017 seconds
[2026-01-15T16:01:32.448+0000] {processor.py:161} INFO - Started process (PID=277) to work on /opt/airflow/dags/dag_traer_csv.py
[2026-01-15T16:01:32.449+0000] {processor.py:830} INFO - Processing file /opt/airflow/dags/dag_traer_csv.py for tasks to queue
[2026-01-15T16:01:32.450+0000] {logging_mixin.py:188} INFO - [2026-01-15T16:01:32.450+0000] {dagbag.py:540} INFO - Filling up the DagBag from /opt/airflow/dags/dag_traer_csv.py
[2026-01-15T16:01:32.453+0000] {logging_mixin.py:188} INFO - [2026-01-15T16:01:32.452+0000] {dagbag.py:350} ERROR - Failed to import: /opt/airflow/dags/dag_traer_csv.py
Traceback (most recent call last):
  File "/home/airflow/.local/lib/python3.10/site-packages/airflow/models/dagbag.py", line 346, in parse
    loader.exec_module(new_module)
  File "<frozen importlib._bootstrap_external>", line 883, in exec_module
  File "<frozen importlib._bootstrap>", line 241, in _call_with_frames_removed
  File "/opt/airflow/dags/dag_traer_csv.py", line 2, in <module>
    from playwright.sync_api import sync_playwright, expect
ModuleNotFoundError: No module named 'playwright'
[2026-01-15T16:01:32.453+0000] {processor.py:842} WARNING - No viable dags retrieved from /opt/airflow/dags/dag_traer_csv.py
[2026-01-15T16:01:32.463+0000] {processor.py:183} INFO - Processing /opt/airflow/dags/dag_traer_csv.py took 0.018 seconds
[2026-01-15T16:02:02.565+0000] {processor.py:161} INFO - Started process (PID=285) to work on /opt/airflow/dags/dag_traer_csv.py
[2026-01-15T16:02:02.565+0000] {processor.py:830} INFO - Processing file /opt/airflow/dags/dag_traer_csv.py for tasks to queue
[2026-01-15T16:02:02.567+0000] {logging_mixin.py:188} INFO - [2026-01-15T16:02:02.566+0000] {dagbag.py:540} INFO - Filling up the DagBag from /opt/airflow/dags/dag_traer_csv.py
[2026-01-15T16:02:02.570+0000] {logging_mixin.py:188} INFO - [2026-01-15T16:02:02.569+0000] {dagbag.py:350} ERROR - Failed to import: /opt/airflow/dags/dag_traer_csv.py
Traceback (most recent call last):
  File "/home/airflow/.local/lib/python3.10/site-packages/airflow/models/dagbag.py", line 346, in parse
    loader.exec_module(new_module)
  File "<frozen importlib._bootstrap_external>", line 883, in exec_module
  File "<frozen importlib._bootstrap>", line 241, in _call_with_frames_removed
  File "/opt/airflow/dags/dag_traer_csv.py", line 2, in <module>
    from playwright.sync_api import sync_playwright, expect
ModuleNotFoundError: No module named 'playwright'
[2026-01-15T16:02:02.570+0000] {processor.py:842} WARNING - No viable dags retrieved from /opt/airflow/dags/dag_traer_csv.py
[2026-01-15T16:02:02.586+0000] {processor.py:183} INFO - Processing /opt/airflow/dags/dag_traer_csv.py took 0.024 seconds
[2026-01-15T16:02:32.694+0000] {processor.py:161} INFO - Started process (PID=293) to work on /opt/airflow/dags/dag_traer_csv.py
[2026-01-15T16:02:32.695+0000] {processor.py:830} INFO - Processing file /opt/airflow/dags/dag_traer_csv.py for tasks to queue
[2026-01-15T16:02:32.696+0000] {logging_mixin.py:188} INFO - [2026-01-15T16:02:32.696+0000] {dagbag.py:540} INFO - Filling up the DagBag from /opt/airflow/dags/dag_traer_csv.py
[2026-01-15T16:02:32.698+0000] {logging_mixin.py:188} INFO - [2026-01-15T16:02:32.698+0000] {dagbag.py:350} ERROR - Failed to import: /opt/airflow/dags/dag_traer_csv.py
Traceback (most recent call last):
  File "/home/airflow/.local/lib/python3.10/site-packages/airflow/models/dagbag.py", line 346, in parse
    loader.exec_module(new_module)
  File "<frozen importlib._bootstrap_external>", line 883, in exec_module
  File "<frozen importlib._bootstrap>", line 241, in _call_with_frames_removed
  File "/opt/airflow/dags/dag_traer_csv.py", line 2, in <module>
    from playwright.sync_api import sync_playwright, expect
ModuleNotFoundError: No module named 'playwright'
[2026-01-15T16:02:32.698+0000] {processor.py:842} WARNING - No viable dags retrieved from /opt/airflow/dags/dag_traer_csv.py
[2026-01-15T16:02:32.710+0000] {processor.py:183} INFO - Processing /opt/airflow/dags/dag_traer_csv.py took 0.018 seconds
[2026-01-15T16:03:02.820+0000] {processor.py:161} INFO - Started process (PID=301) to work on /opt/airflow/dags/dag_traer_csv.py
[2026-01-15T16:03:02.821+0000] {processor.py:830} INFO - Processing file /opt/airflow/dags/dag_traer_csv.py for tasks to queue
[2026-01-15T16:03:02.822+0000] {logging_mixin.py:188} INFO - [2026-01-15T16:03:02.822+0000] {dagbag.py:540} INFO - Filling up the DagBag from /opt/airflow/dags/dag_traer_csv.py
[2026-01-15T16:03:02.824+0000] {logging_mixin.py:188} INFO - [2026-01-15T16:03:02.824+0000] {dagbag.py:350} ERROR - Failed to import: /opt/airflow/dags/dag_traer_csv.py
Traceback (most recent call last):
  File "/home/airflow/.local/lib/python3.10/site-packages/airflow/models/dagbag.py", line 346, in parse
    loader.exec_module(new_module)
  File "<frozen importlib._bootstrap_external>", line 883, in exec_module
  File "<frozen importlib._bootstrap>", line 241, in _call_with_frames_removed
  File "/opt/airflow/dags/dag_traer_csv.py", line 2, in <module>
    from playwright.sync_api import sync_playwright, expect
ModuleNotFoundError: No module named 'playwright'
[2026-01-15T16:03:02.824+0000] {processor.py:842} WARNING - No viable dags retrieved from /opt/airflow/dags/dag_traer_csv.py
[2026-01-15T16:03:02.836+0000] {processor.py:183} INFO - Processing /opt/airflow/dags/dag_traer_csv.py took 0.018 seconds
[2026-01-15T16:03:32.960+0000] {processor.py:161} INFO - Started process (PID=309) to work on /opt/airflow/dags/dag_traer_csv.py
[2026-01-15T16:03:32.961+0000] {processor.py:830} INFO - Processing file /opt/airflow/dags/dag_traer_csv.py for tasks to queue
[2026-01-15T16:03:32.962+0000] {logging_mixin.py:188} INFO - [2026-01-15T16:03:32.962+0000] {dagbag.py:540} INFO - Filling up the DagBag from /opt/airflow/dags/dag_traer_csv.py
[2026-01-15T16:03:32.964+0000] {logging_mixin.py:188} INFO - [2026-01-15T16:03:32.964+0000] {dagbag.py:350} ERROR - Failed to import: /opt/airflow/dags/dag_traer_csv.py
Traceback (most recent call last):
  File "/home/airflow/.local/lib/python3.10/site-packages/airflow/models/dagbag.py", line 346, in parse
    loader.exec_module(new_module)
  File "<frozen importlib._bootstrap_external>", line 883, in exec_module
  File "<frozen importlib._bootstrap>", line 241, in _call_with_frames_removed
  File "/opt/airflow/dags/dag_traer_csv.py", line 2, in <module>
    from playwright.sync_api import sync_playwright, expect
ModuleNotFoundError: No module named 'playwright'
[2026-01-15T16:03:32.965+0000] {processor.py:842} WARNING - No viable dags retrieved from /opt/airflow/dags/dag_traer_csv.py
[2026-01-15T16:03:32.976+0000] {processor.py:183} INFO - Processing /opt/airflow/dags/dag_traer_csv.py took 0.018 seconds
[2026-01-15T16:04:03.086+0000] {processor.py:161} INFO - Started process (PID=317) to work on /opt/airflow/dags/dag_traer_csv.py
[2026-01-15T16:04:03.087+0000] {processor.py:830} INFO - Processing file /opt/airflow/dags/dag_traer_csv.py for tasks to queue
[2026-01-15T16:04:03.088+0000] {logging_mixin.py:188} INFO - [2026-01-15T16:04:03.088+0000] {dagbag.py:540} INFO - Filling up the DagBag from /opt/airflow/dags/dag_traer_csv.py
[2026-01-15T16:04:03.091+0000] {logging_mixin.py:188} INFO - [2026-01-15T16:04:03.090+0000] {dagbag.py:350} ERROR - Failed to import: /opt/airflow/dags/dag_traer_csv.py
Traceback (most recent call last):
  File "/home/airflow/.local/lib/python3.10/site-packages/airflow/models/dagbag.py", line 346, in parse
    loader.exec_module(new_module)
  File "<frozen importlib._bootstrap_external>", line 883, in exec_module
  File "<frozen importlib._bootstrap>", line 241, in _call_with_frames_removed
  File "/opt/airflow/dags/dag_traer_csv.py", line 2, in <module>
    from playwright.sync_api import sync_playwright, expect
ModuleNotFoundError: No module named 'playwright'
[2026-01-15T16:04:03.091+0000] {processor.py:842} WARNING - No viable dags retrieved from /opt/airflow/dags/dag_traer_csv.py
[2026-01-15T16:04:03.102+0000] {processor.py:183} INFO - Processing /opt/airflow/dags/dag_traer_csv.py took 0.018 seconds
[2026-01-15T16:04:33.210+0000] {processor.py:161} INFO - Started process (PID=325) to work on /opt/airflow/dags/dag_traer_csv.py
[2026-01-15T16:04:33.211+0000] {processor.py:830} INFO - Processing file /opt/airflow/dags/dag_traer_csv.py for tasks to queue
[2026-01-15T16:04:33.212+0000] {logging_mixin.py:188} INFO - [2026-01-15T16:04:33.212+0000] {dagbag.py:540} INFO - Filling up the DagBag from /opt/airflow/dags/dag_traer_csv.py
[2026-01-15T16:04:33.215+0000] {logging_mixin.py:188} INFO - [2026-01-15T16:04:33.214+0000] {dagbag.py:350} ERROR - Failed to import: /opt/airflow/dags/dag_traer_csv.py
Traceback (most recent call last):
  File "/home/airflow/.local/lib/python3.10/site-packages/airflow/models/dagbag.py", line 346, in parse
    loader.exec_module(new_module)
  File "<frozen importlib._bootstrap_external>", line 883, in exec_module
  File "<frozen importlib._bootstrap>", line 241, in _call_with_frames_removed
  File "/opt/airflow/dags/dag_traer_csv.py", line 2, in <module>
    from playwright.sync_api import sync_playwright, expect
ModuleNotFoundError: No module named 'playwright'
[2026-01-15T16:04:33.215+0000] {processor.py:842} WARNING - No viable dags retrieved from /opt/airflow/dags/dag_traer_csv.py
[2026-01-15T16:04:33.227+0000] {processor.py:183} INFO - Processing /opt/airflow/dags/dag_traer_csv.py took 0.019 seconds
[2026-01-15T16:05:03.336+0000] {processor.py:161} INFO - Started process (PID=333) to work on /opt/airflow/dags/dag_traer_csv.py
[2026-01-15T16:05:03.336+0000] {processor.py:830} INFO - Processing file /opt/airflow/dags/dag_traer_csv.py for tasks to queue
[2026-01-15T16:05:03.337+0000] {logging_mixin.py:188} INFO - [2026-01-15T16:05:03.337+0000] {dagbag.py:540} INFO - Filling up the DagBag from /opt/airflow/dags/dag_traer_csv.py
[2026-01-15T16:05:03.340+0000] {logging_mixin.py:188} INFO - [2026-01-15T16:05:03.339+0000] {dagbag.py:350} ERROR - Failed to import: /opt/airflow/dags/dag_traer_csv.py
Traceback (most recent call last):
  File "/home/airflow/.local/lib/python3.10/site-packages/airflow/models/dagbag.py", line 346, in parse
    loader.exec_module(new_module)
  File "<frozen importlib._bootstrap_external>", line 883, in exec_module
  File "<frozen importlib._bootstrap>", line 241, in _call_with_frames_removed
  File "/opt/airflow/dags/dag_traer_csv.py", line 2, in <module>
    from playwright.sync_api import sync_playwright, expect
ModuleNotFoundError: No module named 'playwright'
[2026-01-15T16:05:03.340+0000] {processor.py:842} WARNING - No viable dags retrieved from /opt/airflow/dags/dag_traer_csv.py
[2026-01-15T16:05:03.351+0000] {processor.py:183} INFO - Processing /opt/airflow/dags/dag_traer_csv.py took 0.018 seconds
[2026-01-15T16:05:33.459+0000] {processor.py:161} INFO - Started process (PID=341) to work on /opt/airflow/dags/dag_traer_csv.py
[2026-01-15T16:05:33.460+0000] {processor.py:830} INFO - Processing file /opt/airflow/dags/dag_traer_csv.py for tasks to queue
[2026-01-15T16:05:33.461+0000] {logging_mixin.py:188} INFO - [2026-01-15T16:05:33.461+0000] {dagbag.py:540} INFO - Filling up the DagBag from /opt/airflow/dags/dag_traer_csv.py
[2026-01-15T16:05:33.463+0000] {logging_mixin.py:188} INFO - [2026-01-15T16:05:33.463+0000] {dagbag.py:350} ERROR - Failed to import: /opt/airflow/dags/dag_traer_csv.py
Traceback (most recent call last):
  File "/home/airflow/.local/lib/python3.10/site-packages/airflow/models/dagbag.py", line 346, in parse
    loader.exec_module(new_module)
  File "<frozen importlib._bootstrap_external>", line 883, in exec_module
  File "<frozen importlib._bootstrap>", line 241, in _call_with_frames_removed
  File "/opt/airflow/dags/dag_traer_csv.py", line 2, in <module>
    from playwright.sync_api import sync_playwright, expect
ModuleNotFoundError: No module named 'playwright'
[2026-01-15T16:05:33.464+0000] {processor.py:842} WARNING - No viable dags retrieved from /opt/airflow/dags/dag_traer_csv.py
[2026-01-15T16:05:33.475+0000] {processor.py:183} INFO - Processing /opt/airflow/dags/dag_traer_csv.py took 0.019 seconds
[2026-01-15T16:06:03.577+0000] {processor.py:161} INFO - Started process (PID=349) to work on /opt/airflow/dags/dag_traer_csv.py
[2026-01-15T16:06:03.578+0000] {processor.py:830} INFO - Processing file /opt/airflow/dags/dag_traer_csv.py for tasks to queue
[2026-01-15T16:06:03.579+0000] {logging_mixin.py:188} INFO - [2026-01-15T16:06:03.579+0000] {dagbag.py:540} INFO - Filling up the DagBag from /opt/airflow/dags/dag_traer_csv.py
[2026-01-15T16:06:03.581+0000] {logging_mixin.py:188} INFO - [2026-01-15T16:06:03.581+0000] {dagbag.py:350} ERROR - Failed to import: /opt/airflow/dags/dag_traer_csv.py
Traceback (most recent call last):
  File "/home/airflow/.local/lib/python3.10/site-packages/airflow/models/dagbag.py", line 346, in parse
    loader.exec_module(new_module)
  File "<frozen importlib._bootstrap_external>", line 883, in exec_module
  File "<frozen importlib._bootstrap>", line 241, in _call_with_frames_removed
  File "/opt/airflow/dags/dag_traer_csv.py", line 2, in <module>
    from playwright.sync_api import sync_playwright, expect
ModuleNotFoundError: No module named 'playwright'
[2026-01-15T16:06:03.581+0000] {processor.py:842} WARNING - No viable dags retrieved from /opt/airflow/dags/dag_traer_csv.py
[2026-01-15T16:06:03.593+0000] {processor.py:183} INFO - Processing /opt/airflow/dags/dag_traer_csv.py took 0.018 seconds
[2026-01-15T16:06:33.702+0000] {processor.py:161} INFO - Started process (PID=357) to work on /opt/airflow/dags/dag_traer_csv.py
[2026-01-15T16:06:33.703+0000] {processor.py:830} INFO - Processing file /opt/airflow/dags/dag_traer_csv.py for tasks to queue
[2026-01-15T16:06:33.704+0000] {logging_mixin.py:188} INFO - [2026-01-15T16:06:33.704+0000] {dagbag.py:540} INFO - Filling up the DagBag from /opt/airflow/dags/dag_traer_csv.py
[2026-01-15T16:06:33.706+0000] {logging_mixin.py:188} INFO - [2026-01-15T16:06:33.706+0000] {dagbag.py:350} ERROR - Failed to import: /opt/airflow/dags/dag_traer_csv.py
Traceback (most recent call last):
  File "/home/airflow/.local/lib/python3.10/site-packages/airflow/models/dagbag.py", line 346, in parse
    loader.exec_module(new_module)
  File "<frozen importlib._bootstrap_external>", line 883, in exec_module
  File "<frozen importlib._bootstrap>", line 241, in _call_with_frames_removed
  File "/opt/airflow/dags/dag_traer_csv.py", line 2, in <module>
    from playwright.sync_api import sync_playwright, expect
ModuleNotFoundError: No module named 'playwright'
[2026-01-15T16:06:33.707+0000] {processor.py:842} WARNING - No viable dags retrieved from /opt/airflow/dags/dag_traer_csv.py
[2026-01-15T16:06:33.718+0000] {processor.py:183} INFO - Processing /opt/airflow/dags/dag_traer_csv.py took 0.018 seconds
[2026-01-15T16:07:03.830+0000] {processor.py:161} INFO - Started process (PID=365) to work on /opt/airflow/dags/dag_traer_csv.py
[2026-01-15T16:07:03.831+0000] {processor.py:830} INFO - Processing file /opt/airflow/dags/dag_traer_csv.py for tasks to queue
[2026-01-15T16:07:03.832+0000] {logging_mixin.py:188} INFO - [2026-01-15T16:07:03.832+0000] {dagbag.py:540} INFO - Filling up the DagBag from /opt/airflow/dags/dag_traer_csv.py
[2026-01-15T16:07:03.834+0000] {logging_mixin.py:188} INFO - [2026-01-15T16:07:03.834+0000] {dagbag.py:350} ERROR - Failed to import: /opt/airflow/dags/dag_traer_csv.py
Traceback (most recent call last):
  File "/home/airflow/.local/lib/python3.10/site-packages/airflow/models/dagbag.py", line 346, in parse
    loader.exec_module(new_module)
  File "<frozen importlib._bootstrap_external>", line 883, in exec_module
  File "<frozen importlib._bootstrap>", line 241, in _call_with_frames_removed
  File "/opt/airflow/dags/dag_traer_csv.py", line 2, in <module>
    from playwright.sync_api import sync_playwright, expect
ModuleNotFoundError: No module named 'playwright'
[2026-01-15T16:07:03.834+0000] {processor.py:842} WARNING - No viable dags retrieved from /opt/airflow/dags/dag_traer_csv.py
[2026-01-15T16:07:03.847+0000] {processor.py:183} INFO - Processing /opt/airflow/dags/dag_traer_csv.py took 0.019 seconds
[2026-01-15T16:07:33.954+0000] {processor.py:161} INFO - Started process (PID=373) to work on /opt/airflow/dags/dag_traer_csv.py
[2026-01-15T16:07:33.955+0000] {processor.py:830} INFO - Processing file /opt/airflow/dags/dag_traer_csv.py for tasks to queue
[2026-01-15T16:07:33.957+0000] {logging_mixin.py:188} INFO - [2026-01-15T16:07:33.956+0000] {dagbag.py:540} INFO - Filling up the DagBag from /opt/airflow/dags/dag_traer_csv.py
[2026-01-15T16:07:33.959+0000] {logging_mixin.py:188} INFO - [2026-01-15T16:07:33.958+0000] {dagbag.py:350} ERROR - Failed to import: /opt/airflow/dags/dag_traer_csv.py
Traceback (most recent call last):
  File "/home/airflow/.local/lib/python3.10/site-packages/airflow/models/dagbag.py", line 346, in parse
    loader.exec_module(new_module)
  File "<frozen importlib._bootstrap_external>", line 883, in exec_module
  File "<frozen importlib._bootstrap>", line 241, in _call_with_frames_removed
  File "/opt/airflow/dags/dag_traer_csv.py", line 2, in <module>
    from playwright.sync_api import sync_playwright, expect
ModuleNotFoundError: No module named 'playwright'
[2026-01-15T16:07:33.959+0000] {processor.py:842} WARNING - No viable dags retrieved from /opt/airflow/dags/dag_traer_csv.py
[2026-01-15T16:07:33.972+0000] {processor.py:183} INFO - Processing /opt/airflow/dags/dag_traer_csv.py took 0.020 seconds
[2026-01-15T16:08:04.078+0000] {processor.py:161} INFO - Started process (PID=381) to work on /opt/airflow/dags/dag_traer_csv.py
[2026-01-15T16:08:04.079+0000] {processor.py:830} INFO - Processing file /opt/airflow/dags/dag_traer_csv.py for tasks to queue
[2026-01-15T16:08:04.080+0000] {logging_mixin.py:188} INFO - [2026-01-15T16:08:04.079+0000] {dagbag.py:540} INFO - Filling up the DagBag from /opt/airflow/dags/dag_traer_csv.py
[2026-01-15T16:08:04.082+0000] {logging_mixin.py:188} INFO - [2026-01-15T16:08:04.081+0000] {dagbag.py:350} ERROR - Failed to import: /opt/airflow/dags/dag_traer_csv.py
Traceback (most recent call last):
  File "/home/airflow/.local/lib/python3.10/site-packages/airflow/models/dagbag.py", line 346, in parse
    loader.exec_module(new_module)
  File "<frozen importlib._bootstrap_external>", line 883, in exec_module
  File "<frozen importlib._bootstrap>", line 241, in _call_with_frames_removed
  File "/opt/airflow/dags/dag_traer_csv.py", line 2, in <module>
    from playwright.sync_api import sync_playwright, expect
ModuleNotFoundError: No module named 'playwright'
[2026-01-15T16:08:04.082+0000] {processor.py:842} WARNING - No viable dags retrieved from /opt/airflow/dags/dag_traer_csv.py
[2026-01-15T16:08:04.093+0000] {processor.py:183} INFO - Processing /opt/airflow/dags/dag_traer_csv.py took 0.018 seconds
[2026-01-15T16:08:34.202+0000] {processor.py:161} INFO - Started process (PID=389) to work on /opt/airflow/dags/dag_traer_csv.py
[2026-01-15T16:08:34.203+0000] {processor.py:830} INFO - Processing file /opt/airflow/dags/dag_traer_csv.py for tasks to queue
[2026-01-15T16:08:34.204+0000] {logging_mixin.py:188} INFO - [2026-01-15T16:08:34.204+0000] {dagbag.py:540} INFO - Filling up the DagBag from /opt/airflow/dags/dag_traer_csv.py
[2026-01-15T16:08:34.206+0000] {logging_mixin.py:188} INFO - [2026-01-15T16:08:34.206+0000] {dagbag.py:350} ERROR - Failed to import: /opt/airflow/dags/dag_traer_csv.py
Traceback (most recent call last):
  File "/home/airflow/.local/lib/python3.10/site-packages/airflow/models/dagbag.py", line 346, in parse
    loader.exec_module(new_module)
  File "<frozen importlib._bootstrap_external>", line 883, in exec_module
  File "<frozen importlib._bootstrap>", line 241, in _call_with_frames_removed
  File "/opt/airflow/dags/dag_traer_csv.py", line 2, in <module>
    from playwright.sync_api import sync_playwright, expect
ModuleNotFoundError: No module named 'playwright'
[2026-01-15T16:08:34.207+0000] {processor.py:842} WARNING - No viable dags retrieved from /opt/airflow/dags/dag_traer_csv.py
[2026-01-15T16:08:34.219+0000] {processor.py:183} INFO - Processing /opt/airflow/dags/dag_traer_csv.py took 0.019 seconds
[2026-01-15T16:09:04.320+0000] {processor.py:161} INFO - Started process (PID=397) to work on /opt/airflow/dags/dag_traer_csv.py
[2026-01-15T16:09:04.320+0000] {processor.py:830} INFO - Processing file /opt/airflow/dags/dag_traer_csv.py for tasks to queue
[2026-01-15T16:09:04.321+0000] {logging_mixin.py:188} INFO - [2026-01-15T16:09:04.321+0000] {dagbag.py:540} INFO - Filling up the DagBag from /opt/airflow/dags/dag_traer_csv.py
[2026-01-15T16:09:04.324+0000] {logging_mixin.py:188} INFO - [2026-01-15T16:09:04.323+0000] {dagbag.py:350} ERROR - Failed to import: /opt/airflow/dags/dag_traer_csv.py
Traceback (most recent call last):
  File "/home/airflow/.local/lib/python3.10/site-packages/airflow/models/dagbag.py", line 346, in parse
    loader.exec_module(new_module)
  File "<frozen importlib._bootstrap_external>", line 883, in exec_module
  File "<frozen importlib._bootstrap>", line 241, in _call_with_frames_removed
  File "/opt/airflow/dags/dag_traer_csv.py", line 2, in <module>
    from playwright.sync_api import sync_playwright, expect
ModuleNotFoundError: No module named 'playwright'
[2026-01-15T16:09:04.324+0000] {processor.py:842} WARNING - No viable dags retrieved from /opt/airflow/dags/dag_traer_csv.py
[2026-01-15T16:09:04.336+0000] {processor.py:183} INFO - Processing /opt/airflow/dags/dag_traer_csv.py took 0.018 seconds
[2026-01-15T16:09:34.432+0000] {processor.py:161} INFO - Started process (PID=405) to work on /opt/airflow/dags/dag_traer_csv.py
[2026-01-15T16:09:34.433+0000] {processor.py:830} INFO - Processing file /opt/airflow/dags/dag_traer_csv.py for tasks to queue
[2026-01-15T16:09:34.434+0000] {logging_mixin.py:188} INFO - [2026-01-15T16:09:34.434+0000] {dagbag.py:540} INFO - Filling up the DagBag from /opt/airflow/dags/dag_traer_csv.py
[2026-01-15T16:09:34.437+0000] {logging_mixin.py:188} INFO - [2026-01-15T16:09:34.436+0000] {dagbag.py:350} ERROR - Failed to import: /opt/airflow/dags/dag_traer_csv.py
Traceback (most recent call last):
  File "/home/airflow/.local/lib/python3.10/site-packages/airflow/models/dagbag.py", line 346, in parse
    loader.exec_module(new_module)
  File "<frozen importlib._bootstrap_external>", line 883, in exec_module
  File "<frozen importlib._bootstrap>", line 241, in _call_with_frames_removed
  File "/opt/airflow/dags/dag_traer_csv.py", line 2, in <module>
    from playwright.sync_api import sync_playwright, expect
ModuleNotFoundError: No module named 'playwright'
[2026-01-15T16:09:34.437+0000] {processor.py:842} WARNING - No viable dags retrieved from /opt/airflow/dags/dag_traer_csv.py
[2026-01-15T16:09:34.449+0000] {processor.py:183} INFO - Processing /opt/airflow/dags/dag_traer_csv.py took 0.019 seconds
[2026-01-15T16:10:04.553+0000] {processor.py:161} INFO - Started process (PID=413) to work on /opt/airflow/dags/dag_traer_csv.py
[2026-01-15T16:10:04.554+0000] {processor.py:830} INFO - Processing file /opt/airflow/dags/dag_traer_csv.py for tasks to queue
[2026-01-15T16:10:04.555+0000] {logging_mixin.py:188} INFO - [2026-01-15T16:10:04.555+0000] {dagbag.py:540} INFO - Filling up the DagBag from /opt/airflow/dags/dag_traer_csv.py
[2026-01-15T16:10:04.557+0000] {logging_mixin.py:188} INFO - [2026-01-15T16:10:04.557+0000] {dagbag.py:350} ERROR - Failed to import: /opt/airflow/dags/dag_traer_csv.py
Traceback (most recent call last):
  File "/home/airflow/.local/lib/python3.10/site-packages/airflow/models/dagbag.py", line 346, in parse
    loader.exec_module(new_module)
  File "<frozen importlib._bootstrap_external>", line 883, in exec_module
  File "<frozen importlib._bootstrap>", line 241, in _call_with_frames_removed
  File "/opt/airflow/dags/dag_traer_csv.py", line 2, in <module>
    from playwright.sync_api import sync_playwright, expect
ModuleNotFoundError: No module named 'playwright'
[2026-01-15T16:10:04.557+0000] {processor.py:842} WARNING - No viable dags retrieved from /opt/airflow/dags/dag_traer_csv.py
[2026-01-15T16:10:04.569+0000] {processor.py:183} INFO - Processing /opt/airflow/dags/dag_traer_csv.py took 0.018 seconds
[2026-01-15T16:10:34.670+0000] {processor.py:161} INFO - Started process (PID=421) to work on /opt/airflow/dags/dag_traer_csv.py
[2026-01-15T16:10:34.671+0000] {processor.py:830} INFO - Processing file /opt/airflow/dags/dag_traer_csv.py for tasks to queue
[2026-01-15T16:10:34.672+0000] {logging_mixin.py:188} INFO - [2026-01-15T16:10:34.672+0000] {dagbag.py:540} INFO - Filling up the DagBag from /opt/airflow/dags/dag_traer_csv.py
[2026-01-15T16:10:34.674+0000] {logging_mixin.py:188} INFO - [2026-01-15T16:10:34.674+0000] {dagbag.py:350} ERROR - Failed to import: /opt/airflow/dags/dag_traer_csv.py
Traceback (most recent call last):
  File "/home/airflow/.local/lib/python3.10/site-packages/airflow/models/dagbag.py", line 346, in parse
    loader.exec_module(new_module)
  File "<frozen importlib._bootstrap_external>", line 883, in exec_module
  File "<frozen importlib._bootstrap>", line 241, in _call_with_frames_removed
  File "/opt/airflow/dags/dag_traer_csv.py", line 2, in <module>
    from playwright.sync_api import sync_playwright, expect
ModuleNotFoundError: No module named 'playwright'
[2026-01-15T16:10:34.675+0000] {processor.py:842} WARNING - No viable dags retrieved from /opt/airflow/dags/dag_traer_csv.py
[2026-01-15T16:10:34.686+0000] {processor.py:183} INFO - Processing /opt/airflow/dags/dag_traer_csv.py took 0.019 seconds
[2026-01-15T16:11:04.789+0000] {processor.py:161} INFO - Started process (PID=429) to work on /opt/airflow/dags/dag_traer_csv.py
[2026-01-15T16:11:04.790+0000] {processor.py:830} INFO - Processing file /opt/airflow/dags/dag_traer_csv.py for tasks to queue
[2026-01-15T16:11:04.791+0000] {logging_mixin.py:188} INFO - [2026-01-15T16:11:04.791+0000] {dagbag.py:540} INFO - Filling up the DagBag from /opt/airflow/dags/dag_traer_csv.py
[2026-01-15T16:11:04.793+0000] {logging_mixin.py:188} INFO - [2026-01-15T16:11:04.793+0000] {dagbag.py:350} ERROR - Failed to import: /opt/airflow/dags/dag_traer_csv.py
Traceback (most recent call last):
  File "/home/airflow/.local/lib/python3.10/site-packages/airflow/models/dagbag.py", line 346, in parse
    loader.exec_module(new_module)
  File "<frozen importlib._bootstrap_external>", line 883, in exec_module
  File "<frozen importlib._bootstrap>", line 241, in _call_with_frames_removed
  File "/opt/airflow/dags/dag_traer_csv.py", line 2, in <module>
    from playwright.sync_api import sync_playwright, expect
ModuleNotFoundError: No module named 'playwright'
[2026-01-15T16:11:04.793+0000] {processor.py:842} WARNING - No viable dags retrieved from /opt/airflow/dags/dag_traer_csv.py
[2026-01-15T16:11:04.805+0000] {processor.py:183} INFO - Processing /opt/airflow/dags/dag_traer_csv.py took 0.018 seconds
[2026-01-15T16:11:34.914+0000] {processor.py:161} INFO - Started process (PID=437) to work on /opt/airflow/dags/dag_traer_csv.py
[2026-01-15T16:11:34.915+0000] {processor.py:830} INFO - Processing file /opt/airflow/dags/dag_traer_csv.py for tasks to queue
[2026-01-15T16:11:34.916+0000] {logging_mixin.py:188} INFO - [2026-01-15T16:11:34.916+0000] {dagbag.py:540} INFO - Filling up the DagBag from /opt/airflow/dags/dag_traer_csv.py
[2026-01-15T16:11:34.919+0000] {logging_mixin.py:188} INFO - [2026-01-15T16:11:34.918+0000] {dagbag.py:350} ERROR - Failed to import: /opt/airflow/dags/dag_traer_csv.py
Traceback (most recent call last):
  File "/home/airflow/.local/lib/python3.10/site-packages/airflow/models/dagbag.py", line 346, in parse
    loader.exec_module(new_module)
  File "<frozen importlib._bootstrap_external>", line 883, in exec_module
  File "<frozen importlib._bootstrap>", line 241, in _call_with_frames_removed
  File "/opt/airflow/dags/dag_traer_csv.py", line 2, in <module>
    from playwright.sync_api import sync_playwright, expect
ModuleNotFoundError: No module named 'playwright'
[2026-01-15T16:11:34.919+0000] {processor.py:842} WARNING - No viable dags retrieved from /opt/airflow/dags/dag_traer_csv.py
[2026-01-15T16:11:34.931+0000] {processor.py:183} INFO - Processing /opt/airflow/dags/dag_traer_csv.py took 0.019 seconds
[2026-01-15T16:12:05.036+0000] {processor.py:161} INFO - Started process (PID=445) to work on /opt/airflow/dags/dag_traer_csv.py
[2026-01-15T16:12:05.036+0000] {processor.py:830} INFO - Processing file /opt/airflow/dags/dag_traer_csv.py for tasks to queue
[2026-01-15T16:12:05.038+0000] {logging_mixin.py:188} INFO - [2026-01-15T16:12:05.037+0000] {dagbag.py:540} INFO - Filling up the DagBag from /opt/airflow/dags/dag_traer_csv.py
[2026-01-15T16:12:05.040+0000] {logging_mixin.py:188} INFO - [2026-01-15T16:12:05.039+0000] {dagbag.py:350} ERROR - Failed to import: /opt/airflow/dags/dag_traer_csv.py
Traceback (most recent call last):
  File "/home/airflow/.local/lib/python3.10/site-packages/airflow/models/dagbag.py", line 346, in parse
    loader.exec_module(new_module)
  File "<frozen importlib._bootstrap_external>", line 883, in exec_module
  File "<frozen importlib._bootstrap>", line 241, in _call_with_frames_removed
  File "/opt/airflow/dags/dag_traer_csv.py", line 2, in <module>
    from playwright.sync_api import sync_playwright, expect
ModuleNotFoundError: No module named 'playwright'
[2026-01-15T16:12:05.040+0000] {processor.py:842} WARNING - No viable dags retrieved from /opt/airflow/dags/dag_traer_csv.py
[2026-01-15T16:12:05.052+0000] {processor.py:183} INFO - Processing /opt/airflow/dags/dag_traer_csv.py took 0.019 seconds
[2026-01-15T16:12:35.151+0000] {processor.py:161} INFO - Started process (PID=453) to work on /opt/airflow/dags/dag_traer_csv.py
[2026-01-15T16:12:35.152+0000] {processor.py:830} INFO - Processing file /opt/airflow/dags/dag_traer_csv.py for tasks to queue
[2026-01-15T16:12:35.153+0000] {logging_mixin.py:188} INFO - [2026-01-15T16:12:35.153+0000] {dagbag.py:540} INFO - Filling up the DagBag from /opt/airflow/dags/dag_traer_csv.py
[2026-01-15T16:12:35.155+0000] {logging_mixin.py:188} INFO - [2026-01-15T16:12:35.155+0000] {dagbag.py:350} ERROR - Failed to import: /opt/airflow/dags/dag_traer_csv.py
Traceback (most recent call last):
  File "/home/airflow/.local/lib/python3.10/site-packages/airflow/models/dagbag.py", line 346, in parse
    loader.exec_module(new_module)
  File "<frozen importlib._bootstrap_external>", line 883, in exec_module
  File "<frozen importlib._bootstrap>", line 241, in _call_with_frames_removed
  File "/opt/airflow/dags/dag_traer_csv.py", line 2, in <module>
    from playwright.sync_api import sync_playwright, expect
ModuleNotFoundError: No module named 'playwright'
[2026-01-15T16:12:35.156+0000] {processor.py:842} WARNING - No viable dags retrieved from /opt/airflow/dags/dag_traer_csv.py
[2026-01-15T16:12:35.167+0000] {processor.py:183} INFO - Processing /opt/airflow/dags/dag_traer_csv.py took 0.019 seconds
[2026-01-15T16:13:05.269+0000] {processor.py:161} INFO - Started process (PID=461) to work on /opt/airflow/dags/dag_traer_csv.py
[2026-01-15T16:13:05.269+0000] {processor.py:830} INFO - Processing file /opt/airflow/dags/dag_traer_csv.py for tasks to queue
[2026-01-15T16:13:05.271+0000] {logging_mixin.py:188} INFO - [2026-01-15T16:13:05.270+0000] {dagbag.py:540} INFO - Filling up the DagBag from /opt/airflow/dags/dag_traer_csv.py
[2026-01-15T16:13:05.273+0000] {logging_mixin.py:188} INFO - [2026-01-15T16:13:05.273+0000] {dagbag.py:350} ERROR - Failed to import: /opt/airflow/dags/dag_traer_csv.py
Traceback (most recent call last):
  File "/home/airflow/.local/lib/python3.10/site-packages/airflow/models/dagbag.py", line 346, in parse
    loader.exec_module(new_module)
  File "<frozen importlib._bootstrap_external>", line 883, in exec_module
  File "<frozen importlib._bootstrap>", line 241, in _call_with_frames_removed
  File "/opt/airflow/dags/dag_traer_csv.py", line 2, in <module>
    from playwright.sync_api import sync_playwright, expect
ModuleNotFoundError: No module named 'playwright'
[2026-01-15T16:13:05.273+0000] {processor.py:842} WARNING - No viable dags retrieved from /opt/airflow/dags/dag_traer_csv.py
[2026-01-15T16:13:05.285+0000] {processor.py:183} INFO - Processing /opt/airflow/dags/dag_traer_csv.py took 0.018 seconds
[2026-01-15T16:13:35.397+0000] {processor.py:161} INFO - Started process (PID=469) to work on /opt/airflow/dags/dag_traer_csv.py
[2026-01-15T16:13:35.398+0000] {processor.py:830} INFO - Processing file /opt/airflow/dags/dag_traer_csv.py for tasks to queue
[2026-01-15T16:13:35.399+0000] {logging_mixin.py:188} INFO - [2026-01-15T16:13:35.399+0000] {dagbag.py:540} INFO - Filling up the DagBag from /opt/airflow/dags/dag_traer_csv.py
[2026-01-15T16:13:35.402+0000] {logging_mixin.py:188} INFO - [2026-01-15T16:13:35.401+0000] {dagbag.py:350} ERROR - Failed to import: /opt/airflow/dags/dag_traer_csv.py
Traceback (most recent call last):
  File "/home/airflow/.local/lib/python3.10/site-packages/airflow/models/dagbag.py", line 346, in parse
    loader.exec_module(new_module)
  File "<frozen importlib._bootstrap_external>", line 883, in exec_module
  File "<frozen importlib._bootstrap>", line 241, in _call_with_frames_removed
  File "/opt/airflow/dags/dag_traer_csv.py", line 2, in <module>
    from playwright.sync_api import sync_playwright, expect
ModuleNotFoundError: No module named 'playwright'
[2026-01-15T16:13:35.402+0000] {processor.py:842} WARNING - No viable dags retrieved from /opt/airflow/dags/dag_traer_csv.py
[2026-01-15T16:13:35.413+0000] {processor.py:183} INFO - Processing /opt/airflow/dags/dag_traer_csv.py took 0.018 seconds
